[16:22:39,052][INFO][main][IgniteKernal] 

>>>    __________  ________________  
>>>   /  _/ ___/ |/ /  _/_  __/ __/  
>>>  _/ // (7 7    // /  / / / _/    
>>> /___/\___/_/|_/___/ /_/ /___/   
>>> 
>>> ver. 1.7.0#20160801-sha1:383273e3
>>> 2016 Copyright(C) Apache Software Foundation
>>> 
>>> Ignite documentation: http://ignite.apache.org

[16:22:39,055][INFO][main][IgniteKernal] Config URL: file:/afs/inf.ed.ac.uk/user/s16/s1626297/Desktop/ds/apache-ignite-fabric-1.7.0-bin/examples/config/example-ignite-no-discovery.xml
[16:22:39,055][INFO][main][IgniteKernal] Daemon mode: off
[16:22:39,055][INFO][main][IgniteKernal] OS: Linux 3.10.0-327.36.3.el7.x86_64 amd64
[16:22:39,055][INFO][main][IgniteKernal] OS user: s1626297
[16:22:39,055][INFO][main][IgniteKernal] Language runtime: Java Platform API Specification ver. 1.8
[16:22:39,055][INFO][main][IgniteKernal] VM information: Java(TM) SE Runtime Environment 1.8.0_91-b14 Oracle Corporation Java HotSpot(TM) 64-Bit Server VM 25.91-b14
[16:22:39,057][INFO][main][IgniteKernal] VM total memory: 0.96GB
[16:22:39,057][INFO][main][IgniteKernal] Remote Management [restart: on, REST: on, JMX (remote: on, port: 49140, auth: off, ssl: off)]
[16:22:39,057][INFO][main][IgniteKernal] IGNITE_HOME=/afs/inf.ed.ac.uk/user/s16/s1626297/Desktop/ds/apache-ignite-fabric-1.7.0-bin
[16:22:39,057][INFO][main][IgniteKernal] VM arguments: [-Xms1g, -Xmx1g, -XX:+AggressiveOpts, -XX:MaxMetaspaceSize=256m, -DIGNITE_QUIET=true, -DIGNITE_SUCCESS_FILE=/afs/inf.ed.ac.uk/user/s16/s1626297/Desktop/ds/apache-ignite-fabric-1.7.0-bin/work/ignite_success_cdbbdb05-29a6-4500-bd92-ae775bfa1ab8, -Dcom.sun.management.jmxremote, -Dcom.sun.management.jmxremote.port=49140, -Dcom.sun.management.jmxremote.authenticate=false, -Dcom.sun.management.jmxremote.ssl=false, -DIGNITE_HOME=/afs/inf.ed.ac.uk/user/s16/s1626297/Desktop/ds/apache-ignite-fabric-1.7.0-bin, -DIGNITE_PROG_NAME=/afs/inf.ed.ac.uk/user/s16/s1626297/Desktop/ds/apache-ignite-fabric-1.7.0-bin/bin/ignite.sh]
[16:22:39,058][INFO][main][IgniteKernal] Configured caches ['ignite-marshaller-sys-cache', 'ignite-sys-cache', 'ignite-atomics-sys-cache']
[16:22:39,058][WARNING][main][IgniteKernal] Peer class loading is enabled (disable it in production for performance and deployment consistency reasons)
[16:22:39,064][INFO][main][IgniteKernal] 3-rd party licenses can be found at: /afs/inf.ed.ac.uk/user/s16/s1626297/Desktop/ds/apache-ignite-fabric-1.7.0-bin/libs/licenses
[16:22:39,125][INFO][main][IgniteKernal] Non-loopback local IPs: 129.215.2.16, fe80:0:0:0:4a0f:cfff:fe5c:a96f%em1
[16:22:39,125][INFO][main][IgniteKernal] Enabled local MACs: 480FCF5CA96F
[16:22:39,145][INFO][main][IgnitePluginProcessor] Configured plugins:
[16:22:39,145][INFO][main][IgnitePluginProcessor]   ^-- None
[16:22:39,145][INFO][main][IgnitePluginProcessor] 
[16:22:39,303][INFO][main][TcpCommunicationSpi] IPC shared memory server endpoint started [port=48100, tokDir=/afs/inf.ed.ac.uk/user/s16/s1626297/Desktop/ds/apache-ignite-fabric-1.7.0-bin/work/ipc/shmem/d497ec44-44ca-43ab-beba-f1f82ef99a00-25194]
[16:22:39,303][INFO][main][TcpCommunicationSpi] Successfully bound shared memory communication to TCP port [port=48100, locHost=0.0.0.0/0.0.0.0]
[16:22:39,331][INFO][main][TcpCommunicationSpi] Successfully bound to TCP port [port=47100, locHost=0.0.0.0/0.0.0.0]
[16:22:39,386][WARNING][main][NoopCheckpointSpi] Checkpoints are disabled (to enable configure any GridCheckpointSpi implementation)
[16:22:39,416][WARNING][main][GridCollisionManager] Collision resolution is disabled (all jobs will be activated upon arrival).
[16:22:39,421][WARNING][main][NoopSwapSpaceSpi] Swap space is disabled. To enable use FileSwapSpaceSpi.
[16:22:39,423][INFO][main][IgniteKernal] Security status [authentication=off, tls/ssl=off]
[16:22:39,735][WARNING][main][IgniteH2Indexing] Serialization of Java objects in H2 was enabled.
[16:22:39,824][INFO][main][GridTcpRestProtocol] Command protocol successfully started [name=TCP binary, host=0.0.0.0/0.0.0.0, port=11211]
[16:22:39,947][INFO][main][TcpDiscoverySpi] Successfully bound to TCP port [port=47500, localHost=0.0.0.0/0.0.0.0]
[16:22:40,338][INFO][main][GridCacheProcessor] Started cache [name=ignite-sys-cache, mode=REPLICATED]
[16:22:40,351][INFO][main][GridCacheProcessor] Started cache [name=ignite-atomics-sys-cache, mode=PARTITIONED]
[16:22:40,372][INFO][main][GridCacheProcessor] Started cache [name=ignite-marshaller-sys-cache, mode=REPLICATED]
[16:22:40,430][INFO][exchange-worker-#55%null%][GridCachePartitionExchangeManager] Skipping rebalancing (nothing scheduled) [top=AffinityTopologyVersion [topVer=1, minorTopVer=0], evt=NODE_JOINED, node=d497ec44-44ca-43ab-beba-f1f82ef99a00]
[16:22:40,478][INFO][main][IgniteKernal] Performance suggestions for grid  (fix if possible)
[16:22:40,478][INFO][main][IgniteKernal] To disable, set -DIGNITE_PERFORMANCE_SUGGESTIONS_DISABLED=true
[16:22:40,478][INFO][main][IgniteKernal]   ^-- Disable peer class loading (set 'peerClassLoadingEnabled' to false)
[16:22:40,478][INFO][main][IgniteKernal]   ^-- Disable grid events (remove 'includeEventTypes' from configuration)
[16:22:40,479][INFO][main][IgniteKernal] 
[16:22:40,479][INFO][main][IgniteKernal] To start Console Management & Monitoring run ignitevisorcmd.{sh|bat}
[16:22:40,479][INFO][main][IgniteKernal] 
[16:22:40,480][INFO][main][IgniteKernal] 

>>> +----------------------------------------------------------------------+
>>> Ignite ver. 1.7.0#20160801-sha1:383273e3f66f702de2482466dce954d570a8ccf2
>>> +----------------------------------------------------------------------+
>>> OS name: Linux 3.10.0-327.36.3.el7.x86_64 amd64
>>> CPU(s): 4
>>> Heap: 1.0GB
>>> VM name: 25194@lloyd.inf.ed.ac.uk
>>> Local node [ID=D497EC44-44CA-43AB-BEBA-F1F82EF99A00, order=1, clientMode=false]
>>> Local node addresses: [lloyd.inf.ed.ac.uk/0:0:0:0:0:0:0:1%lo, /127.0.0.1, /129.215.2.16]
>>> Local ports: TCP:11211 TCP:47100 TCP:47500 TCP:48100 

[16:22:40,481][INFO][main][GridDiscoveryManager] Topology snapshot [ver=1, servers=1, clients=0, CPUs=4, heap=1.0GB]
[16:22:50,033][INFO][ignite-update-notifier-timer][GridUpdateNotifier] Your version is up to date.
[16:23:40,486][INFO][grid-timeout-worker-#37%null%][IgniteKernal] 
Metrics for local node (to disable set 'metricsLogFrequency' to 0)
    ^-- Node [id=d497ec44, name=null, uptime=00:01:00:013]
    ^-- H/N/C [hosts=1, nodes=1, CPUs=4]
    ^-- CPU [cur=0.67%, avg=0.85%, GC=0%]
    ^-- Heap [used=85MB, free=91.26%, comm=981MB]
    ^-- Non heap [used=36MB, free=97.57%, comm=38MB]
    ^-- Public thread pool [active=0, idle=16, qSize=0]
    ^-- System thread pool [active=0, idle=16, qSize=0]
    ^-- Outbound messages queue [size=0]
[16:24:16,523][INFO][Thread-2][G] Invoking shutdown hook...
