[00:15:07,134][INFO][main][IgniteKernal] 

>>>    __________  ________________  
>>>   /  _/ ___/ |/ /  _/_  __/ __/  
>>>  _/ // (7 7    // /  / / / _/    
>>> /___/\___/_/|_/___/ /_/ /___/   
>>> 
>>> ver. 1.7.0#20160801-sha1:383273e3
>>> 2016 Copyright(C) Apache Software Foundation
>>> 
>>> Ignite documentation: http://ignite.apache.org

[00:15:07,136][INFO][main][IgniteKernal] Config URL: file:/afs/inf.ed.ac.uk/user/s16/s1626297/Desktop/ds/apache-ignite-fabric-1.7.0-bin/examples/config/example-ignite-no-discovery.xml
[00:15:07,136][INFO][main][IgniteKernal] Daemon mode: off
[00:15:07,136][INFO][main][IgniteKernal] OS: Linux 3.10.0-327.36.3.el7.x86_64 amd64
[00:15:07,136][INFO][main][IgniteKernal] OS user: s1626297
[00:15:07,137][INFO][main][IgniteKernal] Language runtime: Java Platform API Specification ver. 1.8
[00:15:07,137][INFO][main][IgniteKernal] VM information: Java(TM) SE Runtime Environment 1.8.0_91-b14 Oracle Corporation Java HotSpot(TM) 64-Bit Server VM 25.91-b14
[00:15:07,138][INFO][main][IgniteKernal] VM total memory: 1.7GB
[00:15:07,138][INFO][main][IgniteKernal] Remote Management [restart: off, REST: on, JMX (remote: off)]
[00:15:07,138][INFO][main][IgniteKernal] IGNITE_HOME=/afs/inf.ed.ac.uk/user/s16/s1626297/Desktop/ds/apache-ignite-fabric-1.7.0-bin
[00:15:07,139][INFO][main][IgniteKernal] VM arguments: [-DIGNITE_HOME=/afs/inf.ed.ac.uk/user/s16/s1626297/Desktop/ds/apache-ignite-fabric-1.7.0-bin, -Didea.launcher.port=7534, -Didea.launcher.bin.path=/opt/idea-ce/bin, -Dfile.encoding=UTF-8]
[00:15:07,139][INFO][main][IgniteKernal] Configured caches ['ignite-marshaller-sys-cache', 'ignite-sys-cache', 'ignite-atomics-sys-cache']
[00:15:07,139][WARNING][main][IgniteKernal] Peer class loading is enabled (disable it in production for performance and deployment consistency reasons)
[00:15:07,154][INFO][main][IgniteKernal] 3-rd party licenses can be found at: /afs/inf.ed.ac.uk/user/s16/s1626297/Desktop/ds/apache-ignite-fabric-1.7.0-bin/libs/licenses
[00:15:07,159][WARNING][pub-#26%null%][GridDiagnostic] Initial heap size is 124MB (should be no less than 512MB, use -Xms512m -Xmx512m).
[00:15:07,198][INFO][main][IgniteKernal] Non-loopback local IPs: 129.215.3.32, fe80:0:0:0:a2d3:c1ff:fe0f:8a89%em1
[00:15:07,198][INFO][main][IgniteKernal] Enabled local MACs: A0D3C10F8A89
[00:15:07,212][INFO][main][IgnitePluginProcessor] Configured plugins:
[00:15:07,212][INFO][main][IgnitePluginProcessor]   ^-- None
[00:15:07,212][INFO][main][IgnitePluginProcessor] 
[00:15:07,311][INFO][main][TcpCommunicationSpi] IPC shared memory server endpoint started [port=48100, tokDir=/afs/inf.ed.ac.uk/user/s16/s1626297/Desktop/ds/apache-ignite-fabric-1.7.0-bin/work/ipc/shmem/d9a5fa24-0f45-42a9-8809-0a1a689a981e-24986]
[00:15:07,311][INFO][main][TcpCommunicationSpi] Successfully bound shared memory communication to TCP port [port=48100, locHost=0.0.0.0/0.0.0.0]
[00:15:07,326][INFO][main][TcpCommunicationSpi] Successfully bound to TCP port [port=47100, locHost=0.0.0.0/0.0.0.0]
[00:15:07,382][WARNING][main][NoopCheckpointSpi] Checkpoints are disabled (to enable configure any GridCheckpointSpi implementation)
[00:15:07,406][WARNING][main][GridCollisionManager] Collision resolution is disabled (all jobs will be activated upon arrival).
[00:15:07,409][WARNING][main][NoopSwapSpaceSpi] Swap space is disabled. To enable use FileSwapSpaceSpi.
[00:15:07,410][INFO][main][IgniteKernal] Security status [authentication=off, tls/ssl=off]
[00:15:07,642][WARNING][main][IgniteH2Indexing] Serialization of Java objects in H2 was enabled.
[00:15:07,694][INFO][main][GridTcpRestProtocol] Command protocol successfully started [name=TCP binary, host=0.0.0.0/0.0.0.0, port=11211]
[00:15:08,077][INFO][main][GridCacheProcessor] Started cache [name=ignite-sys-cache, mode=REPLICATED]
[00:15:08,087][INFO][main][GridCacheProcessor] Started cache [name=ignite-atomics-sys-cache, mode=PARTITIONED]
[00:15:08,101][INFO][main][GridCacheProcessor] Started cache [name=ignite-marshaller-sys-cache, mode=REPLICATED]
[00:15:08,281][INFO][main][IgniteKernal] Performance suggestions for grid  (fix if possible)
[00:15:08,281][INFO][main][IgniteKernal] To disable, set -DIGNITE_PERFORMANCE_SUGGESTIONS_DISABLED=true
[00:15:08,282][INFO][main][IgniteKernal]   ^-- Disable peer class loading (set 'peerClassLoadingEnabled' to false)
[00:15:08,282][INFO][main][IgniteKernal]   ^-- Disable grid events (remove 'includeEventTypes' from configuration)
[00:15:08,282][INFO][main][IgniteKernal] 
[00:15:08,282][INFO][main][IgniteKernal] To start Console Management & Monitoring run ignitevisorcmd.{sh|bat}
[00:15:08,282][INFO][main][IgniteKernal] 
[00:15:08,283][INFO][main][IgniteKernal] 

>>> +----------------------------------------------------------------------+
>>> Ignite ver. 1.7.0#20160801-sha1:383273e3f66f702de2482466dce954d570a8ccf2
>>> +----------------------------------------------------------------------+
>>> OS name: Linux 3.10.0-327.36.3.el7.x86_64 amd64
>>> CPU(s): 4
>>> Heap: 1.7GB
>>> VM name: 24986@lodi.inf.ed.ac.uk
>>> Local node [ID=D9A5FA24-0F45-42A9-8809-0A1A689A981E, order=20, clientMode=true]
>>> Local node addresses: [lodi.inf.ed.ac.uk/0:0:0:0:0:0:0:1%lo, /127.0.0.1, /129.215.3.32]
>>> Local ports: TCP:11211 TCP:47100 TCP:48100 

[00:15:08,284][INFO][main][GridDiscoveryManager] Topology snapshot [ver=20, servers=1, clients=1, CPUs=4, heap=2.7GB]
[00:15:08,342][INFO][exchange-worker-#45%null%][GridCacheProcessor] Started cache [name=words, mode=PARTITIONED]
[00:15:08,538][INFO][main][GridDeploymentLocalStore] Class locally deployed: class wordcount.StreamWords$1
[00:15:17,877][INFO][ignite-update-notifier-timer][GridUpdateNotifier] Your version is up to date.
[00:15:18,321][INFO][disco-event-worker-#42%null%][GridDiscoveryManager] Added new node to topology: TcpDiscoveryNode [id=c64bd688-1e96-42cd-a059-d02430379485, addrs=[0:0:0:0:0:0:0:1%lo, 127.0.0.1, 129.215.3.32], sockAddrs=[/0:0:0:0:0:0:0:1%lo:0, /127.0.0.1:0, lodi.inf.ed.ac.uk/129.215.3.32:0], discPort=0, order=21, intOrder=12, lastExchangeTime=1478823318312, loc=false, ver=1.7.0#20160801-sha1:383273e3, isClient=true]
[00:15:18,322][INFO][disco-event-worker-#42%null%][GridDiscoveryManager] Topology snapshot [ver=21, servers=1, clients=2, CPUs=4, heap=4.4GB]
[00:16:08,285][INFO][grid-timeout-worker-#27%null%][IgniteKernal] 
Metrics for local node (to disable set 'metricsLogFrequency' to 0)
    ^-- Node [id=d9a5fa24, name=null, uptime=00:01:00:004]
    ^-- H/N/C [hosts=1, nodes=3, CPUs=4]
    ^-- CPU [cur=7.27%, avg=7.83%, GC=0.1%]
    ^-- Heap [used=489MB, free=72.12%, comm=709MB]
    ^-- Non heap [used=41MB, free=-1%, comm=43MB]
    ^-- Public thread pool [active=0, idle=16, qSize=0]
    ^-- System thread pool [active=0, idle=16, qSize=0]
    ^-- Outbound messages queue [size=0]
[00:16:24,527][INFO][disco-event-worker-#42%null%][GridDiscoveryManager] Node left topology: TcpDiscoveryNode [id=c64bd688-1e96-42cd-a059-d02430379485, addrs=[0:0:0:0:0:0:0:1%lo, 127.0.0.1, 129.215.3.32], sockAddrs=[/0:0:0:0:0:0:0:1%lo:0, /127.0.0.1:0, lodi.inf.ed.ac.uk/129.215.3.32:0], discPort=0, order=21, intOrder=12, lastExchangeTime=1478823318312, loc=false, ver=1.7.0#20160801-sha1:383273e3, isClient=true]
[00:16:24,527][INFO][disco-event-worker-#42%null%][GridDiscoveryManager] Topology snapshot [ver=22, servers=1, clients=1, CPUs=4, heap=2.7GB]
[00:16:34,940][INFO][disco-event-worker-#42%null%][GridDiscoveryManager] Added new node to topology: TcpDiscoveryNode [id=0372c4bf-91dd-4eaf-8e04-d09ef2c4a00a, addrs=[0:0:0:0:0:0:0:1%lo, 127.0.0.1, 129.215.3.32], sockAddrs=[/0:0:0:0:0:0:0:1%lo:0, /127.0.0.1:0, lodi.inf.ed.ac.uk/129.215.3.32:0], discPort=0, order=23, intOrder=13, lastExchangeTime=1478823394922, loc=false, ver=1.7.0#20160801-sha1:383273e3, isClient=true]
[00:16:34,941][INFO][disco-event-worker-#42%null%][GridDiscoveryManager] Topology snapshot [ver=23, servers=1, clients=2, CPUs=4, heap=4.4GB]
[00:17:08,292][INFO][grid-timeout-worker-#27%null%][IgniteKernal] 
Metrics for local node (to disable set 'metricsLogFrequency' to 0)
    ^-- Node [id=d9a5fa24, name=null, uptime=00:02:00:014]
    ^-- H/N/C [hosts=1, nodes=3, CPUs=4]
    ^-- CPU [cur=7%, avg=7.57%, GC=0.17%]
    ^-- Heap [used=130MB, free=92.54%, comm=550MB]
    ^-- Non heap [used=41MB, free=-1%, comm=44MB]
    ^-- Public thread pool [active=0, idle=16, qSize=0]
    ^-- System thread pool [active=0, idle=16, qSize=0]
    ^-- Outbound messages queue [size=0]
[00:18:08,302][INFO][grid-timeout-worker-#27%null%][IgniteKernal] 
Metrics for local node (to disable set 'metricsLogFrequency' to 0)
    ^-- Node [id=d9a5fa24, name=null, uptime=00:03:00:015]
    ^-- H/N/C [hosts=1, nodes=3, CPUs=4]
    ^-- CPU [cur=7.67%, avg=7.53%, GC=0.3%]
    ^-- Heap [used=262MB, free=85.05%, comm=525MB]
    ^-- Non heap [used=41MB, free=-1%, comm=44MB]
    ^-- Public thread pool [active=0, idle=16, qSize=0]
    ^-- System thread pool [active=0, idle=16, qSize=0]
    ^-- Outbound messages queue [size=0]
[00:19:08,299][INFO][grid-timeout-worker-#27%null%][IgniteKernal] 
Metrics for local node (to disable set 'metricsLogFrequency' to 0)
    ^-- Node [id=d9a5fa24, name=null, uptime=00:04:00:021]
    ^-- H/N/C [hosts=1, nodes=3, CPUs=4]
    ^-- CPU [cur=8.33%, avg=7.59%, GC=0.13%]
    ^-- Heap [used=306MB, free=82.54%, comm=644MB]
    ^-- Non heap [used=41MB, free=-1%, comm=44MB]
    ^-- Public thread pool [active=0, idle=16, qSize=0]
    ^-- System thread pool [active=0, idle=16, qSize=0]
    ^-- Outbound messages queue [size=0]
[00:20:08,309][INFO][grid-timeout-worker-#27%null%][IgniteKernal] 
Metrics for local node (to disable set 'metricsLogFrequency' to 0)
    ^-- Node [id=d9a5fa24, name=null, uptime=00:05:00:023]
    ^-- H/N/C [hosts=1, nodes=3, CPUs=4]
    ^-- CPU [cur=7.23%, avg=7.58%, GC=0.1%]
    ^-- Heap [used=495MB, free=71.79%, comm=596MB]
    ^-- Non heap [used=42MB, free=-1%, comm=44MB]
    ^-- Public thread pool [active=0, idle=16, qSize=0]
    ^-- System thread pool [active=0, idle=16, qSize=0]
    ^-- Outbound messages queue [size=0]
[00:21:08,308][INFO][grid-timeout-worker-#27%null%][IgniteKernal] 
Metrics for local node (to disable set 'metricsLogFrequency' to 0)
    ^-- Node [id=d9a5fa24, name=null, uptime=00:06:00:027]
    ^-- H/N/C [hosts=1, nodes=3, CPUs=4]
    ^-- CPU [cur=7.17%, avg=7.55%, GC=0.13%]
    ^-- Heap [used=316MB, free=81.99%, comm=692MB]
    ^-- Non heap [used=42MB, free=-1%, comm=44MB]
    ^-- Public thread pool [active=0, idle=16, qSize=0]
    ^-- System thread pool [active=0, idle=16, qSize=0]
    ^-- Outbound messages queue [size=0]
[00:22:08,312][INFO][grid-timeout-worker-#27%null%][IgniteKernal] 
Metrics for local node (to disable set 'metricsLogFrequency' to 0)
    ^-- Node [id=d9a5fa24, name=null, uptime=00:07:00:032]
    ^-- H/N/C [hosts=1, nodes=3, CPUs=4]
    ^-- CPU [cur=7.5%, avg=7.49%, GC=0.1%]
    ^-- Heap [used=116MB, free=93.35%, comm=579MB]
    ^-- Non heap [used=42MB, free=-1%, comm=44MB]
    ^-- Public thread pool [active=0, idle=16, qSize=0]
    ^-- System thread pool [active=0, idle=16, qSize=0]
    ^-- Outbound messages queue [size=0]
[00:23:08,318][INFO][grid-timeout-worker-#27%null%][IgniteKernal] 
Metrics for local node (to disable set 'metricsLogFrequency' to 0)
    ^-- Node [id=d9a5fa24, name=null, uptime=00:08:00:039]
    ^-- H/N/C [hosts=1, nodes=3, CPUs=4]
    ^-- CPU [cur=7.07%, avg=7.52%, GC=0.23%]
    ^-- Heap [used=438MB, free=75.06%, comm=679MB]
    ^-- Non heap [used=42MB, free=-1%, comm=44MB]
    ^-- Public thread pool [active=0, idle=16, qSize=0]
    ^-- System thread pool [active=0, idle=16, qSize=0]
    ^-- Outbound messages queue [size=0]
[00:23:59,534][INFO][disco-event-worker-#42%null%][GridDiscoveryManager] Node left topology: TcpDiscoveryNode [id=0372c4bf-91dd-4eaf-8e04-d09ef2c4a00a, addrs=[0:0:0:0:0:0:0:1%lo, 127.0.0.1, 129.215.3.32], sockAddrs=[/0:0:0:0:0:0:0:1%lo:0, /127.0.0.1:0, lodi.inf.ed.ac.uk/129.215.3.32:0], discPort=0, order=23, intOrder=13, lastExchangeTime=1478823394922, loc=false, ver=1.7.0#20160801-sha1:383273e3, isClient=true]
[00:23:59,534][INFO][disco-event-worker-#42%null%][GridDiscoveryManager] Topology snapshot [ver=24, servers=1, clients=1, CPUs=4, heap=2.7GB]
[00:24:08,320][INFO][grid-timeout-worker-#27%null%][IgniteKernal] 
Metrics for local node (to disable set 'metricsLogFrequency' to 0)
    ^-- Node [id=d9a5fa24, name=null, uptime=00:09:00:041]
    ^-- H/N/C [hosts=1, nodes=2, CPUs=4]
    ^-- CPU [cur=4.27%, avg=7.51%, GC=0.07%]
    ^-- Heap [used=240MB, free=86.3%, comm=652MB]
    ^-- Non heap [used=43MB, free=-1%, comm=44MB]
    ^-- Public thread pool [active=0, idle=16, qSize=0]
    ^-- System thread pool [active=0, idle=16, qSize=0]
    ^-- Outbound messages queue [size=0]
[00:24:10,356][INFO][disco-event-worker-#42%null%][GridDiscoveryManager] Added new node to topology: TcpDiscoveryNode [id=ac4780bd-e333-4b4b-8fde-32b8372a8bf2, addrs=[0:0:0:0:0:0:0:1%lo, 127.0.0.1, 129.215.3.32], sockAddrs=[/0:0:0:0:0:0:0:1%lo:0, /127.0.0.1:0, lodi.inf.ed.ac.uk/129.215.3.32:0], discPort=0, order=25, intOrder=14, lastExchangeTime=1478823850319, loc=false, ver=1.7.0#20160801-sha1:383273e3, isClient=true]
[00:24:10,357][INFO][disco-event-worker-#42%null%][GridDiscoveryManager] Topology snapshot [ver=25, servers=1, clients=2, CPUs=4, heap=4.4GB]
[00:25:08,319][INFO][grid-timeout-worker-#27%null%][IgniteKernal] 
Metrics for local node (to disable set 'metricsLogFrequency' to 0)
    ^-- Node [id=d9a5fa24, name=null, uptime=00:10:00:041]
    ^-- H/N/C [hosts=1, nodes=3, CPUs=4]
    ^-- CPU [cur=6.93%, avg=7.46%, GC=0.07%]
    ^-- Heap [used=430MB, free=75.52%, comm=755MB]
    ^-- Non heap [used=43MB, free=-1%, comm=44MB]
    ^-- Public thread pool [active=0, idle=16, qSize=0]
    ^-- System thread pool [active=0, idle=16, qSize=0]
    ^-- Outbound messages queue [size=0]
[00:25:09,127][INFO][disco-event-worker-#42%null%][GridDiscoveryManager] Node left topology: TcpDiscoveryNode [id=ac4780bd-e333-4b4b-8fde-32b8372a8bf2, addrs=[0:0:0:0:0:0:0:1%lo, 127.0.0.1, 129.215.3.32], sockAddrs=[/0:0:0:0:0:0:0:1%lo:0, /127.0.0.1:0, lodi.inf.ed.ac.uk/129.215.3.32:0], discPort=0, order=25, intOrder=14, lastExchangeTime=1478823850319, loc=false, ver=1.7.0#20160801-sha1:383273e3, isClient=true]
[00:25:09,127][INFO][disco-event-worker-#42%null%][GridDiscoveryManager] Topology snapshot [ver=26, servers=1, clients=1, CPUs=4, heap=2.7GB]
