[23:53:39,334][INFO][main][IgniteKernal] 

>>>    __________  ________________  
>>>   /  _/ ___/ |/ /  _/_  __/ __/  
>>>  _/ // (7 7    // /  / / / _/    
>>> /___/\___/_/|_/___/ /_/ /___/   
>>> 
>>> ver. 1.7.0#20160801-sha1:383273e3
>>> 2016 Copyright(C) Apache Software Foundation
>>> 
>>> Ignite documentation: http://ignite.apache.org

[23:53:39,336][INFO][main][IgniteKernal] Config URL: file:/afs/inf.ed.ac.uk/user/s16/s1626297/Desktop/ds/apache-ignite-fabric-1.7.0-bin/examples/config/example-ignite-no-discovery.xml
[23:53:39,336][INFO][main][IgniteKernal] Daemon mode: off
[23:53:39,336][INFO][main][IgniteKernal] OS: Linux 3.10.0-327.36.3.el7.x86_64 amd64
[23:53:39,336][INFO][main][IgniteKernal] OS user: s1626297
[23:53:39,337][INFO][main][IgniteKernal] Language runtime: Java Platform API Specification ver. 1.8
[23:53:39,337][INFO][main][IgniteKernal] VM information: Java(TM) SE Runtime Environment 1.8.0_91-b14 Oracle Corporation Java HotSpot(TM) 64-Bit Server VM 25.91-b14
[23:53:39,338][INFO][main][IgniteKernal] VM total memory: 1.7GB
[23:53:39,338][INFO][main][IgniteKernal] Remote Management [restart: off, REST: on, JMX (remote: off)]
[23:53:39,338][INFO][main][IgniteKernal] IGNITE_HOME=/afs/inf.ed.ac.uk/user/s16/s1626297/Desktop/ds/apache-ignite-fabric-1.7.0-bin
[23:53:39,338][INFO][main][IgniteKernal] VM arguments: [-DIGNITE_HOME=/afs/inf.ed.ac.uk/user/s16/s1626297/Desktop/ds/apache-ignite-fabric-1.7.0-bin, -Didea.launcher.port=7533, -Didea.launcher.bin.path=/opt/idea-ce/bin, -Dfile.encoding=UTF-8]
[23:53:39,339][INFO][main][IgniteKernal] Configured caches ['ignite-marshaller-sys-cache', 'ignite-sys-cache', 'ignite-atomics-sys-cache']
[23:53:39,339][WARNING][main][IgniteKernal] Peer class loading is enabled (disable it in production for performance and deployment consistency reasons)
[23:53:39,364][INFO][main][IgniteKernal] 3-rd party licenses can be found at: /afs/inf.ed.ac.uk/user/s16/s1626297/Desktop/ds/apache-ignite-fabric-1.7.0-bin/libs/licenses
[23:53:39,366][WARNING][pub-#26%null%][GridDiagnostic] Initial heap size is 124MB (should be no less than 512MB, use -Xms512m -Xmx512m).
[23:53:39,450][INFO][main][IgniteKernal] Non-loopback local IPs: 129.215.2.234, fe80:0:0:0:8edc:d4ff:fe57:28d5%em1
[23:53:39,450][INFO][main][IgniteKernal] Enabled local MACs: 8CDCD45728D5
[23:53:39,484][INFO][main][IgnitePluginProcessor] Configured plugins:
[23:53:39,484][INFO][main][IgnitePluginProcessor]   ^-- None
[23:53:39,484][INFO][main][IgnitePluginProcessor] 
[23:53:39,624][INFO][main][TcpCommunicationSpi] IPC shared memory server endpoint started [port=48102, tokDir=/afs/inf.ed.ac.uk/user/s16/s1626297/Desktop/ds/apache-ignite-fabric-1.7.0-bin/work/ipc/shmem/2ba09ec8-f8a8-4909-bc30-09a5f8ff409c-31280]
[23:53:39,624][INFO][main][TcpCommunicationSpi] Successfully bound shared memory communication to TCP port [port=48102, locHost=0.0.0.0/0.0.0.0]
[23:53:39,645][INFO][main][TcpCommunicationSpi] Successfully bound to TCP port [port=47102, locHost=0.0.0.0/0.0.0.0]
[23:53:39,690][WARNING][main][NoopCheckpointSpi] Checkpoints are disabled (to enable configure any GridCheckpointSpi implementation)
[23:53:39,713][WARNING][main][GridCollisionManager] Collision resolution is disabled (all jobs will be activated upon arrival).
[23:53:39,716][WARNING][main][NoopSwapSpaceSpi] Swap space is disabled. To enable use FileSwapSpaceSpi.
[23:53:39,720][INFO][main][IgniteKernal] Security status [authentication=off, tls/ssl=off]
[23:53:39,958][WARNING][main][IgniteH2Indexing] Serialization of Java objects in H2 was enabled.
[23:53:40,013][INFO][main][GridTcpRestProtocol] Command protocol successfully started [name=TCP binary, host=0.0.0.0/0.0.0.0, port=11213]
[23:53:40,470][INFO][main][GridCacheProcessor] Started cache [name=ignite-sys-cache, mode=REPLICATED]
[23:53:40,484][INFO][main][GridCacheProcessor] Started cache [name=ignite-atomics-sys-cache, mode=PARTITIONED]
[23:53:40,503][INFO][main][GridCacheProcessor] Started cache [name=ignite-marshaller-sys-cache, mode=REPLICATED]
[23:53:40,712][INFO][main][IgniteKernal] Performance suggestions for grid  (fix if possible)
[23:53:40,712][INFO][main][IgniteKernal] To disable, set -DIGNITE_PERFORMANCE_SUGGESTIONS_DISABLED=true
[23:53:40,712][INFO][main][IgniteKernal]   ^-- Disable peer class loading (set 'peerClassLoadingEnabled' to false)
[23:53:40,713][INFO][main][IgniteKernal]   ^-- Disable grid events (remove 'includeEventTypes' from configuration)
[23:53:40,713][INFO][main][IgniteKernal] 
[23:53:40,713][INFO][main][IgniteKernal] To start Console Management & Monitoring run ignitevisorcmd.{sh|bat}
[23:53:40,713][INFO][main][IgniteKernal] 
[23:53:40,714][INFO][main][IgniteKernal] 

>>> +----------------------------------------------------------------------+
>>> Ignite ver. 1.7.0#20160801-sha1:383273e3f66f702de2482466dce954d570a8ccf2
>>> +----------------------------------------------------------------------+
>>> OS name: Linux 3.10.0-327.36.3.el7.x86_64 amd64
>>> CPU(s): 4
>>> Heap: 1.7GB
>>> VM name: 31280@donners.inf.ed.ac.uk
>>> Local node [ID=2BA09EC8-F8A8-4909-BC30-09A5F8FF409C, order=33, clientMode=true]
>>> Local node addresses: [donners.inf.ed.ac.uk/0:0:0:0:0:0:0:1%lo, /127.0.0.1, /129.215.2.234]
>>> Local ports: TCP:11213 TCP:47102 TCP:48102 

[23:53:40,717][INFO][main][GridDiscoveryManager] Topology snapshot [ver=33, servers=1, clients=2, CPUs=4, heap=4.4GB]
[23:53:40,790][INFO][exchange-worker-#45%null%][GridCacheProcessor] Started cache [name=partB, mode=PARTITIONED]
[23:53:40,970][INFO][main][GridTcpRestProtocol] Command protocol successfully stopped: TCP binary
[23:53:40,995][INFO][main][GridCacheProcessor] Stopped cache: ignite-marshaller-sys-cache
[23:53:40,996][INFO][main][GridCacheProcessor] Stopped cache: ignite-sys-cache
[23:53:40,996][INFO][main][GridCacheProcessor] Stopped cache: ignite-atomics-sys-cache
[23:53:40,996][INFO][main][GridCacheProcessor] Stopped cache: partB
[23:53:41,005][INFO][main][GridDeploymentLocalStore] Removed undeployed class: GridDeployment [ts=1479254020627, depMode=SHARED, clsLdr=sun.misc.Launcher$AppClassLoader@4dc63996, clsLdrId=8c8096a6851-2ba09ec8-f8a8-4909-bc30-09a5f8ff409c, userVer=0, loc=true, sampleClsName=org.apache.ignite.internal.processors.cache.distributed.dht.preloader.GridDhtPartitionFullMap, pendingUndeploy=false, undeployed=true, usage=0]
[23:53:41,021][INFO][main][IgniteKernal] 

>>> +---------------------------------------------------------------------------------+
>>> Ignite ver. 1.7.0#20160801-sha1:383273e3f66f702de2482466dce954d570a8ccf2 stopped OK
>>> +---------------------------------------------------------------------------------+
>>> Grid uptime: 00:00:00:306


