[20:50:01,277][INFO][main][IgniteKernal] 

>>>    __________  ________________  
>>>   /  _/ ___/ |/ /  _/_  __/ __/  
>>>  _/ // (7 7    // /  / / / _/    
>>> /___/\___/_/|_/___/ /_/ /___/   
>>> 
>>> ver. 1.7.0#20160801-sha1:383273e3
>>> 2016 Copyright(C) Apache Software Foundation
>>> 
>>> Ignite documentation: http://ignite.apache.org

[20:50:01,278][INFO][main][IgniteKernal] Config URL: file:/afs/inf.ed.ac.uk/user/s16/s1626297/Desktop/ds/apache-ignite-fabric-1.7.0-bin/examples/config/example-ignite-no-discovery.xml
[20:50:01,279][INFO][main][IgniteKernal] Daemon mode: off
[20:50:01,279][INFO][main][IgniteKernal] OS: Linux 3.10.0-327.36.3.el7.x86_64 amd64
[20:50:01,279][INFO][main][IgniteKernal] OS user: s1626297
[20:50:01,279][INFO][main][IgniteKernal] Language runtime: Java Platform API Specification ver. 1.8
[20:50:01,279][INFO][main][IgniteKernal] VM information: Java(TM) SE Runtime Environment 1.8.0_91-b14 Oracle Corporation Java HotSpot(TM) 64-Bit Server VM 25.91-b14
[20:50:01,281][INFO][main][IgniteKernal] VM total memory: 1.7GB
[20:50:01,281][INFO][main][IgniteKernal] Remote Management [restart: off, REST: on, JMX (remote: off)]
[20:50:01,281][INFO][main][IgniteKernal] IGNITE_HOME=/afs/inf.ed.ac.uk/user/s16/s1626297/Desktop/ds/apache-ignite-fabric-1.7.0-bin
[20:50:01,281][INFO][main][IgniteKernal] VM arguments: [-DIGNITE_HOME=/afs/inf.ed.ac.uk/user/s16/s1626297/Desktop/ds/apache-ignite-fabric-1.7.0-bin, -Didea.launcher.port=7541, -Didea.launcher.bin.path=/opt/idea-ce/bin, -Dfile.encoding=UTF-8]
[20:50:01,282][INFO][main][IgniteKernal] Configured caches ['ignite-marshaller-sys-cache', 'ignite-sys-cache', 'ignite-atomics-sys-cache']
[20:50:01,282][WARNING][main][IgniteKernal] Peer class loading is enabled (disable it in production for performance and deployment consistency reasons)
[20:50:01,292][INFO][main][IgniteKernal] 3-rd party licenses can be found at: /afs/inf.ed.ac.uk/user/s16/s1626297/Desktop/ds/apache-ignite-fabric-1.7.0-bin/libs/licenses
[20:50:01,294][WARNING][pub-#26%null%][GridDiagnostic] Initial heap size is 124MB (should be no less than 512MB, use -Xms512m -Xmx512m).
[20:50:01,333][INFO][main][IgniteKernal] Non-loopback local IPs: 129.215.3.32, fe80:0:0:0:a2d3:c1ff:fe0f:8a89%em1
[20:50:01,333][INFO][main][IgniteKernal] Enabled local MACs: A0D3C10F8A89
[20:50:01,347][INFO][main][IgnitePluginProcessor] Configured plugins:
[20:50:01,347][INFO][main][IgnitePluginProcessor]   ^-- None
[20:50:01,347][INFO][main][IgnitePluginProcessor] 
[20:50:01,449][INFO][main][TcpCommunicationSpi] IPC shared memory server endpoint started [port=48101, tokDir=/afs/inf.ed.ac.uk/user/s16/s1626297/Desktop/ds/apache-ignite-fabric-1.7.0-bin/work/ipc/shmem/09eaf4c6-1556-4dda-8d9f-110dc2e6e84c-28407]
[20:50:01,450][INFO][main][TcpCommunicationSpi] Successfully bound shared memory communication to TCP port [port=48101, locHost=0.0.0.0/0.0.0.0]
[20:50:01,469][INFO][main][TcpCommunicationSpi] Successfully bound to TCP port [port=47101, locHost=0.0.0.0/0.0.0.0]
[20:50:01,506][WARNING][main][NoopCheckpointSpi] Checkpoints are disabled (to enable configure any GridCheckpointSpi implementation)
[20:50:01,528][WARNING][main][GridCollisionManager] Collision resolution is disabled (all jobs will be activated upon arrival).
[20:50:01,531][WARNING][main][NoopSwapSpaceSpi] Swap space is disabled. To enable use FileSwapSpaceSpi.
[20:50:01,532][INFO][main][IgniteKernal] Security status [authentication=off, tls/ssl=off]
[20:50:01,736][WARNING][main][IgniteH2Indexing] Serialization of Java objects in H2 was enabled.
[20:50:01,797][INFO][main][GridTcpRestProtocol] Command protocol successfully started [name=TCP binary, host=0.0.0.0/0.0.0.0, port=11212]
[20:50:02,304][INFO][main][GridCacheProcessor] Started cache [name=ignite-sys-cache, mode=REPLICATED]
[20:50:02,315][INFO][main][GridCacheProcessor] Started cache [name=ignite-atomics-sys-cache, mode=PARTITIONED]
[20:50:02,329][INFO][main][GridCacheProcessor] Started cache [name=ignite-marshaller-sys-cache, mode=REPLICATED]
[20:50:02,507][INFO][main][IgniteKernal] Performance suggestions for grid  (fix if possible)
[20:50:02,507][INFO][main][IgniteKernal] To disable, set -DIGNITE_PERFORMANCE_SUGGESTIONS_DISABLED=true
[20:50:02,507][INFO][main][IgniteKernal]   ^-- Disable peer class loading (set 'peerClassLoadingEnabled' to false)
[20:50:02,508][INFO][main][IgniteKernal]   ^-- Disable grid events (remove 'includeEventTypes' from configuration)
[20:50:02,508][INFO][main][IgniteKernal] 
[20:50:02,508][INFO][main][IgniteKernal] To start Console Management & Monitoring run ignitevisorcmd.{sh|bat}
[20:50:02,508][INFO][main][IgniteKernal] 
[20:50:02,509][INFO][main][IgniteKernal] 

>>> +----------------------------------------------------------------------+
>>> Ignite ver. 1.7.0#20160801-sha1:383273e3f66f702de2482466dce954d570a8ccf2
>>> +----------------------------------------------------------------------+
>>> OS name: Linux 3.10.0-327.36.3.el7.x86_64 amd64
>>> CPU(s): 4
>>> Heap: 1.7GB
>>> VM name: 28407@lodi.inf.ed.ac.uk
>>> Local node [ID=09EAF4C6-1556-4DDA-8D9F-110DC2E6E84C, order=73, clientMode=true]
>>> Local node addresses: [lodi.inf.ed.ac.uk/0:0:0:0:0:0:0:1%lo, /127.0.0.1, /129.215.3.32]
>>> Local ports: TCP:11212 TCP:47101 TCP:48101 

[20:50:02,510][INFO][main][GridDiscoveryManager] Topology snapshot [ver=73, servers=1, clients=2, CPUs=4, heap=4.4GB]
[20:50:02,572][INFO][exchange-worker-#45%null%][GridCacheProcessor] Started cache [name=words, mode=PARTITIONED]
[20:50:02,710][INFO][main][GridDeploymentLocalStore] Class locally deployed: class wordcount.StreamWords$StreamingExampleCacheEntryProcessor
[20:50:12,094][INFO][ignite-update-notifier-timer][GridUpdateNotifier] Your version is up to date.
