[23:07:32,641][INFO][main][IgniteKernal] 

>>>    __________  ________________  
>>>   /  _/ ___/ |/ /  _/_  __/ __/  
>>>  _/ // (7 7    // /  / / / _/    
>>> /___/\___/_/|_/___/ /_/ /___/   
>>> 
>>> ver. 1.7.0#20160801-sha1:383273e3
>>> 2016 Copyright(C) Apache Software Foundation
>>> 
>>> Ignite documentation: http://ignite.apache.org

[23:07:32,642][INFO][main][IgniteKernal] Config URL: file:/afs/inf.ed.ac.uk/user/s16/s1626297/Desktop/ds/apache-ignite-fabric-1.7.0-bin/examples/config/example-ignite-no-discovery.xml
[23:07:32,643][INFO][main][IgniteKernal] Daemon mode: off
[23:07:32,643][INFO][main][IgniteKernal] OS: Linux 3.10.0-327.36.3.el7.x86_64 amd64
[23:07:32,643][INFO][main][IgniteKernal] OS user: s1626297
[23:07:32,643][INFO][main][IgniteKernal] Language runtime: Java Platform API Specification ver. 1.8
[23:07:32,643][INFO][main][IgniteKernal] VM information: Java(TM) SE Runtime Environment 1.8.0_91-b14 Oracle Corporation Java HotSpot(TM) 64-Bit Server VM 25.91-b14
[23:07:32,644][INFO][main][IgniteKernal] VM total memory: 0.96GB
[23:07:32,645][INFO][main][IgniteKernal] Remote Management [restart: on, REST: on, JMX (remote: on, port: 49149, auth: off, ssl: off)]
[23:07:32,645][INFO][main][IgniteKernal] IGNITE_HOME=/afs/inf.ed.ac.uk/user/s16/s1626297/Desktop/ds/apache-ignite-fabric-1.7.0-bin
[23:07:32,645][INFO][main][IgniteKernal] VM arguments: [-Xms1g, -Xmx1g, -XX:+AggressiveOpts, -XX:MaxMetaspaceSize=256m, -DIGNITE_QUIET=true, -DIGNITE_SUCCESS_FILE=/afs/inf.ed.ac.uk/user/s16/s1626297/Desktop/ds/apache-ignite-fabric-1.7.0-bin/work/ignite_success_042ad424-e6b1-4684-849e-5abff9ec3644, -Dcom.sun.management.jmxremote, -Dcom.sun.management.jmxremote.port=49149, -Dcom.sun.management.jmxremote.authenticate=false, -Dcom.sun.management.jmxremote.ssl=false, -DIGNITE_HOME=/afs/inf.ed.ac.uk/user/s16/s1626297/Desktop/ds/apache-ignite-fabric-1.7.0-bin, -DIGNITE_PROG_NAME=bin/ignite.sh]
[23:07:32,645][INFO][main][IgniteKernal] Configured caches ['ignite-marshaller-sys-cache', 'ignite-sys-cache', 'ignite-atomics-sys-cache']
[23:07:32,645][WARNING][main][IgniteKernal] Peer class loading is enabled (disable it in production for performance and deployment consistency reasons)
[23:07:32,647][INFO][main][IgniteKernal] 3-rd party licenses can be found at: /afs/inf.ed.ac.uk/user/s16/s1626297/Desktop/ds/apache-ignite-fabric-1.7.0-bin/libs/licenses
[23:07:32,686][INFO][main][IgniteKernal] Non-loopback local IPs: 129.215.2.234, fe80:0:0:0:8edc:d4ff:fe57:28d5%em1
[23:07:32,686][INFO][main][IgniteKernal] Enabled local MACs: 8CDCD45728D5
[23:07:32,697][INFO][main][IgnitePluginProcessor] Configured plugins:
[23:07:32,698][INFO][main][IgnitePluginProcessor]   ^-- None
[23:07:32,698][INFO][main][IgnitePluginProcessor] 
[23:07:32,786][INFO][main][TcpCommunicationSpi] IPC shared memory server endpoint started [port=48100, tokDir=/afs/inf.ed.ac.uk/user/s16/s1626297/Desktop/ds/apache-ignite-fabric-1.7.0-bin/work/ipc/shmem/67a9e452-264f-4770-9834-d56aa9dccd83-25158]
[23:07:32,786][INFO][main][TcpCommunicationSpi] Successfully bound shared memory communication to TCP port [port=48100, locHost=0.0.0.0/0.0.0.0]
[23:07:32,800][INFO][main][TcpCommunicationSpi] Successfully bound to TCP port [port=47100, locHost=0.0.0.0/0.0.0.0]
[23:07:32,831][WARNING][main][NoopCheckpointSpi] Checkpoints are disabled (to enable configure any GridCheckpointSpi implementation)
[23:07:32,850][WARNING][main][GridCollisionManager] Collision resolution is disabled (all jobs will be activated upon arrival).
[23:07:32,853][WARNING][main][NoopSwapSpaceSpi] Swap space is disabled. To enable use FileSwapSpaceSpi.
[23:07:32,854][INFO][main][IgniteKernal] Security status [authentication=off, tls/ssl=off]
[23:07:33,044][WARNING][main][IgniteH2Indexing] Serialization of Java objects in H2 was enabled.
[23:07:33,090][INFO][main][GridTcpRestProtocol] Command protocol successfully started [name=TCP binary, host=0.0.0.0/0.0.0.0, port=11211]
[23:07:33,151][INFO][main][TcpDiscoverySpi] Successfully bound to TCP port [port=47500, localHost=0.0.0.0/0.0.0.0]
[23:07:33,367][INFO][main][GridCacheProcessor] Started cache [name=ignite-sys-cache, mode=REPLICATED]
[23:07:33,376][INFO][main][GridCacheProcessor] Started cache [name=ignite-atomics-sys-cache, mode=PARTITIONED]
[23:07:33,389][INFO][main][GridCacheProcessor] Started cache [name=ignite-marshaller-sys-cache, mode=REPLICATED]
[23:07:33,433][INFO][exchange-worker-#55%null%][GridCachePartitionExchangeManager] Skipping rebalancing (nothing scheduled) [top=AffinityTopologyVersion [topVer=1, minorTopVer=0], evt=NODE_JOINED, node=67a9e452-264f-4770-9834-d56aa9dccd83]
[23:07:33,461][INFO][main][IgniteKernal] Performance suggestions for grid  (fix if possible)
[23:07:33,461][INFO][main][IgniteKernal] To disable, set -DIGNITE_PERFORMANCE_SUGGESTIONS_DISABLED=true
[23:07:33,461][INFO][main][IgniteKernal]   ^-- Disable peer class loading (set 'peerClassLoadingEnabled' to false)
[23:07:33,462][INFO][main][IgniteKernal]   ^-- Disable grid events (remove 'includeEventTypes' from configuration)
[23:07:33,462][INFO][main][IgniteKernal] 
[23:07:33,462][INFO][main][IgniteKernal] To start Console Management & Monitoring run ignitevisorcmd.{sh|bat}
[23:07:33,462][INFO][main][IgniteKernal] 
[23:07:33,463][INFO][main][IgniteKernal] 

>>> +----------------------------------------------------------------------+
>>> Ignite ver. 1.7.0#20160801-sha1:383273e3f66f702de2482466dce954d570a8ccf2
>>> +----------------------------------------------------------------------+
>>> OS name: Linux 3.10.0-327.36.3.el7.x86_64 amd64
>>> CPU(s): 4
>>> Heap: 1.0GB
>>> VM name: 25158@donners.inf.ed.ac.uk
>>> Local node [ID=67A9E452-264F-4770-9834-D56AA9DCCD83, order=1, clientMode=false]
>>> Local node addresses: [donners.inf.ed.ac.uk/0:0:0:0:0:0:0:1%lo, /127.0.0.1, /129.215.2.234]
>>> Local ports: TCP:11211 TCP:47100 TCP:47500 TCP:48100 

[23:07:33,464][INFO][main][GridDiscoveryManager] Topology snapshot [ver=1, servers=1, clients=0, CPUs=4, heap=1.0GB]
[23:07:43,194][INFO][ignite-update-notifier-timer][GridUpdateNotifier] Your version is up to date.
[23:08:33,465][INFO][grid-timeout-worker-#37%null%][IgniteKernal] 
Metrics for local node (to disable set 'metricsLogFrequency' to 0)
    ^-- Node [id=67a9e452, name=null, uptime=00:01:00:007]
    ^-- H/N/C [hosts=1, nodes=1, CPUs=4]
    ^-- CPU [cur=0.17%, avg=0.39%, GC=0%]
    ^-- Heap [used=88MB, free=90.98%, comm=981MB]
    ^-- Non heap [used=36MB, free=97.57%, comm=37MB]
    ^-- Public thread pool [active=0, idle=16, qSize=0]
    ^-- System thread pool [active=0, idle=16, qSize=0]
    ^-- Outbound messages queue [size=0]
[23:09:33,473][INFO][grid-timeout-worker-#37%null%][IgniteKernal] 
Metrics for local node (to disable set 'metricsLogFrequency' to 0)
    ^-- Node [id=67a9e452, name=null, uptime=00:02:00:009]
    ^-- H/N/C [hosts=1, nodes=1, CPUs=4]
    ^-- CPU [cur=0.23%, avg=0.32%, GC=0%]
    ^-- Heap [used=95MB, free=90.22%, comm=981MB]
    ^-- Non heap [used=37MB, free=97.57%, comm=38MB]
    ^-- Public thread pool [active=0, idle=16, qSize=0]
    ^-- System thread pool [active=0, idle=16, qSize=0]
    ^-- Outbound messages queue [size=0]
[23:10:33,482][INFO][grid-timeout-worker-#37%null%][IgniteKernal] 
Metrics for local node (to disable set 'metricsLogFrequency' to 0)
    ^-- Node [id=67a9e452, name=null, uptime=00:03:00:020]
    ^-- H/N/C [hosts=1, nodes=1, CPUs=4]
    ^-- CPU [cur=0.23%, avg=0.32%, GC=0%]
    ^-- Heap [used=98MB, free=89.99%, comm=981MB]
    ^-- Non heap [used=36MB, free=97.57%, comm=38MB]
    ^-- Public thread pool [active=0, idle=16, qSize=0]
    ^-- System thread pool [active=0, idle=16, qSize=0]
    ^-- Outbound messages queue [size=0]
[23:11:33,485][INFO][grid-timeout-worker-#37%null%][IgniteKernal] 
Metrics for local node (to disable set 'metricsLogFrequency' to 0)
    ^-- Node [id=67a9e452, name=null, uptime=00:04:00:028]
    ^-- H/N/C [hosts=1, nodes=1, CPUs=4]
    ^-- CPU [cur=0.33%, avg=0.32%, GC=0%]
    ^-- Heap [used=101MB, free=89.7%, comm=981MB]
    ^-- Non heap [used=37MB, free=97.56%, comm=38MB]
    ^-- Public thread pool [active=0, idle=16, qSize=0]
    ^-- System thread pool [active=0, idle=16, qSize=0]
    ^-- Outbound messages queue [size=0]
[23:12:33,489][INFO][grid-timeout-worker-#37%null%][IgniteKernal] 
Metrics for local node (to disable set 'metricsLogFrequency' to 0)
    ^-- Node [id=67a9e452, name=null, uptime=00:05:00:034]
    ^-- H/N/C [hosts=1, nodes=1, CPUs=4]
    ^-- CPU [cur=0.33%, avg=0.32%, GC=0%]
    ^-- Heap [used=102MB, free=89.53%, comm=981MB]
    ^-- Non heap [used=37MB, free=97.56%, comm=38MB]
    ^-- Public thread pool [active=0, idle=16, qSize=0]
    ^-- System thread pool [active=0, idle=16, qSize=0]
    ^-- Outbound messages queue [size=0]
[23:13:33,496][INFO][grid-timeout-worker-#37%null%][IgniteKernal] 
Metrics for local node (to disable set 'metricsLogFrequency' to 0)
    ^-- Node [id=67a9e452, name=null, uptime=00:06:00:041]
    ^-- H/N/C [hosts=1, nodes=1, CPUs=4]
    ^-- CPU [cur=0.27%, avg=0.32%, GC=0%]
    ^-- Heap [used=105MB, free=89.29%, comm=981MB]
    ^-- Non heap [used=37MB, free=97.54%, comm=38MB]
    ^-- Public thread pool [active=0, idle=16, qSize=0]
    ^-- System thread pool [active=0, idle=16, qSize=0]
    ^-- Outbound messages queue [size=0]
[23:14:33,502][INFO][grid-timeout-worker-#37%null%][IgniteKernal] 
Metrics for local node (to disable set 'metricsLogFrequency' to 0)
    ^-- Node [id=67a9e452, name=null, uptime=00:07:00:043]
    ^-- H/N/C [hosts=1, nodes=1, CPUs=4]
    ^-- CPU [cur=0.4%, avg=0.31%, GC=0%]
    ^-- Heap [used=107MB, free=89.06%, comm=981MB]
    ^-- Non heap [used=37MB, free=97.54%, comm=38MB]
    ^-- Public thread pool [active=0, idle=16, qSize=0]
    ^-- System thread pool [active=0, idle=16, qSize=0]
    ^-- Outbound messages queue [size=0]
[23:15:33,504][INFO][grid-timeout-worker-#37%null%][IgniteKernal] 
Metrics for local node (to disable set 'metricsLogFrequency' to 0)
    ^-- Node [id=67a9e452, name=null, uptime=00:08:00:047]
    ^-- H/N/C [hosts=1, nodes=1, CPUs=4]
    ^-- CPU [cur=0.23%, avg=0.31%, GC=0%]
    ^-- Heap [used=109MB, free=88.83%, comm=981MB]
    ^-- Non heap [used=37MB, free=97.53%, comm=38MB]
    ^-- Public thread pool [active=0, idle=16, qSize=0]
    ^-- System thread pool [active=0, idle=16, qSize=0]
    ^-- Outbound messages queue [size=0]
[23:16:33,502][INFO][grid-timeout-worker-#37%null%][IgniteKernal] 
Metrics for local node (to disable set 'metricsLogFrequency' to 0)
    ^-- Node [id=67a9e452, name=null, uptime=00:09:00:047]
    ^-- H/N/C [hosts=1, nodes=1, CPUs=4]
    ^-- CPU [cur=0.27%, avg=0.31%, GC=0%]
    ^-- Heap [used=111MB, free=88.66%, comm=981MB]
    ^-- Non heap [used=37MB, free=97.52%, comm=38MB]
    ^-- Public thread pool [active=0, idle=16, qSize=0]
    ^-- System thread pool [active=0, idle=16, qSize=0]
    ^-- Outbound messages queue [size=0]
[23:17:33,504][INFO][grid-timeout-worker-#37%null%][IgniteKernal] 
Metrics for local node (to disable set 'metricsLogFrequency' to 0)
    ^-- Node [id=67a9e452, name=null, uptime=00:10:00:047]
    ^-- H/N/C [hosts=1, nodes=1, CPUs=4]
    ^-- CPU [cur=0.27%, avg=0.31%, GC=0%]
    ^-- Heap [used=113MB, free=88.43%, comm=981MB]
    ^-- Non heap [used=37MB, free=97.51%, comm=38MB]
    ^-- Public thread pool [active=0, idle=16, qSize=0]
    ^-- System thread pool [active=0, idle=16, qSize=0]
    ^-- Outbound messages queue [size=0]
[23:18:33,511][INFO][grid-timeout-worker-#37%null%][IgniteKernal] 
Metrics for local node (to disable set 'metricsLogFrequency' to 0)
    ^-- Node [id=67a9e452, name=null, uptime=00:11:00:056]
    ^-- H/N/C [hosts=1, nodes=1, CPUs=4]
    ^-- CPU [cur=0.23%, avg=0.31%, GC=0%]
    ^-- Heap [used=115MB, free=88.19%, comm=981MB]
    ^-- Non heap [used=37MB, free=97.51%, comm=38MB]
    ^-- Public thread pool [active=0, idle=16, qSize=0]
    ^-- System thread pool [active=0, idle=16, qSize=0]
    ^-- Outbound messages queue [size=0]
[23:19:33,519][INFO][grid-timeout-worker-#37%null%][IgniteKernal] 
Metrics for local node (to disable set 'metricsLogFrequency' to 0)
    ^-- Node [id=67a9e452, name=null, uptime=00:12:00:061]
    ^-- H/N/C [hosts=1, nodes=1, CPUs=4]
    ^-- CPU [cur=0.23%, avg=0.31%, GC=0%]
    ^-- Heap [used=118MB, free=87.9%, comm=981MB]
    ^-- Non heap [used=37MB, free=97.5%, comm=38MB]
    ^-- Public thread pool [active=0, idle=16, qSize=0]
    ^-- System thread pool [active=0, idle=16, qSize=0]
    ^-- Outbound messages queue [size=0]
[23:20:33,526][INFO][grid-timeout-worker-#37%null%][IgniteKernal] 
Metrics for local node (to disable set 'metricsLogFrequency' to 0)
    ^-- Node [id=67a9e452, name=null, uptime=00:13:00:062]
    ^-- H/N/C [hosts=1, nodes=1, CPUs=4]
    ^-- CPU [cur=0.17%, avg=0.3%, GC=0%]
    ^-- Heap [used=120MB, free=87.73%, comm=981MB]
    ^-- Non heap [used=38MB, free=97.49%, comm=38MB]
    ^-- Public thread pool [active=0, idle=16, qSize=0]
    ^-- System thread pool [active=0, idle=16, qSize=0]
    ^-- Outbound messages queue [size=0]
[23:21:33,531][INFO][grid-timeout-worker-#37%null%][IgniteKernal] 
Metrics for local node (to disable set 'metricsLogFrequency' to 0)
    ^-- Node [id=67a9e452, name=null, uptime=00:14:00:072]
    ^-- H/N/C [hosts=1, nodes=1, CPUs=4]
    ^-- CPU [cur=0.23%, avg=0.3%, GC=0%]
    ^-- Heap [used=122MB, free=87.5%, comm=981MB]
    ^-- Non heap [used=38MB, free=97.49%, comm=38MB]
    ^-- Public thread pool [active=0, idle=16, qSize=0]
    ^-- System thread pool [active=0, idle=16, qSize=0]
    ^-- Outbound messages queue [size=0]
[23:22:33,537][INFO][grid-timeout-worker-#37%null%][IgniteKernal] 
Metrics for local node (to disable set 'metricsLogFrequency' to 0)
    ^-- Node [id=67a9e452, name=null, uptime=00:15:00:076]
    ^-- H/N/C [hosts=1, nodes=1, CPUs=4]
    ^-- CPU [cur=0.33%, avg=0.3%, GC=0%]
    ^-- Heap [used=124MB, free=87.27%, comm=981MB]
    ^-- Non heap [used=38MB, free=97.49%, comm=38MB]
    ^-- Public thread pool [active=0, idle=16, qSize=0]
    ^-- System thread pool [active=0, idle=16, qSize=0]
    ^-- Outbound messages queue [size=0]
[23:23:33,538][INFO][grid-timeout-worker-#37%null%][IgniteKernal] 
Metrics for local node (to disable set 'metricsLogFrequency' to 0)
    ^-- Node [id=67a9e452, name=null, uptime=00:16:00:080]
    ^-- H/N/C [hosts=1, nodes=1, CPUs=4]
    ^-- CPU [cur=0.23%, avg=0.3%, GC=0%]
    ^-- Heap [used=126MB, free=87.09%, comm=981MB]
    ^-- Non heap [used=38MB, free=97.49%, comm=38MB]
    ^-- Public thread pool [active=0, idle=16, qSize=0]
    ^-- System thread pool [active=0, idle=16, qSize=0]
    ^-- Outbound messages queue [size=0]
[23:24:33,543][INFO][grid-timeout-worker-#37%null%][IgniteKernal] 
Metrics for local node (to disable set 'metricsLogFrequency' to 0)
    ^-- Node [id=67a9e452, name=null, uptime=00:17:00:087]
    ^-- H/N/C [hosts=1, nodes=1, CPUs=4]
    ^-- CPU [cur=0.33%, avg=0.3%, GC=0%]
    ^-- Heap [used=128MB, free=86.86%, comm=981MB]
    ^-- Non heap [used=38MB, free=97.49%, comm=38MB]
    ^-- Public thread pool [active=0, idle=16, qSize=0]
    ^-- System thread pool [active=0, idle=16, qSize=0]
    ^-- Outbound messages queue [size=0]
[23:25:33,551][INFO][grid-timeout-worker-#37%null%][IgniteKernal] 
Metrics for local node (to disable set 'metricsLogFrequency' to 0)
    ^-- Node [id=67a9e452, name=null, uptime=00:18:00:094]
    ^-- H/N/C [hosts=1, nodes=1, CPUs=4]
    ^-- CPU [cur=0.17%, avg=0.29%, GC=0%]
    ^-- Heap [used=131MB, free=86.63%, comm=981MB]
    ^-- Non heap [used=38MB, free=97.46%, comm=39MB]
    ^-- Public thread pool [active=0, idle=16, qSize=0]
    ^-- System thread pool [active=0, idle=16, qSize=0]
    ^-- Outbound messages queue [size=0]
[23:25:50,567][INFO][disco-event-worker-#52%null%][GridDiscoveryManager] Added new node to topology: TcpDiscoveryNode [id=61b0236d-78e9-47f6-82cc-acf44ab9bc80, addrs=[0:0:0:0:0:0:0:1%lo, 127.0.0.1, 129.215.2.234], sockAddrs=[donners.inf.ed.ac.uk/129.215.2.234:0, /0:0:0:0:0:0:0:1%lo:0, /127.0.0.1:0], discPort=0, order=2, intOrder=2, lastExchangeTime=1479252350536, loc=false, ver=1.7.0#20160801-sha1:383273e3, isClient=true]
[23:25:50,568][INFO][disco-event-worker-#52%null%][GridDiscoveryManager] Topology snapshot [ver=2, servers=1, clients=1, CPUs=4, heap=2.7GB]
[23:25:50,580][INFO][exchange-worker-#55%null%][GridCachePartitionExchangeManager] Skipping rebalancing (nothing scheduled) [top=AffinityTopologyVersion [topVer=2, minorTopVer=0], evt=NODE_JOINED, node=61b0236d-78e9-47f6-82cc-acf44ab9bc80]
[23:25:51,097][INFO][exchange-worker-#55%null%][GridCacheProcessor] Started cache [name=partB, mode=PARTITIONED]
[23:25:51,108][INFO][exchange-worker-#55%null%][GridCachePartitionExchangeManager] Skipping rebalancing (nothing scheduled) [top=AffinityTopologyVersion [topVer=2, minorTopVer=1], evt=DISCOVERY_CUSTOM_EVT, node=61b0236d-78e9-47f6-82cc-acf44ab9bc80]
[23:25:52,436][INFO][pub-#8%null%][GridDeploymentPerVersionStore] Class was deployed in SHARED or CONTINUOUS mode: class partC.StreamOne$1
[23:25:58,104][INFO][disco-event-worker-#52%null%][GridDiscoveryManager] Node left topology: TcpDiscoveryNode [id=61b0236d-78e9-47f6-82cc-acf44ab9bc80, addrs=[0:0:0:0:0:0:0:1%lo, 127.0.0.1, 129.215.2.234], sockAddrs=[donners.inf.ed.ac.uk/129.215.2.234:0, /0:0:0:0:0:0:0:1%lo:0, /127.0.0.1:0], discPort=0, order=2, intOrder=2, lastExchangeTime=1479252350536, loc=false, ver=1.7.0#20160801-sha1:383273e3, isClient=true]
[23:25:58,104][INFO][disco-event-worker-#52%null%][GridDiscoveryManager] Topology snapshot [ver=3, servers=1, clients=0, CPUs=4, heap=1.0GB]
[23:25:58,105][INFO][disco-event-worker-#52%null%][GridDeploymentPerVersionStore] Class was undeployed in SHARED or CONTINUOUS mode [cls=class partC.StreamOne$1, alias=partC.StreamOne$1]
[23:25:58,122][INFO][exchange-worker-#55%null%][GridCachePartitionExchangeManager] Skipping rebalancing (nothing scheduled) [top=AffinityTopologyVersion [topVer=3, minorTopVer=0], evt=NODE_LEFT, node=61b0236d-78e9-47f6-82cc-acf44ab9bc80]
[23:26:04,315][INFO][disco-event-worker-#52%null%][GridDiscoveryManager] Added new node to topology: TcpDiscoveryNode [id=52557995-1eb1-4208-a979-7b5e7abba6a2, addrs=[0:0:0:0:0:0:0:1%lo, 127.0.0.1, 129.215.2.234], sockAddrs=[donners.inf.ed.ac.uk/129.215.2.234:0, /0:0:0:0:0:0:0:1%lo:0, /127.0.0.1:0], discPort=0, order=4, intOrder=3, lastExchangeTime=1479252364292, loc=false, ver=1.7.0#20160801-sha1:383273e3, isClient=true]
[23:26:04,316][INFO][disco-event-worker-#52%null%][GridDiscoveryManager] Topology snapshot [ver=4, servers=1, clients=1, CPUs=4, heap=2.7GB]
[23:26:04,324][INFO][exchange-worker-#55%null%][GridCachePartitionExchangeManager] Skipping rebalancing (nothing scheduled) [top=AffinityTopologyVersion [topVer=4, minorTopVer=0], evt=NODE_JOINED, node=52557995-1eb1-4208-a979-7b5e7abba6a2]
[23:26:04,797][INFO][exchange-worker-#55%null%][GridCachePartitionExchangeManager] Skipping rebalancing (nothing scheduled) [top=AffinityTopologyVersion [topVer=4, minorTopVer=1], evt=DISCOVERY_CUSTOM_EVT, node=52557995-1eb1-4208-a979-7b5e7abba6a2]
[23:26:33,552][INFO][grid-timeout-worker-#37%null%][IgniteKernal] 
Metrics for local node (to disable set 'metricsLogFrequency' to 0)
    ^-- Node [id=67a9e452, name=null, uptime=00:19:00:095]
    ^-- H/N/C [hosts=1, nodes=2, CPUs=4]
    ^-- CPU [cur=1.17%, avg=0.44%, GC=0%]
    ^-- Heap [used=138MB, free=85.87%, comm=981MB]
    ^-- Non heap [used=47MB, free=96.85%, comm=48MB]
    ^-- Public thread pool [active=0, idle=16, qSize=0]
    ^-- System thread pool [active=0, idle=16, qSize=0]
    ^-- Outbound messages queue [size=0]
[23:26:41,808][INFO][disco-event-worker-#52%null%][GridDiscoveryManager] Node left topology: TcpDiscoveryNode [id=52557995-1eb1-4208-a979-7b5e7abba6a2, addrs=[0:0:0:0:0:0:0:1%lo, 127.0.0.1, 129.215.2.234], sockAddrs=[donners.inf.ed.ac.uk/129.215.2.234:0, /0:0:0:0:0:0:0:1%lo:0, /127.0.0.1:0], discPort=0, order=4, intOrder=3, lastExchangeTime=1479252364292, loc=false, ver=1.7.0#20160801-sha1:383273e3, isClient=true]
[23:26:41,809][INFO][disco-event-worker-#52%null%][GridDiscoveryManager] Topology snapshot [ver=5, servers=1, clients=0, CPUs=4, heap=1.0GB]
[23:26:41,821][INFO][exchange-worker-#55%null%][GridCachePartitionExchangeManager] Skipping rebalancing (nothing scheduled) [top=AffinityTopologyVersion [topVer=5, minorTopVer=0], evt=NODE_LEFT, node=52557995-1eb1-4208-a979-7b5e7abba6a2]
[23:27:33,554][INFO][grid-timeout-worker-#37%null%][IgniteKernal] 
Metrics for local node (to disable set 'metricsLogFrequency' to 0)
    ^-- Node [id=67a9e452, name=null, uptime=00:20:00:096]
    ^-- H/N/C [hosts=1, nodes=1, CPUs=4]
    ^-- CPU [cur=0.43%, avg=0.44%, GC=0%]
    ^-- Heap [used=157MB, free=83.96%, comm=981MB]
    ^-- Non heap [used=48MB, free=96.84%, comm=49MB]
    ^-- Public thread pool [active=0, idle=16, qSize=0]
    ^-- System thread pool [active=0, idle=16, qSize=0]
    ^-- Outbound messages queue [size=0]
[23:27:45,064][INFO][disco-event-worker-#52%null%][GridDiscoveryManager] Added new node to topology: TcpDiscoveryNode [id=1698321c-97c3-488d-87b3-89b560a48966, addrs=[0:0:0:0:0:0:0:1%lo, 127.0.0.1, 129.215.2.234], sockAddrs=[donners.inf.ed.ac.uk/129.215.2.234:0, /0:0:0:0:0:0:0:1%lo:0, /127.0.0.1:0], discPort=0, order=6, intOrder=4, lastExchangeTime=1479252465051, loc=false, ver=1.7.0#20160801-sha1:383273e3, isClient=true]
[23:27:45,065][INFO][disco-event-worker-#52%null%][GridDiscoveryManager] Topology snapshot [ver=6, servers=1, clients=1, CPUs=4, heap=2.7GB]
[23:27:45,069][INFO][exchange-worker-#55%null%][GridCachePartitionExchangeManager] Skipping rebalancing (nothing scheduled) [top=AffinityTopologyVersion [topVer=6, minorTopVer=0], evt=NODE_JOINED, node=1698321c-97c3-488d-87b3-89b560a48966]
[23:27:45,536][INFO][exchange-worker-#55%null%][GridCachePartitionExchangeManager] Skipping rebalancing (nothing scheduled) [top=AffinityTopologyVersion [topVer=6, minorTopVer=1], evt=DISCOVERY_CUSTOM_EVT, node=1698321c-97c3-488d-87b3-89b560a48966]
[23:27:46,075][INFO][pub-#3%null%][GridDeploymentPerVersionStore] Class was deployed in SHARED or CONTINUOUS mode: class partC.StreamOne$1
[23:27:48,243][INFO][disco-event-worker-#52%null%][GridDiscoveryManager] Node left topology: TcpDiscoveryNode [id=1698321c-97c3-488d-87b3-89b560a48966, addrs=[0:0:0:0:0:0:0:1%lo, 127.0.0.1, 129.215.2.234], sockAddrs=[donners.inf.ed.ac.uk/129.215.2.234:0, /0:0:0:0:0:0:0:1%lo:0, /127.0.0.1:0], discPort=0, order=6, intOrder=4, lastExchangeTime=1479252465051, loc=false, ver=1.7.0#20160801-sha1:383273e3, isClient=true]
[23:27:48,243][INFO][disco-event-worker-#52%null%][GridDiscoveryManager] Topology snapshot [ver=7, servers=1, clients=0, CPUs=4, heap=1.0GB]
[23:27:48,243][INFO][disco-event-worker-#52%null%][GridDeploymentPerVersionStore] Class was undeployed in SHARED or CONTINUOUS mode [cls=class partC.StreamOne$1, alias=partC.StreamOne$1]
[23:27:48,250][INFO][exchange-worker-#55%null%][GridCachePartitionExchangeManager] Skipping rebalancing (nothing scheduled) [top=AffinityTopologyVersion [topVer=7, minorTopVer=0], evt=NODE_LEFT, node=1698321c-97c3-488d-87b3-89b560a48966]
[23:28:06,908][INFO][disco-event-worker-#52%null%][GridDiscoveryManager] Added new node to topology: TcpDiscoveryNode [id=61270069-05a9-4d88-835c-55fdf48f6b49, addrs=[0:0:0:0:0:0:0:1%lo, 127.0.0.1, 129.215.2.234], sockAddrs=[donners.inf.ed.ac.uk/129.215.2.234:0, /0:0:0:0:0:0:0:1%lo:0, /127.0.0.1:0], discPort=0, order=8, intOrder=5, lastExchangeTime=1479252486893, loc=false, ver=1.7.0#20160801-sha1:383273e3, isClient=true]
[23:28:06,908][INFO][disco-event-worker-#52%null%][GridDiscoveryManager] Topology snapshot [ver=8, servers=1, clients=1, CPUs=4, heap=2.7GB]
[23:28:06,913][INFO][exchange-worker-#55%null%][GridCachePartitionExchangeManager] Skipping rebalancing (nothing scheduled) [top=AffinityTopologyVersion [topVer=8, minorTopVer=0], evt=NODE_JOINED, node=61270069-05a9-4d88-835c-55fdf48f6b49]
[23:28:07,377][INFO][exchange-worker-#55%null%][GridCachePartitionExchangeManager] Skipping rebalancing (nothing scheduled) [top=AffinityTopologyVersion [topVer=8, minorTopVer=1], evt=DISCOVERY_CUSTOM_EVT, node=61270069-05a9-4d88-835c-55fdf48f6b49]
[23:28:07,469][INFO][disco-event-worker-#52%null%][GridDiscoveryManager] Node left topology: TcpDiscoveryNode [id=61270069-05a9-4d88-835c-55fdf48f6b49, addrs=[0:0:0:0:0:0:0:1%lo, 127.0.0.1, 129.215.2.234], sockAddrs=[donners.inf.ed.ac.uk/129.215.2.234:0, /0:0:0:0:0:0:0:1%lo:0, /127.0.0.1:0], discPort=0, order=8, intOrder=5, lastExchangeTime=1479252486893, loc=false, ver=1.7.0#20160801-sha1:383273e3, isClient=true]
[23:28:07,469][INFO][disco-event-worker-#52%null%][GridDiscoveryManager] Topology snapshot [ver=9, servers=1, clients=0, CPUs=4, heap=1.0GB]
[23:28:07,474][INFO][exchange-worker-#55%null%][GridCachePartitionExchangeManager] Skipping rebalancing (nothing scheduled) [top=AffinityTopologyVersion [topVer=9, minorTopVer=0], evt=NODE_LEFT, node=61270069-05a9-4d88-835c-55fdf48f6b49]
[23:28:33,559][INFO][grid-timeout-worker-#37%null%][IgniteKernal] 
Metrics for local node (to disable set 'metricsLogFrequency' to 0)
    ^-- Node [id=67a9e452, name=null, uptime=00:21:00:104]
    ^-- H/N/C [hosts=1, nodes=1, CPUs=4]
    ^-- CPU [cur=0.27%, avg=0.47%, GC=0%]
    ^-- Heap [used=261MB, free=73.37%, comm=981MB]
    ^-- Non heap [used=47MB, free=96.86%, comm=50MB]
    ^-- Public thread pool [active=0, idle=16, qSize=0]
    ^-- System thread pool [active=0, idle=16, qSize=0]
    ^-- Outbound messages queue [size=0]
[23:29:04,961][INFO][disco-event-worker-#52%null%][GridDiscoveryManager] Added new node to topology: TcpDiscoveryNode [id=43303896-2e61-4b0e-a2cf-58a62b79d978, addrs=[0:0:0:0:0:0:0:1%lo, 127.0.0.1, 129.215.2.234], sockAddrs=[donners.inf.ed.ac.uk/129.215.2.234:0, /0:0:0:0:0:0:0:1%lo:0, /127.0.0.1:0], discPort=0, order=10, intOrder=6, lastExchangeTime=1479252544956, loc=false, ver=1.7.0#20160801-sha1:383273e3, isClient=true]
[23:29:04,961][INFO][disco-event-worker-#52%null%][GridDiscoveryManager] Topology snapshot [ver=10, servers=1, clients=1, CPUs=4, heap=2.7GB]
[23:29:04,966][INFO][exchange-worker-#55%null%][GridCachePartitionExchangeManager] Skipping rebalancing (nothing scheduled) [top=AffinityTopologyVersion [topVer=10, minorTopVer=0], evt=NODE_JOINED, node=43303896-2e61-4b0e-a2cf-58a62b79d978]
[23:29:05,449][INFO][exchange-worker-#55%null%][GridCachePartitionExchangeManager] Skipping rebalancing (nothing scheduled) [top=AffinityTopologyVersion [topVer=10, minorTopVer=1], evt=DISCOVERY_CUSTOM_EVT, node=43303896-2e61-4b0e-a2cf-58a62b79d978]
[23:29:05,993][INFO][pub-#10%null%][GridDeploymentPerVersionStore] Class was deployed in SHARED or CONTINUOUS mode: class partC.StreamOne$1
[23:29:08,117][INFO][disco-event-worker-#52%null%][GridDiscoveryManager] Node left topology: TcpDiscoveryNode [id=43303896-2e61-4b0e-a2cf-58a62b79d978, addrs=[0:0:0:0:0:0:0:1%lo, 127.0.0.1, 129.215.2.234], sockAddrs=[donners.inf.ed.ac.uk/129.215.2.234:0, /0:0:0:0:0:0:0:1%lo:0, /127.0.0.1:0], discPort=0, order=10, intOrder=6, lastExchangeTime=1479252544956, loc=false, ver=1.7.0#20160801-sha1:383273e3, isClient=true]
[23:29:08,117][INFO][disco-event-worker-#52%null%][GridDiscoveryManager] Topology snapshot [ver=11, servers=1, clients=0, CPUs=4, heap=1.0GB]
[23:29:08,118][INFO][disco-event-worker-#52%null%][GridDeploymentPerVersionStore] Class was undeployed in SHARED or CONTINUOUS mode [cls=class partC.StreamOne$1, alias=partC.StreamOne$1]
[23:29:08,123][INFO][exchange-worker-#55%null%][GridCachePartitionExchangeManager] Skipping rebalancing (nothing scheduled) [top=AffinityTopologyVersion [topVer=11, minorTopVer=0], evt=NODE_LEFT, node=43303896-2e61-4b0e-a2cf-58a62b79d978]
[23:29:33,568][INFO][grid-timeout-worker-#37%null%][IgniteKernal] 
Metrics for local node (to disable set 'metricsLogFrequency' to 0)
    ^-- Node [id=67a9e452, name=null, uptime=00:22:00:114]
    ^-- H/N/C [hosts=1, nodes=1, CPUs=4]
    ^-- CPU [cur=0.33%, avg=0.48%, GC=0%]
    ^-- Heap [used=100MB, free=89.78%, comm=981MB]
    ^-- Non heap [used=48MB, free=96.83%, comm=50MB]
    ^-- Public thread pool [active=0, idle=16, qSize=0]
    ^-- System thread pool [active=0, idle=16, qSize=0]
    ^-- Outbound messages queue [size=0]
[23:30:33,573][INFO][grid-timeout-worker-#37%null%][IgniteKernal] 
Metrics for local node (to disable set 'metricsLogFrequency' to 0)
    ^-- Node [id=67a9e452, name=null, uptime=00:23:00:116]
    ^-- H/N/C [hosts=1, nodes=1, CPUs=4]
    ^-- CPU [cur=0.33%, avg=0.47%, GC=0%]
    ^-- Heap [used=103MB, free=89.47%, comm=981MB]
    ^-- Non heap [used=48MB, free=96.83%, comm=50MB]
    ^-- Public thread pool [active=0, idle=16, qSize=0]
    ^-- System thread pool [active=0, idle=16, qSize=0]
    ^-- Outbound messages queue [size=0]
[23:31:33,576][INFO][grid-timeout-worker-#37%null%][IgniteKernal] 
Metrics for local node (to disable set 'metricsLogFrequency' to 0)
    ^-- Node [id=67a9e452, name=null, uptime=00:24:00:119]
    ^-- H/N/C [hosts=1, nodes=1, CPUs=4]
    ^-- CPU [cur=0.23%, avg=0.46%, GC=0%]
    ^-- Heap [used=105MB, free=89.21%, comm=981MB]
    ^-- Non heap [used=48MB, free=96.83%, comm=50MB]
    ^-- Public thread pool [active=0, idle=16, qSize=0]
    ^-- System thread pool [active=0, idle=16, qSize=0]
    ^-- Outbound messages queue [size=0]
[23:32:33,583][INFO][grid-timeout-worker-#37%null%][IgniteKernal] 
Metrics for local node (to disable set 'metricsLogFrequency' to 0)
    ^-- Node [id=67a9e452, name=null, uptime=00:25:00:123]
    ^-- H/N/C [hosts=1, nodes=1, CPUs=4]
    ^-- CPU [cur=0.17%, avg=0.46%, GC=0%]
    ^-- Heap [used=108MB, free=88.93%, comm=981MB]
    ^-- Non heap [used=48MB, free=96.83%, comm=50MB]
    ^-- Public thread pool [active=0, idle=16, qSize=0]
    ^-- System thread pool [active=0, idle=16, qSize=0]
    ^-- Outbound messages queue [size=0]
[23:33:33,587][INFO][grid-timeout-worker-#37%null%][IgniteKernal] 
Metrics for local node (to disable set 'metricsLogFrequency' to 0)
    ^-- Node [id=67a9e452, name=null, uptime=00:26:00:127]
    ^-- H/N/C [hosts=1, nodes=1, CPUs=4]
    ^-- CPU [cur=0.27%, avg=0.45%, GC=0%]
    ^-- Heap [used=111MB, free=88.67%, comm=981MB]
    ^-- Non heap [used=48MB, free=96.83%, comm=50MB]
    ^-- Public thread pool [active=0, idle=16, qSize=0]
    ^-- System thread pool [active=0, idle=16, qSize=0]
    ^-- Outbound messages queue [size=0]
[23:34:33,588][INFO][grid-timeout-worker-#37%null%][IgniteKernal] 
Metrics for local node (to disable set 'metricsLogFrequency' to 0)
    ^-- Node [id=67a9e452, name=null, uptime=00:27:00:131]
    ^-- H/N/C [hosts=1, nodes=1, CPUs=4]
    ^-- CPU [cur=0.23%, avg=0.45%, GC=0%]
    ^-- Heap [used=113MB, free=88.41%, comm=981MB]
    ^-- Non heap [used=48MB, free=96.83%, comm=50MB]
    ^-- Public thread pool [active=0, idle=16, qSize=0]
    ^-- System thread pool [active=0, idle=16, qSize=0]
    ^-- Outbound messages queue [size=0]
[23:35:33,595][INFO][grid-timeout-worker-#37%null%][IgniteKernal] 
Metrics for local node (to disable set 'metricsLogFrequency' to 0)
    ^-- Node [id=67a9e452, name=null, uptime=00:28:00:141]
    ^-- H/N/C [hosts=1, nodes=1, CPUs=4]
    ^-- CPU [cur=0.23%, avg=0.44%, GC=0%]
    ^-- Heap [used=116MB, free=88.13%, comm=981MB]
    ^-- Non heap [used=47MB, free=96.85%, comm=50MB]
    ^-- Public thread pool [active=0, idle=16, qSize=0]
    ^-- System thread pool [active=0, idle=16, qSize=0]
    ^-- Outbound messages queue [size=0]
[23:36:33,606][INFO][grid-timeout-worker-#37%null%][IgniteKernal] 
Metrics for local node (to disable set 'metricsLogFrequency' to 0)
    ^-- Node [id=67a9e452, name=null, uptime=00:29:00:142]
    ^-- H/N/C [hosts=1, nodes=1, CPUs=4]
    ^-- CPU [cur=0.33%, avg=0.44%, GC=0%]
    ^-- Heap [used=119MB, free=87.87%, comm=981MB]
    ^-- Non heap [used=47MB, free=96.85%, comm=50MB]
    ^-- Public thread pool [active=0, idle=16, qSize=0]
    ^-- System thread pool [active=0, idle=16, qSize=0]
    ^-- Outbound messages queue [size=0]
[23:37:33,617][INFO][grid-timeout-worker-#37%null%][IgniteKernal] 
Metrics for local node (to disable set 'metricsLogFrequency' to 0)
    ^-- Node [id=67a9e452, name=null, uptime=00:30:00:158]
    ^-- H/N/C [hosts=1, nodes=1, CPUs=4]
    ^-- CPU [cur=0.33%, avg=0.43%, GC=0%]
    ^-- Heap [used=121MB, free=87.61%, comm=981MB]
    ^-- Non heap [used=47MB, free=96.84%, comm=50MB]
    ^-- Public thread pool [active=0, idle=16, qSize=0]
    ^-- System thread pool [active=0, idle=16, qSize=0]
    ^-- Outbound messages queue [size=0]
[23:38:33,620][INFO][grid-timeout-worker-#37%null%][IgniteKernal] 
Metrics for local node (to disable set 'metricsLogFrequency' to 0)
    ^-- Node [id=67a9e452, name=null, uptime=00:31:00:165]
    ^-- H/N/C [hosts=1, nodes=1, CPUs=4]
    ^-- CPU [cur=0.27%, avg=0.42%, GC=0%]
    ^-- Heap [used=124MB, free=87.33%, comm=981MB]
    ^-- Non heap [used=47MB, free=96.84%, comm=50MB]
    ^-- Public thread pool [active=0, idle=16, qSize=0]
    ^-- System thread pool [active=0, idle=16, qSize=0]
    ^-- Outbound messages queue [size=0]
[23:39:33,625][INFO][grid-timeout-worker-#37%null%][IgniteKernal] 
Metrics for local node (to disable set 'metricsLogFrequency' to 0)
    ^-- Node [id=67a9e452, name=null, uptime=00:32:00:169]
    ^-- H/N/C [hosts=1, nodes=1, CPUs=4]
    ^-- CPU [cur=0.27%, avg=0.42%, GC=0%]
    ^-- Heap [used=126MB, free=87.07%, comm=981MB]
    ^-- Non heap [used=48MB, free=96.84%, comm=50MB]
    ^-- Public thread pool [active=0, idle=16, qSize=0]
    ^-- System thread pool [active=0, idle=16, qSize=0]
    ^-- Outbound messages queue [size=0]
[23:40:01,210][INFO][disco-event-worker-#52%null%][GridDiscoveryManager] Added new node to topology: TcpDiscoveryNode [id=1722a58d-55f2-471c-b050-b8aca689d107, addrs=[0:0:0:0:0:0:0:1%lo, 127.0.0.1, 129.215.2.234], sockAddrs=[donners.inf.ed.ac.uk/129.215.2.234:0, /0:0:0:0:0:0:0:1%lo:0, /127.0.0.1:0], discPort=0, order=12, intOrder=7, lastExchangeTime=1479253201182, loc=false, ver=1.7.0#20160801-sha1:383273e3, isClient=true]
[23:40:01,211][INFO][disco-event-worker-#52%null%][GridDiscoveryManager] Topology snapshot [ver=12, servers=1, clients=1, CPUs=4, heap=2.7GB]
[23:40:01,214][INFO][exchange-worker-#55%null%][GridCachePartitionExchangeManager] Skipping rebalancing (nothing scheduled) [top=AffinityTopologyVersion [topVer=12, minorTopVer=0], evt=NODE_JOINED, node=1722a58d-55f2-471c-b050-b8aca689d107]
[23:40:01,670][INFO][exchange-worker-#55%null%][GridCachePartitionExchangeManager] Skipping rebalancing (nothing scheduled) [top=AffinityTopologyVersion [topVer=12, minorTopVer=1], evt=DISCOVERY_CUSTOM_EVT, node=1722a58d-55f2-471c-b050-b8aca689d107]
[23:40:02,362][INFO][pub-#3%null%][GridDeploymentPerVersionStore] Class was deployed in SHARED or CONTINUOUS mode: class partC.StreamOne$1
[23:40:04,432][INFO][disco-event-worker-#52%null%][GridDiscoveryManager] Node left topology: TcpDiscoveryNode [id=1722a58d-55f2-471c-b050-b8aca689d107, addrs=[0:0:0:0:0:0:0:1%lo, 127.0.0.1, 129.215.2.234], sockAddrs=[donners.inf.ed.ac.uk/129.215.2.234:0, /0:0:0:0:0:0:0:1%lo:0, /127.0.0.1:0], discPort=0, order=12, intOrder=7, lastExchangeTime=1479253201182, loc=false, ver=1.7.0#20160801-sha1:383273e3, isClient=true]
[23:40:04,437][INFO][disco-event-worker-#52%null%][GridDiscoveryManager] Topology snapshot [ver=13, servers=1, clients=0, CPUs=4, heap=1.0GB]
[23:40:04,437][INFO][disco-event-worker-#52%null%][GridDeploymentPerVersionStore] Class was undeployed in SHARED or CONTINUOUS mode [cls=class partC.StreamOne$1, alias=partC.StreamOne$1]
[23:40:04,440][INFO][exchange-worker-#55%null%][GridCachePartitionExchangeManager] Skipping rebalancing (nothing scheduled) [top=AffinityTopologyVersion [topVer=13, minorTopVer=0], evt=NODE_LEFT, node=1722a58d-55f2-471c-b050-b8aca689d107]
[23:40:33,634][INFO][grid-timeout-worker-#37%null%][IgniteKernal] 
Metrics for local node (to disable set 'metricsLogFrequency' to 0)
    ^-- Node [id=67a9e452, name=null, uptime=00:33:00:178]
    ^-- H/N/C [hosts=1, nodes=1, CPUs=4]
    ^-- CPU [cur=0.23%, avg=0.42%, GC=0%]
    ^-- Heap [used=203MB, free=79.3%, comm=981MB]
    ^-- Non heap [used=48MB, free=96.79%, comm=50MB]
    ^-- Public thread pool [active=0, idle=16, qSize=0]
    ^-- System thread pool [active=0, idle=16, qSize=0]
    ^-- Outbound messages queue [size=0]
[23:40:34,614][INFO][disco-event-worker-#52%null%][GridDiscoveryManager] Added new node to topology: TcpDiscoveryNode [id=d9bdde95-c4b0-4410-8105-b6167f303f61, addrs=[0:0:0:0:0:0:0:1%lo, 127.0.0.1, 129.215.2.234], sockAddrs=[donners.inf.ed.ac.uk/129.215.2.234:0, /0:0:0:0:0:0:0:1%lo:0, /127.0.0.1:0], discPort=0, order=14, intOrder=8, lastExchangeTime=1479253234588, loc=false, ver=1.7.0#20160801-sha1:383273e3, isClient=true]
[23:40:34,614][INFO][disco-event-worker-#52%null%][GridDiscoveryManager] Topology snapshot [ver=14, servers=1, clients=1, CPUs=4, heap=2.7GB]
[23:40:34,618][INFO][exchange-worker-#55%null%][GridCachePartitionExchangeManager] Skipping rebalancing (nothing scheduled) [top=AffinityTopologyVersion [topVer=14, minorTopVer=0], evt=NODE_JOINED, node=d9bdde95-c4b0-4410-8105-b6167f303f61]
[23:40:35,080][INFO][exchange-worker-#55%null%][GridCachePartitionExchangeManager] Skipping rebalancing (nothing scheduled) [top=AffinityTopologyVersion [topVer=14, minorTopVer=1], evt=DISCOVERY_CUSTOM_EVT, node=d9bdde95-c4b0-4410-8105-b6167f303f61]
[23:40:35,174][INFO][disco-event-worker-#52%null%][GridDiscoveryManager] Node left topology: TcpDiscoveryNode [id=d9bdde95-c4b0-4410-8105-b6167f303f61, addrs=[0:0:0:0:0:0:0:1%lo, 127.0.0.1, 129.215.2.234], sockAddrs=[donners.inf.ed.ac.uk/129.215.2.234:0, /0:0:0:0:0:0:0:1%lo:0, /127.0.0.1:0], discPort=0, order=14, intOrder=8, lastExchangeTime=1479253234588, loc=false, ver=1.7.0#20160801-sha1:383273e3, isClient=true]
[23:40:35,175][INFO][disco-event-worker-#52%null%][GridDiscoveryManager] Topology snapshot [ver=15, servers=1, clients=0, CPUs=4, heap=1.0GB]
[23:40:35,181][INFO][exchange-worker-#55%null%][GridCachePartitionExchangeManager] Skipping rebalancing (nothing scheduled) [top=AffinityTopologyVersion [topVer=15, minorTopVer=0], evt=NODE_LEFT, node=d9bdde95-c4b0-4410-8105-b6167f303f61]
[23:41:33,642][INFO][grid-timeout-worker-#37%null%][IgniteKernal] 
Metrics for local node (to disable set 'metricsLogFrequency' to 0)
    ^-- Node [id=67a9e452, name=null, uptime=00:34:00:183]
    ^-- H/N/C [hosts=1, nodes=1, CPUs=4]
    ^-- CPU [cur=0.27%, avg=0.42%, GC=0%]
    ^-- Heap [used=224MB, free=77.17%, comm=981MB]
    ^-- Non heap [used=48MB, free=96.81%, comm=51MB]
    ^-- Public thread pool [active=0, idle=16, qSize=0]
    ^-- System thread pool [active=0, idle=16, qSize=0]
    ^-- Outbound messages queue [size=0]
[23:42:33,645][INFO][grid-timeout-worker-#37%null%][IgniteKernal] 
Metrics for local node (to disable set 'metricsLogFrequency' to 0)
    ^-- Node [id=67a9e452, name=null, uptime=00:35:00:186]
    ^-- H/N/C [hosts=1, nodes=1, CPUs=4]
    ^-- CPU [cur=0.27%, avg=0.42%, GC=0%]
    ^-- Heap [used=226MB, free=76.94%, comm=981MB]
    ^-- Non heap [used=48MB, free=96.8%, comm=51MB]
    ^-- Public thread pool [active=0, idle=16, qSize=0]
    ^-- System thread pool [active=0, idle=16, qSize=0]
    ^-- Outbound messages queue [size=0]
[23:43:33,646][INFO][grid-timeout-worker-#37%null%][IgniteKernal] 
Metrics for local node (to disable set 'metricsLogFrequency' to 0)
    ^-- Node [id=67a9e452, name=null, uptime=00:36:00:189]
    ^-- H/N/C [hosts=1, nodes=1, CPUs=4]
    ^-- CPU [cur=0.23%, avg=0.41%, GC=0%]
    ^-- Heap [used=229MB, free=76.63%, comm=981MB]
    ^-- Non heap [used=48MB, free=96.8%, comm=51MB]
    ^-- Public thread pool [active=0, idle=16, qSize=0]
    ^-- System thread pool [active=0, idle=16, qSize=0]
    ^-- Outbound messages queue [size=0]
[23:44:33,651][INFO][grid-timeout-worker-#37%null%][IgniteKernal] 
Metrics for local node (to disable set 'metricsLogFrequency' to 0)
    ^-- Node [id=67a9e452, name=null, uptime=00:37:00:192]
    ^-- H/N/C [hosts=1, nodes=1, CPUs=4]
    ^-- CPU [cur=0.17%, avg=0.41%, GC=0%]
    ^-- Heap [used=231MB, free=76.4%, comm=981MB]
    ^-- Non heap [used=48MB, free=96.8%, comm=51MB]
    ^-- Public thread pool [active=0, idle=16, qSize=0]
    ^-- System thread pool [active=0, idle=16, qSize=0]
    ^-- Outbound messages queue [size=0]
[23:44:49,612][INFO][disco-event-worker-#52%null%][GridDiscoveryManager] Added new node to topology: TcpDiscoveryNode [id=12b6846a-8ee0-47c9-80b3-e95bec32e257, addrs=[0:0:0:0:0:0:0:1%lo, 127.0.0.1, 129.215.2.234], sockAddrs=[donners.inf.ed.ac.uk/129.215.2.234:0, /0:0:0:0:0:0:0:1%lo:0, /127.0.0.1:0], discPort=0, order=16, intOrder=9, lastExchangeTime=1479253489602, loc=false, ver=1.7.0#20160801-sha1:383273e3, isClient=true]
[23:44:49,613][INFO][disco-event-worker-#52%null%][GridDiscoveryManager] Topology snapshot [ver=16, servers=1, clients=1, CPUs=4, heap=2.7GB]
[23:44:49,618][INFO][exchange-worker-#55%null%][GridCachePartitionExchangeManager] Skipping rebalancing (nothing scheduled) [top=AffinityTopologyVersion [topVer=16, minorTopVer=0], evt=NODE_JOINED, node=12b6846a-8ee0-47c9-80b3-e95bec32e257]
[23:44:50,087][INFO][exchange-worker-#55%null%][GridCachePartitionExchangeManager] Skipping rebalancing (nothing scheduled) [top=AffinityTopologyVersion [topVer=16, minorTopVer=1], evt=DISCOVERY_CUSTOM_EVT, node=12b6846a-8ee0-47c9-80b3-e95bec32e257]
[23:44:50,665][INFO][pub-#10%null%][GridDeploymentPerVersionStore] Class was deployed in SHARED or CONTINUOUS mode: class partC.StreamOne$1
[23:44:52,769][INFO][disco-event-worker-#52%null%][GridDiscoveryManager] Node left topology: TcpDiscoveryNode [id=12b6846a-8ee0-47c9-80b3-e95bec32e257, addrs=[0:0:0:0:0:0:0:1%lo, 127.0.0.1, 129.215.2.234], sockAddrs=[donners.inf.ed.ac.uk/129.215.2.234:0, /0:0:0:0:0:0:0:1%lo:0, /127.0.0.1:0], discPort=0, order=16, intOrder=9, lastExchangeTime=1479253489602, loc=false, ver=1.7.0#20160801-sha1:383273e3, isClient=true]
[23:44:52,770][INFO][disco-event-worker-#52%null%][GridDiscoveryManager] Topology snapshot [ver=17, servers=1, clients=0, CPUs=4, heap=1.0GB]
[23:44:52,770][INFO][disco-event-worker-#52%null%][GridDeploymentPerVersionStore] Class was undeployed in SHARED or CONTINUOUS mode [cls=class partC.StreamOne$1, alias=partC.StreamOne$1]
[23:44:52,774][INFO][exchange-worker-#55%null%][GridCachePartitionExchangeManager] Skipping rebalancing (nothing scheduled) [top=AffinityTopologyVersion [topVer=17, minorTopVer=0], evt=NODE_LEFT, node=12b6846a-8ee0-47c9-80b3-e95bec32e257]
[23:44:57,544][INFO][disco-event-worker-#52%null%][GridDiscoveryManager] Added new node to topology: TcpDiscoveryNode [id=12421296-f2da-4553-8c5e-4fb12dbcfbe6, addrs=[0:0:0:0:0:0:0:1%lo, 127.0.0.1, 129.215.2.234], sockAddrs=[donners.inf.ed.ac.uk/129.215.2.234:0, /0:0:0:0:0:0:0:1%lo:0, /127.0.0.1:0], discPort=0, order=18, intOrder=10, lastExchangeTime=1479253497529, loc=false, ver=1.7.0#20160801-sha1:383273e3, isClient=true]
[23:44:57,544][INFO][disco-event-worker-#52%null%][GridDiscoveryManager] Topology snapshot [ver=18, servers=1, clients=1, CPUs=4, heap=2.7GB]
[23:44:57,547][INFO][exchange-worker-#55%null%][GridCachePartitionExchangeManager] Skipping rebalancing (nothing scheduled) [top=AffinityTopologyVersion [topVer=18, minorTopVer=0], evt=NODE_JOINED, node=12421296-f2da-4553-8c5e-4fb12dbcfbe6]
[23:44:58,046][INFO][exchange-worker-#55%null%][GridCachePartitionExchangeManager] Skipping rebalancing (nothing scheduled) [top=AffinityTopologyVersion [topVer=18, minorTopVer=1], evt=DISCOVERY_CUSTOM_EVT, node=12421296-f2da-4553-8c5e-4fb12dbcfbe6]
[23:44:58,135][INFO][disco-event-worker-#52%null%][GridDiscoveryManager] Node left topology: TcpDiscoveryNode [id=12421296-f2da-4553-8c5e-4fb12dbcfbe6, addrs=[0:0:0:0:0:0:0:1%lo, 127.0.0.1, 129.215.2.234], sockAddrs=[donners.inf.ed.ac.uk/129.215.2.234:0, /0:0:0:0:0:0:0:1%lo:0, /127.0.0.1:0], discPort=0, order=18, intOrder=10, lastExchangeTime=1479253497529, loc=false, ver=1.7.0#20160801-sha1:383273e3, isClient=true]
[23:44:58,135][INFO][disco-event-worker-#52%null%][GridDiscoveryManager] Topology snapshot [ver=19, servers=1, clients=0, CPUs=4, heap=1.0GB]
[23:44:58,138][INFO][exchange-worker-#55%null%][GridCachePartitionExchangeManager] Skipping rebalancing (nothing scheduled) [top=AffinityTopologyVersion [topVer=19, minorTopVer=0], evt=NODE_LEFT, node=12421296-f2da-4553-8c5e-4fb12dbcfbe6]
[23:45:30,307][INFO][disco-event-worker-#52%null%][GridDiscoveryManager] Added new node to topology: TcpDiscoveryNode [id=f8189568-6c0d-427a-98c5-fe666b4003b0, addrs=[0:0:0:0:0:0:0:1%lo, 127.0.0.1, 129.215.2.234], sockAddrs=[donners.inf.ed.ac.uk/129.215.2.234:0, /0:0:0:0:0:0:0:1%lo:0, /127.0.0.1:0], discPort=0, order=20, intOrder=11, lastExchangeTime=1479253530289, loc=false, ver=1.7.0#20160801-sha1:383273e3, isClient=true]
[23:45:30,307][INFO][disco-event-worker-#52%null%][GridDiscoveryManager] Topology snapshot [ver=20, servers=1, clients=1, CPUs=4, heap=2.7GB]
[23:45:30,314][INFO][exchange-worker-#55%null%][GridCachePartitionExchangeManager] Skipping rebalancing (nothing scheduled) [top=AffinityTopologyVersion [topVer=20, minorTopVer=0], evt=NODE_JOINED, node=f8189568-6c0d-427a-98c5-fe666b4003b0]
[23:45:30,799][INFO][exchange-worker-#55%null%][GridCachePartitionExchangeManager] Skipping rebalancing (nothing scheduled) [top=AffinityTopologyVersion [topVer=20, minorTopVer=1], evt=DISCOVERY_CUSTOM_EVT, node=f8189568-6c0d-427a-98c5-fe666b4003b0]
[23:45:31,443][INFO][pub-#6%null%][GridDeploymentPerVersionStore] Class was deployed in SHARED or CONTINUOUS mode: class partC.StreamOne$1
[23:45:33,654][INFO][grid-timeout-worker-#37%null%][IgniteKernal] 
Metrics for local node (to disable set 'metricsLogFrequency' to 0)
    ^-- Node [id=67a9e452, name=null, uptime=00:38:00:199]
    ^-- H/N/C [hosts=1, nodes=2, CPUs=4]
    ^-- CPU [cur=2.43%, avg=0.41%, GC=0.2%]
    ^-- Heap [used=133MB, free=86.4%, comm=981MB]
    ^-- Non heap [used=49MB, free=96.75%, comm=51MB]
    ^-- Public thread pool [active=1, idle=15, qSize=0]
    ^-- System thread pool [active=0, idle=16, qSize=0]
    ^-- Outbound messages queue [size=0]
[23:45:33,670][INFO][disco-event-worker-#52%null%][GridDiscoveryManager] Node left topology: TcpDiscoveryNode [id=f8189568-6c0d-427a-98c5-fe666b4003b0, addrs=[0:0:0:0:0:0:0:1%lo, 127.0.0.1, 129.215.2.234], sockAddrs=[donners.inf.ed.ac.uk/129.215.2.234:0, /0:0:0:0:0:0:0:1%lo:0, /127.0.0.1:0], discPort=0, order=20, intOrder=11, lastExchangeTime=1479253530289, loc=false, ver=1.7.0#20160801-sha1:383273e3, isClient=true]
[23:45:33,670][INFO][disco-event-worker-#52%null%][GridDiscoveryManager] Topology snapshot [ver=21, servers=1, clients=0, CPUs=4, heap=1.0GB]
[23:45:33,670][INFO][disco-event-worker-#52%null%][GridDeploymentPerVersionStore] Class was undeployed in SHARED or CONTINUOUS mode [cls=class partC.StreamOne$1, alias=partC.StreamOne$1]
[23:45:33,675][INFO][exchange-worker-#55%null%][GridCachePartitionExchangeManager] Skipping rebalancing (nothing scheduled) [top=AffinityTopologyVersion [topVer=21, minorTopVer=0], evt=NODE_LEFT, node=f8189568-6c0d-427a-98c5-fe666b4003b0]
[23:45:38,022][INFO][disco-event-worker-#52%null%][GridDiscoveryManager] Added new node to topology: TcpDiscoveryNode [id=9535e488-4fee-42fe-aaf1-b1d64857ac8f, addrs=[0:0:0:0:0:0:0:1%lo, 127.0.0.1, 129.215.2.234], sockAddrs=[donners.inf.ed.ac.uk/129.215.2.234:0, /0:0:0:0:0:0:0:1%lo:0, /127.0.0.1:0], discPort=0, order=22, intOrder=12, lastExchangeTime=1479253538009, loc=false, ver=1.7.0#20160801-sha1:383273e3, isClient=true]
[23:45:38,022][INFO][disco-event-worker-#52%null%][GridDiscoveryManager] Topology snapshot [ver=22, servers=1, clients=1, CPUs=4, heap=2.7GB]
[23:45:38,025][INFO][exchange-worker-#55%null%][GridCachePartitionExchangeManager] Skipping rebalancing (nothing scheduled) [top=AffinityTopologyVersion [topVer=22, minorTopVer=0], evt=NODE_JOINED, node=9535e488-4fee-42fe-aaf1-b1d64857ac8f]
[23:45:38,643][INFO][exchange-worker-#55%null%][GridCachePartitionExchangeManager] Skipping rebalancing (nothing scheduled) [top=AffinityTopologyVersion [topVer=22, minorTopVer=1], evt=DISCOVERY_CUSTOM_EVT, node=9535e488-4fee-42fe-aaf1-b1d64857ac8f]
[23:45:38,743][INFO][disco-event-worker-#52%null%][GridDiscoveryManager] Node left topology: TcpDiscoveryNode [id=9535e488-4fee-42fe-aaf1-b1d64857ac8f, addrs=[0:0:0:0:0:0:0:1%lo, 127.0.0.1, 129.215.2.234], sockAddrs=[donners.inf.ed.ac.uk/129.215.2.234:0, /0:0:0:0:0:0:0:1%lo:0, /127.0.0.1:0], discPort=0, order=22, intOrder=12, lastExchangeTime=1479253538009, loc=false, ver=1.7.0#20160801-sha1:383273e3, isClient=true]
[23:45:38,743][INFO][disco-event-worker-#52%null%][GridDiscoveryManager] Topology snapshot [ver=23, servers=1, clients=0, CPUs=4, heap=1.0GB]
[23:45:38,746][INFO][exchange-worker-#55%null%][GridCachePartitionExchangeManager] Skipping rebalancing (nothing scheduled) [top=AffinityTopologyVersion [topVer=23, minorTopVer=0], evt=NODE_LEFT, node=9535e488-4fee-42fe-aaf1-b1d64857ac8f]
[23:46:33,659][INFO][grid-timeout-worker-#37%null%][IgniteKernal] 
Metrics for local node (to disable set 'metricsLogFrequency' to 0)
    ^-- Node [id=67a9e452, name=null, uptime=00:39:00:204]
    ^-- H/N/C [hosts=1, nodes=1, CPUs=4]
    ^-- CPU [cur=0.33%, avg=0.42%, GC=0%]
    ^-- Heap [used=73MB, free=92.49%, comm=977MB]
    ^-- Non heap [used=49MB, free=96.77%, comm=52MB]
    ^-- Public thread pool [active=0, idle=16, qSize=0]
    ^-- System thread pool [active=0, idle=16, qSize=0]
    ^-- Outbound messages queue [size=0]
[23:46:37,551][INFO][disco-event-worker-#52%null%][GridDiscoveryManager] Added new node to topology: TcpDiscoveryNode [id=d305ec14-f577-4073-ad73-4644b922b21d, addrs=[0:0:0:0:0:0:0:1%lo, 127.0.0.1, 129.215.2.234], sockAddrs=[donners.inf.ed.ac.uk/129.215.2.234:0, /0:0:0:0:0:0:0:1%lo:0, /127.0.0.1:0], discPort=0, order=24, intOrder=13, lastExchangeTime=1479253597544, loc=false, ver=1.7.0#20160801-sha1:383273e3, isClient=true]
[23:46:37,552][INFO][disco-event-worker-#52%null%][GridDiscoveryManager] Topology snapshot [ver=24, servers=1, clients=1, CPUs=4, heap=2.7GB]
[23:46:37,557][INFO][exchange-worker-#55%null%][GridCachePartitionExchangeManager] Skipping rebalancing (nothing scheduled) [top=AffinityTopologyVersion [topVer=24, minorTopVer=0], evt=NODE_JOINED, node=d305ec14-f577-4073-ad73-4644b922b21d]
[23:46:38,046][INFO][exchange-worker-#55%null%][GridCachePartitionExchangeManager] Skipping rebalancing (nothing scheduled) [top=AffinityTopologyVersion [topVer=24, minorTopVer=1], evt=DISCOVERY_CUSTOM_EVT, node=d305ec14-f577-4073-ad73-4644b922b21d]
[23:46:39,386][INFO][pub-#13%null%][GridDeploymentPerVersionStore] Class was deployed in SHARED or CONTINUOUS mode: class partC.StreamOne$1
[23:46:48,542][INFO][disco-event-worker-#52%null%][GridDiscoveryManager] Node left topology: TcpDiscoveryNode [id=d305ec14-f577-4073-ad73-4644b922b21d, addrs=[0:0:0:0:0:0:0:1%lo, 127.0.0.1, 129.215.2.234], sockAddrs=[donners.inf.ed.ac.uk/129.215.2.234:0, /0:0:0:0:0:0:0:1%lo:0, /127.0.0.1:0], discPort=0, order=24, intOrder=13, lastExchangeTime=1479253597544, loc=false, ver=1.7.0#20160801-sha1:383273e3, isClient=true]
[23:46:48,542][INFO][disco-event-worker-#52%null%][GridDiscoveryManager] Topology snapshot [ver=25, servers=1, clients=0, CPUs=4, heap=1.0GB]
[23:46:48,543][INFO][disco-event-worker-#52%null%][GridDeploymentPerVersionStore] Class was undeployed in SHARED or CONTINUOUS mode [cls=class partC.StreamOne$1, alias=partC.StreamOne$1]
[23:46:48,546][INFO][exchange-worker-#55%null%][GridCachePartitionExchangeManager] Skipping rebalancing (nothing scheduled) [top=AffinityTopologyVersion [topVer=25, minorTopVer=0], evt=NODE_LEFT, node=d305ec14-f577-4073-ad73-4644b922b21d]
[23:47:01,967][INFO][disco-event-worker-#52%null%][GridDiscoveryManager] Added new node to topology: TcpDiscoveryNode [id=f005e0cd-1a52-4369-97e1-5c9e655c8db1, addrs=[0:0:0:0:0:0:0:1%lo, 127.0.0.1, 129.215.2.234], sockAddrs=[donners.inf.ed.ac.uk/129.215.2.234:0, /0:0:0:0:0:0:0:1%lo:0, /127.0.0.1:0], discPort=0, order=26, intOrder=14, lastExchangeTime=1479253621948, loc=false, ver=1.7.0#20160801-sha1:383273e3, isClient=true]
[23:47:01,967][INFO][disco-event-worker-#52%null%][GridDiscoveryManager] Topology snapshot [ver=26, servers=1, clients=1, CPUs=4, heap=2.7GB]
[23:47:01,970][INFO][exchange-worker-#55%null%][GridCachePartitionExchangeManager] Skipping rebalancing (nothing scheduled) [top=AffinityTopologyVersion [topVer=26, minorTopVer=0], evt=NODE_JOINED, node=f005e0cd-1a52-4369-97e1-5c9e655c8db1]
[23:47:02,451][INFO][exchange-worker-#55%null%][GridCachePartitionExchangeManager] Skipping rebalancing (nothing scheduled) [top=AffinityTopologyVersion [topVer=26, minorTopVer=1], evt=DISCOVERY_CUSTOM_EVT, node=f005e0cd-1a52-4369-97e1-5c9e655c8db1]
[23:47:03,719][INFO][pub-#6%null%][GridDeploymentPerVersionStore] Class was deployed in SHARED or CONTINUOUS mode: class partC.StreamOne$1
[23:47:12,739][INFO][disco-event-worker-#52%null%][GridDiscoveryManager] Node left topology: TcpDiscoveryNode [id=f005e0cd-1a52-4369-97e1-5c9e655c8db1, addrs=[0:0:0:0:0:0:0:1%lo, 127.0.0.1, 129.215.2.234], sockAddrs=[donners.inf.ed.ac.uk/129.215.2.234:0, /0:0:0:0:0:0:0:1%lo:0, /127.0.0.1:0], discPort=0, order=26, intOrder=14, lastExchangeTime=1479253621948, loc=false, ver=1.7.0#20160801-sha1:383273e3, isClient=true]
[23:47:12,739][INFO][disco-event-worker-#52%null%][GridDiscoveryManager] Topology snapshot [ver=27, servers=1, clients=0, CPUs=4, heap=1.0GB]
[23:47:12,739][INFO][disco-event-worker-#52%null%][GridDeploymentPerVersionStore] Class was undeployed in SHARED or CONTINUOUS mode [cls=class partC.StreamOne$1, alias=partC.StreamOne$1]
[23:47:12,741][INFO][exchange-worker-#55%null%][GridCachePartitionExchangeManager] Skipping rebalancing (nothing scheduled) [top=AffinityTopologyVersion [topVer=27, minorTopVer=0], evt=NODE_LEFT, node=f005e0cd-1a52-4369-97e1-5c9e655c8db1]
[23:47:33,661][INFO][grid-timeout-worker-#37%null%][IgniteKernal] 
Metrics for local node (to disable set 'metricsLogFrequency' to 0)
    ^-- Node [id=67a9e452, name=null, uptime=00:40:00:204]
    ^-- H/N/C [hosts=1, nodes=1, CPUs=4]
    ^-- CPU [cur=0.17%, avg=0.43%, GC=0%]
    ^-- Heap [used=211MB, free=78.36%, comm=977MB]
    ^-- Non heap [used=49MB, free=96.73%, comm=52MB]
    ^-- Public thread pool [active=0, idle=16, qSize=0]
    ^-- System thread pool [active=0, idle=16, qSize=0]
    ^-- Outbound messages queue [size=0]
[23:48:33,666][INFO][grid-timeout-worker-#37%null%][IgniteKernal] 
Metrics for local node (to disable set 'metricsLogFrequency' to 0)
    ^-- Node [id=67a9e452, name=null, uptime=00:41:00:208]
    ^-- H/N/C [hosts=1, nodes=1, CPUs=4]
    ^-- CPU [cur=0.07%, avg=0.43%, GC=0%]
    ^-- Heap [used=214MB, free=78.06%, comm=977MB]
    ^-- Non heap [used=49MB, free=96.73%, comm=52MB]
    ^-- Public thread pool [active=0, idle=16, qSize=0]
    ^-- System thread pool [active=0, idle=16, qSize=0]
    ^-- Outbound messages queue [size=0]
[23:49:33,671][INFO][grid-timeout-worker-#37%null%][IgniteKernal] 
Metrics for local node (to disable set 'metricsLogFrequency' to 0)
    ^-- Node [id=67a9e452, name=null, uptime=00:42:00:215]
    ^-- H/N/C [hosts=1, nodes=1, CPUs=4]
    ^-- CPU [cur=0.27%, avg=0.42%, GC=0%]
    ^-- Heap [used=216MB, free=77.83%, comm=977MB]
    ^-- Non heap [used=49MB, free=96.73%, comm=52MB]
    ^-- Public thread pool [active=0, idle=16, qSize=0]
    ^-- System thread pool [active=0, idle=16, qSize=0]
    ^-- Outbound messages queue [size=0]
[23:50:33,678][INFO][grid-timeout-worker-#37%null%][IgniteKernal] 
Metrics for local node (to disable set 'metricsLogFrequency' to 0)
    ^-- Node [id=67a9e452, name=null, uptime=00:43:00:223]
    ^-- H/N/C [hosts=1, nodes=1, CPUs=4]
    ^-- CPU [cur=0.23%, avg=0.42%, GC=0%]
    ^-- Heap [used=219MB, free=77.53%, comm=977MB]
    ^-- Non heap [used=49MB, free=96.72%, comm=53MB]
    ^-- Public thread pool [active=0, idle=16, qSize=0]
    ^-- System thread pool [active=0, idle=16, qSize=0]
    ^-- Outbound messages queue [size=0]
[23:51:33,686][INFO][grid-timeout-worker-#37%null%][IgniteKernal] 
Metrics for local node (to disable set 'metricsLogFrequency' to 0)
    ^-- Node [id=67a9e452, name=null, uptime=00:44:00:230]
    ^-- H/N/C [hosts=1, nodes=1, CPUs=4]
    ^-- CPU [cur=0.23%, avg=0.42%, GC=0%]
    ^-- Heap [used=221MB, free=77.32%, comm=977MB]
    ^-- Non heap [used=49MB, free=96.72%, comm=53MB]
    ^-- Public thread pool [active=0, idle=16, qSize=0]
    ^-- System thread pool [active=0, idle=16, qSize=0]
    ^-- Outbound messages queue [size=0]
[23:51:35,672][INFO][disco-event-worker-#52%null%][GridDiscoveryManager] Added new node to topology: TcpDiscoveryNode [id=a96bdf2c-2309-4cce-8600-b6465c85ce3e, addrs=[0:0:0:0:0:0:0:1%lo, 127.0.0.1, 129.215.2.234], sockAddrs=[donners.inf.ed.ac.uk/129.215.2.234:0, /0:0:0:0:0:0:0:1%lo:0, /127.0.0.1:0], discPort=0, order=28, intOrder=15, lastExchangeTime=1479253895651, loc=false, ver=1.7.0#20160801-sha1:383273e3, isClient=true]
[23:51:35,673][INFO][disco-event-worker-#52%null%][GridDiscoveryManager] Topology snapshot [ver=28, servers=1, clients=1, CPUs=4, heap=2.7GB]
[23:51:35,675][INFO][exchange-worker-#55%null%][GridCachePartitionExchangeManager] Skipping rebalancing (nothing scheduled) [top=AffinityTopologyVersion [topVer=28, minorTopVer=0], evt=NODE_JOINED, node=a96bdf2c-2309-4cce-8600-b6465c85ce3e]
[23:51:36,135][INFO][exchange-worker-#55%null%][GridCacheProcessor] Started cache [name=partC, mode=PARTITIONED]
[23:51:36,144][INFO][exchange-worker-#55%null%][GridCachePartitionExchangeManager] Skipping rebalancing (nothing scheduled) [top=AffinityTopologyVersion [topVer=28, minorTopVer=1], evt=DISCOVERY_CUSTOM_EVT, node=a96bdf2c-2309-4cce-8600-b6465c85ce3e]
[23:51:36,673][INFO][pub-#12%null%][GridDeploymentPerVersionStore] Class was deployed in SHARED or CONTINUOUS mode: class partC.StreamOne$1
[23:51:38,692][INFO][disco-event-worker-#52%null%][GridDiscoveryManager] Node left topology: TcpDiscoveryNode [id=a96bdf2c-2309-4cce-8600-b6465c85ce3e, addrs=[0:0:0:0:0:0:0:1%lo, 127.0.0.1, 129.215.2.234], sockAddrs=[donners.inf.ed.ac.uk/129.215.2.234:0, /0:0:0:0:0:0:0:1%lo:0, /127.0.0.1:0], discPort=0, order=28, intOrder=15, lastExchangeTime=1479253895651, loc=false, ver=1.7.0#20160801-sha1:383273e3, isClient=true]
[23:51:38,693][INFO][disco-event-worker-#52%null%][GridDiscoveryManager] Topology snapshot [ver=29, servers=1, clients=0, CPUs=4, heap=1.0GB]
[23:51:38,693][INFO][disco-event-worker-#52%null%][GridDeploymentPerVersionStore] Class was undeployed in SHARED or CONTINUOUS mode [cls=class partC.StreamOne$1, alias=partC.StreamOne$1]
[23:51:38,702][INFO][exchange-worker-#55%null%][GridCachePartitionExchangeManager] Skipping rebalancing (nothing scheduled) [top=AffinityTopologyVersion [topVer=29, minorTopVer=0], evt=NODE_LEFT, node=a96bdf2c-2309-4cce-8600-b6465c85ce3e]
[23:51:54,034][INFO][disco-event-worker-#52%null%][GridDiscoveryManager] Added new node to topology: TcpDiscoveryNode [id=77cc5f01-5c1b-475d-8948-68f52f033940, addrs=[0:0:0:0:0:0:0:1%lo, 127.0.0.1, 129.215.2.234], sockAddrs=[donners.inf.ed.ac.uk/129.215.2.234:0, /0:0:0:0:0:0:0:1%lo:0, /127.0.0.1:0], discPort=0, order=30, intOrder=16, lastExchangeTime=1479253914018, loc=false, ver=1.7.0#20160801-sha1:383273e3, isClient=true]
[23:51:54,034][INFO][disco-event-worker-#52%null%][GridDiscoveryManager] Topology snapshot [ver=30, servers=1, clients=1, CPUs=4, heap=2.7GB]
[23:51:54,058][INFO][exchange-worker-#55%null%][GridCachePartitionExchangeManager] Skipping rebalancing (nothing scheduled) [top=AffinityTopologyVersion [topVer=30, minorTopVer=0], evt=NODE_JOINED, node=77cc5f01-5c1b-475d-8948-68f52f033940]
[23:51:54,556][INFO][exchange-worker-#55%null%][GridCachePartitionExchangeManager] Skipping rebalancing (nothing scheduled) [top=AffinityTopologyVersion [topVer=30, minorTopVer=1], evt=DISCOVERY_CUSTOM_EVT, node=77cc5f01-5c1b-475d-8948-68f52f033940]
[23:51:54,587][INFO][disco-event-worker-#52%null%][GridDiscoveryManager] Node left topology: TcpDiscoveryNode [id=77cc5f01-5c1b-475d-8948-68f52f033940, addrs=[0:0:0:0:0:0:0:1%lo, 127.0.0.1, 129.215.2.234], sockAddrs=[donners.inf.ed.ac.uk/129.215.2.234:0, /0:0:0:0:0:0:0:1%lo:0, /127.0.0.1:0], discPort=0, order=30, intOrder=16, lastExchangeTime=1479253914018, loc=false, ver=1.7.0#20160801-sha1:383273e3, isClient=true]
[23:51:54,587][INFO][disco-event-worker-#52%null%][GridDiscoveryManager] Topology snapshot [ver=31, servers=1, clients=0, CPUs=4, heap=1.0GB]
[23:51:54,592][INFO][exchange-worker-#55%null%][GridCachePartitionExchangeManager] Skipping rebalancing (nothing scheduled) [top=AffinityTopologyVersion [topVer=31, minorTopVer=0], evt=NODE_LEFT, node=77cc5f01-5c1b-475d-8948-68f52f033940]
[23:52:33,686][INFO][grid-timeout-worker-#37%null%][IgniteKernal] 
Metrics for local node (to disable set 'metricsLogFrequency' to 0)
    ^-- Node [id=67a9e452, name=null, uptime=00:45:00:230]
    ^-- H/N/C [hosts=1, nodes=1, CPUs=4]
    ^-- CPU [cur=0.33%, avg=0.42%, GC=0%]
    ^-- Heap [used=97MB, free=89.68%, comm=947MB]
    ^-- Non heap [used=50MB, free=96.67%, comm=53MB]
    ^-- Public thread pool [active=0, idle=16, qSize=0]
    ^-- System thread pool [active=0, idle=16, qSize=0]
    ^-- Outbound messages queue [size=0]
[23:53:33,692][INFO][grid-timeout-worker-#37%null%][IgniteKernal] 
Metrics for local node (to disable set 'metricsLogFrequency' to 0)
    ^-- Node [id=67a9e452, name=null, uptime=00:46:00:236]
    ^-- H/N/C [hosts=1, nodes=1, CPUs=4]
    ^-- CPU [cur=0.17%, avg=0.42%, GC=0%]
    ^-- Heap [used=100MB, free=89.38%, comm=947MB]
    ^-- Non heap [used=50MB, free=96.67%, comm=53MB]
    ^-- Public thread pool [active=0, idle=16, qSize=0]
    ^-- System thread pool [active=0, idle=16, qSize=0]
    ^-- Outbound messages queue [size=0]
[23:53:37,882][INFO][disco-event-worker-#52%null%][GridDiscoveryManager] Added new node to topology: TcpDiscoveryNode [id=ef9251e1-03b9-4ff7-af74-8f107e597337, addrs=[0:0:0:0:0:0:0:1%lo, 127.0.0.1, 129.215.2.234], sockAddrs=[donners.inf.ed.ac.uk/129.215.2.234:0, /0:0:0:0:0:0:0:1%lo:0, /127.0.0.1:0], discPort=0, order=32, intOrder=17, lastExchangeTime=1479254017868, loc=false, ver=1.7.0#20160801-sha1:383273e3, isClient=true]
[23:53:37,882][INFO][disco-event-worker-#52%null%][GridDiscoveryManager] Topology snapshot [ver=32, servers=1, clients=1, CPUs=4, heap=2.7GB]
[23:53:37,896][INFO][exchange-worker-#55%null%][GridCachePartitionExchangeManager] Skipping rebalancing (nothing scheduled) [top=AffinityTopologyVersion [topVer=32, minorTopVer=0], evt=NODE_JOINED, node=ef9251e1-03b9-4ff7-af74-8f107e597337]
[23:53:38,669][INFO][exchange-worker-#55%null%][GridCachePartitionExchangeManager] Skipping rebalancing (nothing scheduled) [top=AffinityTopologyVersion [topVer=32, minorTopVer=1], evt=DISCOVERY_CUSTOM_EVT, node=ef9251e1-03b9-4ff7-af74-8f107e597337]
[23:53:39,524][INFO][pub-#1%null%][GridDeploymentPerVersionStore] Class was deployed in SHARED or CONTINUOUS mode: class partC.StreamOne$1
[23:53:40,115][INFO][disco-event-worker-#52%null%][GridDiscoveryManager] Added new node to topology: TcpDiscoveryNode [id=2ba09ec8-f8a8-4909-bc30-09a5f8ff409c, addrs=[0:0:0:0:0:0:0:1%lo, 127.0.0.1, 129.215.2.234], sockAddrs=[donners.inf.ed.ac.uk/129.215.2.234:0, /0:0:0:0:0:0:0:1%lo:0, /127.0.0.1:0], discPort=0, order=33, intOrder=18, lastExchangeTime=1479254020100, loc=false, ver=1.7.0#20160801-sha1:383273e3, isClient=true]
[23:53:40,115][INFO][disco-event-worker-#52%null%][GridDiscoveryManager] Topology snapshot [ver=33, servers=1, clients=2, CPUs=4, heap=4.4GB]
[23:53:40,119][INFO][exchange-worker-#55%null%][GridCachePartitionExchangeManager] Skipping rebalancing (nothing scheduled) [top=AffinityTopologyVersion [topVer=33, minorTopVer=0], evt=NODE_JOINED, node=2ba09ec8-f8a8-4909-bc30-09a5f8ff409c]
[23:53:40,728][INFO][exchange-worker-#55%null%][GridCachePartitionExchangeManager] Skipping rebalancing (nothing scheduled) [top=AffinityTopologyVersion [topVer=33, minorTopVer=1], evt=DISCOVERY_CUSTOM_EVT, node=2ba09ec8-f8a8-4909-bc30-09a5f8ff409c]
[23:53:40,986][INFO][disco-event-worker-#52%null%][GridDiscoveryManager] Node left topology: TcpDiscoveryNode [id=2ba09ec8-f8a8-4909-bc30-09a5f8ff409c, addrs=[0:0:0:0:0:0:0:1%lo, 127.0.0.1, 129.215.2.234], sockAddrs=[donners.inf.ed.ac.uk/129.215.2.234:0, /0:0:0:0:0:0:0:1%lo:0, /127.0.0.1:0], discPort=0, order=33, intOrder=18, lastExchangeTime=1479254020100, loc=false, ver=1.7.0#20160801-sha1:383273e3, isClient=true]
[23:53:40,987][INFO][disco-event-worker-#52%null%][GridDiscoveryManager] Topology snapshot [ver=34, servers=1, clients=1, CPUs=4, heap=2.7GB]
[23:53:40,989][INFO][exchange-worker-#55%null%][GridCachePartitionExchangeManager] Skipping rebalancing (nothing scheduled) [top=AffinityTopologyVersion [topVer=34, minorTopVer=0], evt=NODE_LEFT, node=2ba09ec8-f8a8-4909-bc30-09a5f8ff409c]
[23:53:41,984][INFO][disco-event-worker-#52%null%][GridDiscoveryManager] Node left topology: TcpDiscoveryNode [id=ef9251e1-03b9-4ff7-af74-8f107e597337, addrs=[0:0:0:0:0:0:0:1%lo, 127.0.0.1, 129.215.2.234], sockAddrs=[donners.inf.ed.ac.uk/129.215.2.234:0, /0:0:0:0:0:0:0:1%lo:0, /127.0.0.1:0], discPort=0, order=32, intOrder=17, lastExchangeTime=1479254017868, loc=false, ver=1.7.0#20160801-sha1:383273e3, isClient=true]
[23:53:41,984][INFO][disco-event-worker-#52%null%][GridDiscoveryManager] Topology snapshot [ver=35, servers=1, clients=0, CPUs=4, heap=1.0GB]
[23:53:41,984][INFO][disco-event-worker-#52%null%][GridDeploymentPerVersionStore] Class was undeployed in SHARED or CONTINUOUS mode [cls=class partC.StreamOne$1, alias=partC.StreamOne$1]
[23:53:41,989][INFO][exchange-worker-#55%null%][GridCachePartitionExchangeManager] Skipping rebalancing (nothing scheduled) [top=AffinityTopologyVersion [topVer=35, minorTopVer=0], evt=NODE_LEFT, node=ef9251e1-03b9-4ff7-af74-8f107e597337]
[23:54:10,556][INFO][disco-event-worker-#52%null%][GridDiscoveryManager] Added new node to topology: TcpDiscoveryNode [id=3353cb6e-30e8-40be-a6db-dbfaf350a83f, addrs=[0:0:0:0:0:0:0:1%lo, 127.0.0.1, 129.215.2.234], sockAddrs=[donners.inf.ed.ac.uk/129.215.2.234:0, /0:0:0:0:0:0:0:1%lo:0, /127.0.0.1:0], discPort=0, order=36, intOrder=19, lastExchangeTime=1479254050538, loc=false, ver=1.7.0#20160801-sha1:383273e3, isClient=true]
[23:54:10,556][INFO][disco-event-worker-#52%null%][GridDiscoveryManager] Topology snapshot [ver=36, servers=1, clients=1, CPUs=4, heap=2.7GB]
[23:54:10,558][INFO][exchange-worker-#55%null%][GridCachePartitionExchangeManager] Skipping rebalancing (nothing scheduled) [top=AffinityTopologyVersion [topVer=36, minorTopVer=0], evt=NODE_JOINED, node=3353cb6e-30e8-40be-a6db-dbfaf350a83f]
[23:54:11,008][INFO][exchange-worker-#55%null%][GridCachePartitionExchangeManager] Skipping rebalancing (nothing scheduled) [top=AffinityTopologyVersion [topVer=36, minorTopVer=1], evt=DISCOVERY_CUSTOM_EVT, node=3353cb6e-30e8-40be-a6db-dbfaf350a83f]
[23:54:11,605][INFO][pub-#16%null%][GridDeploymentPerVersionStore] Class was deployed in SHARED or CONTINUOUS mode: class partC.StreamOne$1
[23:54:13,821][INFO][disco-event-worker-#52%null%][GridDiscoveryManager] Node left topology: TcpDiscoveryNode [id=3353cb6e-30e8-40be-a6db-dbfaf350a83f, addrs=[0:0:0:0:0:0:0:1%lo, 127.0.0.1, 129.215.2.234], sockAddrs=[donners.inf.ed.ac.uk/129.215.2.234:0, /0:0:0:0:0:0:0:1%lo:0, /127.0.0.1:0], discPort=0, order=36, intOrder=19, lastExchangeTime=1479254050538, loc=false, ver=1.7.0#20160801-sha1:383273e3, isClient=true]
[23:54:13,821][INFO][disco-event-worker-#52%null%][GridDiscoveryManager] Topology snapshot [ver=37, servers=1, clients=0, CPUs=4, heap=1.0GB]
[23:54:13,821][INFO][disco-event-worker-#52%null%][GridDeploymentPerVersionStore] Class was undeployed in SHARED or CONTINUOUS mode [cls=class partC.StreamOne$1, alias=partC.StreamOne$1]
[23:54:13,827][INFO][exchange-worker-#55%null%][GridCachePartitionExchangeManager] Skipping rebalancing (nothing scheduled) [top=AffinityTopologyVersion [topVer=37, minorTopVer=0], evt=NODE_LEFT, node=3353cb6e-30e8-40be-a6db-dbfaf350a83f]
[23:54:16,951][INFO][disco-event-worker-#52%null%][GridDiscoveryManager] Added new node to topology: TcpDiscoveryNode [id=efea6882-d799-4d6d-8578-a43fb5b0b0e9, addrs=[0:0:0:0:0:0:0:1%lo, 127.0.0.1, 129.215.2.234], sockAddrs=[donners.inf.ed.ac.uk/129.215.2.234:0, /0:0:0:0:0:0:0:1%lo:0, /127.0.0.1:0], discPort=0, order=38, intOrder=20, lastExchangeTime=1479254056939, loc=false, ver=1.7.0#20160801-sha1:383273e3, isClient=true]
[23:54:16,952][INFO][disco-event-worker-#52%null%][GridDiscoveryManager] Topology snapshot [ver=38, servers=1, clients=1, CPUs=4, heap=2.7GB]
[23:54:16,957][INFO][exchange-worker-#55%null%][GridCachePartitionExchangeManager] Skipping rebalancing (nothing scheduled) [top=AffinityTopologyVersion [topVer=38, minorTopVer=0], evt=NODE_JOINED, node=efea6882-d799-4d6d-8578-a43fb5b0b0e9]
[23:54:17,458][INFO][exchange-worker-#55%null%][GridCachePartitionExchangeManager] Skipping rebalancing (nothing scheduled) [top=AffinityTopologyVersion [topVer=38, minorTopVer=1], evt=DISCOVERY_CUSTOM_EVT, node=efea6882-d799-4d6d-8578-a43fb5b0b0e9]
[23:54:17,555][INFO][disco-event-worker-#52%null%][GridDiscoveryManager] Node left topology: TcpDiscoveryNode [id=efea6882-d799-4d6d-8578-a43fb5b0b0e9, addrs=[0:0:0:0:0:0:0:1%lo, 127.0.0.1, 129.215.2.234], sockAddrs=[donners.inf.ed.ac.uk/129.215.2.234:0, /0:0:0:0:0:0:0:1%lo:0, /127.0.0.1:0], discPort=0, order=38, intOrder=20, lastExchangeTime=1479254056939, loc=false, ver=1.7.0#20160801-sha1:383273e3, isClient=true]
[23:54:17,555][INFO][disco-event-worker-#52%null%][GridDiscoveryManager] Topology snapshot [ver=39, servers=1, clients=0, CPUs=4, heap=1.0GB]
[23:54:17,560][INFO][exchange-worker-#55%null%][GridCachePartitionExchangeManager] Skipping rebalancing (nothing scheduled) [top=AffinityTopologyVersion [topVer=39, minorTopVer=0], evt=NODE_LEFT, node=efea6882-d799-4d6d-8578-a43fb5b0b0e9]
[23:54:33,700][INFO][grid-timeout-worker-#37%null%][IgniteKernal] 
Metrics for local node (to disable set 'metricsLogFrequency' to 0)
    ^-- Node [id=67a9e452, name=null, uptime=00:47:00:241]
    ^-- H/N/C [hosts=1, nodes=1, CPUs=4]
    ^-- CPU [cur=0.27%, avg=0.42%, GC=0%]
    ^-- Heap [used=258MB, free=72.7%, comm=947MB]
    ^-- Non heap [used=51MB, free=96.59%, comm=53MB]
    ^-- Public thread pool [active=0, idle=16, qSize=0]
    ^-- System thread pool [active=0, idle=16, qSize=0]
    ^-- Outbound messages queue [size=0]
[23:55:33,706][INFO][grid-timeout-worker-#37%null%][IgniteKernal] 
Metrics for local node (to disable set 'metricsLogFrequency' to 0)
    ^-- Node [id=67a9e452, name=null, uptime=00:48:00:250]
    ^-- H/N/C [hosts=1, nodes=1, CPUs=4]
    ^-- CPU [cur=0.33%, avg=0.42%, GC=0%]
    ^-- Heap [used=261MB, free=72.41%, comm=947MB]
    ^-- Non heap [used=51MB, free=96.59%, comm=53MB]
    ^-- Public thread pool [active=0, idle=16, qSize=0]
    ^-- System thread pool [active=0, idle=16, qSize=0]
    ^-- Outbound messages queue [size=0]
[23:56:33,715][INFO][grid-timeout-worker-#37%null%][IgniteKernal] 
Metrics for local node (to disable set 'metricsLogFrequency' to 0)
    ^-- Node [id=67a9e452, name=null, uptime=00:49:00:258]
    ^-- H/N/C [hosts=1, nodes=1, CPUs=4]
    ^-- CPU [cur=0.23%, avg=0.42%, GC=0%]
    ^-- Heap [used=263MB, free=72.16%, comm=947MB]
    ^-- Non heap [used=51MB, free=96.59%, comm=53MB]
    ^-- Public thread pool [active=0, idle=16, qSize=0]
    ^-- System thread pool [active=0, idle=16, qSize=0]
    ^-- Outbound messages queue [size=0]
[23:57:33,714][INFO][grid-timeout-worker-#37%null%][IgniteKernal] 
Metrics for local node (to disable set 'metricsLogFrequency' to 0)
    ^-- Node [id=67a9e452, name=null, uptime=00:50:00:259]
    ^-- H/N/C [hosts=1, nodes=1, CPUs=4]
    ^-- CPU [cur=0.27%, avg=0.42%, GC=0%]
    ^-- Heap [used=266MB, free=71.86%, comm=947MB]
    ^-- Non heap [used=51MB, free=96.59%, comm=53MB]
    ^-- Public thread pool [active=0, idle=16, qSize=0]
    ^-- System thread pool [active=0, idle=16, qSize=0]
    ^-- Outbound messages queue [size=0]
[23:58:33,724][INFO][grid-timeout-worker-#37%null%][IgniteKernal] 
Metrics for local node (to disable set 'metricsLogFrequency' to 0)
    ^-- Node [id=67a9e452, name=null, uptime=00:51:00:266]
    ^-- H/N/C [hosts=1, nodes=1, CPUs=4]
    ^-- CPU [cur=0.27%, avg=0.41%, GC=0%]
    ^-- Heap [used=269MB, free=71.61%, comm=947MB]
    ^-- Non heap [used=51MB, free=96.59%, comm=53MB]
    ^-- Public thread pool [active=0, idle=16, qSize=0]
    ^-- System thread pool [active=0, idle=16, qSize=0]
    ^-- Outbound messages queue [size=0]
[23:59:33,729][INFO][grid-timeout-worker-#37%null%][IgniteKernal] 
Metrics for local node (to disable set 'metricsLogFrequency' to 0)
    ^-- Node [id=67a9e452, name=null, uptime=00:52:00:270]
    ^-- H/N/C [hosts=1, nodes=1, CPUs=4]
    ^-- CPU [cur=0.27%, avg=0.41%, GC=0%]
    ^-- Heap [used=271MB, free=71.3%, comm=947MB]
    ^-- Non heap [used=51MB, free=96.59%, comm=53MB]
    ^-- Public thread pool [active=0, idle=16, qSize=0]
    ^-- System thread pool [active=0, idle=16, qSize=0]
    ^-- Outbound messages queue [size=0]
[00:00:33,735][INFO][grid-timeout-worker-#37%null%][IgniteKernal] 
Metrics for local node (to disable set 'metricsLogFrequency' to 0)
    ^-- Node [id=67a9e452, name=null, uptime=00:53:00:278]
    ^-- H/N/C [hosts=1, nodes=1, CPUs=4]
    ^-- CPU [cur=0.27%, avg=0.41%, GC=0%]
    ^-- Heap [used=274MB, free=71.02%, comm=947MB]
    ^-- Non heap [used=51MB, free=96.59%, comm=53MB]
    ^-- Public thread pool [active=0, idle=16, qSize=0]
    ^-- System thread pool [active=0, idle=16, qSize=0]
    ^-- Outbound messages queue [size=0]
[00:01:33,739][INFO][grid-timeout-worker-#37%null%][IgniteKernal] 
Metrics for local node (to disable set 'metricsLogFrequency' to 0)
    ^-- Node [id=67a9e452, name=null, uptime=00:54:00:280]
    ^-- H/N/C [hosts=1, nodes=1, CPUs=4]
    ^-- CPU [cur=0.27%, avg=0.41%, GC=0%]
    ^-- Heap [used=277MB, free=70.7%, comm=947MB]
    ^-- Non heap [used=51MB, free=96.59%, comm=53MB]
    ^-- Public thread pool [active=0, idle=16, qSize=0]
    ^-- System thread pool [active=0, idle=16, qSize=0]
    ^-- Outbound messages queue [size=0]
[00:02:33,743][INFO][grid-timeout-worker-#37%null%][IgniteKernal] 
Metrics for local node (to disable set 'metricsLogFrequency' to 0)
    ^-- Node [id=67a9e452, name=null, uptime=00:55:00:289]
    ^-- H/N/C [hosts=1, nodes=1, CPUs=4]
    ^-- CPU [cur=0.27%, avg=0.4%, GC=0%]
    ^-- Heap [used=280MB, free=70.45%, comm=947MB]
    ^-- Non heap [used=51MB, free=96.59%, comm=53MB]
    ^-- Public thread pool [active=0, idle=16, qSize=0]
    ^-- System thread pool [active=0, idle=16, qSize=0]
    ^-- Outbound messages queue [size=0]
[00:03:33,753][INFO][grid-timeout-worker-#37%null%][IgniteKernal] 
Metrics for local node (to disable set 'metricsLogFrequency' to 0)
    ^-- Node [id=67a9e452, name=null, uptime=00:56:00:295]
    ^-- H/N/C [hosts=1, nodes=1, CPUs=4]
    ^-- CPU [cur=0.27%, avg=0.4%, GC=0%]
    ^-- Heap [used=283MB, free=70.1%, comm=947MB]
    ^-- Non heap [used=51MB, free=96.58%, comm=54MB]
    ^-- Public thread pool [active=0, idle=16, qSize=0]
    ^-- System thread pool [active=0, idle=16, qSize=0]
    ^-- Outbound messages queue [size=0]
[00:04:33,758][INFO][grid-timeout-worker-#37%null%][IgniteKernal] 
Metrics for local node (to disable set 'metricsLogFrequency' to 0)
    ^-- Node [id=67a9e452, name=null, uptime=00:57:00:297]
    ^-- H/N/C [hosts=1, nodes=1, CPUs=4]
    ^-- CPU [cur=0.33%, avg=0.4%, GC=0%]
    ^-- Heap [used=285MB, free=69.86%, comm=947MB]
    ^-- Non heap [used=51MB, free=96.58%, comm=54MB]
    ^-- Public thread pool [active=0, idle=16, qSize=0]
    ^-- System thread pool [active=0, idle=16, qSize=0]
    ^-- Outbound messages queue [size=0]
[00:05:33,758][INFO][grid-timeout-worker-#37%null%][IgniteKernal] 
Metrics for local node (to disable set 'metricsLogFrequency' to 0)
    ^-- Node [id=67a9e452, name=null, uptime=00:58:00:304]
    ^-- H/N/C [hosts=1, nodes=1, CPUs=4]
    ^-- CPU [cur=0.33%, avg=0.4%, GC=0%]
    ^-- Heap [used=288MB, free=69.56%, comm=947MB]
    ^-- Non heap [used=51MB, free=96.58%, comm=54MB]
    ^-- Public thread pool [active=0, idle=16, qSize=0]
    ^-- System thread pool [active=0, idle=16, qSize=0]
    ^-- Outbound messages queue [size=0]
[00:06:33,760][INFO][grid-timeout-worker-#37%null%][IgniteKernal] 
Metrics for local node (to disable set 'metricsLogFrequency' to 0)
    ^-- Node [id=67a9e452, name=null, uptime=00:59:00:305]
    ^-- H/N/C [hosts=1, nodes=1, CPUs=4]
    ^-- CPU [cur=0.23%, avg=0.4%, GC=0%]
    ^-- Heap [used=290MB, free=69.31%, comm=947MB]
    ^-- Non heap [used=51MB, free=96.58%, comm=54MB]
    ^-- Public thread pool [active=0, idle=16, qSize=0]
    ^-- System thread pool [active=0, idle=16, qSize=0]
    ^-- Outbound messages queue [size=0]
[00:06:35,207][INFO][disco-event-worker-#52%null%][GridDiscoveryManager] Added new node to topology: TcpDiscoveryNode [id=64a8ac3f-e37f-429d-bf30-48299184e101, addrs=[0:0:0:0:0:0:0:1%lo, 127.0.0.1, 129.215.2.234], sockAddrs=[donners.inf.ed.ac.uk/129.215.2.234:0, /0:0:0:0:0:0:0:1%lo:0, /127.0.0.1:0], discPort=0, order=40, intOrder=21, lastExchangeTime=1479254795198, loc=false, ver=1.7.0#20160801-sha1:383273e3, isClient=true]
[00:06:35,207][INFO][disco-event-worker-#52%null%][GridDiscoveryManager] Topology snapshot [ver=40, servers=1, clients=1, CPUs=4, heap=2.7GB]
[00:06:35,209][INFO][exchange-worker-#55%null%][GridCachePartitionExchangeManager] Skipping rebalancing (nothing scheduled) [top=AffinityTopologyVersion [topVer=40, minorTopVer=0], evt=NODE_JOINED, node=64a8ac3f-e37f-429d-bf30-48299184e101]
[00:06:35,699][INFO][exchange-worker-#55%null%][GridCachePartitionExchangeManager] Skipping rebalancing (nothing scheduled) [top=AffinityTopologyVersion [topVer=40, minorTopVer=1], evt=DISCOVERY_CUSTOM_EVT, node=64a8ac3f-e37f-429d-bf30-48299184e101]
[00:06:36,280][INFO][pub-#5%null%][GridDeploymentPerVersionStore] Class was deployed in SHARED or CONTINUOUS mode: class partC.StreamOne$1
[00:06:38,496][INFO][disco-event-worker-#52%null%][GridDiscoveryManager] Node left topology: TcpDiscoveryNode [id=64a8ac3f-e37f-429d-bf30-48299184e101, addrs=[0:0:0:0:0:0:0:1%lo, 127.0.0.1, 129.215.2.234], sockAddrs=[donners.inf.ed.ac.uk/129.215.2.234:0, /0:0:0:0:0:0:0:1%lo:0, /127.0.0.1:0], discPort=0, order=40, intOrder=21, lastExchangeTime=1479254795198, loc=false, ver=1.7.0#20160801-sha1:383273e3, isClient=true]
[00:06:38,497][INFO][disco-event-worker-#52%null%][GridDiscoveryManager] Topology snapshot [ver=41, servers=1, clients=0, CPUs=4, heap=1.0GB]
[00:06:38,497][INFO][disco-event-worker-#52%null%][GridDeploymentPerVersionStore] Class was undeployed in SHARED or CONTINUOUS mode [cls=class partC.StreamOne$1, alias=partC.StreamOne$1]
[00:06:38,499][INFO][exchange-worker-#55%null%][GridCachePartitionExchangeManager] Skipping rebalancing (nothing scheduled) [top=AffinityTopologyVersion [topVer=41, minorTopVer=0], evt=NODE_LEFT, node=64a8ac3f-e37f-429d-bf30-48299184e101]
[00:06:44,139][INFO][disco-event-worker-#52%null%][GridDiscoveryManager] Added new node to topology: TcpDiscoveryNode [id=65c635d6-0c48-4d9f-856d-87045f00d12f, addrs=[0:0:0:0:0:0:0:1%lo, 127.0.0.1, 129.215.2.234], sockAddrs=[donners.inf.ed.ac.uk/129.215.2.234:0, /0:0:0:0:0:0:0:1%lo:0, /127.0.0.1:0], discPort=0, order=42, intOrder=22, lastExchangeTime=1479254804120, loc=false, ver=1.7.0#20160801-sha1:383273e3, isClient=true]
[00:06:44,140][INFO][disco-event-worker-#52%null%][GridDiscoveryManager] Topology snapshot [ver=42, servers=1, clients=1, CPUs=4, heap=2.7GB]
[00:06:44,143][INFO][exchange-worker-#55%null%][GridCachePartitionExchangeManager] Skipping rebalancing (nothing scheduled) [top=AffinityTopologyVersion [topVer=42, minorTopVer=0], evt=NODE_JOINED, node=65c635d6-0c48-4d9f-856d-87045f00d12f]
[00:06:44,617][INFO][exchange-worker-#55%null%][GridCachePartitionExchangeManager] Skipping rebalancing (nothing scheduled) [top=AffinityTopologyVersion [topVer=42, minorTopVer=1], evt=DISCOVERY_CUSTOM_EVT, node=65c635d6-0c48-4d9f-856d-87045f00d12f]
[00:06:44,654][INFO][disco-event-worker-#52%null%][GridDiscoveryManager] Node left topology: TcpDiscoveryNode [id=65c635d6-0c48-4d9f-856d-87045f00d12f, addrs=[0:0:0:0:0:0:0:1%lo, 127.0.0.1, 129.215.2.234], sockAddrs=[donners.inf.ed.ac.uk/129.215.2.234:0, /0:0:0:0:0:0:0:1%lo:0, /127.0.0.1:0], discPort=0, order=42, intOrder=22, lastExchangeTime=1479254804120, loc=false, ver=1.7.0#20160801-sha1:383273e3, isClient=true]
[00:06:44,655][INFO][disco-event-worker-#52%null%][GridDiscoveryManager] Topology snapshot [ver=43, servers=1, clients=0, CPUs=4, heap=1.0GB]
[00:06:44,659][INFO][exchange-worker-#55%null%][GridCachePartitionExchangeManager] Skipping rebalancing (nothing scheduled) [top=AffinityTopologyVersion [topVer=43, minorTopVer=0], evt=NODE_LEFT, node=65c635d6-0c48-4d9f-856d-87045f00d12f]
[00:07:09,806][INFO][disco-event-worker-#52%null%][GridDiscoveryManager] Added new node to topology: TcpDiscoveryNode [id=6f3d3089-2959-46fb-a812-c965f45df927, addrs=[0:0:0:0:0:0:0:1%lo, 127.0.0.1, 129.215.2.234], sockAddrs=[donners.inf.ed.ac.uk/129.215.2.234:0, /0:0:0:0:0:0:0:1%lo:0, /127.0.0.1:0], discPort=0, order=44, intOrder=23, lastExchangeTime=1479254829792, loc=false, ver=1.7.0#20160801-sha1:383273e3, isClient=true]
[00:07:09,806][INFO][disco-event-worker-#52%null%][GridDiscoveryManager] Topology snapshot [ver=44, servers=1, clients=1, CPUs=4, heap=2.7GB]
[00:07:09,808][INFO][exchange-worker-#55%null%][GridCachePartitionExchangeManager] Skipping rebalancing (nothing scheduled) [top=AffinityTopologyVersion [topVer=44, minorTopVer=0], evt=NODE_JOINED, node=6f3d3089-2959-46fb-a812-c965f45df927]
[00:07:10,280][INFO][exchange-worker-#55%null%][GridCachePartitionExchangeManager] Skipping rebalancing (nothing scheduled) [top=AffinityTopologyVersion [topVer=44, minorTopVer=1], evt=DISCOVERY_CUSTOM_EVT, node=6f3d3089-2959-46fb-a812-c965f45df927]
[00:07:10,381][INFO][disco-event-worker-#52%null%][GridDiscoveryManager] Node left topology: TcpDiscoveryNode [id=6f3d3089-2959-46fb-a812-c965f45df927, addrs=[0:0:0:0:0:0:0:1%lo, 127.0.0.1, 129.215.2.234], sockAddrs=[donners.inf.ed.ac.uk/129.215.2.234:0, /0:0:0:0:0:0:0:1%lo:0, /127.0.0.1:0], discPort=0, order=44, intOrder=23, lastExchangeTime=1479254829792, loc=false, ver=1.7.0#20160801-sha1:383273e3, isClient=true]
[00:07:10,381][INFO][disco-event-worker-#52%null%][GridDiscoveryManager] Topology snapshot [ver=45, servers=1, clients=0, CPUs=4, heap=1.0GB]
[00:07:10,384][INFO][exchange-worker-#55%null%][GridCachePartitionExchangeManager] Skipping rebalancing (nothing scheduled) [top=AffinityTopologyVersion [topVer=45, minorTopVer=0], evt=NODE_LEFT, node=6f3d3089-2959-46fb-a812-c965f45df927]
[00:07:33,767][INFO][grid-timeout-worker-#37%null%][IgniteKernal] 
Metrics for local node (to disable set 'metricsLogFrequency' to 0)
    ^-- Node [id=67a9e452, name=null, uptime=01:00:00:309]
    ^-- H/N/C [hosts=1, nodes=1, CPUs=4]
    ^-- CPU [cur=0.33%, avg=0.4%, GC=0%]
    ^-- Heap [used=171MB, free=82.21%, comm=964MB]
    ^-- Non heap [used=52MB, free=96.57%, comm=54MB]
    ^-- Public thread pool [active=0, idle=16, qSize=0]
    ^-- System thread pool [active=0, idle=16, qSize=0]
    ^-- Outbound messages queue [size=0]
[00:08:33,773][INFO][grid-timeout-worker-#37%null%][IgniteKernal] 
Metrics for local node (to disable set 'metricsLogFrequency' to 0)
    ^-- Node [id=67a9e452, name=null, uptime=01:01:00:310]
    ^-- H/N/C [hosts=1, nodes=1, CPUs=4]
    ^-- CPU [cur=0.23%, avg=0.4%, GC=0%]
    ^-- Heap [used=174MB, free=81.89%, comm=964MB]
    ^-- Non heap [used=52MB, free=96.57%, comm=54MB]
    ^-- Public thread pool [active=0, idle=16, qSize=0]
    ^-- System thread pool [active=0, idle=16, qSize=0]
    ^-- Outbound messages queue [size=0]
[00:09:33,772][INFO][grid-timeout-worker-#37%null%][IgniteKernal] 
Metrics for local node (to disable set 'metricsLogFrequency' to 0)
    ^-- Node [id=67a9e452, name=null, uptime=01:02:00:317]
    ^-- H/N/C [hosts=1, nodes=1, CPUs=4]
    ^-- CPU [cur=0.23%, avg=0.39%, GC=0%]
    ^-- Heap [used=176MB, free=81.66%, comm=964MB]
    ^-- Non heap [used=52MB, free=96.57%, comm=54MB]
    ^-- Public thread pool [active=0, idle=16, qSize=0]
    ^-- System thread pool [active=0, idle=16, qSize=0]
    ^-- Outbound messages queue [size=0]
[00:10:33,783][INFO][grid-timeout-worker-#37%null%][IgniteKernal] 
Metrics for local node (to disable set 'metricsLogFrequency' to 0)
    ^-- Node [id=67a9e452, name=null, uptime=01:03:00:326]
    ^-- H/N/C [hosts=1, nodes=1, CPUs=4]
    ^-- CPU [cur=0.17%, avg=0.39%, GC=0%]
    ^-- Heap [used=179MB, free=81.38%, comm=964MB]
    ^-- Non heap [used=52MB, free=96.57%, comm=54MB]
    ^-- Public thread pool [active=0, idle=16, qSize=0]
    ^-- System thread pool [active=0, idle=16, qSize=0]
    ^-- Outbound messages queue [size=0]
[00:11:33,785][INFO][grid-timeout-worker-#37%null%][IgniteKernal] 
Metrics for local node (to disable set 'metricsLogFrequency' to 0)
    ^-- Node [id=67a9e452, name=null, uptime=01:04:00:330]
    ^-- H/N/C [hosts=1, nodes=1, CPUs=4]
    ^-- CPU [cur=0.17%, avg=0.39%, GC=0%]
    ^-- Heap [used=182MB, free=81.09%, comm=964MB]
    ^-- Non heap [used=52MB, free=96.56%, comm=54MB]
    ^-- Public thread pool [active=0, idle=16, qSize=0]
    ^-- System thread pool [active=0, idle=16, qSize=0]
    ^-- Outbound messages queue [size=0]
[00:11:37,841][INFO][disco-event-worker-#52%null%][GridDiscoveryManager] Added new node to topology: TcpDiscoveryNode [id=96607b43-0c97-44e1-b8be-77ab4a77768b, addrs=[0:0:0:0:0:0:0:1%lo, 127.0.0.1, 129.215.2.234], sockAddrs=[donners.inf.ed.ac.uk/129.215.2.234:0, /0:0:0:0:0:0:0:1%lo:0, /127.0.0.1:0], discPort=0, order=46, intOrder=24, lastExchangeTime=1479255097830, loc=false, ver=1.7.0#20160801-sha1:383273e3, isClient=true]
[00:11:37,842][INFO][disco-event-worker-#52%null%][GridDiscoveryManager] Topology snapshot [ver=46, servers=1, clients=1, CPUs=4, heap=2.7GB]
[00:11:37,846][INFO][exchange-worker-#55%null%][GridCachePartitionExchangeManager] Skipping rebalancing (nothing scheduled) [top=AffinityTopologyVersion [topVer=46, minorTopVer=0], evt=NODE_JOINED, node=96607b43-0c97-44e1-b8be-77ab4a77768b]
[00:11:38,331][INFO][exchange-worker-#55%null%][GridCachePartitionExchangeManager] Skipping rebalancing (nothing scheduled) [top=AffinityTopologyVersion [topVer=46, minorTopVer=1], evt=DISCOVERY_CUSTOM_EVT, node=96607b43-0c97-44e1-b8be-77ab4a77768b]
[00:11:38,894][INFO][pub-#3%null%][GridDeploymentPerVersionStore] Class was deployed in SHARED or CONTINUOUS mode: class partC.StreamOne$1
[00:11:41,047][INFO][disco-event-worker-#52%null%][GridDiscoveryManager] Node left topology: TcpDiscoveryNode [id=96607b43-0c97-44e1-b8be-77ab4a77768b, addrs=[0:0:0:0:0:0:0:1%lo, 127.0.0.1, 129.215.2.234], sockAddrs=[donners.inf.ed.ac.uk/129.215.2.234:0, /0:0:0:0:0:0:0:1%lo:0, /127.0.0.1:0], discPort=0, order=46, intOrder=24, lastExchangeTime=1479255097830, loc=false, ver=1.7.0#20160801-sha1:383273e3, isClient=true]
[00:11:41,047][INFO][disco-event-worker-#52%null%][GridDiscoveryManager] Topology snapshot [ver=47, servers=1, clients=0, CPUs=4, heap=1.0GB]
[00:11:41,047][INFO][disco-event-worker-#52%null%][GridDeploymentPerVersionStore] Class was undeployed in SHARED or CONTINUOUS mode [cls=class partC.StreamOne$1, alias=partC.StreamOne$1]
[00:11:41,051][INFO][exchange-worker-#55%null%][GridCachePartitionExchangeManager] Skipping rebalancing (nothing scheduled) [top=AffinityTopologyVersion [topVer=47, minorTopVer=0], evt=NODE_LEFT, node=96607b43-0c97-44e1-b8be-77ab4a77768b]
[00:11:48,337][INFO][disco-event-worker-#52%null%][GridDiscoveryManager] Added new node to topology: TcpDiscoveryNode [id=ad41f75a-94e3-46c5-bd57-61834adbdf15, addrs=[0:0:0:0:0:0:0:1%lo, 127.0.0.1, 129.215.2.234], sockAddrs=[donners.inf.ed.ac.uk/129.215.2.234:0, /0:0:0:0:0:0:0:1%lo:0, /127.0.0.1:0], discPort=0, order=48, intOrder=25, lastExchangeTime=1479255108316, loc=false, ver=1.7.0#20160801-sha1:383273e3, isClient=true]
[00:11:48,337][INFO][disco-event-worker-#52%null%][GridDiscoveryManager] Topology snapshot [ver=48, servers=1, clients=1, CPUs=4, heap=2.7GB]
[00:11:48,340][INFO][exchange-worker-#55%null%][GridCachePartitionExchangeManager] Skipping rebalancing (nothing scheduled) [top=AffinityTopologyVersion [topVer=48, minorTopVer=0], evt=NODE_JOINED, node=ad41f75a-94e3-46c5-bd57-61834adbdf15]
[00:11:48,853][INFO][exchange-worker-#55%null%][GridCachePartitionExchangeManager] Skipping rebalancing (nothing scheduled) [top=AffinityTopologyVersion [topVer=48, minorTopVer=1], evt=DISCOVERY_CUSTOM_EVT, node=ad41f75a-94e3-46c5-bd57-61834adbdf15]
[00:11:48,939][INFO][exchange-worker-#55%null%][GridCachePartitionExchangeManager] Skipping rebalancing (nothing scheduled) [top=AffinityTopologyVersion [topVer=48, minorTopVer=2], evt=DISCOVERY_CUSTOM_EVT, node=ad41f75a-94e3-46c5-bd57-61834adbdf15]
[00:11:48,971][INFO][exchange-worker-#55%null%][GridCacheProcessor] Stopped cache: partB
[00:11:48,973][INFO][exchange-worker-#55%null%][GridCachePartitionExchangeManager] Skipping rebalancing (nothing scheduled) [top=AffinityTopologyVersion [topVer=48, minorTopVer=3], evt=DISCOVERY_CUSTOM_EVT, node=ad41f75a-94e3-46c5-bd57-61834adbdf15]
[00:11:48,982][INFO][disco-event-worker-#52%null%][GridDiscoveryManager] Node left topology: TcpDiscoveryNode [id=ad41f75a-94e3-46c5-bd57-61834adbdf15, addrs=[0:0:0:0:0:0:0:1%lo, 127.0.0.1, 129.215.2.234], sockAddrs=[donners.inf.ed.ac.uk/129.215.2.234:0, /0:0:0:0:0:0:0:1%lo:0, /127.0.0.1:0], discPort=0, order=48, intOrder=25, lastExchangeTime=1479255108316, loc=false, ver=1.7.0#20160801-sha1:383273e3, isClient=true]
[00:11:48,982][INFO][disco-event-worker-#52%null%][GridDiscoveryManager] Topology snapshot [ver=49, servers=1, clients=0, CPUs=4, heap=1.0GB]
[00:11:48,989][INFO][exchange-worker-#55%null%][GridCachePartitionExchangeManager] Skipping rebalancing (nothing scheduled) [top=AffinityTopologyVersion [topVer=49, minorTopVer=0], evt=NODE_LEFT, node=ad41f75a-94e3-46c5-bd57-61834adbdf15]
[00:12:33,787][INFO][grid-timeout-worker-#37%null%][IgniteKernal] 
Metrics for local node (to disable set 'metricsLogFrequency' to 0)
    ^-- Node [id=67a9e452, name=null, uptime=01:05:00:330]
    ^-- H/N/C [hosts=1, nodes=1, CPUs=4]
    ^-- CPU [cur=0.23%, avg=0.39%, GC=0%]
    ^-- Heap [used=297MB, free=69.14%, comm=964MB]
    ^-- Non heap [used=53MB, free=96.49%, comm=55MB]
    ^-- Public thread pool [active=0, idle=16, qSize=0]
    ^-- System thread pool [active=0, idle=16, qSize=0]
    ^-- Outbound messages queue [size=0]
[00:13:33,785][INFO][grid-timeout-worker-#37%null%][IgniteKernal] 
Metrics for local node (to disable set 'metricsLogFrequency' to 0)
    ^-- Node [id=67a9e452, name=null, uptime=01:06:00:330]
    ^-- H/N/C [hosts=1, nodes=1, CPUs=4]
    ^-- CPU [cur=0.17%, avg=0.39%, GC=0%]
    ^-- Heap [used=300MB, free=68.89%, comm=964MB]
    ^-- Non heap [used=53MB, free=96.49%, comm=55MB]
    ^-- Public thread pool [active=0, idle=16, qSize=0]
    ^-- System thread pool [active=0, idle=16, qSize=0]
    ^-- Outbound messages queue [size=0]
[00:14:33,794][INFO][grid-timeout-worker-#37%null%][IgniteKernal] 
Metrics for local node (to disable set 'metricsLogFrequency' to 0)
    ^-- Node [id=67a9e452, name=null, uptime=01:07:00:334]
    ^-- H/N/C [hosts=1, nodes=1, CPUs=4]
    ^-- CPU [cur=0.27%, avg=0.39%, GC=0%]
    ^-- Heap [used=302MB, free=68.6%, comm=964MB]
    ^-- Non heap [used=53MB, free=96.49%, comm=55MB]
    ^-- Public thread pool [active=0, idle=16, qSize=0]
    ^-- System thread pool [active=0, idle=16, qSize=0]
    ^-- Outbound messages queue [size=0]
[00:15:33,798][INFO][grid-timeout-worker-#37%null%][IgniteKernal] 
Metrics for local node (to disable set 'metricsLogFrequency' to 0)
    ^-- Node [id=67a9e452, name=null, uptime=01:08:00:343]
    ^-- H/N/C [hosts=1, nodes=1, CPUs=4]
    ^-- CPU [cur=0.23%, avg=0.38%, GC=0%]
    ^-- Heap [used=305MB, free=68.31%, comm=964MB]
    ^-- Non heap [used=53MB, free=96.49%, comm=55MB]
    ^-- Public thread pool [active=0, idle=16, qSize=0]
    ^-- System thread pool [active=0, idle=16, qSize=0]
    ^-- Outbound messages queue [size=0]
[00:16:33,800][INFO][grid-timeout-worker-#37%null%][IgniteKernal] 
Metrics for local node (to disable set 'metricsLogFrequency' to 0)
    ^-- Node [id=67a9e452, name=null, uptime=01:09:00:343]
    ^-- H/N/C [hosts=1, nodes=1, CPUs=4]
    ^-- CPU [cur=0.27%, avg=0.38%, GC=0%]
    ^-- Heap [used=308MB, free=68.03%, comm=964MB]
    ^-- Non heap [used=53MB, free=96.49%, comm=55MB]
    ^-- Public thread pool [active=0, idle=16, qSize=0]
    ^-- System thread pool [active=0, idle=16, qSize=0]
    ^-- Outbound messages queue [size=0]
[00:17:33,808][INFO][grid-timeout-worker-#37%null%][IgniteKernal] 
Metrics for local node (to disable set 'metricsLogFrequency' to 0)
    ^-- Node [id=67a9e452, name=null, uptime=01:10:00:350]
    ^-- H/N/C [hosts=1, nodes=1, CPUs=4]
    ^-- CPU [cur=0.33%, avg=0.38%, GC=0%]
    ^-- Heap [used=92MB, free=90.41%, comm=969MB]
    ^-- Non heap [used=53MB, free=96.49%, comm=55MB]
    ^-- Public thread pool [active=0, idle=16, qSize=0]
    ^-- System thread pool [active=0, idle=16, qSize=0]
    ^-- Outbound messages queue [size=0]
[00:18:33,814][INFO][grid-timeout-worker-#37%null%][IgniteKernal] 
Metrics for local node (to disable set 'metricsLogFrequency' to 0)
    ^-- Node [id=67a9e452, name=null, uptime=01:11:00:358]
    ^-- H/N/C [hosts=1, nodes=1, CPUs=4]
    ^-- CPU [cur=0.23%, avg=0.38%, GC=0%]
    ^-- Heap [used=95MB, free=90.12%, comm=969MB]
    ^-- Non heap [used=53MB, free=96.49%, comm=55MB]
    ^-- Public thread pool [active=0, idle=16, qSize=0]
    ^-- System thread pool [active=0, idle=16, qSize=0]
    ^-- Outbound messages queue [size=0]
[00:18:53,261][INFO][disco-event-worker-#52%null%][GridDiscoveryManager] Added new node to topology: TcpDiscoveryNode [id=bb769029-de07-4300-9ad5-437f82b59bae, addrs=[0:0:0:0:0:0:0:1%lo, 127.0.0.1, 129.215.2.234], sockAddrs=[donners.inf.ed.ac.uk/129.215.2.234:0, /0:0:0:0:0:0:0:1%lo:0, /127.0.0.1:0], discPort=0, order=50, intOrder=26, lastExchangeTime=1479255533250, loc=false, ver=1.7.0#20160801-sha1:383273e3, isClient=true]
[00:18:53,262][INFO][disco-event-worker-#52%null%][GridDiscoveryManager] Topology snapshot [ver=50, servers=1, clients=1, CPUs=4, heap=2.7GB]
[00:18:53,264][INFO][exchange-worker-#55%null%][GridCachePartitionExchangeManager] Skipping rebalancing (nothing scheduled) [top=AffinityTopologyVersion [topVer=50, minorTopVer=0], evt=NODE_JOINED, node=bb769029-de07-4300-9ad5-437f82b59bae]
[00:18:53,749][INFO][exchange-worker-#55%null%][GridCacheProcessor] Started cache [name=partB, mode=PARTITIONED]
[00:18:53,754][INFO][exchange-worker-#55%null%][GridCachePartitionExchangeManager] Skipping rebalancing (nothing scheduled) [top=AffinityTopologyVersion [topVer=50, minorTopVer=1], evt=DISCOVERY_CUSTOM_EVT, node=bb769029-de07-4300-9ad5-437f82b59bae]
[00:18:54,298][INFO][pub-#10%null%][GridDeploymentPerVersionStore] Class was deployed in SHARED or CONTINUOUS mode: class partC.StreamOne$1
[00:18:56,336][INFO][disco-event-worker-#52%null%][GridDiscoveryManager] Node left topology: TcpDiscoveryNode [id=bb769029-de07-4300-9ad5-437f82b59bae, addrs=[0:0:0:0:0:0:0:1%lo, 127.0.0.1, 129.215.2.234], sockAddrs=[donners.inf.ed.ac.uk/129.215.2.234:0, /0:0:0:0:0:0:0:1%lo:0, /127.0.0.1:0], discPort=0, order=50, intOrder=26, lastExchangeTime=1479255533250, loc=false, ver=1.7.0#20160801-sha1:383273e3, isClient=true]
[00:18:56,337][INFO][disco-event-worker-#52%null%][GridDiscoveryManager] Topology snapshot [ver=51, servers=1, clients=0, CPUs=4, heap=1.0GB]
[00:18:56,337][INFO][disco-event-worker-#52%null%][GridDeploymentPerVersionStore] Class was undeployed in SHARED or CONTINUOUS mode [cls=class partC.StreamOne$1, alias=partC.StreamOne$1]
[00:18:56,341][INFO][exchange-worker-#55%null%][GridCachePartitionExchangeManager] Skipping rebalancing (nothing scheduled) [top=AffinityTopologyVersion [topVer=51, minorTopVer=0], evt=NODE_LEFT, node=bb769029-de07-4300-9ad5-437f82b59bae]
[00:19:00,490][INFO][disco-event-worker-#52%null%][GridDiscoveryManager] Added new node to topology: TcpDiscoveryNode [id=4d31bc41-33c3-46e9-95c2-becc222baeb6, addrs=[0:0:0:0:0:0:0:1%lo, 127.0.0.1, 129.215.2.234], sockAddrs=[donners.inf.ed.ac.uk/129.215.2.234:0, /0:0:0:0:0:0:0:1%lo:0, /127.0.0.1:0], discPort=0, order=52, intOrder=27, lastExchangeTime=1479255540477, loc=false, ver=1.7.0#20160801-sha1:383273e3, isClient=true]
[00:19:00,491][INFO][disco-event-worker-#52%null%][GridDiscoveryManager] Topology snapshot [ver=52, servers=1, clients=1, CPUs=4, heap=2.7GB]
[00:19:00,492][INFO][exchange-worker-#55%null%][GridCachePartitionExchangeManager] Skipping rebalancing (nothing scheduled) [top=AffinityTopologyVersion [topVer=52, minorTopVer=0], evt=NODE_JOINED, node=4d31bc41-33c3-46e9-95c2-becc222baeb6]
[00:19:01,000][INFO][exchange-worker-#55%null%][GridCachePartitionExchangeManager] Skipping rebalancing (nothing scheduled) [top=AffinityTopologyVersion [topVer=52, minorTopVer=1], evt=DISCOVERY_CUSTOM_EVT, node=4d31bc41-33c3-46e9-95c2-becc222baeb6]
[00:19:01,097][INFO][exchange-worker-#55%null%][GridCachePartitionExchangeManager] Skipping rebalancing (nothing scheduled) [top=AffinityTopologyVersion [topVer=52, minorTopVer=2], evt=DISCOVERY_CUSTOM_EVT, node=4d31bc41-33c3-46e9-95c2-becc222baeb6]
[00:19:01,108][INFO][exchange-worker-#55%null%][GridCacheProcessor] Stopped cache: partB
[00:19:01,109][INFO][exchange-worker-#55%null%][GridCachePartitionExchangeManager] Skipping rebalancing (nothing scheduled) [top=AffinityTopologyVersion [topVer=52, minorTopVer=3], evt=DISCOVERY_CUSTOM_EVT, node=4d31bc41-33c3-46e9-95c2-becc222baeb6]
[00:19:01,117][INFO][disco-event-worker-#52%null%][GridDiscoveryManager] Node left topology: TcpDiscoveryNode [id=4d31bc41-33c3-46e9-95c2-becc222baeb6, addrs=[0:0:0:0:0:0:0:1%lo, 127.0.0.1, 129.215.2.234], sockAddrs=[donners.inf.ed.ac.uk/129.215.2.234:0, /0:0:0:0:0:0:0:1%lo:0, /127.0.0.1:0], discPort=0, order=52, intOrder=27, lastExchangeTime=1479255540477, loc=false, ver=1.7.0#20160801-sha1:383273e3, isClient=true]
[00:19:01,118][INFO][disco-event-worker-#52%null%][GridDiscoveryManager] Topology snapshot [ver=53, servers=1, clients=0, CPUs=4, heap=1.0GB]
[00:19:01,120][INFO][exchange-worker-#55%null%][GridCachePartitionExchangeManager] Skipping rebalancing (nothing scheduled) [top=AffinityTopologyVersion [topVer=53, minorTopVer=0], evt=NODE_LEFT, node=4d31bc41-33c3-46e9-95c2-becc222baeb6]
[00:19:05,278][INFO][Thread-2][G] Invoking shutdown hook...
