[14:30:34,902][INFO][main][IgniteKernal] 

>>>    __________  ________________  
>>>   /  _/ ___/ |/ /  _/_  __/ __/  
>>>  _/ // (7 7    // /  / / / _/    
>>> /___/\___/_/|_/___/ /_/ /___/   
>>> 
>>> ver. 1.7.0#20160801-sha1:383273e3
>>> 2016 Copyright(C) Apache Software Foundation
>>> 
>>> Ignite documentation: http://ignite.apache.org

[14:30:34,919][INFO][main][IgniteKernal] Config URL: file:/afs/inf.ed.ac.uk/user/s16/s1626297/Desktop/ds/apache-ignite-fabric-1.7.0-bin/examples/config/example-ignite-no-discovery.xml
[14:30:34,919][INFO][main][IgniteKernal] Daemon mode: off
[14:30:34,919][INFO][main][IgniteKernal] OS: Linux 3.10.0-327.36.3.el7.x86_64 amd64
[14:30:34,933][INFO][main][IgniteKernal] OS user: s1626297
[14:30:34,933][INFO][main][IgniteKernal] Language runtime: Java Platform API Specification ver. 1.8
[14:30:34,933][INFO][main][IgniteKernal] VM information: Java(TM) SE Runtime Environment 1.8.0_91-b14 Oracle Corporation Java HotSpot(TM) 64-Bit Server VM 25.91-b14
[14:30:34,940][INFO][main][IgniteKernal] VM total memory: 3.5GB
[14:30:34,956][INFO][main][IgniteKernal] Remote Management [restart: off, REST: on, JMX (remote: off)]
[14:30:34,956][INFO][main][IgniteKernal] IGNITE_HOME=/afs/inf.ed.ac.uk/user/s16/s1626297/Desktop/ds/apache-ignite-fabric-1.7.0-bin
[14:30:34,958][INFO][main][IgniteKernal] VM arguments: [-DIGNITE_HOME=/afs/inf.ed.ac.uk/user/s16/s1626297/Desktop/ds/apache-ignite-fabric-1.7.0-bin, -Didea.launcher.port=7536, -Didea.launcher.bin.path=/opt/idea-ce/bin, -Dfile.encoding=UTF-8]
[14:30:34,958][INFO][main][IgniteKernal] Configured caches ['ignite-marshaller-sys-cache', 'ignite-sys-cache', 'ignite-atomics-sys-cache']
[14:30:34,958][WARNING][main][IgniteKernal] Peer class loading is enabled (disable it in production for performance and deployment consistency reasons)
[14:30:35,011][INFO][main][IgniteKernal] 3-rd party licenses can be found at: /afs/inf.ed.ac.uk/user/s16/s1626297/Desktop/ds/apache-ignite-fabric-1.7.0-bin/libs/licenses
[14:30:35,017][WARNING][pub-#26%null%][GridDiagnostic] Initial heap size is 250MB (should be no less than 512MB, use -Xms512m -Xmx512m).
[14:30:35,161][INFO][main][IgniteKernal] Non-loopback local IPs: 129.215.2.16, fe80:0:0:0:4a0f:cfff:fe5c:a96f%em1
[14:30:35,161][INFO][main][IgniteKernal] Enabled local MACs: 480FCF5CA96F
[14:30:35,293][INFO][main][IgnitePluginProcessor] Configured plugins:
[14:30:35,294][INFO][main][IgnitePluginProcessor]   ^-- None
[14:30:35,296][INFO][main][IgnitePluginProcessor] 
[14:30:36,957][INFO][main][TcpCommunicationSpi] IPC shared memory server endpoint started [port=48103, tokDir=/afs/inf.ed.ac.uk/user/s16/s1626297/Desktop/ds/apache-ignite-fabric-1.7.0-bin/work/ipc/shmem/63742588-ff16-4f80-a764-169ef2e02a42-17750]
[14:30:36,957][INFO][main][TcpCommunicationSpi] Successfully bound shared memory communication to TCP port [port=48103, locHost=0.0.0.0/0.0.0.0]
[14:30:37,003][INFO][main][TcpCommunicationSpi] Successfully bound to TCP port [port=47103, locHost=0.0.0.0/0.0.0.0]
[14:30:37,232][WARNING][main][NoopCheckpointSpi] Checkpoints are disabled (to enable configure any GridCheckpointSpi implementation)
[14:30:37,493][WARNING][main][GridCollisionManager] Collision resolution is disabled (all jobs will be activated upon arrival).
[14:30:37,525][WARNING][main][NoopSwapSpaceSpi] Swap space is disabled. To enable use FileSwapSpaceSpi.
[14:30:37,540][INFO][main][IgniteKernal] Security status [authentication=off, tls/ssl=off]
[14:30:39,819][WARNING][main][IgniteH2Indexing] Serialization of Java objects in H2 was enabled.
[14:30:40,150][INFO][main][GridTcpRestProtocol] Command protocol successfully started [name=TCP binary, host=0.0.0.0/0.0.0.0, port=11214]
[14:30:43,596][INFO][main][GridCacheProcessor] Started cache [name=ignite-sys-cache, mode=REPLICATED]
[14:30:43,690][INFO][main][GridCacheProcessor] Started cache [name=ignite-atomics-sys-cache, mode=PARTITIONED]
[14:30:43,854][INFO][main][GridCacheProcessor] Started cache [name=ignite-marshaller-sys-cache, mode=REPLICATED]
[14:30:44,635][INFO][main][IgniteKernal] Performance suggestions for grid  (fix if possible)
[14:30:44,637][INFO][main][IgniteKernal] To disable, set -DIGNITE_PERFORMANCE_SUGGESTIONS_DISABLED=true
[14:30:44,637][INFO][main][IgniteKernal]   ^-- Disable peer class loading (set 'peerClassLoadingEnabled' to false)
[14:30:44,638][INFO][main][IgniteKernal]   ^-- Disable grid events (remove 'includeEventTypes' from configuration)
[14:30:44,638][INFO][main][IgniteKernal] 
[14:30:44,640][INFO][main][IgniteKernal] To start Console Management & Monitoring run ignitevisorcmd.{sh|bat}
[14:30:44,644][INFO][main][IgniteKernal] 
[14:30:44,661][INFO][main][IgniteKernal] 

>>> +----------------------------------------------------------------------+
>>> Ignite ver. 1.7.0#20160801-sha1:383273e3f66f702de2482466dce954d570a8ccf2
>>> +----------------------------------------------------------------------+
>>> OS name: Linux 3.10.0-327.36.3.el7.x86_64 amd64
>>> CPU(s): 4
>>> Heap: 3.5GB
>>> VM name: 17750@lloyd.inf.ed.ac.uk
>>> Local node [ID=63742588-FF16-4F80-A764-169EF2E02A42, order=28, clientMode=true]
>>> Local node addresses: [lloyd.inf.ed.ac.uk/0:0:0:0:0:0:0:1%lo, /127.0.0.1, /129.215.2.16]
>>> Local ports: TCP:11214 TCP:47103 TCP:48103 

[14:30:44,666][INFO][main][GridDiscoveryManager] Topology snapshot [ver=28, servers=1, clients=3, CPUs=4, heap=11.0GB]
[14:30:44,882][INFO][exchange-worker-#45%null%][GridCacheProcessor] Started cache [name=partB, mode=PARTITIONED]
[14:30:45,760][INFO][main][GridDeploymentLocalStore] Class locally deployed: class partB.StreamThree$1
[14:30:52,024][INFO][ignite-update-notifier-timer][GridUpdateNotifier] Your version is up to date.
[14:31:30,311][INFO][disco-event-worker-#42%null%][GridDiscoveryManager] Added new node to topology: TcpDiscoveryNode [id=3bd83f9f-3916-4549-a368-995793ae0990, addrs=[0:0:0:0:0:0:0:1%lo, 127.0.0.1, 129.215.2.16], sockAddrs=[/0:0:0:0:0:0:0:1%lo:0, /127.0.0.1:0, lloyd.inf.ed.ac.uk/129.215.2.16:0], discPort=0, order=29, intOrder=17, lastExchangeTime=1479047490296, loc=false, ver=1.7.0#20160801-sha1:383273e3, isClient=true]
[14:31:30,313][INFO][disco-event-worker-#42%null%][GridDiscoveryManager] Topology snapshot [ver=29, servers=1, clients=4, CPUs=4, heap=15.0GB]
[14:31:44,630][INFO][grid-timeout-worker-#27%null%][IgniteKernal] 
Metrics for local node (to disable set 'metricsLogFrequency' to 0)
    ^-- Node [id=63742588, name=null, uptime=00:01:00:033]
    ^-- H/N/C [hosts=1, nodes=5, CPUs=4]
    ^-- CPU [cur=1.4%, avg=2.66%, GC=0%]
    ^-- Heap [used=64MB, free=98.17%, comm=823MB]
    ^-- Non heap [used=42MB, free=-1%, comm=43MB]
    ^-- Public thread pool [active=0, idle=16, qSize=0]
    ^-- System thread pool [active=0, idle=16, qSize=0]
    ^-- Outbound messages queue [size=0]
[14:32:44,633][INFO][grid-timeout-worker-#27%null%][IgniteKernal] 
Metrics for local node (to disable set 'metricsLogFrequency' to 0)
    ^-- Node [id=63742588, name=null, uptime=00:02:00:034]
    ^-- H/N/C [hosts=1, nodes=5, CPUs=4]
    ^-- CPU [cur=1.43%, avg=2.13%, GC=0%]
    ^-- Heap [used=648MB, free=81.68%, comm=1014MB]
    ^-- Non heap [used=42MB, free=-1%, comm=44MB]
    ^-- Public thread pool [active=0, idle=16, qSize=0]
    ^-- System thread pool [active=0, idle=16, qSize=0]
    ^-- Outbound messages queue [size=0]
[14:33:44,633][INFO][grid-timeout-worker-#27%null%][IgniteKernal] 
Metrics for local node (to disable set 'metricsLogFrequency' to 0)
    ^-- Node [id=63742588, name=null, uptime=00:03:00:036]
    ^-- H/N/C [hosts=1, nodes=5, CPUs=4]
    ^-- CPU [cur=1.73%, avg=1.95%, GC=0.1%]
    ^-- Heap [used=177MB, free=95%, comm=831MB]
    ^-- Non heap [used=42MB, free=-1%, comm=44MB]
    ^-- Public thread pool [active=0, idle=16, qSize=0]
    ^-- System thread pool [active=0, idle=16, qSize=0]
    ^-- Outbound messages queue [size=0]
[14:34:44,636][INFO][grid-timeout-worker-#27%null%][IgniteKernal] 
Metrics for local node (to disable set 'metricsLogFrequency' to 0)
    ^-- Node [id=63742588, name=null, uptime=00:04:00:041]
    ^-- H/N/C [hosts=1, nodes=5, CPUs=4]
    ^-- CPU [cur=1.5%, avg=1.9%, GC=0.13%]
    ^-- Heap [used=158MB, free=95.53%, comm=672MB]
    ^-- Non heap [used=43MB, free=-1%, comm=44MB]
    ^-- Public thread pool [active=0, idle=16, qSize=0]
    ^-- System thread pool [active=0, idle=16, qSize=0]
    ^-- Outbound messages queue [size=0]
[14:35:44,640][INFO][grid-timeout-worker-#27%null%][IgniteKernal] 
Metrics for local node (to disable set 'metricsLogFrequency' to 0)
    ^-- Node [id=63742588, name=null, uptime=00:05:00:044]
    ^-- H/N/C [hosts=1, nodes=5, CPUs=4]
    ^-- CPU [cur=1.73%, avg=1.84%, GC=0.33%]
    ^-- Heap [used=228MB, free=93.55%, comm=522MB]
    ^-- Non heap [used=43MB, free=-1%, comm=44MB]
    ^-- Public thread pool [active=0, idle=16, qSize=0]
    ^-- System thread pool [active=0, idle=16, qSize=0]
    ^-- Outbound messages queue [size=0]
