[22:17:21,233][INFO][main][IgniteKernal] 

>>>    __________  ________________  
>>>   /  _/ ___/ |/ /  _/_  __/ __/  
>>>  _/ // (7 7    // /  / / / _/    
>>> /___/\___/_/|_/___/ /_/ /___/   
>>> 
>>> ver. 1.7.0#20160801-sha1:383273e3
>>> 2016 Copyright(C) Apache Software Foundation
>>> 
>>> Ignite documentation: http://ignite.apache.org

[22:17:21,245][INFO][main][IgniteKernal] Config URL: file:/afs/inf.ed.ac.uk/user/s16/s1626297/Desktop/ds/apache-ignite-fabric-1.7.0-bin/examples/config/example-ignite-no-discovery.xml
[22:17:21,247][INFO][main][IgniteKernal] Daemon mode: off
[22:17:21,247][INFO][main][IgniteKernal] OS: Linux 3.10.0-327.36.3.el7.x86_64 amd64
[22:17:21,248][INFO][main][IgniteKernal] OS user: s1626297
[22:17:21,250][INFO][main][IgniteKernal] Language runtime: Java Platform API Specification ver. 1.8
[22:17:21,250][INFO][main][IgniteKernal] VM information: Java(TM) SE Runtime Environment 1.8.0_91-b14 Oracle Corporation Java HotSpot(TM) 64-Bit Server VM 25.91-b14
[22:17:21,254][INFO][main][IgniteKernal] VM total memory: 1.7GB
[22:17:21,254][INFO][main][IgniteKernal] Remote Management [restart: off, REST: on, JMX (remote: off)]
[22:17:21,254][INFO][main][IgniteKernal] IGNITE_HOME=/afs/inf.ed.ac.uk/user/s16/s1626297/Desktop/ds/apache-ignite-fabric-1.7.0-bin
[22:17:21,263][INFO][main][IgniteKernal] VM arguments: [-DIGNITE_HOME=/afs/inf.ed.ac.uk/user/s16/s1626297/Desktop/ds/apache-ignite-fabric-1.7.0-bin, -Didea.launcher.port=7535, -Didea.launcher.bin.path=/opt/idea-ce/bin, -Dfile.encoding=UTF-8]
[22:17:21,265][INFO][main][IgniteKernal] Configured caches ['ignite-marshaller-sys-cache', 'ignite-sys-cache', 'ignite-atomics-sys-cache']
[22:17:21,266][WARNING][main][IgniteKernal] Peer class loading is enabled (disable it in production for performance and deployment consistency reasons)
[22:17:21,381][INFO][main][IgniteKernal] 3-rd party licenses can be found at: /afs/inf.ed.ac.uk/user/s16/s1626297/Desktop/ds/apache-ignite-fabric-1.7.0-bin/libs/licenses
[22:17:21,438][WARNING][pub-#26%null%][GridDiagnostic] Initial heap size is 124MB (should be no less than 512MB, use -Xms512m -Xmx512m).
[22:17:21,569][INFO][main][IgniteKernal] Non-loopback local IPs: 129.215.3.32, fe80:0:0:0:a2d3:c1ff:fe0f:8a89%em1
[22:17:21,569][INFO][main][IgniteKernal] Enabled local MACs: A0D3C10F8A89
[22:17:21,619][INFO][main][IgnitePluginProcessor] Configured plugins:
[22:17:21,620][INFO][main][IgnitePluginProcessor]   ^-- None
[22:17:21,620][INFO][main][IgnitePluginProcessor] 
[22:17:22,045][INFO][main][TcpCommunicationSpi] IPC shared memory server endpoint started [port=48104, tokDir=/afs/inf.ed.ac.uk/user/s16/s1626297/Desktop/ds/apache-ignite-fabric-1.7.0-bin/work/ipc/shmem/d6a8f688-07f4-4835-a7a0-b3a22c5ce483-11568]
[22:17:22,046][INFO][main][TcpCommunicationSpi] Successfully bound shared memory communication to TCP port [port=48104, locHost=0.0.0.0/0.0.0.0]
[22:17:22,197][INFO][main][TcpCommunicationSpi] Successfully bound to TCP port [port=47104, locHost=0.0.0.0/0.0.0.0]
[22:17:22,274][WARNING][main][NoopCheckpointSpi] Checkpoints are disabled (to enable configure any GridCheckpointSpi implementation)
[22:17:22,315][WARNING][main][GridCollisionManager] Collision resolution is disabled (all jobs will be activated upon arrival).
[22:17:22,319][WARNING][main][NoopSwapSpaceSpi] Swap space is disabled. To enable use FileSwapSpaceSpi.
[22:17:22,321][INFO][main][IgniteKernal] Security status [authentication=off, tls/ssl=off]
[22:17:23,042][WARNING][main][IgniteH2Indexing] Serialization of Java objects in H2 was enabled.
[22:17:23,374][INFO][main][GridTcpRestProtocol] Command protocol successfully started [name=TCP binary, host=0.0.0.0/0.0.0.0, port=11215]
[22:17:24,100][WARNING][main][IgniteKernal] Attempting to start more nodes than physical RAM available on current host (this can cause significant slowdown)
[22:17:24,933][INFO][main][GridCacheProcessor] Started cache [name=ignite-sys-cache, mode=REPLICATED]
[22:17:24,945][INFO][main][GridCacheProcessor] Started cache [name=ignite-atomics-sys-cache, mode=PARTITIONED]
[22:17:24,963][INFO][main][GridCacheProcessor] Started cache [name=ignite-marshaller-sys-cache, mode=REPLICATED]
[22:17:25,447][INFO][main][IgniteKernal] Performance suggestions for grid  (fix if possible)
[22:17:25,447][INFO][main][IgniteKernal] To disable, set -DIGNITE_PERFORMANCE_SUGGESTIONS_DISABLED=true
[22:17:25,447][INFO][main][IgniteKernal]   ^-- Disable peer class loading (set 'peerClassLoadingEnabled' to false)
[22:17:25,447][INFO][main][IgniteKernal]   ^-- Disable grid events (remove 'includeEventTypes' from configuration)
[22:17:25,448][INFO][main][IgniteKernal] 
[22:17:25,448][INFO][main][IgniteKernal] To start Console Management & Monitoring run ignitevisorcmd.{sh|bat}
[22:17:25,448][INFO][main][IgniteKernal] 
[22:17:25,449][INFO][main][IgniteKernal] 

>>> +----------------------------------------------------------------------+
>>> Ignite ver. 1.7.0#20160801-sha1:383273e3f66f702de2482466dce954d570a8ccf2
>>> +----------------------------------------------------------------------+
>>> OS name: Linux 3.10.0-327.36.3.el7.x86_64 amd64
>>> CPU(s): 4
>>> Heap: 1.7GB
>>> VM name: 11568@lodi.inf.ed.ac.uk
>>> Local node [ID=D6A8F688-07F4-4835-A7A0-B3A22C5CE483, order=19, clientMode=true]
>>> Local node addresses: [lodi.inf.ed.ac.uk/0:0:0:0:0:0:0:1%lo, /127.0.0.1, /129.215.3.32]
>>> Local ports: TCP:11215 TCP:47104 TCP:48104 

[22:17:25,450][INFO][main][GridDiscoveryManager] Topology snapshot [ver=19, servers=1, clients=4, CPUs=4, heap=7.9GB]
[22:17:25,712][INFO][exchange-worker-#45%null%][GridCacheProcessor] Started cache [name=words, mode=PARTITIONED]
[22:17:34,149][INFO][ignite-update-notifier-timer][GridUpdateNotifier] Your version is up to date.
[22:18:25,446][INFO][grid-timeout-worker-#27%null%][IgniteKernal] 
Metrics for local node (to disable set 'metricsLogFrequency' to 0)
    ^-- Node [id=d6a8f688, name=null, uptime=00:01:00:006]
    ^-- H/N/C [hosts=1, nodes=5, CPUs=4]
    ^-- CPU [cur=0.1%, avg=0.23%, GC=0%]
    ^-- Heap [used=19MB, free=98.87%, comm=115MB]
    ^-- Non heap [used=38MB, free=-1%, comm=39MB]
    ^-- Public thread pool [active=0, idle=6, qSize=0]
    ^-- System thread pool [active=0, idle=16, qSize=0]
    ^-- Outbound messages queue [size=0]
[22:18:29,911][INFO][disco-event-worker-#42%null%][GridDiscoveryManager] Node left topology: TcpDiscoveryNode [id=8fa7517f-9d3b-41db-873a-f9debeb25206, addrs=[0:0:0:0:0:0:0:1%lo, 127.0.0.1, 129.215.3.32], sockAddrs=[/0:0:0:0:0:0:0:1%lo:0, /127.0.0.1:0, lodi.inf.ed.ac.uk/129.215.3.32:0], discPort=0, order=16, intOrder=9, lastExchangeTime=1478816243784, loc=false, ver=1.7.0#20160801-sha1:383273e3, isClient=true]
[22:18:29,911][INFO][disco-event-worker-#42%null%][GridDiscoveryManager] Topology snapshot [ver=20, servers=1, clients=3, CPUs=4, heap=6.1GB]
[22:18:31,143][INFO][disco-event-worker-#42%null%][GridDiscoveryManager] Node left topology: TcpDiscoveryNode [id=0e2bb70c-b0ef-41cf-8100-915167ee88bd, addrs=[0:0:0:0:0:0:0:1%lo, 127.0.0.1, 129.215.3.32], sockAddrs=[/0:0:0:0:0:0:0:1%lo:0, /127.0.0.1:0, lodi.inf.ed.ac.uk/129.215.3.32:0], discPort=0, order=17, intOrder=10, lastExchangeTime=1478816243784, loc=false, ver=1.7.0#20160801-sha1:383273e3, isClient=true]
[22:18:31,144][INFO][disco-event-worker-#42%null%][GridDiscoveryManager] Topology snapshot [ver=21, servers=1, clients=2, CPUs=4, heap=4.4GB]
[22:18:59,385][INFO][disco-event-worker-#42%null%][GridDiscoveryManager] Node left topology: TcpDiscoveryNode [id=e968c470-7db5-4c91-9d0e-385691dbc222, addrs=[0:0:0:0:0:0:0:1%lo, 127.0.0.1, 129.215.3.32], sockAddrs=[/0:0:0:0:0:0:0:1%lo:0, /127.0.0.1:0, lodi.inf.ed.ac.uk/129.215.3.32:0], discPort=0, order=18, intOrder=11, lastExchangeTime=1478816243784, loc=false, ver=1.7.0#20160801-sha1:383273e3, isClient=true]
[22:18:59,385][INFO][disco-event-worker-#42%null%][GridDiscoveryManager] Topology snapshot [ver=22, servers=1, clients=1, CPUs=4, heap=2.7GB]
[22:19:25,450][INFO][grid-timeout-worker-#27%null%][IgniteKernal] 
Metrics for local node (to disable set 'metricsLogFrequency' to 0)
    ^-- Node [id=d6a8f688, name=null, uptime=00:02:00:012]
    ^-- H/N/C [hosts=1, nodes=2, CPUs=4]
    ^-- CPU [cur=0.5%, avg=0.23%, GC=0%]
    ^-- Heap [used=27MB, free=98.45%, comm=122MB]
    ^-- Non heap [used=39MB, free=-1%, comm=40MB]
    ^-- Public thread pool [active=0, idle=12, qSize=0]
    ^-- System thread pool [active=0, idle=16, qSize=0]
    ^-- Outbound messages queue [size=0]
[22:20:25,457][INFO][grid-timeout-worker-#27%null%][IgniteKernal] 
Metrics for local node (to disable set 'metricsLogFrequency' to 0)
    ^-- Node [id=d6a8f688, name=null, uptime=00:03:00:015]
    ^-- H/N/C [hosts=1, nodes=2, CPUs=4]
    ^-- CPU [cur=0.17%, avg=0.23%, GC=0%]
    ^-- Heap [used=16MB, free=99.05%, comm=124MB]
    ^-- Non heap [used=40MB, free=-1%, comm=40MB]
    ^-- Public thread pool [active=0, idle=12, qSize=0]
    ^-- System thread pool [active=0, idle=16, qSize=0]
    ^-- Outbound messages queue [size=0]
[22:21:25,458][INFO][grid-timeout-worker-#27%null%][IgniteKernal] 
Metrics for local node (to disable set 'metricsLogFrequency' to 0)
    ^-- Node [id=d6a8f688, name=null, uptime=00:04:00:020]
    ^-- H/N/C [hosts=1, nodes=2, CPUs=4]
    ^-- CPU [cur=2.5%, avg=0.21%, GC=0%]
    ^-- Heap [used=59MB, free=96.63%, comm=124MB]
    ^-- Non heap [used=40MB, free=-1%, comm=41MB]
    ^-- Public thread pool [active=0, idle=12, qSize=0]
    ^-- System thread pool [active=0, idle=16, qSize=0]
    ^-- Outbound messages queue [size=0]
[22:22:25,464][INFO][grid-timeout-worker-#27%null%][IgniteKernal] 
Metrics for local node (to disable set 'metricsLogFrequency' to 0)
    ^-- Node [id=d6a8f688, name=null, uptime=00:05:00:024]
    ^-- H/N/C [hosts=1, nodes=2, CPUs=4]
    ^-- CPU [cur=0.27%, avg=0.23%, GC=0%]
    ^-- Heap [used=48MB, free=97.23%, comm=119MB]
    ^-- Non heap [used=40MB, free=-1%, comm=41MB]
    ^-- Public thread pool [active=0, idle=12, qSize=0]
    ^-- System thread pool [active=0, idle=16, qSize=0]
    ^-- Outbound messages queue [size=0]
[22:23:25,469][INFO][grid-timeout-worker-#27%null%][IgniteKernal] 
Metrics for local node (to disable set 'metricsLogFrequency' to 0)
    ^-- Node [id=d6a8f688, name=null, uptime=00:06:00:024]
    ^-- H/N/C [hosts=1, nodes=2, CPUs=4]
    ^-- CPU [cur=0.23%, avg=0.22%, GC=0%]
    ^-- Heap [used=38MB, free=97.8%, comm=118MB]
    ^-- Non heap [used=40MB, free=-1%, comm=41MB]
    ^-- Public thread pool [active=0, idle=12, qSize=0]
    ^-- System thread pool [active=0, idle=16, qSize=0]
    ^-- Outbound messages queue [size=0]
[22:24:25,466][INFO][grid-timeout-worker-#27%null%][IgniteKernal] 
Metrics for local node (to disable set 'metricsLogFrequency' to 0)
    ^-- Node [id=d6a8f688, name=null, uptime=00:07:00:028]
    ^-- H/N/C [hosts=1, nodes=2, CPUs=4]
    ^-- CPU [cur=0.17%, avg=0.21%, GC=0%]
    ^-- Heap [used=30MB, free=98.28%, comm=118MB]
    ^-- Non heap [used=41MB, free=-1%, comm=42MB]
    ^-- Public thread pool [active=0, idle=12, qSize=0]
    ^-- System thread pool [active=0, idle=16, qSize=0]
    ^-- Outbound messages queue [size=0]
[22:25:25,474][INFO][grid-timeout-worker-#27%null%][IgniteKernal] 
Metrics for local node (to disable set 'metricsLogFrequency' to 0)
    ^-- Node [id=d6a8f688, name=null, uptime=00:08:00:036]
    ^-- H/N/C [hosts=1, nodes=2, CPUs=4]
    ^-- CPU [cur=0.17%, avg=0.21%, GC=0%]
    ^-- Heap [used=22MB, free=98.75%, comm=116MB]
    ^-- Non heap [used=41MB, free=-1%, comm=42MB]
    ^-- Public thread pool [active=0, idle=12, qSize=0]
    ^-- System thread pool [active=0, idle=16, qSize=0]
    ^-- Outbound messages queue [size=0]
[22:26:25,477][INFO][grid-timeout-worker-#27%null%][IgniteKernal] 
Metrics for local node (to disable set 'metricsLogFrequency' to 0)
    ^-- Node [id=d6a8f688, name=null, uptime=00:09:00:040]
    ^-- H/N/C [hosts=1, nodes=2, CPUs=4]
    ^-- CPU [cur=0.23%, avg=0.2%, GC=0%]
    ^-- Heap [used=62MB, free=96.44%, comm=116MB]
    ^-- Non heap [used=41MB, free=-1%, comm=42MB]
    ^-- Public thread pool [active=0, idle=12, qSize=0]
    ^-- System thread pool [active=0, idle=16, qSize=0]
    ^-- Outbound messages queue [size=0]
[22:27:25,482][INFO][grid-timeout-worker-#27%null%][IgniteKernal] 
Metrics for local node (to disable set 'metricsLogFrequency' to 0)
    ^-- Node [id=d6a8f688, name=null, uptime=00:10:00:044]
    ^-- H/N/C [hosts=1, nodes=2, CPUs=4]
    ^-- CPU [cur=0.17%, avg=0.2%, GC=0%]
    ^-- Heap [used=55MB, free=96.83%, comm=117MB]
    ^-- Non heap [used=41MB, free=-1%, comm=42MB]
    ^-- Public thread pool [active=0, idle=12, qSize=0]
    ^-- System thread pool [active=0, idle=16, qSize=0]
    ^-- Outbound messages queue [size=0]
[22:28:25,487][INFO][grid-timeout-worker-#27%null%][IgniteKernal] 
Metrics for local node (to disable set 'metricsLogFrequency' to 0)
    ^-- Node [id=d6a8f688, name=null, uptime=00:11:00:048]
    ^-- H/N/C [hosts=1, nodes=2, CPUs=4]
    ^-- CPU [cur=0.07%, avg=0.2%, GC=0%]
    ^-- Heap [used=48MB, free=97.22%, comm=114MB]
    ^-- Non heap [used=42MB, free=-1%, comm=42MB]
    ^-- Public thread pool [active=0, idle=12, qSize=0]
    ^-- System thread pool [active=0, idle=16, qSize=0]
    ^-- Outbound messages queue [size=0]
[22:29:25,492][INFO][grid-timeout-worker-#27%null%][IgniteKernal] 
Metrics for local node (to disable set 'metricsLogFrequency' to 0)
    ^-- Node [id=d6a8f688, name=null, uptime=00:12:00:055]
    ^-- H/N/C [hosts=1, nodes=2, CPUs=4]
    ^-- CPU [cur=0.17%, avg=0.2%, GC=0%]
    ^-- Heap [used=43MB, free=97.53%, comm=114MB]
    ^-- Non heap [used=42MB, free=-1%, comm=42MB]
    ^-- Public thread pool [active=0, idle=12, qSize=0]
    ^-- System thread pool [active=0, idle=16, qSize=0]
    ^-- Outbound messages queue [size=0]
[22:30:25,500][INFO][grid-timeout-worker-#27%null%][IgniteKernal] 
Metrics for local node (to disable set 'metricsLogFrequency' to 0)
    ^-- Node [id=d6a8f688, name=null, uptime=00:13:00:061]
    ^-- H/N/C [hosts=1, nodes=2, CPUs=4]
    ^-- CPU [cur=0.17%, avg=0.2%, GC=0%]
    ^-- Heap [used=39MB, free=97.77%, comm=112MB]
    ^-- Non heap [used=42MB, free=-1%, comm=43MB]
    ^-- Public thread pool [active=0, idle=12, qSize=0]
    ^-- System thread pool [active=0, idle=16, qSize=0]
    ^-- Outbound messages queue [size=0]
[22:31:25,505][INFO][grid-timeout-worker-#27%null%][IgniteKernal] 
Metrics for local node (to disable set 'metricsLogFrequency' to 0)
    ^-- Node [id=d6a8f688, name=null, uptime=00:14:00:065]
    ^-- H/N/C [hosts=1, nodes=2, CPUs=4]
    ^-- CPU [cur=0.17%, avg=0.19%, GC=0%]
    ^-- Heap [used=35MB, free=98%, comm=111MB]
    ^-- Non heap [used=42MB, free=-1%, comm=43MB]
    ^-- Public thread pool [active=0, idle=12, qSize=0]
    ^-- System thread pool [active=0, idle=16, qSize=0]
    ^-- Outbound messages queue [size=0]
[22:32:25,502][INFO][grid-timeout-worker-#27%null%][IgniteKernal] 
Metrics for local node (to disable set 'metricsLogFrequency' to 0)
    ^-- Node [id=d6a8f688, name=null, uptime=00:15:00:065]
    ^-- H/N/C [hosts=1, nodes=2, CPUs=4]
    ^-- CPU [cur=0.1%, avg=0.19%, GC=0%]
    ^-- Heap [used=32MB, free=98.16%, comm=110MB]
    ^-- Non heap [used=42MB, free=-1%, comm=43MB]
    ^-- Public thread pool [active=0, idle=12, qSize=0]
    ^-- System thread pool [active=0, idle=16, qSize=0]
    ^-- Outbound messages queue [size=0]
[22:33:25,508][INFO][grid-timeout-worker-#27%null%][IgniteKernal] 
Metrics for local node (to disable set 'metricsLogFrequency' to 0)
    ^-- Node [id=d6a8f688, name=null, uptime=00:16:00:069]
    ^-- H/N/C [hosts=1, nodes=2, CPUs=4]
    ^-- CPU [cur=0.23%, avg=0.19%, GC=0%]
    ^-- Heap [used=31MB, free=98.23%, comm=110MB]
    ^-- Non heap [used=42MB, free=-1%, comm=43MB]
    ^-- Public thread pool [active=0, idle=12, qSize=0]
    ^-- System thread pool [active=0, idle=16, qSize=0]
    ^-- Outbound messages queue [size=0]
[22:34:25,513][INFO][grid-timeout-worker-#27%null%][IgniteKernal] 
Metrics for local node (to disable set 'metricsLogFrequency' to 0)
    ^-- Node [id=d6a8f688, name=null, uptime=00:17:00:072]
    ^-- H/N/C [hosts=1, nodes=2, CPUs=4]
    ^-- CPU [cur=0.07%, avg=0.18%, GC=0%]
    ^-- Heap [used=29MB, free=98.31%, comm=110MB]
    ^-- Non heap [used=42MB, free=-1%, comm=43MB]
    ^-- Public thread pool [active=0, idle=12, qSize=0]
    ^-- System thread pool [active=0, idle=16, qSize=0]
    ^-- Outbound messages queue [size=0]
[22:35:25,512][INFO][grid-timeout-worker-#27%null%][IgniteKernal] 
Metrics for local node (to disable set 'metricsLogFrequency' to 0)
    ^-- Node [id=d6a8f688, name=null, uptime=00:18:00:074]
    ^-- H/N/C [hosts=1, nodes=2, CPUs=4]
    ^-- CPU [cur=0.43%, avg=0.18%, GC=0%]
    ^-- Heap [used=29MB, free=98.31%, comm=110MB]
    ^-- Non heap [used=42MB, free=-1%, comm=43MB]
    ^-- Public thread pool [active=0, idle=12, qSize=0]
    ^-- System thread pool [active=0, idle=16, qSize=0]
    ^-- Outbound messages queue [size=0]
[22:36:25,520][INFO][grid-timeout-worker-#27%null%][IgniteKernal] 
Metrics for local node (to disable set 'metricsLogFrequency' to 0)
    ^-- Node [id=d6a8f688, name=null, uptime=00:19:00:079]
    ^-- H/N/C [hosts=1, nodes=2, CPUs=4]
    ^-- CPU [cur=0.23%, avg=0.18%, GC=0%]
    ^-- Heap [used=29MB, free=98.31%, comm=110MB]
    ^-- Non heap [used=42MB, free=-1%, comm=43MB]
    ^-- Public thread pool [active=0, idle=12, qSize=0]
    ^-- System thread pool [active=0, idle=16, qSize=0]
    ^-- Outbound messages queue [size=0]
[22:37:25,522][INFO][grid-timeout-worker-#27%null%][IgniteKernal] 
Metrics for local node (to disable set 'metricsLogFrequency' to 0)
    ^-- Node [id=d6a8f688, name=null, uptime=00:20:00:084]
    ^-- H/N/C [hosts=1, nodes=2, CPUs=4]
    ^-- CPU [cur=0.17%, avg=0.18%, GC=0%]
    ^-- Heap [used=29MB, free=98.31%, comm=110MB]
    ^-- Non heap [used=42MB, free=-1%, comm=43MB]
    ^-- Public thread pool [active=0, idle=12, qSize=0]
    ^-- System thread pool [active=0, idle=16, qSize=0]
    ^-- Outbound messages queue [size=0]
[22:38:25,531][INFO][grid-timeout-worker-#27%null%][IgniteKernal] 
Metrics for local node (to disable set 'metricsLogFrequency' to 0)
    ^-- Node [id=d6a8f688, name=null, uptime=00:21:00:090]
    ^-- H/N/C [hosts=1, nodes=2, CPUs=4]
    ^-- CPU [cur=0.23%, avg=0.18%, GC=0%]
    ^-- Heap [used=31MB, free=98.23%, comm=101MB]
    ^-- Non heap [used=42MB, free=-1%, comm=43MB]
    ^-- Public thread pool [active=0, idle=12, qSize=0]
    ^-- System thread pool [active=0, idle=16, qSize=0]
    ^-- Outbound messages queue [size=0]
[22:39:25,531][INFO][grid-timeout-worker-#27%null%][IgniteKernal] 
Metrics for local node (to disable set 'metricsLogFrequency' to 0)
    ^-- Node [id=d6a8f688, name=null, uptime=00:22:00:090]
    ^-- H/N/C [hosts=1, nodes=2, CPUs=4]
    ^-- CPU [cur=0.17%, avg=0.18%, GC=0%]
    ^-- Heap [used=32MB, free=98.15%, comm=109MB]
    ^-- Non heap [used=42MB, free=-1%, comm=43MB]
    ^-- Public thread pool [active=0, idle=12, qSize=0]
    ^-- System thread pool [active=0, idle=16, qSize=0]
    ^-- Outbound messages queue [size=0]
[22:40:25,530][INFO][grid-timeout-worker-#27%null%][IgniteKernal] 
Metrics for local node (to disable set 'metricsLogFrequency' to 0)
    ^-- Node [id=d6a8f688, name=null, uptime=00:23:00:091]
    ^-- H/N/C [hosts=1, nodes=2, CPUs=4]
    ^-- CPU [cur=0.17%, avg=0.18%, GC=0%]
    ^-- Heap [used=33MB, free=98.07%, comm=100MB]
    ^-- Non heap [used=43MB, free=-1%, comm=43MB]
    ^-- Public thread pool [active=0, idle=12, qSize=0]
    ^-- System thread pool [active=0, idle=16, qSize=0]
    ^-- Outbound messages queue [size=0]
[22:41:25,535][INFO][grid-timeout-worker-#27%null%][IgniteKernal] 
Metrics for local node (to disable set 'metricsLogFrequency' to 0)
    ^-- Node [id=d6a8f688, name=null, uptime=00:24:00:095]
    ^-- H/N/C [hosts=1, nodes=2, CPUs=4]
    ^-- CPU [cur=0.17%, avg=0.18%, GC=0%]
    ^-- Heap [used=36MB, free=97.92%, comm=107MB]
    ^-- Non heap [used=43MB, free=-1%, comm=44MB]
    ^-- Public thread pool [active=0, idle=12, qSize=0]
    ^-- System thread pool [active=0, idle=16, qSize=0]
    ^-- Outbound messages queue [size=0]
[22:42:25,532][INFO][grid-timeout-worker-#27%null%][IgniteKernal] 
Metrics for local node (to disable set 'metricsLogFrequency' to 0)
    ^-- Node [id=d6a8f688, name=null, uptime=00:25:00:095]
    ^-- H/N/C [hosts=1, nodes=2, CPUs=4]
    ^-- CPU [cur=0.07%, avg=0.18%, GC=0%]
    ^-- Heap [used=39MB, free=97.77%, comm=99MB]
    ^-- Non heap [used=43MB, free=-1%, comm=44MB]
    ^-- Public thread pool [active=0, idle=12, qSize=0]
    ^-- System thread pool [active=0, idle=16, qSize=0]
    ^-- Outbound messages queue [size=0]
[22:43:25,540][INFO][grid-timeout-worker-#27%null%][IgniteKernal] 
Metrics for local node (to disable set 'metricsLogFrequency' to 0)
    ^-- Node [id=d6a8f688, name=null, uptime=00:26:00:097]
    ^-- H/N/C [hosts=1, nodes=2, CPUs=4]
    ^-- CPU [cur=0.1%, avg=0.18%, GC=0%]
    ^-- Heap [used=43MB, free=97.54%, comm=105MB]
    ^-- Non heap [used=43MB, free=-1%, comm=44MB]
    ^-- Public thread pool [active=0, idle=12, qSize=0]
    ^-- System thread pool [active=0, idle=16, qSize=0]
    ^-- Outbound messages queue [size=0]
[22:44:25,540][INFO][grid-timeout-worker-#27%null%][IgniteKernal] 
Metrics for local node (to disable set 'metricsLogFrequency' to 0)
    ^-- Node [id=d6a8f688, name=null, uptime=00:27:00:101]
    ^-- H/N/C [hosts=1, nodes=2, CPUs=4]
    ^-- CPU [cur=0.23%, avg=0.18%, GC=0%]
    ^-- Heap [used=47MB, free=97.32%, comm=98MB]
    ^-- Non heap [used=43MB, free=-1%, comm=44MB]
    ^-- Public thread pool [active=0, idle=12, qSize=0]
    ^-- System thread pool [active=0, idle=16, qSize=0]
    ^-- Outbound messages queue [size=0]
[22:45:25,545][INFO][grid-timeout-worker-#27%null%][IgniteKernal] 
Metrics for local node (to disable set 'metricsLogFrequency' to 0)
    ^-- Node [id=d6a8f688, name=null, uptime=00:28:00:108]
    ^-- H/N/C [hosts=1, nodes=2, CPUs=4]
    ^-- CPU [cur=0.27%, avg=0.18%, GC=0%]
    ^-- Heap [used=16MB, free=99.06%, comm=97MB]
    ^-- Non heap [used=43MB, free=-1%, comm=44MB]
    ^-- Public thread pool [active=0, idle=12, qSize=0]
    ^-- System thread pool [active=0, idle=16, qSize=0]
    ^-- Outbound messages queue [size=0]
[22:46:25,554][INFO][grid-timeout-worker-#27%null%][IgniteKernal] 
Metrics for local node (to disable set 'metricsLogFrequency' to 0)
    ^-- Node [id=d6a8f688, name=null, uptime=00:29:00:116]
    ^-- H/N/C [hosts=1, nodes=2, CPUs=4]
    ^-- CPU [cur=0.17%, avg=0.18%, GC=0%]
    ^-- Heap [used=21MB, free=98.75%, comm=103MB]
    ^-- Non heap [used=43MB, free=-1%, comm=44MB]
    ^-- Public thread pool [active=0, idle=12, qSize=0]
    ^-- System thread pool [active=0, idle=16, qSize=0]
    ^-- Outbound messages queue [size=0]
[22:47:25,562][INFO][grid-timeout-worker-#27%null%][IgniteKernal] 
Metrics for local node (to disable set 'metricsLogFrequency' to 0)
    ^-- Node [id=d6a8f688, name=null, uptime=00:30:00:117]
    ^-- H/N/C [hosts=1, nodes=2, CPUs=4]
    ^-- CPU [cur=0.1%, avg=0.18%, GC=0%]
    ^-- Heap [used=27MB, free=98.45%, comm=96MB]
    ^-- Non heap [used=43MB, free=-1%, comm=44MB]
    ^-- Public thread pool [active=0, idle=12, qSize=0]
    ^-- System thread pool [active=0, idle=16, qSize=0]
    ^-- Outbound messages queue [size=0]
[22:48:25,564][INFO][grid-timeout-worker-#27%null%][IgniteKernal] 
Metrics for local node (to disable set 'metricsLogFrequency' to 0)
    ^-- Node [id=d6a8f688, name=null, uptime=00:31:00:118]
    ^-- H/N/C [hosts=1, nodes=2, CPUs=4]
    ^-- CPU [cur=0.23%, avg=0.18%, GC=0%]
    ^-- Heap [used=33MB, free=98.07%, comm=100MB]
    ^-- Non heap [used=43MB, free=-1%, comm=44MB]
    ^-- Public thread pool [active=0, idle=12, qSize=0]
    ^-- System thread pool [active=0, idle=16, qSize=0]
    ^-- Outbound messages queue [size=0]
[22:49:25,563][INFO][grid-timeout-worker-#27%null%][IgniteKernal] 
Metrics for local node (to disable set 'metricsLogFrequency' to 0)
    ^-- Node [id=d6a8f688, name=null, uptime=00:32:00:122]
    ^-- H/N/C [hosts=1, nodes=2, CPUs=4]
    ^-- CPU [cur=0.1%, avg=0.18%, GC=0%]
    ^-- Heap [used=40MB, free=97.69%, comm=95MB]
    ^-- Non heap [used=43MB, free=-1%, comm=44MB]
    ^-- Public thread pool [active=0, idle=12, qSize=0]
    ^-- System thread pool [active=0, idle=16, qSize=0]
    ^-- Outbound messages queue [size=0]
[22:50:25,567][INFO][grid-timeout-worker-#27%null%][IgniteKernal] 
Metrics for local node (to disable set 'metricsLogFrequency' to 0)
    ^-- Node [id=d6a8f688, name=null, uptime=00:33:00:130]
    ^-- H/N/C [hosts=1, nodes=2, CPUs=4]
    ^-- CPU [cur=0.1%, avg=0.18%, GC=0%]
    ^-- Heap [used=47MB, free=97.31%, comm=99MB]
    ^-- Non heap [used=43MB, free=-1%, comm=44MB]
    ^-- Public thread pool [active=0, idle=12, qSize=0]
    ^-- System thread pool [active=0, idle=16, qSize=0]
    ^-- Outbound messages queue [size=0]
[22:51:25,569][INFO][grid-timeout-worker-#27%null%][IgniteKernal] 
Metrics for local node (to disable set 'metricsLogFrequency' to 0)
    ^-- Node [id=d6a8f688, name=null, uptime=00:34:00:133]
    ^-- H/N/C [hosts=1, nodes=2, CPUs=4]
    ^-- CPU [cur=0.17%, avg=0.17%, GC=0%]
    ^-- Heap [used=23MB, free=98.68%, comm=97MB]
    ^-- Non heap [used=43MB, free=-1%, comm=44MB]
    ^-- Public thread pool [active=0, idle=12, qSize=0]
    ^-- System thread pool [active=0, idle=16, qSize=0]
    ^-- Outbound messages queue [size=0]
[22:52:25,572][INFO][grid-timeout-worker-#27%null%][IgniteKernal] 
Metrics for local node (to disable set 'metricsLogFrequency' to 0)
    ^-- Node [id=d6a8f688, name=null, uptime=00:35:00:136]
    ^-- H/N/C [hosts=1, nodes=2, CPUs=4]
    ^-- CPU [cur=0.17%, avg=0.17%, GC=0%]
    ^-- Heap [used=32MB, free=98.14%, comm=93MB]
    ^-- Non heap [used=43MB, free=-1%, comm=44MB]
    ^-- Public thread pool [active=0, idle=12, qSize=0]
    ^-- System thread pool [active=0, idle=16, qSize=0]
    ^-- Outbound messages queue [size=0]
[22:53:25,581][INFO][grid-timeout-worker-#27%null%][IgniteKernal] 
Metrics for local node (to disable set 'metricsLogFrequency' to 0)
    ^-- Node [id=d6a8f688, name=null, uptime=00:36:00:144]
    ^-- H/N/C [hosts=1, nodes=2, CPUs=4]
    ^-- CPU [cur=0.1%, avg=0.17%, GC=0%]
    ^-- Heap [used=41MB, free=97.61%, comm=96MB]
    ^-- Non heap [used=43MB, free=-1%, comm=44MB]
    ^-- Public thread pool [active=0, idle=12, qSize=0]
    ^-- System thread pool [active=0, idle=16, qSize=0]
    ^-- Outbound messages queue [size=0]
[22:53:57,547][INFO][Thread-4][G] Invoking shutdown hook...
