[20:54:39,805][INFO][main][IgniteKernal] 

>>>    __________  ________________  
>>>   /  _/ ___/ |/ /  _/_  __/ __/  
>>>  _/ // (7 7    // /  / / / _/    
>>> /___/\___/_/|_/___/ /_/ /___/   
>>> 
>>> ver. 1.7.0#20160801-sha1:383273e3
>>> 2016 Copyright(C) Apache Software Foundation
>>> 
>>> Ignite documentation: http://ignite.apache.org

[20:54:39,807][INFO][main][IgniteKernal] Config URL: file:/afs/inf.ed.ac.uk/user/s16/s1626297/Desktop/ds/apache-ignite-fabric-1.7.0-bin/examples/config/example-ignite-no-discovery.xml
[20:54:39,807][INFO][main][IgniteKernal] Daemon mode: off
[20:54:39,807][INFO][main][IgniteKernal] OS: Linux 3.10.0-327.36.3.el7.x86_64 amd64
[20:54:39,807][INFO][main][IgniteKernal] OS user: s1626297
[20:54:39,808][INFO][main][IgniteKernal] Language runtime: Java Platform API Specification ver. 1.8
[20:54:39,808][INFO][main][IgniteKernal] VM information: Java(TM) SE Runtime Environment 1.8.0_91-b14 Oracle Corporation Java HotSpot(TM) 64-Bit Server VM 25.91-b14
[20:54:39,809][INFO][main][IgniteKernal] VM total memory: 1.7GB
[20:54:39,809][INFO][main][IgniteKernal] Remote Management [restart: off, REST: on, JMX (remote: off)]
[20:54:39,809][INFO][main][IgniteKernal] IGNITE_HOME=/afs/inf.ed.ac.uk/user/s16/s1626297/Desktop/ds/apache-ignite-fabric-1.7.0-bin
[20:54:39,810][INFO][main][IgniteKernal] VM arguments: [-DIGNITE_HOME=/afs/inf.ed.ac.uk/user/s16/s1626297/Desktop/ds/apache-ignite-fabric-1.7.0-bin, -Didea.launcher.port=7533, -Didea.launcher.bin.path=/opt/idea-ce/bin, -Dfile.encoding=UTF-8]
[20:54:39,810][INFO][main][IgniteKernal] Configured caches ['ignite-marshaller-sys-cache', 'ignite-sys-cache', 'ignite-atomics-sys-cache']
[20:54:39,810][WARNING][main][IgniteKernal] Peer class loading is enabled (disable it in production for performance and deployment consistency reasons)
[20:54:39,817][INFO][main][IgniteKernal] 3-rd party licenses can be found at: /afs/inf.ed.ac.uk/user/s16/s1626297/Desktop/ds/apache-ignite-fabric-1.7.0-bin/libs/licenses
[20:54:39,839][WARNING][pub-#26%null%][GridDiagnostic] Initial heap size is 124MB (should be no less than 512MB, use -Xms512m -Xmx512m).
[20:54:39,879][INFO][main][IgniteKernal] Non-loopback local IPs: 129.215.3.62, fe80:0:0:0:8a51:fbff:fe55:4f8e%em1
[20:54:39,879][INFO][main][IgniteKernal] Enabled local MACs: 8851FB554F8E
[20:54:39,893][INFO][main][IgnitePluginProcessor] Configured plugins:
[20:54:39,894][INFO][main][IgnitePluginProcessor]   ^-- None
[20:54:39,894][INFO][main][IgnitePluginProcessor] 
[20:54:40,008][INFO][main][TcpCommunicationSpi] IPC shared memory server endpoint started [port=48101, tokDir=/afs/inf.ed.ac.uk/user/s16/s1626297/Desktop/ds/apache-ignite-fabric-1.7.0-bin/work/ipc/shmem/c49f4563-7901-42b0-8bf7-3e949a755978-30186]
[20:54:40,009][INFO][main][TcpCommunicationSpi] Successfully bound shared memory communication to TCP port [port=48101, locHost=0.0.0.0/0.0.0.0]
[20:54:40,028][INFO][main][TcpCommunicationSpi] Successfully bound to TCP port [port=47101, locHost=0.0.0.0/0.0.0.0]
[20:54:40,085][WARNING][main][NoopCheckpointSpi] Checkpoints are disabled (to enable configure any GridCheckpointSpi implementation)
[20:54:40,117][WARNING][main][GridCollisionManager] Collision resolution is disabled (all jobs will be activated upon arrival).
[20:54:40,120][WARNING][main][NoopSwapSpaceSpi] Swap space is disabled. To enable use FileSwapSpaceSpi.
[20:54:40,121][INFO][main][IgniteKernal] Security status [authentication=off, tls/ssl=off]
[20:54:40,337][WARNING][main][IgniteH2Indexing] Serialization of Java objects in H2 was enabled.
[20:54:40,389][INFO][main][GridTcpRestProtocol] Command protocol successfully started [name=TCP binary, host=0.0.0.0/0.0.0.0, port=11212]
[20:54:40,786][INFO][main][GridCacheProcessor] Started cache [name=ignite-sys-cache, mode=REPLICATED]
[20:54:40,796][INFO][main][GridCacheProcessor] Started cache [name=ignite-atomics-sys-cache, mode=PARTITIONED]
[20:54:40,811][INFO][main][GridCacheProcessor] Started cache [name=ignite-marshaller-sys-cache, mode=REPLICATED]
[20:54:41,017][INFO][main][IgniteKernal] Performance suggestions for grid  (fix if possible)
[20:54:41,018][INFO][main][IgniteKernal] To disable, set -DIGNITE_PERFORMANCE_SUGGESTIONS_DISABLED=true
[20:54:41,018][INFO][main][IgniteKernal]   ^-- Disable peer class loading (set 'peerClassLoadingEnabled' to false)
[20:54:41,018][INFO][main][IgniteKernal]   ^-- Disable grid events (remove 'includeEventTypes' from configuration)
[20:54:41,018][INFO][main][IgniteKernal] 
[20:54:41,018][INFO][main][IgniteKernal] To start Console Management & Monitoring run ignitevisorcmd.{sh|bat}
[20:54:41,019][INFO][main][IgniteKernal] 
[20:54:41,019][INFO][main][IgniteKernal] 

>>> +----------------------------------------------------------------------+
>>> Ignite ver. 1.7.0#20160801-sha1:383273e3f66f702de2482466dce954d570a8ccf2
>>> +----------------------------------------------------------------------+
>>> OS name: Linux 3.10.0-327.36.3.el7.x86_64 amd64
>>> CPU(s): 4
>>> Heap: 1.7GB
>>> VM name: 30186@parrot.inf.ed.ac.uk
>>> Local node [ID=C49F4563-7901-42B0-8BF7-3E949A755978, order=44, clientMode=true]
>>> Local node addresses: [parrot.inf.ed.ac.uk/0:0:0:0:0:0:0:1%lo, /127.0.0.1, /129.215.3.62]
>>> Local ports: TCP:11212 TCP:47101 TCP:48101 

[20:54:41,020][INFO][main][GridDiscoveryManager] Topology snapshot [ver=44, servers=1, clients=1, CPUs=4, heap=2.7GB]
[20:54:41,061][INFO][exchange-worker-#45%null%][GridCacheProcessor] Started cache [name=words, mode=PARTITIONED]
[20:54:41,388][INFO][main][GridDeploymentLocalStore] Class locally deployed: class partC.StreamOne$1
[20:54:49,914][INFO][disco-event-worker-#42%null%][GridDiscoveryManager] Added new node to topology: TcpDiscoveryNode [id=3b7729e8-be10-4c70-91dd-3c33e75b41f1, addrs=[0:0:0:0:0:0:0:1%lo, 127.0.0.1, 129.215.3.62], sockAddrs=[parrot.inf.ed.ac.uk/129.215.3.62:0, /0:0:0:0:0:0:0:1%lo:0, /127.0.0.1:0], discPort=0, order=45, intOrder=24, lastExchangeTime=1478897689878, loc=false, ver=1.7.0#20160801-sha1:383273e3, isClient=true]
[20:54:49,914][INFO][disco-event-worker-#42%null%][GridDiscoveryManager] Topology snapshot [ver=45, servers=1, clients=2, CPUs=4, heap=4.4GB]
[20:54:50,579][INFO][ignite-update-notifier-timer][GridUpdateNotifier] Your version is up to date.
[20:55:41,019][INFO][grid-timeout-worker-#27%null%][IgniteKernal] 
Metrics for local node (to disable set 'metricsLogFrequency' to 0)
    ^-- Node [id=c49f4563, name=null, uptime=00:01:00:007]
    ^-- H/N/C [hosts=1, nodes=3, CPUs=4]
    ^-- CPU [cur=18.93%, avg=17.02%, GC=0.23%]
    ^-- Heap [used=524MB, free=70.02%, comm=707MB]
    ^-- Non heap [used=41MB, free=-1%, comm=43MB]
    ^-- Public thread pool [active=0, idle=16, qSize=0]
    ^-- System thread pool [active=0, idle=16, qSize=0]
    ^-- Outbound messages queue [size=0]
[20:56:41,029][INFO][grid-timeout-worker-#27%null%][IgniteKernal] 
Metrics for local node (to disable set 'metricsLogFrequency' to 0)
    ^-- Node [id=c49f4563, name=null, uptime=00:02:00:014]
    ^-- H/N/C [hosts=1, nodes=3, CPUs=4]
    ^-- CPU [cur=18.83%, avg=17.75%, GC=0.2%]
    ^-- Heap [used=185MB, free=89.4%, comm=708MB]
    ^-- Non heap [used=41MB, free=-1%, comm=43MB]
    ^-- Public thread pool [active=0, idle=16, qSize=0]
    ^-- System thread pool [active=0, idle=16, qSize=0]
    ^-- Outbound messages queue [size=0]
[20:57:04,879][INFO][disco-event-worker-#42%null%][GridDiscoveryManager] Node left topology: TcpDiscoveryNode [id=3b7729e8-be10-4c70-91dd-3c33e75b41f1, addrs=[0:0:0:0:0:0:0:1%lo, 127.0.0.1, 129.215.3.62], sockAddrs=[parrot.inf.ed.ac.uk/129.215.3.62:0, /0:0:0:0:0:0:0:1%lo:0, /127.0.0.1:0], discPort=0, order=45, intOrder=24, lastExchangeTime=1478897689878, loc=false, ver=1.7.0#20160801-sha1:383273e3, isClient=true]
[20:57:04,879][INFO][disco-event-worker-#42%null%][GridDiscoveryManager] Topology snapshot [ver=46, servers=1, clients=1, CPUs=4, heap=2.7GB]
