[15:42:26,344][INFO][main][IgniteKernal] 

>>>    __________  ________________  
>>>   /  _/ ___/ |/ /  _/_  __/ __/  
>>>  _/ // (7 7    // /  / / / _/    
>>> /___/\___/_/|_/___/ /_/ /___/   
>>> 
>>> ver. 1.7.0#20160801-sha1:383273e3
>>> 2016 Copyright(C) Apache Software Foundation
>>> 
>>> Ignite documentation: http://ignite.apache.org

[15:42:26,367][INFO][main][IgniteKernal] Config URL: file:/afs/inf.ed.ac.uk/user/s16/s1626297/Desktop/ds/apache-ignite-fabric-1.7.0-bin/examples/config/example-ignite.xml
[15:42:26,367][INFO][main][IgniteKernal] Daemon mode: off
[15:42:26,368][INFO][main][IgniteKernal] OS: Linux 3.10.0-327.36.3.el7.x86_64 amd64
[15:42:26,368][INFO][main][IgniteKernal] OS user: s1626297
[15:42:26,370][INFO][main][IgniteKernal] Language runtime: Java Platform API Specification ver. 1.8
[15:42:26,370][INFO][main][IgniteKernal] VM information: Java(TM) SE Runtime Environment 1.8.0_91-b14 Oracle Corporation Java HotSpot(TM) 64-Bit Server VM 25.91-b14
[15:42:26,376][INFO][main][IgniteKernal] VM total memory: 1.7GB
[15:42:26,380][INFO][main][IgniteKernal] Remote Management [restart: off, REST: on, JMX (remote: off)]
[15:42:26,381][INFO][main][IgniteKernal] IGNITE_HOME=/afs/inf.ed.ac.uk/user/s16/s1626297/Desktop/ds/apache-ignite-fabric-1.7.0-bin
[15:42:26,384][INFO][main][IgniteKernal] VM arguments: [-DIGNITE_HOME=/afs/inf.ed.ac.uk/user/s16/s1626297/Desktop/ds/apache-ignite-fabric-1.7.0-bin, -Didea.launcher.port=7534, -Didea.launcher.bin.path=/opt/idea-ce/bin, -Dfile.encoding=UTF-8]
[15:42:26,384][INFO][main][IgniteKernal] Configured caches ['ignite-marshaller-sys-cache', 'ignite-sys-cache', 'ignite-atomics-sys-cache']
[15:42:26,386][WARNING][main][IgniteKernal] Peer class loading is enabled (disable it in production for performance and deployment consistency reasons)
[15:42:26,421][INFO][main][IgniteKernal] 3-rd party licenses can be found at: /afs/inf.ed.ac.uk/user/s16/s1626297/Desktop/ds/apache-ignite-fabric-1.7.0-bin/libs/licenses
[15:42:26,448][WARNING][pub-#26%null%][GridDiagnostic] Initial heap size is 124MB (should be no less than 512MB, use -Xms512m -Xmx512m).
[15:42:26,518][INFO][main][IgniteKernal] Non-loopback local IPs: 129.215.3.62, fe80:0:0:0:8a51:fbff:fe55:4f8e%em1
[15:42:26,518][INFO][main][IgniteKernal] Enabled local MACs: 8851FB554F8E
[15:42:26,537][INFO][main][IgnitePluginProcessor] Configured plugins:
[15:42:26,537][INFO][main][IgnitePluginProcessor]   ^-- None
[15:42:26,538][INFO][main][IgnitePluginProcessor] 
[15:42:26,783][INFO][main][TcpCommunicationSpi] IPC shared memory server endpoint started [port=48101, tokDir=/afs/inf.ed.ac.uk/user/s16/s1626297/Desktop/ds/apache-ignite-fabric-1.7.0-bin/work/ipc/shmem/d2b36e39-ac3c-49b1-b41e-9e3cbe18d5bd-20490]
[15:42:26,783][INFO][main][TcpCommunicationSpi] Successfully bound shared memory communication to TCP port [port=48101, locHost=0.0.0.0/0.0.0.0]
[15:42:26,807][INFO][main][TcpCommunicationSpi] Successfully bound to TCP port [port=47101, locHost=0.0.0.0/0.0.0.0]
[15:42:26,878][WARNING][main][NoopCheckpointSpi] Checkpoints are disabled (to enable configure any GridCheckpointSpi implementation)
[15:42:26,959][WARNING][main][GridCollisionManager] Collision resolution is disabled (all jobs will be activated upon arrival).
[15:42:26,962][WARNING][main][NoopSwapSpaceSpi] Swap space is disabled. To enable use FileSwapSpaceSpi.
[15:42:26,963][INFO][main][IgniteKernal] Security status [authentication=off, tls/ssl=off]
[15:42:27,287][WARNING][main][IgniteH2Indexing] Serialization of Java objects in H2 was enabled.
[15:42:27,368][INFO][main][GridTcpRestProtocol] Command protocol successfully started [name=TCP binary, host=0.0.0.0/0.0.0.0, port=11212]
[15:42:28,419][INFO][main][GridCacheProcessor] Started cache [name=ignite-sys-cache, mode=REPLICATED]
[15:42:28,431][INFO][main][GridCacheProcessor] Started cache [name=ignite-atomics-sys-cache, mode=PARTITIONED]
[15:42:28,448][INFO][main][GridCacheProcessor] Started cache [name=ignite-marshaller-sys-cache, mode=REPLICATED]
[15:42:28,642][INFO][main][IgniteKernal] Performance suggestions for grid  (fix if possible)
[15:42:28,642][INFO][main][IgniteKernal] To disable, set -DIGNITE_PERFORMANCE_SUGGESTIONS_DISABLED=true
[15:42:28,642][INFO][main][IgniteKernal]   ^-- Disable peer class loading (set 'peerClassLoadingEnabled' to false)
[15:42:28,642][INFO][main][IgniteKernal]   ^-- Disable grid events (remove 'includeEventTypes' from configuration)
[15:42:28,642][INFO][main][IgniteKernal] 
[15:42:28,642][INFO][main][IgniteKernal] To start Console Management & Monitoring run ignitevisorcmd.{sh|bat}
[15:42:28,643][INFO][main][IgniteKernal] 
[15:42:28,644][INFO][main][IgniteKernal] 

>>> +----------------------------------------------------------------------+
>>> Ignite ver. 1.7.0#20160801-sha1:383273e3f66f702de2482466dce954d570a8ccf2
>>> +----------------------------------------------------------------------+
>>> OS name: Linux 3.10.0-327.36.3.el7.x86_64 amd64
>>> CPU(s): 4
>>> Heap: 1.7GB
>>> VM name: 20490@parrot.inf.ed.ac.uk
>>> Local node [ID=D2B36E39-AC3C-49B1-B41E-9E3CBE18D5BD, order=19, clientMode=true]
>>> Local node addresses: [parrot.inf.ed.ac.uk/0:0:0:0:0:0:0:1%lo, /127.0.0.1, /129.215.3.62]
>>> Local ports: TCP:11212 TCP:47101 UDP:47400 TCP:48101 

[15:42:28,645][INFO][main][GridDiscoveryManager] Topology snapshot [ver=19, servers=3, clients=2, CPUs=12, heap=6.4GB]
[15:42:28,708][INFO][exchange-worker-#44%null%][GridCacheProcessor] Started cache [name=words, mode=PARTITIONED]
[15:42:28,959][INFO][main][GridDeploymentLocalStore] Class locally deployed: class org.apache.ignite.stream.StreamTransformer$1
[15:42:38,186][INFO][ignite-update-notifier-timer][GridUpdateNotifier] Your version is up to date.
[15:43:25,419][WARNING][disco-event-worker-#42%null%][GridDiscoveryManager] Remote node has peer class loading enabled flag different from local [locId8=d2b36e39, locPeerClassLoading=true, rmtId8=5bf576fd, rmtPeerClassLoading=false, rmtAddrs=[muguruza.inf.ed.ac.uk/0:0:0:0:0:0:0:1%lo, /127.0.0.1, /129.215.3.18]]
[15:43:25,420][INFO][disco-event-worker-#42%null%][GridDiscoveryManager] Added new node to topology: TcpDiscoveryNode [id=5bf576fd-8611-410d-be45-dd8c8fb8408d, addrs=[0:0:0:0:0:0:0:1%lo, 127.0.0.1, 129.215.3.18], sockAddrs=[muguruza.inf.ed.ac.uk/129.215.3.18:0, /0:0:0:0:0:0:0:1%lo:0, /127.0.0.1:0], discPort=0, order=20, intOrder=13, lastExchangeTime=1478706205395, loc=false, ver=1.7.0#20160801-sha1:383273e3, isClient=true]
[15:43:25,421][INFO][disco-event-worker-#42%null%][GridDiscoveryManager] Topology snapshot [ver=20, servers=3, clients=3, CPUs=16, heap=8.1GB]
[15:43:25,494][INFO][disco-event-worker-#42%null%][GridDiscoveryManager] Node left topology: TcpDiscoveryNode [id=5bf576fd-8611-410d-be45-dd8c8fb8408d, addrs=[0:0:0:0:0:0:0:1%lo, 127.0.0.1, 129.215.3.18], sockAddrs=[muguruza.inf.ed.ac.uk/129.215.3.18:0, /0:0:0:0:0:0:0:1%lo:0, /127.0.0.1:0], discPort=0, order=20, intOrder=13, lastExchangeTime=1478706205395, loc=false, ver=1.7.0#20160801-sha1:383273e3, isClient=true]
[15:43:25,494][INFO][disco-event-worker-#42%null%][GridDiscoveryManager] Topology snapshot [ver=21, servers=3, clients=2, CPUs=12, heap=6.4GB]
[15:43:28,645][INFO][grid-timeout-worker-#27%null%][IgniteKernal] 
Metrics for local node (to disable set 'metricsLogFrequency' to 0)
    ^-- Node [id=d2b36e39, name=null, uptime=00:01:00:002]
    ^-- H/N/C [hosts=3, nodes=5, CPUs=12]
    ^-- CPU [cur=1.77%, avg=0.31%, GC=0.2%]
    ^-- Heap [used=39MB, free=97.73%, comm=168MB]
    ^-- Non heap [used=40MB, free=-1%, comm=41MB]
    ^-- Public thread pool [active=0, idle=8, qSize=0]
    ^-- System thread pool [active=0, idle=16, qSize=0]
    ^-- Outbound messages queue [size=0]
[15:44:28,645][INFO][grid-timeout-worker-#27%null%][IgniteKernal] 
Metrics for local node (to disable set 'metricsLogFrequency' to 0)
    ^-- Node [id=d2b36e39, name=null, uptime=00:02:00:003]
    ^-- H/N/C [hosts=3, nodes=5, CPUs=12]
    ^-- CPU [cur=0.07%, avg=0.28%, GC=0%]
    ^-- Heap [used=45MB, free=97.37%, comm=168MB]
    ^-- Non heap [used=40MB, free=-1%, comm=41MB]
    ^-- Public thread pool [active=0, idle=8, qSize=0]
    ^-- System thread pool [active=0, idle=16, qSize=0]
    ^-- Outbound messages queue [size=0]
[15:45:28,652][INFO][grid-timeout-worker-#27%null%][IgniteKernal] 
Metrics for local node (to disable set 'metricsLogFrequency' to 0)
    ^-- Node [id=d2b36e39, name=null, uptime=00:03:00:012]
    ^-- H/N/C [hosts=3, nodes=5, CPUs=12]
    ^-- CPU [cur=0.1%, avg=0.25%, GC=0%]
    ^-- Heap [used=52MB, free=97.02%, comm=168MB]
    ^-- Non heap [used=41MB, free=-1%, comm=42MB]
    ^-- Public thread pool [active=0, idle=8, qSize=0]
    ^-- System thread pool [active=0, idle=16, qSize=0]
    ^-- Outbound messages queue [size=0]
