[01:03:10,144][INFO][main][IgniteKernal] 

>>>    __________  ________________  
>>>   /  _/ ___/ |/ /  _/_  __/ __/  
>>>  _/ // (7 7    // /  / / / _/    
>>> /___/\___/_/|_/___/ /_/ /___/   
>>> 
>>> ver. 1.7.0#20160801-sha1:383273e3
>>> 2016 Copyright(C) Apache Software Foundation
>>> 
>>> Ignite documentation: http://ignite.apache.org

[01:03:10,145][INFO][main][IgniteKernal] Config URL: file:/afs/inf.ed.ac.uk/user/s16/s1626297/Desktop/ds/apache-ignite-fabric-1.7.0-bin/examples/config/example-ignite-no-discovery.xml
[01:03:10,146][INFO][main][IgniteKernal] Daemon mode: off
[01:03:10,146][INFO][main][IgniteKernal] OS: Linux 3.10.0-327.36.3.el7.x86_64 amd64
[01:03:10,146][INFO][main][IgniteKernal] OS user: s1626297
[01:03:10,146][INFO][main][IgniteKernal] Language runtime: Java Platform API Specification ver. 1.8
[01:03:10,146][INFO][main][IgniteKernal] VM information: Java(TM) SE Runtime Environment 1.8.0_91-b14 Oracle Corporation Java HotSpot(TM) 64-Bit Server VM 25.91-b14
[01:03:10,147][INFO][main][IgniteKernal] VM total memory: 1.7GB
[01:03:10,148][INFO][main][IgniteKernal] Remote Management [restart: off, REST: on, JMX (remote: off)]
[01:03:10,148][INFO][main][IgniteKernal] IGNITE_HOME=/afs/inf.ed.ac.uk/user/s16/s1626297/Desktop/ds/apache-ignite-fabric-1.7.0-bin
[01:03:10,148][INFO][main][IgniteKernal] VM arguments: [-DIGNITE_HOME=/afs/inf.ed.ac.uk/user/s16/s1626297/Desktop/ds/apache-ignite-fabric-1.7.0-bin, -Didea.launcher.port=7551, -Didea.launcher.bin.path=/opt/idea-ce/bin, -Dfile.encoding=UTF-8]
[01:03:10,148][INFO][main][IgniteKernal] Configured caches ['ignite-marshaller-sys-cache', 'ignite-sys-cache', 'ignite-atomics-sys-cache']
[01:03:10,148][WARNING][main][IgniteKernal] Peer class loading is enabled (disable it in production for performance and deployment consistency reasons)
[01:03:10,169][INFO][main][IgniteKernal] 3-rd party licenses can be found at: /afs/inf.ed.ac.uk/user/s16/s1626297/Desktop/ds/apache-ignite-fabric-1.7.0-bin/libs/licenses
[01:03:10,186][WARNING][pub-#26%null%][GridDiagnostic] Initial heap size is 124MB (should be no less than 512MB, use -Xms512m -Xmx512m).
[01:03:10,264][INFO][main][IgniteKernal] Non-loopback local IPs: 129.215.2.234, fe80:0:0:0:8edc:d4ff:fe57:28d5%em1
[01:03:10,268][INFO][main][IgniteKernal] Enabled local MACs: 8CDCD45728D5
[01:03:10,296][INFO][main][IgnitePluginProcessor] Configured plugins:
[01:03:10,297][INFO][main][IgnitePluginProcessor]   ^-- None
[01:03:10,299][INFO][main][IgnitePluginProcessor] 
[01:03:10,523][INFO][main][TcpCommunicationSpi] IPC shared memory server endpoint started [port=48101, tokDir=/afs/inf.ed.ac.uk/user/s16/s1626297/Desktop/ds/apache-ignite-fabric-1.7.0-bin/work/ipc/shmem/a0a27a12-7c87-438c-85fd-9ced5fe5e2f6-11705]
[01:03:10,524][INFO][main][TcpCommunicationSpi] Successfully bound shared memory communication to TCP port [port=48101, locHost=0.0.0.0/0.0.0.0]
[01:03:10,554][INFO][main][TcpCommunicationSpi] Successfully bound to TCP port [port=47101, locHost=0.0.0.0/0.0.0.0]
[01:03:10,648][WARNING][main][NoopCheckpointSpi] Checkpoints are disabled (to enable configure any GridCheckpointSpi implementation)
[01:03:10,677][WARNING][main][GridCollisionManager] Collision resolution is disabled (all jobs will be activated upon arrival).
[01:03:10,680][WARNING][main][NoopSwapSpaceSpi] Swap space is disabled. To enable use FileSwapSpaceSpi.
[01:03:10,682][INFO][main][IgniteKernal] Security status [authentication=off, tls/ssl=off]
[01:03:11,146][WARNING][main][IgniteH2Indexing] Serialization of Java objects in H2 was enabled.
[01:03:11,208][INFO][main][GridTcpRestProtocol] Command protocol successfully started [name=TCP binary, host=0.0.0.0/0.0.0.0, port=11212]
[01:03:13,503][INFO][main][GridCacheProcessor] Started cache [name=ignite-sys-cache, mode=REPLICATED]
[01:03:13,513][INFO][main][GridCacheProcessor] Started cache [name=ignite-atomics-sys-cache, mode=PARTITIONED]
[01:03:13,529][INFO][main][GridCacheProcessor] Started cache [name=ignite-marshaller-sys-cache, mode=REPLICATED]
[01:03:16,339][INFO][main][IgniteKernal] Performance suggestions for grid  (fix if possible)
[01:03:16,340][INFO][main][IgniteKernal] To disable, set -DIGNITE_PERFORMANCE_SUGGESTIONS_DISABLED=true
[01:03:16,340][INFO][main][IgniteKernal]   ^-- Disable peer class loading (set 'peerClassLoadingEnabled' to false)
[01:03:16,340][INFO][main][IgniteKernal]   ^-- Disable grid events (remove 'includeEventTypes' from configuration)
[01:03:16,340][INFO][main][IgniteKernal] 
[01:03:16,340][INFO][main][IgniteKernal] To start Console Management & Monitoring run ignitevisorcmd.{sh|bat}
[01:03:16,341][INFO][main][IgniteKernal] 
[01:03:16,341][INFO][main][IgniteKernal] 

>>> +----------------------------------------------------------------------+
>>> Ignite ver. 1.7.0#20160801-sha1:383273e3f66f702de2482466dce954d570a8ccf2
>>> +----------------------------------------------------------------------+
>>> OS name: Linux 3.10.0-327.36.3.el7.x86_64 amd64
>>> CPU(s): 4
>>> Heap: 1.7GB
>>> VM name: 11705@donners.inf.ed.ac.uk
>>> Local node [ID=A0A27A12-7C87-438C-85FD-9CED5FE5E2F6, order=29, clientMode=true]
>>> Local node addresses: [donners.inf.ed.ac.uk/0:0:0:0:0:0:0:1%lo, /127.0.0.1, /129.215.2.234]
>>> Local ports: TCP:11212 TCP:47101 TCP:48101 

[01:03:16,342][INFO][main][GridDiscoveryManager] Topology snapshot [ver=29, servers=1, clients=2, CPUs=4, heap=4.4GB]
[01:03:18,450][INFO][exchange-worker-#44%null%][GridCacheProcessor] Started cache [name=partC, mode=PARTITIONED]
[01:03:23,142][INFO][ignite-update-notifier-timer][GridUpdateNotifier] Your version is up to date.
[01:04:10,125][WARNING][tcp-client-disco-reconnector-#5%null%][TcpDiscoverySpi] Timed out waiting for message to be read (most probably, the reason is in long GC pauses on remote node) [curTimeout=5000]
[01:04:15,133][SEVERE][tcp-client-disco-reconnector-#5%null%][TcpDiscoverySpi] Failed to reconnect to cluster (consider increasing 'networkTimeout' configuration property) [networkTimeout=5000]
[01:04:15,138][INFO][tcp-client-disco-msg-worker-#4%null%][GridDeploymentLocalStore] Removed undeployed class: GridDeployment [ts=1479258196225, depMode=SHARED, clsLdr=sun.misc.Launcher$AppClassLoader@4dc63996, clsLdrId=7cca8aa6851-a0a27a12-7c87-438c-85fd-9ced5fe5e2f6, userVer=0, loc=true, sampleClsName=org.apache.ignite.internal.processors.cache.distributed.dht.preloader.GridDhtPartitionFullMap, pendingUndeploy=false, undeployed=true, usage=0]
[01:04:15,138][INFO][main][GridTcpRestProtocol] Command protocol successfully stopped: TCP binary
[01:04:15,143][INFO][tcp-client-disco-msg-worker-#4%null%][TcpDiscoverySpi] Client node disconnected from cluster, will try to reconnect with new id [newId=c292a838-6591-49c2-84fd-46b67bcaa056, prevId=a0a27a12-7c87-438c-85fd-9ced5fe5e2f6, locNode=TcpDiscoveryNode [id=a0a27a12-7c87-438c-85fd-9ced5fe5e2f6, addrs=[0:0:0:0:0:0:0:1%lo, 127.0.0.1, 129.215.2.234], sockAddrs=[donners.inf.ed.ac.uk/129.215.2.234:0, /0:0:0:0:0:0:0:1%lo:0, /127.0.0.1:0], discPort=0, order=29, intOrder=0, lastExchangeTime=1479258191264, loc=true, ver=1.7.0#20160801-sha1:383273e3, isClient=true]]
[01:04:18,700][INFO][main][GridCacheProcessor] Stopped cache: ignite-marshaller-sys-cache
[01:04:18,700][INFO][main][GridCacheProcessor] Stopped cache: ignite-sys-cache
[01:04:18,700][INFO][main][GridCacheProcessor] Stopped cache: ignite-atomics-sys-cache
[01:04:18,700][INFO][main][GridCacheProcessor] Stopped cache: partC
[01:04:18,775][INFO][main][IgniteKernal] 

>>> +---------------------------------------------------------------------------------+
>>> Ignite ver. 1.7.0#20160801-sha1:383273e3f66f702de2482466dce954d570a8ccf2 stopped OK
>>> +---------------------------------------------------------------------------------+
>>> Grid uptime: 00:01:02:444


