[15:41:37,748][INFO][main][IgniteKernal] 

>>>    __________  ________________  
>>>   /  _/ ___/ |/ /  _/_  __/ __/  
>>>  _/ // (7 7    // /  / / / _/    
>>> /___/\___/_/|_/___/ /_/ /___/   
>>> 
>>> ver. 1.7.0#20160801-sha1:383273e3
>>> 2016 Copyright(C) Apache Software Foundation
>>> 
>>> Ignite documentation: http://ignite.apache.org

[15:41:37,750][INFO][main][IgniteKernal] Config URL: file:/afs/inf.ed.ac.uk/user/s16/s1626297/Desktop/ds/apache-ignite-fabric-1.7.0-bin/examples/config/example-ignite.xml
[15:41:37,750][INFO][main][IgniteKernal] Daemon mode: off
[15:41:37,751][INFO][main][IgniteKernal] OS: Linux 3.10.0-327.36.3.el7.x86_64 amd64
[15:41:37,751][INFO][main][IgniteKernal] OS user: s1626297
[15:41:37,751][INFO][main][IgniteKernal] Language runtime: Java Platform API Specification ver. 1.8
[15:41:37,751][INFO][main][IgniteKernal] VM information: Java(TM) SE Runtime Environment 1.8.0_91-b14 Oracle Corporation Java HotSpot(TM) 64-Bit Server VM 25.91-b14
[15:41:37,753][INFO][main][IgniteKernal] VM total memory: 1.7GB
[15:41:37,753][INFO][main][IgniteKernal] Remote Management [restart: off, REST: on, JMX (remote: off)]
[15:41:37,753][INFO][main][IgniteKernal] IGNITE_HOME=/afs/inf.ed.ac.uk/user/s16/s1626297/Desktop/ds/apache-ignite-fabric-1.7.0-bin
[15:41:37,754][INFO][main][IgniteKernal] VM arguments: [-DIGNITE_HOME=/afs/inf.ed.ac.uk/user/s16/s1626297/Desktop/ds/apache-ignite-fabric-1.7.0-bin, -Didea.launcher.port=7533, -Didea.launcher.bin.path=/opt/idea-ce/bin, -Dfile.encoding=UTF-8]
[15:41:37,754][INFO][main][IgniteKernal] Configured caches ['ignite-marshaller-sys-cache', 'ignite-sys-cache', 'ignite-atomics-sys-cache']
[15:41:37,754][WARNING][main][IgniteKernal] Peer class loading is enabled (disable it in production for performance and deployment consistency reasons)
[15:41:37,759][INFO][main][IgniteKernal] 3-rd party licenses can be found at: /afs/inf.ed.ac.uk/user/s16/s1626297/Desktop/ds/apache-ignite-fabric-1.7.0-bin/libs/licenses
[15:41:37,777][WARNING][pub-#26%null%][GridDiagnostic] Initial heap size is 124MB (should be no less than 512MB, use -Xms512m -Xmx512m).
[15:41:37,820][INFO][main][IgniteKernal] Non-loopback local IPs: 129.215.3.62, fe80:0:0:0:8a51:fbff:fe55:4f8e%em1
[15:41:37,821][INFO][main][IgniteKernal] Enabled local MACs: 8851FB554F8E
[15:41:37,845][INFO][main][IgnitePluginProcessor] Configured plugins:
[15:41:37,845][INFO][main][IgnitePluginProcessor]   ^-- None
[15:41:37,845][INFO][main][IgnitePluginProcessor] 
[15:41:38,005][INFO][main][TcpCommunicationSpi] IPC shared memory server endpoint started [port=48101, tokDir=/afs/inf.ed.ac.uk/user/s16/s1626297/Desktop/ds/apache-ignite-fabric-1.7.0-bin/work/ipc/shmem/1af41fe0-b5f6-45d5-88f2-e7dc132a848c-20163]
[15:41:38,005][INFO][main][TcpCommunicationSpi] Successfully bound shared memory communication to TCP port [port=48101, locHost=0.0.0.0/0.0.0.0]
[15:41:38,028][INFO][main][TcpCommunicationSpi] Successfully bound to TCP port [port=47101, locHost=0.0.0.0/0.0.0.0]
[15:41:38,137][WARNING][main][NoopCheckpointSpi] Checkpoints are disabled (to enable configure any GridCheckpointSpi implementation)
[15:41:38,205][WARNING][main][GridCollisionManager] Collision resolution is disabled (all jobs will be activated upon arrival).
[15:41:38,208][WARNING][main][NoopSwapSpaceSpi] Swap space is disabled. To enable use FileSwapSpaceSpi.
[15:41:38,210][INFO][main][IgniteKernal] Security status [authentication=off, tls/ssl=off]
[15:41:38,611][WARNING][main][IgniteH2Indexing] Serialization of Java objects in H2 was enabled.
[15:41:38,687][INFO][main][GridTcpRestProtocol] Command protocol successfully started [name=TCP binary, host=0.0.0.0/0.0.0.0, port=11212]
[15:41:40,700][INFO][main][GridCacheProcessor] Started cache [name=ignite-sys-cache, mode=REPLICATED]
[15:41:40,737][INFO][main][GridCacheProcessor] Started cache [name=ignite-atomics-sys-cache, mode=PARTITIONED]
[15:41:40,785][INFO][main][GridCacheProcessor] Started cache [name=ignite-marshaller-sys-cache, mode=REPLICATED]
[15:41:41,345][INFO][main][IgniteKernal] Performance suggestions for grid  (fix if possible)
[15:41:41,345][INFO][main][IgniteKernal] To disable, set -DIGNITE_PERFORMANCE_SUGGESTIONS_DISABLED=true
[15:41:41,345][INFO][main][IgniteKernal]   ^-- Disable peer class loading (set 'peerClassLoadingEnabled' to false)
[15:41:41,345][INFO][main][IgniteKernal]   ^-- Disable grid events (remove 'includeEventTypes' from configuration)
[15:41:41,346][INFO][main][IgniteKernal] 
[15:41:41,346][INFO][main][IgniteKernal] To start Console Management & Monitoring run ignitevisorcmd.{sh|bat}
[15:41:41,346][INFO][main][IgniteKernal] 
[15:41:41,347][INFO][main][IgniteKernal] 

>>> +----------------------------------------------------------------------+
>>> Ignite ver. 1.7.0#20160801-sha1:383273e3f66f702de2482466dce954d570a8ccf2
>>> +----------------------------------------------------------------------+
>>> OS name: Linux 3.10.0-327.36.3.el7.x86_64 amd64
>>> CPU(s): 4
>>> Heap: 1.7GB
>>> VM name: 20163@parrot.inf.ed.ac.uk
>>> Local node [ID=1AF41FE0-B5F6-45D5-88F2-E7DC132A848C, order=16, clientMode=true]
>>> Local node addresses: [parrot.inf.ed.ac.uk/0:0:0:0:0:0:0:1%lo, /127.0.0.1, /129.215.3.62]
>>> Local ports: TCP:11212 TCP:47101 UDP:47400 TCP:48101 

[15:41:41,348][INFO][main][GridDiscoveryManager] Topology snapshot [ver=16, servers=2, clients=2, CPUs=8, heap=5.4GB]
[15:41:41,452][INFO][exchange-worker-#44%null%][GridCacheProcessor] Started cache [name=words, mode=PARTITIONED]
[15:41:42,089][INFO][main][GridDeploymentLocalStore] Class locally deployed: class org.apache.ignite.stream.StreamTransformer$1
[15:41:46,139][INFO][disco-event-worker-#42%null%][GridDiscoveryManager] Added new node to topology: TcpDiscoveryNode [id=37897dea-2798-466f-96ad-b40431a1d095, addrs=[0:0:0:0:0:0:0:1%lo, 127.0.0.1, 129.215.2.190], sockAddrs=[morales.inf.ed.ac.uk/129.215.2.190:47500, /0:0:0:0:0:0:0:1%lo:47500, /127.0.0.1:47500], discPort=47500, order=17, intOrder=11, lastExchangeTime=1478706106029, loc=false, ver=1.7.0#20160801-sha1:383273e3, isClient=false]
[15:41:46,140][INFO][disco-event-worker-#42%null%][GridDiscoveryManager] Topology snapshot [ver=17, servers=3, clients=2, CPUs=12, heap=6.4GB]
[15:41:49,851][INFO][ignite-update-notifier-timer][GridUpdateNotifier] Your version is up to date.
