[16:54:40,004][INFO][main][IgniteKernal] 

>>>    __________  ________________  
>>>   /  _/ ___/ |/ /  _/_  __/ __/  
>>>  _/ // (7 7    // /  / / / _/    
>>> /___/\___/_/|_/___/ /_/ /___/   
>>> 
>>> ver. 1.7.0#20160801-sha1:383273e3
>>> 2016 Copyright(C) Apache Software Foundation
>>> 
>>> Ignite documentation: http://ignite.apache.org

[16:54:40,006][INFO][main][IgniteKernal] Config URL: file:/afs/inf.ed.ac.uk/user/s16/s1626297/Desktop/ds/apache-ignite-fabric-1.7.0-bin/examples/config/example-ignite-no-discovery.xml
[16:54:40,006][INFO][main][IgniteKernal] Daemon mode: off
[16:54:40,007][INFO][main][IgniteKernal] OS: Linux 3.10.0-327.36.3.el7.x86_64 amd64
[16:54:40,007][INFO][main][IgniteKernal] OS user: s1626297
[16:54:40,008][INFO][main][IgniteKernal] Language runtime: Java Platform API Specification ver. 1.8
[16:54:40,008][INFO][main][IgniteKernal] VM information: Java(TM) SE Runtime Environment 1.8.0_91-b14 Oracle Corporation Java HotSpot(TM) 64-Bit Server VM 25.91-b14
[16:54:40,009][INFO][main][IgniteKernal] VM total memory: 1.7GB
[16:54:40,010][INFO][main][IgniteKernal] Remote Management [restart: off, REST: on, JMX (remote: off)]
[16:54:40,010][INFO][main][IgniteKernal] IGNITE_HOME=/afs/inf.ed.ac.uk/user/s16/s1626297/Desktop/ds/apache-ignite-fabric-1.7.0-bin
[16:54:40,010][INFO][main][IgniteKernal] VM arguments: [-DIGNITE_HOME=/afs/inf.ed.ac.uk/user/s16/s1626297/Desktop/ds/apache-ignite-fabric-1.7.0-bin, -Didea.launcher.port=7539, -Didea.launcher.bin.path=/opt/idea-ce/bin, -Dfile.encoding=UTF-8]
[16:54:40,011][INFO][main][IgniteKernal] Configured caches ['ignite-marshaller-sys-cache', 'ignite-sys-cache', 'ignite-atomics-sys-cache']
[16:54:40,011][WARNING][main][IgniteKernal] Peer class loading is enabled (disable it in production for performance and deployment consistency reasons)
[16:54:40,020][INFO][main][IgniteKernal] 3-rd party licenses can be found at: /afs/inf.ed.ac.uk/user/s16/s1626297/Desktop/ds/apache-ignite-fabric-1.7.0-bin/libs/licenses
[16:54:40,023][WARNING][pub-#26%null%][GridDiagnostic] Initial heap size is 124MB (should be no less than 512MB, use -Xms512m -Xmx512m).
[16:54:40,075][INFO][main][IgniteKernal] Non-loopback local IPs: 129.215.3.62, fe80:0:0:0:8a51:fbff:fe55:4f8e%em1
[16:54:40,076][INFO][main][IgniteKernal] Enabled local MACs: 8851FB554F8E
[16:54:40,095][INFO][main][IgnitePluginProcessor] Configured plugins:
[16:54:40,095][INFO][main][IgnitePluginProcessor]   ^-- None
[16:54:40,096][INFO][main][IgnitePluginProcessor] 
[16:54:40,232][INFO][main][TcpCommunicationSpi] IPC shared memory server endpoint started [port=48101, tokDir=/afs/inf.ed.ac.uk/user/s16/s1626297/Desktop/ds/apache-ignite-fabric-1.7.0-bin/work/ipc/shmem/a0c1b526-9ecf-439b-809f-cc372c273807-753]
[16:54:40,232][INFO][main][TcpCommunicationSpi] Successfully bound shared memory communication to TCP port [port=48101, locHost=0.0.0.0/0.0.0.0]
[16:54:40,254][INFO][main][TcpCommunicationSpi] Successfully bound to TCP port [port=47101, locHost=0.0.0.0/0.0.0.0]
[16:54:40,300][WARNING][main][NoopCheckpointSpi] Checkpoints are disabled (to enable configure any GridCheckpointSpi implementation)
[16:54:40,325][WARNING][main][GridCollisionManager] Collision resolution is disabled (all jobs will be activated upon arrival).
[16:54:40,329][WARNING][main][NoopSwapSpaceSpi] Swap space is disabled. To enable use FileSwapSpaceSpi.
[16:54:40,330][INFO][main][IgniteKernal] Security status [authentication=off, tls/ssl=off]
[16:54:40,617][WARNING][main][IgniteH2Indexing] Serialization of Java objects in H2 was enabled.
[16:54:40,678][INFO][main][GridTcpRestProtocol] Command protocol successfully started [name=TCP binary, host=0.0.0.0/0.0.0.0, port=11212]
[16:54:41,299][INFO][main][GridCacheProcessor] Started cache [name=ignite-sys-cache, mode=REPLICATED]
[16:54:41,315][INFO][main][GridCacheProcessor] Started cache [name=ignite-atomics-sys-cache, mode=PARTITIONED]
[16:54:41,335][INFO][main][GridCacheProcessor] Started cache [name=ignite-marshaller-sys-cache, mode=REPLICATED]
[16:54:41,569][INFO][main][IgniteKernal] Performance suggestions for grid  (fix if possible)
[16:54:41,569][INFO][main][IgniteKernal] To disable, set -DIGNITE_PERFORMANCE_SUGGESTIONS_DISABLED=true
[16:54:41,569][INFO][main][IgniteKernal]   ^-- Disable peer class loading (set 'peerClassLoadingEnabled' to false)
[16:54:41,569][INFO][main][IgniteKernal]   ^-- Disable grid events (remove 'includeEventTypes' from configuration)
[16:54:41,569][INFO][main][IgniteKernal] 
[16:54:41,570][INFO][main][IgniteKernal] To start Console Management & Monitoring run ignitevisorcmd.{sh|bat}
[16:54:41,570][INFO][main][IgniteKernal] 
[16:54:41,571][INFO][main][IgniteKernal] 

>>> +----------------------------------------------------------------------+
>>> Ignite ver. 1.7.0#20160801-sha1:383273e3f66f702de2482466dce954d570a8ccf2
>>> +----------------------------------------------------------------------+
>>> OS name: Linux 3.10.0-327.36.3.el7.x86_64 amd64
>>> CPU(s): 4
>>> Heap: 1.7GB
>>> VM name: 753@parrot.inf.ed.ac.uk
>>> Local node [ID=A0C1B526-9ECF-439B-809F-CC372C273807, order=57, clientMode=true]
>>> Local node addresses: [parrot.inf.ed.ac.uk/0:0:0:0:0:0:0:1%lo, /127.0.0.1, /129.215.3.62]
>>> Local ports: TCP:11212 TCP:47101 TCP:48101 

[16:54:41,572][INFO][main][GridDiscoveryManager] Topology snapshot [ver=57, servers=1, clients=2, CPUs=4, heap=4.4GB]
[16:54:41,647][INFO][exchange-worker-#45%null%][GridCacheProcessor] Started cache [name=words, mode=PARTITIONED]
[16:54:41,682][INFO][main][GridTcpRestProtocol] Command protocol successfully stopped: TCP binary
[16:54:41,706][INFO][main][GridCacheProcessor] Stopped cache: ignite-marshaller-sys-cache
[16:54:41,707][INFO][main][GridCacheProcessor] Stopped cache: ignite-sys-cache
[16:54:41,707][INFO][main][GridCacheProcessor] Stopped cache: ignite-atomics-sys-cache
[16:54:41,707][INFO][main][GridCacheProcessor] Stopped cache: words
[16:54:41,714][INFO][main][GridDeploymentLocalStore] Removed undeployed class: GridDeployment [ts=1478710481481, depMode=SHARED, clsLdr=sun.misc.Launcher$AppClassLoader@4dc63996, clsLdrId=477430a4851-a0c1b526-9ecf-439b-809f-cc372c273807, userVer=0, loc=true, sampleClsName=org.apache.ignite.internal.processors.cache.distributed.dht.preloader.GridDhtPartitionFullMap, pendingUndeploy=false, undeployed=true, usage=0]
[16:54:41,741][INFO][main][IgniteKernal] 

>>> +---------------------------------------------------------------------------------+
>>> Ignite ver. 1.7.0#20160801-sha1:383273e3f66f702de2482466dce954d570a8ccf2 stopped OK
>>> +---------------------------------------------------------------------------------+
>>> Grid uptime: 00:00:00:171


