[00:16:33,033][INFO][main][IgniteKernal] 

>>>    __________  ________________  
>>>   /  _/ ___/ |/ /  _/_  __/ __/  
>>>  _/ // (7 7    // /  / / / _/    
>>> /___/\___/_/|_/___/ /_/ /___/   
>>> 
>>> ver. 1.7.0#20160801-sha1:383273e3
>>> 2016 Copyright(C) Apache Software Foundation
>>> 
>>> Ignite documentation: http://ignite.apache.org

[00:16:33,035][INFO][main][IgniteKernal] Config URL: file:/afs/inf.ed.ac.uk/user/s16/s1626297/Desktop/ds/apache-ignite-fabric-1.7.0-bin/examples/config/example-ignite-no-discovery.xml
[00:16:33,035][INFO][main][IgniteKernal] Daemon mode: off
[00:16:33,035][INFO][main][IgniteKernal] OS: Linux 3.10.0-327.36.3.el7.x86_64 amd64
[00:16:33,036][INFO][main][IgniteKernal] OS user: s1626297
[00:16:33,036][INFO][main][IgniteKernal] Language runtime: Java Platform API Specification ver. 1.8
[00:16:33,036][INFO][main][IgniteKernal] VM information: Java(TM) SE Runtime Environment 1.8.0_91-b14 Oracle Corporation Java HotSpot(TM) 64-Bit Server VM 25.91-b14
[00:16:33,037][INFO][main][IgniteKernal] VM total memory: 1.7GB
[00:16:33,037][INFO][main][IgniteKernal] Remote Management [restart: off, REST: on, JMX (remote: off)]
[00:16:33,037][INFO][main][IgniteKernal] IGNITE_HOME=/afs/inf.ed.ac.uk/user/s16/s1626297/Desktop/ds/apache-ignite-fabric-1.7.0-bin
[00:16:33,038][INFO][main][IgniteKernal] VM arguments: [-DIGNITE_HOME=/afs/inf.ed.ac.uk/user/s16/s1626297/Desktop/ds/apache-ignite-fabric-1.7.0-bin, -Didea.launcher.port=7539, -Didea.launcher.bin.path=/opt/idea-ce/bin, -Dfile.encoding=UTF-8]
[00:16:33,038][INFO][main][IgniteKernal] Configured caches ['ignite-marshaller-sys-cache', 'ignite-sys-cache', 'ignite-atomics-sys-cache']
[00:16:33,038][WARNING][main][IgniteKernal] Peer class loading is enabled (disable it in production for performance and deployment consistency reasons)
[00:16:33,044][INFO][main][IgniteKernal] 3-rd party licenses can be found at: /afs/inf.ed.ac.uk/user/s16/s1626297/Desktop/ds/apache-ignite-fabric-1.7.0-bin/libs/licenses
[00:16:33,101][WARNING][pub-#26%null%][GridDiagnostic] Initial heap size is 124MB (should be no less than 512MB, use -Xms512m -Xmx512m).
[00:16:33,237][INFO][main][IgniteKernal] Non-loopback local IPs: 129.215.3.32, fe80:0:0:0:a2d3:c1ff:fe0f:8a89%em1
[00:16:33,242][INFO][main][IgniteKernal] Enabled local MACs: A0D3C10F8A89
[00:16:33,307][INFO][main][IgnitePluginProcessor] Configured plugins:
[00:16:33,308][INFO][main][IgnitePluginProcessor]   ^-- None
[00:16:33,309][INFO][main][IgnitePluginProcessor] 
[00:16:33,763][INFO][main][TcpCommunicationSpi] IPC shared memory server endpoint started [port=48101, tokDir=/afs/inf.ed.ac.uk/user/s16/s1626297/Desktop/ds/apache-ignite-fabric-1.7.0-bin/work/ipc/shmem/0372c4bf-91dd-4eaf-8e04-d09ef2c4a00a-25276]
[00:16:33,764][INFO][main][TcpCommunicationSpi] Successfully bound shared memory communication to TCP port [port=48101, locHost=0.0.0.0/0.0.0.0]
[00:16:33,810][INFO][main][TcpCommunicationSpi] Successfully bound to TCP port [port=47101, locHost=0.0.0.0/0.0.0.0]
[00:16:33,959][WARNING][main][NoopCheckpointSpi] Checkpoints are disabled (to enable configure any GridCheckpointSpi implementation)
[00:16:34,022][WARNING][main][GridCollisionManager] Collision resolution is disabled (all jobs will be activated upon arrival).
[00:16:34,030][WARNING][main][NoopSwapSpaceSpi] Swap space is disabled. To enable use FileSwapSpaceSpi.
[00:16:34,031][INFO][main][IgniteKernal] Security status [authentication=off, tls/ssl=off]
[00:16:34,500][WARNING][main][IgniteH2Indexing] Serialization of Java objects in H2 was enabled.
[00:16:34,600][INFO][main][GridTcpRestProtocol] Command protocol successfully started [name=TCP binary, host=0.0.0.0/0.0.0.0, port=11212]
[00:16:35,787][INFO][main][GridCacheProcessor] Started cache [name=ignite-sys-cache, mode=REPLICATED]
[00:16:35,803][INFO][main][GridCacheProcessor] Started cache [name=ignite-atomics-sys-cache, mode=PARTITIONED]
[00:16:35,822][INFO][main][GridCacheProcessor] Started cache [name=ignite-marshaller-sys-cache, mode=REPLICATED]
[00:16:36,301][INFO][main][IgniteKernal] Performance suggestions for grid  (fix if possible)
[00:16:36,301][INFO][main][IgniteKernal] To disable, set -DIGNITE_PERFORMANCE_SUGGESTIONS_DISABLED=true
[00:16:36,301][INFO][main][IgniteKernal]   ^-- Disable peer class loading (set 'peerClassLoadingEnabled' to false)
[00:16:36,301][INFO][main][IgniteKernal]   ^-- Disable grid events (remove 'includeEventTypes' from configuration)
[00:16:36,301][INFO][main][IgniteKernal] 
[00:16:36,301][INFO][main][IgniteKernal] To start Console Management & Monitoring run ignitevisorcmd.{sh|bat}
[00:16:36,302][INFO][main][IgniteKernal] 
[00:16:36,302][INFO][main][IgniteKernal] 

>>> +----------------------------------------------------------------------+
>>> Ignite ver. 1.7.0#20160801-sha1:383273e3f66f702de2482466dce954d570a8ccf2
>>> +----------------------------------------------------------------------+
>>> OS name: Linux 3.10.0-327.36.3.el7.x86_64 amd64
>>> CPU(s): 4
>>> Heap: 1.7GB
>>> VM name: 25276@lodi.inf.ed.ac.uk
>>> Local node [ID=0372C4BF-91DD-4EAF-8E04-D09EF2C4A00A, order=23, clientMode=true]
>>> Local node addresses: [lodi.inf.ed.ac.uk/0:0:0:0:0:0:0:1%lo, /127.0.0.1, /129.215.3.32]
>>> Local ports: TCP:11212 TCP:47101 TCP:48101 

[00:16:36,303][INFO][main][GridDiscoveryManager] Topology snapshot [ver=23, servers=1, clients=2, CPUs=4, heap=4.4GB]
[00:16:36,419][INFO][exchange-worker-#45%null%][GridCacheProcessor] Started cache [name=words, mode=PARTITIONED]
[00:16:45,155][INFO][ignite-update-notifier-timer][GridUpdateNotifier] Your version is up to date.
[00:17:36,300][INFO][grid-timeout-worker-#27%null%][IgniteKernal] 
Metrics for local node (to disable set 'metricsLogFrequency' to 0)
    ^-- Node [id=0372c4bf, name=null, uptime=00:01:00:001]
    ^-- H/N/C [hosts=1, nodes=3, CPUs=4]
    ^-- CPU [cur=0.17%, avg=0.22%, GC=0%]
    ^-- Heap [used=65MB, free=96.25%, comm=125MB]
    ^-- Non heap [used=38MB, free=-1%, comm=39MB]
    ^-- Public thread pool [active=0, idle=6, qSize=0]
    ^-- System thread pool [active=0, idle=16, qSize=0]
    ^-- Outbound messages queue [size=0]
[00:18:36,304][INFO][grid-timeout-worker-#27%null%][IgniteKernal] 
Metrics for local node (to disable set 'metricsLogFrequency' to 0)
    ^-- Node [id=0372c4bf, name=null, uptime=00:02:00:004]
    ^-- H/N/C [hosts=1, nodes=3, CPUs=4]
    ^-- CPU [cur=0.07%, avg=0.18%, GC=0%]
    ^-- Heap [used=52MB, free=97%, comm=155MB]
    ^-- Non heap [used=38MB, free=-1%, comm=39MB]
    ^-- Public thread pool [active=0, idle=6, qSize=0]
    ^-- System thread pool [active=0, idle=16, qSize=0]
    ^-- Outbound messages queue [size=0]
[00:19:36,307][INFO][grid-timeout-worker-#27%null%][IgniteKernal] 
Metrics for local node (to disable set 'metricsLogFrequency' to 0)
    ^-- Node [id=0372c4bf, name=null, uptime=00:03:00:012]
    ^-- H/N/C [hosts=1, nodes=3, CPUs=4]
    ^-- CPU [cur=0.17%, avg=0.17%, GC=0%]
    ^-- Heap [used=95MB, free=94.56%, comm=155MB]
    ^-- Non heap [used=39MB, free=-1%, comm=40MB]
    ^-- Public thread pool [active=0, idle=6, qSize=0]
    ^-- System thread pool [active=0, idle=16, qSize=0]
    ^-- Outbound messages queue [size=0]
[00:20:36,317][INFO][grid-timeout-worker-#27%null%][IgniteKernal] 
Metrics for local node (to disable set 'metricsLogFrequency' to 0)
    ^-- Node [id=0372c4bf, name=null, uptime=00:04:00:017]
    ^-- H/N/C [hosts=1, nodes=3, CPUs=4]
    ^-- CPU [cur=3.17%, avg=0.17%, GC=0%]
    ^-- Heap [used=54MB, free=96.88%, comm=149MB]
    ^-- Non heap [used=39MB, free=-1%, comm=40MB]
    ^-- Public thread pool [active=0, idle=6, qSize=0]
    ^-- System thread pool [active=0, idle=16, qSize=0]
    ^-- Outbound messages queue [size=0]
[00:21:36,320][INFO][grid-timeout-worker-#27%null%][IgniteKernal] 
Metrics for local node (to disable set 'metricsLogFrequency' to 0)
    ^-- Node [id=0372c4bf, name=null, uptime=00:05:00:020]
    ^-- H/N/C [hosts=1, nodes=3, CPUs=4]
    ^-- CPU [cur=0.17%, avg=0.19%, GC=0%]
    ^-- Heap [used=96MB, free=94.51%, comm=149MB]
    ^-- Non heap [used=40MB, free=-1%, comm=41MB]
    ^-- Public thread pool [active=0, idle=6, qSize=0]
    ^-- System thread pool [active=0, idle=16, qSize=0]
    ^-- Outbound messages queue [size=0]
[00:22:36,323][INFO][grid-timeout-worker-#27%null%][IgniteKernal] 
Metrics for local node (to disable set 'metricsLogFrequency' to 0)
    ^-- Node [id=0372c4bf, name=null, uptime=00:06:00:027]
    ^-- H/N/C [hosts=1, nodes=3, CPUs=4]
    ^-- CPU [cur=0.17%, avg=0.18%, GC=0%]
    ^-- Heap [used=56MB, free=96.81%, comm=150MB]
    ^-- Non heap [used=40MB, free=-1%, comm=41MB]
    ^-- Public thread pool [active=0, idle=6, qSize=0]
    ^-- System thread pool [active=0, idle=16, qSize=0]
    ^-- Outbound messages queue [size=0]
[00:23:36,331][INFO][grid-timeout-worker-#27%null%][IgniteKernal] 
Metrics for local node (to disable set 'metricsLogFrequency' to 0)
    ^-- Node [id=0372c4bf, name=null, uptime=00:07:00:036]
    ^-- H/N/C [hosts=1, nodes=3, CPUs=4]
    ^-- CPU [cur=0.07%, avg=0.17%, GC=0%]
    ^-- Heap [used=98MB, free=94.42%, comm=150MB]
    ^-- Non heap [used=40MB, free=-1%, comm=41MB]
    ^-- Public thread pool [active=0, idle=6, qSize=0]
    ^-- System thread pool [active=0, idle=16, qSize=0]
    ^-- Outbound messages queue [size=0]
