[20:02:38,933][INFO][main][IgniteKernal] 

>>>    __________  ________________  
>>>   /  _/ ___/ |/ /  _/_  __/ __/  
>>>  _/ // (7 7    // /  / / / _/    
>>> /___/\___/_/|_/___/ /_/ /___/   
>>> 
>>> ver. 1.7.0#20160801-sha1:383273e3
>>> 2016 Copyright(C) Apache Software Foundation
>>> 
>>> Ignite documentation: http://ignite.apache.org

[20:02:38,935][INFO][main][IgniteKernal] Config URL: file:/afs/inf.ed.ac.uk/user/s16/s1626297/Desktop/ds/apache-ignite-fabric-1.7.0-bin/examples/config/example-ignite-no-discovery.xml
[20:02:38,935][INFO][main][IgniteKernal] Daemon mode: off
[20:02:38,935][INFO][main][IgniteKernal] OS: Linux 3.10.0-327.36.3.el7.x86_64 amd64
[20:02:38,935][INFO][main][IgniteKernal] OS user: s1626297
[20:02:38,935][INFO][main][IgniteKernal] Language runtime: Java Platform API Specification ver. 1.8
[20:02:38,935][INFO][main][IgniteKernal] VM information: Java(TM) SE Runtime Environment 1.8.0_91-b14 Oracle Corporation Java HotSpot(TM) 64-Bit Server VM 25.91-b14
[20:02:38,937][INFO][main][IgniteKernal] VM total memory: 1.7GB
[20:02:38,937][INFO][main][IgniteKernal] Remote Management [restart: off, REST: on, JMX (remote: off)]
[20:02:38,937][INFO][main][IgniteKernal] IGNITE_HOME=/afs/inf.ed.ac.uk/user/s16/s1626297/Desktop/ds/apache-ignite-fabric-1.7.0-bin
[20:02:38,937][INFO][main][IgniteKernal] VM arguments: [-DIGNITE_HOME=/afs/inf.ed.ac.uk/user/s16/s1626297/Desktop/ds/apache-ignite-fabric-1.7.0-bin, -Didea.launcher.port=7549, -Didea.launcher.bin.path=/opt/idea-ce/bin, -Dfile.encoding=UTF-8]
[20:02:38,937][INFO][main][IgniteKernal] Configured caches ['ignite-marshaller-sys-cache', 'ignite-sys-cache', 'ignite-atomics-sys-cache']
[20:02:38,937][WARNING][main][IgniteKernal] Peer class loading is enabled (disable it in production for performance and deployment consistency reasons)
[20:02:38,959][INFO][main][IgniteKernal] 3-rd party licenses can be found at: /afs/inf.ed.ac.uk/user/s16/s1626297/Desktop/ds/apache-ignite-fabric-1.7.0-bin/libs/licenses
[20:02:38,974][WARNING][pub-#26%null%][GridDiagnostic] Initial heap size is 124MB (should be no less than 512MB, use -Xms512m -Xmx512m).
[20:02:39,023][INFO][main][IgniteKernal] Non-loopback local IPs: 129.215.3.32, fe80:0:0:0:a2d3:c1ff:fe0f:8a89%em1
[20:02:39,023][INFO][main][IgniteKernal] Enabled local MACs: A0D3C10F8A89
[20:02:39,039][INFO][main][IgnitePluginProcessor] Configured plugins:
[20:02:39,040][INFO][main][IgnitePluginProcessor]   ^-- None
[20:02:39,040][INFO][main][IgnitePluginProcessor] 
[20:02:39,149][INFO][main][TcpCommunicationSpi] IPC shared memory server endpoint started [port=48105, tokDir=/afs/inf.ed.ac.uk/user/s16/s1626297/Desktop/ds/apache-ignite-fabric-1.7.0-bin/work/ipc/shmem/70aba58d-7cd4-4c95-be43-ae9313107a7b-22796]
[20:02:39,150][INFO][main][TcpCommunicationSpi] Successfully bound shared memory communication to TCP port [port=48105, locHost=0.0.0.0/0.0.0.0]
[20:02:39,182][INFO][main][TcpCommunicationSpi] Successfully bound to TCP port [port=47105, locHost=0.0.0.0/0.0.0.0]
[20:02:39,337][WARNING][main][NoopCheckpointSpi] Checkpoints are disabled (to enable configure any GridCheckpointSpi implementation)
[20:02:39,471][WARNING][main][GridCollisionManager] Collision resolution is disabled (all jobs will be activated upon arrival).
[20:02:39,494][WARNING][main][NoopSwapSpaceSpi] Swap space is disabled. To enable use FileSwapSpaceSpi.
[20:02:39,495][INFO][main][IgniteKernal] Security status [authentication=off, tls/ssl=off]
[20:02:40,395][WARNING][main][IgniteH2Indexing] Serialization of Java objects in H2 was enabled.
