[13:10:01,890][INFO][main][IgniteKernal] 

>>>    __________  ________________  
>>>   /  _/ ___/ |/ /  _/_  __/ __/  
>>>  _/ // (7 7    // /  / / / _/    
>>> /___/\___/_/|_/___/ /_/ /___/   
>>> 
>>> ver. 1.7.0#20160801-sha1:383273e3
>>> 2016 Copyright(C) Apache Software Foundation
>>> 
>>> Ignite documentation: http://ignite.apache.org

[13:10:01,891][INFO][main][IgniteKernal] Config URL: file:/afs/inf.ed.ac.uk/user/s16/s1626297/Desktop/ds/apache-ignite-fabric-1.7.0-bin/examples/config/example-ignite-no-discovery.xml
[13:10:01,892][INFO][main][IgniteKernal] Daemon mode: off
[13:10:01,892][INFO][main][IgniteKernal] OS: Linux 3.10.0-327.36.3.el7.x86_64 amd64
[13:10:01,892][INFO][main][IgniteKernal] OS user: s1626297
[13:10:01,892][INFO][main][IgniteKernal] Language runtime: Java Platform API Specification ver. 1.8
[13:10:01,892][INFO][main][IgniteKernal] VM information: Java(TM) SE Runtime Environment 1.8.0_91-b14 Oracle Corporation Java HotSpot(TM) 64-Bit Server VM 25.91-b14
[13:10:01,894][INFO][main][IgniteKernal] VM total memory: 1.7GB
[13:10:01,894][INFO][main][IgniteKernal] Remote Management [restart: off, REST: on, JMX (remote: off)]
[13:10:01,894][INFO][main][IgniteKernal] IGNITE_HOME=/afs/inf.ed.ac.uk/user/s16/s1626297/Desktop/ds/apache-ignite-fabric-1.7.0-bin
[13:10:01,894][INFO][main][IgniteKernal] VM arguments: [-DIGNITE_HOME=/afs/inf.ed.ac.uk/user/s16/s1626297/Desktop/ds/apache-ignite-fabric-1.7.0-bin, -Didea.launcher.port=7532, -Didea.launcher.bin.path=/opt/idea-ce/bin, -Dfile.encoding=UTF-8]
[13:10:01,894][INFO][main][IgniteKernal] Configured caches ['ignite-marshaller-sys-cache', 'ignite-sys-cache', 'ignite-atomics-sys-cache']
[13:10:01,894][WARNING][main][IgniteKernal] Peer class loading is enabled (disable it in production for performance and deployment consistency reasons)
[13:10:01,898][INFO][main][IgniteKernal] 3-rd party licenses can be found at: /afs/inf.ed.ac.uk/user/s16/s1626297/Desktop/ds/apache-ignite-fabric-1.7.0-bin/libs/licenses
[13:10:01,900][WARNING][pub-#26%null%][GridDiagnostic] Initial heap size is 124MB (should be no less than 512MB, use -Xms512m -Xmx512m).
[13:10:01,975][INFO][main][IgniteKernal] Non-loopback local IPs: 129.215.3.62, fe80:0:0:0:8a51:fbff:fe55:4f8e%em1
[13:10:01,975][INFO][main][IgniteKernal] Enabled local MACs: 8851FB554F8E
[13:10:01,990][INFO][main][IgnitePluginProcessor] Configured plugins:
[13:10:01,990][INFO][main][IgnitePluginProcessor]   ^-- None
[13:10:01,990][INFO][main][IgnitePluginProcessor] 
[13:10:02,237][INFO][main][TcpCommunicationSpi] IPC shared memory server endpoint started [port=48100, tokDir=/afs/inf.ed.ac.uk/user/s16/s1626297/Desktop/ds/apache-ignite-fabric-1.7.0-bin/work/ipc/shmem/8f46fe8d-36c1-48b9-9381-ca150532858e-8331]
[13:10:02,237][INFO][main][TcpCommunicationSpi] Successfully bound shared memory communication to TCP port [port=48100, locHost=0.0.0.0/0.0.0.0]
[13:10:02,261][INFO][main][TcpCommunicationSpi] Successfully bound to TCP port [port=47100, locHost=0.0.0.0/0.0.0.0]
[13:10:02,349][WARNING][main][NoopCheckpointSpi] Checkpoints are disabled (to enable configure any GridCheckpointSpi implementation)
[13:10:02,388][WARNING][main][GridCollisionManager] Collision resolution is disabled (all jobs will be activated upon arrival).
[13:10:02,392][WARNING][main][NoopSwapSpaceSpi] Swap space is disabled. To enable use FileSwapSpaceSpi.
[13:10:02,394][INFO][main][IgniteKernal] Security status [authentication=off, tls/ssl=off]
[13:10:02,690][WARNING][main][IgniteH2Indexing] Serialization of Java objects in H2 was enabled.
[13:10:02,745][INFO][main][GridTcpRestProtocol] Command protocol successfully started [name=TCP binary, host=0.0.0.0/0.0.0.0, port=11211]
[13:10:02,960][WARNING][main][GridDiscoveryManager] Local java version is different from remote [loc=8, rmt=7]
[13:10:03,187][INFO][main][GridCacheProcessor] Started cache [name=ignite-sys-cache, mode=REPLICATED]
[13:10:03,198][INFO][main][GridCacheProcessor] Started cache [name=ignite-atomics-sys-cache, mode=PARTITIONED]
[13:10:03,214][INFO][main][GridCacheProcessor] Started cache [name=ignite-marshaller-sys-cache, mode=REPLICATED]
[13:10:03,421][SEVERE][main][IgniteKernal] Got exception while starting (will rollback startup routine).
javax.cache.CacheException: class org.apache.ignite.IgniteCheckedException: Query execution failed: GridCacheQueryBean [qry=GridCacheQueryAdapter [type=SCAN, clsName=null, clause=null, filter=MetaDataPredicate [], part=null, incMeta=false, metrics=GridCacheQueryMetricsAdapter [minTime=0, maxTime=0, sumTime=0, avgTime=0.0, execs=0, completed=0, fails=0], pageSize=1024, timeout=0, keepAll=false, incBackups=false, dedup=false, prj=org.apache.ignite.internal.cluster.ClusterGroupAdapter@6e4f647f, keepBinary=false, subjId=8f46fe8d-36c1-48b9-9381-ca150532858e, taskHash=0], rdc=null, trans=null]
	at org.apache.ignite.internal.processors.cache.GridCacheUtils.convertToCacheException(GridCacheUtils.java:1502)
	at org.apache.ignite.internal.processors.cache.query.GridCacheQueryFutureAdapter.next(GridCacheQueryFutureAdapter.java:176)
	at org.apache.ignite.internal.processors.cache.query.GridCacheDistributedQueryManager$5.onHasNext(GridCacheDistributedQueryManager.java:634)
	at org.apache.ignite.internal.util.GridCloseableIteratorAdapter.hasNextX(GridCloseableIteratorAdapter.java:53)
	at org.apache.ignite.internal.util.lang.GridIteratorAdapter.hasNext(GridIteratorAdapter.java:45)
	at org.apache.ignite.internal.processors.cache.binary.CacheObjectBinaryProcessorImpl.onUtilityCacheStarted(CacheObjectBinaryProcessorImpl.java:299)
	at org.apache.ignite.internal.processors.cache.GridCacheProcessor.onKernalStart(GridCacheProcessor.java:822)
	at org.apache.ignite.internal.IgniteKernal.start(IgniteKernal.java:930)
	at org.apache.ignite.internal.IgnitionEx$IgniteNamedInstance.start0(IgnitionEx.java:1739)
	at org.apache.ignite.internal.IgnitionEx$IgniteNamedInstance.start(IgnitionEx.java:1589)
	at org.apache.ignite.internal.IgnitionEx.start0(IgnitionEx.java:1042)
	at org.apache.ignite.internal.IgnitionEx.startConfigurations(IgnitionEx.java:964)
	at org.apache.ignite.internal.IgnitionEx.start(IgnitionEx.java:850)
	at org.apache.ignite.internal.IgnitionEx.start(IgnitionEx.java:749)
	at org.apache.ignite.internal.IgnitionEx.start(IgnitionEx.java:619)
	at org.apache.ignite.internal.IgnitionEx.start(IgnitionEx.java:589)
	at org.apache.ignite.Ignition.start(Ignition.java:347)
	at wordcount.StreamWords.main(StreamWords.java:40)
	at sun.reflect.NativeMethodAccessorImpl.invoke0(Native Method)
	at sun.reflect.NativeMethodAccessorImpl.invoke(NativeMethodAccessorImpl.java:62)
	at sun.reflect.DelegatingMethodAccessorImpl.invoke(DelegatingMethodAccessorImpl.java:43)
	at java.lang.reflect.Method.invoke(Method.java:498)
	at com.intellij.rt.execution.application.AppMain.main(AppMain.java:144)
Caused by: class org.apache.ignite.IgniteCheckedException: Query execution failed: GridCacheQueryBean [qry=GridCacheQueryAdapter [type=SCAN, clsName=null, clause=null, filter=MetaDataPredicate [], part=null, incMeta=false, metrics=GridCacheQueryMetricsAdapter [minTime=0, maxTime=0, sumTime=0, avgTime=0.0, execs=0, completed=0, fails=0], pageSize=1024, timeout=0, keepAll=false, incBackups=false, dedup=false, prj=org.apache.ignite.internal.cluster.ClusterGroupAdapter@6e4f647f, keepBinary=false, subjId=8f46fe8d-36c1-48b9-9381-ca150532858e, taskHash=0], rdc=null, trans=null]
	at org.apache.ignite.internal.processors.cache.query.GridCacheQueryFutureAdapter.checkError(GridCacheQueryFutureAdapter.java:262)
	at org.apache.ignite.internal.processors.cache.query.GridCacheQueryFutureAdapter.internalIterator(GridCacheQueryFutureAdapter.java:320)
	at org.apache.ignite.internal.processors.cache.query.GridCacheQueryFutureAdapter.next(GridCacheQueryFutureAdapter.java:166)
	... 21 more
Caused by: class org.apache.ignite.IgniteCheckedException: Failed to execute query on node [query=GridCacheQueryBean [qry=GridCacheQueryAdapter [type=SCAN, clsName=null, clause=null, filter=MetaDataPredicate [], part=null, incMeta=false, metrics=GridCacheQueryMetricsAdapter [minTime=0, maxTime=0, sumTime=0, avgTime=0.0, execs=0, completed=0, fails=0], pageSize=1024, timeout=0, keepAll=false, incBackups=false, dedup=false, prj=org.apache.ignite.internal.cluster.ClusterGroupAdapter@6e4f647f, keepBinary=false, subjId=8f46fe8d-36c1-48b9-9381-ca150532858e, taskHash=0], rdc=null, trans=null], nodeId=512ef1a1-4745-4e9a-a6ad-9988389b6b6b]
	at org.apache.ignite.internal.processors.cache.query.GridCacheQueryFutureAdapter.onPage(GridCacheQueryFutureAdapter.java:385)
	at org.apache.ignite.internal.processors.cache.query.GridCacheDistributedQueryManager.processQueryResponse(GridCacheDistributedQueryManager.java:398)
	at org.apache.ignite.internal.processors.cache.query.GridCacheDistributedQueryManager.access$000(GridCacheDistributedQueryManager.java:63)
	at org.apache.ignite.internal.processors.cache.query.GridCacheDistributedQueryManager$1.apply(GridCacheDistributedQueryManager.java:93)
	at org.apache.ignite.internal.processors.cache.query.GridCacheDistributedQueryManager$1.apply(GridCacheDistributedQueryManager.java:91)
	at org.apache.ignite.internal.processors.cache.GridCacheIoManager.processMessage(GridCacheIoManager.java:748)
	at org.apache.ignite.internal.processors.cache.GridCacheIoManager.onMessage0(GridCacheIoManager.java:353)
	at org.apache.ignite.internal.processors.cache.GridCacheIoManager.access$400(GridCacheIoManager.java:88)
	at org.apache.ignite.internal.processors.cache.GridCacheIoManager$OrderedMessageListener.onMessage(GridCacheIoManager.java:1262)
	at org.apache.ignite.internal.managers.communication.GridIoManager.invokeListener(GridIoManager.java:1238)
	at org.apache.ignite.internal.managers.communication.GridIoManager.access$1600(GridIoManager.java:106)
	at org.apache.ignite.internal.managers.communication.GridIoManager$GridCommunicationMessageSet.unwind(GridIoManager.java:2488)
	at org.apache.ignite.internal.managers.communication.GridIoManager.unwindMessageSet(GridIoManager.java:1198)
	at org.apache.ignite.internal.managers.communication.GridIoManager.access$1900(GridIoManager.java:106)
	at org.apache.ignite.internal.managers.communication.GridIoManager$6.run(GridIoManager.java:1167)
	at java.util.concurrent.ThreadPoolExecutor.runWorker(ThreadPoolExecutor.java:1142)
	at java.util.concurrent.ThreadPoolExecutor$Worker.run(ThreadPoolExecutor.java:617)
	at java.lang.Thread.run(Thread.java:745)
Caused by: java.lang.ClassNotFoundException: org.apache.ignite.internal.processors.cache.query.GridCacheLocalQueryFuture
	at java.net.URLClassLoader$1.run(URLClassLoader.java:363)
	at java.net.URLClassLoader$1.run(URLClassLoader.java:355)
	at java.security.AccessController.doPrivileged(Native Method)
	at java.net.URLClassLoader.findClass(URLClassLoader.java:354)
	at java.lang.ClassLoader.loadClass(ClassLoader.java:425)
	at java.lang.ClassLoader.loadClass(ClassLoader.java:358)
	at java.lang.Class.getDeclaredFields0(Native Method)
	at java.lang.Class.privateGetDeclaredFields(Class.java:2509)
	at java.lang.Class.getDeclaredFields(Class.java:1819)
	at org.apache.ignite.internal.util.tostring.GridToStringBuilder.getClassDescriptor(GridToStringBuilder.java:535)
	at org.apache.ignite.internal.util.tostring.GridToStringBuilder.toStringImpl(GridToStringBuilder.java:409)
	at org.apache.ignite.internal.util.tostring.GridToStringBuilder.toString(GridToStringBuilder.java:364)
	at org.apache.ignite.internal.processors.cache.query.GridCacheQueryInfo.toString(GridCacheQueryInfo.java:168)
	at java.lang.String.valueOf(String.java:2849)
	at java.lang.StringBuilder.append(StringBuilder.java:128)
	at org.apache.ignite.internal.processors.cache.query.GridCacheQueryManager.runQuery(GridCacheQueryManager.java:1645)
	at org.apache.ignite.internal.processors.cache.query.GridCacheDistributedQueryManager.processQueryRequest(GridCacheDistributedQueryManager.java:230)
	at org.apache.ignite.internal.processors.cache.query.GridCacheDistributedQueryManager$2.apply(GridCacheDistributedQueryManager.java:108)
	at org.apache.ignite.internal.processors.cache.query.GridCacheDistributedQueryManager$2.apply(GridCacheDistributedQueryManager.java:106)
	at org.apache.ignite.internal.processors.cache.GridCacheIoManager.processMessage(GridCacheIoManager.java:748)
	at org.apache.ignite.internal.processors.cache.GridCacheIoManager.onMessage0(GridCacheIoManager.java:353)
	at org.apache.ignite.internal.processors.cache.GridCacheIoManager.handleMessage(GridCacheIoManager.java:277)
	at org.apache.ignite.internal.processors.cache.GridCacheIoManager.access$000(GridCacheIoManager.java:88)
	at org.apache.ignite.internal.processors.cache.GridCacheIoManager$1.onMessage(GridCacheIoManager.java:231)
	at org.apache.ignite.internal.managers.communication.GridIoManager.invokeListener(GridIoManager.java:1238)
	at org.apache.ignite.internal.managers.communication.GridIoManager.processRegularMessage0(GridIoManager.java:866)
	at org.apache.ignite.internal.managers.communication.GridIoManager.access$1700(GridIoManager.java:106)
	at org.apache.ignite.internal.managers.communication.GridIoManager$5.run(GridIoManager.java:829)
	at java.util.concurrent.ThreadPoolExecutor.runWorker(ThreadPoolExecutor.java:1145)
	at java.util.concurrent.ThreadPoolExecutor$Worker.run(ThreadPoolExecutor.java:615)
	... 1 more
Caused by: java.util.zip.ZipException: error reading zip file
	at java.util.zip.ZipFile.read(Native Method)
	at java.util.zip.ZipFile.access$1400(ZipFile.java:56)
	at java.util.zip.ZipFile$ZipFileInputStream.read(ZipFile.java:679)
	at java.util.zip.ZipFile$ZipFileInflaterInputStream.fill(ZipFile.java:415)
	at java.util.zip.InflaterInputStream.read(InflaterInputStream.java:158)
	at sun.misc.Resource.getBytes(Resource.java:124)
	at java.net.URLClassLoader.defineClass(URLClassLoader.java:444)
	at java.net.URLClassLoader.access$100(URLClassLoader.java:71)
	at java.net.URLClassLoader$1.run(URLClassLoader.java:361)
	... 30 more
[13:10:03,425][INFO][main][GridTcpRestProtocol] Command protocol successfully stopped: TCP binary
[13:10:03,443][INFO][main][GridCacheProcessor] Stopped cache: ignite-marshaller-sys-cache
[13:10:03,443][INFO][main][GridCacheProcessor] Stopped cache: ignite-sys-cache
[13:10:03,443][INFO][main][GridCacheProcessor] Stopped cache: ignite-atomics-sys-cache
[13:10:03,446][INFO][main][GridDeploymentLocalStore] Removed undeployed class: GridDeployment [ts=1479042603339, depMode=SHARED, clsLdr=sun.misc.Launcher$AppClassLoader@4dc63996, clsLdrId=18c0fcd5851-8f46fe8d-36c1-48b9-9381-ca150532858e, userVer=0, loc=true, sampleClsName=org.apache.ignite.internal.processors.cache.distributed.dht.preloader.GridDhtPartitionFullMap, pendingUndeploy=false, undeployed=true, usage=0]
[13:10:03,458][INFO][main][IgniteKernal] 

>>> +---------------------------------------------------------------------------------+
>>> Ignite ver. 1.7.0#20160801-sha1:383273e3f66f702de2482466dce954d570a8ccf2 stopped OK
>>> +---------------------------------------------------------------------------------+
>>> Grid uptime: 00:00:03:406


