[17:52:55,980][INFO][main][IgniteKernal] 

>>>    __________  ________________  
>>>   /  _/ ___/ |/ /  _/_  __/ __/  
>>>  _/ // (7 7    // /  / / / _/    
>>> /___/\___/_/|_/___/ /_/ /___/   
>>> 
>>> ver. 1.7.0#20160801-sha1:383273e3
>>> 2016 Copyright(C) Apache Software Foundation
>>> 
>>> Ignite documentation: http://ignite.apache.org

[17:52:55,982][INFO][main][IgniteKernal] Config URL: file:/afs/inf.ed.ac.uk/user/s16/s1626297/Desktop/ds/apache-ignite-fabric-1.7.0-bin/examples/config/example-ignite-no-discovery.xml
[17:52:55,982][INFO][main][IgniteKernal] Daemon mode: off
[17:52:55,982][INFO][main][IgniteKernal] OS: Linux 3.10.0-327.36.3.el7.x86_64 amd64
[17:52:55,986][INFO][main][IgniteKernal] OS user: s1626297
[17:52:55,986][INFO][main][IgniteKernal] Language runtime: Java Platform API Specification ver. 1.8
[17:52:55,986][INFO][main][IgniteKernal] VM information: Java(TM) SE Runtime Environment 1.8.0_91-b14 Oracle Corporation Java HotSpot(TM) 64-Bit Server VM 25.91-b14
[17:52:55,988][INFO][main][IgniteKernal] VM total memory: 0.48GB
[17:52:55,988][INFO][main][IgniteKernal] Remote Management [restart: off, REST: on, JMX (remote: off)]
[17:52:55,988][INFO][main][IgniteKernal] IGNITE_HOME=/afs/inf.ed.ac.uk/user/s16/s1626297/Desktop/ds/apache-ignite-fabric-1.7.0-bin
[17:52:55,988][INFO][main][IgniteKernal] VM arguments: [-Xms512m, -Xmx512m, -DIGNITE_PERFORMANCE_SUGGESTIONS_DISABLED=true]
[17:52:55,988][INFO][main][IgniteKernal] Configured caches ['ignite-marshaller-sys-cache', 'ignite-sys-cache', 'ignite-atomics-sys-cache']
[17:52:55,989][WARNING][main][IgniteKernal] Peer class loading is enabled (disable it in production for performance and deployment consistency reasons)
[17:52:56,002][INFO][main][IgniteKernal] 3-rd party licenses can be found at: /afs/inf.ed.ac.uk/user/s16/s1626297/Desktop/ds/apache-ignite-fabric-1.7.0-bin/libs/licenses
[17:52:56,062][INFO][main][IgniteKernal] Non-loopback local IPs: 129.215.2.60, fe80:0:0:0:ea39:35ff:fe48:4d89%em1
[17:52:56,063][INFO][main][IgniteKernal] Enabled local MACs: E83935484D89
[17:52:56,080][INFO][main][IgnitePluginProcessor] Configured plugins:
[17:52:56,080][INFO][main][IgnitePluginProcessor]   ^-- None
[17:52:56,081][INFO][main][IgnitePluginProcessor] 
[17:52:56,260][INFO][main][TcpCommunicationSpi] IPC shared memory server endpoint started [port=48103, tokDir=/afs/inf.ed.ac.uk/user/s16/s1626297/Desktop/ds/apache-ignite-fabric-1.7.0-bin/work/ipc/shmem/dd61ac4f-8c46-4d0f-a1be-5accd11325f5-25166]
[17:52:56,260][INFO][main][TcpCommunicationSpi] Successfully bound shared memory communication to TCP port [port=48103, locHost=0.0.0.0/0.0.0.0]
[17:52:56,296][INFO][main][TcpCommunicationSpi] Successfully bound to TCP port [port=47103, locHost=0.0.0.0/0.0.0.0]
[17:52:56,380][WARNING][main][NoopCheckpointSpi] Checkpoints are disabled (to enable configure any GridCheckpointSpi implementation)
[17:52:56,421][WARNING][main][GridCollisionManager] Collision resolution is disabled (all jobs will be activated upon arrival).
[17:52:56,432][WARNING][main][NoopSwapSpaceSpi] Swap space is disabled. To enable use FileSwapSpaceSpi.
[17:52:56,433][INFO][main][IgniteKernal] Security status [authentication=off, tls/ssl=off]
[17:52:56,849][WARNING][main][IgniteH2Indexing] Serialization of Java objects in H2 was enabled.
[17:52:56,935][INFO][main][GridTcpRestProtocol] Command protocol successfully started [name=TCP binary, host=0.0.0.0/0.0.0.0, port=11214]
[17:52:57,750][INFO][main][GridCacheProcessor] Started cache [name=ignite-sys-cache, mode=REPLICATED]
[17:52:57,767][INFO][main][GridCacheProcessor] Started cache [name=ignite-atomics-sys-cache, mode=PARTITIONED]
[17:52:57,787][INFO][main][GridCacheProcessor] Started cache [name=ignite-marshaller-sys-cache, mode=REPLICATED]
[17:52:58,256][INFO][main][IgniteKernal] To start Console Management & Monitoring run ignitevisorcmd.{sh|bat}
[17:52:58,256][INFO][main][IgniteKernal] 
[17:52:58,257][INFO][main][IgniteKernal] 

>>> +----------------------------------------------------------------------+
>>> Ignite ver. 1.7.0#20160801-sha1:383273e3f66f702de2482466dce954d570a8ccf2
>>> +----------------------------------------------------------------------+
>>> OS name: Linux 3.10.0-327.36.3.el7.x86_64 amd64
>>> CPU(s): 4
>>> Heap: 0.5GB
>>> VM name: 25166@joly.inf.ed.ac.uk
>>> Local node [ID=DD61AC4F-8C46-4D0F-A1BE-5ACCD11325F5, order=4, clientMode=true]
>>> Local node addresses: [joly.inf.ed.ac.uk/0:0:0:0:0:0:0:1%lo, /127.0.0.1, /129.215.2.60]
>>> Local ports: TCP:11214 TCP:47103 TCP:48103 

[17:52:58,264][INFO][main][GridDiscoveryManager] Topology snapshot [ver=4, servers=1, clients=3, CPUs=4, heap=2.5GB]
[17:52:58,368][INFO][exchange-worker-#45%null%][GridCacheProcessor] Started cache [name=partC, mode=PARTITIONED]
[17:52:59,424][INFO][main][GridDeploymentLocalStore] Class locally deployed: class partC.StreamWords$1
[17:53:03,938][INFO][disco-event-worker-#42%null%][GridDiscoveryManager] Node left topology: TcpDiscoveryNode [id=a93a278b-bd81-4785-ad6d-24d7c55fd503, addrs=[0:0:0:0:0:0:0:1%lo, 127.0.0.1, 129.215.2.60], sockAddrs=[/0:0:0:0:0:0:0:1%lo:0, /127.0.0.1:0, joly.inf.ed.ac.uk/129.215.2.60:0], discPort=0, order=2, intOrder=2, lastExchangeTime=1479318777318, loc=false, ver=1.7.0#20160801-sha1:383273e3, isClient=true]
[17:53:03,943][INFO][disco-event-worker-#42%null%][GridDiscoveryManager] Topology snapshot [ver=5, servers=1, clients=2, CPUs=4, heap=2.0GB]
[17:53:04,202][INFO][main][GridTcpRestProtocol] Command protocol successfully stopped: TCP binary
[17:53:04,219][INFO][main][GridCacheProcessor] Stopped cache: ignite-marshaller-sys-cache
[17:53:04,219][INFO][main][GridCacheProcessor] Stopped cache: ignite-sys-cache
[17:53:04,219][INFO][main][GridCacheProcessor] Stopped cache: ignite-atomics-sys-cache
[17:53:04,219][INFO][main][GridCacheProcessor] Stopped cache: partC
[17:53:04,225][INFO][main][GridDeploymentLocalStore] Removed undeployed class: GridDeployment [ts=1479318778012, depMode=SHARED, clsLdr=sun.misc.Launcher$AppClassLoader@73d16e93, clsLdrId=904254e6851-dd61ac4f-8c46-4d0f-a1be-5accd11325f5, userVer=0, loc=true, sampleClsName=org.apache.ignite.internal.processors.cache.distributed.dht.preloader.GridDhtPartitionFullMap, pendingUndeploy=false, undeployed=true, usage=0]
[17:53:04,234][INFO][main][IgniteKernal] 

>>> +---------------------------------------------------------------------------------+
>>> Ignite ver. 1.7.0#20160801-sha1:383273e3f66f702de2482466dce954d570a8ccf2 stopped OK
>>> +---------------------------------------------------------------------------------+
>>> Grid uptime: 00:00:05:992


