[00:42:39,564][INFO][main][IgniteKernal] 

>>>    __________  ________________  
>>>   /  _/ ___/ |/ /  _/_  __/ __/  
>>>  _/ // (7 7    // /  / / / _/    
>>> /___/\___/_/|_/___/ /_/ /___/   
>>> 
>>> ver. 1.7.0#20160801-sha1:383273e3
>>> 2016 Copyright(C) Apache Software Foundation
>>> 
>>> Ignite documentation: http://ignite.apache.org

[00:42:39,566][INFO][main][IgniteKernal] Config URL: file:/afs/inf.ed.ac.uk/user/s16/s1626297/Desktop/ds/apache-ignite-fabric-1.7.0-bin/examples/config/example-ignite-no-discovery.xml
[00:42:39,566][INFO][main][IgniteKernal] Daemon mode: off
[00:42:39,566][INFO][main][IgniteKernal] OS: Linux 3.10.0-327.36.3.el7.x86_64 amd64
[00:42:39,566][INFO][main][IgniteKernal] OS user: s1626297
[00:42:39,567][INFO][main][IgniteKernal] Language runtime: Java Platform API Specification ver. 1.8
[00:42:39,567][INFO][main][IgniteKernal] VM information: Java(TM) SE Runtime Environment 1.8.0_91-b14 Oracle Corporation Java HotSpot(TM) 64-Bit Server VM 25.91-b14
[00:42:39,568][INFO][main][IgniteKernal] VM total memory: 1.7GB
[00:42:39,568][INFO][main][IgniteKernal] Remote Management [restart: off, REST: on, JMX (remote: off)]
[00:42:39,568][INFO][main][IgniteKernal] IGNITE_HOME=/afs/inf.ed.ac.uk/user/s16/s1626297/Desktop/ds/apache-ignite-fabric-1.7.0-bin
[00:42:39,569][INFO][main][IgniteKernal] VM arguments: [-DIGNITE_HOME=/afs/inf.ed.ac.uk/user/s16/s1626297/Desktop/ds/apache-ignite-fabric-1.7.0-bin, -Didea.launcher.port=7545, -Didea.launcher.bin.path=/opt/idea-ce/bin, -Dfile.encoding=UTF-8]
[00:42:39,569][INFO][main][IgniteKernal] Configured caches ['ignite-marshaller-sys-cache', 'ignite-sys-cache', 'ignite-atomics-sys-cache']
[00:42:39,569][WARNING][main][IgniteKernal] Peer class loading is enabled (disable it in production for performance and deployment consistency reasons)
[00:42:39,583][INFO][main][IgniteKernal] 3-rd party licenses can be found at: /afs/inf.ed.ac.uk/user/s16/s1626297/Desktop/ds/apache-ignite-fabric-1.7.0-bin/libs/licenses
[00:42:39,596][WARNING][pub-#26%null%][GridDiagnostic] Initial heap size is 124MB (should be no less than 512MB, use -Xms512m -Xmx512m).
[00:42:39,627][INFO][main][IgniteKernal] Non-loopback local IPs: 129.215.2.234, fe80:0:0:0:8edc:d4ff:fe57:28d5%em1
[00:42:39,627][INFO][main][IgniteKernal] Enabled local MACs: 8CDCD45728D5
[00:42:39,640][INFO][main][IgnitePluginProcessor] Configured plugins:
[00:42:39,641][INFO][main][IgnitePluginProcessor]   ^-- None
[00:42:39,641][INFO][main][IgnitePluginProcessor] 
[00:42:39,741][INFO][main][TcpCommunicationSpi] IPC shared memory server endpoint started [port=48101, tokDir=/afs/inf.ed.ac.uk/user/s16/s1626297/Desktop/ds/apache-ignite-fabric-1.7.0-bin/work/ipc/shmem/a50bc0bb-f2d3-409b-a267-243eaf015cac-8173]
[00:42:39,741][INFO][main][TcpCommunicationSpi] Successfully bound shared memory communication to TCP port [port=48101, locHost=0.0.0.0/0.0.0.0]
[00:42:39,761][INFO][main][TcpCommunicationSpi] Successfully bound to TCP port [port=47101, locHost=0.0.0.0/0.0.0.0]
[00:42:39,797][WARNING][main][NoopCheckpointSpi] Checkpoints are disabled (to enable configure any GridCheckpointSpi implementation)
[00:42:39,820][WARNING][main][GridCollisionManager] Collision resolution is disabled (all jobs will be activated upon arrival).
[00:42:39,823][WARNING][main][NoopSwapSpaceSpi] Swap space is disabled. To enable use FileSwapSpaceSpi.
[00:42:39,824][INFO][main][IgniteKernal] Security status [authentication=off, tls/ssl=off]
[00:42:40,037][WARNING][main][IgniteH2Indexing] Serialization of Java objects in H2 was enabled.
[00:42:40,088][INFO][main][GridTcpRestProtocol] Command protocol successfully started [name=TCP binary, host=0.0.0.0/0.0.0.0, port=11212]
[00:42:40,458][INFO][main][GridCacheProcessor] Started cache [name=ignite-sys-cache, mode=REPLICATED]
[00:42:40,468][INFO][main][GridCacheProcessor] Started cache [name=ignite-atomics-sys-cache, mode=PARTITIONED]
[00:42:40,486][INFO][main][GridCacheProcessor] Started cache [name=ignite-marshaller-sys-cache, mode=REPLICATED]
[00:42:40,625][INFO][main][IgniteKernal] Performance suggestions for grid  (fix if possible)
[00:42:40,625][INFO][main][IgniteKernal] To disable, set -DIGNITE_PERFORMANCE_SUGGESTIONS_DISABLED=true
[00:42:40,626][INFO][main][IgniteKernal]   ^-- Disable peer class loading (set 'peerClassLoadingEnabled' to false)
[00:42:40,626][INFO][main][IgniteKernal]   ^-- Disable grid events (remove 'includeEventTypes' from configuration)
[00:42:40,626][INFO][main][IgniteKernal] 
[00:42:40,626][INFO][main][IgniteKernal] To start Console Management & Monitoring run ignitevisorcmd.{sh|bat}
[00:42:40,626][INFO][main][IgniteKernal] 
[00:42:40,627][INFO][main][IgniteKernal] 

>>> +----------------------------------------------------------------------+
>>> Ignite ver. 1.7.0#20160801-sha1:383273e3f66f702de2482466dce954d570a8ccf2
>>> +----------------------------------------------------------------------+
>>> OS name: Linux 3.10.0-327.36.3.el7.x86_64 amd64
>>> CPU(s): 4
>>> Heap: 1.7GB
>>> VM name: 8173@donners.inf.ed.ac.uk
>>> Local node [ID=A50BC0BB-F2D3-409B-A267-243EAF015CAC, order=11, clientMode=true]
>>> Local node addresses: [donners.inf.ed.ac.uk/0:0:0:0:0:0:0:1%lo, /127.0.0.1, /129.215.2.234]
>>> Local ports: TCP:11212 TCP:47101 TCP:48101 

[00:42:40,628][INFO][main][GridDiscoveryManager] Topology snapshot [ver=11, servers=1, clients=2, CPUs=4, heap=4.4GB]
[00:42:40,672][INFO][exchange-worker-#45%null%][GridCacheProcessor] Started cache [name=partC, mode=PARTITIONED]
[00:42:41,198][INFO][main][GridDeploymentLocalStore] Class locally deployed: class partC.StreamOne$1
[00:42:43,683][INFO][main][GridTcpRestProtocol] Command protocol successfully stopped: TCP binary
[00:42:43,703][INFO][main][GridCacheProcessor] Stopped cache: ignite-marshaller-sys-cache
[00:42:43,704][INFO][main][GridCacheProcessor] Stopped cache: ignite-sys-cache
[00:42:43,704][INFO][main][GridCacheProcessor] Stopped cache: ignite-atomics-sys-cache
[00:42:43,704][INFO][main][GridCacheProcessor] Stopped cache: partC
[00:42:43,705][INFO][main][GridDeploymentLocalStore] Removed undeployed class: GridDeployment [ts=1479256960562, depMode=SHARED, clsLdr=sun.misc.Launcher$AppClassLoader@4dc63996, clsLdrId=687e59a6851-a50bc0bb-f2d3-409b-a267-243eaf015cac, userVer=0, loc=true, sampleClsName=org.apache.ignite.internal.processors.cache.distributed.dht.preloader.GridDhtPartitionFullMap, pendingUndeploy=false, undeployed=true, usage=0]
[00:42:43,713][INFO][main][IgniteKernal] 

>>> +---------------------------------------------------------------------------------+
>>> Ignite ver. 1.7.0#20160801-sha1:383273e3f66f702de2482466dce954d570a8ccf2 stopped OK
>>> +---------------------------------------------------------------------------------+
>>> Grid uptime: 00:00:03:088


