[22:42:09,070][INFO][main][IgniteKernal] 

>>>    __________  ________________  
>>>   /  _/ ___/ |/ /  _/_  __/ __/  
>>>  _/ // (7 7    // /  / / / _/    
>>> /___/\___/_/|_/___/ /_/ /___/   
>>> 
>>> ver. 1.7.0#20160801-sha1:383273e3
>>> 2016 Copyright(C) Apache Software Foundation
>>> 
>>> Ignite documentation: http://ignite.apache.org

[22:42:09,072][INFO][main][IgniteKernal] Config URL: file:/afs/inf.ed.ac.uk/user/s16/s1626297/Desktop/ds/apache-ignite-fabric-1.7.0-bin/examples/config/example-ignite-no-discovery.xml
[22:42:09,072][INFO][main][IgniteKernal] Daemon mode: off
[22:42:09,072][INFO][main][IgniteKernal] OS: Linux 3.10.0-327.36.3.el7.x86_64 amd64
[22:42:09,072][INFO][main][IgniteKernal] OS user: s1626297
[22:42:09,072][INFO][main][IgniteKernal] Language runtime: Java Platform API Specification ver. 1.8
[22:42:09,072][INFO][main][IgniteKernal] VM information: Java(TM) SE Runtime Environment 1.8.0_91-b14 Oracle Corporation Java HotSpot(TM) 64-Bit Server VM 25.91-b14
[22:42:09,074][INFO][main][IgniteKernal] VM total memory: 1.7GB
[22:42:09,074][INFO][main][IgniteKernal] Remote Management [restart: off, REST: on, JMX (remote: off)]
[22:42:09,074][INFO][main][IgniteKernal] IGNITE_HOME=/afs/inf.ed.ac.uk/user/s16/s1626297/Desktop/ds/apache-ignite-fabric-1.7.0-bin
[22:42:09,074][INFO][main][IgniteKernal] VM arguments: [-DIGNITE_HOME=/afs/inf.ed.ac.uk/user/s16/s1626297/Desktop/ds/apache-ignite-fabric-1.7.0-bin, -Didea.launcher.port=7533, -Didea.launcher.bin.path=/opt/idea-ce/bin, -Dfile.encoding=UTF-8]
[22:42:09,074][INFO][main][IgniteKernal] Configured caches ['ignite-marshaller-sys-cache', 'ignite-sys-cache', 'ignite-atomics-sys-cache']
[22:42:09,075][WARNING][main][IgniteKernal] Peer class loading is enabled (disable it in production for performance and deployment consistency reasons)
[22:42:09,080][INFO][main][IgniteKernal] 3-rd party licenses can be found at: /afs/inf.ed.ac.uk/user/s16/s1626297/Desktop/ds/apache-ignite-fabric-1.7.0-bin/libs/licenses
[22:42:09,082][WARNING][pub-#26%null%][GridDiagnostic] Initial heap size is 124MB (should be no less than 512MB, use -Xms512m -Xmx512m).
[22:42:09,129][INFO][main][IgniteKernal] Non-loopback local IPs: 129.215.3.62, fe80:0:0:0:8a51:fbff:fe55:4f8e%em1
[22:42:09,130][INFO][main][IgniteKernal] Enabled local MACs: 8851FB554F8E
[22:42:09,146][INFO][main][IgnitePluginProcessor] Configured plugins:
[22:42:09,146][INFO][main][IgnitePluginProcessor]   ^-- None
[22:42:09,146][INFO][main][IgnitePluginProcessor] 
[22:42:09,252][INFO][main][TcpCommunicationSpi] IPC shared memory server endpoint started [port=48101, tokDir=/afs/inf.ed.ac.uk/user/s16/s1626297/Desktop/ds/apache-ignite-fabric-1.7.0-bin/work/ipc/shmem/818dccf4-6eff-4c28-acca-626b0224cfe9-7198]
[22:42:09,252][INFO][main][TcpCommunicationSpi] Successfully bound shared memory communication to TCP port [port=48101, locHost=0.0.0.0/0.0.0.0]
[22:42:09,271][INFO][main][TcpCommunicationSpi] Successfully bound to TCP port [port=47101, locHost=0.0.0.0/0.0.0.0]
[22:42:09,323][WARNING][main][NoopCheckpointSpi] Checkpoints are disabled (to enable configure any GridCheckpointSpi implementation)
[22:42:09,348][WARNING][main][GridCollisionManager] Collision resolution is disabled (all jobs will be activated upon arrival).
[22:42:09,353][WARNING][main][NoopSwapSpaceSpi] Swap space is disabled. To enable use FileSwapSpaceSpi.
[22:42:09,354][INFO][main][IgniteKernal] Security status [authentication=off, tls/ssl=off]
[22:42:09,575][WARNING][main][IgniteH2Indexing] Serialization of Java objects in H2 was enabled.
[22:42:09,626][INFO][main][GridTcpRestProtocol] Command protocol successfully started [name=TCP binary, host=0.0.0.0/0.0.0.0, port=11212]
[22:42:10,003][INFO][main][GridCacheProcessor] Started cache [name=ignite-sys-cache, mode=REPLICATED]
[22:42:10,013][INFO][main][GridCacheProcessor] Started cache [name=ignite-atomics-sys-cache, mode=PARTITIONED]
[22:42:10,027][INFO][main][GridCacheProcessor] Started cache [name=ignite-marshaller-sys-cache, mode=REPLICATED]
[22:42:10,228][INFO][main][IgniteKernal] Performance suggestions for grid  (fix if possible)
[22:42:10,228][INFO][main][IgniteKernal] To disable, set -DIGNITE_PERFORMANCE_SUGGESTIONS_DISABLED=true
[22:42:10,228][INFO][main][IgniteKernal]   ^-- Disable peer class loading (set 'peerClassLoadingEnabled' to false)
[22:42:10,228][INFO][main][IgniteKernal]   ^-- Disable grid events (remove 'includeEventTypes' from configuration)
[22:42:10,228][INFO][main][IgniteKernal] 
[22:42:10,229][INFO][main][IgniteKernal] To start Console Management & Monitoring run ignitevisorcmd.{sh|bat}
[22:42:10,229][INFO][main][IgniteKernal] 
[22:42:10,229][INFO][main][IgniteKernal] 

>>> +----------------------------------------------------------------------+
>>> Ignite ver. 1.7.0#20160801-sha1:383273e3f66f702de2482466dce954d570a8ccf2
>>> +----------------------------------------------------------------------+
>>> OS name: Linux 3.10.0-327.36.3.el7.x86_64 amd64
>>> CPU(s): 4
>>> Heap: 1.7GB
>>> VM name: 7198@parrot.inf.ed.ac.uk
>>> Local node [ID=818DCCF4-6EFF-4C28-ACCA-626B0224CFE9, order=38, clientMode=true]
>>> Local node addresses: [parrot.inf.ed.ac.uk/0:0:0:0:0:0:0:1%lo, /127.0.0.1, /129.215.3.62]
>>> Local ports: TCP:11212 TCP:47101 TCP:48101 

[22:42:10,230][INFO][main][GridDiscoveryManager] Topology snapshot [ver=38, servers=1, clients=1, CPUs=4, heap=2.7GB]
[22:42:10,272][INFO][main][GridTcpRestProtocol] Command protocol successfully stopped: TCP binary
[22:42:10,294][INFO][main][GridCacheProcessor] Stopped cache: ignite-marshaller-sys-cache
[22:42:10,295][INFO][main][GridCacheProcessor] Stopped cache: ignite-sys-cache
[22:42:10,295][INFO][main][GridCacheProcessor] Stopped cache: ignite-atomics-sys-cache
[22:42:10,300][INFO][main][GridDeploymentLocalStore] Removed undeployed class: GridDeployment [ts=1478731330153, depMode=SHARED, clsLdr=sun.misc.Launcher$AppClassLoader@4dc63996, clsLdrId=05b614b4851-818dccf4-6eff-4c28-acca-626b0224cfe9, userVer=0, loc=true, sampleClsName=org.apache.ignite.internal.processors.cache.distributed.dht.preloader.GridDhtPartitionFullMap, pendingUndeploy=false, undeployed=true, usage=0]
[22:42:10,307][INFO][main][IgniteKernal] 

>>> +---------------------------------------------------------------------------------+
>>> Ignite ver. 1.7.0#20160801-sha1:383273e3f66f702de2482466dce954d570a8ccf2 stopped OK
>>> +---------------------------------------------------------------------------------+
>>> Grid uptime: 00:00:00:081


