[14:56:03,115][INFO][main][IgniteKernal%node1] 

>>>    __________  ________________  
>>>   /  _/ ___/ |/ /  _/_  __/ __/  
>>>  _/ // (7 7    // /  / / / _/    
>>> /___/\___/_/|_/___/ /_/ /___/   
>>> 
>>> ver. 1.7.0#20160801-sha1:383273e3
>>> 2016 Copyright(C) Apache Software Foundation
>>> 
>>> Ignite documentation: http://ignite.apache.org

[14:56:03,117][INFO][main][IgniteKernal%node1] Config URL: n/a
[14:56:03,117][INFO][main][IgniteKernal%node1] Daemon mode: off
[14:56:03,117][INFO][main][IgniteKernal%node1] OS: Linux 3.10.0-327.36.3.el7.x86_64 amd64
[14:56:03,117][INFO][main][IgniteKernal%node1] OS user: s1626297
[14:56:03,118][INFO][main][IgniteKernal%node1] Language runtime: Java Platform API Specification ver. 1.8
[14:56:03,118][INFO][main][IgniteKernal%node1] VM information: Java(TM) SE Runtime Environment 1.8.0_91-b14 Oracle Corporation Java HotSpot(TM) 64-Bit Server VM 25.91-b14
[14:56:03,119][INFO][main][IgniteKernal%node1] VM total memory: 1.7GB
[14:56:03,119][INFO][main][IgniteKernal%node1] Remote Management [restart: off, REST: on, JMX (remote: off)]
[14:56:03,120][INFO][main][IgniteKernal%node1] IGNITE_HOME=/afs/inf.ed.ac.uk/user/s16/s1626297/Desktop/ds/apache-ignite-fabric-1.7.0-bin
[14:56:03,120][INFO][main][IgniteKernal%node1] VM arguments: [-DIGNITE_HOME=/afs/inf.ed.ac.uk/user/s16/s1626297/Desktop/ds/apache-ignite-fabric-1.7.0-bin, -Didea.launcher.port=7532, -Didea.launcher.bin.path=/opt/idea-ce/bin, -Dfile.encoding=UTF-8]
[14:56:03,120][INFO][main][IgniteKernal%node1] Configured caches ['ignite-marshaller-sys-cache', 'ignite-sys-cache', 'ignite-atomics-sys-cache']
[14:56:03,132][INFO][main][IgniteKernal%node1] 3-rd party licenses can be found at: /afs/inf.ed.ac.uk/user/s16/s1626297/Desktop/ds/apache-ignite-fabric-1.7.0-bin/libs/licenses
[14:56:03,138][WARNING][pub-#26%node1%][GridDiagnostic] Initial heap size is 124MB (should be no less than 512MB, use -Xms512m -Xmx512m).
[14:56:03,204][INFO][main][IgniteKernal%node1] Non-loopback local IPs: 129.215.2.96, fe80:0:0:0:ea39:35ff:fe35:ee75%em1
[14:56:03,204][INFO][main][IgniteKernal%node1] Enabled local MACs: E8393535EE75
[14:56:03,223][INFO][main][IgnitePluginProcessor] Configured plugins:
[14:56:03,223][INFO][main][IgnitePluginProcessor]   ^-- None
[14:56:03,223][INFO][main][IgnitePluginProcessor] 
[14:56:03,390][INFO][main][TcpCommunicationSpi] IPC shared memory server endpoint started [port=48101, tokDir=/afs/inf.ed.ac.uk/user/s16/s1626297/Desktop/ds/apache-ignite-fabric-1.7.0-bin/work/ipc/shmem/9c3df22e-a525-4b33-bc3d-ddb562ec8f4d-30757]
[14:56:03,390][INFO][main][TcpCommunicationSpi] Successfully bound shared memory communication to TCP port [port=48101, locHost=0.0.0.0/0.0.0.0]
[14:56:03,413][INFO][main][TcpCommunicationSpi] Successfully bound to TCP port [port=47101, locHost=0.0.0.0/0.0.0.0]
[14:56:03,471][WARNING][main][NoopCheckpointSpi] Checkpoints are disabled (to enable configure any GridCheckpointSpi implementation)
[14:56:03,511][WARNING][main][GridCollisionManager] Collision resolution is disabled (all jobs will be activated upon arrival).
[14:56:03,515][WARNING][main][NoopSwapSpaceSpi] Swap space is disabled. To enable use FileSwapSpaceSpi.
[14:56:03,517][INFO][main][IgniteKernal%node1] Security status [authentication=off, tls/ssl=off]
[14:56:03,823][INFO][main][GridTcpRestProtocol] Command protocol successfully started [name=TCP binary, host=0.0.0.0/0.0.0.0, port=11212]
[14:56:03,903][WARNING][main][TcpDiscoveryMulticastIpFinder] TcpDiscoveryMulticastIpFinder has no pre-configured addresses (it is recommended in production to specify at least one address in TcpDiscoveryMulticastIpFinder.getAddresses() configuration property)
[14:56:04,565][SEVERE][main][IgniteKernal%node1] Failed to start manager: GridManagerAdapter [enabled=true, name=o.a.i.i.managers.discovery.GridDiscoveryManager]
class org.apache.ignite.IgniteCheckedException: Remote node has peer class loading enabled flag different from local [locId8=9c3df22e, locPeerClassLoading=false, rmtId8=03bea0d7, rmtPeerClassLoading=true, rmtAddrs=[ceilingcat.inf.ed.ac.uk/0:0:0:0:0:0:0:1%lo, /127.0.0.1, /129.215.2.96]]
	at org.apache.ignite.internal.managers.discovery.GridDiscoveryManager.checkAttributes(GridDiscoveryManager.java:1082)
	at org.apache.ignite.internal.managers.discovery.GridDiscoveryManager.start(GridDiscoveryManager.java:701)
	at org.apache.ignite.internal.IgniteKernal.startManager(IgniteKernal.java:1571)
	at org.apache.ignite.internal.IgniteKernal.start(IgniteKernal.java:901)
	at org.apache.ignite.internal.IgnitionEx$IgniteNamedInstance.start0(IgnitionEx.java:1739)
	at org.apache.ignite.internal.IgnitionEx$IgniteNamedInstance.start(IgnitionEx.java:1589)
	at org.apache.ignite.internal.IgnitionEx.start0(IgnitionEx.java:1042)
	at org.apache.ignite.internal.IgnitionEx.start(IgnitionEx.java:569)
	at org.apache.ignite.internal.IgnitionEx.start(IgnitionEx.java:516)
	at org.apache.ignite.Ignition.start(Ignition.java:322)
	at partB.StreamWords.streamNode(StreamWords.java:36)
	at partB.ClusterWords.main(ClusterWords.java:8)
	at sun.reflect.NativeMethodAccessorImpl.invoke0(Native Method)
	at sun.reflect.NativeMethodAccessorImpl.invoke(NativeMethodAccessorImpl.java:62)
	at sun.reflect.DelegatingMethodAccessorImpl.invoke(DelegatingMethodAccessorImpl.java:43)
	at java.lang.reflect.Method.invoke(Method.java:498)
	at com.intellij.rt.execution.application.AppMain.main(AppMain.java:144)
[14:56:04,566][SEVERE][main][IgniteKernal%node1] Got exception while starting (will rollback startup routine).
class org.apache.ignite.IgniteCheckedException: Failed to start manager: GridManagerAdapter [enabled=true, name=org.apache.ignite.internal.managers.discovery.GridDiscoveryManager]
	at org.apache.ignite.internal.IgniteKernal.startManager(IgniteKernal.java:1576)
	at org.apache.ignite.internal.IgniteKernal.start(IgniteKernal.java:901)
	at org.apache.ignite.internal.IgnitionEx$IgniteNamedInstance.start0(IgnitionEx.java:1739)
	at org.apache.ignite.internal.IgnitionEx$IgniteNamedInstance.start(IgnitionEx.java:1589)
	at org.apache.ignite.internal.IgnitionEx.start0(IgnitionEx.java:1042)
	at org.apache.ignite.internal.IgnitionEx.start(IgnitionEx.java:569)
	at org.apache.ignite.internal.IgnitionEx.start(IgnitionEx.java:516)
	at org.apache.ignite.Ignition.start(Ignition.java:322)
	at partB.StreamWords.streamNode(StreamWords.java:36)
	at partB.ClusterWords.main(ClusterWords.java:8)
	at sun.reflect.NativeMethodAccessorImpl.invoke0(Native Method)
	at sun.reflect.NativeMethodAccessorImpl.invoke(NativeMethodAccessorImpl.java:62)
	at sun.reflect.DelegatingMethodAccessorImpl.invoke(DelegatingMethodAccessorImpl.java:43)
	at java.lang.reflect.Method.invoke(Method.java:498)
	at com.intellij.rt.execution.application.AppMain.main(AppMain.java:144)
Caused by: class org.apache.ignite.IgniteCheckedException: Remote node has peer class loading enabled flag different from local [locId8=9c3df22e, locPeerClassLoading=false, rmtId8=03bea0d7, rmtPeerClassLoading=true, rmtAddrs=[ceilingcat.inf.ed.ac.uk/0:0:0:0:0:0:0:1%lo, /127.0.0.1, /129.215.2.96]]
	at org.apache.ignite.internal.managers.discovery.GridDiscoveryManager.checkAttributes(GridDiscoveryManager.java:1082)
	at org.apache.ignite.internal.managers.discovery.GridDiscoveryManager.start(GridDiscoveryManager.java:701)
	at org.apache.ignite.internal.IgniteKernal.startManager(IgniteKernal.java:1571)
	... 14 more
[14:56:04,568][INFO][main][GridTcpRestProtocol] Command protocol successfully stopped: TCP binary
[14:56:04,589][WARNING][shmem-worker-#42%node1%][TcpCommunicationSpi] Local node is not started or fully initialized [isStopping=true]
[14:56:04,744][INFO][main][IgniteKernal%node1] 

>>> +---------------------------------------------------------------------------------+
>>> Ignite ver. 1.7.0#20160801-sha1:383273e3f66f702de2482466dce954d570a8ccf2 stopped OK
>>> +---------------------------------------------------------------------------------+
>>> Grid name: node1
>>> Grid uptime: 00:00:01:972


