[16:32:35,710][INFO][main][IgniteKernal] 

>>>    __________  ________________  
>>>   /  _/ ___/ |/ /  _/_  __/ __/  
>>>  _/ // (7 7    // /  / / / _/    
>>> /___/\___/_/|_/___/ /_/ /___/   
>>> 
>>> ver. 1.7.0#20160801-sha1:383273e3
>>> 2016 Copyright(C) Apache Software Foundation
>>> 
>>> Ignite documentation: http://ignite.apache.org

[16:32:35,711][INFO][main][IgniteKernal] Config URL: file:/afs/inf.ed.ac.uk/user/s16/s1626297/Desktop/ds/apache-ignite-fabric-1.7.0-bin/examples/config/example-ignite-no-discovery.xml
[16:32:35,711][INFO][main][IgniteKernal] Daemon mode: off
[16:32:35,712][INFO][main][IgniteKernal] OS: Linux 3.10.0-327.36.3.el7.x86_64 amd64
[16:32:35,712][INFO][main][IgniteKernal] OS user: s1626297
[16:32:35,712][INFO][main][IgniteKernal] Language runtime: Java Platform API Specification ver. 1.8
[16:32:35,712][INFO][main][IgniteKernal] VM information: Java(TM) SE Runtime Environment 1.8.0_91-b14 Oracle Corporation Java HotSpot(TM) 64-Bit Server VM 25.91-b14
[16:32:35,713][INFO][main][IgniteKernal] VM total memory: 1.7GB
[16:32:35,714][INFO][main][IgniteKernal] Remote Management [restart: off, REST: on, JMX (remote: off)]
[16:32:35,714][INFO][main][IgniteKernal] IGNITE_HOME=/afs/inf.ed.ac.uk/user/s16/s1626297/Desktop/ds/apache-ignite-fabric-1.7.0-bin
[16:32:35,714][INFO][main][IgniteKernal] VM arguments: [-DIGNITE_HOME=/afs/inf.ed.ac.uk/user/s16/s1626297/Desktop/ds/apache-ignite-fabric-1.7.0-bin, -Didea.launcher.port=7533, -Didea.launcher.bin.path=/opt/idea-ce/bin, -Dfile.encoding=UTF-8]
[16:32:35,714][INFO][main][IgniteKernal] Configured caches ['ignite-marshaller-sys-cache', 'ignite-sys-cache', 'ignite-atomics-sys-cache']
[16:32:35,714][WARNING][main][IgniteKernal] Peer class loading is enabled (disable it in production for performance and deployment consistency reasons)
[16:32:35,717][INFO][main][IgniteKernal] 3-rd party licenses can be found at: /afs/inf.ed.ac.uk/user/s16/s1626297/Desktop/ds/apache-ignite-fabric-1.7.0-bin/libs/licenses
[16:32:35,720][WARNING][pub-#26%null%][GridDiagnostic] Initial heap size is 124MB (should be no less than 512MB, use -Xms512m -Xmx512m).
[16:32:35,762][INFO][main][IgniteKernal] Non-loopback local IPs: 129.215.3.62, fe80:0:0:0:8a51:fbff:fe55:4f8e%em1
[16:32:35,762][INFO][main][IgniteKernal] Enabled local MACs: 8851FB554F8E
[16:32:35,777][INFO][main][IgnitePluginProcessor] Configured plugins:
[16:32:35,777][INFO][main][IgnitePluginProcessor]   ^-- None
[16:32:35,777][INFO][main][IgnitePluginProcessor] 
[16:32:35,895][INFO][main][TcpCommunicationSpi] IPC shared memory server endpoint started [port=48101, tokDir=/afs/inf.ed.ac.uk/user/s16/s1626297/Desktop/ds/apache-ignite-fabric-1.7.0-bin/work/ipc/shmem/dbe1b63e-8b19-4b0a-af3a-e6d89a1febf4-29214]
[16:32:35,895][INFO][main][TcpCommunicationSpi] Successfully bound shared memory communication to TCP port [port=48101, locHost=0.0.0.0/0.0.0.0]
[16:32:35,914][INFO][main][TcpCommunicationSpi] Successfully bound to TCP port [port=47101, locHost=0.0.0.0/0.0.0.0]
[16:32:35,950][WARNING][main][NoopCheckpointSpi] Checkpoints are disabled (to enable configure any GridCheckpointSpi implementation)
[16:32:35,973][WARNING][main][GridCollisionManager] Collision resolution is disabled (all jobs will be activated upon arrival).
[16:32:35,976][WARNING][main][NoopSwapSpaceSpi] Swap space is disabled. To enable use FileSwapSpaceSpi.
[16:32:35,977][INFO][main][IgniteKernal] Security status [authentication=off, tls/ssl=off]
[16:32:36,194][WARNING][main][IgniteH2Indexing] Serialization of Java objects in H2 was enabled.
[16:32:36,245][INFO][main][GridTcpRestProtocol] Command protocol successfully started [name=TCP binary, host=0.0.0.0/0.0.0.0, port=11212]
[16:32:36,615][INFO][main][GridCacheProcessor] Started cache [name=ignite-sys-cache, mode=REPLICATED]
[16:32:36,626][INFO][main][GridCacheProcessor] Started cache [name=ignite-atomics-sys-cache, mode=PARTITIONED]
[16:32:36,642][INFO][main][GridCacheProcessor] Started cache [name=ignite-marshaller-sys-cache, mode=REPLICATED]
[16:32:36,833][INFO][main][IgniteKernal] Performance suggestions for grid  (fix if possible)
[16:32:36,833][INFO][main][IgniteKernal] To disable, set -DIGNITE_PERFORMANCE_SUGGESTIONS_DISABLED=true
[16:32:36,833][INFO][main][IgniteKernal]   ^-- Disable peer class loading (set 'peerClassLoadingEnabled' to false)
[16:32:36,833][INFO][main][IgniteKernal]   ^-- Disable grid events (remove 'includeEventTypes' from configuration)
[16:32:36,834][INFO][main][IgniteKernal] 
[16:32:36,834][INFO][main][IgniteKernal] To start Console Management & Monitoring run ignitevisorcmd.{sh|bat}
[16:32:36,834][INFO][main][IgniteKernal] 
[16:32:36,835][INFO][main][IgniteKernal] 

>>> +----------------------------------------------------------------------+
>>> Ignite ver. 1.7.0#20160801-sha1:383273e3f66f702de2482466dce954d570a8ccf2
>>> +----------------------------------------------------------------------+
>>> OS name: Linux 3.10.0-327.36.3.el7.x86_64 amd64
>>> CPU(s): 4
>>> Heap: 1.7GB
>>> VM name: 29214@parrot.inf.ed.ac.uk
>>> Local node [ID=DBE1B63E-8B19-4B0A-AF3A-E6D89A1FEBF4, order=28, clientMode=true]
>>> Local node addresses: [parrot.inf.ed.ac.uk/0:0:0:0:0:0:0:1%lo, /127.0.0.1, /129.215.3.62]
>>> Local ports: TCP:11212 TCP:47101 TCP:48101 

[16:32:36,836][INFO][main][GridDiscoveryManager] Topology snapshot [ver=28, servers=1, clients=1, CPUs=4, heap=2.7GB]
[16:32:36,873][INFO][exchange-worker-#45%null%][GridCacheProcessor] Started cache [name=words, mode=PARTITIONED]
[16:32:36,899][WARNING][main][DataStreamerImpl] Data streamer will not overwrite existing cache entries for better performance (to change, set allowOverwrite to true)
[16:32:46,411][INFO][ignite-update-notifier-timer][GridUpdateNotifier] Your version is up to date.
[16:32:47,247][INFO][disco-event-worker-#42%null%][GridDiscoveryManager] Added new node to topology: TcpDiscoveryNode [id=21a6533f-c6a0-4836-9979-a57427176dca, addrs=[0:0:0:0:0:0:0:1%lo, 127.0.0.1, 129.215.3.62], sockAddrs=[parrot.inf.ed.ac.uk/129.215.3.62:0, /0:0:0:0:0:0:0:1%lo:0, /127.0.0.1:0], discPort=0, order=29, intOrder=16, lastExchangeTime=1478709167201, loc=false, ver=1.7.0#20160801-sha1:383273e3, isClient=true]
[16:32:47,248][INFO][disco-event-worker-#42%null%][GridDiscoveryManager] Topology snapshot [ver=29, servers=1, clients=2, CPUs=4, heap=4.4GB]
[16:33:36,837][INFO][grid-timeout-worker-#27%null%][IgniteKernal] 
Metrics for local node (to disable set 'metricsLogFrequency' to 0)
    ^-- Node [id=dbe1b63e, name=null, uptime=00:01:00:003]
    ^-- H/N/C [hosts=1, nodes=3, CPUs=4]
    ^-- CPU [cur=30.57%, avg=27.85%, GC=0.13%]
    ^-- Heap [used=185MB, free=89.41%, comm=567MB]
    ^-- Non heap [used=40MB, free=-1%, comm=42MB]
    ^-- Public thread pool [active=0, idle=16, qSize=0]
    ^-- System thread pool [active=0, idle=16, qSize=0]
    ^-- Outbound messages queue [size=0]
[16:34:36,838][INFO][grid-timeout-worker-#27%null%][IgniteKernal] 
Metrics for local node (to disable set 'metricsLogFrequency' to 0)
    ^-- Node [id=dbe1b63e, name=null, uptime=00:02:00:008]
    ^-- H/N/C [hosts=1, nodes=3, CPUs=4]
    ^-- CPU [cur=30.9%, avg=29.21%, GC=0.23%]
    ^-- Heap [used=565MB, free=67.67%, comm=599MB]
    ^-- Non heap [used=40MB, free=-1%, comm=42MB]
    ^-- Public thread pool [active=0, idle=16, qSize=0]
    ^-- System thread pool [active=0, idle=16, qSize=0]
    ^-- Outbound messages queue [size=0]
[16:35:36,843][INFO][grid-timeout-worker-#27%null%][IgniteKernal] 
Metrics for local node (to disable set 'metricsLogFrequency' to 0)
    ^-- Node [id=dbe1b63e, name=null, uptime=00:03:00:011]
    ^-- H/N/C [hosts=1, nodes=3, CPUs=4]
    ^-- CPU [cur=30.67%, avg=29.78%, GC=0.2%]
    ^-- Heap [used=193MB, free=88.93%, comm=522MB]
    ^-- Non heap [used=40MB, free=-1%, comm=43MB]
    ^-- Public thread pool [active=0, idle=16, qSize=0]
    ^-- System thread pool [active=0, idle=16, qSize=0]
    ^-- Outbound messages queue [size=0]
[16:36:36,847][INFO][grid-timeout-worker-#27%null%][IgniteKernal] 
Metrics for local node (to disable set 'metricsLogFrequency' to 0)
    ^-- Node [id=dbe1b63e, name=null, uptime=00:04:00:018]
    ^-- H/N/C [hosts=1, nodes=3, CPUs=4]
    ^-- CPU [cur=29.77%, avg=29.99%, GC=0.17%]
    ^-- Heap [used=238MB, free=86.38%, comm=740MB]
    ^-- Non heap [used=41MB, free=-1%, comm=43MB]
    ^-- Public thread pool [active=0, idle=16, qSize=0]
    ^-- System thread pool [active=0, idle=16, qSize=0]
    ^-- Outbound messages queue [size=0]
[16:37:36,849][INFO][grid-timeout-worker-#27%null%][IgniteKernal] 
Metrics for local node (to disable set 'metricsLogFrequency' to 0)
    ^-- Node [id=dbe1b63e, name=null, uptime=00:05:00:018]
    ^-- H/N/C [hosts=1, nodes=3, CPUs=4]
    ^-- CPU [cur=30.33%, avg=30.09%, GC=0.1%]
    ^-- Heap [used=500MB, free=71.37%, comm=741MB]
    ^-- Non heap [used=41MB, free=-1%, comm=43MB]
    ^-- Public thread pool [active=0, idle=16, qSize=0]
    ^-- System thread pool [active=0, idle=16, qSize=0]
    ^-- Outbound messages queue [size=0]
[16:38:36,855][INFO][grid-timeout-worker-#27%null%][IgniteKernal] 
Metrics for local node (to disable set 'metricsLogFrequency' to 0)
    ^-- Node [id=dbe1b63e, name=null, uptime=00:06:00:027]
    ^-- H/N/C [hosts=1, nodes=3, CPUs=4]
    ^-- CPU [cur=30.23%, avg=30.15%, GC=0.13%]
    ^-- Heap [used=312MB, free=82.13%, comm=739MB]
    ^-- Non heap [used=41MB, free=-1%, comm=43MB]
    ^-- Public thread pool [active=0, idle=16, qSize=0]
    ^-- System thread pool [active=0, idle=16, qSize=0]
    ^-- Outbound messages queue [size=0]
[16:39:17,429][INFO][disco-event-worker-#42%null%][GridDiscoveryManager] Node left topology: TcpDiscoveryNode [id=21a6533f-c6a0-4836-9979-a57427176dca, addrs=[0:0:0:0:0:0:0:1%lo, 127.0.0.1, 129.215.3.62], sockAddrs=[parrot.inf.ed.ac.uk/129.215.3.62:0, /0:0:0:0:0:0:0:1%lo:0, /127.0.0.1:0], discPort=0, order=29, intOrder=16, lastExchangeTime=1478709167201, loc=false, ver=1.7.0#20160801-sha1:383273e3, isClient=true]
[16:39:17,429][INFO][disco-event-worker-#42%null%][GridDiscoveryManager] Topology snapshot [ver=30, servers=1, clients=1, CPUs=4, heap=2.7GB]
[16:39:36,856][INFO][grid-timeout-worker-#27%null%][IgniteKernal] 
Metrics for local node (to disable set 'metricsLogFrequency' to 0)
    ^-- Node [id=dbe1b63e, name=null, uptime=00:07:00:028]
    ^-- H/N/C [hosts=1, nodes=2, CPUs=4]
    ^-- CPU [cur=30.57%, avg=30.15%, GC=0.1%]
    ^-- Heap [used=354MB, free=79.7%, comm=741MB]
    ^-- Non heap [used=42MB, free=-1%, comm=43MB]
    ^-- Public thread pool [active=0, idle=16, qSize=0]
    ^-- System thread pool [active=0, idle=16, qSize=0]
    ^-- Outbound messages queue [size=0]
[16:39:52,399][INFO][disco-event-worker-#42%null%][GridDiscoveryManager] Added new node to topology: TcpDiscoveryNode [id=d14d96d1-df35-4e74-b0ae-2e8a5fe0efce, addrs=[0:0:0:0:0:0:0:1%lo, 127.0.0.1, 129.215.3.62], sockAddrs=[parrot.inf.ed.ac.uk/129.215.3.62:0, /0:0:0:0:0:0:0:1%lo:0, /127.0.0.1:0], discPort=0, order=31, intOrder=17, lastExchangeTime=1478709592391, loc=false, ver=1.7.0#20160801-sha1:383273e3, isClient=true]
[16:39:52,399][INFO][disco-event-worker-#42%null%][GridDiscoveryManager] Topology snapshot [ver=31, servers=1, clients=2, CPUs=4, heap=4.4GB]
[16:40:36,865][INFO][grid-timeout-worker-#27%null%][IgniteKernal] 
Metrics for local node (to disable set 'metricsLogFrequency' to 0)
    ^-- Node [id=dbe1b63e, name=null, uptime=00:08:00:031]
    ^-- H/N/C [hosts=1, nodes=3, CPUs=4]
    ^-- CPU [cur=29.57%, avg=30.13%, GC=0.13%]
    ^-- Heap [used=653MB, free=62.61%, comm=741MB]
    ^-- Non heap [used=42MB, free=-1%, comm=43MB]
    ^-- Public thread pool [active=0, idle=16, qSize=0]
    ^-- System thread pool [active=0, idle=16, qSize=0]
    ^-- Outbound messages queue [size=0]
[16:40:37,417][INFO][disco-event-worker-#42%null%][GridDiscoveryManager] Node left topology: TcpDiscoveryNode [id=d14d96d1-df35-4e74-b0ae-2e8a5fe0efce, addrs=[0:0:0:0:0:0:0:1%lo, 127.0.0.1, 129.215.3.62], sockAddrs=[parrot.inf.ed.ac.uk/129.215.3.62:0, /0:0:0:0:0:0:0:1%lo:0, /127.0.0.1:0], discPort=0, order=31, intOrder=17, lastExchangeTime=1478709592391, loc=false, ver=1.7.0#20160801-sha1:383273e3, isClient=true]
[16:40:37,417][INFO][disco-event-worker-#42%null%][GridDiscoveryManager] Topology snapshot [ver=32, servers=1, clients=1, CPUs=4, heap=2.7GB]
[16:40:40,075][INFO][Thread-4][G] Invoking shutdown hook...
