[16:28:54,633][INFO][main][IgniteKernal] 

>>>    __________  ________________  
>>>   /  _/ ___/ |/ /  _/_  __/ __/  
>>>  _/ // (7 7    // /  / / / _/    
>>> /___/\___/_/|_/___/ /_/ /___/   
>>> 
>>> ver. 1.7.0#20160801-sha1:383273e3
>>> 2016 Copyright(C) Apache Software Foundation
>>> 
>>> Ignite documentation: http://ignite.apache.org

[16:28:54,635][INFO][main][IgniteKernal] Config URL: file:/afs/inf.ed.ac.uk/user/s16/s1626297/Desktop/ds/apache-ignite-fabric-1.7.0-bin/examples/config/example-ignite-no-discovery.xml
[16:28:54,635][INFO][main][IgniteKernal] Daemon mode: off
[16:28:54,635][INFO][main][IgniteKernal] OS: Linux 3.10.0-327.36.3.el7.x86_64 amd64
[16:28:54,635][INFO][main][IgniteKernal] OS user: s1626297
[16:28:54,635][INFO][main][IgniteKernal] Language runtime: Java Platform API Specification ver. 1.8
[16:28:54,635][INFO][main][IgniteKernal] VM information: Java(TM) SE Runtime Environment 1.8.0_91-b14 Oracle Corporation Java HotSpot(TM) 64-Bit Server VM 25.91-b14
[16:28:54,637][INFO][main][IgniteKernal] VM total memory: 1.7GB
[16:28:54,637][INFO][main][IgniteKernal] Remote Management [restart: off, REST: on, JMX (remote: off)]
[16:28:54,637][INFO][main][IgniteKernal] IGNITE_HOME=/afs/inf.ed.ac.uk/user/s16/s1626297/Desktop/ds/apache-ignite-fabric-1.7.0-bin
[16:28:54,637][INFO][main][IgniteKernal] VM arguments: []
[16:28:54,637][INFO][main][IgniteKernal] Configured caches ['ignite-marshaller-sys-cache', 'ignite-sys-cache', 'ignite-atomics-sys-cache']
[16:28:54,638][WARNING][main][IgniteKernal] Peer class loading is enabled (disable it in production for performance and deployment consistency reasons)
[16:28:54,641][INFO][main][IgniteKernal] 3-rd party licenses can be found at: /afs/inf.ed.ac.uk/user/s16/s1626297/Desktop/ds/apache-ignite-fabric-1.7.0-bin/libs/licenses
[16:28:54,649][WARNING][pub-#26%null%][GridDiagnostic] Initial heap size is 124MB (should be no less than 512MB, use -Xms512m -Xmx512m).
[16:28:54,699][INFO][main][IgniteKernal] Non-loopback local IPs: 129.215.2.60, fe80:0:0:0:ea39:35ff:fe48:4d89%em1
[16:28:54,699][INFO][main][IgniteKernal] Enabled local MACs: E83935484D89
[16:28:54,717][INFO][main][IgnitePluginProcessor] Configured plugins:
[16:28:54,717][INFO][main][IgnitePluginProcessor]   ^-- None
[16:28:54,717][INFO][main][IgnitePluginProcessor] 
[16:28:54,858][INFO][main][TcpCommunicationSpi] IPC shared memory server endpoint started [port=48101, tokDir=/afs/inf.ed.ac.uk/user/s16/s1626297/Desktop/ds/apache-ignite-fabric-1.7.0-bin/work/ipc/shmem/b064119e-5f2b-495d-bda0-5f16b89c86bf-5696]
[16:28:54,859][INFO][main][TcpCommunicationSpi] Successfully bound shared memory communication to TCP port [port=48101, locHost=0.0.0.0/0.0.0.0]
[16:28:54,881][INFO][main][TcpCommunicationSpi] Successfully bound to TCP port [port=47101, locHost=0.0.0.0/0.0.0.0]
[16:28:54,941][WARNING][main][NoopCheckpointSpi] Checkpoints are disabled (to enable configure any GridCheckpointSpi implementation)
[16:28:54,969][WARNING][main][GridCollisionManager] Collision resolution is disabled (all jobs will be activated upon arrival).
[16:28:54,974][WARNING][main][NoopSwapSpaceSpi] Swap space is disabled. To enable use FileSwapSpaceSpi.
[16:28:54,975][INFO][main][IgniteKernal] Security status [authentication=off, tls/ssl=off]
[16:28:55,278][WARNING][main][IgniteH2Indexing] Serialization of Java objects in H2 was enabled.
[16:28:55,345][INFO][main][GridTcpRestProtocol] Command protocol successfully started [name=TCP binary, host=0.0.0.0/0.0.0.0, port=11212]
[16:28:55,680][INFO][disco-event-worker-#42%null%][GridDiscoveryManager] Added new node to topology: TcpDiscoveryNode [id=7937b98f-6d65-4e11-857f-44fa27051e8b, addrs=[0:0:0:0:0:0:0:1%lo, 127.0.0.1, 129.215.2.60], sockAddrs=[/0:0:0:0:0:0:0:1%lo:0, /127.0.0.1:0, joly.inf.ed.ac.uk/129.215.2.60:0], discPort=0, order=3, intOrder=3, lastExchangeTime=1479313735650, loc=false, ver=1.7.0#20160801-sha1:383273e3, isClient=true]
[16:28:55,681][INFO][disco-event-worker-#42%null%][GridDiscoveryManager] Topology snapshot [ver=3, servers=1, clients=2, CPUs=4, heap=4.4GB]
[16:28:55,954][INFO][main][GridCacheProcessor] Started cache [name=ignite-sys-cache, mode=REPLICATED]
[16:28:55,966][INFO][main][GridCacheProcessor] Started cache [name=ignite-atomics-sys-cache, mode=PARTITIONED]
[16:28:55,985][INFO][main][GridCacheProcessor] Started cache [name=ignite-marshaller-sys-cache, mode=REPLICATED]
[16:28:56,234][INFO][main][IgniteKernal] Performance suggestions for grid  (fix if possible)
[16:28:56,234][INFO][main][IgniteKernal] To disable, set -DIGNITE_PERFORMANCE_SUGGESTIONS_DISABLED=true
[16:28:56,235][INFO][main][IgniteKernal]   ^-- Disable peer class loading (set 'peerClassLoadingEnabled' to false)
[16:28:56,235][INFO][main][IgniteKernal]   ^-- Disable grid events (remove 'includeEventTypes' from configuration)
[16:28:56,235][INFO][main][IgniteKernal] 
[16:28:56,235][INFO][main][IgniteKernal] To start Console Management & Monitoring run ignitevisorcmd.{sh|bat}
[16:28:56,236][INFO][main][IgniteKernal] 
[16:28:56,236][INFO][main][IgniteKernal] 

>>> +----------------------------------------------------------------------+
>>> Ignite ver. 1.7.0#20160801-sha1:383273e3f66f702de2482466dce954d570a8ccf2
>>> +----------------------------------------------------------------------+
>>> OS name: Linux 3.10.0-327.36.3.el7.x86_64 amd64
>>> CPU(s): 4
>>> Heap: 1.7GB
>>> VM name: 5696@joly.inf.ed.ac.uk
>>> Local node [ID=B064119E-5F2B-495D-BDA0-5F16B89C86BF, order=2, clientMode=true]
>>> Local node addresses: [joly.inf.ed.ac.uk/0:0:0:0:0:0:0:1%lo, /127.0.0.1, /129.215.2.60]
>>> Local ports: TCP:11212 TCP:47101 TCP:48101 

[16:28:56,238][INFO][main][GridDiscoveryManager] Topology snapshot [ver=3, servers=1, clients=2, CPUs=4, heap=4.4GB]
[16:28:56,360][INFO][exchange-worker-#45%null%][GridCacheProcessor] Started cache [name=partA, mode=PARTITIONED]
[16:29:05,673][INFO][ignite-update-notifier-timer][GridUpdateNotifier] Your version is up to date.
