[21:49:19,469][INFO][main][IgniteKernal] 

>>>    __________  ________________  
>>>   /  _/ ___/ |/ /  _/_  __/ __/  
>>>  _/ // (7 7    // /  / / / _/    
>>> /___/\___/_/|_/___/ /_/ /___/   
>>> 
>>> ver. 1.7.0#20160801-sha1:383273e3
>>> 2016 Copyright(C) Apache Software Foundation
>>> 
>>> Ignite documentation: http://ignite.apache.org

[21:49:19,470][INFO][main][IgniteKernal] Config URL: file:/afs/inf.ed.ac.uk/user/s16/s1626297/Desktop/ds/apache-ignite-fabric-1.7.0-bin/examples/config/example-ignite-no-discovery.xml
[21:49:19,470][INFO][main][IgniteKernal] Daemon mode: off
[21:49:19,471][INFO][main][IgniteKernal] OS: Linux 3.10.0-327.36.3.el7.x86_64 amd64
[21:49:19,471][INFO][main][IgniteKernal] OS user: s1626297
[21:49:19,471][INFO][main][IgniteKernal] Language runtime: Java Platform API Specification ver. 1.8
[21:49:19,471][INFO][main][IgniteKernal] VM information: Java(TM) SE Runtime Environment 1.8.0_91-b14 Oracle Corporation Java HotSpot(TM) 64-Bit Server VM 25.91-b14
[21:49:19,472][INFO][main][IgniteKernal] VM total memory: 1.7GB
[21:49:19,472][INFO][main][IgniteKernal] Remote Management [restart: off, REST: on, JMX (remote: off)]
[21:49:19,473][INFO][main][IgniteKernal] IGNITE_HOME=/afs/inf.ed.ac.uk/user/s16/s1626297/Desktop/ds/apache-ignite-fabric-1.7.0-bin
[21:49:19,473][INFO][main][IgniteKernal] VM arguments: [-DIGNITE_HOME=/afs/inf.ed.ac.uk/user/s16/s1626297/Desktop/ds/apache-ignite-fabric-1.7.0-bin, -Didea.launcher.port=7542, -Didea.launcher.bin.path=/opt/idea-ce/bin, -Dfile.encoding=UTF-8]
[21:49:19,473][INFO][main][IgniteKernal] Configured caches ['ignite-marshaller-sys-cache', 'ignite-sys-cache', 'ignite-atomics-sys-cache']
[21:49:19,473][WARNING][main][IgniteKernal] Peer class loading is enabled (disable it in production for performance and deployment consistency reasons)
[21:49:19,476][INFO][main][IgniteKernal] 3-rd party licenses can be found at: /afs/inf.ed.ac.uk/user/s16/s1626297/Desktop/ds/apache-ignite-fabric-1.7.0-bin/libs/licenses
[21:49:19,478][WARNING][pub-#26%null%][GridDiagnostic] Initial heap size is 124MB (should be no less than 512MB, use -Xms512m -Xmx512m).
[21:49:19,531][INFO][main][IgniteKernal] Non-loopback local IPs: 129.215.3.32, fe80:0:0:0:a2d3:c1ff:fe0f:8a89%em1
[21:49:19,531][INFO][main][IgniteKernal] Enabled local MACs: A0D3C10F8A89
[21:49:19,546][INFO][main][IgnitePluginProcessor] Configured plugins:
[21:49:19,546][INFO][main][IgnitePluginProcessor]   ^-- None
[21:49:19,546][INFO][main][IgnitePluginProcessor] 
[21:49:19,639][INFO][main][TcpCommunicationSpi] IPC shared memory server endpoint started [port=48101, tokDir=/afs/inf.ed.ac.uk/user/s16/s1626297/Desktop/ds/apache-ignite-fabric-1.7.0-bin/work/ipc/shmem/bb0a602f-3f71-4f6a-bd97-9dc1c279219c-6141]
[21:49:19,640][INFO][main][TcpCommunicationSpi] Successfully bound shared memory communication to TCP port [port=48101, locHost=0.0.0.0/0.0.0.0]
[21:49:19,660][INFO][main][TcpCommunicationSpi] Successfully bound to TCP port [port=47101, locHost=0.0.0.0/0.0.0.0]
[21:49:19,710][WARNING][main][NoopCheckpointSpi] Checkpoints are disabled (to enable configure any GridCheckpointSpi implementation)
[21:49:19,732][WARNING][main][GridCollisionManager] Collision resolution is disabled (all jobs will be activated upon arrival).
[21:49:19,735][WARNING][main][NoopSwapSpaceSpi] Swap space is disabled. To enable use FileSwapSpaceSpi.
[21:49:19,736][INFO][main][IgniteKernal] Security status [authentication=off, tls/ssl=off]
[21:49:19,939][WARNING][main][IgniteH2Indexing] Serialization of Java objects in H2 was enabled.
[21:49:19,991][INFO][main][GridTcpRestProtocol] Command protocol successfully started [name=TCP binary, host=0.0.0.0/0.0.0.0, port=11212]
[21:49:20,348][INFO][main][GridCacheProcessor] Started cache [name=ignite-sys-cache, mode=REPLICATED]
[21:49:20,358][INFO][main][GridCacheProcessor] Started cache [name=ignite-atomics-sys-cache, mode=PARTITIONED]
[21:49:20,374][INFO][main][GridCacheProcessor] Started cache [name=ignite-marshaller-sys-cache, mode=REPLICATED]
[21:49:20,548][INFO][main][IgniteKernal] Performance suggestions for grid  (fix if possible)
[21:49:20,548][INFO][main][IgniteKernal] To disable, set -DIGNITE_PERFORMANCE_SUGGESTIONS_DISABLED=true
[21:49:20,548][INFO][main][IgniteKernal]   ^-- Disable peer class loading (set 'peerClassLoadingEnabled' to false)
[21:49:20,549][INFO][main][IgniteKernal]   ^-- Disable grid events (remove 'includeEventTypes' from configuration)
[21:49:20,549][INFO][main][IgniteKernal] 
[21:49:20,549][INFO][main][IgniteKernal] To start Console Management & Monitoring run ignitevisorcmd.{sh|bat}
[21:49:20,549][INFO][main][IgniteKernal] 
[21:49:20,550][INFO][main][IgniteKernal] 

>>> +----------------------------------------------------------------------+
>>> Ignite ver. 1.7.0#20160801-sha1:383273e3f66f702de2482466dce954d570a8ccf2
>>> +----------------------------------------------------------------------+
>>> OS name: Linux 3.10.0-327.36.3.el7.x86_64 amd64
>>> CPU(s): 4
>>> Heap: 1.7GB
>>> VM name: 6141@lodi.inf.ed.ac.uk
>>> Local node [ID=BB0A602F-3F71-4F6A-BD97-9DC1C279219C, order=12, clientMode=true]
>>> Local node addresses: [lodi.inf.ed.ac.uk/0:0:0:0:0:0:0:1%lo, /127.0.0.1, /129.215.3.32]
>>> Local ports: TCP:11212 TCP:47101 TCP:48101 

[21:49:20,551][INFO][main][GridDiscoveryManager] Topology snapshot [ver=12, servers=1, clients=1, CPUs=4, heap=2.7GB]
[21:49:20,587][INFO][exchange-worker-#45%null%][GridCacheProcessor] Started cache [name=words, mode=PARTITIONED]
[21:49:20,710][INFO][main][GridDeploymentLocalStore] Class locally deployed: class wordcount.StreamWords$1
[21:49:30,149][INFO][ignite-update-notifier-timer][GridUpdateNotifier] Your version is up to date.
[21:49:33,958][INFO][disco-event-worker-#42%null%][GridDiscoveryManager] Added new node to topology: TcpDiscoveryNode [id=0ea49df4-3ef7-4bee-b67c-a89d2343f651, addrs=[0:0:0:0:0:0:0:1%lo, 127.0.0.1, 129.215.3.32], sockAddrs=[/0:0:0:0:0:0:0:1%lo:0, /127.0.0.1:0, lodi.inf.ed.ac.uk/129.215.3.32:0], discPort=0, order=13, intOrder=8, lastExchangeTime=1478814573935, loc=false, ver=1.7.0#20160801-sha1:383273e3, isClient=true]
[21:49:33,959][INFO][disco-event-worker-#42%null%][GridDiscoveryManager] Topology snapshot [ver=13, servers=1, clients=2, CPUs=4, heap=4.4GB]
[21:50:20,547][INFO][grid-timeout-worker-#27%null%][IgniteKernal] 
Metrics for local node (to disable set 'metricsLogFrequency' to 0)
    ^-- Node [id=bb0a602f, name=null, uptime=00:01:00:001]
    ^-- H/N/C [hosts=1, nodes=3, CPUs=4]
    ^-- CPU [cur=8.1%, avg=8.03%, GC=0.1%]
    ^-- Heap [used=106MB, free=93.93%, comm=715MB]
    ^-- Non heap [used=41MB, free=-1%, comm=44MB]
    ^-- Public thread pool [active=0, idle=16, qSize=0]
    ^-- System thread pool [active=0, idle=16, qSize=0]
    ^-- Outbound messages queue [size=0]
[21:51:20,553][INFO][grid-timeout-worker-#27%null%][IgniteKernal] 
Metrics for local node (to disable set 'metricsLogFrequency' to 0)
    ^-- Node [id=bb0a602f, name=null, uptime=00:02:00:004]
    ^-- H/N/C [hosts=1, nodes=3, CPUs=4]
    ^-- CPU [cur=6.57%, avg=7.6%, GC=0.2%]
    ^-- Heap [used=264MB, free=84.95%, comm=484MB]
    ^-- Non heap [used=41MB, free=-1%, comm=44MB]
    ^-- Public thread pool [active=0, idle=16, qSize=0]
    ^-- System thread pool [active=0, idle=16, qSize=0]
    ^-- Outbound messages queue [size=0]
[21:52:20,558][INFO][grid-timeout-worker-#27%null%][IgniteKernal] 
Metrics for local node (to disable set 'metricsLogFrequency' to 0)
    ^-- Node [id=bb0a602f, name=null, uptime=00:03:00:012]
    ^-- H/N/C [hosts=1, nodes=3, CPUs=4]
    ^-- CPU [cur=6.9%, avg=7.52%, GC=0.47%]
    ^-- Heap [used=165MB, free=90.56%, comm=596MB]
    ^-- Non heap [used=41MB, free=-1%, comm=44MB]
    ^-- Public thread pool [active=0, idle=16, qSize=0]
    ^-- System thread pool [active=0, idle=16, qSize=0]
    ^-- Outbound messages queue [size=0]
[21:53:20,567][INFO][grid-timeout-worker-#27%null%][IgniteKernal] 
Metrics for local node (to disable set 'metricsLogFrequency' to 0)
    ^-- Node [id=bb0a602f, name=null, uptime=00:04:00:017]
    ^-- H/N/C [hosts=1, nodes=3, CPUs=4]
    ^-- CPU [cur=6.67%, avg=7.59%, GC=0.33%]
    ^-- Heap [used=374MB, free=78.66%, comm=714MB]
    ^-- Non heap [used=42MB, free=-1%, comm=44MB]
    ^-- Public thread pool [active=0, idle=16, qSize=0]
    ^-- System thread pool [active=0, idle=16, qSize=0]
    ^-- Outbound messages queue [size=0]
[21:54:20,568][INFO][grid-timeout-worker-#27%null%][IgniteKernal] 
Metrics for local node (to disable set 'metricsLogFrequency' to 0)
    ^-- Node [id=bb0a602f, name=null, uptime=00:05:00:024]
    ^-- H/N/C [hosts=1, nodes=3, CPUs=4]
    ^-- CPU [cur=7.5%, avg=7.56%, GC=0.27%]
    ^-- Heap [used=316MB, free=81.98%, comm=554MB]
    ^-- Non heap [used=42MB, free=-1%, comm=44MB]
    ^-- Public thread pool [active=0, idle=16, qSize=0]
    ^-- System thread pool [active=0, idle=16, qSize=0]
    ^-- Outbound messages queue [size=0]
[21:55:20,572][INFO][grid-timeout-worker-#27%null%][IgniteKernal] 
Metrics for local node (to disable set 'metricsLogFrequency' to 0)
    ^-- Node [id=bb0a602f, name=null, uptime=00:06:00:025]
    ^-- H/N/C [hosts=1, nodes=3, CPUs=4]
    ^-- CPU [cur=6.9%, avg=7.49%, GC=0.4%]
    ^-- Heap [used=227MB, free=87.04%, comm=649MB]
    ^-- Non heap [used=42MB, free=-1%, comm=44MB]
    ^-- Public thread pool [active=0, idle=16, qSize=0]
    ^-- System thread pool [active=0, idle=16, qSize=0]
    ^-- Outbound messages queue [size=0]
[21:56:20,580][INFO][grid-timeout-worker-#27%null%][IgniteKernal] 
Metrics for local node (to disable set 'metricsLogFrequency' to 0)
    ^-- Node [id=bb0a602f, name=null, uptime=00:07:00:034]
    ^-- H/N/C [hosts=1, nodes=3, CPUs=4]
    ^-- CPU [cur=7.73%, avg=7.42%, GC=0.37%]
    ^-- Heap [used=171MB, free=90.25%, comm=685MB]
    ^-- Non heap [used=42MB, free=-1%, comm=44MB]
    ^-- Public thread pool [active=0, idle=16, qSize=0]
    ^-- System thread pool [active=0, idle=16, qSize=0]
    ^-- Outbound messages queue [size=0]
[21:57:20,587][INFO][grid-timeout-worker-#27%null%][IgniteKernal] 
Metrics for local node (to disable set 'metricsLogFrequency' to 0)
    ^-- Node [id=bb0a602f, name=null, uptime=00:08:00:040]
    ^-- H/N/C [hosts=1, nodes=3, CPUs=4]
    ^-- CPU [cur=8.17%, avg=7.36%, GC=0.13%]
    ^-- Heap [used=539MB, free=69.3%, comm=667MB]
    ^-- Non heap [used=42MB, free=-1%, comm=44MB]
    ^-- Public thread pool [active=0, idle=16, qSize=0]
    ^-- System thread pool [active=0, idle=16, qSize=0]
    ^-- Outbound messages queue [size=0]
[21:58:08,370][INFO][disco-event-worker-#42%null%][GridDiscoveryManager] Node left topology: TcpDiscoveryNode [id=0ea49df4-3ef7-4bee-b67c-a89d2343f651, addrs=[0:0:0:0:0:0:0:1%lo, 127.0.0.1, 129.215.3.32], sockAddrs=[/0:0:0:0:0:0:0:1%lo:0, /127.0.0.1:0, lodi.inf.ed.ac.uk/129.215.3.32:0], discPort=0, order=13, intOrder=8, lastExchangeTime=1478814573935, loc=false, ver=1.7.0#20160801-sha1:383273e3, isClient=true]
[21:58:08,371][INFO][disco-event-worker-#42%null%][GridDiscoveryManager] Topology snapshot [ver=14, servers=1, clients=1, CPUs=4, heap=2.7GB]
