[01:08:24,241][INFO][main][IgniteKernal] 

>>>    __________  ________________  
>>>   /  _/ ___/ |/ /  _/_  __/ __/  
>>>  _/ // (7 7    // /  / / / _/    
>>> /___/\___/_/|_/___/ /_/ /___/   
>>> 
>>> ver. 1.7.0#20160801-sha1:383273e3
>>> 2016 Copyright(C) Apache Software Foundation
>>> 
>>> Ignite documentation: http://ignite.apache.org

[01:08:24,242][INFO][main][IgniteKernal] Config URL: file:/afs/inf.ed.ac.uk/user/s16/s1626297/Desktop/ds/apache-ignite-fabric-1.7.0-bin/examples/config/example-ignite-no-discovery.xml
[01:08:24,242][INFO][main][IgniteKernal] Daemon mode: off
[01:08:24,242][INFO][main][IgniteKernal] OS: Linux 3.10.0-327.36.3.el7.x86_64 amd64
[01:08:24,243][INFO][main][IgniteKernal] OS user: s1626297
[01:08:24,243][INFO][main][IgniteKernal] Language runtime: Java Platform API Specification ver. 1.8
[01:08:24,243][INFO][main][IgniteKernal] VM information: Java(TM) SE Runtime Environment 1.8.0_91-b14 Oracle Corporation Java HotSpot(TM) 64-Bit Server VM 25.91-b14
[01:08:24,244][INFO][main][IgniteKernal] VM total memory: 1.7GB
[01:08:24,244][INFO][main][IgniteKernal] Remote Management [restart: off, REST: on, JMX (remote: off)]
[01:08:24,245][INFO][main][IgniteKernal] IGNITE_HOME=/afs/inf.ed.ac.uk/user/s16/s1626297/Desktop/ds/apache-ignite-fabric-1.7.0-bin
[01:08:24,245][INFO][main][IgniteKernal] VM arguments: [-DIGNITE_HOME=/afs/inf.ed.ac.uk/user/s16/s1626297/Desktop/ds/apache-ignite-fabric-1.7.0-bin, -Didea.launcher.port=7555, -Didea.launcher.bin.path=/opt/idea-ce/bin, -Dfile.encoding=UTF-8]
[01:08:24,245][INFO][main][IgniteKernal] Configured caches ['ignite-marshaller-sys-cache', 'ignite-sys-cache', 'ignite-atomics-sys-cache']
[01:08:24,245][WARNING][main][IgniteKernal] Peer class loading is enabled (disable it in production for performance and deployment consistency reasons)
[01:08:24,249][INFO][main][IgniteKernal] 3-rd party licenses can be found at: /afs/inf.ed.ac.uk/user/s16/s1626297/Desktop/ds/apache-ignite-fabric-1.7.0-bin/libs/licenses
[01:08:24,251][WARNING][pub-#26%null%][GridDiagnostic] Initial heap size is 124MB (should be no less than 512MB, use -Xms512m -Xmx512m).
[01:08:24,290][INFO][main][IgniteKernal] Non-loopback local IPs: 129.215.2.234, fe80:0:0:0:8edc:d4ff:fe57:28d5%em1
[01:08:24,291][INFO][main][IgniteKernal] Enabled local MACs: 8CDCD45728D5
[01:08:24,305][INFO][main][IgnitePluginProcessor] Configured plugins:
[01:08:24,305][INFO][main][IgnitePluginProcessor]   ^-- None
[01:08:24,305][INFO][main][IgnitePluginProcessor] 
[01:08:24,401][INFO][main][TcpCommunicationSpi] IPC shared memory server endpoint started [port=48101, tokDir=/afs/inf.ed.ac.uk/user/s16/s1626297/Desktop/ds/apache-ignite-fabric-1.7.0-bin/work/ipc/shmem/144144fc-7f32-4234-a24f-9d4ed297b5d3-13025]
[01:08:24,401][INFO][main][TcpCommunicationSpi] Successfully bound shared memory communication to TCP port [port=48101, locHost=0.0.0.0/0.0.0.0]
[01:08:24,419][INFO][main][TcpCommunicationSpi] Successfully bound to TCP port [port=47101, locHost=0.0.0.0/0.0.0.0]
[01:08:24,454][WARNING][main][NoopCheckpointSpi] Checkpoints are disabled (to enable configure any GridCheckpointSpi implementation)
[01:08:24,483][WARNING][main][GridCollisionManager] Collision resolution is disabled (all jobs will be activated upon arrival).
[01:08:24,487][WARNING][main][NoopSwapSpaceSpi] Swap space is disabled. To enable use FileSwapSpaceSpi.
[01:08:24,488][INFO][main][IgniteKernal] Security status [authentication=off, tls/ssl=off]
[01:08:24,694][WARNING][main][IgniteH2Indexing] Serialization of Java objects in H2 was enabled.
[01:08:24,745][INFO][main][GridTcpRestProtocol] Command protocol successfully started [name=TCP binary, host=0.0.0.0/0.0.0.0, port=11212]
[01:08:25,136][INFO][main][GridCacheProcessor] Started cache [name=ignite-sys-cache, mode=REPLICATED]
[01:08:25,146][INFO][main][GridCacheProcessor] Started cache [name=ignite-atomics-sys-cache, mode=PARTITIONED]
[01:08:25,159][INFO][main][GridCacheProcessor] Started cache [name=ignite-marshaller-sys-cache, mode=REPLICATED]
[01:08:25,336][INFO][main][IgniteKernal] Performance suggestions for grid  (fix if possible)
[01:08:25,336][INFO][main][IgniteKernal] To disable, set -DIGNITE_PERFORMANCE_SUGGESTIONS_DISABLED=true
[01:08:25,336][INFO][main][IgniteKernal]   ^-- Disable peer class loading (set 'peerClassLoadingEnabled' to false)
[01:08:25,337][INFO][main][IgniteKernal]   ^-- Disable grid events (remove 'includeEventTypes' from configuration)
[01:08:25,337][INFO][main][IgniteKernal] 
[01:08:25,337][INFO][main][IgniteKernal] To start Console Management & Monitoring run ignitevisorcmd.{sh|bat}
[01:08:25,337][INFO][main][IgniteKernal] 
[01:08:25,338][INFO][main][IgniteKernal] 

>>> +----------------------------------------------------------------------+
>>> Ignite ver. 1.7.0#20160801-sha1:383273e3f66f702de2482466dce954d570a8ccf2
>>> +----------------------------------------------------------------------+
>>> OS name: Linux 3.10.0-327.36.3.el7.x86_64 amd64
>>> CPU(s): 4
>>> Heap: 1.7GB
>>> VM name: 13025@donners.inf.ed.ac.uk
>>> Local node [ID=144144FC-7F32-4234-A24F-9D4ED297B5D3, order=4, clientMode=true]
>>> Local node addresses: [donners.inf.ed.ac.uk/0:0:0:0:0:0:0:1%lo, /127.0.0.1, /129.215.2.234]
>>> Local ports: TCP:11212 TCP:47101 TCP:48101 

[01:08:25,339][INFO][main][GridDiscoveryManager] Topology snapshot [ver=4, servers=1, clients=1, CPUs=4, heap=2.7GB]
[01:08:25,383][INFO][exchange-worker-#45%null%][GridCacheProcessor] Started cache [name=partC, mode=PARTITIONED]
[01:08:25,527][INFO][exchange-worker-#45%null%][GridCacheProcessor] Stopped cache: partC
[01:08:25,555][INFO][main][GridTcpRestProtocol] Command protocol successfully stopped: TCP binary
[01:08:25,563][INFO][main][GridCacheProcessor] Stopped cache: ignite-marshaller-sys-cache
[01:08:25,564][INFO][main][GridCacheProcessor] Stopped cache: ignite-sys-cache
[01:08:25,564][INFO][main][GridCacheProcessor] Stopped cache: ignite-atomics-sys-cache
[01:08:25,570][INFO][main][GridDeploymentLocalStore] Removed undeployed class: GridDeployment [ts=1479258505278, depMode=SHARED, clsLdr=sun.misc.Launcher$AppClassLoader@4dc63996, clsLdrId=b397daa6851-144144fc-7f32-4234-a24f-9d4ed297b5d3, userVer=0, loc=true, sampleClsName=org.apache.ignite.internal.processors.cache.distributed.dht.preloader.GridDhtPartitionFullMap, pendingUndeploy=false, undeployed=true, usage=0]
[01:08:25,577][INFO][main][IgniteKernal] 

>>> +---------------------------------------------------------------------------------+
>>> Ignite ver. 1.7.0#20160801-sha1:383273e3f66f702de2482466dce954d570a8ccf2 stopped OK
>>> +---------------------------------------------------------------------------------+
>>> Grid uptime: 00:00:00:246


