[15:47:35,926][INFO][main][IgniteKernal] 

>>>    __________  ________________  
>>>   /  _/ ___/ |/ /  _/_  __/ __/  
>>>  _/ // (7 7    // /  / / / _/    
>>> /___/\___/_/|_/___/ /_/ /___/   
>>> 
>>> ver. 1.7.0#20160801-sha1:383273e3
>>> 2016 Copyright(C) Apache Software Foundation
>>> 
>>> Ignite documentation: http://ignite.apache.org

[15:47:35,928][INFO][main][IgniteKernal] Config URL: file:/afs/inf.ed.ac.uk/user/s16/s1626297/Desktop/ds/apache-ignite-fabric-1.7.0-bin/examples/config/example-ignite-no-discovery.xml
[15:47:35,928][INFO][main][IgniteKernal] Daemon mode: off
[15:47:35,928][INFO][main][IgniteKernal] OS: Linux 3.10.0-327.36.3.el7.x86_64 amd64
[15:47:35,928][INFO][main][IgniteKernal] OS user: s1626297
[15:47:35,928][INFO][main][IgniteKernal] Language runtime: Java Platform API Specification ver. 1.8
[15:47:35,928][INFO][main][IgniteKernal] VM information: Java(TM) SE Runtime Environment 1.8.0_91-b14 Oracle Corporation Java HotSpot(TM) 64-Bit Server VM 25.91-b14
[15:47:35,930][INFO][main][IgniteKernal] VM total memory: 1.7GB
[15:47:35,930][INFO][main][IgniteKernal] Remote Management [restart: off, REST: on, JMX (remote: off)]
[15:47:35,930][INFO][main][IgniteKernal] IGNITE_HOME=/afs/inf.ed.ac.uk/user/s16/s1626297/Desktop/ds/apache-ignite-fabric-1.7.0-bin
[15:47:35,930][INFO][main][IgniteKernal] VM arguments: []
[15:47:35,931][INFO][main][IgniteKernal] Configured caches ['ignite-marshaller-sys-cache', 'ignite-sys-cache', 'ignite-atomics-sys-cache']
[15:47:35,931][WARNING][main][IgniteKernal] Peer class loading is enabled (disable it in production for performance and deployment consistency reasons)
[15:47:35,937][INFO][main][IgniteKernal] 3-rd party licenses can be found at: /afs/inf.ed.ac.uk/user/s16/s1626297/Desktop/ds/apache-ignite-fabric-1.7.0-bin/libs/licenses
[15:47:35,951][WARNING][pub-#26%null%][GridDiagnostic] Initial heap size is 124MB (should be no less than 512MB, use -Xms512m -Xmx512m).
[15:47:35,994][INFO][main][IgniteKernal] Non-loopback local IPs: 129.215.2.60, fe80:0:0:0:ea39:35ff:fe48:4d89%em1
[15:47:35,994][INFO][main][IgniteKernal] Enabled local MACs: E83935484D89
[15:47:36,012][INFO][main][IgnitePluginProcessor] Configured plugins:
[15:47:36,012][INFO][main][IgnitePluginProcessor]   ^-- None
[15:47:36,013][INFO][main][IgnitePluginProcessor] 
[15:47:36,212][INFO][main][TcpCommunicationSpi] IPC shared memory server endpoint started [port=48104, tokDir=/afs/inf.ed.ac.uk/user/s16/s1626297/Desktop/ds/apache-ignite-fabric-1.7.0-bin/work/ipc/shmem/82dc2af4-87f7-49f1-9f04-4db638f32ea0-32072]
[15:47:36,212][INFO][main][TcpCommunicationSpi] Successfully bound shared memory communication to TCP port [port=48104, locHost=0.0.0.0/0.0.0.0]
[15:47:36,249][INFO][main][TcpCommunicationSpi] Successfully bound to TCP port [port=47104, locHost=0.0.0.0/0.0.0.0]
[15:47:36,305][WARNING][main][NoopCheckpointSpi] Checkpoints are disabled (to enable configure any GridCheckpointSpi implementation)
[15:47:36,337][WARNING][main][GridCollisionManager] Collision resolution is disabled (all jobs will be activated upon arrival).
[15:47:36,343][WARNING][main][NoopSwapSpaceSpi] Swap space is disabled. To enable use FileSwapSpaceSpi.
[15:47:36,345][INFO][main][IgniteKernal] Security status [authentication=off, tls/ssl=off]
[15:47:36,714][WARNING][main][IgniteH2Indexing] Serialization of Java objects in H2 was enabled.
[15:47:36,797][INFO][main][GridTcpRestProtocol] Command protocol successfully started [name=TCP binary, host=0.0.0.0/0.0.0.0, port=11215]
[15:47:37,599][INFO][main][GridCacheProcessor] Started cache [name=ignite-sys-cache, mode=REPLICATED]
[15:47:37,611][INFO][main][GridCacheProcessor] Started cache [name=ignite-atomics-sys-cache, mode=PARTITIONED]
[15:47:37,630][INFO][main][GridCacheProcessor] Started cache [name=ignite-marshaller-sys-cache, mode=REPLICATED]
[15:47:38,060][INFO][main][IgniteKernal] Performance suggestions for grid  (fix if possible)
[15:47:38,065][INFO][main][IgniteKernal] To disable, set -DIGNITE_PERFORMANCE_SUGGESTIONS_DISABLED=true
[15:47:38,065][INFO][main][IgniteKernal]   ^-- Disable peer class loading (set 'peerClassLoadingEnabled' to false)
[15:47:38,066][INFO][main][IgniteKernal]   ^-- Disable grid events (remove 'includeEventTypes' from configuration)
[15:47:38,066][INFO][main][IgniteKernal] 
[15:47:38,069][INFO][main][IgniteKernal] To start Console Management & Monitoring run ignitevisorcmd.{sh|bat}
[15:47:38,069][INFO][main][IgniteKernal] 
[15:47:38,070][INFO][main][IgniteKernal] 

>>> +----------------------------------------------------------------------+
>>> Ignite ver. 1.7.0#20160801-sha1:383273e3f66f702de2482466dce954d570a8ccf2
>>> +----------------------------------------------------------------------+
>>> OS name: Linux 3.10.0-327.36.3.el7.x86_64 amd64
>>> CPU(s): 4
>>> Heap: 1.7GB
>>> VM name: 32072@joly.inf.ed.ac.uk
>>> Local node [ID=82DC2AF4-87F7-49F1-9F04-4DB638F32EA0, order=4, clientMode=true]
>>> Local node addresses: [joly.inf.ed.ac.uk/0:0:0:0:0:0:0:1%lo, /127.0.0.1, /129.215.2.60]
>>> Local ports: TCP:11215 TCP:47104 TCP:48104 

[15:47:38,072][INFO][main][GridDiscoveryManager] Topology snapshot [ver=4, servers=1, clients=3, CPUs=4, heap=6.1GB]
[15:47:38,172][INFO][exchange-worker-#45%null%][GridCacheProcessor] Started cache [name=partC, mode=PARTITIONED]
[15:47:39,273][INFO][main][GridDeploymentLocalStore] Class locally deployed: class partC.StreamWords$1
[15:47:44,354][INFO][disco-event-worker-#42%null%][GridDiscoveryManager] Node left topology: TcpDiscoveryNode [id=0436e67a-f5db-4f9a-8d25-985719a2d8f2, addrs=[0:0:0:0:0:0:0:1%lo, 127.0.0.1, 129.215.2.60], sockAddrs=[/0:0:0:0:0:0:0:1%lo:0, /127.0.0.1:0, joly.inf.ed.ac.uk/129.215.2.60:0], discPort=0, order=2, intOrder=2, lastExchangeTime=1479311257082, loc=false, ver=1.7.0#20160801-sha1:383273e3, isClient=true]
[15:47:44,355][INFO][disco-event-worker-#42%null%][GridDiscoveryManager] Topology snapshot [ver=5, servers=1, clients=2, CPUs=4, heap=4.4GB]
[15:47:44,861][INFO][main][GridTcpRestProtocol] Command protocol successfully stopped: TCP binary
[15:47:44,878][INFO][main][GridCacheProcessor] Stopped cache: ignite-marshaller-sys-cache
[15:47:44,880][INFO][main][GridCacheProcessor] Stopped cache: ignite-sys-cache
[15:47:44,882][INFO][main][GridCacheProcessor] Stopped cache: ignite-atomics-sys-cache
[15:47:44,882][INFO][main][GridCacheProcessor] Stopped cache: partC
[15:47:44,884][INFO][main][GridDeploymentLocalStore] Removed undeployed class: GridDeployment [ts=1479311257826, depMode=SHARED, clsLdr=sun.misc.Launcher$AppClassLoader@73d16e93, clsLdrId=36462dd6851-82dc2af4-87f7-49f1-9f04-4db638f32ea0, userVer=0, loc=true, sampleClsName=org.apache.ignite.internal.processors.cache.distributed.dht.preloader.GridDhtPartitionFullMap, pendingUndeploy=false, undeployed=true, usage=0]
[15:47:44,902][INFO][main][IgniteKernal] 

>>> +---------------------------------------------------------------------------------+
>>> Ignite ver. 1.7.0#20160801-sha1:383273e3f66f702de2482466dce954d570a8ccf2 stopped OK
>>> +---------------------------------------------------------------------------------+
>>> Grid uptime: 00:00:06:857


