[16:30:05,935][INFO][main][IgniteKernal] 

>>>    __________  ________________  
>>>   /  _/ ___/ |/ /  _/_  __/ __/  
>>>  _/ // (7 7    // /  / / / _/    
>>> /___/\___/_/|_/___/ /_/ /___/   
>>> 
>>> ver. 1.7.0#20160801-sha1:383273e3
>>> 2016 Copyright(C) Apache Software Foundation
>>> 
>>> Ignite documentation: http://ignite.apache.org

[16:30:05,937][INFO][main][IgniteKernal] Config URL: file:/afs/inf.ed.ac.uk/user/s16/s1626297/Desktop/ds/apache-ignite-fabric-1.7.0-bin/examples/config/example-ignite-no-discovery.xml
[16:30:05,937][INFO][main][IgniteKernal] Daemon mode: off
[16:30:05,937][INFO][main][IgniteKernal] OS: Linux 3.10.0-327.36.3.el7.x86_64 amd64
[16:30:05,938][INFO][main][IgniteKernal] OS user: s1626297
[16:30:05,938][INFO][main][IgniteKernal] Language runtime: Java Platform API Specification ver. 1.8
[16:30:05,938][INFO][main][IgniteKernal] VM information: Java(TM) SE Runtime Environment 1.8.0_91-b14 Oracle Corporation Java HotSpot(TM) 64-Bit Server VM 25.91-b14
[16:30:05,940][INFO][main][IgniteKernal] VM total memory: 1.7GB
[16:30:05,940][INFO][main][IgniteKernal] Remote Management [restart: off, REST: on, JMX (remote: off)]
[16:30:05,940][INFO][main][IgniteKernal] IGNITE_HOME=/afs/inf.ed.ac.uk/user/s16/s1626297/Desktop/ds/apache-ignite-fabric-1.7.0-bin
[16:30:05,940][INFO][main][IgniteKernal] VM arguments: []
[16:30:05,940][INFO][main][IgniteKernal] Configured caches ['ignite-marshaller-sys-cache', 'ignite-sys-cache', 'ignite-atomics-sys-cache']
[16:30:05,940][WARNING][main][IgniteKernal] Peer class loading is enabled (disable it in production for performance and deployment consistency reasons)
[16:30:05,960][INFO][main][IgniteKernal] 3-rd party licenses can be found at: /afs/inf.ed.ac.uk/user/s16/s1626297/Desktop/ds/apache-ignite-fabric-1.7.0-bin/libs/licenses
[16:30:05,983][WARNING][pub-#26%null%][GridDiagnostic] Initial heap size is 124MB (should be no less than 512MB, use -Xms512m -Xmx512m).
[16:30:06,087][INFO][main][IgniteKernal] Non-loopback local IPs: 129.215.2.60, fe80:0:0:0:ea39:35ff:fe48:4d89%em1
[16:30:06,087][INFO][main][IgniteKernal] Enabled local MACs: E83935484D89
[16:30:06,110][INFO][main][IgnitePluginProcessor] Configured plugins:
[16:30:06,110][INFO][main][IgnitePluginProcessor]   ^-- None
[16:30:06,110][INFO][main][IgnitePluginProcessor] 
[16:30:06,556][INFO][main][TcpCommunicationSpi] IPC shared memory server endpoint started [port=48105, tokDir=/afs/inf.ed.ac.uk/user/s16/s1626297/Desktop/ds/apache-ignite-fabric-1.7.0-bin/work/ipc/shmem/0b012bb7-932d-4a34-95e7-85de28e7ed66-6292]
[16:30:06,556][INFO][main][TcpCommunicationSpi] Successfully bound shared memory communication to TCP port [port=48105, locHost=0.0.0.0/0.0.0.0]
[16:30:06,586][INFO][main][TcpCommunicationSpi] Successfully bound to TCP port [port=47105, locHost=0.0.0.0/0.0.0.0]
[16:30:06,726][WARNING][main][NoopCheckpointSpi] Checkpoints are disabled (to enable configure any GridCheckpointSpi implementation)
[16:30:06,771][WARNING][main][GridCollisionManager] Collision resolution is disabled (all jobs will be activated upon arrival).
[16:30:06,775][WARNING][main][NoopSwapSpaceSpi] Swap space is disabled. To enable use FileSwapSpaceSpi.
[16:30:06,777][INFO][main][IgniteKernal] Security status [authentication=off, tls/ssl=off]
[16:30:07,179][WARNING][main][IgniteH2Indexing] Serialization of Java objects in H2 was enabled.
[16:30:07,345][INFO][main][GridTcpRestProtocol] Command protocol successfully started [name=TCP binary, host=0.0.0.0/0.0.0.0, port=11216]
[16:30:07,971][WARNING][main][IgniteKernal] Attempting to start more nodes than physical RAM available on current host (this can cause significant slowdown)
[16:30:08,514][INFO][main][GridCacheProcessor] Started cache [name=ignite-sys-cache, mode=REPLICATED]
[16:30:08,536][INFO][main][GridCacheProcessor] Started cache [name=ignite-atomics-sys-cache, mode=PARTITIONED]
[16:30:08,582][INFO][main][GridCacheProcessor] Started cache [name=ignite-marshaller-sys-cache, mode=REPLICATED]
[16:30:09,104][INFO][main][IgniteKernal] Performance suggestions for grid  (fix if possible)
[16:30:09,104][INFO][main][IgniteKernal] To disable, set -DIGNITE_PERFORMANCE_SUGGESTIONS_DISABLED=true
[16:30:09,104][INFO][main][IgniteKernal]   ^-- Disable peer class loading (set 'peerClassLoadingEnabled' to false)
[16:30:09,104][INFO][main][IgniteKernal]   ^-- Disable grid events (remove 'includeEventTypes' from configuration)
[16:30:09,104][INFO][main][IgniteKernal] 
[16:30:09,104][INFO][main][IgniteKernal] To start Console Management & Monitoring run ignitevisorcmd.{sh|bat}
[16:30:09,107][INFO][main][IgniteKernal] 
[16:30:09,108][INFO][main][IgniteKernal] 

>>> +----------------------------------------------------------------------+
>>> Ignite ver. 1.7.0#20160801-sha1:383273e3f66f702de2482466dce954d570a8ccf2
>>> +----------------------------------------------------------------------+
>>> OS name: Linux 3.10.0-327.36.3.el7.x86_64 amd64
>>> CPU(s): 4
>>> Heap: 1.7GB
>>> VM name: 6292@joly.inf.ed.ac.uk
>>> Local node [ID=0B012BB7-932D-4A34-95E7-85DE28E7ED66, order=5, clientMode=true]
>>> Local node addresses: [joly.inf.ed.ac.uk/0:0:0:0:0:0:0:1%lo, /127.0.0.1, /129.215.2.60]
>>> Local ports: TCP:11216 TCP:47105 TCP:48105 

[16:30:09,110][INFO][main][GridDiscoveryManager] Topology snapshot [ver=5, servers=1, clients=4, CPUs=4, heap=7.8GB]
[16:30:09,293][INFO][exchange-worker-#45%null%][GridCacheProcessor] Started cache [name=partB, mode=PARTITIONED]
[16:30:09,695][INFO][main][GridDeploymentLocalStore] Class locally deployed: class partB.StreamWords$1
[16:30:18,016][INFO][ignite-update-notifier-timer][GridUpdateNotifier] Your version is up to date.
[16:31:09,114][INFO][grid-timeout-worker-#27%null%][IgniteKernal] 
Metrics for local node (to disable set 'metricsLogFrequency' to 0)
    ^-- Node [id=0b012bb7, name=null, uptime=00:01:00:014]
    ^-- H/N/C [hosts=1, nodes=5, CPUs=4]
    ^-- CPU [cur=2.9%, avg=3.35%, GC=0.23%]
    ^-- Heap [used=221MB, free=87.35%, comm=643MB]
    ^-- Non heap [used=41MB, free=-1%, comm=43MB]
    ^-- Public thread pool [active=0, idle=16, qSize=0]
    ^-- System thread pool [active=0, idle=16, qSize=0]
    ^-- Outbound messages queue [size=0]
[16:31:27,740][INFO][disco-event-worker-#42%null%][GridDiscoveryManager] Node left topology: TcpDiscoveryNode [id=90876922-727a-40c6-9901-1075793acf71, addrs=[0:0:0:0:0:0:0:1%lo, 127.0.0.1, 129.215.2.60], sockAddrs=[/0:0:0:0:0:0:0:1%lo:0, /127.0.0.1:0, joly.inf.ed.ac.uk/129.215.2.60:0], discPort=0, order=3, intOrder=3, lastExchangeTime=1479313807888, loc=false, ver=1.7.0#20160801-sha1:383273e3, isClient=true]
[16:31:27,741][INFO][disco-event-worker-#42%null%][GridDiscoveryManager] Topology snapshot [ver=6, servers=1, clients=3, CPUs=4, heap=6.1GB]
[16:31:32,748][INFO][Thread-4][G] Invoking shutdown hook...
