[13:55:30,068][INFO][main][IgniteKernal] 

>>>    __________  ________________  
>>>   /  _/ ___/ |/ /  _/_  __/ __/  
>>>  _/ // (7 7    // /  / / / _/    
>>> /___/\___/_/|_/___/ /_/ /___/   
>>> 
>>> ver. 1.7.0#20160801-sha1:383273e3
>>> 2016 Copyright(C) Apache Software Foundation
>>> 
>>> Ignite documentation: http://ignite.apache.org

[13:55:30,070][INFO][main][IgniteKernal] Config URL: file:/afs/inf.ed.ac.uk/user/s16/s1626297/Desktop/ds/apache-ignite-fabric-1.7.0-bin/examples/config/example-ignite-no-discovery.xml
[13:55:30,070][INFO][main][IgniteKernal] Daemon mode: off
[13:55:30,070][INFO][main][IgniteKernal] OS: Linux 3.10.0-327.36.3.el7.x86_64 amd64
[13:55:30,070][INFO][main][IgniteKernal] OS user: s1626297
[13:55:30,071][INFO][main][IgniteKernal] Language runtime: Java Platform API Specification ver. 1.8
[13:55:30,071][INFO][main][IgniteKernal] VM information: Java(TM) SE Runtime Environment 1.8.0_91-b14 Oracle Corporation Java HotSpot(TM) 64-Bit Server VM 25.91-b14
[13:55:30,072][INFO][main][IgniteKernal] VM total memory: 0.96GB
[13:55:30,072][INFO][main][IgniteKernal] Remote Management [restart: on, REST: on, JMX (remote: on, port: 49115, auth: off, ssl: off)]
[13:55:30,072][INFO][main][IgniteKernal] IGNITE_HOME=/afs/inf.ed.ac.uk/user/s16/s1626297/Desktop/ds/apache-ignite-fabric-1.7.0-bin
[13:55:30,073][INFO][main][IgniteKernal] VM arguments: [-Xms1g, -Xmx1g, -XX:+AggressiveOpts, -XX:MaxMetaspaceSize=256m, -DIGNITE_QUIET=true, -DIGNITE_SUCCESS_FILE=/afs/inf.ed.ac.uk/user/s16/s1626297/Desktop/ds/apache-ignite-fabric-1.7.0-bin/work/ignite_success_8dbf3921-c7ff-4f30-b7c9-07633467c45f, -Dcom.sun.management.jmxremote, -Dcom.sun.management.jmxremote.port=49115, -Dcom.sun.management.jmxremote.authenticate=false, -Dcom.sun.management.jmxremote.ssl=false, -DIGNITE_HOME=/afs/inf.ed.ac.uk/user/s16/s1626297/Desktop/ds/apache-ignite-fabric-1.7.0-bin, -DIGNITE_PROG_NAME=bin/ignite.sh]
[13:55:30,073][INFO][main][IgniteKernal] Configured caches ['ignite-marshaller-sys-cache', 'ignite-sys-cache', 'ignite-atomics-sys-cache']
[13:55:30,073][WARNING][main][IgniteKernal] Peer class loading is enabled (disable it in production for performance and deployment consistency reasons)
[13:55:30,076][INFO][main][IgniteKernal] 3-rd party licenses can be found at: /afs/inf.ed.ac.uk/user/s16/s1626297/Desktop/ds/apache-ignite-fabric-1.7.0-bin/libs/licenses
[13:55:30,123][INFO][main][IgniteKernal] Non-loopback local IPs: 129.215.2.96, fe80:0:0:0:ea39:35ff:fe35:ee75%em1
[13:55:30,123][INFO][main][IgniteKernal] Enabled local MACs: E8393535EE75
[13:55:30,137][INFO][main][IgnitePluginProcessor] Configured plugins:
[13:55:30,137][INFO][main][IgnitePluginProcessor]   ^-- None
[13:55:30,137][INFO][main][IgnitePluginProcessor] 
[13:55:30,246][INFO][main][TcpCommunicationSpi] IPC shared memory server endpoint started [port=48100, tokDir=/afs/inf.ed.ac.uk/user/s16/s1626297/Desktop/ds/apache-ignite-fabric-1.7.0-bin/work/ipc/shmem/03bea0d7-6c2f-43e2-8991-b85544dc193d-23330]
[13:55:30,246][INFO][main][TcpCommunicationSpi] Successfully bound shared memory communication to TCP port [port=48100, locHost=0.0.0.0/0.0.0.0]
[13:55:30,264][INFO][main][TcpCommunicationSpi] Successfully bound to TCP port [port=47100, locHost=0.0.0.0/0.0.0.0]
[13:55:30,302][WARNING][main][NoopCheckpointSpi] Checkpoints are disabled (to enable configure any GridCheckpointSpi implementation)
[13:55:30,325][WARNING][main][GridCollisionManager] Collision resolution is disabled (all jobs will be activated upon arrival).
[13:55:30,328][WARNING][main][NoopSwapSpaceSpi] Swap space is disabled. To enable use FileSwapSpaceSpi.
[13:55:30,330][INFO][main][IgniteKernal] Security status [authentication=off, tls/ssl=off]
[13:55:30,560][WARNING][main][IgniteH2Indexing] Serialization of Java objects in H2 was enabled.
[13:55:30,616][INFO][main][GridTcpRestProtocol] Command protocol successfully started [name=TCP binary, host=0.0.0.0/0.0.0.0, port=11211]
[13:55:30,692][INFO][main][TcpDiscoverySpi] Successfully bound to TCP port [port=47500, localHost=0.0.0.0/0.0.0.0]
[13:55:30,960][INFO][main][GridCacheProcessor] Started cache [name=ignite-sys-cache, mode=REPLICATED]
[13:55:30,972][INFO][main][GridCacheProcessor] Started cache [name=ignite-atomics-sys-cache, mode=PARTITIONED]
[13:55:30,988][INFO][main][GridCacheProcessor] Started cache [name=ignite-marshaller-sys-cache, mode=REPLICATED]
[13:55:31,043][INFO][exchange-worker-#55%null%][GridCachePartitionExchangeManager] Skipping rebalancing (nothing scheduled) [top=AffinityTopologyVersion [topVer=1, minorTopVer=0], evt=NODE_JOINED, node=03bea0d7-6c2f-43e2-8991-b85544dc193d]
[13:55:31,081][INFO][main][IgniteKernal] Performance suggestions for grid  (fix if possible)
[13:55:31,081][INFO][main][IgniteKernal] To disable, set -DIGNITE_PERFORMANCE_SUGGESTIONS_DISABLED=true
[13:55:31,081][INFO][main][IgniteKernal]   ^-- Disable peer class loading (set 'peerClassLoadingEnabled' to false)
[13:55:31,081][INFO][main][IgniteKernal]   ^-- Disable grid events (remove 'includeEventTypes' from configuration)
[13:55:31,082][INFO][main][IgniteKernal] 
[13:55:31,082][INFO][main][IgniteKernal] To start Console Management & Monitoring run ignitevisorcmd.{sh|bat}
[13:55:31,082][INFO][main][IgniteKernal] 
[13:55:31,083][INFO][main][IgniteKernal] 

>>> +----------------------------------------------------------------------+
>>> Ignite ver. 1.7.0#20160801-sha1:383273e3f66f702de2482466dce954d570a8ccf2
>>> +----------------------------------------------------------------------+
>>> OS name: Linux 3.10.0-327.36.3.el7.x86_64 amd64
>>> CPU(s): 4
>>> Heap: 1.0GB
>>> VM name: 23330@ceilingcat.inf.ed.ac.uk
>>> Local node [ID=03BEA0D7-6C2F-43E2-8991-B85544DC193D, order=1, clientMode=false]
>>> Local node addresses: [ceilingcat.inf.ed.ac.uk/0:0:0:0:0:0:0:1%lo, /127.0.0.1, /129.215.2.96]
>>> Local ports: TCP:11211 TCP:47100 TCP:47500 TCP:48100 

[13:55:31,084][INFO][main][GridDiscoveryManager] Topology snapshot [ver=1, servers=1, clients=0, CPUs=4, heap=1.0GB]
[13:55:40,746][INFO][ignite-update-notifier-timer][GridUpdateNotifier] Your version is up to date.
[13:55:47,303][INFO][disco-event-worker-#52%null%][GridDiscoveryManager] Added new node to topology: TcpDiscoveryNode [id=29c65f49-bb4f-4c7c-a4b0-aacef4201309, addrs=[0:0:0:0:0:0:0:1%lo, 127.0.0.1, 129.215.2.96], sockAddrs=[/0:0:0:0:0:0:0:1%lo:0, /127.0.0.1:0, ceilingcat.inf.ed.ac.uk/129.215.2.96:0], discPort=0, order=2, intOrder=2, lastExchangeTime=1478786147240, loc=false, ver=1.7.0#20160801-sha1:383273e3, isClient=true]
[13:55:47,313][INFO][disco-event-worker-#52%null%][GridDiscoveryManager] Topology snapshot [ver=2, servers=1, clients=1, CPUs=4, heap=2.7GB]
[13:55:47,322][INFO][exchange-worker-#55%null%][GridCachePartitionExchangeManager] Skipping rebalancing (nothing scheduled) [top=AffinityTopologyVersion [topVer=2, minorTopVer=0], evt=NODE_JOINED, node=29c65f49-bb4f-4c7c-a4b0-aacef4201309]
[13:55:47,946][INFO][exchange-worker-#55%null%][GridCacheProcessor] Started cache [name=words, mode=PARTITIONED]
[13:55:47,965][INFO][exchange-worker-#55%null%][GridCachePartitionExchangeManager] Skipping rebalancing (nothing scheduled) [top=AffinityTopologyVersion [topVer=2, minorTopVer=1], evt=DISCOVERY_CUSTOM_EVT, node=29c65f49-bb4f-4c7c-a4b0-aacef4201309]
[13:55:48,268][INFO][pub-#7%null%][GridDeploymentPerVersionStore] Class was deployed in SHARED or CONTINUOUS mode: class wordcount.StreamWords$StreamingExampleCacheEntryProcessor
[13:56:07,397][INFO][disco-event-worker-#52%null%][GridDiscoveryManager] Added new node to topology: TcpDiscoveryNode [id=834f80f8-fc93-4bcf-8aad-3b67e121cdfe, addrs=[0:0:0:0:0:0:0:1%lo, 127.0.0.1, 129.215.2.96], sockAddrs=[/0:0:0:0:0:0:0:1%lo:0, /127.0.0.1:0, ceilingcat.inf.ed.ac.uk/129.215.2.96:0], discPort=0, order=3, intOrder=3, lastExchangeTime=1478786167351, loc=false, ver=1.7.0#20160801-sha1:383273e3, isClient=true]
[13:56:07,398][INFO][disco-event-worker-#52%null%][GridDiscoveryManager] Topology snapshot [ver=3, servers=1, clients=2, CPUs=4, heap=4.4GB]
[13:56:07,606][INFO][exchange-worker-#55%null%][GridCachePartitionExchangeManager] Skipping rebalancing (nothing scheduled) [top=AffinityTopologyVersion [topVer=3, minorTopVer=0], evt=NODE_JOINED, node=834f80f8-fc93-4bcf-8aad-3b67e121cdfe]
[13:56:09,667][INFO][exchange-worker-#55%null%][GridCachePartitionExchangeManager] Skipping rebalancing (nothing scheduled) [top=AffinityTopologyVersion [topVer=3, minorTopVer=1], evt=DISCOVERY_CUSTOM_EVT, node=834f80f8-fc93-4bcf-8aad-3b67e121cdfe]
[13:56:09,855][INFO][disco-event-worker-#52%null%][GridDiscoveryManager] Node left topology: TcpDiscoveryNode [id=834f80f8-fc93-4bcf-8aad-3b67e121cdfe, addrs=[0:0:0:0:0:0:0:1%lo, 127.0.0.1, 129.215.2.96], sockAddrs=[/0:0:0:0:0:0:0:1%lo:0, /127.0.0.1:0, ceilingcat.inf.ed.ac.uk/129.215.2.96:0], discPort=0, order=3, intOrder=3, lastExchangeTime=1478786167351, loc=false, ver=1.7.0#20160801-sha1:383273e3, isClient=true]
[13:56:09,856][INFO][disco-event-worker-#52%null%][GridDiscoveryManager] Topology snapshot [ver=4, servers=1, clients=1, CPUs=4, heap=2.7GB]
[13:56:10,163][INFO][exchange-worker-#55%null%][GridCachePartitionExchangeManager] Skipping rebalancing (nothing scheduled) [top=AffinityTopologyVersion [topVer=4, minorTopVer=0], evt=NODE_LEFT, node=834f80f8-fc93-4bcf-8aad-3b67e121cdfe]
[13:56:31,081][INFO][grid-timeout-worker-#37%null%][IgniteKernal] 
Metrics for local node (to disable set 'metricsLogFrequency' to 0)
    ^-- Node [id=03bea0d7, name=null, uptime=00:01:00:000]
    ^-- H/N/C [hosts=1, nodes=2, CPUs=4]
    ^-- CPU [cur=84.73%, avg=54.7%, GC=3.3%]
    ^-- Heap [used=282MB, free=70.7%, comm=964MB]
    ^-- Non heap [used=46MB, free=96.92%, comm=48MB]
    ^-- Public thread pool [active=7, idle=9, qSize=0]
    ^-- System thread pool [active=0, idle=16, qSize=0]
    ^-- Outbound messages queue [size=0]
[13:56:48,707][INFO][disco-event-worker-#52%null%][GridDiscoveryManager] Added new node to topology: TcpDiscoveryNode [id=2b80638b-1e71-48a8-9c49-4de936845827, addrs=[0:0:0:0:0:0:0:1%lo, 127.0.0.1, 129.215.2.96], sockAddrs=[/0:0:0:0:0:0:0:1%lo:0, /127.0.0.1:0, ceilingcat.inf.ed.ac.uk/129.215.2.96:0], discPort=0, order=5, intOrder=4, lastExchangeTime=1478786208679, loc=false, ver=1.7.0#20160801-sha1:383273e3, isClient=true]
[13:56:48,708][INFO][disco-event-worker-#52%null%][GridDiscoveryManager] Topology snapshot [ver=5, servers=1, clients=2, CPUs=4, heap=4.4GB]
[13:56:48,765][INFO][exchange-worker-#55%null%][GridCachePartitionExchangeManager] Skipping rebalancing (nothing scheduled) [top=AffinityTopologyVersion [topVer=5, minorTopVer=0], evt=NODE_JOINED, node=2b80638b-1e71-48a8-9c49-4de936845827]
[13:56:50,516][INFO][exchange-worker-#55%null%][GridCachePartitionExchangeManager] Skipping rebalancing (nothing scheduled) [top=AffinityTopologyVersion [topVer=5, minorTopVer=1], evt=DISCOVERY_CUSTOM_EVT, node=2b80638b-1e71-48a8-9c49-4de936845827]
[13:57:31,102][INFO][grid-timeout-worker-#37%null%][IgniteKernal] 
Metrics for local node (to disable set 'metricsLogFrequency' to 0)
    ^-- Node [id=03bea0d7, name=null, uptime=00:02:00:028]
    ^-- H/N/C [hosts=1, nodes=3, CPUs=4]
    ^-- CPU [cur=87.6%, avg=67.67%, GC=3.33%]
    ^-- Heap [used=500MB, free=48.25%, comm=968MB]
    ^-- Non heap [used=47MB, free=96.86%, comm=49MB]
    ^-- Public thread pool [active=9, idle=7, qSize=1]
    ^-- System thread pool [active=0, idle=16, qSize=0]
    ^-- Outbound messages queue [size=0]
[13:58:31,108][INFO][grid-timeout-worker-#37%null%][IgniteKernal] 
Metrics for local node (to disable set 'metricsLogFrequency' to 0)
    ^-- Node [id=03bea0d7, name=null, uptime=00:03:00:037]
    ^-- H/N/C [hosts=1, nodes=3, CPUs=4]
    ^-- CPU [cur=90.23%, avg=75.13%, GC=5.67%]
    ^-- Heap [used=448MB, free=53.63%, comm=967MB]
    ^-- Non heap [used=47MB, free=96.87%, comm=49MB]
    ^-- Public thread pool [active=11, idle=5, qSize=0]
    ^-- System thread pool [active=0, idle=16, qSize=0]
    ^-- Outbound messages queue [size=0]
[13:59:30,234][INFO][disco-event-worker-#52%null%][GridDiscoveryManager] Node left topology: TcpDiscoveryNode [id=2b80638b-1e71-48a8-9c49-4de936845827, addrs=[0:0:0:0:0:0:0:1%lo, 127.0.0.1, 129.215.2.96], sockAddrs=[/0:0:0:0:0:0:0:1%lo:0, /127.0.0.1:0, ceilingcat.inf.ed.ac.uk/129.215.2.96:0], discPort=0, order=5, intOrder=4, lastExchangeTime=1478786208679, loc=false, ver=1.7.0#20160801-sha1:383273e3, isClient=true]
[13:59:30,235][INFO][disco-event-worker-#52%null%][GridDiscoveryManager] Topology snapshot [ver=6, servers=1, clients=1, CPUs=4, heap=2.7GB]
[13:59:30,295][INFO][exchange-worker-#55%null%][GridCachePartitionExchangeManager] Skipping rebalancing (nothing scheduled) [top=AffinityTopologyVersion [topVer=6, minorTopVer=0], evt=NODE_LEFT, node=2b80638b-1e71-48a8-9c49-4de936845827]
[13:59:31,117][INFO][grid-timeout-worker-#37%null%][IgniteKernal] 
Metrics for local node (to disable set 'metricsLogFrequency' to 0)
    ^-- Node [id=03bea0d7, name=null, uptime=00:04:00:041]
    ^-- H/N/C [hosts=1, nodes=2, CPUs=4]
    ^-- CPU [cur=85.93%, avg=79.09%, GC=6.8%]
    ^-- Heap [used=427MB, free=55.44%, comm=958MB]
    ^-- Non heap [used=47MB, free=96.86%, comm=49MB]
    ^-- Public thread pool [active=3, idle=13, qSize=0]
    ^-- System thread pool [active=0, idle=16, qSize=0]
    ^-- Outbound messages queue [size=0]
[13:59:38,010][WARNING][Thread-3][IpcSharedMemoryClientEndpoint] Remote process is considered to be dead (shared memory space will be forcibly closed): 23458
[13:59:40,383][WARNING][ipc-shmem-gc-#38%null%][IpcSharedMemoryClientEndpoint] Remote process is considered to be dead (shared memory space will be forcibly closed): 23458
[13:59:43,284][WARNING][disco-event-worker-#52%null%][GridDiscoveryManager] Node FAILED: TcpDiscoveryNode [id=29c65f49-bb4f-4c7c-a4b0-aacef4201309, addrs=[0:0:0:0:0:0:0:1%lo, 127.0.0.1, 129.215.2.96], sockAddrs=[/0:0:0:0:0:0:0:1%lo:0, /127.0.0.1:0, ceilingcat.inf.ed.ac.uk/129.215.2.96:0], discPort=0, order=2, intOrder=2, lastExchangeTime=1478786147240, loc=false, ver=1.7.0#20160801-sha1:383273e3, isClient=true]
[13:59:43,285][INFO][disco-event-worker-#52%null%][GridDiscoveryManager] Topology snapshot [ver=7, servers=1, clients=0, CPUs=4, heap=1.0GB]
[13:59:43,286][INFO][disco-event-worker-#52%null%][GridDeploymentPerVersionStore] Class was undeployed in SHARED or CONTINUOUS mode [cls=class wordcount.StreamWords$StreamingExampleCacheEntryProcessor, alias=wordcount.StreamWords$StreamingExampleCacheEntryProcessor]
[13:59:43,297][INFO][exchange-worker-#55%null%][GridCachePartitionExchangeManager] Skipping rebalancing (nothing scheduled) [top=AffinityTopologyVersion [topVer=7, minorTopVer=0], evt=NODE_FAILED, node=29c65f49-bb4f-4c7c-a4b0-aacef4201309]
[14:00:31,120][INFO][grid-timeout-worker-#37%null%][IgniteKernal] 
Metrics for local node (to disable set 'metricsLogFrequency' to 0)
    ^-- Node [id=03bea0d7, name=null, uptime=00:05:00:048]
    ^-- H/N/C [hosts=1, nodes=1, CPUs=4]
    ^-- CPU [cur=0.23%, avg=63.42%, GC=0%]
    ^-- Heap [used=639MB, free=32.84%, comm=951MB]
    ^-- Non heap [used=48MB, free=96.84%, comm=50MB]
    ^-- Public thread pool [active=0, idle=16, qSize=0]
    ^-- System thread pool [active=0, idle=16, qSize=0]
    ^-- Outbound messages queue [size=0]
[14:01:31,126][INFO][grid-timeout-worker-#37%null%][IgniteKernal] 
Metrics for local node (to disable set 'metricsLogFrequency' to 0)
    ^-- Node [id=03bea0d7, name=null, uptime=00:06:00:053]
    ^-- H/N/C [hosts=1, nodes=1, CPUs=4]
    ^-- CPU [cur=0.33%, avg=51.45%, GC=0%]
    ^-- Heap [used=642MB, free=32.51%, comm=951MB]
    ^-- Non heap [used=48MB, free=96.84%, comm=50MB]
    ^-- Public thread pool [active=0, idle=16, qSize=0]
    ^-- System thread pool [active=0, idle=16, qSize=0]
    ^-- Outbound messages queue [size=0]
[14:02:31,130][INFO][grid-timeout-worker-#37%null%][IgniteKernal] 
Metrics for local node (to disable set 'metricsLogFrequency' to 0)
    ^-- Node [id=03bea0d7, name=null, uptime=00:07:00:054]
    ^-- H/N/C [hosts=1, nodes=1, CPUs=4]
    ^-- CPU [cur=0.33%, avg=43.78%, GC=0%]
    ^-- Heap [used=645MB, free=32.18%, comm=951MB]
    ^-- Non heap [used=48MB, free=96.81%, comm=50MB]
    ^-- Public thread pool [active=0, idle=16, qSize=0]
    ^-- System thread pool [active=0, idle=16, qSize=0]
    ^-- Outbound messages queue [size=0]
[14:03:31,133][INFO][grid-timeout-worker-#37%null%][IgniteKernal] 
Metrics for local node (to disable set 'metricsLogFrequency' to 0)
    ^-- Node [id=03bea0d7, name=null, uptime=00:08:00:057]
    ^-- H/N/C [hosts=1, nodes=1, CPUs=4]
    ^-- CPU [cur=0.17%, avg=37.93%, GC=0%]
    ^-- Heap [used=648MB, free=31.85%, comm=951MB]
    ^-- Non heap [used=48MB, free=96.81%, comm=50MB]
    ^-- Public thread pool [active=0, idle=16, qSize=0]
    ^-- System thread pool [active=0, idle=16, qSize=0]
    ^-- Outbound messages queue [size=0]
[14:04:31,137][INFO][grid-timeout-worker-#37%null%][IgniteKernal] 
Metrics for local node (to disable set 'metricsLogFrequency' to 0)
    ^-- Node [id=03bea0d7, name=null, uptime=00:09:00:057]
    ^-- H/N/C [hosts=1, nodes=1, CPUs=4]
    ^-- CPU [cur=0.33%, avg=33.6%, GC=0%]
    ^-- Heap [used=651MB, free=31.52%, comm=951MB]
    ^-- Non heap [used=48MB, free=96.81%, comm=50MB]
    ^-- Public thread pool [active=0, idle=16, qSize=0]
    ^-- System thread pool [active=0, idle=16, qSize=0]
    ^-- Outbound messages queue [size=0]
[14:05:31,138][INFO][grid-timeout-worker-#37%null%][IgniteKernal] 
Metrics for local node (to disable set 'metricsLogFrequency' to 0)
    ^-- Node [id=03bea0d7, name=null, uptime=00:10:00:063]
    ^-- H/N/C [hosts=1, nodes=1, CPUs=4]
    ^-- CPU [cur=0.23%, avg=29.83%, GC=0%]
    ^-- Heap [used=654MB, free=31.19%, comm=951MB]
    ^-- Non heap [used=48MB, free=96.81%, comm=50MB]
    ^-- Public thread pool [active=0, idle=16, qSize=0]
    ^-- System thread pool [active=0, idle=16, qSize=0]
    ^-- Outbound messages queue [size=0]
[14:06:31,142][INFO][grid-timeout-worker-#37%null%][IgniteKernal] 
Metrics for local node (to disable set 'metricsLogFrequency' to 0)
    ^-- Node [id=03bea0d7, name=null, uptime=00:11:00:069]
    ^-- H/N/C [hosts=1, nodes=1, CPUs=4]
    ^-- CPU [cur=0.23%, avg=26.92%, GC=0%]
    ^-- Heap [used=657MB, free=30.86%, comm=951MB]
    ^-- Non heap [used=48MB, free=96.8%, comm=50MB]
    ^-- Public thread pool [active=0, idle=16, qSize=0]
    ^-- System thread pool [active=0, idle=16, qSize=0]
    ^-- Outbound messages queue [size=0]
[14:07:31,143][INFO][grid-timeout-worker-#37%null%][IgniteKernal] 
Metrics for local node (to disable set 'metricsLogFrequency' to 0)
    ^-- Node [id=03bea0d7, name=null, uptime=00:12:00:069]
    ^-- H/N/C [hosts=1, nodes=1, CPUs=4]
    ^-- CPU [cur=0.17%, avg=24.75%, GC=0%]
    ^-- Heap [used=660MB, free=30.53%, comm=951MB]
    ^-- Non heap [used=48MB, free=96.8%, comm=50MB]
    ^-- Public thread pool [active=0, idle=16, qSize=0]
    ^-- System thread pool [active=0, idle=16, qSize=0]
    ^-- Outbound messages queue [size=0]
[14:08:31,145][INFO][grid-timeout-worker-#37%null%][IgniteKernal] 
Metrics for local node (to disable set 'metricsLogFrequency' to 0)
    ^-- Node [id=03bea0d7, name=null, uptime=00:13:00:073]
    ^-- H/N/C [hosts=1, nodes=1, CPUs=4]
    ^-- CPU [cur=0.27%, avg=22.79%, GC=0%]
    ^-- Heap [used=664MB, free=30.2%, comm=951MB]
    ^-- Non heap [used=48MB, free=96.8%, comm=50MB]
    ^-- Public thread pool [active=0, idle=16, qSize=0]
    ^-- System thread pool [active=0, idle=16, qSize=0]
    ^-- Outbound messages queue [size=0]
[14:08:52,190][INFO][disco-event-worker-#52%null%][GridDiscoveryManager] Added new node to topology: TcpDiscoveryNode [id=9b8d92c5-f41a-40d4-bb11-f9d68a228914, addrs=[0:0:0:0:0:0:0:1%lo, 127.0.0.1, 129.215.2.96], sockAddrs=[/0:0:0:0:0:0:0:1%lo:0, /127.0.0.1:0, ceilingcat.inf.ed.ac.uk/129.215.2.96:0], discPort=0, order=8, intOrder=5, lastExchangeTime=1478786932165, loc=false, ver=1.7.0#20160801-sha1:383273e3, isClient=true]
[14:08:52,191][INFO][disco-event-worker-#52%null%][GridDiscoveryManager] Topology snapshot [ver=8, servers=1, clients=1, CPUs=4, heap=2.7GB]
[14:08:52,198][INFO][exchange-worker-#55%null%][GridCachePartitionExchangeManager] Skipping rebalancing (nothing scheduled) [top=AffinityTopologyVersion [topVer=8, minorTopVer=0], evt=NODE_JOINED, node=9b8d92c5-f41a-40d4-bb11-f9d68a228914]
[14:08:52,799][INFO][exchange-worker-#55%null%][GridCachePartitionExchangeManager] Skipping rebalancing (nothing scheduled) [top=AffinityTopologyVersion [topVer=8, minorTopVer=1], evt=DISCOVERY_CUSTOM_EVT, node=9b8d92c5-f41a-40d4-bb11-f9d68a228914]
[14:08:53,054][INFO][pub-#15%null%][GridDeploymentPerVersionStore] Class was deployed in SHARED or CONTINUOUS mode: class partB.StreamWords$StreamingExampleCacheEntryProcessor
[14:09:02,958][INFO][disco-event-worker-#52%null%][GridDiscoveryManager] Added new node to topology: TcpDiscoveryNode [id=09847ff8-09cd-444f-9012-dfffb232a8cf, addrs=[0:0:0:0:0:0:0:1%lo, 127.0.0.1, 129.215.2.96], sockAddrs=[/0:0:0:0:0:0:0:1%lo:0, /127.0.0.1:0, ceilingcat.inf.ed.ac.uk/129.215.2.96:0], discPort=0, order=9, intOrder=6, lastExchangeTime=1478786942927, loc=false, ver=1.7.0#20160801-sha1:383273e3, isClient=true]
[14:09:02,958][INFO][disco-event-worker-#52%null%][GridDiscoveryManager] Topology snapshot [ver=9, servers=1, clients=2, CPUs=4, heap=4.4GB]
[14:09:03,001][INFO][exchange-worker-#55%null%][GridCachePartitionExchangeManager] Skipping rebalancing (nothing scheduled) [top=AffinityTopologyVersion [topVer=9, minorTopVer=0], evt=NODE_JOINED, node=09847ff8-09cd-444f-9012-dfffb232a8cf]
[14:09:05,003][INFO][exchange-worker-#55%null%][GridCachePartitionExchangeManager] Skipping rebalancing (nothing scheduled) [top=AffinityTopologyVersion [topVer=9, minorTopVer=1], evt=DISCOVERY_CUSTOM_EVT, node=09847ff8-09cd-444f-9012-dfffb232a8cf]
[14:09:31,242][INFO][grid-timeout-worker-#37%null%][IgniteKernal] 
Metrics for local node (to disable set 'metricsLogFrequency' to 0)
    ^-- Node [id=03bea0d7, name=null, uptime=00:14:00:162]
    ^-- H/N/C [hosts=1, nodes=3, CPUs=4]
    ^-- CPU [cur=88.83%, avg=24.62%, GC=3.47%]
    ^-- Heap [used=630MB, free=34.77%, comm=967MB]
    ^-- Non heap [used=50MB, free=96.71%, comm=51MB]
    ^-- Public thread pool [active=13, idle=3, qSize=3]
    ^-- System thread pool [active=0, idle=16, qSize=0]
    ^-- Outbound messages queue [size=0]
[14:10:31,243][INFO][grid-timeout-worker-#37%null%][IgniteKernal] 
Metrics for local node (to disable set 'metricsLogFrequency' to 0)
    ^-- Node [id=03bea0d7, name=null, uptime=00:15:00:170]
    ^-- H/N/C [hosts=1, nodes=3, CPUs=4]
    ^-- CPU [cur=100%, avg=28.48%, GC=7.17%]
    ^-- Heap [used=358MB, free=62.85%, comm=964MB]
    ^-- Non heap [used=49MB, free=96.76%, comm=51MB]
    ^-- Public thread pool [active=16, idle=0, qSize=0]
    ^-- System thread pool [active=0, idle=16, qSize=0]
    ^-- Outbound messages queue [size=0]
[14:11:20,878][INFO][disco-event-worker-#52%null%][GridDiscoveryManager] Node left topology: TcpDiscoveryNode [id=09847ff8-09cd-444f-9012-dfffb232a8cf, addrs=[0:0:0:0:0:0:0:1%lo, 127.0.0.1, 129.215.2.96], sockAddrs=[/0:0:0:0:0:0:0:1%lo:0, /127.0.0.1:0, ceilingcat.inf.ed.ac.uk/129.215.2.96:0], discPort=0, order=9, intOrder=6, lastExchangeTime=1478786942927, loc=false, ver=1.7.0#20160801-sha1:383273e3, isClient=true]
[14:11:20,879][INFO][disco-event-worker-#52%null%][GridDiscoveryManager] Topology snapshot [ver=10, servers=1, clients=1, CPUs=4, heap=2.7GB]
[14:11:20,892][INFO][exchange-worker-#55%null%][GridCachePartitionExchangeManager] Skipping rebalancing (nothing scheduled) [top=AffinityTopologyVersion [topVer=10, minorTopVer=0], evt=NODE_LEFT, node=09847ff8-09cd-444f-9012-dfffb232a8cf]
[14:11:30,981][WARNING][ipc-shmem-gc-#38%null%][IpcSharedMemoryClientEndpoint] Remote process is considered to be dead (shared memory space will be forcibly closed): 25791
[14:11:31,252][INFO][grid-timeout-worker-#37%null%][IgniteKernal] 
Metrics for local node (to disable set 'metricsLogFrequency' to 0)
    ^-- Node [id=03bea0d7, name=null, uptime=00:16:00:171]
    ^-- H/N/C [hosts=1, nodes=2, CPUs=4]
    ^-- CPU [cur=0.33%, avg=31.67%, GC=0%]
    ^-- Heap [used=354MB, free=63.24%, comm=965MB]
    ^-- Non heap [used=49MB, free=96.73%, comm=52MB]
    ^-- Public thread pool [active=0, idle=16, qSize=0]
    ^-- System thread pool [active=0, idle=16, qSize=0]
    ^-- Outbound messages queue [size=0]
[14:11:32,417][WARNING][Thread-6][IpcSharedMemoryClientEndpoint] Remote process is considered to be dead (shared memory space will be forcibly closed): 25791
[14:11:32,920][WARNING][disco-event-worker-#52%null%][GridDiscoveryManager] Node FAILED: TcpDiscoveryNode [id=9b8d92c5-f41a-40d4-bb11-f9d68a228914, addrs=[0:0:0:0:0:0:0:1%lo, 127.0.0.1, 129.215.2.96], sockAddrs=[/0:0:0:0:0:0:0:1%lo:0, /127.0.0.1:0, ceilingcat.inf.ed.ac.uk/129.215.2.96:0], discPort=0, order=8, intOrder=5, lastExchangeTime=1478786932165, loc=false, ver=1.7.0#20160801-sha1:383273e3, isClient=true]
[14:11:32,920][INFO][disco-event-worker-#52%null%][GridDiscoveryManager] Topology snapshot [ver=11, servers=1, clients=0, CPUs=4, heap=1.0GB]
[14:11:32,921][INFO][disco-event-worker-#52%null%][GridDeploymentPerVersionStore] Class was undeployed in SHARED or CONTINUOUS mode [cls=class partB.StreamWords$StreamingExampleCacheEntryProcessor, alias=partB.StreamWords$StreamingExampleCacheEntryProcessor]
[14:11:32,927][INFO][exchange-worker-#55%null%][GridCachePartitionExchangeManager] Skipping rebalancing (nothing scheduled) [top=AffinityTopologyVersion [topVer=11, minorTopVer=0], evt=NODE_FAILED, node=9b8d92c5-f41a-40d4-bb11-f9d68a228914]
[14:12:31,246][INFO][grid-timeout-worker-#37%null%][IgniteKernal] 
Metrics for local node (to disable set 'metricsLogFrequency' to 0)
    ^-- Node [id=03bea0d7, name=null, uptime=00:17:00:174]
    ^-- H/N/C [hosts=1, nodes=1, CPUs=4]
    ^-- CPU [cur=0.27%, avg=29.73%, GC=0%]
    ^-- Heap [used=359MB, free=62.73%, comm=965MB]
    ^-- Non heap [used=49MB, free=96.73%, comm=52MB]
    ^-- Public thread pool [active=0, idle=16, qSize=0]
    ^-- System thread pool [active=0, idle=16, qSize=0]
    ^-- Outbound messages queue [size=0]
[14:13:31,247][INFO][grid-timeout-worker-#37%null%][IgniteKernal] 
Metrics for local node (to disable set 'metricsLogFrequency' to 0)
    ^-- Node [id=03bea0d7, name=null, uptime=00:18:00:175]
    ^-- H/N/C [hosts=1, nodes=1, CPUs=4]
    ^-- CPU [cur=0.23%, avg=27.89%, GC=0%]
    ^-- Heap [used=362MB, free=62.4%, comm=965MB]
    ^-- Non heap [used=49MB, free=96.72%, comm=52MB]
    ^-- Public thread pool [active=0, idle=16, qSize=0]
    ^-- System thread pool [active=0, idle=16, qSize=0]
    ^-- Outbound messages queue [size=0]
[14:14:31,256][INFO][grid-timeout-worker-#37%null%][IgniteKernal] 
Metrics for local node (to disable set 'metricsLogFrequency' to 0)
    ^-- Node [id=03bea0d7, name=null, uptime=00:19:00:179]
    ^-- H/N/C [hosts=1, nodes=1, CPUs=4]
    ^-- CPU [cur=0.23%, avg=26.33%, GC=0%]
    ^-- Heap [used=366MB, free=62.07%, comm=965MB]
    ^-- Non heap [used=49MB, free=96.72%, comm=52MB]
    ^-- Public thread pool [active=0, idle=16, qSize=0]
    ^-- System thread pool [active=0, idle=16, qSize=0]
    ^-- Outbound messages queue [size=0]
[14:15:31,257][INFO][grid-timeout-worker-#37%null%][IgniteKernal] 
Metrics for local node (to disable set 'metricsLogFrequency' to 0)
    ^-- Node [id=03bea0d7, name=null, uptime=00:20:00:184]
    ^-- H/N/C [hosts=1, nodes=1, CPUs=4]
    ^-- CPU [cur=0.23%, avg=24.88%, GC=0%]
    ^-- Heap [used=369MB, free=61.75%, comm=965MB]
    ^-- Non heap [used=49MB, free=96.72%, comm=52MB]
    ^-- Public thread pool [active=0, idle=16, qSize=0]
    ^-- System thread pool [active=0, idle=16, qSize=0]
    ^-- Outbound messages queue [size=0]
[14:16:31,265][INFO][grid-timeout-worker-#37%null%][IgniteKernal] 
Metrics for local node (to disable set 'metricsLogFrequency' to 0)
    ^-- Node [id=03bea0d7, name=null, uptime=00:21:00:192]
    ^-- H/N/C [hosts=1, nodes=1, CPUs=4]
    ^-- CPU [cur=0.33%, avg=23.67%, GC=0%]
    ^-- Heap [used=372MB, free=61.42%, comm=965MB]
    ^-- Non heap [used=49MB, free=96.72%, comm=52MB]
    ^-- Public thread pool [active=0, idle=16, qSize=0]
    ^-- System thread pool [active=0, idle=16, qSize=0]
    ^-- Outbound messages queue [size=0]
[14:17:31,265][INFO][grid-timeout-worker-#37%null%][IgniteKernal] 
Metrics for local node (to disable set 'metricsLogFrequency' to 0)
    ^-- Node [id=03bea0d7, name=null, uptime=00:22:00:192]
    ^-- H/N/C [hosts=1, nodes=1, CPUs=4]
    ^-- CPU [cur=0.33%, avg=22.5%, GC=0%]
    ^-- Heap [used=375MB, free=61.09%, comm=965MB]
    ^-- Non heap [used=49MB, free=96.72%, comm=52MB]
    ^-- Public thread pool [active=0, idle=16, qSize=0]
    ^-- System thread pool [active=0, idle=16, qSize=0]
    ^-- Outbound messages queue [size=0]
[14:18:31,271][INFO][grid-timeout-worker-#37%null%][IgniteKernal] 
Metrics for local node (to disable set 'metricsLogFrequency' to 0)
    ^-- Node [id=03bea0d7, name=null, uptime=00:23:00:198]
    ^-- H/N/C [hosts=1, nodes=1, CPUs=4]
    ^-- CPU [cur=0.23%, avg=21.44%, GC=0%]
    ^-- Heap [used=378MB, free=60.77%, comm=965MB]
    ^-- Non heap [used=49MB, free=96.73%, comm=52MB]
    ^-- Public thread pool [active=0, idle=16, qSize=0]
    ^-- System thread pool [active=0, idle=16, qSize=0]
    ^-- Outbound messages queue [size=0]
[14:19:31,272][INFO][grid-timeout-worker-#37%null%][IgniteKernal] 
Metrics for local node (to disable set 'metricsLogFrequency' to 0)
    ^-- Node [id=03bea0d7, name=null, uptime=00:24:00:199]
    ^-- H/N/C [hosts=1, nodes=1, CPUs=4]
    ^-- CPU [cur=0.23%, avg=20.51%, GC=0%]
    ^-- Heap [used=381MB, free=60.44%, comm=965MB]
    ^-- Non heap [used=49MB, free=96.72%, comm=52MB]
    ^-- Public thread pool [active=0, idle=16, qSize=0]
    ^-- System thread pool [active=0, idle=16, qSize=0]
    ^-- Outbound messages queue [size=0]
[14:20:31,273][INFO][grid-timeout-worker-#37%null%][IgniteKernal] 
Metrics for local node (to disable set 'metricsLogFrequency' to 0)
    ^-- Node [id=03bea0d7, name=null, uptime=00:25:00:199]
    ^-- H/N/C [hosts=1, nodes=1, CPUs=4]
    ^-- CPU [cur=0.33%, avg=19.63%, GC=0%]
    ^-- Heap [used=385MB, free=60.11%, comm=965MB]
    ^-- Non heap [used=49MB, free=96.72%, comm=52MB]
    ^-- Public thread pool [active=0, idle=16, qSize=0]
    ^-- System thread pool [active=0, idle=16, qSize=0]
    ^-- Outbound messages queue [size=0]
[14:21:31,275][INFO][grid-timeout-worker-#37%null%][IgniteKernal] 
Metrics for local node (to disable set 'metricsLogFrequency' to 0)
    ^-- Node [id=03bea0d7, name=null, uptime=00:26:00:202]
    ^-- H/N/C [hosts=1, nodes=1, CPUs=4]
    ^-- CPU [cur=0.27%, avg=18.84%, GC=0%]
    ^-- Heap [used=388MB, free=59.79%, comm=965MB]
    ^-- Non heap [used=49MB, free=96.72%, comm=52MB]
    ^-- Public thread pool [active=0, idle=16, qSize=0]
    ^-- System thread pool [active=0, idle=16, qSize=0]
    ^-- Outbound messages queue [size=0]
[14:22:31,281][INFO][grid-timeout-worker-#37%null%][IgniteKernal] 
Metrics for local node (to disable set 'metricsLogFrequency' to 0)
    ^-- Node [id=03bea0d7, name=null, uptime=00:27:00:207]
    ^-- H/N/C [hosts=1, nodes=1, CPUs=4]
    ^-- CPU [cur=0.33%, avg=18.17%, GC=0%]
    ^-- Heap [used=391MB, free=59.46%, comm=965MB]
    ^-- Non heap [used=49MB, free=96.72%, comm=52MB]
    ^-- Public thread pool [active=0, idle=16, qSize=0]
    ^-- System thread pool [active=0, idle=16, qSize=0]
    ^-- Outbound messages queue [size=0]
[14:23:31,283][INFO][grid-timeout-worker-#37%null%][IgniteKernal] 
Metrics for local node (to disable set 'metricsLogFrequency' to 0)
    ^-- Node [id=03bea0d7, name=null, uptime=00:28:00:209]
    ^-- H/N/C [hosts=1, nodes=1, CPUs=4]
    ^-- CPU [cur=0.23%, avg=17.5%, GC=0%]
    ^-- Heap [used=394MB, free=59.13%, comm=965MB]
    ^-- Non heap [used=49MB, free=96.72%, comm=52MB]
    ^-- Public thread pool [active=0, idle=16, qSize=0]
    ^-- System thread pool [active=0, idle=16, qSize=0]
    ^-- Outbound messages queue [size=0]
[14:24:31,290][INFO][grid-timeout-worker-#37%null%][IgniteKernal] 
Metrics for local node (to disable set 'metricsLogFrequency' to 0)
    ^-- Node [id=03bea0d7, name=null, uptime=00:29:00:217]
    ^-- H/N/C [hosts=1, nodes=1, CPUs=4]
    ^-- CPU [cur=0.17%, avg=16.85%, GC=0%]
    ^-- Heap [used=397MB, free=58.81%, comm=965MB]
    ^-- Non heap [used=49MB, free=96.72%, comm=52MB]
    ^-- Public thread pool [active=0, idle=16, qSize=0]
    ^-- System thread pool [active=0, idle=16, qSize=0]
    ^-- Outbound messages queue [size=0]
[14:25:31,299][INFO][grid-timeout-worker-#37%null%][IgniteKernal] 
Metrics for local node (to disable set 'metricsLogFrequency' to 0)
    ^-- Node [id=03bea0d7, name=null, uptime=00:30:00:222]
    ^-- H/N/C [hosts=1, nodes=1, CPUs=4]
    ^-- CPU [cur=0.27%, avg=16.28%, GC=0%]
    ^-- Heap [used=400MB, free=58.48%, comm=965MB]
    ^-- Non heap [used=49MB, free=96.72%, comm=52MB]
    ^-- Public thread pool [active=0, idle=16, qSize=0]
    ^-- System thread pool [active=0, idle=16, qSize=0]
    ^-- Outbound messages queue [size=0]
[14:26:31,295][INFO][grid-timeout-worker-#37%null%][IgniteKernal] 
Metrics for local node (to disable set 'metricsLogFrequency' to 0)
    ^-- Node [id=03bea0d7, name=null, uptime=00:31:00:224]
    ^-- H/N/C [hosts=1, nodes=1, CPUs=4]
    ^-- CPU [cur=0.27%, avg=15.74%, GC=0%]
    ^-- Heap [used=403MB, free=58.16%, comm=965MB]
    ^-- Non heap [used=49MB, free=96.72%, comm=52MB]
    ^-- Public thread pool [active=0, idle=16, qSize=0]
    ^-- System thread pool [active=0, idle=16, qSize=0]
    ^-- Outbound messages queue [size=0]
[14:27:31,304][INFO][grid-timeout-worker-#37%null%][IgniteKernal] 
Metrics for local node (to disable set 'metricsLogFrequency' to 0)
    ^-- Node [id=03bea0d7, name=null, uptime=00:32:00:230]
    ^-- H/N/C [hosts=1, nodes=1, CPUs=4]
    ^-- CPU [cur=0.27%, avg=15.27%, GC=0%]
    ^-- Heap [used=407MB, free=57.83%, comm=965MB]
    ^-- Non heap [used=49MB, free=96.72%, comm=52MB]
    ^-- Public thread pool [active=0, idle=16, qSize=0]
    ^-- System thread pool [active=0, idle=16, qSize=0]
    ^-- Outbound messages queue [size=0]
[14:28:31,311][INFO][grid-timeout-worker-#37%null%][IgniteKernal] 
Metrics for local node (to disable set 'metricsLogFrequency' to 0)
    ^-- Node [id=03bea0d7, name=null, uptime=00:33:00:233]
    ^-- H/N/C [hosts=1, nodes=1, CPUs=4]
    ^-- CPU [cur=0.33%, avg=14.78%, GC=0%]
    ^-- Heap [used=410MB, free=57.51%, comm=965MB]
    ^-- Non heap [used=49MB, free=96.72%, comm=52MB]
    ^-- Public thread pool [active=0, idle=16, qSize=0]
    ^-- System thread pool [active=0, idle=16, qSize=0]
    ^-- Outbound messages queue [size=0]
[14:29:31,307][INFO][grid-timeout-worker-#37%null%][IgniteKernal] 
Metrics for local node (to disable set 'metricsLogFrequency' to 0)
    ^-- Node [id=03bea0d7, name=null, uptime=00:34:00:235]
    ^-- H/N/C [hosts=1, nodes=1, CPUs=4]
    ^-- CPU [cur=0.33%, avg=14.33%, GC=0%]
    ^-- Heap [used=413MB, free=57.18%, comm=965MB]
    ^-- Non heap [used=49MB, free=96.72%, comm=52MB]
    ^-- Public thread pool [active=0, idle=16, qSize=0]
    ^-- System thread pool [active=0, idle=16, qSize=0]
    ^-- Outbound messages queue [size=0]
[14:30:31,314][INFO][grid-timeout-worker-#37%null%][IgniteKernal] 
Metrics for local node (to disable set 'metricsLogFrequency' to 0)
    ^-- Node [id=03bea0d7, name=null, uptime=00:35:00:239]
    ^-- H/N/C [hosts=1, nodes=1, CPUs=4]
    ^-- CPU [cur=0.17%, avg=13.92%, GC=0%]
    ^-- Heap [used=416MB, free=56.85%, comm=965MB]
    ^-- Non heap [used=49MB, free=96.72%, comm=52MB]
    ^-- Public thread pool [active=0, idle=16, qSize=0]
    ^-- System thread pool [active=0, idle=16, qSize=0]
    ^-- Outbound messages queue [size=0]
[14:31:31,319][INFO][grid-timeout-worker-#37%null%][IgniteKernal] 
Metrics for local node (to disable set 'metricsLogFrequency' to 0)
    ^-- Node [id=03bea0d7, name=null, uptime=00:36:00:246]
    ^-- H/N/C [hosts=1, nodes=1, CPUs=4]
    ^-- CPU [cur=0.23%, avg=13.52%, GC=0%]
    ^-- Heap [used=419MB, free=56.53%, comm=965MB]
    ^-- Non heap [used=49MB, free=96.72%, comm=52MB]
    ^-- Public thread pool [active=0, idle=16, qSize=0]
    ^-- System thread pool [active=0, idle=16, qSize=0]
    ^-- Outbound messages queue [size=0]
[14:32:31,328][INFO][grid-timeout-worker-#37%null%][IgniteKernal] 
Metrics for local node (to disable set 'metricsLogFrequency' to 0)
    ^-- Node [id=03bea0d7, name=null, uptime=00:37:00:250]
    ^-- H/N/C [hosts=1, nodes=1, CPUs=4]
    ^-- CPU [cur=0.27%, avg=13.14%, GC=0%]
    ^-- Heap [used=422MB, free=56.2%, comm=965MB]
    ^-- Non heap [used=49MB, free=96.72%, comm=52MB]
    ^-- Public thread pool [active=0, idle=16, qSize=0]
    ^-- System thread pool [active=0, idle=16, qSize=0]
    ^-- Outbound messages queue [size=0]
[14:33:31,331][INFO][grid-timeout-worker-#37%null%][IgniteKernal] 
Metrics for local node (to disable set 'metricsLogFrequency' to 0)
    ^-- Node [id=03bea0d7, name=null, uptime=00:38:00:259]
    ^-- H/N/C [hosts=1, nodes=1, CPUs=4]
    ^-- CPU [cur=0.23%, avg=12.8%, GC=0%]
    ^-- Heap [used=426MB, free=55.88%, comm=965MB]
    ^-- Non heap [used=49MB, free=96.72%, comm=52MB]
    ^-- Public thread pool [active=0, idle=16, qSize=0]
    ^-- System thread pool [active=0, idle=16, qSize=0]
    ^-- Outbound messages queue [size=0]
[14:34:31,336][INFO][grid-timeout-worker-#37%null%][IgniteKernal] 
Metrics for local node (to disable set 'metricsLogFrequency' to 0)
    ^-- Node [id=03bea0d7, name=null, uptime=00:39:00:259]
    ^-- H/N/C [hosts=1, nodes=1, CPUs=4]
    ^-- CPU [cur=0.23%, avg=12.49%, GC=0%]
    ^-- Heap [used=429MB, free=55.55%, comm=965MB]
    ^-- Non heap [used=49MB, free=96.72%, comm=52MB]
    ^-- Public thread pool [active=0, idle=16, qSize=0]
    ^-- System thread pool [active=0, idle=16, qSize=0]
    ^-- Outbound messages queue [size=0]
[14:35:31,340][INFO][grid-timeout-worker-#37%null%][IgniteKernal] 
Metrics for local node (to disable set 'metricsLogFrequency' to 0)
    ^-- Node [id=03bea0d7, name=null, uptime=00:40:00:268]
    ^-- H/N/C [hosts=1, nodes=1, CPUs=4]
    ^-- CPU [cur=0.33%, avg=12.18%, GC=0%]
    ^-- Heap [used=432MB, free=55.22%, comm=965MB]
    ^-- Non heap [used=49MB, free=96.72%, comm=52MB]
    ^-- Public thread pool [active=0, idle=16, qSize=0]
    ^-- System thread pool [active=0, idle=16, qSize=0]
    ^-- Outbound messages queue [size=0]
[14:36:31,350][INFO][grid-timeout-worker-#37%null%][IgniteKernal] 
Metrics for local node (to disable set 'metricsLogFrequency' to 0)
    ^-- Node [id=03bea0d7, name=null, uptime=00:41:00:277]
    ^-- H/N/C [hosts=1, nodes=1, CPUs=4]
    ^-- CPU [cur=0.27%, avg=11.87%, GC=0%]
    ^-- Heap [used=435MB, free=54.94%, comm=965MB]
    ^-- Non heap [used=49MB, free=96.72%, comm=52MB]
    ^-- Public thread pool [active=0, idle=16, qSize=0]
    ^-- System thread pool [active=0, idle=16, qSize=0]
    ^-- Outbound messages queue [size=0]
[14:37:31,358][INFO][grid-timeout-worker-#37%null%][IgniteKernal] 
Metrics for local node (to disable set 'metricsLogFrequency' to 0)
    ^-- Node [id=03bea0d7, name=null, uptime=00:42:00:280]
    ^-- H/N/C [hosts=1, nodes=1, CPUs=4]
    ^-- CPU [cur=0.23%, avg=11.58%, GC=0%]
    ^-- Heap [used=437MB, free=54.64%, comm=965MB]
    ^-- Non heap [used=50MB, free=96.7%, comm=52MB]
    ^-- Public thread pool [active=0, idle=16, qSize=0]
    ^-- System thread pool [active=0, idle=16, qSize=0]
    ^-- Outbound messages queue [size=0]
[14:38:31,357][INFO][grid-timeout-worker-#37%null%][IgniteKernal] 
Metrics for local node (to disable set 'metricsLogFrequency' to 0)
    ^-- Node [id=03bea0d7, name=null, uptime=00:43:00:281]
    ^-- H/N/C [hosts=1, nodes=1, CPUs=4]
    ^-- CPU [cur=0.27%, avg=11.34%, GC=0%]
    ^-- Heap [used=440MB, free=54.35%, comm=965MB]
    ^-- Non heap [used=50MB, free=96.7%, comm=52MB]
    ^-- Public thread pool [active=0, idle=16, qSize=0]
    ^-- System thread pool [active=0, idle=16, qSize=0]
    ^-- Outbound messages queue [size=0]
[14:39:31,360][INFO][grid-timeout-worker-#37%null%][IgniteKernal] 
Metrics for local node (to disable set 'metricsLogFrequency' to 0)
    ^-- Node [id=03bea0d7, name=null, uptime=00:44:00:287]
    ^-- H/N/C [hosts=1, nodes=1, CPUs=4]
    ^-- CPU [cur=0.23%, avg=11.09%, GC=0%]
    ^-- Heap [used=443MB, free=54.06%, comm=965MB]
    ^-- Non heap [used=50MB, free=96.7%, comm=52MB]
    ^-- Public thread pool [active=0, idle=16, qSize=0]
    ^-- System thread pool [active=0, idle=16, qSize=0]
    ^-- Outbound messages queue [size=0]
[14:39:41,247][INFO][disco-event-worker-#52%null%][GridDiscoveryManager] Added new node to topology: TcpDiscoveryNode [id=7e67d7f1-b112-4e8f-a8cd-7558aa9d9a00, addrs=[0:0:0:0:0:0:0:1%lo, 127.0.0.1, 129.215.2.96], sockAddrs=[/0:0:0:0:0:0:0:1%lo:0, /127.0.0.1:0, ceilingcat.inf.ed.ac.uk/129.215.2.96:0], discPort=0, order=12, intOrder=7, lastExchangeTime=1478788781229, loc=false, ver=1.7.0#20160801-sha1:383273e3, isClient=true]
[14:39:41,247][INFO][disco-event-worker-#52%null%][GridDiscoveryManager] Topology snapshot [ver=12, servers=1, clients=1, CPUs=4, heap=2.7GB]
[14:39:41,252][INFO][exchange-worker-#55%null%][GridCachePartitionExchangeManager] Skipping rebalancing (nothing scheduled) [top=AffinityTopologyVersion [topVer=12, minorTopVer=0], evt=NODE_JOINED, node=7e67d7f1-b112-4e8f-a8cd-7558aa9d9a00]
[14:39:41,819][INFO][exchange-worker-#55%null%][GridCachePartitionExchangeManager] Skipping rebalancing (nothing scheduled) [top=AffinityTopologyVersion [topVer=12, minorTopVer=1], evt=DISCOVERY_CUSTOM_EVT, node=7e67d7f1-b112-4e8f-a8cd-7558aa9d9a00]
[14:39:42,041][INFO][pub-#10%null%][GridDeploymentPerVersionStore] Class was deployed in SHARED or CONTINUOUS mode: class partB.StreamWords$StreamingExampleCacheEntryProcessor
[14:39:58,971][INFO][disco-event-worker-#52%null%][GridDiscoveryManager] Added new node to topology: TcpDiscoveryNode [id=1613ef85-d00d-44c0-b875-b8ef13cf2970, addrs=[0:0:0:0:0:0:0:1%lo, 127.0.0.1, 129.215.2.96], sockAddrs=[/0:0:0:0:0:0:0:1%lo:0, /127.0.0.1:0, ceilingcat.inf.ed.ac.uk/129.215.2.96:0], discPort=0, order=13, intOrder=8, lastExchangeTime=1478788798674, loc=false, ver=1.7.0#20160801-sha1:383273e3, isClient=true]
[14:39:58,972][INFO][disco-event-worker-#52%null%][GridDiscoveryManager] Topology snapshot [ver=13, servers=1, clients=2, CPUs=4, heap=4.4GB]
[14:39:59,060][INFO][exchange-worker-#55%null%][GridCachePartitionExchangeManager] Skipping rebalancing (nothing scheduled) [top=AffinityTopologyVersion [topVer=13, minorTopVer=0], evt=NODE_JOINED, node=1613ef85-d00d-44c0-b875-b8ef13cf2970]
[14:40:00,642][INFO][exchange-worker-#55%null%][GridCachePartitionExchangeManager] Skipping rebalancing (nothing scheduled) [top=AffinityTopologyVersion [topVer=13, minorTopVer=1], evt=DISCOVERY_CUSTOM_EVT, node=1613ef85-d00d-44c0-b875-b8ef13cf2970]
[14:40:06,041][INFO][disco-event-worker-#52%null%][GridDiscoveryManager] Node left topology: TcpDiscoveryNode [id=1613ef85-d00d-44c0-b875-b8ef13cf2970, addrs=[0:0:0:0:0:0:0:1%lo, 127.0.0.1, 129.215.2.96], sockAddrs=[/0:0:0:0:0:0:0:1%lo:0, /127.0.0.1:0, ceilingcat.inf.ed.ac.uk/129.215.2.96:0], discPort=0, order=13, intOrder=8, lastExchangeTime=1478788798674, loc=false, ver=1.7.0#20160801-sha1:383273e3, isClient=true]
[14:40:06,042][INFO][disco-event-worker-#52%null%][GridDiscoveryManager] Topology snapshot [ver=14, servers=1, clients=1, CPUs=4, heap=2.7GB]
[14:40:06,111][INFO][exchange-worker-#55%null%][GridCachePartitionExchangeManager] Skipping rebalancing (nothing scheduled) [top=AffinityTopologyVersion [topVer=14, minorTopVer=0], evt=NODE_LEFT, node=1613ef85-d00d-44c0-b875-b8ef13cf2970]
[14:40:31,368][INFO][grid-timeout-worker-#37%null%][IgniteKernal] 
Metrics for local node (to disable set 'metricsLogFrequency' to 0)
    ^-- Node [id=03bea0d7, name=null, uptime=00:45:00:296]
    ^-- H/N/C [hosts=1, nodes=2, CPUs=4]
    ^-- CPU [cur=88.93%, avg=12.18%, GC=4.1%]
    ^-- Heap [used=722MB, free=25.16%, comm=965MB]
    ^-- Non heap [used=50MB, free=96.66%, comm=52MB]
    ^-- Public thread pool [active=5, idle=11, qSize=0]
    ^-- System thread pool [active=0, idle=16, qSize=0]
    ^-- Outbound messages queue [size=0]
[14:40:51,341][WARNING][ipc-shmem-gc-#38%null%][IpcSharedMemoryClientEndpoint] Remote process is considered to be dead (shared memory space will be forcibly closed): 28896
[14:40:51,341][WARNING][Thread-8][IpcSharedMemoryClientEndpoint] Remote process is considered to be dead (shared memory space will be forcibly closed): 28896
[14:40:57,104][WARNING][disco-event-worker-#52%null%][GridDiscoveryManager] Node FAILED: TcpDiscoveryNode [id=7e67d7f1-b112-4e8f-a8cd-7558aa9d9a00, addrs=[0:0:0:0:0:0:0:1%lo, 127.0.0.1, 129.215.2.96], sockAddrs=[/0:0:0:0:0:0:0:1%lo:0, /127.0.0.1:0, ceilingcat.inf.ed.ac.uk/129.215.2.96:0], discPort=0, order=12, intOrder=7, lastExchangeTime=1478788781229, loc=false, ver=1.7.0#20160801-sha1:383273e3, isClient=true]
[14:40:57,105][INFO][disco-event-worker-#52%null%][GridDiscoveryManager] Topology snapshot [ver=15, servers=1, clients=0, CPUs=4, heap=1.0GB]
[14:40:57,105][INFO][disco-event-worker-#52%null%][GridDeploymentPerVersionStore] Class was undeployed in SHARED or CONTINUOUS mode [cls=class partB.StreamWords$StreamingExampleCacheEntryProcessor, alias=partB.StreamWords$StreamingExampleCacheEntryProcessor]
[14:40:57,109][INFO][exchange-worker-#55%null%][GridCachePartitionExchangeManager] Skipping rebalancing (nothing scheduled) [top=AffinityTopologyVersion [topVer=15, minorTopVer=0], evt=NODE_FAILED, node=7e67d7f1-b112-4e8f-a8cd-7558aa9d9a00]
[14:40:58,700][INFO][disco-event-worker-#52%null%][GridDiscoveryManager] Added new node to topology: TcpDiscoveryNode [id=0b335a15-f84c-4077-9488-da5a989f3ed1, addrs=[0:0:0:0:0:0:0:1%lo, 127.0.0.1, 129.215.2.96], sockAddrs=[/0:0:0:0:0:0:0:1%lo:0, /127.0.0.1:0, ceilingcat.inf.ed.ac.uk/129.215.2.96:0], discPort=0, order=16, intOrder=9, lastExchangeTime=1478788858676, loc=false, ver=1.7.0#20160801-sha1:383273e3, isClient=true]
[14:40:58,700][INFO][disco-event-worker-#52%null%][GridDiscoveryManager] Topology snapshot [ver=16, servers=1, clients=1, CPUs=4, heap=2.7GB]
[14:40:58,704][INFO][exchange-worker-#55%null%][GridCachePartitionExchangeManager] Skipping rebalancing (nothing scheduled) [top=AffinityTopologyVersion [topVer=16, minorTopVer=0], evt=NODE_JOINED, node=0b335a15-f84c-4077-9488-da5a989f3ed1]
[14:40:59,271][INFO][exchange-worker-#55%null%][GridCachePartitionExchangeManager] Skipping rebalancing (nothing scheduled) [top=AffinityTopologyVersion [topVer=16, minorTopVer=1], evt=DISCOVERY_CUSTOM_EVT, node=0b335a15-f84c-4077-9488-da5a989f3ed1]
[14:40:59,471][INFO][pub-#1%null%][GridDeploymentPerVersionStore] Class was deployed in SHARED or CONTINUOUS mode: class partB.StreamWords$StreamingExampleCacheEntryProcessor
[14:41:31,484][INFO][grid-timeout-worker-#37%null%][IgniteKernal] 
Metrics for local node (to disable set 'metricsLogFrequency' to 0)
    ^-- Node [id=03bea0d7, name=null, uptime=00:46:00:407]
    ^-- H/N/C [hosts=1, nodes=2, CPUs=4]
    ^-- CPU [cur=89%, avg=13.19%, GC=3.4%]
    ^-- Heap [used=521MB, free=46.12%, comm=968MB]
    ^-- Non heap [used=51MB, free=96.63%, comm=52MB]
    ^-- Public thread pool [active=16, idle=0, qSize=0]
    ^-- System thread pool [active=0, idle=16, qSize=0]
    ^-- Outbound messages queue [size=0]
[14:41:40,003][INFO][disco-event-worker-#52%null%][GridDiscoveryManager] Added new node to topology: TcpDiscoveryNode [id=10680e00-e281-4626-949f-e1087a4e3dc6, addrs=[0:0:0:0:0:0:0:1%lo, 127.0.0.1, 129.215.2.96], sockAddrs=[/0:0:0:0:0:0:0:1%lo:0, /127.0.0.1:0, ceilingcat.inf.ed.ac.uk/129.215.2.96:0], discPort=0, order=17, intOrder=10, lastExchangeTime=1478788899961, loc=false, ver=1.7.0#20160801-sha1:383273e3, isClient=true]
[14:41:40,004][INFO][disco-event-worker-#52%null%][GridDiscoveryManager] Topology snapshot [ver=17, servers=1, clients=2, CPUs=4, heap=4.4GB]
[14:41:40,039][INFO][exchange-worker-#55%null%][GridCachePartitionExchangeManager] Skipping rebalancing (nothing scheduled) [top=AffinityTopologyVersion [topVer=17, minorTopVer=0], evt=NODE_JOINED, node=10680e00-e281-4626-949f-e1087a4e3dc6]
[14:41:41,613][INFO][exchange-worker-#55%null%][GridCachePartitionExchangeManager] Skipping rebalancing (nothing scheduled) [top=AffinityTopologyVersion [topVer=17, minorTopVer=1], evt=DISCOVERY_CUSTOM_EVT, node=10680e00-e281-4626-949f-e1087a4e3dc6]
[14:42:31,488][INFO][grid-timeout-worker-#37%null%][IgniteKernal] 
Metrics for local node (to disable set 'metricsLogFrequency' to 0)
    ^-- Node [id=03bea0d7, name=null, uptime=00:47:00:414]
    ^-- H/N/C [hosts=1, nodes=3, CPUs=4]
    ^-- CPU [cur=90%, avg=14.77%, GC=3.4%]
    ^-- Heap [used=779MB, free=19.51%, comm=968MB]
    ^-- Non heap [used=51MB, free=96.64%, comm=53MB]
    ^-- Public thread pool [active=15, idle=1, qSize=0]
    ^-- System thread pool [active=0, idle=16, qSize=0]
    ^-- Outbound messages queue [size=0]
[14:43:09,392][INFO][disco-event-worker-#52%null%][GridDiscoveryManager] Node left topology: TcpDiscoveryNode [id=10680e00-e281-4626-949f-e1087a4e3dc6, addrs=[0:0:0:0:0:0:0:1%lo, 127.0.0.1, 129.215.2.96], sockAddrs=[/0:0:0:0:0:0:0:1%lo:0, /127.0.0.1:0, ceilingcat.inf.ed.ac.uk/129.215.2.96:0], discPort=0, order=17, intOrder=10, lastExchangeTime=1478788899961, loc=false, ver=1.7.0#20160801-sha1:383273e3, isClient=true]
[14:43:09,393][INFO][disco-event-worker-#52%null%][GridDiscoveryManager] Topology snapshot [ver=18, servers=1, clients=1, CPUs=4, heap=2.7GB]
[14:43:09,458][INFO][exchange-worker-#55%null%][GridCachePartitionExchangeManager] Skipping rebalancing (nothing scheduled) [top=AffinityTopologyVersion [topVer=18, minorTopVer=0], evt=NODE_LEFT, node=10680e00-e281-4626-949f-e1087a4e3dc6]
[14:43:31,493][INFO][grid-timeout-worker-#37%null%][IgniteKernal] 
Metrics for local node (to disable set 'metricsLogFrequency' to 0)
    ^-- Node [id=03bea0d7, name=null, uptime=00:48:00:422]
    ^-- H/N/C [hosts=1, nodes=2, CPUs=4]
    ^-- CPU [cur=90.23%, avg=16.06%, GC=3.6%]
    ^-- Heap [used=810MB, free=16.31%, comm=968MB]
    ^-- Non heap [used=51MB, free=96.62%, comm=53MB]
    ^-- Public thread pool [active=4, idle=12, qSize=0]
    ^-- System thread pool [active=0, idle=16, qSize=0]
    ^-- Outbound messages queue [size=0]
[14:44:32,018][INFO][grid-timeout-worker-#37%null%][IgniteKernal] 
Metrics for local node (to disable set 'metricsLogFrequency' to 0)
    ^-- Node [id=03bea0d7, name=null, uptime=00:49:00:940]
    ^-- H/N/C [hosts=1, nodes=2, CPUs=4]
    ^-- CPU [cur=89.9%, avg=17.56%, GC=3.4%]
    ^-- Heap [used=183MB, free=80.99%, comm=965MB]
    ^-- Non heap [used=51MB, free=96.61%, comm=53MB]
    ^-- Public thread pool [active=16, idle=0, qSize=0]
    ^-- System thread pool [active=0, idle=16, qSize=0]
    ^-- Outbound messages queue [size=0]
[14:45:32,021][INFO][grid-timeout-worker-#37%null%][IgniteKernal] 
Metrics for local node (to disable set 'metricsLogFrequency' to 0)
    ^-- Node [id=03bea0d7, name=null, uptime=00:50:00:946]
    ^-- H/N/C [hosts=1, nodes=2, CPUs=4]
    ^-- CPU [cur=93.43%, avg=18.98%, GC=4.33%]
    ^-- Heap [used=216MB, free=77.55%, comm=964MB]
    ^-- Non heap [used=51MB, free=96.61%, comm=53MB]
    ^-- Public thread pool [active=16, idle=0, qSize=0]
    ^-- System thread pool [active=0, idle=16, qSize=0]
    ^-- Outbound messages queue [size=0]
[14:46:32,023][INFO][grid-timeout-worker-#37%null%][IgniteKernal] 
Metrics for local node (to disable set 'metricsLogFrequency' to 0)
    ^-- Node [id=03bea0d7, name=null, uptime=00:51:00:951]
    ^-- H/N/C [hosts=1, nodes=2, CPUs=4]
    ^-- CPU [cur=90.33%, avg=20.25%, GC=3.23%]
    ^-- Heap [used=267MB, free=72.23%, comm=964MB]
    ^-- Non heap [used=51MB, free=96.61%, comm=53MB]
    ^-- Public thread pool [active=16, idle=0, qSize=0]
    ^-- System thread pool [active=0, idle=16, qSize=0]
    ^-- Outbound messages queue [size=0]
[14:47:32,065][INFO][grid-timeout-worker-#37%null%][IgniteKernal] 
Metrics for local node (to disable set 'metricsLogFrequency' to 0)
    ^-- Node [id=03bea0d7, name=null, uptime=00:52:00:992]
    ^-- H/N/C [hosts=1, nodes=2, CPUs=4]
    ^-- CPU [cur=92.5%, avg=21.54%, GC=6.67%]
    ^-- Heap [used=316MB, free=66.31%, comm=940MB]
    ^-- Non heap [used=51MB, free=96.61%, comm=53MB]
    ^-- Public thread pool [active=8, idle=8, qSize=0]
    ^-- System thread pool [active=0, idle=16, qSize=0]
    ^-- Outbound messages queue [size=0]
[14:48:32,147][INFO][grid-timeout-worker-#37%null%][IgniteKernal] 
Metrics for local node (to disable set 'metricsLogFrequency' to 0)
    ^-- Node [id=03bea0d7, name=null, uptime=00:53:01:070]
    ^-- H/N/C [hosts=1, nodes=2, CPUs=4]
    ^-- CPU [cur=90.23%, avg=22.79%, GC=4.1%]
    ^-- Heap [used=278MB, free=71.14%, comm=965MB]
    ^-- Non heap [used=51MB, free=96.63%, comm=53MB]
    ^-- Public thread pool [active=7, idle=9, qSize=0]
    ^-- System thread pool [active=0, idle=16, qSize=0]
    ^-- Outbound messages queue [size=0]
[14:49:32,147][INFO][grid-timeout-worker-#37%null%][IgniteKernal] 
Metrics for local node (to disable set 'metricsLogFrequency' to 0)
    ^-- Node [id=03bea0d7, name=null, uptime=00:54:01:074]
    ^-- H/N/C [hosts=1, nodes=2, CPUs=4]
    ^-- CPU [cur=86.93%, avg=24.01%, GC=4.07%]
    ^-- Heap [used=375MB, free=60.88%, comm=959MB]
    ^-- Non heap [used=51MB, free=96.63%, comm=53MB]
    ^-- Public thread pool [active=11, idle=5, qSize=0]
    ^-- System thread pool [active=0, idle=16, qSize=0]
    ^-- Outbound messages queue [size=0]
[14:50:32,153][INFO][grid-timeout-worker-#37%null%][IgniteKernal] 
Metrics for local node (to disable set 'metricsLogFrequency' to 0)
    ^-- Node [id=03bea0d7, name=null, uptime=00:55:01:082]
    ^-- H/N/C [hosts=1, nodes=2, CPUs=4]
    ^-- CPU [cur=90.83%, avg=25.09%, GC=6.4%]
    ^-- Heap [used=492MB, free=48.28%, comm=952MB]
    ^-- Non heap [used=51MB, free=96.63%, comm=53MB]
    ^-- Public thread pool [active=8, idle=8, qSize=0]
    ^-- System thread pool [active=0, idle=16, qSize=0]
    ^-- Outbound messages queue [size=0]
[14:51:32,163][INFO][grid-timeout-worker-#37%null%][IgniteKernal] 
Metrics for local node (to disable set 'metricsLogFrequency' to 0)
    ^-- Node [id=03bea0d7, name=null, uptime=00:56:01:091]
    ^-- H/N/C [hosts=1, nodes=2, CPUs=4]
    ^-- CPU [cur=100%, avg=26.09%, GC=6.83%]
    ^-- Heap [used=419MB, free=56.61%, comm=966MB]
    ^-- Non heap [used=51MB, free=96.63%, comm=53MB]
    ^-- Public thread pool [active=12, idle=4, qSize=0]
    ^-- System thread pool [active=0, idle=16, qSize=0]
    ^-- Outbound messages queue [size=0]
[14:52:32,172][INFO][grid-timeout-worker-#37%null%][IgniteKernal] 
Metrics for local node (to disable set 'metricsLogFrequency' to 0)
    ^-- Node [id=03bea0d7, name=null, uptime=00:57:01:093]
    ^-- H/N/C [hosts=1, nodes=2, CPUs=4]
    ^-- CPU [cur=92.27%, avg=27.04%, GC=4.3%]
    ^-- Heap [used=381MB, free=60.59%, comm=968MB]
    ^-- Non heap [used=51MB, free=96.63%, comm=53MB]
    ^-- Public thread pool [active=12, idle=4, qSize=0]
    ^-- System thread pool [active=0, idle=16, qSize=0]
    ^-- Outbound messages queue [size=0]
[14:53:32,176][INFO][grid-timeout-worker-#37%null%][IgniteKernal] 
Metrics for local node (to disable set 'metricsLogFrequency' to 0)
    ^-- Node [id=03bea0d7, name=null, uptime=00:58:01:097]
    ^-- H/N/C [hosts=1, nodes=2, CPUs=4]
    ^-- CPU [cur=78.33%, avg=28.15%, GC=7.1%]
    ^-- Heap [used=406MB, free=57.98%, comm=968MB]
    ^-- Non heap [used=51MB, free=96.63%, comm=53MB]
    ^-- Public thread pool [active=7, idle=9, qSize=0]
    ^-- System thread pool [active=0, idle=16, qSize=0]
    ^-- Outbound messages queue [size=0]
[14:54:32,172][INFO][grid-timeout-worker-#37%null%][IgniteKernal] 
Metrics for local node (to disable set 'metricsLogFrequency' to 0)
    ^-- Node [id=03bea0d7, name=null, uptime=00:59:01:099]
    ^-- H/N/C [hosts=1, nodes=2, CPUs=4]
    ^-- CPU [cur=87.5%, avg=29.1%, GC=3.47%]
    ^-- Heap [used=676MB, free=30.05%, comm=967MB]
    ^-- Non heap [used=51MB, free=96.63%, comm=53MB]
    ^-- Public thread pool [active=7, idle=9, qSize=0]
    ^-- System thread pool [active=0, idle=16, qSize=0]
    ^-- Outbound messages queue [size=0]
[14:55:32,183][INFO][grid-timeout-worker-#37%null%][IgniteKernal] 
Metrics for local node (to disable set 'metricsLogFrequency' to 0)
    ^-- Node [id=03bea0d7, name=null, uptime=01:00:01:107]
    ^-- H/N/C [hosts=1, nodes=2, CPUs=4]
    ^-- CPU [cur=77.5%, avg=30.05%, GC=3.7%]
    ^-- Heap [used=638MB, free=33.9%, comm=966MB]
    ^-- Non heap [used=51MB, free=96.64%, comm=53MB]
    ^-- Public thread pool [active=12, idle=4, qSize=0]
    ^-- System thread pool [active=0, idle=16, qSize=0]
    ^-- Outbound messages queue [size=0]
[14:55:58,428][INFO][disco-event-worker-#52%null%][GridDiscoveryManager] Node left topology: TcpDiscoveryNode [id=0b335a15-f84c-4077-9488-da5a989f3ed1, addrs=[0:0:0:0:0:0:0:1%lo, 127.0.0.1, 129.215.2.96], sockAddrs=[/0:0:0:0:0:0:0:1%lo:0, /127.0.0.1:0, ceilingcat.inf.ed.ac.uk/129.215.2.96:0], discPort=0, order=16, intOrder=9, lastExchangeTime=1478788858676, loc=false, ver=1.7.0#20160801-sha1:383273e3, isClient=true]
[14:55:58,428][INFO][disco-event-worker-#52%null%][GridDiscoveryManager] Topology snapshot [ver=19, servers=1, clients=0, CPUs=4, heap=1.0GB]
[14:55:58,428][INFO][disco-event-worker-#52%null%][GridDeploymentPerVersionStore] Class was undeployed in SHARED or CONTINUOUS mode [cls=class partB.StreamWords$StreamingExampleCacheEntryProcessor, alias=partB.StreamWords$StreamingExampleCacheEntryProcessor]
[14:55:58,436][INFO][exchange-worker-#55%null%][GridCachePartitionExchangeManager] Skipping rebalancing (nothing scheduled) [top=AffinityTopologyVersion [topVer=19, minorTopVer=0], evt=NODE_LEFT, node=0b335a15-f84c-4077-9488-da5a989f3ed1]
[14:56:04,496][WARNING][disco-event-worker-#52%null%][GridDiscoveryManager] Remote node has peer class loading enabled flag different from local [locId8=03bea0d7, locPeerClassLoading=true, rmtId8=9c3df22e, rmtPeerClassLoading=false, rmtAddrs=[ceilingcat.inf.ed.ac.uk/0:0:0:0:0:0:0:1%lo, /127.0.0.1, /129.215.2.96]]
[14:56:04,497][INFO][disco-event-worker-#52%null%][GridDiscoveryManager] Added new node to topology: TcpDiscoveryNode [id=9c3df22e-a525-4b33-bc3d-ddb562ec8f4d, addrs=[0:0:0:0:0:0:0:1%lo, 127.0.0.1, 129.215.2.96], sockAddrs=[/0:0:0:0:0:0:0:1%lo:0, /127.0.0.1:0, ceilingcat.inf.ed.ac.uk/129.215.2.96:0], discPort=0, order=20, intOrder=11, lastExchangeTime=1478789764465, loc=false, ver=1.7.0#20160801-sha1:383273e3, isClient=true]
[14:56:04,497][INFO][disco-event-worker-#52%null%][GridDiscoveryManager] Topology snapshot [ver=20, servers=1, clients=1, CPUs=4, heap=2.7GB]
[14:56:04,502][INFO][exchange-worker-#55%null%][GridCachePartitionExchangeManager] Skipping rebalancing (nothing scheduled) [top=AffinityTopologyVersion [topVer=20, minorTopVer=0], evt=NODE_JOINED, node=9c3df22e-a525-4b33-bc3d-ddb562ec8f4d]
[14:56:04,573][INFO][disco-event-worker-#52%null%][GridDiscoveryManager] Node left topology: TcpDiscoveryNode [id=9c3df22e-a525-4b33-bc3d-ddb562ec8f4d, addrs=[0:0:0:0:0:0:0:1%lo, 127.0.0.1, 129.215.2.96], sockAddrs=[/0:0:0:0:0:0:0:1%lo:0, /127.0.0.1:0, ceilingcat.inf.ed.ac.uk/129.215.2.96:0], discPort=0, order=20, intOrder=11, lastExchangeTime=1478789764465, loc=false, ver=1.7.0#20160801-sha1:383273e3, isClient=true]
[14:56:04,573][INFO][disco-event-worker-#52%null%][GridDiscoveryManager] Topology snapshot [ver=21, servers=1, clients=0, CPUs=4, heap=1.0GB]
[14:56:04,580][INFO][exchange-worker-#55%null%][GridCachePartitionExchangeManager] Skipping rebalancing (nothing scheduled) [top=AffinityTopologyVersion [topVer=21, minorTopVer=0], evt=NODE_LEFT, node=9c3df22e-a525-4b33-bc3d-ddb562ec8f4d]
[14:56:32,187][INFO][grid-timeout-worker-#37%null%][IgniteKernal] 
Metrics for local node (to disable set 'metricsLogFrequency' to 0)
    ^-- Node [id=03bea0d7, name=null, uptime=01:01:01:112]
    ^-- H/N/C [hosts=1, nodes=1, CPUs=4]
    ^-- CPU [cur=0.23%, avg=30.21%, GC=0%]
    ^-- Heap [used=267MB, free=71.7%, comm=945MB]
    ^-- Non heap [used=51MB, free=96.61%, comm=53MB]
    ^-- Public thread pool [active=0, idle=16, qSize=0]
    ^-- System thread pool [active=0, idle=16, qSize=0]
    ^-- Outbound messages queue [size=0]
[14:57:32,186][INFO][grid-timeout-worker-#37%null%][IgniteKernal] 
Metrics for local node (to disable set 'metricsLogFrequency' to 0)
    ^-- Node [id=03bea0d7, name=null, uptime=01:02:01:113]
    ^-- H/N/C [hosts=1, nodes=1, CPUs=4]
    ^-- CPU [cur=0.27%, avg=29.69%, GC=0%]
    ^-- Heap [used=270MB, free=71.41%, comm=945MB]
    ^-- Non heap [used=51MB, free=96.61%, comm=53MB]
    ^-- Public thread pool [active=0, idle=16, qSize=0]
    ^-- System thread pool [active=0, idle=16, qSize=0]
    ^-- Outbound messages queue [size=0]
[14:58:06,303][INFO][Thread-2][G] Invoking shutdown hook...
