[16:59:37,633][INFO][main][IgniteKernal] 

>>>    __________  ________________  
>>>   /  _/ ___/ |/ /  _/_  __/ __/  
>>>  _/ // (7 7    // /  / / / _/    
>>> /___/\___/_/|_/___/ /_/ /___/   
>>> 
>>> ver. 1.7.0#20160801-sha1:383273e3
>>> 2016 Copyright(C) Apache Software Foundation
>>> 
>>> Ignite documentation: http://ignite.apache.org

[16:59:37,637][INFO][main][IgniteKernal] Config URL: file:/afs/inf.ed.ac.uk/user/s16/s1626297/Desktop/ds/apache-ignite-fabric-1.7.0-bin/examples/config/example-ignite-no-discovery.xml
[16:59:37,638][INFO][main][IgniteKernal] Daemon mode: off
[16:59:37,638][INFO][main][IgniteKernal] OS: Linux 3.10.0-327.36.3.el7.x86_64 amd64
[16:59:37,638][INFO][main][IgniteKernal] OS user: s1626297
[16:59:37,639][INFO][main][IgniteKernal] Language runtime: Java Platform API Specification ver. 1.8
[16:59:37,639][INFO][main][IgniteKernal] VM information: Java(TM) SE Runtime Environment 1.8.0_91-b14 Oracle Corporation Java HotSpot(TM) 64-Bit Server VM 25.91-b14
[16:59:37,640][INFO][main][IgniteKernal] VM total memory: 0.48GB
[16:59:37,641][INFO][main][IgniteKernal] Remote Management [restart: off, REST: on, JMX (remote: off)]
[16:59:37,641][INFO][main][IgniteKernal] IGNITE_HOME=/afs/inf.ed.ac.uk/user/s16/s1626297/Desktop/ds/apache-ignite-fabric-1.7.0-bin
[16:59:37,641][INFO][main][IgniteKernal] VM arguments: [-Xms512m, -Xmx512m, -DIGNITE_PERFORMANCE_SUGGESTIONS_DISABLED=true]
[16:59:37,641][INFO][main][IgniteKernal] Configured caches ['ignite-marshaller-sys-cache', 'ignite-sys-cache', 'ignite-atomics-sys-cache']
[16:59:37,641][WARNING][main][IgniteKernal] Peer class loading is enabled (disable it in production for performance and deployment consistency reasons)
[16:59:37,669][INFO][main][IgniteKernal] 3-rd party licenses can be found at: /afs/inf.ed.ac.uk/user/s16/s1626297/Desktop/ds/apache-ignite-fabric-1.7.0-bin/libs/licenses
[16:59:37,777][INFO][main][IgniteKernal] Non-loopback local IPs: 129.215.2.60, fe80:0:0:0:ea39:35ff:fe48:4d89%em1
[16:59:37,777][INFO][main][IgniteKernal] Enabled local MACs: E83935484D89
[16:59:37,794][INFO][main][IgnitePluginProcessor] Configured plugins:
[16:59:37,795][INFO][main][IgnitePluginProcessor]   ^-- None
[16:59:37,795][INFO][main][IgnitePluginProcessor] 
[16:59:38,051][INFO][main][TcpCommunicationSpi] IPC shared memory server endpoint started [port=48104, tokDir=/afs/inf.ed.ac.uk/user/s16/s1626297/Desktop/ds/apache-ignite-fabric-1.7.0-bin/work/ipc/shmem/5704d105-dcbc-40fd-bc9f-fc871e956908-14562]
[16:59:38,051][INFO][main][TcpCommunicationSpi] Successfully bound shared memory communication to TCP port [port=48104, locHost=0.0.0.0/0.0.0.0]
[16:59:38,076][INFO][main][TcpCommunicationSpi] Successfully bound to TCP port [port=47104, locHost=0.0.0.0/0.0.0.0]
[16:59:38,180][WARNING][main][NoopCheckpointSpi] Checkpoints are disabled (to enable configure any GridCheckpointSpi implementation)
[16:59:38,216][WARNING][main][GridCollisionManager] Collision resolution is disabled (all jobs will be activated upon arrival).
[16:59:38,221][WARNING][main][NoopSwapSpaceSpi] Swap space is disabled. To enable use FileSwapSpaceSpi.
[16:59:38,223][INFO][main][IgniteKernal] Security status [authentication=off, tls/ssl=off]
[16:59:38,604][WARNING][main][IgniteH2Indexing] Serialization of Java objects in H2 was enabled.
[16:59:38,750][INFO][main][GridTcpRestProtocol] Command protocol successfully started [name=TCP binary, host=0.0.0.0/0.0.0.0, port=11215]
[16:59:39,542][INFO][main][GridCacheProcessor] Started cache [name=ignite-sys-cache, mode=REPLICATED]
[16:59:39,556][INFO][main][GridCacheProcessor] Started cache [name=ignite-atomics-sys-cache, mode=PARTITIONED]
[16:59:39,589][INFO][main][GridCacheProcessor] Started cache [name=ignite-marshaller-sys-cache, mode=REPLICATED]
[16:59:39,937][INFO][main][IgniteKernal] To start Console Management & Monitoring run ignitevisorcmd.{sh|bat}
[16:59:39,938][INFO][main][IgniteKernal] 
[16:59:39,940][INFO][main][IgniteKernal] 

>>> +----------------------------------------------------------------------+
>>> Ignite ver. 1.7.0#20160801-sha1:383273e3f66f702de2482466dce954d570a8ccf2
>>> +----------------------------------------------------------------------+
>>> OS name: Linux 3.10.0-327.36.3.el7.x86_64 amd64
>>> CPU(s): 4
>>> Heap: 0.5GB
>>> VM name: 14562@joly.inf.ed.ac.uk
>>> Local node [ID=5704D105-DCBC-40FD-BC9F-FC871E956908, order=4, clientMode=true]
>>> Local node addresses: [joly.inf.ed.ac.uk/0:0:0:0:0:0:0:1%lo, /127.0.0.1, /129.215.2.60]
>>> Local ports: TCP:11215 TCP:47104 TCP:48104 

[16:59:39,944][INFO][main][GridDiscoveryManager] Topology snapshot [ver=4, servers=1, clients=3, CPUs=4, heap=2.5GB]
[16:59:40,018][INFO][exchange-worker-#45%null%][GridCacheProcessor] Started cache [name=partC, mode=PARTITIONED]
[16:59:41,057][INFO][main][GridDeploymentLocalStore] Class locally deployed: class partC.StreamWords$1
[16:59:45,757][INFO][disco-event-worker-#42%null%][GridDiscoveryManager] Node left topology: TcpDiscoveryNode [id=8b0d6450-a17c-4987-93c7-c55d800832ba, addrs=[0:0:0:0:0:0:0:1%lo, 127.0.0.1, 129.215.2.60], sockAddrs=[/0:0:0:0:0:0:0:1%lo:0, /127.0.0.1:0, joly.inf.ed.ac.uk/129.215.2.60:0], discPort=0, order=2, intOrder=2, lastExchangeTime=1479315579084, loc=false, ver=1.7.0#20160801-sha1:383273e3, isClient=true]
[16:59:45,758][INFO][disco-event-worker-#42%null%][GridDiscoveryManager] Topology snapshot [ver=5, servers=1, clients=2, CPUs=4, heap=2.0GB]
[16:59:45,980][INFO][main][GridTcpRestProtocol] Command protocol successfully stopped: TCP binary
[16:59:45,994][INFO][main][GridCacheProcessor] Stopped cache: ignite-marshaller-sys-cache
[16:59:45,994][INFO][main][GridCacheProcessor] Stopped cache: ignite-sys-cache
[16:59:45,994][INFO][main][GridCacheProcessor] Stopped cache: ignite-atomics-sys-cache
[16:59:45,994][INFO][main][GridCacheProcessor] Stopped cache: partC
[16:59:45,997][INFO][main][GridDeploymentLocalStore] Removed undeployed class: GridDeployment [ts=1479315579816, depMode=SHARED, clsLdr=sun.misc.Launcher$AppClassLoader@73d16e93, clsLdrId=f56541e6851-5704d105-dcbc-40fd-bc9f-fc871e956908, userVer=0, loc=true, sampleClsName=org.apache.ignite.internal.processors.cache.distributed.dht.preloader.GridDhtPartitionFullMap, pendingUndeploy=false, undeployed=true, usage=0]
[16:59:46,018][INFO][main][IgniteKernal] 

>>> +---------------------------------------------------------------------------------+
>>> Ignite ver. 1.7.0#20160801-sha1:383273e3f66f702de2482466dce954d570a8ccf2 stopped OK
>>> +---------------------------------------------------------------------------------+
>>> Grid uptime: 00:00:06:093


