[19:27:24,110][INFO][main][IgniteKernal] 

>>>    __________  ________________  
>>>   /  _/ ___/ |/ /  _/_  __/ __/  
>>>  _/ // (7 7    // /  / / / _/    
>>> /___/\___/_/|_/___/ /_/ /___/   
>>> 
>>> ver. 1.7.0#20160801-sha1:383273e3
>>> 2016 Copyright(C) Apache Software Foundation
>>> 
>>> Ignite documentation: http://ignite.apache.org

[19:27:24,112][INFO][main][IgniteKernal] Config URL: file:/afs/inf.ed.ac.uk/user/s16/s1626297/Desktop/ds/apache-ignite-fabric-1.7.0-bin/examples/config/example-ignite.xml
[19:27:24,112][INFO][main][IgniteKernal] Daemon mode: off
[19:27:24,112][INFO][main][IgniteKernal] OS: Linux 3.10.0-327.36.3.el7.x86_64 amd64
[19:27:24,112][INFO][main][IgniteKernal] OS user: s1626297
[19:27:24,113][INFO][main][IgniteKernal] Language runtime: Java Platform API Specification ver. 1.8
[19:27:24,113][INFO][main][IgniteKernal] VM information: Java(TM) SE Runtime Environment 1.8.0_91-b14 Oracle Corporation Java HotSpot(TM) 64-Bit Server VM 25.91-b14
[19:27:24,114][INFO][main][IgniteKernal] VM total memory: 1.7GB
[19:27:24,114][INFO][main][IgniteKernal] Remote Management [restart: off, REST: on, JMX (remote: off)]
[19:27:24,114][INFO][main][IgniteKernal] IGNITE_HOME=/afs/inf.ed.ac.uk/user/s16/s1626297/Desktop/ds/apache-ignite-fabric-1.7.0-bin
[19:27:24,115][INFO][main][IgniteKernal] VM arguments: [-DIGNITE_HOME=/afs/inf.ed.ac.uk/user/s16/s1626297/Desktop/ds/apache-ignite-fabric-1.7.0-bin, -Didea.launcher.port=7539, -Didea.launcher.bin.path=/opt/idea-ce/bin, -Dfile.encoding=UTF-8]
[19:27:24,115][INFO][main][IgniteKernal] Configured caches ['ignite-marshaller-sys-cache', 'ignite-sys-cache', 'ignite-atomics-sys-cache']
[19:27:24,115][WARNING][main][IgniteKernal] Peer class loading is enabled (disable it in production for performance and deployment consistency reasons)
[19:27:24,122][INFO][main][IgniteKernal] 3-rd party licenses can be found at: /afs/inf.ed.ac.uk/user/s16/s1626297/Desktop/ds/apache-ignite-fabric-1.7.0-bin/libs/licenses
[19:27:24,124][WARNING][pub-#26%null%][GridDiagnostic] Initial heap size is 124MB (should be no less than 512MB, use -Xms512m -Xmx512m).
[19:27:24,172][INFO][main][IgniteKernal] Non-loopback local IPs: 129.215.3.58, fe80:0:0:0:ea39:35ff:fe47:8f2e%em1
[19:27:24,172][INFO][main][IgniteKernal] Enabled local MACs: E83935478F2E
[19:27:24,189][INFO][main][IgnitePluginProcessor] Configured plugins:
[19:27:24,189][INFO][main][IgnitePluginProcessor]   ^-- None
[19:27:24,190][INFO][main][IgnitePluginProcessor] 
[19:27:24,313][INFO][main][TcpCommunicationSpi] IPC shared memory server endpoint started [port=48101, tokDir=/afs/inf.ed.ac.uk/user/s16/s1626297/Desktop/ds/apache-ignite-fabric-1.7.0-bin/work/ipc/shmem/b8351af8-cd41-492b-9c3c-968c9247dcd5-29653]
[19:27:24,313][INFO][main][TcpCommunicationSpi] Successfully bound shared memory communication to TCP port [port=48101, locHost=0.0.0.0/0.0.0.0]
[19:27:24,339][INFO][main][TcpCommunicationSpi] Successfully bound to TCP port [port=47101, locHost=0.0.0.0/0.0.0.0]
[19:27:24,380][WARNING][main][NoopCheckpointSpi] Checkpoints are disabled (to enable configure any GridCheckpointSpi implementation)
[19:27:24,416][WARNING][main][GridCollisionManager] Collision resolution is disabled (all jobs will be activated upon arrival).
[19:27:24,420][WARNING][main][NoopSwapSpaceSpi] Swap space is disabled. To enable use FileSwapSpaceSpi.
[19:27:24,424][INFO][main][IgniteKernal] Security status [authentication=off, tls/ssl=off]
[19:27:24,672][WARNING][main][IgniteH2Indexing] Serialization of Java objects in H2 was enabled.
[19:27:24,733][INFO][main][GridTcpRestProtocol] Command protocol successfully started [name=TCP binary, host=0.0.0.0/0.0.0.0, port=11212]
[19:27:25,843][INFO][main][GridCacheProcessor] Started cache [name=ignite-sys-cache, mode=REPLICATED]
[19:27:25,854][INFO][main][GridCacheProcessor] Started cache [name=ignite-atomics-sys-cache, mode=PARTITIONED]
[19:27:25,872][INFO][main][GridCacheProcessor] Started cache [name=ignite-marshaller-sys-cache, mode=REPLICATED]
[19:27:26,031][INFO][main][IgniteKernal] Performance suggestions for grid  (fix if possible)
[19:27:26,031][INFO][main][IgniteKernal] To disable, set -DIGNITE_PERFORMANCE_SUGGESTIONS_DISABLED=true
[19:27:26,031][INFO][main][IgniteKernal]   ^-- Disable peer class loading (set 'peerClassLoadingEnabled' to false)
[19:27:26,032][INFO][main][IgniteKernal]   ^-- Disable grid events (remove 'includeEventTypes' from configuration)
[19:27:26,032][INFO][main][IgniteKernal] 
[19:27:26,032][INFO][main][IgniteKernal] To start Console Management & Monitoring run ignitevisorcmd.{sh|bat}
[19:27:26,032][INFO][main][IgniteKernal] 
[19:27:26,033][INFO][main][IgniteKernal] 

>>> +----------------------------------------------------------------------+
>>> Ignite ver. 1.7.0#20160801-sha1:383273e3f66f702de2482466dce954d570a8ccf2
>>> +----------------------------------------------------------------------+
>>> OS name: Linux 3.10.0-327.36.3.el7.x86_64 amd64
>>> CPU(s): 4
>>> Heap: 1.7GB
>>> VM name: 29653@combeferre.inf.ed.ac.uk
>>> Local node [ID=B8351AF8-CD41-492B-9C3C-968C9247DCD5, order=292, clientMode=true]
>>> Local node addresses: [combeferre.inf.ed.ac.uk/0:0:0:0:0:0:0:1%lo, /127.0.0.1, /129.215.3.58]
>>> Local ports: TCP:11212 TCP:47101 UDP:47400 TCP:48101 

[19:27:26,034][INFO][main][GridDiscoveryManager] Topology snapshot [ver=292, servers=3, clients=3, CPUs=16, heap=8.1GB]
[19:27:26,080][INFO][exchange-worker-#44%null%][GridCacheProcessor] Started cache [name=words, mode=PARTITIONED]
[19:27:35,575][INFO][ignite-update-notifier-timer][GridUpdateNotifier] Your version is up to date.
[19:27:40,123][INFO][disco-event-worker-#42%null%][GridDiscoveryManager] Node left topology: TcpDiscoveryNode [id=f1502e43-f3fe-4119-a3b8-858b62ce540a, addrs=[0:0:0:0:0:0:0:1%lo, 127.0.0.1, 129.215.2.52], sockAddrs=[/0:0:0:0:0:0:0:1%lo:47500, /127.0.0.1:47500, wade.inf.ed.ac.uk/129.215.2.52:47500], discPort=47500, order=287, intOrder=147, lastExchangeTime=1478633245422, loc=false, ver=1.7.0#20160801-sha1:383273e3, isClient=false]
[19:27:40,124][INFO][disco-event-worker-#42%null%][GridDiscoveryManager] Topology snapshot [ver=293, servers=2, clients=3, CPUs=12, heap=7.1GB]
[19:27:56,007][INFO][disco-event-worker-#42%null%][GridDiscoveryManager] Added new node to topology: TcpDiscoveryNode [id=38f1eb6a-2997-4c91-ab44-15dd92104d82, addrs=[0:0:0:0:0:0:0:1%lo, 127.0.0.1, 129.215.2.52], sockAddrs=[/0:0:0:0:0:0:0:1%lo:47500, /127.0.0.1:47500, wade.inf.ed.ac.uk/129.215.2.52:47500], discPort=47500, order=294, intOrder=151, lastExchangeTime=1478633275668, loc=false, ver=1.7.0#20160801-sha1:383273e3, isClient=false]
[19:27:56,009][INFO][disco-event-worker-#42%null%][GridDiscoveryManager] Topology snapshot [ver=294, servers=3, clients=3, CPUs=16, heap=8.1GB]
[19:28:26,035][INFO][grid-timeout-worker-#27%null%][IgniteKernal] 
Metrics for local node (to disable set 'metricsLogFrequency' to 0)
    ^-- Node [id=b8351af8, name=null, uptime=00:01:00:012]
    ^-- H/N/C [hosts=4, nodes=6, CPUs=16]
    ^-- CPU [cur=0.33%, avg=0.8%, GC=0%]
    ^-- Heap [used=77MB, free=95.58%, comm=127MB]
    ^-- Non heap [used=41MB, free=-1%, comm=42MB]
    ^-- Public thread pool [active=0, idle=8, qSize=0]
    ^-- System thread pool [active=0, idle=16, qSize=0]
    ^-- Outbound messages queue [size=0]
[19:29:26,042][INFO][grid-timeout-worker-#27%null%][IgniteKernal] 
Metrics for local node (to disable set 'metricsLogFrequency' to 0)
    ^-- Node [id=b8351af8, name=null, uptime=00:02:00:018]
    ^-- H/N/C [hosts=4, nodes=6, CPUs=16]
    ^-- CPU [cur=0.23%, avg=0.57%, GC=0%]
    ^-- Heap [used=33MB, free=98.1%, comm=159MB]
    ^-- Non heap [used=41MB, free=-1%, comm=42MB]
    ^-- Public thread pool [active=0, idle=8, qSize=0]
    ^-- System thread pool [active=0, idle=16, qSize=0]
    ^-- Outbound messages queue [size=0]
