[19:59:51,151][INFO][main][IgniteKernal] 

>>>    __________  ________________  
>>>   /  _/ ___/ |/ /  _/_  __/ __/  
>>>  _/ // (7 7    // /  / / / _/    
>>> /___/\___/_/|_/___/ /_/ /___/   
>>> 
>>> ver. 1.7.0#20160801-sha1:383273e3
>>> 2016 Copyright(C) Apache Software Foundation
>>> 
>>> Ignite documentation: http://ignite.apache.org

[19:59:51,153][INFO][main][IgniteKernal] Config URL: file:/afs/inf.ed.ac.uk/user/s16/s1626297/Desktop/ds/apache-ignite-fabric-1.7.0-bin/examples/config/example-ignite-no-discovery.xml
[19:59:51,153][INFO][main][IgniteKernal] Daemon mode: off
[19:59:51,153][INFO][main][IgniteKernal] OS: Linux 3.10.0-327.36.3.el7.x86_64 amd64
[19:59:51,154][INFO][main][IgniteKernal] OS user: s1626297
[19:59:51,154][INFO][main][IgniteKernal] Language runtime: Java Platform API Specification ver. 1.8
[19:59:51,154][INFO][main][IgniteKernal] VM information: Java(TM) SE Runtime Environment 1.8.0_91-b14 Oracle Corporation Java HotSpot(TM) 64-Bit Server VM 25.91-b14
[19:59:51,156][INFO][main][IgniteKernal] VM total memory: 1.7GB
[19:59:51,156][INFO][main][IgniteKernal] Remote Management [restart: off, REST: on, JMX (remote: off)]
[19:59:51,156][INFO][main][IgniteKernal] IGNITE_HOME=/afs/inf.ed.ac.uk/user/s16/s1626297/Desktop/ds/apache-ignite-fabric-1.7.0-bin
[19:59:51,157][INFO][main][IgniteKernal] VM arguments: [-DIGNITE_HOME=/afs/inf.ed.ac.uk/user/s16/s1626297/Desktop/ds/apache-ignite-fabric-1.7.0-bin, -Didea.launcher.port=7551, -Didea.launcher.bin.path=/opt/idea-ce/bin, -Dfile.encoding=UTF-8]
[19:59:51,157][INFO][main][IgniteKernal] Configured caches ['ignite-marshaller-sys-cache', 'ignite-sys-cache', 'ignite-atomics-sys-cache']
[19:59:51,157][WARNING][main][IgniteKernal] Peer class loading is enabled (disable it in production for performance and deployment consistency reasons)
[19:59:51,163][INFO][main][IgniteKernal] 3-rd party licenses can be found at: /afs/inf.ed.ac.uk/user/s16/s1626297/Desktop/ds/apache-ignite-fabric-1.7.0-bin/libs/licenses
[19:59:51,181][WARNING][pub-#26%null%][GridDiagnostic] Initial heap size is 124MB (should be no less than 512MB, use -Xms512m -Xmx512m).
[19:59:51,270][INFO][main][IgniteKernal] Non-loopback local IPs: 129.215.3.62, fe80:0:0:0:8a51:fbff:fe55:4f8e%em1
[19:59:51,270][INFO][main][IgniteKernal] Enabled local MACs: 8851FB554F8E
[19:59:51,321][INFO][main][IgnitePluginProcessor] Configured plugins:
[19:59:51,322][INFO][main][IgnitePluginProcessor]   ^-- None
[19:59:51,322][INFO][main][IgnitePluginProcessor] 
[19:59:51,637][INFO][main][TcpCommunicationSpi] IPC shared memory server endpoint started [port=48102, tokDir=/afs/inf.ed.ac.uk/user/s16/s1626297/Desktop/ds/apache-ignite-fabric-1.7.0-bin/work/ipc/shmem/a8997680-dcd7-43f0-9352-dc270bf2edbe-23587]
[19:59:51,637][INFO][main][TcpCommunicationSpi] Successfully bound shared memory communication to TCP port [port=48102, locHost=0.0.0.0/0.0.0.0]
[19:59:51,662][INFO][main][TcpCommunicationSpi] Successfully bound to TCP port [port=47102, locHost=0.0.0.0/0.0.0.0]
[19:59:51,789][WARNING][main][NoopCheckpointSpi] Checkpoints are disabled (to enable configure any GridCheckpointSpi implementation)
[19:59:51,861][WARNING][main][GridCollisionManager] Collision resolution is disabled (all jobs will be activated upon arrival).
[19:59:51,866][WARNING][main][NoopSwapSpaceSpi] Swap space is disabled. To enable use FileSwapSpaceSpi.
[19:59:51,869][INFO][main][IgniteKernal] Security status [authentication=off, tls/ssl=off]
[19:59:52,597][WARNING][main][IgniteH2Indexing] Serialization of Java objects in H2 was enabled.
[19:59:52,811][INFO][main][GridTcpRestProtocol] Command protocol successfully started [name=TCP binary, host=0.0.0.0/0.0.0.0, port=11213]
[19:59:54,376][INFO][main][GridCacheProcessor] Started cache [name=ignite-sys-cache, mode=REPLICATED]
[19:59:54,422][INFO][main][GridCacheProcessor] Started cache [name=ignite-atomics-sys-cache, mode=PARTITIONED]
[19:59:54,476][INFO][main][GridCacheProcessor] Started cache [name=ignite-marshaller-sys-cache, mode=REPLICATED]
[19:59:55,054][INFO][main][IgniteKernal] Performance suggestions for grid  (fix if possible)
[19:59:55,059][INFO][main][IgniteKernal] To disable, set -DIGNITE_PERFORMANCE_SUGGESTIONS_DISABLED=true
[19:59:55,059][INFO][main][IgniteKernal]   ^-- Disable peer class loading (set 'peerClassLoadingEnabled' to false)
[19:59:55,065][INFO][main][IgniteKernal]   ^-- Disable grid events (remove 'includeEventTypes' from configuration)
[19:59:55,065][INFO][main][IgniteKernal] 
[19:59:55,069][INFO][main][IgniteKernal] To start Console Management & Monitoring run ignitevisorcmd.{sh|bat}
[19:59:55,071][INFO][main][IgniteKernal] 
[19:59:55,072][INFO][main][IgniteKernal] 

>>> +----------------------------------------------------------------------+
>>> Ignite ver. 1.7.0#20160801-sha1:383273e3f66f702de2482466dce954d570a8ccf2
>>> +----------------------------------------------------------------------+
>>> OS name: Linux 3.10.0-327.36.3.el7.x86_64 amd64
>>> CPU(s): 4
>>> Heap: 1.7GB
>>> VM name: 23587@parrot.inf.ed.ac.uk
>>> Local node [ID=A8997680-DCD7-43F0-9352-DC270BF2EDBE, order=27, clientMode=true]
>>> Local node addresses: [parrot.inf.ed.ac.uk/0:0:0:0:0:0:0:1%lo, /127.0.0.1, /129.215.3.62]
>>> Local ports: TCP:11213 TCP:47102 TCP:48102 

[19:59:55,073][INFO][main][GridDiscoveryManager] Topology snapshot [ver=27, servers=1, clients=2, CPUs=4, heap=4.4GB]
[19:59:55,316][INFO][exchange-worker-#45%null%][GridCacheProcessor] Started cache [name=words, mode=PARTITIONED]
[19:59:56,163][INFO][main][GridDeploymentLocalStore] Class locally deployed: class partB.StreamOne$1
[19:59:58,163][INFO][disco-event-worker-#42%null%][GridDiscoveryManager] Added new node to topology: TcpDiscoveryNode [id=f0232d07-d39a-44d7-b221-9d00cb067408, addrs=[0:0:0:0:0:0:0:1%lo, 127.0.0.1, 129.215.3.62], sockAddrs=[parrot.inf.ed.ac.uk/129.215.3.62:0, /0:0:0:0:0:0:0:1%lo:0, /127.0.0.1:0], discPort=0, order=28, intOrder=16, lastExchangeTime=1478894398146, loc=false, ver=1.7.0#20160801-sha1:383273e3, isClient=true]
[19:59:58,164][INFO][disco-event-worker-#42%null%][GridDiscoveryManager] Topology snapshot [ver=28, servers=1, clients=3, CPUs=4, heap=6.1GB]
[20:00:02,698][INFO][disco-event-worker-#42%null%][GridDiscoveryManager] Added new node to topology: TcpDiscoveryNode [id=15c7d2f0-29ac-4863-9860-3ccb163b2ec0, addrs=[0:0:0:0:0:0:0:1%lo, 127.0.0.1, 129.215.3.62], sockAddrs=[parrot.inf.ed.ac.uk/129.215.3.62:0, /0:0:0:0:0:0:0:1%lo:0, /127.0.0.1:0], discPort=0, order=29, intOrder=17, lastExchangeTime=1478894402691, loc=false, ver=1.7.0#20160801-sha1:383273e3, isClient=true]
[20:00:02,699][INFO][disco-event-worker-#42%null%][GridDiscoveryManager] Topology snapshot [ver=29, servers=1, clients=4, CPUs=4, heap=7.8GB]
[20:00:03,586][INFO][ignite-update-notifier-timer][GridUpdateNotifier] Your version is up to date.
[20:00:08,369][WARNING][disco-event-worker-#42%null%][GridDiscoveryManager] Node FAILED: TcpDiscoveryNode [id=f5d68700-6dfd-4a8c-8910-b5934c6c65f9, addrs=[0:0:0:0:0:0:0:1%lo, 127.0.0.1, 129.215.3.62], sockAddrs=[parrot.inf.ed.ac.uk/129.215.3.62:0, /0:0:0:0:0:0:0:1%lo:0, /127.0.0.1:0], discPort=0, order=22, intOrder=12, lastExchangeTime=1478894393264, loc=false, ver=1.7.0#20160801-sha1:383273e3, isClient=true]
[20:00:08,369][INFO][disco-event-worker-#42%null%][GridDiscoveryManager] Topology snapshot [ver=30, servers=1, clients=3, CPUs=4, heap=6.1GB]
[20:00:14,176][INFO][disco-event-worker-#42%null%][GridDiscoveryManager] Added new node to topology: TcpDiscoveryNode [id=ab227ef3-c009-4210-ba7f-01ed150ae2f0, addrs=[0:0:0:0:0:0:0:1%lo, 127.0.0.1, 129.215.3.62], sockAddrs=[parrot.inf.ed.ac.uk/129.215.3.62:0, /0:0:0:0:0:0:0:1%lo:0, /127.0.0.1:0], discPort=0, order=31, intOrder=18, lastExchangeTime=1478894414148, loc=false, ver=1.7.0#20160801-sha1:383273e3, isClient=true]
[20:00:14,177][INFO][disco-event-worker-#42%null%][GridDiscoveryManager] Topology snapshot [ver=31, servers=1, clients=4, CPUs=4, heap=7.8GB]
[20:00:45,831][INFO][disco-event-worker-#42%null%][GridDiscoveryManager] Node left topology: TcpDiscoveryNode [id=ab227ef3-c009-4210-ba7f-01ed150ae2f0, addrs=[0:0:0:0:0:0:0:1%lo, 127.0.0.1, 129.215.3.62], sockAddrs=[parrot.inf.ed.ac.uk/129.215.3.62:0, /0:0:0:0:0:0:0:1%lo:0, /127.0.0.1:0], discPort=0, order=31, intOrder=18, lastExchangeTime=1478894414148, loc=false, ver=1.7.0#20160801-sha1:383273e3, isClient=true]
[20:00:45,832][INFO][disco-event-worker-#42%null%][GridDiscoveryManager] Topology snapshot [ver=32, servers=1, clients=3, CPUs=4, heap=6.1GB]
[20:00:55,055][INFO][grid-timeout-worker-#27%null%][IgniteKernal] 
Metrics for local node (to disable set 'metricsLogFrequency' to 0)
    ^-- Node [id=a8997680, name=null, uptime=00:01:00:005]
    ^-- H/N/C [hosts=1, nodes=4, CPUs=4]
    ^-- CPU [cur=3.17%, avg=3.69%, GC=0.5%]
    ^-- Heap [used=44MB, free=97.43%, comm=626MB]
    ^-- Non heap [used=41MB, free=-1%, comm=43MB]
    ^-- Public thread pool [active=0, idle=16, qSize=0]
    ^-- System thread pool [active=0, idle=16, qSize=0]
    ^-- Outbound messages queue [size=0]
[20:01:55,061][INFO][grid-timeout-worker-#27%null%][IgniteKernal] 
Metrics for local node (to disable set 'metricsLogFrequency' to 0)
    ^-- Node [id=a8997680, name=null, uptime=00:02:00:009]
    ^-- H/N/C [hosts=1, nodes=4, CPUs=4]
    ^-- CPU [cur=3%, avg=3.35%, GC=0.2%]
    ^-- Heap [used=339MB, free=80.6%, comm=710MB]
    ^-- Non heap [used=42MB, free=-1%, comm=43MB]
    ^-- Public thread pool [active=0, idle=16, qSize=0]
    ^-- System thread pool [active=0, idle=16, qSize=0]
    ^-- Outbound messages queue [size=0]
[20:02:55,067][INFO][grid-timeout-worker-#27%null%][IgniteKernal] 
Metrics for local node (to disable set 'metricsLogFrequency' to 0)
    ^-- Node [id=a8997680, name=null, uptime=00:03:00:015]
    ^-- H/N/C [hosts=1, nodes=4, CPUs=4]
    ^-- CPU [cur=3%, avg=3.49%, GC=0.43%]
    ^-- Heap [used=478MB, free=72.64%, comm=705MB]
    ^-- Non heap [used=43MB, free=-1%, comm=44MB]
    ^-- Public thread pool [active=0, idle=16, qSize=0]
    ^-- System thread pool [active=0, idle=16, qSize=0]
    ^-- Outbound messages queue [size=0]
[20:03:55,073][INFO][grid-timeout-worker-#27%null%][IgniteKernal] 
Metrics for local node (to disable set 'metricsLogFrequency' to 0)
    ^-- Node [id=a8997680, name=null, uptime=00:04:00:018]
    ^-- H/N/C [hosts=1, nodes=4, CPUs=4]
    ^-- CPU [cur=2.67%, avg=3.38%, GC=0%]
    ^-- Heap [used=205MB, free=88.23%, comm=704MB]
    ^-- Non heap [used=43MB, free=-1%, comm=44MB]
    ^-- Public thread pool [active=0, idle=16, qSize=0]
    ^-- System thread pool [active=0, idle=16, qSize=0]
    ^-- Outbound messages queue [size=0]
[20:04:55,071][INFO][grid-timeout-worker-#27%null%][IgniteKernal] 
Metrics for local node (to disable set 'metricsLogFrequency' to 0)
    ^-- Node [id=a8997680, name=null, uptime=00:05:00:020]
    ^-- H/N/C [hosts=1, nodes=4, CPUs=4]
    ^-- CPU [cur=3%, avg=3.3%, GC=0.33%]
    ^-- Heap [used=564MB, free=67.72%, comm=708MB]
    ^-- Non heap [used=43MB, free=-1%, comm=45MB]
    ^-- Public thread pool [active=0, idle=16, qSize=0]
    ^-- System thread pool [active=0, idle=16, qSize=0]
    ^-- Outbound messages queue [size=0]
[20:05:55,074][INFO][grid-timeout-worker-#27%null%][IgniteKernal] 
Metrics for local node (to disable set 'metricsLogFrequency' to 0)
    ^-- Node [id=a8997680, name=null, uptime=00:06:00:021]
    ^-- H/N/C [hosts=1, nodes=4, CPUs=4]
    ^-- CPU [cur=3.07%, avg=3.24%, GC=0.2%]
    ^-- Heap [used=528MB, free=69.74%, comm=674MB]
    ^-- Non heap [used=44MB, free=-1%, comm=45MB]
    ^-- Public thread pool [active=0, idle=16, qSize=0]
    ^-- System thread pool [active=0, idle=16, qSize=0]
    ^-- Outbound messages queue [size=0]
[20:06:55,072][INFO][grid-timeout-worker-#27%null%][IgniteKernal] 
Metrics for local node (to disable set 'metricsLogFrequency' to 0)
    ^-- Node [id=a8997680, name=null, uptime=00:07:00:024]
    ^-- H/N/C [hosts=1, nodes=4, CPUs=4]
    ^-- CPU [cur=2.1%, avg=3.2%, GC=0%]
    ^-- Heap [used=557MB, free=68.13%, comm=683MB]
    ^-- Non heap [used=44MB, free=-1%, comm=45MB]
    ^-- Public thread pool [active=0, idle=16, qSize=0]
    ^-- System thread pool [active=0, idle=16, qSize=0]
    ^-- Outbound messages queue [size=0]
[20:07:55,083][INFO][grid-timeout-worker-#27%null%][IgniteKernal] 
Metrics for local node (to disable set 'metricsLogFrequency' to 0)
    ^-- Node [id=a8997680, name=null, uptime=00:08:00:029]
    ^-- H/N/C [hosts=1, nodes=4, CPUs=4]
    ^-- CPU [cur=2.73%, avg=3.13%, GC=0%]
    ^-- Heap [used=179MB, free=89.75%, comm=707MB]
    ^-- Non heap [used=43MB, free=-1%, comm=45MB]
    ^-- Public thread pool [active=0, idle=16, qSize=0]
    ^-- System thread pool [active=0, idle=16, qSize=0]
    ^-- Outbound messages queue [size=0]
[20:08:55,087][INFO][grid-timeout-worker-#27%null%][IgniteKernal] 
Metrics for local node (to disable set 'metricsLogFrequency' to 0)
    ^-- Node [id=a8997680, name=null, uptime=00:09:00:036]
    ^-- H/N/C [hosts=1, nodes=4, CPUs=4]
    ^-- CPU [cur=2.73%, avg=3.09%, GC=0%]
    ^-- Heap [used=99MB, free=94.32%, comm=751MB]
    ^-- Non heap [used=44MB, free=-1%, comm=45MB]
    ^-- Public thread pool [active=0, idle=16, qSize=0]
    ^-- System thread pool [active=0, idle=16, qSize=0]
    ^-- Outbound messages queue [size=0]
[20:09:55,105][INFO][grid-timeout-worker-#27%null%][IgniteKernal] 
Metrics for local node (to disable set 'metricsLogFrequency' to 0)
    ^-- Node [id=a8997680, name=null, uptime=00:10:00:055]
    ^-- H/N/C [hosts=1, nodes=4, CPUs=4]
    ^-- CPU [cur=2.43%, avg=3.07%, GC=0%]
    ^-- Heap [used=652MB, free=62.7%, comm=752MB]
    ^-- Non heap [used=43MB, free=-1%, comm=45MB]
    ^-- Public thread pool [active=0, idle=16, qSize=0]
    ^-- System thread pool [active=0, idle=16, qSize=0]
    ^-- Outbound messages queue [size=0]
[20:10:55,110][INFO][grid-timeout-worker-#27%null%][IgniteKernal] 
Metrics for local node (to disable set 'metricsLogFrequency' to 0)
    ^-- Node [id=a8997680, name=null, uptime=00:11:00:061]
    ^-- H/N/C [hosts=1, nodes=4, CPUs=4]
    ^-- CPU [cur=3.27%, avg=3.03%, GC=0.23%]
    ^-- Heap [used=298MB, free=82.94%, comm=750MB]
    ^-- Non heap [used=43MB, free=-1%, comm=45MB]
    ^-- Public thread pool [active=0, idle=16, qSize=0]
    ^-- System thread pool [active=0, idle=16, qSize=0]
    ^-- Outbound messages queue [size=0]
[20:11:55,119][INFO][grid-timeout-worker-#27%null%][IgniteKernal] 
Metrics for local node (to disable set 'metricsLogFrequency' to 0)
    ^-- Node [id=a8997680, name=null, uptime=00:12:00:067]
    ^-- H/N/C [hosts=1, nodes=4, CPUs=4]
    ^-- CPU [cur=2.5%, avg=3.01%, GC=0%]
    ^-- Heap [used=97MB, free=94.45%, comm=755MB]
    ^-- Non heap [used=44MB, free=-1%, comm=45MB]
    ^-- Public thread pool [active=0, idle=16, qSize=0]
    ^-- System thread pool [active=0, idle=16, qSize=0]
    ^-- Outbound messages queue [size=0]
[20:12:55,117][INFO][grid-timeout-worker-#27%null%][IgniteKernal] 
Metrics for local node (to disable set 'metricsLogFrequency' to 0)
    ^-- Node [id=a8997680, name=null, uptime=00:13:00:068]
    ^-- H/N/C [hosts=1, nodes=4, CPUs=4]
    ^-- CPU [cur=2.77%, avg=2.99%, GC=0.17%]
    ^-- Heap [used=187MB, free=89.27%, comm=752MB]
    ^-- Non heap [used=43MB, free=-1%, comm=45MB]
    ^-- Public thread pool [active=0, idle=16, qSize=0]
    ^-- System thread pool [active=0, idle=16, qSize=0]
    ^-- Outbound messages queue [size=0]
[20:13:55,123][INFO][grid-timeout-worker-#27%null%][IgniteKernal] 
Metrics for local node (to disable set 'metricsLogFrequency' to 0)
    ^-- Node [id=a8997680, name=null, uptime=00:14:00:072]
    ^-- H/N/C [hosts=1, nodes=4, CPUs=4]
    ^-- CPU [cur=2.77%, avg=2.98%, GC=0%]
    ^-- Heap [used=663MB, free=62.05%, comm=754MB]
    ^-- Non heap [used=44MB, free=-1%, comm=45MB]
    ^-- Public thread pool [active=0, idle=16, qSize=0]
    ^-- System thread pool [active=0, idle=16, qSize=0]
    ^-- Outbound messages queue [size=0]
[20:14:55,128][INFO][grid-timeout-worker-#27%null%][IgniteKernal] 
Metrics for local node (to disable set 'metricsLogFrequency' to 0)
    ^-- Node [id=a8997680, name=null, uptime=00:15:00:077]
    ^-- H/N/C [hosts=1, nodes=4, CPUs=4]
    ^-- CPU [cur=3.5%, avg=2.98%, GC=0.3%]
    ^-- Heap [used=442MB, free=74.71%, comm=756MB]
    ^-- Non heap [used=44MB, free=-1%, comm=45MB]
    ^-- Public thread pool [active=0, idle=16, qSize=0]
    ^-- System thread pool [active=0, idle=16, qSize=0]
    ^-- Outbound messages queue [size=0]
[20:15:55,130][INFO][grid-timeout-worker-#27%null%][IgniteKernal] 
Metrics for local node (to disable set 'metricsLogFrequency' to 0)
    ^-- Node [id=a8997680, name=null, uptime=00:16:00:079]
    ^-- H/N/C [hosts=1, nodes=4, CPUs=4]
    ^-- CPU [cur=4.07%, avg=2.98%, GC=0%]
    ^-- Heap [used=479MB, free=72.58%, comm=753MB]
    ^-- Non heap [used=44MB, free=-1%, comm=45MB]
    ^-- Public thread pool [active=0, idle=16, qSize=0]
    ^-- System thread pool [active=0, idle=16, qSize=0]
    ^-- Outbound messages queue [size=0]
[20:16:55,136][INFO][grid-timeout-worker-#27%null%][IgniteKernal] 
Metrics for local node (to disable set 'metricsLogFrequency' to 0)
    ^-- Node [id=a8997680, name=null, uptime=00:17:00:083]
    ^-- H/N/C [hosts=1, nodes=4, CPUs=4]
    ^-- CPU [cur=3%, avg=2.97%, GC=0.3%]
    ^-- Heap [used=339MB, free=80.58%, comm=754MB]
    ^-- Non heap [used=44MB, free=-1%, comm=45MB]
    ^-- Public thread pool [active=0, idle=16, qSize=0]
    ^-- System thread pool [active=0, idle=16, qSize=0]
    ^-- Outbound messages queue [size=0]
[20:17:55,141][INFO][grid-timeout-worker-#27%null%][IgniteKernal] 
Metrics for local node (to disable set 'metricsLogFrequency' to 0)
    ^-- Node [id=a8997680, name=null, uptime=00:18:00:089]
    ^-- H/N/C [hosts=1, nodes=4, CPUs=4]
    ^-- CPU [cur=3%, avg=2.96%, GC=0.33%]
    ^-- Heap [used=89MB, free=94.9%, comm=755MB]
    ^-- Non heap [used=44MB, free=-1%, comm=45MB]
    ^-- Public thread pool [active=0, idle=16, qSize=0]
    ^-- System thread pool [active=0, idle=16, qSize=0]
    ^-- Outbound messages queue [size=0]
[20:18:55,147][INFO][grid-timeout-worker-#27%null%][IgniteKernal] 
Metrics for local node (to disable set 'metricsLogFrequency' to 0)
    ^-- Node [id=a8997680, name=null, uptime=00:19:00:097]
    ^-- H/N/C [hosts=1, nodes=4, CPUs=4]
    ^-- CPU [cur=2.83%, avg=2.97%, GC=0.37%]
    ^-- Heap [used=197MB, free=88.73%, comm=753MB]
    ^-- Non heap [used=44MB, free=-1%, comm=45MB]
    ^-- Public thread pool [active=0, idle=16, qSize=0]
    ^-- System thread pool [active=0, idle=16, qSize=0]
    ^-- Outbound messages queue [size=0]
[20:19:55,152][INFO][grid-timeout-worker-#27%null%][IgniteKernal] 
Metrics for local node (to disable set 'metricsLogFrequency' to 0)
    ^-- Node [id=a8997680, name=null, uptime=00:20:00:102]
    ^-- H/N/C [hosts=1, nodes=4, CPUs=4]
    ^-- CPU [cur=2.93%, avg=2.96%, GC=0.33%]
    ^-- Heap [used=93MB, free=94.67%, comm=754MB]
    ^-- Non heap [used=44MB, free=-1%, comm=45MB]
    ^-- Public thread pool [active=0, idle=16, qSize=0]
    ^-- System thread pool [active=0, idle=16, qSize=0]
    ^-- Outbound messages queue [size=0]
[20:20:55,157][INFO][grid-timeout-worker-#27%null%][IgniteKernal] 
Metrics for local node (to disable set 'metricsLogFrequency' to 0)
    ^-- Node [id=a8997680, name=null, uptime=00:21:00:108]
    ^-- H/N/C [hosts=1, nodes=4, CPUs=4]
    ^-- CPU [cur=2.33%, avg=2.95%, GC=0%]
    ^-- Heap [used=372MB, free=78.67%, comm=754MB]
    ^-- Non heap [used=44MB, free=-1%, comm=45MB]
    ^-- Public thread pool [active=0, idle=16, qSize=0]
    ^-- System thread pool [active=0, idle=16, qSize=0]
    ^-- Outbound messages queue [size=0]
[20:21:55,164][INFO][grid-timeout-worker-#27%null%][IgniteKernal] 
Metrics for local node (to disable set 'metricsLogFrequency' to 0)
    ^-- Node [id=a8997680, name=null, uptime=00:22:00:115]
    ^-- H/N/C [hosts=1, nodes=4, CPUs=4]
    ^-- CPU [cur=3%, avg=2.95%, GC=0.33%]
    ^-- Heap [used=646MB, free=63.02%, comm=752MB]
    ^-- Non heap [used=44MB, free=-1%, comm=45MB]
    ^-- Public thread pool [active=0, idle=16, qSize=0]
    ^-- System thread pool [active=0, idle=16, qSize=0]
    ^-- Outbound messages queue [size=0]
[20:22:55,173][INFO][grid-timeout-worker-#27%null%][IgniteKernal] 
Metrics for local node (to disable set 'metricsLogFrequency' to 0)
    ^-- Node [id=a8997680, name=null, uptime=00:23:00:125]
    ^-- H/N/C [hosts=1, nodes=4, CPUs=4]
    ^-- CPU [cur=3.07%, avg=2.95%, GC=0%]
    ^-- Heap [used=220MB, free=87.38%, comm=754MB]
    ^-- Non heap [used=44MB, free=-1%, comm=45MB]
    ^-- Public thread pool [active=0, idle=16, qSize=0]
    ^-- System thread pool [active=0, idle=16, qSize=0]
    ^-- Outbound messages queue [size=0]
[20:23:55,174][INFO][grid-timeout-worker-#27%null%][IgniteKernal] 
Metrics for local node (to disable set 'metricsLogFrequency' to 0)
    ^-- Node [id=a8997680, name=null, uptime=00:24:00:125]
    ^-- H/N/C [hosts=1, nodes=4, CPUs=4]
    ^-- CPU [cur=3.17%, avg=2.95%, GC=0.37%]
    ^-- Heap [used=652MB, free=62.69%, comm=755MB]
    ^-- Non heap [used=44MB, free=-1%, comm=45MB]
    ^-- Public thread pool [active=0, idle=16, qSize=0]
    ^-- System thread pool [active=0, idle=16, qSize=0]
    ^-- Outbound messages queue [size=0]
[20:24:55,183][INFO][grid-timeout-worker-#27%null%][IgniteKernal] 
Metrics for local node (to disable set 'metricsLogFrequency' to 0)
    ^-- Node [id=a8997680, name=null, uptime=00:25:00:126]
    ^-- H/N/C [hosts=1, nodes=4, CPUs=4]
    ^-- CPU [cur=2.67%, avg=2.95%, GC=0%]
    ^-- Heap [used=157MB, free=90.96%, comm=754MB]
    ^-- Non heap [used=44MB, free=-1%, comm=45MB]
    ^-- Public thread pool [active=0, idle=16, qSize=0]
    ^-- System thread pool [active=0, idle=16, qSize=0]
    ^-- Outbound messages queue [size=0]
[20:25:55,177][INFO][grid-timeout-worker-#27%null%][IgniteKernal] 
Metrics for local node (to disable set 'metricsLogFrequency' to 0)
    ^-- Node [id=a8997680, name=null, uptime=00:26:00:127]
    ^-- H/N/C [hosts=1, nodes=4, CPUs=4]
    ^-- CPU [cur=2.77%, avg=2.94%, GC=0%]
    ^-- Heap [used=351MB, free=79.88%, comm=753MB]
    ^-- Non heap [used=44MB, free=-1%, comm=45MB]
    ^-- Public thread pool [active=0, idle=16, qSize=0]
    ^-- System thread pool [active=0, idle=16, qSize=0]
    ^-- Outbound messages queue [size=0]
[20:26:55,184][INFO][grid-timeout-worker-#27%null%][IgniteKernal] 
Metrics for local node (to disable set 'metricsLogFrequency' to 0)
    ^-- Node [id=a8997680, name=null, uptime=00:27:00:135]
    ^-- H/N/C [hosts=1, nodes=4, CPUs=4]
    ^-- CPU [cur=3.1%, avg=2.94%, GC=0%]
    ^-- Heap [used=228MB, free=86.92%, comm=754MB]
    ^-- Non heap [used=44MB, free=-1%, comm=45MB]
    ^-- Public thread pool [active=0, idle=16, qSize=0]
    ^-- System thread pool [active=0, idle=16, qSize=0]
    ^-- Outbound messages queue [size=0]
[20:27:55,193][INFO][grid-timeout-worker-#27%null%][IgniteKernal] 
Metrics for local node (to disable set 'metricsLogFrequency' to 0)
    ^-- Node [id=a8997680, name=null, uptime=00:28:00:137]
    ^-- H/N/C [hosts=1, nodes=4, CPUs=4]
    ^-- CPU [cur=3.1%, avg=2.94%, GC=0.4%]
    ^-- Heap [used=474MB, free=72.88%, comm=754MB]
    ^-- Non heap [used=44MB, free=-1%, comm=45MB]
    ^-- Public thread pool [active=0, idle=16, qSize=0]
    ^-- System thread pool [active=0, idle=16, qSize=0]
    ^-- Outbound messages queue [size=0]
[20:28:55,230][INFO][grid-timeout-worker-#27%null%][IgniteKernal] 
Metrics for local node (to disable set 'metricsLogFrequency' to 0)
    ^-- Node [id=a8997680, name=null, uptime=00:29:00:174]
    ^-- H/N/C [hosts=1, nodes=4, CPUs=4]
    ^-- CPU [cur=3.07%, avg=2.94%, GC=0.3%]
    ^-- Heap [used=84MB, free=95.18%, comm=751MB]
    ^-- Non heap [used=44MB, free=-1%, comm=45MB]
    ^-- Public thread pool [active=0, idle=16, qSize=0]
    ^-- System thread pool [active=0, idle=16, qSize=0]
    ^-- Outbound messages queue [size=0]
[20:29:55,227][INFO][grid-timeout-worker-#27%null%][IgniteKernal] 
Metrics for local node (to disable set 'metricsLogFrequency' to 0)
    ^-- Node [id=a8997680, name=null, uptime=00:30:00:177]
    ^-- H/N/C [hosts=1, nodes=4, CPUs=4]
    ^-- CPU [cur=3.4%, avg=2.94%, GC=0.27%]
    ^-- Heap [used=553MB, free=68.32%, comm=754MB]
    ^-- Non heap [used=44MB, free=-1%, comm=45MB]
    ^-- Public thread pool [active=0, idle=16, qSize=0]
    ^-- System thread pool [active=0, idle=16, qSize=0]
    ^-- Outbound messages queue [size=0]
[20:30:55,234][INFO][grid-timeout-worker-#27%null%][IgniteKernal] 
Metrics for local node (to disable set 'metricsLogFrequency' to 0)
    ^-- Node [id=a8997680, name=null, uptime=00:31:00:184]
    ^-- H/N/C [hosts=1, nodes=4, CPUs=4]
    ^-- CPU [cur=3%, avg=2.94%, GC=0%]
    ^-- Heap [used=151MB, free=91.34%, comm=752MB]
    ^-- Non heap [used=44MB, free=-1%, comm=45MB]
    ^-- Public thread pool [active=0, idle=16, qSize=0]
    ^-- System thread pool [active=0, idle=16, qSize=0]
    ^-- Outbound messages queue [size=0]
[20:31:55,240][INFO][grid-timeout-worker-#27%null%][IgniteKernal] 
Metrics for local node (to disable set 'metricsLogFrequency' to 0)
    ^-- Node [id=a8997680, name=null, uptime=00:32:00:190]
    ^-- H/N/C [hosts=1, nodes=4, CPUs=4]
    ^-- CPU [cur=3.23%, avg=2.94%, GC=0.23%]
    ^-- Heap [used=327MB, free=81.27%, comm=754MB]
    ^-- Non heap [used=44MB, free=-1%, comm=45MB]
    ^-- Public thread pool [active=0, idle=16, qSize=0]
    ^-- System thread pool [active=0, idle=16, qSize=0]
    ^-- Outbound messages queue [size=0]
[20:32:55,247][INFO][grid-timeout-worker-#27%null%][IgniteKernal] 
Metrics for local node (to disable set 'metricsLogFrequency' to 0)
    ^-- Node [id=a8997680, name=null, uptime=00:33:00:195]
    ^-- H/N/C [hosts=1, nodes=4, CPUs=4]
    ^-- CPU [cur=2.67%, avg=2.94%, GC=0%]
    ^-- Heap [used=281MB, free=83.92%, comm=754MB]
    ^-- Non heap [used=44MB, free=-1%, comm=45MB]
    ^-- Public thread pool [active=0, idle=16, qSize=0]
    ^-- System thread pool [active=0, idle=16, qSize=0]
    ^-- Outbound messages queue [size=0]
[20:33:55,253][INFO][grid-timeout-worker-#27%null%][IgniteKernal] 
Metrics for local node (to disable set 'metricsLogFrequency' to 0)
    ^-- Node [id=a8997680, name=null, uptime=00:34:00:198]
    ^-- H/N/C [hosts=1, nodes=4, CPUs=4]
    ^-- CPU [cur=3.27%, avg=2.94%, GC=0.43%]
    ^-- Heap [used=594MB, free=65.98%, comm=752MB]
    ^-- Non heap [used=44MB, free=-1%, comm=45MB]
    ^-- Public thread pool [active=0, idle=16, qSize=0]
    ^-- System thread pool [active=0, idle=16, qSize=0]
    ^-- Outbound messages queue [size=0]
[20:34:55,256][INFO][grid-timeout-worker-#27%null%][IgniteKernal] 
Metrics for local node (to disable set 'metricsLogFrequency' to 0)
    ^-- Node [id=a8997680, name=null, uptime=00:35:00:199]
    ^-- H/N/C [hosts=1, nodes=4, CPUs=4]
    ^-- CPU [cur=2.73%, avg=2.94%, GC=0%]
    ^-- Heap [used=78MB, free=95.49%, comm=753MB]
    ^-- Non heap [used=44MB, free=-1%, comm=45MB]
    ^-- Public thread pool [active=0, idle=16, qSize=0]
    ^-- System thread pool [active=0, idle=16, qSize=0]
    ^-- Outbound messages queue [size=0]
