[19:13:19,204][INFO][main][IgniteKernal] 

>>>    __________  ________________  
>>>   /  _/ ___/ |/ /  _/_  __/ __/  
>>>  _/ // (7 7    // /  / / / _/    
>>> /___/\___/_/|_/___/ /_/ /___/   
>>> 
>>> ver. 1.7.0#20160801-sha1:383273e3
>>> 2016 Copyright(C) Apache Software Foundation
>>> 
>>> Ignite documentation: http://ignite.apache.org

[19:13:19,207][INFO][main][IgniteKernal] Config URL: file:/afs/inf.ed.ac.uk/user/s16/s1626297/Desktop/ds/apache-ignite-fabric-1.7.0-bin/examples/config/example-ignite-no-discovery.xml
[19:13:19,207][INFO][main][IgniteKernal] Daemon mode: off
[19:13:19,207][INFO][main][IgniteKernal] OS: Linux 3.10.0-327.36.3.el7.x86_64 amd64
[19:13:19,207][INFO][main][IgniteKernal] OS user: s1626297
[19:13:19,208][INFO][main][IgniteKernal] Language runtime: Java Platform API Specification ver. 1.8
[19:13:19,208][INFO][main][IgniteKernal] VM information: Java(TM) SE Runtime Environment 1.8.0_91-b14 Oracle Corporation Java HotSpot(TM) 64-Bit Server VM 25.91-b14
[19:13:19,210][INFO][main][IgniteKernal] VM total memory: 3.5GB
[19:13:19,210][INFO][main][IgniteKernal] Remote Management [restart: off, REST: on, JMX (remote: off)]
[19:13:19,210][INFO][main][IgniteKernal] IGNITE_HOME=/afs/inf.ed.ac.uk/user/s16/s1626297/Desktop/ds/apache-ignite-fabric-1.7.0-bin
[19:13:19,211][INFO][main][IgniteKernal] VM arguments: [-DIGNITE_HOME=/afs/inf.ed.ac.uk/user/s16/s1626297/Desktop/ds/apache-ignite-fabric-1.7.0-bin, -Didea.launcher.port=7552, -Didea.launcher.bin.path=/opt/idea-ce/bin, -Dfile.encoding=UTF-8]
[19:13:19,211][INFO][main][IgniteKernal] Configured caches ['ignite-marshaller-sys-cache', 'ignite-sys-cache', 'ignite-atomics-sys-cache']
[19:13:19,211][WARNING][main][IgniteKernal] Peer class loading is enabled (disable it in production for performance and deployment consistency reasons)
[19:13:19,221][INFO][main][IgniteKernal] 3-rd party licenses can be found at: /afs/inf.ed.ac.uk/user/s16/s1626297/Desktop/ds/apache-ignite-fabric-1.7.0-bin/libs/licenses
[19:13:19,238][WARNING][pub-#26%null%][GridDiagnostic] Initial heap size is 250MB (should be no less than 512MB, use -Xms512m -Xmx512m).
[19:13:19,305][INFO][main][IgniteKernal] Non-loopback local IPs: 129.215.2.16, fe80:0:0:0:4a0f:cfff:fe5c:a96f%em1
[19:13:19,306][INFO][main][IgniteKernal] Enabled local MACs: 480FCF5CA96F
[19:13:19,339][INFO][main][IgnitePluginProcessor] Configured plugins:
[19:13:19,339][INFO][main][IgnitePluginProcessor]   ^-- None
[19:13:19,339][INFO][main][IgnitePluginProcessor] 
[19:13:19,579][INFO][main][TcpCommunicationSpi] IPC shared memory server endpoint started [port=48102, tokDir=/afs/inf.ed.ac.uk/user/s16/s1626297/Desktop/ds/apache-ignite-fabric-1.7.0-bin/work/ipc/shmem/5e925014-6cd8-4d18-a0e0-54660d566d76-18117]
[19:13:19,579][INFO][main][TcpCommunicationSpi] Successfully bound shared memory communication to TCP port [port=48102, locHost=0.0.0.0/0.0.0.0]
[19:13:19,630][INFO][main][TcpCommunicationSpi] Successfully bound to TCP port [port=47102, locHost=0.0.0.0/0.0.0.0]
[19:13:19,699][WARNING][main][NoopCheckpointSpi] Checkpoints are disabled (to enable configure any GridCheckpointSpi implementation)
[19:13:19,735][WARNING][main][GridCollisionManager] Collision resolution is disabled (all jobs will be activated upon arrival).
[19:13:19,740][WARNING][main][NoopSwapSpaceSpi] Swap space is disabled. To enable use FileSwapSpaceSpi.
[19:13:19,742][INFO][main][IgniteKernal] Security status [authentication=off, tls/ssl=off]
[19:13:20,115][WARNING][main][IgniteH2Indexing] Serialization of Java objects in H2 was enabled.
[19:13:20,219][INFO][main][GridTcpRestProtocol] Command protocol successfully started [name=TCP binary, host=0.0.0.0/0.0.0.0, port=11213]
[19:13:20,887][INFO][main][GridCacheProcessor] Started cache [name=ignite-sys-cache, mode=REPLICATED]
[19:13:20,901][INFO][main][GridCacheProcessor] Started cache [name=ignite-atomics-sys-cache, mode=PARTITIONED]
[19:13:20,928][INFO][main][GridCacheProcessor] Started cache [name=ignite-marshaller-sys-cache, mode=REPLICATED]
[19:13:21,151][INFO][main][IgniteKernal] Performance suggestions for grid  (fix if possible)
[19:13:21,151][INFO][main][IgniteKernal] To disable, set -DIGNITE_PERFORMANCE_SUGGESTIONS_DISABLED=true
[19:13:21,152][INFO][main][IgniteKernal]   ^-- Disable peer class loading (set 'peerClassLoadingEnabled' to false)
[19:13:21,152][INFO][main][IgniteKernal]   ^-- Disable grid events (remove 'includeEventTypes' from configuration)
[19:13:21,152][INFO][main][IgniteKernal] 
[19:13:21,152][INFO][main][IgniteKernal] To start Console Management & Monitoring run ignitevisorcmd.{sh|bat}
[19:13:21,153][INFO][main][IgniteKernal] 
[19:13:21,153][INFO][main][IgniteKernal] 

>>> +----------------------------------------------------------------------+
>>> Ignite ver. 1.7.0#20160801-sha1:383273e3f66f702de2482466dce954d570a8ccf2
>>> +----------------------------------------------------------------------+
>>> OS name: Linux 3.10.0-327.36.3.el7.x86_64 amd64
>>> CPU(s): 4
>>> Heap: 3.5GB
>>> VM name: 18117@lloyd.inf.ed.ac.uk
>>> Local node [ID=5E925014-6CD8-4D18-A0E0-54660D566D76, order=11, clientMode=true]
>>> Local node addresses: [lloyd.inf.ed.ac.uk/0:0:0:0:0:0:0:1%lo, /127.0.0.1, /129.215.2.16]
>>> Local ports: TCP:11213 TCP:47102 TCP:48102 

[19:13:21,155][INFO][main][GridDiscoveryManager] Topology snapshot [ver=11, servers=1, clients=2, CPUs=4, heap=7.9GB]
[19:13:21,208][INFO][exchange-worker-#45%null%][GridCacheProcessor] Started cache [name=partB, mode=PARTITIONED]
[19:13:21,817][INFO][main][GridDeploymentLocalStore] Class locally deployed: class partC.StreamOne$1
[19:13:23,983][INFO][main][GridTcpRestProtocol] Command protocol successfully stopped: TCP binary
[19:13:24,000][INFO][main][GridCacheProcessor] Stopped cache: ignite-marshaller-sys-cache
[19:13:24,000][INFO][main][GridCacheProcessor] Stopped cache: ignite-sys-cache
[19:13:24,000][INFO][main][GridCacheProcessor] Stopped cache: ignite-atomics-sys-cache
[19:13:24,000][INFO][main][GridCacheProcessor] Stopped cache: partB
[19:13:24,018][INFO][main][GridDeploymentLocalStore] Removed undeployed class: GridDeployment [ts=1479064401066, depMode=SHARED, clsLdr=sun.misc.Launcher$AppClassLoader@4dc63996, clsLdrId=517ab1f5851-5e925014-6cd8-4d18-a0e0-54660d566d76, userVer=0, loc=true, sampleClsName=org.apache.ignite.internal.processors.cache.distributed.dht.preloader.GridDhtPartitionFullMap, pendingUndeploy=false, undeployed=true, usage=0]
[19:13:24,039][INFO][main][IgniteKernal] 

>>> +---------------------------------------------------------------------------------+
>>> Ignite ver. 1.7.0#20160801-sha1:383273e3f66f702de2482466dce954d570a8ccf2 stopped OK
>>> +---------------------------------------------------------------------------------+
>>> Grid uptime: 00:00:02:886


