[15:53:00,981][INFO][main][IgniteKernal] 

>>>    __________  ________________  
>>>   /  _/ ___/ |/ /  _/_  __/ __/  
>>>  _/ // (7 7    // /  / / / _/    
>>> /___/\___/_/|_/___/ /_/ /___/   
>>> 
>>> ver. 1.7.0#20160801-sha1:383273e3
>>> 2016 Copyright(C) Apache Software Foundation
>>> 
>>> Ignite documentation: http://ignite.apache.org

[15:53:00,982][INFO][main][IgniteKernal] Config URL: file:/afs/inf.ed.ac.uk/user/s16/s1626297/Desktop/ds/apache-ignite-fabric-1.7.0-bin/examples/config/example-ignite-no-discovery.xml
[15:53:00,982][INFO][main][IgniteKernal] Daemon mode: off
[15:53:00,982][INFO][main][IgniteKernal] OS: Linux 3.10.0-327.36.3.el7.x86_64 amd64
[15:53:00,983][INFO][main][IgniteKernal] OS user: s1626297
[15:53:00,983][INFO][main][IgniteKernal] Language runtime: Java Platform API Specification ver. 1.8
[15:53:00,983][INFO][main][IgniteKernal] VM information: Java(TM) SE Runtime Environment 1.8.0_91-b14 Oracle Corporation Java HotSpot(TM) 64-Bit Server VM 25.91-b14
[15:53:00,984][INFO][main][IgniteKernal] VM total memory: 1.7GB
[15:53:00,985][INFO][main][IgniteKernal] Remote Management [restart: off, REST: on, JMX (remote: off)]
[15:53:00,985][INFO][main][IgniteKernal] IGNITE_HOME=/afs/inf.ed.ac.uk/user/s16/s1626297/Desktop/ds/apache-ignite-fabric-1.7.0-bin
[15:53:00,985][INFO][main][IgniteKernal] VM arguments: [-DIGNITE_HOME=/afs/inf.ed.ac.uk/user/s16/s1626297/Desktop/ds/apache-ignite-fabric-1.7.0-bin, -Didea.launcher.port=7535, -Didea.launcher.bin.path=/opt/idea-ce/bin, -Dfile.encoding=UTF-8]
[15:53:00,985][INFO][main][IgniteKernal] Configured caches ['ignite-marshaller-sys-cache', 'ignite-sys-cache', 'ignite-atomics-sys-cache']
[15:53:00,985][WARNING][main][IgniteKernal] Peer class loading is enabled (disable it in production for performance and deployment consistency reasons)
[15:53:00,989][INFO][main][IgniteKernal] 3-rd party licenses can be found at: /afs/inf.ed.ac.uk/user/s16/s1626297/Desktop/ds/apache-ignite-fabric-1.7.0-bin/libs/licenses
[15:53:00,992][WARNING][pub-#26%null%][GridDiagnostic] Initial heap size is 124MB (should be no less than 512MB, use -Xms512m -Xmx512m).
[15:53:01,046][INFO][main][IgniteKernal] Non-loopback local IPs: 129.215.3.62, fe80:0:0:0:8a51:fbff:fe55:4f8e%em1
[15:53:01,046][INFO][main][IgniteKernal] Enabled local MACs: 8851FB554F8E
[15:53:01,062][INFO][main][IgnitePluginProcessor] Configured plugins:
[15:53:01,062][INFO][main][IgnitePluginProcessor]   ^-- None
[15:53:01,062][INFO][main][IgnitePluginProcessor] 
[15:53:01,187][INFO][main][TcpCommunicationSpi] IPC shared memory server endpoint started [port=48102, tokDir=/afs/inf.ed.ac.uk/user/s16/s1626297/Desktop/ds/apache-ignite-fabric-1.7.0-bin/work/ipc/shmem/f3693cd7-1790-4d5c-be24-72b04e3939e7-22354]
[15:53:01,187][INFO][main][TcpCommunicationSpi] Successfully bound shared memory communication to TCP port [port=48102, locHost=0.0.0.0/0.0.0.0]
[15:53:01,211][INFO][main][TcpCommunicationSpi] Successfully bound to TCP port [port=47102, locHost=0.0.0.0/0.0.0.0]
[15:53:01,247][WARNING][main][NoopCheckpointSpi] Checkpoints are disabled (to enable configure any GridCheckpointSpi implementation)
[15:53:01,268][WARNING][main][GridCollisionManager] Collision resolution is disabled (all jobs will be activated upon arrival).
[15:53:01,271][WARNING][main][NoopSwapSpaceSpi] Swap space is disabled. To enable use FileSwapSpaceSpi.
[15:53:01,275][INFO][main][IgniteKernal] Security status [authentication=off, tls/ssl=off]
[15:53:01,492][WARNING][main][IgniteH2Indexing] Serialization of Java objects in H2 was enabled.
[15:53:01,547][INFO][main][GridTcpRestProtocol] Command protocol successfully started [name=TCP binary, host=0.0.0.0/0.0.0.0, port=11213]
[15:53:01,938][INFO][main][GridCacheProcessor] Started cache [name=ignite-sys-cache, mode=REPLICATED]
[15:53:01,948][INFO][main][GridCacheProcessor] Started cache [name=ignite-atomics-sys-cache, mode=PARTITIONED]
[15:53:01,963][INFO][main][GridCacheProcessor] Started cache [name=ignite-marshaller-sys-cache, mode=REPLICATED]
[15:53:02,130][INFO][main][IgniteKernal] Performance suggestions for grid  (fix if possible)
[15:53:02,130][INFO][main][IgniteKernal] To disable, set -DIGNITE_PERFORMANCE_SUGGESTIONS_DISABLED=true
[15:53:02,131][INFO][main][IgniteKernal]   ^-- Disable peer class loading (set 'peerClassLoadingEnabled' to false)
[15:53:02,131][INFO][main][IgniteKernal]   ^-- Disable grid events (remove 'includeEventTypes' from configuration)
[15:53:02,131][INFO][main][IgniteKernal] 
[15:53:02,131][INFO][main][IgniteKernal] To start Console Management & Monitoring run ignitevisorcmd.{sh|bat}
[15:53:02,131][INFO][main][IgniteKernal] 
[15:53:02,132][INFO][main][IgniteKernal] 

>>> +----------------------------------------------------------------------+
>>> Ignite ver. 1.7.0#20160801-sha1:383273e3f66f702de2482466dce954d570a8ccf2
>>> +----------------------------------------------------------------------+
>>> OS name: Linux 3.10.0-327.36.3.el7.x86_64 amd64
>>> CPU(s): 4
>>> Heap: 1.7GB
>>> VM name: 22354@parrot.inf.ed.ac.uk
>>> Local node [ID=F3693CD7-1790-4D5C-BE24-72B04E3939E7, order=3, clientMode=true]
>>> Local node addresses: [parrot.inf.ed.ac.uk/0:0:0:0:0:0:0:1%lo, /127.0.0.1, /129.215.3.62]
>>> Local ports: TCP:11213 TCP:47102 TCP:48102 

[15:53:02,133][INFO][main][GridDiscoveryManager] Topology snapshot [ver=3, servers=1, clients=2, CPUs=4, heap=4.4GB]
[15:53:02,184][INFO][exchange-worker-#45%null%][GridCacheProcessor] Started cache [name=words, mode=PARTITIONED]
[15:53:11,744][INFO][ignite-update-notifier-timer][GridUpdateNotifier] Your version is up to date.
[15:54:02,131][INFO][grid-timeout-worker-#27%null%][IgniteKernal] 
Metrics for local node (to disable set 'metricsLogFrequency' to 0)
    ^-- Node [id=f3693cd7, name=null, uptime=00:01:00:009]
    ^-- H/N/C [hosts=1, nodes=3, CPUs=4]
    ^-- CPU [cur=0.1%, avg=0.24%, GC=0%]
    ^-- Heap [used=78MB, free=95.53%, comm=159MB]
    ^-- Non heap [used=39MB, free=-1%, comm=39MB]
    ^-- Public thread pool [active=0, idle=6, qSize=0]
    ^-- System thread pool [active=0, idle=16, qSize=0]
    ^-- Outbound messages queue [size=0]
[15:55:02,139][INFO][grid-timeout-worker-#27%null%][IgniteKernal] 
Metrics for local node (to disable set 'metricsLogFrequency' to 0)
    ^-- Node [id=f3693cd7, name=null, uptime=00:02:00:013]
    ^-- H/N/C [hosts=1, nodes=3, CPUs=4]
    ^-- CPU [cur=0.1%, avg=0.22%, GC=0%]
    ^-- Heap [used=39MB, free=97.74%, comm=191MB]
    ^-- Non heap [used=39MB, free=-1%, comm=40MB]
    ^-- Public thread pool [active=0, idle=6, qSize=0]
    ^-- System thread pool [active=0, idle=16, qSize=0]
    ^-- Outbound messages queue [size=0]
[15:56:02,145][INFO][grid-timeout-worker-#27%null%][IgniteKernal] 
Metrics for local node (to disable set 'metricsLogFrequency' to 0)
    ^-- Node [id=f3693cd7, name=null, uptime=00:03:00:022]
    ^-- H/N/C [hosts=1, nodes=3, CPUs=4]
    ^-- CPU [cur=0.23%, avg=0.22%, GC=0%]
    ^-- Heap [used=87MB, free=95.02%, comm=191MB]
    ^-- Non heap [used=39MB, free=-1%, comm=40MB]
    ^-- Public thread pool [active=0, idle=6, qSize=0]
    ^-- System thread pool [active=0, idle=16, qSize=0]
    ^-- Outbound messages queue [size=0]
