[19:34:53,614][INFO][main][IgniteKernal] 

>>>    __________  ________________  
>>>   /  _/ ___/ |/ /  _/_  __/ __/  
>>>  _/ // (7 7    // /  / / / _/    
>>> /___/\___/_/|_/___/ /_/ /___/   
>>> 
>>> ver. 1.7.0#20160801-sha1:383273e3
>>> 2016 Copyright(C) Apache Software Foundation
>>> 
>>> Ignite documentation: http://ignite.apache.org

[19:34:53,616][INFO][main][IgniteKernal] Config URL: file:/afs/inf.ed.ac.uk/user/s16/s1626297/Desktop/ds/apache-ignite-fabric-1.7.0-bin/examples/config/example-ignite.xml
[19:34:53,616][INFO][main][IgniteKernal] Daemon mode: off
[19:34:53,616][INFO][main][IgniteKernal] OS: Linux 3.10.0-327.36.3.el7.x86_64 amd64
[19:34:53,616][INFO][main][IgniteKernal] OS user: s1626297
[19:34:53,616][INFO][main][IgniteKernal] Language runtime: Java Platform API Specification ver. 1.8
[19:34:53,616][INFO][main][IgniteKernal] VM information: Java(TM) SE Runtime Environment 1.8.0_91-b14 Oracle Corporation Java HotSpot(TM) 64-Bit Server VM 25.91-b14
[19:34:53,618][INFO][main][IgniteKernal] VM total memory: 1.7GB
[19:34:53,618][INFO][main][IgniteKernal] Remote Management [restart: off, REST: on, JMX (remote: off)]
[19:34:53,618][INFO][main][IgniteKernal] IGNITE_HOME=/afs/inf.ed.ac.uk/user/s16/s1626297/Desktop/ds/apache-ignite-fabric-1.7.0-bin
[19:34:53,619][INFO][main][IgniteKernal] VM arguments: [-DIGNITE_HOME=/afs/inf.ed.ac.uk/user/s16/s1626297/Desktop/ds/apache-ignite-fabric-1.7.0-bin, -Didea.launcher.port=7541, -Didea.launcher.bin.path=/opt/idea-ce/bin, -Dfile.encoding=UTF-8]
[19:34:53,619][INFO][main][IgniteKernal] Configured caches ['ignite-marshaller-sys-cache', 'ignite-sys-cache', 'ignite-atomics-sys-cache']
[19:34:53,619][WARNING][main][IgniteKernal] Peer class loading is enabled (disable it in production for performance and deployment consistency reasons)
[19:34:53,634][INFO][main][IgniteKernal] 3-rd party licenses can be found at: /afs/inf.ed.ac.uk/user/s16/s1626297/Desktop/ds/apache-ignite-fabric-1.7.0-bin/libs/licenses
[19:34:53,638][WARNING][pub-#26%null%][GridDiagnostic] Initial heap size is 124MB (should be no less than 512MB, use -Xms512m -Xmx512m).
[19:34:53,697][INFO][main][IgniteKernal] Non-loopback local IPs: 129.215.3.58, fe80:0:0:0:ea39:35ff:fe47:8f2e%em1
[19:34:53,698][INFO][main][IgniteKernal] Enabled local MACs: E83935478F2E
[19:34:53,715][INFO][main][IgnitePluginProcessor] Configured plugins:
[19:34:53,716][INFO][main][IgnitePluginProcessor]   ^-- None
[19:34:53,716][INFO][main][IgnitePluginProcessor] 
[19:34:53,851][INFO][main][TcpCommunicationSpi] IPC shared memory server endpoint started [port=48100, tokDir=/afs/inf.ed.ac.uk/user/s16/s1626297/Desktop/ds/apache-ignite-fabric-1.7.0-bin/work/ipc/shmem/01e20095-c1ba-4409-99f8-1bb63f270505-30366]
[19:34:53,851][INFO][main][TcpCommunicationSpi] Successfully bound shared memory communication to TCP port [port=48100, locHost=0.0.0.0/0.0.0.0]
[19:34:53,871][INFO][main][TcpCommunicationSpi] Successfully bound to TCP port [port=47100, locHost=0.0.0.0/0.0.0.0]
[19:34:53,923][WARNING][main][NoopCheckpointSpi] Checkpoints are disabled (to enable configure any GridCheckpointSpi implementation)
[19:34:53,961][WARNING][main][GridCollisionManager] Collision resolution is disabled (all jobs will be activated upon arrival).
[19:34:53,965][WARNING][main][NoopSwapSpaceSpi] Swap space is disabled. To enable use FileSwapSpaceSpi.
[19:34:53,966][INFO][main][IgniteKernal] Security status [authentication=off, tls/ssl=off]
[19:34:54,234][WARNING][main][IgniteH2Indexing] Serialization of Java objects in H2 was enabled.
[19:34:54,296][INFO][main][GridTcpRestProtocol] Command protocol successfully started [name=TCP binary, host=0.0.0.0/0.0.0.0, port=11211]
[19:35:02,075][INFO][main][GridCacheProcessor] Started cache [name=ignite-sys-cache, mode=REPLICATED]
[19:35:02,087][INFO][main][GridCacheProcessor] Started cache [name=ignite-atomics-sys-cache, mode=PARTITIONED]
[19:35:02,104][INFO][main][GridCacheProcessor] Started cache [name=ignite-marshaller-sys-cache, mode=REPLICATED]
[19:35:02,316][INFO][main][IgniteKernal] Performance suggestions for grid  (fix if possible)
[19:35:02,316][INFO][main][IgniteKernal] To disable, set -DIGNITE_PERFORMANCE_SUGGESTIONS_DISABLED=true
[19:35:02,317][INFO][main][IgniteKernal]   ^-- Disable peer class loading (set 'peerClassLoadingEnabled' to false)
[19:35:02,317][INFO][main][IgniteKernal]   ^-- Disable grid events (remove 'includeEventTypes' from configuration)
[19:35:02,317][INFO][main][IgniteKernal] 
[19:35:02,317][INFO][main][IgniteKernal] To start Console Management & Monitoring run ignitevisorcmd.{sh|bat}
[19:35:02,317][INFO][main][IgniteKernal] 
[19:35:02,318][INFO][main][IgniteKernal] 

>>> +----------------------------------------------------------------------+
>>> Ignite ver. 1.7.0#20160801-sha1:383273e3f66f702de2482466dce954d570a8ccf2
>>> +----------------------------------------------------------------------+
>>> OS name: Linux 3.10.0-327.36.3.el7.x86_64 amd64
>>> CPU(s): 4
>>> Heap: 1.7GB
>>> VM name: 30366@combeferre.inf.ed.ac.uk
>>> Local node [ID=01E20095-C1BA-4409-99F8-1BB63F270505, order=312, clientMode=true]
>>> Local node addresses: [combeferre.inf.ed.ac.uk/0:0:0:0:0:0:0:1%lo, /127.0.0.1, /129.215.3.58]
>>> Local ports: TCP:11211 TCP:47100 UDP:47400 TCP:48100 

[19:35:02,319][INFO][main][GridDiscoveryManager] Topology snapshot [ver=312, servers=2, clients=5, CPUs=16, heap=12.0GB]
[19:35:02,369][INFO][exchange-worker-#44%null%][GridCacheProcessor] Started cache [name=words, mode=PARTITIONED]
[19:35:02,420][INFO][main][GridTcpRestProtocol] Command protocol successfully stopped: TCP binary
[19:35:02,439][INFO][main][GridCacheProcessor] Stopped cache: ignite-marshaller-sys-cache
[19:35:02,439][INFO][main][GridCacheProcessor] Stopped cache: ignite-sys-cache
[19:35:02,439][INFO][main][GridCacheProcessor] Stopped cache: ignite-atomics-sys-cache
[19:35:02,439][INFO][main][GridCacheProcessor] Stopped cache: words
[19:35:02,446][INFO][main][GridDeploymentLocalStore] Removed undeployed class: GridDeployment [ts=1478633702226, depMode=SHARED, clsLdr=sun.misc.Launcher$AppClassLoader@4dc63996, clsLdrId=36e9f654851-01e20095-c1ba-4409-99f8-1bb63f270505, userVer=0, loc=true, sampleClsName=org.apache.ignite.internal.processors.cache.distributed.dht.preloader.GridDhtPartitionFullMap, pendingUndeploy=false, undeployed=true, usage=0]
[19:35:02,455][INFO][main][IgniteKernal] 

>>> +---------------------------------------------------------------------------------+
>>> Ignite ver. 1.7.0#20160801-sha1:383273e3f66f702de2482466dce954d570a8ccf2 stopped OK
>>> +---------------------------------------------------------------------------------+
>>> Grid uptime: 00:00:00:141


