[00:09:29,987][INFO][main][IgniteKernal] 

>>>    __________  ________________  
>>>   /  _/ ___/ |/ /  _/_  __/ __/  
>>>  _/ // (7 7    // /  / / / _/    
>>> /___/\___/_/|_/___/ /_/ /___/   
>>> 
>>> ver. 1.7.0#20160801-sha1:383273e3
>>> 2016 Copyright(C) Apache Software Foundation
>>> 
>>> Ignite documentation: http://ignite.apache.org

[00:09:29,988][INFO][main][IgniteKernal] Config URL: file:/afs/inf.ed.ac.uk/user/s16/s1626297/Desktop/ds/apache-ignite-fabric-1.7.0-bin/examples/config/example-ignite-no-discovery.xml
[00:09:29,989][INFO][main][IgniteKernal] Daemon mode: off
[00:09:29,989][INFO][main][IgniteKernal] OS: Linux 3.10.0-327.36.3.el7.x86_64 amd64
[00:09:29,989][INFO][main][IgniteKernal] OS user: s1626297
[00:09:29,989][INFO][main][IgniteKernal] Language runtime: Java Platform API Specification ver. 1.8
[00:09:29,989][INFO][main][IgniteKernal] VM information: Java(TM) SE Runtime Environment 1.8.0_91-b14 Oracle Corporation Java HotSpot(TM) 64-Bit Server VM 25.91-b14
[00:09:29,991][INFO][main][IgniteKernal] VM total memory: 1.7GB
[00:09:29,991][INFO][main][IgniteKernal] Remote Management [restart: off, REST: on, JMX (remote: off)]
[00:09:29,991][INFO][main][IgniteKernal] IGNITE_HOME=/afs/inf.ed.ac.uk/user/s16/s1626297/Desktop/ds/apache-ignite-fabric-1.7.0-bin
[00:09:29,991][INFO][main][IgniteKernal] VM arguments: [-DIGNITE_HOME=/afs/inf.ed.ac.uk/user/s16/s1626297/Desktop/ds/apache-ignite-fabric-1.7.0-bin, -Didea.launcher.port=7536, -Didea.launcher.bin.path=/opt/idea-ce/bin, -Dfile.encoding=UTF-8]
[00:09:29,991][INFO][main][IgniteKernal] Configured caches ['ignite-marshaller-sys-cache', 'ignite-sys-cache', 'ignite-atomics-sys-cache']
[00:09:29,991][WARNING][main][IgniteKernal] Peer class loading is enabled (disable it in production for performance and deployment consistency reasons)
[00:09:29,995][INFO][main][IgniteKernal] 3-rd party licenses can be found at: /afs/inf.ed.ac.uk/user/s16/s1626297/Desktop/ds/apache-ignite-fabric-1.7.0-bin/libs/licenses
[00:09:29,997][WARNING][pub-#26%null%][GridDiagnostic] Initial heap size is 124MB (should be no less than 512MB, use -Xms512m -Xmx512m).
[00:09:30,049][INFO][main][IgniteKernal] Non-loopback local IPs: 129.215.3.62, fe80:0:0:0:8a51:fbff:fe55:4f8e%em1
[00:09:30,050][INFO][main][IgniteKernal] Enabled local MACs: 8851FB554F8E
[00:09:30,064][INFO][main][IgnitePluginProcessor] Configured plugins:
[00:09:30,065][INFO][main][IgnitePluginProcessor]   ^-- None
[00:09:30,066][INFO][main][IgnitePluginProcessor] 
[00:09:30,189][INFO][main][TcpCommunicationSpi] IPC shared memory server endpoint started [port=48101, tokDir=/afs/inf.ed.ac.uk/user/s16/s1626297/Desktop/ds/apache-ignite-fabric-1.7.0-bin/work/ipc/shmem/9836c6ad-c867-4e36-890f-1c4bf7c5aa9c-22091]
[00:09:30,189][INFO][main][TcpCommunicationSpi] Successfully bound shared memory communication to TCP port [port=48101, locHost=0.0.0.0/0.0.0.0]
[00:09:30,211][INFO][main][TcpCommunicationSpi] Successfully bound to TCP port [port=47101, locHost=0.0.0.0/0.0.0.0]
[00:09:30,255][WARNING][main][NoopCheckpointSpi] Checkpoints are disabled (to enable configure any GridCheckpointSpi implementation)
[00:09:30,284][WARNING][main][GridCollisionManager] Collision resolution is disabled (all jobs will be activated upon arrival).
[00:09:30,287][WARNING][main][NoopSwapSpaceSpi] Swap space is disabled. To enable use FileSwapSpaceSpi.
[00:09:30,290][INFO][main][IgniteKernal] Security status [authentication=off, tls/ssl=off]
[00:09:30,515][WARNING][main][IgniteH2Indexing] Serialization of Java objects in H2 was enabled.
[00:09:30,566][INFO][main][GridTcpRestProtocol] Command protocol successfully started [name=TCP binary, host=0.0.0.0/0.0.0.0, port=11212]
[00:09:30,967][INFO][main][GridCacheProcessor] Started cache [name=ignite-sys-cache, mode=REPLICATED]
[00:09:30,977][INFO][main][GridCacheProcessor] Started cache [name=ignite-atomics-sys-cache, mode=PARTITIONED]
[00:09:30,992][INFO][main][GridCacheProcessor] Started cache [name=ignite-marshaller-sys-cache, mode=REPLICATED]
[00:09:31,184][INFO][main][IgniteKernal] Performance suggestions for grid  (fix if possible)
[00:09:31,184][INFO][main][IgniteKernal] To disable, set -DIGNITE_PERFORMANCE_SUGGESTIONS_DISABLED=true
[00:09:31,185][INFO][main][IgniteKernal]   ^-- Disable peer class loading (set 'peerClassLoadingEnabled' to false)
[00:09:31,185][INFO][main][IgniteKernal]   ^-- Disable grid events (remove 'includeEventTypes' from configuration)
[00:09:31,185][INFO][main][IgniteKernal] 
[00:09:31,185][INFO][main][IgniteKernal] To start Console Management & Monitoring run ignitevisorcmd.{sh|bat}
[00:09:31,185][INFO][main][IgniteKernal] 
[00:09:31,186][INFO][main][IgniteKernal] 

>>> +----------------------------------------------------------------------+
>>> Ignite ver. 1.7.0#20160801-sha1:383273e3f66f702de2482466dce954d570a8ccf2
>>> +----------------------------------------------------------------------+
>>> OS name: Linux 3.10.0-327.36.3.el7.x86_64 amd64
>>> CPU(s): 4
>>> Heap: 1.7GB
>>> VM name: 22091@parrot.inf.ed.ac.uk
>>> Local node [ID=9836C6AD-C867-4E36-890F-1C4BF7C5AA9C, order=92, clientMode=true]
>>> Local node addresses: [parrot.inf.ed.ac.uk/0:0:0:0:0:0:0:1%lo, /127.0.0.1, /129.215.3.62]
>>> Local ports: TCP:11212 TCP:47101 TCP:48101 

[00:09:31,187][INFO][main][GridDiscoveryManager] Topology snapshot [ver=92, servers=1, clients=1, CPUs=4, heap=2.7GB]
[00:09:31,227][INFO][exchange-worker-#45%null%][GridCacheProcessor] Started cache [name=partA, mode=PARTITIONED]
[00:09:31,417][INFO][main][GridDeploymentLocalStore] Class locally deployed: class wordcount.StreamWords$1
[00:09:39,517][INFO][disco-event-worker-#42%null%][GridDiscoveryManager] Added new node to topology: TcpDiscoveryNode [id=7433bf36-a73b-48e0-a73c-01459cd90917, addrs=[0:0:0:0:0:0:0:1%lo, 127.0.0.1, 129.215.3.62], sockAddrs=[parrot.inf.ed.ac.uk/129.215.3.62:0, /0:0:0:0:0:0:0:1%lo:0, /127.0.0.1:0], discPort=0, order=93, intOrder=48, lastExchangeTime=1478909379491, loc=false, ver=1.7.0#20160801-sha1:383273e3, isClient=true]
[00:09:39,518][INFO][disco-event-worker-#42%null%][GridDiscoveryManager] Topology snapshot [ver=93, servers=1, clients=2, CPUs=4, heap=4.4GB]
[00:09:40,756][INFO][ignite-update-notifier-timer][GridUpdateNotifier] Your version is up to date.
[00:10:31,188][INFO][grid-timeout-worker-#27%null%][IgniteKernal] 
Metrics for local node (to disable set 'metricsLogFrequency' to 0)
    ^-- Node [id=9836c6ad, name=null, uptime=00:01:00:009]
    ^-- H/N/C [hosts=1, nodes=3, CPUs=4]
    ^-- CPU [cur=8.5%, avg=7.97%, GC=0.13%]
    ^-- Heap [used=373MB, free=78.65%, comm=685MB]
    ^-- Non heap [used=42MB, free=-1%, comm=44MB]
    ^-- Public thread pool [active=0, idle=16, qSize=0]
    ^-- System thread pool [active=0, idle=16, qSize=0]
    ^-- Outbound messages queue [size=0]
[00:11:31,188][INFO][grid-timeout-worker-#27%null%][IgniteKernal] 
Metrics for local node (to disable set 'metricsLogFrequency' to 0)
    ^-- Node [id=9836c6ad, name=null, uptime=00:02:00:010]
    ^-- H/N/C [hosts=1, nodes=3, CPUs=4]
    ^-- CPU [cur=8.67%, avg=8.27%, GC=0.3%]
    ^-- Heap [used=243MB, free=86.06%, comm=566MB]
    ^-- Non heap [used=42MB, free=-1%, comm=44MB]
    ^-- Public thread pool [active=0, idle=16, qSize=0]
    ^-- System thread pool [active=0, idle=16, qSize=0]
    ^-- Outbound messages queue [size=0]
[00:12:31,195][INFO][grid-timeout-worker-#27%null%][IgniteKernal] 
Metrics for local node (to disable set 'metricsLogFrequency' to 0)
    ^-- Node [id=9836c6ad, name=null, uptime=00:03:00:015]
    ^-- H/N/C [hosts=1, nodes=3, CPUs=4]
    ^-- CPU [cur=7.1%, avg=8.21%, GC=0.1%]
    ^-- Heap [used=374MB, free=78.57%, comm=660MB]
    ^-- Non heap [used=41MB, free=-1%, comm=44MB]
    ^-- Public thread pool [active=0, idle=16, qSize=0]
    ^-- System thread pool [active=0, idle=16, qSize=0]
    ^-- Outbound messages queue [size=0]
[00:13:31,202][INFO][grid-timeout-worker-#27%null%][IgniteKernal] 
Metrics for local node (to disable set 'metricsLogFrequency' to 0)
    ^-- Node [id=9836c6ad, name=null, uptime=00:04:00:024]
    ^-- H/N/C [hosts=1, nodes=3, CPUs=4]
    ^-- CPU [cur=8.83%, avg=8.18%, GC=0.23%]
    ^-- Heap [used=209MB, free=88.02%, comm=706MB]
    ^-- Non heap [used=41MB, free=-1%, comm=44MB]
    ^-- Public thread pool [active=0, idle=16, qSize=0]
    ^-- System thread pool [active=0, idle=16, qSize=0]
    ^-- Outbound messages queue [size=0]
[00:13:49,982][INFO][disco-event-worker-#42%null%][GridDiscoveryManager] Node left topology: TcpDiscoveryNode [id=7433bf36-a73b-48e0-a73c-01459cd90917, addrs=[0:0:0:0:0:0:0:1%lo, 127.0.0.1, 129.215.3.62], sockAddrs=[parrot.inf.ed.ac.uk/129.215.3.62:0, /0:0:0:0:0:0:0:1%lo:0, /127.0.0.1:0], discPort=0, order=93, intOrder=48, lastExchangeTime=1478909379491, loc=false, ver=1.7.0#20160801-sha1:383273e3, isClient=true]
[00:13:49,982][INFO][disco-event-worker-#42%null%][GridDiscoveryManager] Topology snapshot [ver=94, servers=1, clients=1, CPUs=4, heap=2.7GB]
