[14:36:41,519][INFO][main][IgniteKernal] 

>>>    __________  ________________  
>>>   /  _/ ___/ |/ /  _/_  __/ __/  
>>>  _/ // (7 7    // /  / / / _/    
>>> /___/\___/_/|_/___/ /_/ /___/   
>>> 
>>> ver. 1.7.0#20160801-sha1:383273e3
>>> 2016 Copyright(C) Apache Software Foundation
>>> 
>>> Ignite documentation: http://ignite.apache.org

[14:36:41,521][INFO][main][IgniteKernal] Config URL: file:/afs/inf.ed.ac.uk/user/s16/s1626297/Desktop/ds/apache-ignite-fabric-1.7.0-bin/examples/config/example-ignite-no-discovery.xml
[14:36:41,521][INFO][main][IgniteKernal] Daemon mode: off
[14:36:41,521][INFO][main][IgniteKernal] OS: Linux 3.10.0-327.36.3.el7.x86_64 amd64
[14:36:41,521][INFO][main][IgniteKernal] OS user: s1626297
[14:36:41,521][INFO][main][IgniteKernal] Language runtime: Java Platform API Specification ver. 1.8
[14:36:41,521][INFO][main][IgniteKernal] VM information: Java(TM) SE Runtime Environment 1.8.0_91-b14 Oracle Corporation Java HotSpot(TM) 64-Bit Server VM 25.91-b14
[14:36:41,523][INFO][main][IgniteKernal] VM total memory: 1.7GB
[14:36:41,523][INFO][main][IgniteKernal] Remote Management [restart: off, REST: on, JMX (remote: off)]
[14:36:41,523][INFO][main][IgniteKernal] IGNITE_HOME=/afs/inf.ed.ac.uk/user/s16/s1626297/Desktop/ds/apache-ignite-fabric-1.7.0-bin
[14:36:41,523][INFO][main][IgniteKernal] VM arguments: []
[14:36:41,524][INFO][main][IgniteKernal] Configured caches ['ignite-marshaller-sys-cache', 'ignite-sys-cache', 'ignite-atomics-sys-cache']
[14:36:41,524][WARNING][main][IgniteKernal] Peer class loading is enabled (disable it in production for performance and deployment consistency reasons)
[14:36:41,527][INFO][main][IgniteKernal] 3-rd party licenses can be found at: /afs/inf.ed.ac.uk/user/s16/s1626297/Desktop/ds/apache-ignite-fabric-1.7.0-bin/libs/licenses
[14:36:41,530][WARNING][pub-#26%null%][GridDiagnostic] Initial heap size is 124MB (should be no less than 512MB, use -Xms512m -Xmx512m).
[14:36:41,575][INFO][main][IgniteKernal] Non-loopback local IPs: 129.215.2.60, fe80:0:0:0:ea39:35ff:fe48:4d89%em1
[14:36:41,575][INFO][main][IgniteKernal] Enabled local MACs: E83935484D89
[14:36:41,592][INFO][main][IgnitePluginProcessor] Configured plugins:
[14:36:41,592][INFO][main][IgnitePluginProcessor]   ^-- None
[14:36:41,592][INFO][main][IgnitePluginProcessor] 
[14:36:41,705][INFO][main][TcpCommunicationSpi] IPC shared memory server endpoint started [port=48101, tokDir=/afs/inf.ed.ac.uk/user/s16/s1626297/Desktop/ds/apache-ignite-fabric-1.7.0-bin/work/ipc/shmem/d438b4f3-8a85-462f-86af-2bba36fe1637-19036]
[14:36:41,705][INFO][main][TcpCommunicationSpi] Successfully bound shared memory communication to TCP port [port=48101, locHost=0.0.0.0/0.0.0.0]
[14:36:41,727][INFO][main][TcpCommunicationSpi] Successfully bound to TCP port [port=47101, locHost=0.0.0.0/0.0.0.0]
[14:36:41,767][WARNING][main][NoopCheckpointSpi] Checkpoints are disabled (to enable configure any GridCheckpointSpi implementation)
[14:36:41,794][WARNING][main][GridCollisionManager] Collision resolution is disabled (all jobs will be activated upon arrival).
[14:36:41,798][WARNING][main][NoopSwapSpaceSpi] Swap space is disabled. To enable use FileSwapSpaceSpi.
[14:36:41,799][INFO][main][IgniteKernal] Security status [authentication=off, tls/ssl=off]
[14:36:42,040][WARNING][main][IgniteH2Indexing] Serialization of Java objects in H2 was enabled.
[14:36:42,102][INFO][main][GridTcpRestProtocol] Command protocol successfully started [name=TCP binary, host=0.0.0.0/0.0.0.0, port=11212]
[14:36:42,572][INFO][main][GridCacheProcessor] Started cache [name=ignite-sys-cache, mode=REPLICATED]
[14:36:42,583][INFO][main][GridCacheProcessor] Started cache [name=ignite-atomics-sys-cache, mode=PARTITIONED]
[14:36:42,600][INFO][main][GridCacheProcessor] Started cache [name=ignite-marshaller-sys-cache, mode=REPLICATED]
[14:36:42,773][INFO][main][IgniteKernal] Performance suggestions for grid  (fix if possible)
[14:36:42,773][INFO][main][IgniteKernal] To disable, set -DIGNITE_PERFORMANCE_SUGGESTIONS_DISABLED=true
[14:36:42,773][INFO][main][IgniteKernal]   ^-- Disable peer class loading (set 'peerClassLoadingEnabled' to false)
[14:36:42,773][INFO][main][IgniteKernal]   ^-- Disable grid events (remove 'includeEventTypes' from configuration)
[14:36:42,773][INFO][main][IgniteKernal] 
[14:36:42,773][INFO][main][IgniteKernal] To start Console Management & Monitoring run ignitevisorcmd.{sh|bat}
[14:36:42,774][INFO][main][IgniteKernal] 
[14:36:42,774][INFO][main][IgniteKernal] 

>>> +----------------------------------------------------------------------+
>>> Ignite ver. 1.7.0#20160801-sha1:383273e3f66f702de2482466dce954d570a8ccf2
>>> +----------------------------------------------------------------------+
>>> OS name: Linux 3.10.0-327.36.3.el7.x86_64 amd64
>>> CPU(s): 4
>>> Heap: 1.7GB
>>> VM name: 19036@joly.inf.ed.ac.uk
>>> Local node [ID=D438B4F3-8A85-462F-86AF-2BBA36FE1637, order=8, clientMode=true]
>>> Local node addresses: [joly.inf.ed.ac.uk/0:0:0:0:0:0:0:1%lo, /127.0.0.1, /129.215.2.60]
>>> Local ports: TCP:11212 TCP:47101 TCP:48101 

[14:36:42,775][INFO][main][GridDiscoveryManager] Topology snapshot [ver=8, servers=1, clients=1, CPUs=4, heap=2.7GB]
[14:36:42,827][INFO][exchange-worker-#45%null%][GridCacheProcessor] Started cache [name=partC, mode=PARTITIONED]
[14:36:43,010][INFO][exchange-worker-#45%null%][GridCacheProcessor] Stopped cache: partC
[14:36:43,029][INFO][main][GridTcpRestProtocol] Command protocol successfully stopped: TCP binary
[14:36:43,041][INFO][main][GridCacheProcessor] Stopped cache: ignite-marshaller-sys-cache
[14:36:43,041][INFO][main][GridCacheProcessor] Stopped cache: ignite-sys-cache
[14:36:43,041][INFO][main][GridCacheProcessor] Stopped cache: ignite-atomics-sys-cache
[14:36:43,047][INFO][main][GridDeploymentLocalStore] Removed undeployed class: GridDeployment [ts=1479307002691, depMode=SHARED, clsLdr=sun.misc.Launcher$AppClassLoader@73d16e93, clsLdrId=0eb719d6851-d438b4f3-8a85-462f-86af-2bba36fe1637, userVer=0, loc=true, sampleClsName=org.apache.ignite.internal.processors.cache.distributed.dht.preloader.GridDhtPartitionFullMap, pendingUndeploy=false, undeployed=true, usage=0]
[14:36:43,061][INFO][main][IgniteKernal] 

>>> +---------------------------------------------------------------------------------+
>>> Ignite ver. 1.7.0#20160801-sha1:383273e3f66f702de2482466dce954d570a8ccf2 stopped OK
>>> +---------------------------------------------------------------------------------+
>>> Grid uptime: 00:00:00:293


