[16:25:56,301][INFO][main][IgniteKernal] 

>>>    __________  ________________  
>>>   /  _/ ___/ |/ /  _/_  __/ __/  
>>>  _/ // (7 7    // /  / / / _/    
>>> /___/\___/_/|_/___/ /_/ /___/   
>>> 
>>> ver. 1.7.0#20160801-sha1:383273e3
>>> 2016 Copyright(C) Apache Software Foundation
>>> 
>>> Ignite documentation: http://ignite.apache.org

[16:25:56,303][INFO][main][IgniteKernal] Config URL: file:/afs/inf.ed.ac.uk/user/s16/s1626297/Desktop/ds/apache-ignite-fabric-1.7.0-bin/examples/config/example-ignite-no-discovery.xml
[16:25:56,303][INFO][main][IgniteKernal] Daemon mode: off
[16:25:56,303][INFO][main][IgniteKernal] OS: Linux 3.10.0-327.36.3.el7.x86_64 amd64
[16:25:56,303][INFO][main][IgniteKernal] OS user: s1626297
[16:25:56,304][INFO][main][IgniteKernal] Language runtime: Java Platform API Specification ver. 1.8
[16:25:56,304][INFO][main][IgniteKernal] VM information: Java(TM) SE Runtime Environment 1.8.0_91-b14 Oracle Corporation Java HotSpot(TM) 64-Bit Server VM 25.91-b14
[16:25:56,305][INFO][main][IgniteKernal] VM total memory: 0.96GB
[16:25:56,306][INFO][main][IgniteKernal] Remote Management [restart: on, REST: on, JMX (remote: on, port: 49141, auth: off, ssl: off)]
[16:25:56,306][INFO][main][IgniteKernal] IGNITE_HOME=/afs/inf.ed.ac.uk/user/s16/s1626297/Desktop/ds/apache-ignite-fabric-1.7.0-bin
[16:25:56,306][INFO][main][IgniteKernal] VM arguments: [-Xms1g, -Xmx1g, -XX:+AggressiveOpts, -XX:MaxMetaspaceSize=256m, -DIGNITE_QUIET=true, -DIGNITE_SUCCESS_FILE=/afs/inf.ed.ac.uk/user/s16/s1626297/Desktop/ds/apache-ignite-fabric-1.7.0-bin/work/ignite_success_6a774864-38c2-4cf6-9039-bdcd6d640a78, -Dcom.sun.management.jmxremote, -Dcom.sun.management.jmxremote.port=49141, -Dcom.sun.management.jmxremote.authenticate=false, -Dcom.sun.management.jmxremote.ssl=false, -DIGNITE_HOME=/afs/inf.ed.ac.uk/user/s16/s1626297/Desktop/ds/apache-ignite-fabric-1.7.0-bin, -DIGNITE_PROG_NAME=/afs/inf.ed.ac.uk/user/s16/s1626297/Desktop/ds/apache-ignite-fabric-1.7.0-bin/bin/ignite.sh]
[16:25:56,306][INFO][main][IgniteKernal] Configured caches ['ignite-marshaller-sys-cache', 'ignite-sys-cache', 'ignite-atomics-sys-cache']
[16:25:56,306][WARNING][main][IgniteKernal] Peer class loading is enabled (disable it in production for performance and deployment consistency reasons)
[16:25:56,313][INFO][main][IgniteKernal] 3-rd party licenses can be found at: /afs/inf.ed.ac.uk/user/s16/s1626297/Desktop/ds/apache-ignite-fabric-1.7.0-bin/libs/licenses
[16:25:56,373][INFO][main][IgniteKernal] Non-loopback local IPs: 129.215.2.16, fe80:0:0:0:4a0f:cfff:fe5c:a96f%em1
[16:25:56,373][INFO][main][IgniteKernal] Enabled local MACs: 480FCF5CA96F
[16:25:56,393][INFO][main][IgnitePluginProcessor] Configured plugins:
[16:25:56,393][INFO][main][IgnitePluginProcessor]   ^-- None
[16:25:56,393][INFO][main][IgnitePluginProcessor] 
[16:25:56,561][INFO][main][TcpCommunicationSpi] IPC shared memory server endpoint started [port=48100, tokDir=/afs/inf.ed.ac.uk/user/s16/s1626297/Desktop/ds/apache-ignite-fabric-1.7.0-bin/work/ipc/shmem/349b0933-1357-42f9-87db-051220d022b2-25468]
[16:25:56,561][INFO][main][TcpCommunicationSpi] Successfully bound shared memory communication to TCP port [port=48100, locHost=0.0.0.0/0.0.0.0]
[16:25:56,590][INFO][main][TcpCommunicationSpi] Successfully bound to TCP port [port=47100, locHost=0.0.0.0/0.0.0.0]
[16:25:56,646][WARNING][main][NoopCheckpointSpi] Checkpoints are disabled (to enable configure any GridCheckpointSpi implementation)
[16:25:56,676][WARNING][main][GridCollisionManager] Collision resolution is disabled (all jobs will be activated upon arrival).
[16:25:56,681][WARNING][main][NoopSwapSpaceSpi] Swap space is disabled. To enable use FileSwapSpaceSpi.
[16:25:56,683][INFO][main][IgniteKernal] Security status [authentication=off, tls/ssl=off]
[16:25:56,996][WARNING][main][IgniteH2Indexing] Serialization of Java objects in H2 was enabled.
[16:25:57,085][INFO][main][GridTcpRestProtocol] Command protocol successfully started [name=TCP binary, host=0.0.0.0/0.0.0.0, port=11211]
[16:25:57,209][INFO][main][TcpDiscoverySpi] Successfully bound to TCP port [port=47500, localHost=0.0.0.0/0.0.0.0]
[16:25:57,596][INFO][main][GridCacheProcessor] Started cache [name=ignite-sys-cache, mode=REPLICATED]
[16:25:57,609][INFO][main][GridCacheProcessor] Started cache [name=ignite-atomics-sys-cache, mode=PARTITIONED]
[16:25:57,630][INFO][main][GridCacheProcessor] Started cache [name=ignite-marshaller-sys-cache, mode=REPLICATED]
[16:25:57,690][INFO][exchange-worker-#55%null%][GridCachePartitionExchangeManager] Skipping rebalancing (nothing scheduled) [top=AffinityTopologyVersion [topVer=1, minorTopVer=0], evt=NODE_JOINED, node=349b0933-1357-42f9-87db-051220d022b2]
[16:25:57,738][INFO][main][IgniteKernal] Performance suggestions for grid  (fix if possible)
[16:25:57,738][INFO][main][IgniteKernal] To disable, set -DIGNITE_PERFORMANCE_SUGGESTIONS_DISABLED=true
[16:25:57,738][INFO][main][IgniteKernal]   ^-- Disable peer class loading (set 'peerClassLoadingEnabled' to false)
[16:25:57,738][INFO][main][IgniteKernal]   ^-- Disable grid events (remove 'includeEventTypes' from configuration)
[16:25:57,738][INFO][main][IgniteKernal] 
[16:25:57,739][INFO][main][IgniteKernal] To start Console Management & Monitoring run ignitevisorcmd.{sh|bat}
[16:25:57,739][INFO][main][IgniteKernal] 
[16:25:57,739][INFO][main][IgniteKernal] 

>>> +----------------------------------------------------------------------+
>>> Ignite ver. 1.7.0#20160801-sha1:383273e3f66f702de2482466dce954d570a8ccf2
>>> +----------------------------------------------------------------------+
>>> OS name: Linux 3.10.0-327.36.3.el7.x86_64 amd64
>>> CPU(s): 4
>>> Heap: 1.0GB
>>> VM name: 25468@lloyd.inf.ed.ac.uk
>>> Local node [ID=349B0933-1357-42F9-87DB-051220D022B2, order=1, clientMode=false]
>>> Local node addresses: [lloyd.inf.ed.ac.uk/0:0:0:0:0:0:0:1%lo, /127.0.0.1, /129.215.2.16]
>>> Local ports: TCP:11211 TCP:47100 TCP:47500 TCP:48100 

[16:25:57,741][INFO][main][GridDiscoveryManager] Topology snapshot [ver=1, servers=1, clients=0, CPUs=4, heap=1.0GB]
[16:26:07,291][INFO][ignite-update-notifier-timer][GridUpdateNotifier] Your version is up to date.
[16:26:08,338][INFO][Thread-2][G] Invoking shutdown hook...
