[23:04:27,260][INFO][main][IgniteKernal] 

>>>    __________  ________________  
>>>   /  _/ ___/ |/ /  _/_  __/ __/  
>>>  _/ // (7 7    // /  / / / _/    
>>> /___/\___/_/|_/___/ /_/ /___/   
>>> 
>>> ver. 1.7.0#20160801-sha1:383273e3
>>> 2016 Copyright(C) Apache Software Foundation
>>> 
>>> Ignite documentation: http://ignite.apache.org

[23:04:27,262][INFO][main][IgniteKernal] Config URL: file:/afs/inf.ed.ac.uk/user/s16/s1626297/Desktop/ds/apache-ignite-fabric-1.7.0-bin/examples/config/example-ignite-no-discovery.xml
[23:04:27,262][INFO][main][IgniteKernal] Daemon mode: off
[23:04:27,262][INFO][main][IgniteKernal] OS: Linux 3.10.0-327.36.3.el7.x86_64 amd64
[23:04:27,262][INFO][main][IgniteKernal] OS user: s1626297
[23:04:27,263][INFO][main][IgniteKernal] Language runtime: Java Platform API Specification ver. 1.8
[23:04:27,263][INFO][main][IgniteKernal] VM information: Java(TM) SE Runtime Environment 1.8.0_91-b14 Oracle Corporation Java HotSpot(TM) 64-Bit Server VM 25.91-b14
[23:04:27,264][INFO][main][IgniteKernal] VM total memory: 1.7GB
[23:04:27,265][INFO][main][IgniteKernal] Remote Management [restart: off, REST: on, JMX (remote: off)]
[23:04:27,265][INFO][main][IgniteKernal] IGNITE_HOME=/afs/inf.ed.ac.uk/user/s16/s1626297/Desktop/ds/apache-ignite-fabric-1.7.0-bin
[23:04:27,265][INFO][main][IgniteKernal] VM arguments: [-DIGNITE_HOME=/afs/inf.ed.ac.uk/user/s16/s1626297/Desktop/ds/apache-ignite-fabric-1.7.0-bin, -Didea.launcher.port=7533, -Didea.launcher.bin.path=/opt/idea-ce/bin, -Dfile.encoding=UTF-8]
[23:04:27,265][INFO][main][IgniteKernal] Configured caches ['ignite-marshaller-sys-cache', 'ignite-sys-cache', 'ignite-atomics-sys-cache']
[23:04:27,266][WARNING][main][IgniteKernal] Peer class loading is enabled (disable it in production for performance and deployment consistency reasons)
[23:04:27,280][INFO][main][IgniteKernal] 3-rd party licenses can be found at: /afs/inf.ed.ac.uk/user/s16/s1626297/Desktop/ds/apache-ignite-fabric-1.7.0-bin/libs/licenses
[23:04:27,309][WARNING][pub-#26%null%][GridDiagnostic] Initial heap size is 124MB (should be no less than 512MB, use -Xms512m -Xmx512m).
[23:04:27,389][INFO][main][IgniteKernal] Non-loopback local IPs: 129.215.3.62, fe80:0:0:0:8a51:fbff:fe55:4f8e%em1
[23:04:27,389][INFO][main][IgniteKernal] Enabled local MACs: 8851FB554F8E
[23:04:27,455][INFO][main][IgnitePluginProcessor] Configured plugins:
[23:04:27,462][INFO][main][IgnitePluginProcessor]   ^-- None
[23:04:27,462][INFO][main][IgnitePluginProcessor] 
[23:04:27,856][INFO][main][TcpCommunicationSpi] IPC shared memory server endpoint started [port=48102, tokDir=/afs/inf.ed.ac.uk/user/s16/s1626297/Desktop/ds/apache-ignite-fabric-1.7.0-bin/work/ipc/shmem/44e63f8a-ddec-4ec7-833c-f75dca3fe089-14122]
[23:04:27,856][INFO][main][TcpCommunicationSpi] Successfully bound shared memory communication to TCP port [port=48102, locHost=0.0.0.0/0.0.0.0]
[23:04:27,893][INFO][main][TcpCommunicationSpi] Successfully bound to TCP port [port=47102, locHost=0.0.0.0/0.0.0.0]
[23:04:28,116][WARNING][main][NoopCheckpointSpi] Checkpoints are disabled (to enable configure any GridCheckpointSpi implementation)
[23:04:28,167][WARNING][main][GridCollisionManager] Collision resolution is disabled (all jobs will be activated upon arrival).
[23:04:28,174][WARNING][main][NoopSwapSpaceSpi] Swap space is disabled. To enable use FileSwapSpaceSpi.
[23:04:28,176][INFO][main][IgniteKernal] Security status [authentication=off, tls/ssl=off]
[23:04:28,598][WARNING][main][IgniteH2Indexing] Serialization of Java objects in H2 was enabled.
[23:04:28,711][INFO][main][GridTcpRestProtocol] Command protocol successfully started [name=TCP binary, host=0.0.0.0/0.0.0.0, port=11213]
[23:04:30,175][INFO][main][GridCacheProcessor] Started cache [name=ignite-sys-cache, mode=REPLICATED]
[23:04:30,191][INFO][main][GridCacheProcessor] Started cache [name=ignite-atomics-sys-cache, mode=PARTITIONED]
[23:04:30,215][INFO][main][GridCacheProcessor] Started cache [name=ignite-marshaller-sys-cache, mode=REPLICATED]
[23:04:30,728][INFO][main][IgniteKernal] Performance suggestions for grid  (fix if possible)
[23:04:30,728][INFO][main][IgniteKernal] To disable, set -DIGNITE_PERFORMANCE_SUGGESTIONS_DISABLED=true
[23:04:30,728][INFO][main][IgniteKernal]   ^-- Disable peer class loading (set 'peerClassLoadingEnabled' to false)
[23:04:30,729][INFO][main][IgniteKernal]   ^-- Disable grid events (remove 'includeEventTypes' from configuration)
[23:04:30,729][INFO][main][IgniteKernal] 
[23:04:30,729][INFO][main][IgniteKernal] To start Console Management & Monitoring run ignitevisorcmd.{sh|bat}
[23:04:30,729][INFO][main][IgniteKernal] 
[23:04:30,730][INFO][main][IgniteKernal] 

>>> +----------------------------------------------------------------------+
>>> Ignite ver. 1.7.0#20160801-sha1:383273e3f66f702de2482466dce954d570a8ccf2
>>> +----------------------------------------------------------------------+
>>> OS name: Linux 3.10.0-327.36.3.el7.x86_64 amd64
>>> CPU(s): 4
>>> Heap: 1.7GB
>>> VM name: 14122@parrot.inf.ed.ac.uk
>>> Local node [ID=44E63F8A-DDEC-4EC7-833C-F75DCA3FE089, order=75, clientMode=true]
>>> Local node addresses: [parrot.inf.ed.ac.uk/0:0:0:0:0:0:0:1%lo, /127.0.0.1, /129.215.3.62]
>>> Local ports: TCP:11213 TCP:47102 TCP:48102 

[23:04:30,756][INFO][main][GridDiscoveryManager] Topology snapshot [ver=75, servers=1, clients=2, CPUs=4, heap=4.4GB]
[23:04:30,877][INFO][exchange-worker-#45%null%][GridCacheProcessor] Started cache [name=partA, mode=PARTITIONED]
