[14:27:52,750][INFO][main][IgniteKernal] 

>>>    __________  ________________  
>>>   /  _/ ___/ |/ /  _/_  __/ __/  
>>>  _/ // (7 7    // /  / / / _/    
>>> /___/\___/_/|_/___/ /_/ /___/   
>>> 
>>> ver. 1.7.0#20160801-sha1:383273e3
>>> 2016 Copyright(C) Apache Software Foundation
>>> 
>>> Ignite documentation: http://ignite.apache.org

[14:27:52,751][INFO][main][IgniteKernal] Config URL: file:/afs/inf.ed.ac.uk/user/s16/s1626297/Desktop/ds/apache-ignite-fabric-1.7.0-bin/examples/config/example-ignite-no-discovery.xml
[14:27:52,751][INFO][main][IgniteKernal] Daemon mode: off
[14:27:52,752][INFO][main][IgniteKernal] OS: Linux 3.10.0-327.36.3.el7.x86_64 amd64
[14:27:52,752][INFO][main][IgniteKernal] OS user: s1626297
[14:27:52,752][INFO][main][IgniteKernal] Language runtime: Java Platform API Specification ver. 1.8
[14:27:52,752][INFO][main][IgniteKernal] VM information: Java(TM) SE Runtime Environment 1.8.0_91-b14 Oracle Corporation Java HotSpot(TM) 64-Bit Server VM 25.91-b14
[14:27:52,754][INFO][main][IgniteKernal] VM total memory: 1.7GB
[14:27:52,754][INFO][main][IgniteKernal] Remote Management [restart: off, REST: on, JMX (remote: off)]
[14:27:52,754][INFO][main][IgniteKernal] IGNITE_HOME=/afs/inf.ed.ac.uk/user/s16/s1626297/Desktop/ds/apache-ignite-fabric-1.7.0-bin
[14:27:52,754][INFO][main][IgniteKernal] VM arguments: []
[14:27:52,754][INFO][main][IgniteKernal] Configured caches ['ignite-marshaller-sys-cache', 'ignite-sys-cache', 'ignite-atomics-sys-cache']
[14:27:52,754][WARNING][main][IgniteKernal] Peer class loading is enabled (disable it in production for performance and deployment consistency reasons)
[14:27:52,758][INFO][main][IgniteKernal] 3-rd party licenses can be found at: /afs/inf.ed.ac.uk/user/s16/s1626297/Desktop/ds/apache-ignite-fabric-1.7.0-bin/libs/licenses
[14:27:52,761][WARNING][pub-#26%null%][GridDiagnostic] Initial heap size is 124MB (should be no less than 512MB, use -Xms512m -Xmx512m).
[14:27:52,811][INFO][main][IgniteKernal] Non-loopback local IPs: 129.215.2.60, fe80:0:0:0:ea39:35ff:fe48:4d89%em1
[14:27:52,811][INFO][main][IgniteKernal] Enabled local MACs: E83935484D89
[14:27:52,828][INFO][main][IgnitePluginProcessor] Configured plugins:
[14:27:52,828][INFO][main][IgnitePluginProcessor]   ^-- None
[14:27:52,829][INFO][main][IgnitePluginProcessor] 
[14:27:52,944][INFO][main][TcpCommunicationSpi] IPC shared memory server endpoint started [port=48101, tokDir=/afs/inf.ed.ac.uk/user/s16/s1626297/Desktop/ds/apache-ignite-fabric-1.7.0-bin/work/ipc/shmem/5b219e22-c8aa-4179-92e8-bd4c9578501f-15982]
[14:27:52,944][INFO][main][TcpCommunicationSpi] Successfully bound shared memory communication to TCP port [port=48101, locHost=0.0.0.0/0.0.0.0]
[14:27:52,967][INFO][main][TcpCommunicationSpi] Successfully bound to TCP port [port=47101, locHost=0.0.0.0/0.0.0.0]
[14:27:53,025][WARNING][main][NoopCheckpointSpi] Checkpoints are disabled (to enable configure any GridCheckpointSpi implementation)
[14:27:53,053][WARNING][main][GridCollisionManager] Collision resolution is disabled (all jobs will be activated upon arrival).
[14:27:53,058][WARNING][main][NoopSwapSpaceSpi] Swap space is disabled. To enable use FileSwapSpaceSpi.
[14:27:53,060][INFO][main][IgniteKernal] Security status [authentication=off, tls/ssl=off]
[14:27:53,364][WARNING][main][IgniteH2Indexing] Serialization of Java objects in H2 was enabled.
[14:27:53,425][INFO][main][GridTcpRestProtocol] Command protocol successfully started [name=TCP binary, host=0.0.0.0/0.0.0.0, port=11212]
[14:27:53,769][INFO][disco-event-worker-#42%null%][GridDiscoveryManager] Added new node to topology: TcpDiscoveryNode [id=7f83ab18-ead8-4c4b-8dd4-93e81e9a9c70, addrs=[0:0:0:0:0:0:0:1%lo, 127.0.0.1, 129.215.2.60], sockAddrs=[/0:0:0:0:0:0:0:1%lo:0, /127.0.0.1:0, joly.inf.ed.ac.uk/129.215.2.60:0], discPort=0, order=3, intOrder=3, lastExchangeTime=1479306473645, loc=false, ver=1.7.0#20160801-sha1:383273e3, isClient=true]
[14:27:53,770][INFO][disco-event-worker-#42%null%][GridDiscoveryManager] Topology snapshot [ver=3, servers=1, clients=2, CPUs=4, heap=4.4GB]
[14:27:54,023][INFO][main][GridCacheProcessor] Started cache [name=ignite-sys-cache, mode=REPLICATED]
[14:27:54,035][INFO][main][GridCacheProcessor] Started cache [name=ignite-atomics-sys-cache, mode=PARTITIONED]
[14:27:54,053][INFO][main][GridCacheProcessor] Started cache [name=ignite-marshaller-sys-cache, mode=REPLICATED]
[14:27:54,329][INFO][main][IgniteKernal] Performance suggestions for grid  (fix if possible)
[14:27:54,329][INFO][main][IgniteKernal] To disable, set -DIGNITE_PERFORMANCE_SUGGESTIONS_DISABLED=true
[14:27:54,329][INFO][main][IgniteKernal]   ^-- Disable peer class loading (set 'peerClassLoadingEnabled' to false)
[14:27:54,329][INFO][main][IgniteKernal]   ^-- Disable grid events (remove 'includeEventTypes' from configuration)
[14:27:54,330][INFO][main][IgniteKernal] 
[14:27:54,331][INFO][main][IgniteKernal] To start Console Management & Monitoring run ignitevisorcmd.{sh|bat}
[14:27:54,334][INFO][main][IgniteKernal] 
[14:27:54,335][INFO][main][IgniteKernal] 

>>> +----------------------------------------------------------------------+
>>> Ignite ver. 1.7.0#20160801-sha1:383273e3f66f702de2482466dce954d570a8ccf2
>>> +----------------------------------------------------------------------+
>>> OS name: Linux 3.10.0-327.36.3.el7.x86_64 amd64
>>> CPU(s): 4
>>> Heap: 1.7GB
>>> VM name: 15982@joly.inf.ed.ac.uk
>>> Local node [ID=5B219E22-C8AA-4179-92E8-BD4C9578501F, order=2, clientMode=true]
>>> Local node addresses: [joly.inf.ed.ac.uk/0:0:0:0:0:0:0:1%lo, /127.0.0.1, /129.215.2.60]
>>> Local ports: TCP:11212 TCP:47101 TCP:48101 

[14:27:54,335][INFO][main][GridDiscoveryManager] Topology snapshot [ver=3, servers=1, clients=2, CPUs=4, heap=4.4GB]
[14:27:54,487][INFO][exchange-worker-#45%null%][GridCacheProcessor] Started cache [name=partA, mode=PARTITIONED]
[14:28:03,779][INFO][ignite-update-notifier-timer][GridUpdateNotifier] Your version is up to date.
