[13:54:58,686][INFO][main][IgniteKernal] 

>>>    __________  ________________  
>>>   /  _/ ___/ |/ /  _/_  __/ __/  
>>>  _/ // (7 7    // /  / / / _/    
>>> /___/\___/_/|_/___/ /_/ /___/   
>>> 
>>> ver. 1.7.0#20160801-sha1:383273e3
>>> 2016 Copyright(C) Apache Software Foundation
>>> 
>>> Ignite documentation: http://ignite.apache.org

[13:54:58,688][INFO][main][IgniteKernal] Config URL: file:/afs/inf.ed.ac.uk/user/s16/s1626297/Desktop/ds/apache-ignite-fabric-1.7.0-bin/config/default-config.xml
[13:54:58,688][INFO][main][IgniteKernal] Daemon mode: off
[13:54:58,689][INFO][main][IgniteKernal] OS: Linux 3.10.0-327.36.3.el7.x86_64 amd64
[13:54:58,689][INFO][main][IgniteKernal] OS user: s1626297
[13:54:58,689][INFO][main][IgniteKernal] Language runtime: Java Platform API Specification ver. 1.8
[13:54:58,689][INFO][main][IgniteKernal] VM information: Java(TM) SE Runtime Environment 1.8.0_91-b14 Oracle Corporation Java HotSpot(TM) 64-Bit Server VM 25.91-b14
[13:54:58,691][INFO][main][IgniteKernal] VM total memory: 0.96GB
[13:54:58,691][INFO][main][IgniteKernal] Remote Management [restart: on, REST: on, JMX (remote: on, port: 49114, auth: off, ssl: off)]
[13:54:58,691][INFO][main][IgniteKernal] IGNITE_HOME=/afs/inf.ed.ac.uk/user/s16/s1626297/Desktop/ds/apache-ignite-fabric-1.7.0-bin
[13:54:58,691][INFO][main][IgniteKernal] VM arguments: [-Xms1g, -Xmx1g, -XX:+AggressiveOpts, -XX:MaxMetaspaceSize=256m, -DIGNITE_QUIET=true, -DIGNITE_SUCCESS_FILE=/afs/inf.ed.ac.uk/user/s16/s1626297/Desktop/ds/apache-ignite-fabric-1.7.0-bin/work/ignite_success_6969a73a-0686-44fd-8151-52c1006577ba, -Dcom.sun.management.jmxremote, -Dcom.sun.management.jmxremote.port=49114, -Dcom.sun.management.jmxremote.authenticate=false, -Dcom.sun.management.jmxremote.ssl=false, -DIGNITE_HOME=/afs/inf.ed.ac.uk/user/s16/s1626297/Desktop/ds/apache-ignite-fabric-1.7.0-bin, -DIGNITE_PROG_NAME=bin/ignite.sh]
[13:54:58,691][INFO][main][IgniteKernal] Configured caches ['ignite-marshaller-sys-cache', 'ignite-sys-cache', 'ignite-atomics-sys-cache']
[13:54:58,694][INFO][main][IgniteKernal] 3-rd party licenses can be found at: /afs/inf.ed.ac.uk/user/s16/s1626297/Desktop/ds/apache-ignite-fabric-1.7.0-bin/libs/licenses
[13:54:58,765][INFO][main][IgniteKernal] Non-loopback local IPs: 129.215.2.96, fe80:0:0:0:ea39:35ff:fe35:ee75%em1
[13:54:58,765][INFO][main][IgniteKernal] Enabled local MACs: E8393535EE75
[13:54:58,779][INFO][main][IgnitePluginProcessor] Configured plugins:
[13:54:58,779][INFO][main][IgnitePluginProcessor]   ^-- None
[13:54:58,780][INFO][main][IgnitePluginProcessor] 
[13:54:58,948][INFO][main][TcpCommunicationSpi] IPC shared memory server endpoint started [port=48100, tokDir=/afs/inf.ed.ac.uk/user/s16/s1626297/Desktop/ds/apache-ignite-fabric-1.7.0-bin/work/ipc/shmem/22944dc0-7da3-4877-971f-2870a3cdae16-23150]
[13:54:58,949][INFO][main][TcpCommunicationSpi] Successfully bound shared memory communication to TCP port [port=48100, locHost=0.0.0.0/0.0.0.0]
[13:54:58,985][INFO][main][TcpCommunicationSpi] Successfully bound to TCP port [port=47100, locHost=0.0.0.0/0.0.0.0]
[13:54:59,030][WARNING][main][NoopCheckpointSpi] Checkpoints are disabled (to enable configure any GridCheckpointSpi implementation)
[13:54:59,057][WARNING][main][GridCollisionManager] Collision resolution is disabled (all jobs will be activated upon arrival).
[13:54:59,060][WARNING][main][NoopSwapSpaceSpi] Swap space is disabled. To enable use FileSwapSpaceSpi.
[13:54:59,061][INFO][main][IgniteKernal] Security status [authentication=off, tls/ssl=off]
[13:54:59,354][INFO][main][GridTcpRestProtocol] Command protocol successfully started [name=TCP binary, host=0.0.0.0/0.0.0.0, port=11211]
[13:54:59,432][INFO][main][TcpDiscoverySpi] Successfully bound to TCP port [port=47500, localHost=0.0.0.0/0.0.0.0]
[13:54:59,438][WARNING][main][TcpDiscoveryMulticastIpFinder] TcpDiscoveryMulticastIpFinder has no pre-configured addresses (it is recommended in production to specify at least one address in TcpDiscoveryMulticastIpFinder.getAddresses() configuration property)
[13:55:00,324][INFO][main][GridCacheProcessor] Started cache [name=ignite-sys-cache, mode=REPLICATED]
[13:55:00,335][INFO][main][GridCacheProcessor] Started cache [name=ignite-atomics-sys-cache, mode=PARTITIONED]
[13:55:00,376][INFO][main][GridCacheProcessor] Started cache [name=words, mode=PARTITIONED]
[13:55:00,377][INFO][main][GridCacheProcessor] Started cache [name=ignite-marshaller-sys-cache, mode=REPLICATED]
[13:55:00,559][INFO][exchange-worker-#54%null%][GridCachePartitionExchangeManager] Cache rebalancing scheduled: [cache=ignite-sys-cache, waitList=[]]
[13:55:00,559][INFO][exchange-worker-#54%null%][GridCachePartitionExchangeManager] Cache rebalancing scheduled: [cache=ignite-marshaller-sys-cache, waitList=[]]
[13:55:00,559][INFO][exchange-worker-#54%null%][GridCachePartitionExchangeManager] Cache rebalancing scheduled: [cache=ignite-atomics-sys-cache, waitList=[ignite-sys-cache, ignite-marshaller-sys-cache]]
[13:55:00,559][INFO][exchange-worker-#54%null%][GridCachePartitionExchangeManager] Cache rebalancing scheduled: [cache=words, waitList=[ignite-sys-cache, ignite-marshaller-sys-cache, ignite-atomics-sys-cache]]
[13:55:00,563][INFO][exchange-worker-#54%null%][GridCachePartitionExchangeManager] Rebalancing required [top=AffinityTopologyVersion [topVer=19, minorTopVer=0], evt=NODE_JOINED, node=22944dc0-7da3-4877-971f-2870a3cdae16]
[13:55:00,564][INFO][exchange-worker-#54%null%][GridDhtPartitionDemander] <ignite-marshaller-sys-cache> Starting rebalancing [cache=ignite-marshaller-sys-cache, mode=SYNC, fromNode=91f22a6d-c52e-437b-98e7-eb95e0d88cb5, partitionsCount=20, topology=AffinityTopologyVersion [topVer=19, minorTopVer=0], updateSeq=1]
[13:55:00,567][INFO][sys-#19%null%][GridDhtPartitionDemander] <ignite-sys-cache> Starting rebalancing [cache=ignite-sys-cache, mode=SYNC, fromNode=91f22a6d-c52e-437b-98e7-eb95e0d88cb5, partitionsCount=100, topology=AffinityTopologyVersion [topVer=19, minorTopVer=0], updateSeq=1]
[13:55:00,601][INFO][marshaller-cache-#57%null%][GridDhtPartitionDemander] <ignite-marshaller-sys-cache> Completed (final) rebalancing [cache=ignite-marshaller-sys-cache, fromNode=91f22a6d-c52e-437b-98e7-eb95e0d88cb5, topology=AffinityTopologyVersion [topVer=19, minorTopVer=0], time=40 ms]
[13:55:00,604][INFO][marshaller-cache-#57%null%][GridDhtPartitionDemander] <ignite-sys-cache> Completed (final) rebalancing [cache=ignite-sys-cache, fromNode=91f22a6d-c52e-437b-98e7-eb95e0d88cb5, topology=AffinityTopologyVersion [topVer=19, minorTopVer=0], time=40 ms]
[13:55:00,605][INFO][sys-#19%null%][GridDhtPartitionDemander] <ignite-atomics-sys-cache> Starting rebalancing [cache=ignite-atomics-sys-cache, mode=SYNC, fromNode=91f22a6d-c52e-437b-98e7-eb95e0d88cb5, partitionsCount=510, topology=AffinityTopologyVersion [topVer=19, minorTopVer=0], updateSeq=1]
[13:55:00,621][INFO][sys-#20%null%][GridDhtPartitionDemander] <ignite-atomics-sys-cache> Completed (final) rebalancing [cache=ignite-atomics-sys-cache, fromNode=91f22a6d-c52e-437b-98e7-eb95e0d88cb5, topology=AffinityTopologyVersion [topVer=19, minorTopVer=0], time=21 ms]
[13:55:00,621][INFO][sys-#19%null%][GridDhtPartitionDemander] <words> Starting rebalancing [cache=words, mode=ASYNC, fromNode=91f22a6d-c52e-437b-98e7-eb95e0d88cb5, partitionsCount=510, topology=AffinityTopologyVersion [topVer=19, minorTopVer=0], updateSeq=1]
[13:55:00,632][INFO][sys-#21%null%][GridDhtPartitionDemander] <words> Completed (final) rebalancing [cache=words, fromNode=91f22a6d-c52e-437b-98e7-eb95e0d88cb5, topology=AffinityTopologyVersion [topVer=19, minorTopVer=0], time=10 ms]
[13:55:00,657][INFO][main][IgniteKernal] To start Console Management & Monitoring run ignitevisorcmd.{sh|bat}
[13:55:00,657][INFO][main][IgniteKernal] 
[13:55:00,658][INFO][main][IgniteKernal] 

>>> +----------------------------------------------------------------------+
>>> Ignite ver. 1.7.0#20160801-sha1:383273e3f66f702de2482466dce954d570a8ccf2
>>> +----------------------------------------------------------------------+
>>> OS name: Linux 3.10.0-327.36.3.el7.x86_64 amd64
>>> CPU(s): 4
>>> Heap: 1.0GB
>>> VM name: 23150@ceilingcat.inf.ed.ac.uk
>>> Local node [ID=22944DC0-7DA3-4877-971F-2870A3CDAE16, order=19, clientMode=false]
>>> Local node addresses: [ceilingcat.inf.ed.ac.uk/0:0:0:0:0:0:0:1%lo, /127.0.0.1, /129.215.2.96]
>>> Local ports: TCP:11211 TCP:47100 UDP:47400 TCP:47500 TCP:48100 

[13:55:00,659][INFO][main][GridDiscoveryManager] Topology snapshot [ver=19, servers=2, clients=1, CPUs=8, heap=3.7GB]
[13:55:02,183][INFO][exchange-worker-#54%null%][GridCachePartitionExchangeManager] Skipping rebalancing (nothing scheduled) [top=AffinityTopologyVersion [topVer=19, minorTopVer=1], evt=DISCOVERY_CUSTOM_EVT, node=91f22a6d-c52e-437b-98e7-eb95e0d88cb5]
[13:55:04,202][INFO][Thread-2][G] Invoking shutdown hook...
