[18:30:48,802][INFO][main][IgniteKernal] 

>>>    __________  ________________  
>>>   /  _/ ___/ |/ /  _/_  __/ __/  
>>>  _/ // (7 7    // /  / / / _/    
>>> /___/\___/_/|_/___/ /_/ /___/   
>>> 
>>> ver. 1.7.0#20160801-sha1:383273e3
>>> 2016 Copyright(C) Apache Software Foundation
>>> 
>>> Ignite documentation: http://ignite.apache.org

[18:30:48,804][INFO][main][IgniteKernal] Config URL: file:/afs/inf.ed.ac.uk/user/s16/s1626297/Desktop/ds/apache-ignite-fabric-1.7.0-bin/examples/config/example-ignite-no-discovery.xml
[18:30:48,804][INFO][main][IgniteKernal] Daemon mode: off
[18:30:48,805][INFO][main][IgniteKernal] OS: Linux 3.10.0-327.36.3.el7.x86_64 amd64
[18:30:48,805][INFO][main][IgniteKernal] OS user: s1626297
[18:30:48,805][INFO][main][IgniteKernal] Language runtime: Java Platform API Specification ver. 1.8
[18:30:48,805][INFO][main][IgniteKernal] VM information: Java(TM) SE Runtime Environment 1.8.0_91-b14 Oracle Corporation Java HotSpot(TM) 64-Bit Server VM 25.91-b14
[18:30:48,807][INFO][main][IgniteKernal] VM total memory: 0.48GB
[18:30:48,807][INFO][main][IgniteKernal] Remote Management [restart: off, REST: on, JMX (remote: off)]
[18:30:48,808][INFO][main][IgniteKernal] IGNITE_HOME=/afs/inf.ed.ac.uk/user/s16/s1626297/Desktop/ds/apache-ignite-fabric-1.7.0-bin
[18:30:48,808][INFO][main][IgniteKernal] VM arguments: [-Xms512m, -Xmx512m, -DIGNITE_PERFORMANCE_SUGGESTIONS_DISABLED=true]
[18:30:48,808][INFO][main][IgniteKernal] Configured caches ['ignite-marshaller-sys-cache', 'ignite-sys-cache', 'ignite-atomics-sys-cache']
[18:30:48,808][WARNING][main][IgniteKernal] Peer class loading is enabled (disable it in production for performance and deployment consistency reasons)
[18:30:48,815][INFO][main][IgniteKernal] 3-rd party licenses can be found at: /afs/inf.ed.ac.uk/user/s16/s1626297/Desktop/ds/apache-ignite-fabric-1.7.0-bin/libs/licenses
[18:30:48,879][INFO][main][IgniteKernal] Non-loopback local IPs: 129.215.2.60, fe80:0:0:0:ea39:35ff:fe48:4d89%em1
[18:30:48,879][INFO][main][IgniteKernal] Enabled local MACs: E83935484D89
[18:30:48,900][INFO][main][IgnitePluginProcessor] Configured plugins:
[18:30:48,900][INFO][main][IgnitePluginProcessor]   ^-- None
[18:30:48,900][INFO][main][IgnitePluginProcessor] 
[18:30:49,119][INFO][main][TcpCommunicationSpi] IPC shared memory server endpoint started [port=48103, tokDir=/afs/inf.ed.ac.uk/user/s16/s1626297/Desktop/ds/apache-ignite-fabric-1.7.0-bin/work/ipc/shmem/22ce5727-0add-4829-a477-f3eb165739ac-32085]
[18:30:49,119][INFO][main][TcpCommunicationSpi] Successfully bound shared memory communication to TCP port [port=48103, locHost=0.0.0.0/0.0.0.0]
[18:30:49,145][INFO][main][TcpCommunicationSpi] Successfully bound to TCP port [port=47103, locHost=0.0.0.0/0.0.0.0]
[18:30:49,209][WARNING][main][NoopCheckpointSpi] Checkpoints are disabled (to enable configure any GridCheckpointSpi implementation)
[18:30:49,246][WARNING][main][GridCollisionManager] Collision resolution is disabled (all jobs will be activated upon arrival).
[18:30:49,252][WARNING][main][NoopSwapSpaceSpi] Swap space is disabled. To enable use FileSwapSpaceSpi.
[18:30:49,254][INFO][main][IgniteKernal] Security status [authentication=off, tls/ssl=off]
[18:30:49,585][WARNING][main][IgniteH2Indexing] Serialization of Java objects in H2 was enabled.
[18:30:49,652][INFO][main][GridTcpRestProtocol] Command protocol successfully started [name=TCP binary, host=0.0.0.0/0.0.0.0, port=11214]
[18:30:50,228][INFO][disco-event-worker-#42%null%][GridDiscoveryManager] Added new node to topology: TcpDiscoveryNode [id=397685fe-8e6c-471f-81a6-807a043e02ab, addrs=[0:0:0:0:0:0:0:1%lo, 127.0.0.1, 129.215.2.60], sockAddrs=[/0:0:0:0:0:0:0:1%lo:0, /127.0.0.1:0, joly.inf.ed.ac.uk/129.215.2.60:0], discPort=0, order=4, intOrder=4, lastExchangeTime=1479321050191, loc=false, ver=1.7.0#20160801-sha1:383273e3, isClient=true]
[18:30:50,230][INFO][disco-event-worker-#42%null%][GridDiscoveryManager] Topology snapshot [ver=4, servers=1, clients=3, CPUs=4, heap=2.5GB]
[18:30:50,522][INFO][main][GridCacheProcessor] Started cache [name=ignite-sys-cache, mode=REPLICATED]
[18:30:50,536][INFO][main][GridCacheProcessor] Started cache [name=ignite-atomics-sys-cache, mode=PARTITIONED]
[18:30:50,557][INFO][main][GridCacheProcessor] Started cache [name=ignite-marshaller-sys-cache, mode=REPLICATED]
[18:30:50,885][INFO][main][IgniteKernal] To start Console Management & Monitoring run ignitevisorcmd.{sh|bat}
[18:30:50,886][INFO][main][IgniteKernal] 
[18:30:50,886][INFO][main][IgniteKernal] 

>>> +----------------------------------------------------------------------+
>>> Ignite ver. 1.7.0#20160801-sha1:383273e3f66f702de2482466dce954d570a8ccf2
>>> +----------------------------------------------------------------------+
>>> OS name: Linux 3.10.0-327.36.3.el7.x86_64 amd64
>>> CPU(s): 4
>>> Heap: 0.5GB
>>> VM name: 32085@joly.inf.ed.ac.uk
>>> Local node [ID=22CE5727-0ADD-4829-A477-F3EB165739AC, order=3, clientMode=true]
>>> Local node addresses: [joly.inf.ed.ac.uk/0:0:0:0:0:0:0:1%lo, /127.0.0.1, /129.215.2.60]
>>> Local ports: TCP:11214 TCP:47103 TCP:48103 

[18:30:50,887][INFO][main][GridDiscoveryManager] Topology snapshot [ver=4, servers=1, clients=3, CPUs=4, heap=2.5GB]
[18:30:51,030][INFO][exchange-worker-#45%null%][GridCacheProcessor] Started cache [name=partC, mode=PARTITIONED]
[18:30:52,247][INFO][main][GridDeploymentLocalStore] Class locally deployed: class partC.StreamWords$1
[18:30:56,843][INFO][main][GridTcpRestProtocol] Command protocol successfully stopped: TCP binary
[18:30:56,865][INFO][main][GridCacheProcessor] Stopped cache: ignite-marshaller-sys-cache
[18:30:56,869][INFO][main][GridCacheProcessor] Stopped cache: ignite-sys-cache
[18:30:56,869][INFO][main][GridCacheProcessor] Stopped cache: ignite-atomics-sys-cache
[18:30:56,869][INFO][main][GridCacheProcessor] Stopped cache: partC
[18:30:56,871][INFO][main][GridDeploymentLocalStore] Removed undeployed class: GridDeployment [ts=1479321050739, depMode=SHARED, clsLdr=sun.misc.Launcher$AppClassLoader@73d16e93, clsLdrId=482d76e6851-22ce5727-0add-4829-a477-f3eb165739ac, userVer=0, loc=true, sampleClsName=org.apache.ignite.internal.processors.cache.distributed.dht.preloader.GridDhtPartitionFullMap, pendingUndeploy=false, undeployed=true, usage=0]
[18:30:56,904][INFO][main][IgniteKernal] 

>>> +---------------------------------------------------------------------------------+
>>> Ignite ver. 1.7.0#20160801-sha1:383273e3f66f702de2482466dce954d570a8ccf2 stopped OK
>>> +---------------------------------------------------------------------------------+
>>> Grid uptime: 00:00:06:016


