[15:51:51,136][INFO][main][IgniteKernal] 

>>>    __________  ________________  
>>>   /  _/ ___/ |/ /  _/_  __/ __/  
>>>  _/ // (7 7    // /  / / / _/    
>>> /___/\___/_/|_/___/ /_/ /___/   
>>> 
>>> ver. 1.7.0#20160801-sha1:383273e3
>>> 2016 Copyright(C) Apache Software Foundation
>>> 
>>> Ignite documentation: http://ignite.apache.org

[15:51:51,138][INFO][main][IgniteKernal] Config URL: file:/afs/inf.ed.ac.uk/user/s16/s1626297/Desktop/ds/apache-ignite-fabric-1.7.0-bin/examples/config/example-ignite-no-discovery.xml
[15:51:51,138][INFO][main][IgniteKernal] Daemon mode: off
[15:51:51,138][INFO][main][IgniteKernal] OS: Linux 3.10.0-327.36.3.el7.x86_64 amd64
[15:51:51,138][INFO][main][IgniteKernal] OS user: s1626297
[15:51:51,138][INFO][main][IgniteKernal] Language runtime: Java Platform API Specification ver. 1.8
[15:51:51,138][INFO][main][IgniteKernal] VM information: Java(TM) SE Runtime Environment 1.8.0_91-b14 Oracle Corporation Java HotSpot(TM) 64-Bit Server VM 25.91-b14
[15:51:51,140][INFO][main][IgniteKernal] VM total memory: 1.7GB
[15:51:51,140][INFO][main][IgniteKernal] Remote Management [restart: off, REST: on, JMX (remote: off)]
[15:51:51,140][INFO][main][IgniteKernal] IGNITE_HOME=/afs/inf.ed.ac.uk/user/s16/s1626297/Desktop/ds/apache-ignite-fabric-1.7.0-bin
[15:51:51,140][INFO][main][IgniteKernal] VM arguments: [-DIGNITE_HOME=/afs/inf.ed.ac.uk/user/s16/s1626297/Desktop/ds/apache-ignite-fabric-1.7.0-bin, -Didea.launcher.port=7533, -Didea.launcher.bin.path=/opt/idea-ce/bin, -Dfile.encoding=UTF-8]
[15:51:51,140][INFO][main][IgniteKernal] Configured caches ['ignite-marshaller-sys-cache', 'ignite-sys-cache', 'ignite-atomics-sys-cache']
[15:51:51,140][WARNING][main][IgniteKernal] Peer class loading is enabled (disable it in production for performance and deployment consistency reasons)
[15:51:51,144][INFO][main][IgniteKernal] 3-rd party licenses can be found at: /afs/inf.ed.ac.uk/user/s16/s1626297/Desktop/ds/apache-ignite-fabric-1.7.0-bin/libs/licenses
[15:51:51,147][WARNING][pub-#26%null%][GridDiagnostic] Initial heap size is 124MB (should be no less than 512MB, use -Xms512m -Xmx512m).
[15:51:51,189][INFO][main][IgniteKernal] Non-loopback local IPs: 129.215.3.62, fe80:0:0:0:8a51:fbff:fe55:4f8e%em1
[15:51:51,189][INFO][main][IgniteKernal] Enabled local MACs: 8851FB554F8E
[15:51:51,203][INFO][main][IgnitePluginProcessor] Configured plugins:
[15:51:51,203][INFO][main][IgnitePluginProcessor]   ^-- None
[15:51:51,204][INFO][main][IgnitePluginProcessor] 
[15:51:51,303][INFO][main][TcpCommunicationSpi] IPC shared memory server endpoint started [port=48101, tokDir=/afs/inf.ed.ac.uk/user/s16/s1626297/Desktop/ds/apache-ignite-fabric-1.7.0-bin/work/ipc/shmem/0c82e9eb-bedf-4d6e-829f-e525c299ef55-22148]
[15:51:51,303][INFO][main][TcpCommunicationSpi] Successfully bound shared memory communication to TCP port [port=48101, locHost=0.0.0.0/0.0.0.0]
[15:51:51,322][INFO][main][TcpCommunicationSpi] Successfully bound to TCP port [port=47101, locHost=0.0.0.0/0.0.0.0]
[15:51:51,374][WARNING][main][NoopCheckpointSpi] Checkpoints are disabled (to enable configure any GridCheckpointSpi implementation)
[15:51:51,397][WARNING][main][GridCollisionManager] Collision resolution is disabled (all jobs will be activated upon arrival).
[15:51:51,399][WARNING][main][NoopSwapSpaceSpi] Swap space is disabled. To enable use FileSwapSpaceSpi.
[15:51:51,400][INFO][main][IgniteKernal] Security status [authentication=off, tls/ssl=off]
[15:51:51,615][WARNING][main][IgniteH2Indexing] Serialization of Java objects in H2 was enabled.
[15:51:51,666][INFO][main][GridTcpRestProtocol] Command protocol successfully started [name=TCP binary, host=0.0.0.0/0.0.0.0, port=11212]
[15:51:52,066][INFO][main][GridCacheProcessor] Started cache [name=ignite-sys-cache, mode=REPLICATED]
[15:51:52,076][INFO][main][GridCacheProcessor] Started cache [name=ignite-atomics-sys-cache, mode=PARTITIONED]
[15:51:52,091][INFO][main][GridCacheProcessor] Started cache [name=ignite-marshaller-sys-cache, mode=REPLICATED]
[15:51:52,225][INFO][main][IgniteKernal] Performance suggestions for grid  (fix if possible)
[15:51:52,225][INFO][main][IgniteKernal] To disable, set -DIGNITE_PERFORMANCE_SUGGESTIONS_DISABLED=true
[15:51:52,226][INFO][main][IgniteKernal]   ^-- Disable peer class loading (set 'peerClassLoadingEnabled' to false)
[15:51:52,226][INFO][main][IgniteKernal]   ^-- Disable grid events (remove 'includeEventTypes' from configuration)
[15:51:52,226][INFO][main][IgniteKernal] 
[15:51:52,226][INFO][main][IgniteKernal] To start Console Management & Monitoring run ignitevisorcmd.{sh|bat}
[15:51:52,226][INFO][main][IgniteKernal] 
[15:51:52,227][INFO][main][IgniteKernal] 

>>> +----------------------------------------------------------------------+
>>> Ignite ver. 1.7.0#20160801-sha1:383273e3f66f702de2482466dce954d570a8ccf2
>>> +----------------------------------------------------------------------+
>>> OS name: Linux 3.10.0-327.36.3.el7.x86_64 amd64
>>> CPU(s): 4
>>> Heap: 1.7GB
>>> VM name: 22148@parrot.inf.ed.ac.uk
>>> Local node [ID=0C82E9EB-BEDF-4D6E-829F-E525C299EF55, order=2, clientMode=true]
>>> Local node addresses: [parrot.inf.ed.ac.uk/0:0:0:0:0:0:0:1%lo, /127.0.0.1, /129.215.3.62]
>>> Local ports: TCP:11212 TCP:47101 TCP:48101 

[15:51:52,228][INFO][main][GridDiscoveryManager] Topology snapshot [ver=2, servers=1, clients=1, CPUs=4, heap=2.7GB]
[15:51:52,278][INFO][exchange-worker-#45%null%][GridCacheProcessor] Started cache [name=words, mode=PARTITIONED]
[15:51:52,407][INFO][main][GridDeploymentLocalStore] Class locally deployed: class org.apache.ignite.stream.StreamTransformer$1
[15:52:01,861][INFO][ignite-update-notifier-timer][GridUpdateNotifier] Your version is up to date.
[15:52:52,227][INFO][grid-timeout-worker-#27%null%][IgniteKernal] 
Metrics for local node (to disable set 'metricsLogFrequency' to 0)
    ^-- Node [id=0c82e9eb, name=null, uptime=00:01:00:005]
    ^-- H/N/C [hosts=1, nodes=2, CPUs=4]
    ^-- CPU [cur=0.23%, avg=0.25%, GC=0%]
    ^-- Heap [used=45MB, free=97.41%, comm=192MB]
    ^-- Non heap [used=40MB, free=-1%, comm=40MB]
    ^-- Public thread pool [active=0, idle=6, qSize=0]
    ^-- System thread pool [active=0, idle=16, qSize=0]
    ^-- Outbound messages queue [size=0]
[15:53:01,662][INFO][disco-event-worker-#42%null%][GridDiscoveryManager] Added new node to topology: TcpDiscoveryNode [id=f3693cd7-1790-4d5c-be24-72b04e3939e7, addrs=[0:0:0:0:0:0:0:1%lo, 127.0.0.1, 129.215.3.62], sockAddrs=[parrot.inf.ed.ac.uk/129.215.3.62:0, /0:0:0:0:0:0:0:1%lo:0, /127.0.0.1:0], discPort=0, order=3, intOrder=3, lastExchangeTime=1478706781644, loc=false, ver=1.7.0#20160801-sha1:383273e3, isClient=true]
[15:53:01,663][INFO][disco-event-worker-#42%null%][GridDiscoveryManager] Topology snapshot [ver=3, servers=1, clients=2, CPUs=4, heap=4.4GB]
[15:53:52,234][INFO][grid-timeout-worker-#27%null%][IgniteKernal] 
Metrics for local node (to disable set 'metricsLogFrequency' to 0)
    ^-- Node [id=0c82e9eb, name=null, uptime=00:02:00:008]
    ^-- H/N/C [hosts=1, nodes=3, CPUs=4]
    ^-- CPU [cur=0.17%, avg=0.24%, GC=0%]
    ^-- Heap [used=88MB, free=94.92%, comm=192MB]
    ^-- Non heap [used=39MB, free=-1%, comm=41MB]
    ^-- Public thread pool [active=0, idle=6, qSize=0]
    ^-- System thread pool [active=0, idle=16, qSize=0]
    ^-- Outbound messages queue [size=0]
[15:54:52,237][INFO][grid-timeout-worker-#27%null%][IgniteKernal] 
Metrics for local node (to disable set 'metricsLogFrequency' to 0)
    ^-- Node [id=0c82e9eb, name=null, uptime=00:03:00:016]
    ^-- H/N/C [hosts=1, nodes=3, CPUs=4]
    ^-- CPU [cur=2.1%, avg=0.25%, GC=0%]
    ^-- Heap [used=128MB, free=92.62%, comm=192MB]
    ^-- Non heap [used=39MB, free=-1%, comm=41MB]
    ^-- Public thread pool [active=0, idle=6, qSize=0]
    ^-- System thread pool [active=0, idle=16, qSize=0]
    ^-- Outbound messages queue [size=0]
[15:55:52,245][INFO][grid-timeout-worker-#27%null%][IgniteKernal] 
Metrics for local node (to disable set 'metricsLogFrequency' to 0)
    ^-- Node [id=0c82e9eb, name=null, uptime=00:04:00:025]
    ^-- H/N/C [hosts=1, nodes=3, CPUs=4]
    ^-- CPU [cur=0.17%, avg=0.25%, GC=0%]
    ^-- Heap [used=55MB, free=96.85%, comm=194MB]
    ^-- Non heap [used=40MB, free=-1%, comm=41MB]
    ^-- Public thread pool [active=0, idle=6, qSize=0]
    ^-- System thread pool [active=0, idle=16, qSize=0]
    ^-- Outbound messages queue [size=0]
