[14:20:17,130][INFO][main][IgniteKernal] 

>>>    __________  ________________  
>>>   /  _/ ___/ |/ /  _/_  __/ __/  
>>>  _/ // (7 7    // /  / / / _/    
>>> /___/\___/_/|_/___/ /_/ /___/   
>>> 
>>> ver. 1.7.0#20160801-sha1:383273e3
>>> 2016 Copyright(C) Apache Software Foundation
>>> 
>>> Ignite documentation: http://ignite.apache.org

[14:20:17,133][INFO][main][IgniteKernal] Config URL: file:/afs/inf.ed.ac.uk/user/s16/s1626297/Desktop/ds/apache-ignite-fabric-1.7.0-bin/examples/config/example-ignite-no-discovery.xml
[14:20:17,133][INFO][main][IgniteKernal] Daemon mode: off
[14:20:17,134][INFO][main][IgniteKernal] OS: Linux 3.10.0-327.36.3.el7.x86_64 amd64
[14:20:17,134][INFO][main][IgniteKernal] OS user: s1626297
[14:20:17,134][INFO][main][IgniteKernal] Language runtime: Java Platform API Specification ver. 1.8
[14:20:17,134][INFO][main][IgniteKernal] VM information: Java(TM) SE Runtime Environment 1.8.0_91-b14 Oracle Corporation Java HotSpot(TM) 64-Bit Server VM 25.91-b14
[14:20:17,145][INFO][main][IgniteKernal] VM total memory: 1.7GB
[14:20:17,145][INFO][main][IgniteKernal] Remote Management [restart: off, REST: on, JMX (remote: off)]
[14:20:17,145][INFO][main][IgniteKernal] IGNITE_HOME=/afs/inf.ed.ac.uk/user/s16/s1626297/Desktop/ds/apache-ignite-fabric-1.7.0-bin
[14:20:17,145][INFO][main][IgniteKernal] VM arguments: []
[14:20:17,146][INFO][main][IgniteKernal] Configured caches ['ignite-marshaller-sys-cache', 'ignite-sys-cache', 'ignite-atomics-sys-cache']
[14:20:17,146][WARNING][main][IgniteKernal] Peer class loading is enabled (disable it in production for performance and deployment consistency reasons)
[14:20:17,189][INFO][main][IgniteKernal] 3-rd party licenses can be found at: /afs/inf.ed.ac.uk/user/s16/s1626297/Desktop/ds/apache-ignite-fabric-1.7.0-bin/libs/licenses
[14:20:17,211][WARNING][pub-#26%null%][GridDiagnostic] Initial heap size is 124MB (should be no less than 512MB, use -Xms512m -Xmx512m).
[14:20:17,299][INFO][main][IgniteKernal] Non-loopback local IPs: 129.215.2.60, fe80:0:0:0:ea39:35ff:fe48:4d89%em1
[14:20:17,299][INFO][main][IgniteKernal] Enabled local MACs: E83935484D89
[14:20:17,357][INFO][main][IgnitePluginProcessor] Configured plugins:
[14:20:17,358][INFO][main][IgnitePluginProcessor]   ^-- None
[14:20:17,358][INFO][main][IgnitePluginProcessor] 
[14:20:17,559][INFO][main][TcpCommunicationSpi] IPC shared memory server endpoint started [port=48104, tokDir=/afs/inf.ed.ac.uk/user/s16/s1626297/Desktop/ds/apache-ignite-fabric-1.7.0-bin/work/ipc/shmem/8d31efa3-bf78-4a2a-91ea-c9452d9e4268-10600]
[14:20:17,559][INFO][main][TcpCommunicationSpi] Successfully bound shared memory communication to TCP port [port=48104, locHost=0.0.0.0/0.0.0.0]
[14:20:17,611][INFO][main][TcpCommunicationSpi] Successfully bound to TCP port [port=47104, locHost=0.0.0.0/0.0.0.0]
[14:20:17,815][WARNING][main][NoopCheckpointSpi] Checkpoints are disabled (to enable configure any GridCheckpointSpi implementation)
[14:20:17,875][WARNING][main][GridCollisionManager] Collision resolution is disabled (all jobs will be activated upon arrival).
[14:20:17,887][WARNING][main][NoopSwapSpaceSpi] Swap space is disabled. To enable use FileSwapSpaceSpi.
[14:20:17,899][INFO][main][IgniteKernal] Security status [authentication=off, tls/ssl=off]
[14:20:18,557][WARNING][main][IgniteH2Indexing] Serialization of Java objects in H2 was enabled.
[14:20:18,698][INFO][main][GridTcpRestProtocol] Command protocol successfully started [name=TCP binary, host=0.0.0.0/0.0.0.0, port=11215]
[14:20:19,174][WARNING][main][IgniteKernal] Attempting to start more nodes than physical RAM available on current host (this can cause significant slowdown)
[14:20:19,703][INFO][disco-event-worker-#42%null%][GridDiscoveryManager] Node left topology: TcpDiscoveryNode [id=7774188b-063c-4e4e-924c-383de865c9e7, addrs=[0:0:0:0:0:0:0:1%lo, 127.0.0.1, 129.215.2.60], sockAddrs=[/0:0:0:0:0:0:0:1%lo:0, /127.0.0.1:0, joly.inf.ed.ac.uk/129.215.2.60:0], discPort=0, order=2, intOrder=2, lastExchangeTime=1479306019062, loc=false, ver=1.7.0#20160801-sha1:383273e3, isClient=true]
[14:20:19,712][INFO][disco-event-worker-#42%null%][GridDiscoveryManager] Topology snapshot [ver=6, servers=1, clients=3, CPUs=4, heap=6.1GB]
[14:20:19,945][INFO][main][GridCacheProcessor] Started cache [name=ignite-sys-cache, mode=REPLICATED]
[14:20:19,961][INFO][main][GridCacheProcessor] Started cache [name=ignite-atomics-sys-cache, mode=PARTITIONED]
[14:20:19,986][INFO][main][GridCacheProcessor] Started cache [name=ignite-marshaller-sys-cache, mode=REPLICATED]
[14:20:20,230][INFO][main][IgniteKernal] Performance suggestions for grid  (fix if possible)
[14:20:20,231][INFO][main][IgniteKernal] To disable, set -DIGNITE_PERFORMANCE_SUGGESTIONS_DISABLED=true
[14:20:20,231][INFO][main][IgniteKernal]   ^-- Disable peer class loading (set 'peerClassLoadingEnabled' to false)
[14:20:20,231][INFO][main][IgniteKernal]   ^-- Disable grid events (remove 'includeEventTypes' from configuration)
[14:20:20,231][INFO][main][IgniteKernal] 
[14:20:20,232][INFO][main][IgniteKernal] To start Console Management & Monitoring run ignitevisorcmd.{sh|bat}
[14:20:20,232][INFO][main][IgniteKernal] 
[14:20:20,233][INFO][main][IgniteKernal] 

>>> +----------------------------------------------------------------------+
>>> Ignite ver. 1.7.0#20160801-sha1:383273e3f66f702de2482466dce954d570a8ccf2
>>> +----------------------------------------------------------------------+
>>> OS name: Linux 3.10.0-327.36.3.el7.x86_64 amd64
>>> CPU(s): 4
>>> Heap: 1.7GB
>>> VM name: 10600@joly.inf.ed.ac.uk
>>> Local node [ID=8D31EFA3-BF78-4A2A-91EA-C9452D9E4268, order=5, clientMode=true]
>>> Local node addresses: [joly.inf.ed.ac.uk/0:0:0:0:0:0:0:1%lo, /127.0.0.1, /129.215.2.60]
>>> Local ports: TCP:11215 TCP:47104 TCP:48104 

[14:20:20,233][INFO][main][GridDiscoveryManager] Topology snapshot [ver=6, servers=1, clients=3, CPUs=4, heap=6.1GB]
[14:20:20,295][INFO][exchange-worker-#47%null%][GridCacheProcessor] Started cache [name=partC, mode=PARTITIONED]
[14:20:20,646][INFO][exchange-worker-#47%null%][GridCacheProcessor] Stopped cache: partC
[14:20:20,751][INFO][main][GridTcpRestProtocol] Command protocol successfully stopped: TCP binary
[14:20:20,810][INFO][main][GridCacheProcessor] Stopped cache: ignite-marshaller-sys-cache
[14:20:20,810][INFO][main][GridCacheProcessor] Stopped cache: ignite-sys-cache
[14:20:20,810][INFO][main][GridCacheProcessor] Stopped cache: ignite-atomics-sys-cache
[14:20:20,815][INFO][main][GridDeploymentLocalStore] Removed undeployed class: GridDeployment [ts=1479306019808, depMode=SHARED, clsLdr=sun.misc.Launcher$AppClassLoader@73d16e93, clsLdrId=fd0728d6851-8d31efa3-bf78-4a2a-91ea-c9452d9e4268, userVer=0, loc=true, sampleClsName=org.apache.ignite.internal.processors.task.GridTaskProcessor$TaskDiscoveryListener$1, pendingUndeploy=false, undeployed=true, usage=0]
[14:20:20,837][INFO][main][IgniteKernal] 

>>> +---------------------------------------------------------------------------------+
>>> Ignite ver. 1.7.0#20160801-sha1:383273e3f66f702de2482466dce954d570a8ccf2 stopped OK
>>> +---------------------------------------------------------------------------------+
>>> Grid uptime: 00:00:00:609


