[20:02:52,004][INFO][main][IgniteKernal] 

>>>    __________  ________________  
>>>   /  _/ ___/ |/ /  _/_  __/ __/  
>>>  _/ // (7 7    // /  / / / _/    
>>> /___/\___/_/|_/___/ /_/ /___/   
>>> 
>>> ver. 1.7.0#20160801-sha1:383273e3
>>> 2016 Copyright(C) Apache Software Foundation
>>> 
>>> Ignite documentation: http://ignite.apache.org

[20:02:52,006][INFO][main][IgniteKernal] Config URL: file:/afs/inf.ed.ac.uk/user/s16/s1626297/Desktop/ds/apache-ignite-fabric-1.7.0-bin/examples/config/example-ignite-no-discovery.xml
[20:02:52,006][INFO][main][IgniteKernal] Daemon mode: off
[20:02:52,006][INFO][main][IgniteKernal] OS: Linux 3.10.0-327.36.3.el7.x86_64 amd64
[20:02:52,008][INFO][main][IgniteKernal] OS user: s1626297
[20:02:52,009][INFO][main][IgniteKernal] Language runtime: Java Platform API Specification ver. 1.8
[20:02:52,009][INFO][main][IgniteKernal] VM information: Java(TM) SE Runtime Environment 1.8.0_91-b14 Oracle Corporation Java HotSpot(TM) 64-Bit Server VM 25.91-b14
[20:02:52,012][INFO][main][IgniteKernal] VM total memory: 1.7GB
[20:02:52,012][INFO][main][IgniteKernal] Remote Management [restart: off, REST: on, JMX (remote: off)]
[20:02:52,012][INFO][main][IgniteKernal] IGNITE_HOME=/afs/inf.ed.ac.uk/user/s16/s1626297/Desktop/ds/apache-ignite-fabric-1.7.0-bin
[20:02:52,013][INFO][main][IgniteKernal] VM arguments: [-DIGNITE_HOME=/afs/inf.ed.ac.uk/user/s16/s1626297/Desktop/ds/apache-ignite-fabric-1.7.0-bin, -Didea.launcher.port=7551, -Didea.launcher.bin.path=/opt/idea-ce/bin, -Dfile.encoding=UTF-8]
[20:02:52,013][INFO][main][IgniteKernal] Configured caches ['ignite-marshaller-sys-cache', 'ignite-sys-cache', 'ignite-atomics-sys-cache']
[20:02:52,013][WARNING][main][IgniteKernal] Peer class loading is enabled (disable it in production for performance and deployment consistency reasons)
[20:02:52,098][INFO][main][IgniteKernal] 3-rd party licenses can be found at: /afs/inf.ed.ac.uk/user/s16/s1626297/Desktop/ds/apache-ignite-fabric-1.7.0-bin/libs/licenses
[20:02:52,129][WARNING][pub-#26%null%][GridDiagnostic] Initial heap size is 124MB (should be no less than 512MB, use -Xms512m -Xmx512m).
[20:02:52,279][INFO][main][IgniteKernal] Non-loopback local IPs: 129.215.3.32, fe80:0:0:0:a2d3:c1ff:fe0f:8a89%em1
[20:02:52,279][INFO][main][IgniteKernal] Enabled local MACs: A0D3C10F8A89
[20:02:52,298][INFO][main][IgnitePluginProcessor] Configured plugins:
[20:02:52,298][INFO][main][IgnitePluginProcessor]   ^-- None
[20:02:52,298][INFO][main][IgnitePluginProcessor] 
[20:02:52,523][INFO][main][TcpCommunicationSpi] IPC shared memory server endpoint started [port=48104, tokDir=/afs/inf.ed.ac.uk/user/s16/s1626297/Desktop/ds/apache-ignite-fabric-1.7.0-bin/work/ipc/shmem/420c275f-7fb7-4c93-a7ca-f8095fe265df-22910]
[20:02:52,523][INFO][main][TcpCommunicationSpi] Successfully bound shared memory communication to TCP port [port=48104, locHost=0.0.0.0/0.0.0.0]
[20:02:52,583][INFO][main][TcpCommunicationSpi] Successfully bound to TCP port [port=47104, locHost=0.0.0.0/0.0.0.0]
[20:02:52,828][WARNING][main][NoopCheckpointSpi] Checkpoints are disabled (to enable configure any GridCheckpointSpi implementation)
[20:02:52,896][WARNING][main][GridCollisionManager] Collision resolution is disabled (all jobs will be activated upon arrival).
[20:02:52,910][WARNING][main][NoopSwapSpaceSpi] Swap space is disabled. To enable use FileSwapSpaceSpi.
[20:02:52,912][INFO][main][IgniteKernal] Security status [authentication=off, tls/ssl=off]
[20:02:53,333][WARNING][main][IgniteH2Indexing] Serialization of Java objects in H2 was enabled.
[20:02:53,488][INFO][main][GridTcpRestProtocol] Command protocol successfully started [name=TCP binary, host=0.0.0.0/0.0.0.0, port=11215]
[20:02:54,129][WARNING][main][IgniteKernal] Attempting to start more nodes than physical RAM available on current host (this can cause significant slowdown)
[20:02:54,511][INFO][main][GridCacheProcessor] Started cache [name=ignite-sys-cache, mode=REPLICATED]
[20:02:54,531][INFO][main][GridCacheProcessor] Started cache [name=ignite-atomics-sys-cache, mode=PARTITIONED]
[20:02:54,565][INFO][main][GridCacheProcessor] Started cache [name=ignite-marshaller-sys-cache, mode=REPLICATED]
[20:02:55,146][INFO][main][IgniteKernal] Performance suggestions for grid  (fix if possible)
[20:02:55,147][INFO][main][IgniteKernal] To disable, set -DIGNITE_PERFORMANCE_SUGGESTIONS_DISABLED=true
[20:02:55,147][INFO][main][IgniteKernal]   ^-- Disable peer class loading (set 'peerClassLoadingEnabled' to false)
[20:02:55,147][INFO][main][IgniteKernal]   ^-- Disable grid events (remove 'includeEventTypes' from configuration)
[20:02:55,147][INFO][main][IgniteKernal] 
[20:02:55,147][INFO][main][IgniteKernal] To start Console Management & Monitoring run ignitevisorcmd.{sh|bat}
[20:02:55,148][INFO][main][IgniteKernal] 
[20:02:55,148][INFO][main][IgniteKernal] 

>>> +----------------------------------------------------------------------+
>>> Ignite ver. 1.7.0#20160801-sha1:383273e3f66f702de2482466dce954d570a8ccf2
>>> +----------------------------------------------------------------------+
>>> OS name: Linux 3.10.0-327.36.3.el7.x86_64 amd64
>>> CPU(s): 4
>>> Heap: 1.7GB
>>> VM name: 22910@lodi.inf.ed.ac.uk
>>> Local node [ID=420C275F-7FB7-4C93-A7CA-F8095FE265DF, order=51, clientMode=true]
>>> Local node addresses: [lodi.inf.ed.ac.uk/0:0:0:0:0:0:0:1%lo, /127.0.0.1, /129.215.3.32]
>>> Local ports: TCP:11215 TCP:47104 TCP:48104 

[20:02:55,150][INFO][main][GridDiscoveryManager] Topology snapshot [ver=51, servers=1, clients=4, CPUs=4, heap=7.9GB]
[20:02:55,281][INFO][exchange-worker-#44%null%][GridCacheProcessor] Started cache [name=words, mode=PARTITIONED]
[20:02:55,501][INFO][main][GridTcpRestProtocol] Command protocol successfully stopped: TCP binary
[20:02:55,570][INFO][main][GridCacheProcessor] Stopped cache: ignite-marshaller-sys-cache
[20:02:55,570][INFO][main][GridCacheProcessor] Stopped cache: ignite-sys-cache
[20:02:55,571][INFO][main][GridCacheProcessor] Stopped cache: ignite-atomics-sys-cache
[20:02:55,571][INFO][main][GridCacheProcessor] Stopped cache: words
[20:02:55,591][INFO][main][GridDeploymentLocalStore] Removed undeployed class: GridDeployment [ts=1478808174890, depMode=SHARED, clsLdr=sun.misc.Launcher$AppClassLoader@4dc63996, clsLdrId=05be5df4851-420c275f-7fb7-4c93-a7ca-f8095fe265df, userVer=0, loc=true, sampleClsName=org.apache.ignite.internal.processors.cache.distributed.dht.preloader.GridDhtPartitionFullMap, pendingUndeploy=false, undeployed=true, usage=0]
[20:02:55,612][INFO][main][IgniteKernal] 

>>> +---------------------------------------------------------------------------------+
>>> Ignite ver. 1.7.0#20160801-sha1:383273e3f66f702de2482466dce954d570a8ccf2 stopped OK
>>> +---------------------------------------------------------------------------------+
>>> Grid uptime: 00:00:00:466


