[17:24:48,549][INFO][main][IgniteKernal] 

>>>    __________  ________________  
>>>   /  _/ ___/ |/ /  _/_  __/ __/  
>>>  _/ // (7 7    // /  / / / _/    
>>> /___/\___/_/|_/___/ /_/ /___/   
>>> 
>>> ver. 1.7.0#20160801-sha1:383273e3
>>> 2016 Copyright(C) Apache Software Foundation
>>> 
>>> Ignite documentation: http://ignite.apache.org

[17:24:48,551][INFO][main][IgniteKernal] Config URL: file:/afs/inf.ed.ac.uk/user/s16/s1626297/Desktop/ds/apache-ignite-fabric-1.7.0-bin/examples/config/example-ignite-no-discovery.xml
[17:24:48,551][INFO][main][IgniteKernal] Daemon mode: off
[17:24:48,551][INFO][main][IgniteKernal] OS: Linux 3.10.0-327.36.3.el7.x86_64 amd64
[17:24:48,552][INFO][main][IgniteKernal] OS user: s1626297
[17:24:48,552][INFO][main][IgniteKernal] Language runtime: Java Platform API Specification ver. 1.8
[17:24:48,552][INFO][main][IgniteKernal] VM information: Java(TM) SE Runtime Environment 1.8.0_91-b14 Oracle Corporation Java HotSpot(TM) 64-Bit Server VM 25.91-b14
[17:24:48,554][INFO][main][IgniteKernal] VM total memory: 0.96GB
[17:24:48,554][INFO][main][IgniteKernal] Remote Management [restart: on, REST: on, JMX (remote: on, port: 49146, auth: off, ssl: off)]
[17:24:48,554][INFO][main][IgniteKernal] IGNITE_HOME=/afs/inf.ed.ac.uk/user/s16/s1626297/Desktop/ds/apache-ignite-fabric-1.7.0-bin
[17:24:48,554][INFO][main][IgniteKernal] VM arguments: [-Xms1g, -Xmx1g, -XX:+AggressiveOpts, -XX:MaxMetaspaceSize=256m, -DIGNITE_QUIET=true, -DIGNITE_SUCCESS_FILE=/afs/inf.ed.ac.uk/user/s16/s1626297/Desktop/ds/apache-ignite-fabric-1.7.0-bin/work/ignite_success_40ea623e-49d4-4919-b05a-9935e0095720, -Dcom.sun.management.jmxremote, -Dcom.sun.management.jmxremote.port=49146, -Dcom.sun.management.jmxremote.authenticate=false, -Dcom.sun.management.jmxremote.ssl=false, -DIGNITE_HOME=/afs/inf.ed.ac.uk/user/s16/s1626297/Desktop/ds/apache-ignite-fabric-1.7.0-bin, -DIGNITE_PROG_NAME=/afs/inf.ed.ac.uk/user/s16/s1626297/Desktop/ds/apache-ignite-fabric-1.7.0-bin/bin/ignite.sh]
[17:24:48,554][INFO][main][IgniteKernal] Configured caches ['ignite-marshaller-sys-cache', 'ignite-sys-cache', 'ignite-atomics-sys-cache']
[17:24:48,554][WARNING][main][IgniteKernal] Peer class loading is enabled (disable it in production for performance and deployment consistency reasons)
[17:24:48,560][INFO][main][IgniteKernal] 3-rd party licenses can be found at: /afs/inf.ed.ac.uk/user/s16/s1626297/Desktop/ds/apache-ignite-fabric-1.7.0-bin/libs/licenses
[17:24:48,624][INFO][main][IgniteKernal] Non-loopback local IPs: 129.215.2.16, fe80:0:0:0:4a0f:cfff:fe5c:a96f%em1
[17:24:48,624][INFO][main][IgniteKernal] Enabled local MACs: 480FCF5CA96F
[17:24:48,642][INFO][main][IgnitePluginProcessor] Configured plugins:
[17:24:48,643][INFO][main][IgnitePluginProcessor]   ^-- None
[17:24:48,643][INFO][main][IgnitePluginProcessor] 
[17:24:48,799][INFO][main][TcpCommunicationSpi] IPC shared memory server endpoint started [port=48100, tokDir=/afs/inf.ed.ac.uk/user/s16/s1626297/Desktop/ds/apache-ignite-fabric-1.7.0-bin/work/ipc/shmem/d4a585e8-f424-4c4b-a0b4-a751d52a0479-29709]
[17:24:48,799][INFO][main][TcpCommunicationSpi] Successfully bound shared memory communication to TCP port [port=48100, locHost=0.0.0.0/0.0.0.0]
[17:24:48,826][INFO][main][TcpCommunicationSpi] Successfully bound to TCP port [port=47100, locHost=0.0.0.0/0.0.0.0]
[17:24:48,881][WARNING][main][NoopCheckpointSpi] Checkpoints are disabled (to enable configure any GridCheckpointSpi implementation)
[17:24:48,912][WARNING][main][GridCollisionManager] Collision resolution is disabled (all jobs will be activated upon arrival).
[17:24:48,916][WARNING][main][NoopSwapSpaceSpi] Swap space is disabled. To enable use FileSwapSpaceSpi.
[17:24:48,919][INFO][main][IgniteKernal] Security status [authentication=off, tls/ssl=off]
[17:24:49,224][WARNING][main][IgniteH2Indexing] Serialization of Java objects in H2 was enabled.
[17:24:49,310][INFO][main][GridTcpRestProtocol] Command protocol successfully started [name=TCP binary, host=0.0.0.0/0.0.0.0, port=11211]
[17:24:49,428][INFO][main][TcpDiscoverySpi] Successfully bound to TCP port [port=47500, localHost=0.0.0.0/0.0.0.0]
[17:24:49,802][INFO][main][GridCacheProcessor] Started cache [name=ignite-sys-cache, mode=REPLICATED]
[17:24:49,814][INFO][main][GridCacheProcessor] Started cache [name=ignite-atomics-sys-cache, mode=PARTITIONED]
[17:24:49,835][INFO][main][GridCacheProcessor] Started cache [name=ignite-marshaller-sys-cache, mode=REPLICATED]
[17:24:49,892][INFO][exchange-worker-#55%null%][GridCachePartitionExchangeManager] Skipping rebalancing (nothing scheduled) [top=AffinityTopologyVersion [topVer=1, minorTopVer=0], evt=NODE_JOINED, node=d4a585e8-f424-4c4b-a0b4-a751d52a0479]
[17:24:49,939][INFO][main][IgniteKernal] Performance suggestions for grid  (fix if possible)
[17:24:49,939][INFO][main][IgniteKernal] To disable, set -DIGNITE_PERFORMANCE_SUGGESTIONS_DISABLED=true
[17:24:49,940][INFO][main][IgniteKernal]   ^-- Disable peer class loading (set 'peerClassLoadingEnabled' to false)
[17:24:49,940][INFO][main][IgniteKernal]   ^-- Disable grid events (remove 'includeEventTypes' from configuration)
[17:24:49,940][INFO][main][IgniteKernal] 
[17:24:49,940][INFO][main][IgniteKernal] To start Console Management & Monitoring run ignitevisorcmd.{sh|bat}
[17:24:49,941][INFO][main][IgniteKernal] 
[17:24:49,941][INFO][main][IgniteKernal] 

>>> +----------------------------------------------------------------------+
>>> Ignite ver. 1.7.0#20160801-sha1:383273e3f66f702de2482466dce954d570a8ccf2
>>> +----------------------------------------------------------------------+
>>> OS name: Linux 3.10.0-327.36.3.el7.x86_64 amd64
>>> CPU(s): 4
>>> Heap: 1.0GB
>>> VM name: 29709@lloyd.inf.ed.ac.uk
>>> Local node [ID=D4A585E8-F424-4C4B-A0B4-A751D52A0479, order=1, clientMode=false]
>>> Local node addresses: [lloyd.inf.ed.ac.uk/0:0:0:0:0:0:0:1%lo, /127.0.0.1, /129.215.2.16]
>>> Local ports: TCP:11211 TCP:47100 TCP:47500 TCP:48100 

[17:24:49,942][INFO][main][GridDiscoveryManager] Topology snapshot [ver=1, servers=1, clients=0, CPUs=4, heap=1.0GB]
[17:24:59,509][INFO][ignite-update-notifier-timer][GridUpdateNotifier] Your version is up to date.
[17:25:37,542][INFO][Thread-2][G] Invoking shutdown hook...
