[14:33:57,640][INFO][main][IgniteKernal] 

>>>    __________  ________________  
>>>   /  _/ ___/ |/ /  _/_  __/ __/  
>>>  _/ // (7 7    // /  / / / _/    
>>> /___/\___/_/|_/___/ /_/ /___/   
>>> 
>>> ver. 1.7.0#20160801-sha1:383273e3
>>> 2016 Copyright(C) Apache Software Foundation
>>> 
>>> Ignite documentation: http://ignite.apache.org

[14:33:57,642][INFO][main][IgniteKernal] Config URL: file:/afs/inf.ed.ac.uk/user/s16/s1626297/Desktop/ds/apache-ignite-fabric-1.7.0-bin/examples/config/example-ignite-no-discovery.xml
[14:33:57,642][INFO][main][IgniteKernal] Daemon mode: off
[14:33:57,642][INFO][main][IgniteKernal] OS: Linux 3.10.0-327.36.3.el7.x86_64 amd64
[14:33:57,643][INFO][main][IgniteKernal] OS user: s1626297
[14:33:57,643][INFO][main][IgniteKernal] Language runtime: Java Platform API Specification ver. 1.8
[14:33:57,643][INFO][main][IgniteKernal] VM information: Java(TM) SE Runtime Environment 1.8.0_91-b14 Oracle Corporation Java HotSpot(TM) 64-Bit Server VM 25.91-b14
[14:33:57,644][INFO][main][IgniteKernal] VM total memory: 1.7GB
[14:33:57,645][INFO][main][IgniteKernal] Remote Management [restart: off, REST: on, JMX (remote: off)]
[14:33:57,645][INFO][main][IgniteKernal] IGNITE_HOME=/afs/inf.ed.ac.uk/user/s16/s1626297/Desktop/ds/apache-ignite-fabric-1.7.0-bin
[14:33:57,645][INFO][main][IgniteKernal] VM arguments: []
[14:33:57,645][INFO][main][IgniteKernal] Configured caches ['ignite-marshaller-sys-cache', 'ignite-sys-cache', 'ignite-atomics-sys-cache']
[14:33:57,645][WARNING][main][IgniteKernal] Peer class loading is enabled (disable it in production for performance and deployment consistency reasons)
[14:33:57,649][INFO][main][IgniteKernal] 3-rd party licenses can be found at: /afs/inf.ed.ac.uk/user/s16/s1626297/Desktop/ds/apache-ignite-fabric-1.7.0-bin/libs/licenses
[14:33:57,651][WARNING][pub-#26%null%][GridDiagnostic] Initial heap size is 124MB (should be no less than 512MB, use -Xms512m -Xmx512m).
[14:33:57,697][INFO][main][IgniteKernal] Non-loopback local IPs: 129.215.2.60, fe80:0:0:0:ea39:35ff:fe48:4d89%em1
[14:33:57,697][INFO][main][IgniteKernal] Enabled local MACs: E83935484D89
[14:33:57,713][INFO][main][IgnitePluginProcessor] Configured plugins:
[14:33:57,714][INFO][main][IgnitePluginProcessor]   ^-- None
[14:33:57,714][INFO][main][IgnitePluginProcessor] 
[14:33:57,827][INFO][main][TcpCommunicationSpi] IPC shared memory server endpoint started [port=48101, tokDir=/afs/inf.ed.ac.uk/user/s16/s1626297/Desktop/ds/apache-ignite-fabric-1.7.0-bin/work/ipc/shmem/b4f2a531-475a-4329-ba97-176942f721ce-18039]
[14:33:57,827][INFO][main][TcpCommunicationSpi] Successfully bound shared memory communication to TCP port [port=48101, locHost=0.0.0.0/0.0.0.0]
[14:33:57,849][INFO][main][TcpCommunicationSpi] Successfully bound to TCP port [port=47101, locHost=0.0.0.0/0.0.0.0]
[14:33:57,889][WARNING][main][NoopCheckpointSpi] Checkpoints are disabled (to enable configure any GridCheckpointSpi implementation)
[14:33:57,916][WARNING][main][GridCollisionManager] Collision resolution is disabled (all jobs will be activated upon arrival).
[14:33:57,920][WARNING][main][NoopSwapSpaceSpi] Swap space is disabled. To enable use FileSwapSpaceSpi.
[14:33:57,921][INFO][main][IgniteKernal] Security status [authentication=off, tls/ssl=off]
[14:33:58,169][WARNING][main][IgniteH2Indexing] Serialization of Java objects in H2 was enabled.
[14:33:58,229][INFO][main][GridTcpRestProtocol] Command protocol successfully started [name=TCP binary, host=0.0.0.0/0.0.0.0, port=11212]
[14:33:58,720][INFO][main][GridCacheProcessor] Started cache [name=ignite-sys-cache, mode=REPLICATED]
[14:33:58,731][INFO][main][GridCacheProcessor] Started cache [name=ignite-atomics-sys-cache, mode=PARTITIONED]
[14:33:58,748][INFO][main][GridCacheProcessor] Started cache [name=ignite-marshaller-sys-cache, mode=REPLICATED]
[14:33:58,962][INFO][main][IgniteKernal] Performance suggestions for grid  (fix if possible)
[14:33:58,963][INFO][main][IgniteKernal] To disable, set -DIGNITE_PERFORMANCE_SUGGESTIONS_DISABLED=true
[14:33:58,963][INFO][main][IgniteKernal]   ^-- Disable peer class loading (set 'peerClassLoadingEnabled' to false)
[14:33:58,963][INFO][main][IgniteKernal]   ^-- Disable grid events (remove 'includeEventTypes' from configuration)
[14:33:58,963][INFO][main][IgniteKernal] 
[14:33:58,963][INFO][main][IgniteKernal] To start Console Management & Monitoring run ignitevisorcmd.{sh|bat}
[14:33:58,964][INFO][main][IgniteKernal] 
[14:33:58,964][INFO][main][IgniteKernal] 

>>> +----------------------------------------------------------------------+
>>> Ignite ver. 1.7.0#20160801-sha1:383273e3f66f702de2482466dce954d570a8ccf2
>>> +----------------------------------------------------------------------+
>>> OS name: Linux 3.10.0-327.36.3.el7.x86_64 amd64
>>> CPU(s): 4
>>> Heap: 1.7GB
>>> VM name: 18039@joly.inf.ed.ac.uk
>>> Local node [ID=B4F2A531-475A-4329-BA97-176942F721CE, order=8, clientMode=true]
>>> Local node addresses: [joly.inf.ed.ac.uk/0:0:0:0:0:0:0:1%lo, /127.0.0.1, /129.215.2.60]
>>> Local ports: TCP:11212 TCP:47101 TCP:48101 

[14:33:58,965][INFO][main][GridDiscoveryManager] Topology snapshot [ver=8, servers=1, clients=1, CPUs=4, heap=2.7GB]
[14:33:59,011][INFO][exchange-worker-#45%null%][GridCacheProcessor] Started cache [name=partC, mode=PARTITIONED]
[14:33:59,191][INFO][exchange-worker-#45%null%][GridCacheProcessor] Stopped cache: partC
[14:33:59,212][INFO][main][GridTcpRestProtocol] Command protocol successfully stopped: TCP binary
[14:33:59,222][INFO][main][GridCacheProcessor] Stopped cache: ignite-marshaller-sys-cache
[14:33:59,222][INFO][main][GridCacheProcessor] Stopped cache: ignite-sys-cache
[14:33:59,222][INFO][main][GridCacheProcessor] Stopped cache: ignite-atomics-sys-cache
[14:33:59,228][INFO][main][GridDeploymentLocalStore] Removed undeployed class: GridDeployment [ts=1479306838884, depMode=SHARED, clsLdr=sun.misc.Launcher$AppClassLoader@73d16e93, clsLdrId=eabfe8d6851-b4f2a531-475a-4329-ba97-176942f721ce, userVer=0, loc=true, sampleClsName=org.apache.ignite.internal.processors.cache.distributed.dht.preloader.GridDhtPartitionFullMap, pendingUndeploy=false, undeployed=true, usage=0]
[14:33:59,235][INFO][main][IgniteKernal] 

>>> +---------------------------------------------------------------------------------+
>>> Ignite ver. 1.7.0#20160801-sha1:383273e3f66f702de2482466dce954d570a8ccf2 stopped OK
>>> +---------------------------------------------------------------------------------+
>>> Grid uptime: 00:00:00:271


