[22:51:01,772][INFO][main][IgniteKernal] 

>>>    __________  ________________  
>>>   /  _/ ___/ |/ /  _/_  __/ __/  
>>>  _/ // (7 7    // /  / / / _/    
>>> /___/\___/_/|_/___/ /_/ /___/   
>>> 
>>> ver. 1.7.0#20160801-sha1:383273e3
>>> 2016 Copyright(C) Apache Software Foundation
>>> 
>>> Ignite documentation: http://ignite.apache.org

[22:51:01,774][INFO][main][IgniteKernal] Config URL: file:/afs/inf.ed.ac.uk/user/s16/s1626297/Desktop/ds/apache-ignite-fabric-1.7.0-bin/examples/config/example-ignite-no-discovery.xml
[22:51:01,774][INFO][main][IgniteKernal] Daemon mode: off
[22:51:01,775][INFO][main][IgniteKernal] OS: Linux 3.10.0-327.36.3.el7.x86_64 amd64
[22:51:01,775][INFO][main][IgniteKernal] OS user: s1626297
[22:51:01,775][INFO][main][IgniteKernal] Language runtime: Java Platform API Specification ver. 1.8
[22:51:01,775][INFO][main][IgniteKernal] VM information: Java(TM) SE Runtime Environment 1.8.0_91-b14 Oracle Corporation Java HotSpot(TM) 64-Bit Server VM 25.91-b14
[22:51:01,777][INFO][main][IgniteKernal] VM total memory: 0.96GB
[22:51:01,777][INFO][main][IgniteKernal] Remote Management [restart: on, REST: on, JMX (remote: on, port: 49148, auth: off, ssl: off)]
[22:51:01,777][INFO][main][IgniteKernal] IGNITE_HOME=/afs/inf.ed.ac.uk/user/s16/s1626297/Desktop/ds/apache-ignite-fabric-1.7.0-bin
[22:51:01,777][INFO][main][IgniteKernal] VM arguments: [-Xms1g, -Xmx1g, -XX:+AggressiveOpts, -XX:MaxMetaspaceSize=256m, -DIGNITE_QUIET=true, -DIGNITE_SUCCESS_FILE=/afs/inf.ed.ac.uk/user/s16/s1626297/Desktop/ds/apache-ignite-fabric-1.7.0-bin/work/ignite_success_ba0927ab-2754-4463-a8b5-5ecda656f490, -Dcom.sun.management.jmxremote, -Dcom.sun.management.jmxremote.port=49148, -Dcom.sun.management.jmxremote.authenticate=false, -Dcom.sun.management.jmxremote.ssl=false, -DIGNITE_HOME=/afs/inf.ed.ac.uk/user/s16/s1626297/Desktop/ds/apache-ignite-fabric-1.7.0-bin, -DIGNITE_PROG_NAME=/afs/inf.ed.ac.uk/user/s16/s1626297/Desktop/ds/apache-ignite-fabric-1.7.0-bin/bin/ignite.sh]
[22:51:01,777][INFO][main][IgniteKernal] Configured caches ['ignite-marshaller-sys-cache', 'ignite-sys-cache', 'ignite-atomics-sys-cache']
[22:51:01,778][WARNING][main][IgniteKernal] Peer class loading is enabled (disable it in production for performance and deployment consistency reasons)
[22:51:01,783][INFO][main][IgniteKernal] 3-rd party licenses can be found at: /afs/inf.ed.ac.uk/user/s16/s1626297/Desktop/ds/apache-ignite-fabric-1.7.0-bin/libs/licenses
[22:51:01,834][INFO][main][IgniteKernal] Non-loopback local IPs: 129.215.2.234, fe80:0:0:0:8edc:d4ff:fe57:28d5%em1
[22:51:01,834][INFO][main][IgniteKernal] Enabled local MACs: 8CDCD45728D5
[22:51:01,851][INFO][main][IgnitePluginProcessor] Configured plugins:
[22:51:01,851][INFO][main][IgnitePluginProcessor]   ^-- None
[22:51:01,851][INFO][main][IgnitePluginProcessor] 
[22:51:02,067][INFO][main][TcpCommunicationSpi] IPC shared memory server endpoint started [port=48101, tokDir=/afs/inf.ed.ac.uk/user/s16/s1626297/Desktop/ds/apache-ignite-fabric-1.7.0-bin/work/ipc/shmem/dec8df78-d7d4-4b4d-844c-f930b567effe-22771]
[22:51:02,068][INFO][main][TcpCommunicationSpi] Successfully bound shared memory communication to TCP port [port=48101, locHost=0.0.0.0/0.0.0.0]
[22:51:02,086][INFO][main][TcpCommunicationSpi] Successfully bound to TCP port [port=47101, locHost=0.0.0.0/0.0.0.0]
[22:51:02,195][WARNING][main][NoopCheckpointSpi] Checkpoints are disabled (to enable configure any GridCheckpointSpi implementation)
[22:51:02,227][WARNING][main][GridCollisionManager] Collision resolution is disabled (all jobs will be activated upon arrival).
[22:51:02,230][WARNING][main][NoopSwapSpaceSpi] Swap space is disabled. To enable use FileSwapSpaceSpi.
[22:51:02,232][INFO][main][IgniteKernal] Security status [authentication=off, tls/ssl=off]
[22:51:02,522][WARNING][main][IgniteH2Indexing] Serialization of Java objects in H2 was enabled.
[22:51:02,624][INFO][main][GridTcpRestProtocol] Command protocol successfully started [name=TCP binary, host=0.0.0.0/0.0.0.0, port=11212]
[22:51:02,758][INFO][main][TcpDiscoverySpi] Successfully bound to TCP port [port=47501, localHost=0.0.0.0/0.0.0.0]
[22:51:03,142][INFO][disco-event-worker-#52%null%][GridDiscoveryManager] Added new node to topology: TcpDiscoveryNode [id=7f8e6e1d-0c5c-4fe1-9eff-80d76b63e5d6, addrs=[0:0:0:0:0:0:0:1%lo, 127.0.0.1, 129.215.2.234], sockAddrs=[donners.inf.ed.ac.uk/129.215.2.234:47502, /0:0:0:0:0:0:0:1%lo:47502, /127.0.0.1:47502], discPort=47502, order=3, intOrder=3, lastExchangeTime=1479250263059, loc=false, ver=1.7.0#20160801-sha1:383273e3, isClient=false]
[22:51:03,146][INFO][disco-event-worker-#52%null%][GridDiscoveryManager] Topology snapshot [ver=3, servers=3, clients=0, CPUs=4, heap=3.0GB]
[22:51:03,279][INFO][main][GridCacheProcessor] Started cache [name=ignite-sys-cache, mode=REPLICATED]
[22:51:03,295][INFO][main][GridCacheProcessor] Started cache [name=ignite-atomics-sys-cache, mode=PARTITIONED]
[22:51:03,309][INFO][main][GridCacheProcessor] Started cache [name=ignite-marshaller-sys-cache, mode=REPLICATED]
[22:51:03,522][INFO][exchange-worker-#55%null%][GridCachePartitionExchangeManager] Skipping rebalancing (nothing scheduled) [top=AffinityTopologyVersion [topVer=2, minorTopVer=0], evt=NODE_JOINED, node=dec8df78-d7d4-4b4d-844c-f930b567effe]
[22:51:03,703][INFO][exchange-worker-#55%null%][GridCachePartitionExchangeManager] Cache rebalancing scheduled: [cache=ignite-sys-cache, waitList=[]]
[22:51:03,704][INFO][exchange-worker-#55%null%][GridCachePartitionExchangeManager] Cache rebalancing scheduled: [cache=ignite-marshaller-sys-cache, waitList=[]]
[22:51:03,704][INFO][exchange-worker-#55%null%][GridCachePartitionExchangeManager] Cache rebalancing scheduled: [cache=ignite-atomics-sys-cache, waitList=[ignite-sys-cache, ignite-marshaller-sys-cache]]
[22:51:03,704][INFO][exchange-worker-#55%null%][GridCachePartitionExchangeManager] Rebalancing required [top=AffinityTopologyVersion [topVer=3, minorTopVer=0], evt=NODE_JOINED, node=7f8e6e1d-0c5c-4fe1-9eff-80d76b63e5d6]
[22:51:03,704][INFO][exchange-worker-#55%null%][GridDhtPartitionDemander] <ignite-marshaller-sys-cache> Starting rebalancing [cache=ignite-marshaller-sys-cache, mode=SYNC, fromNode=39a0f1ab-69ee-47ec-a45b-d4cfe8972907, partitionsCount=20, topology=AffinityTopologyVersion [topVer=3, minorTopVer=0], updateSeq=2]
[22:51:03,708][INFO][sys-#21%null%][GridDhtPartitionDemander] <ignite-sys-cache> Starting rebalancing [cache=ignite-sys-cache, mode=SYNC, fromNode=39a0f1ab-69ee-47ec-a45b-d4cfe8972907, partitionsCount=100, topology=AffinityTopologyVersion [topVer=3, minorTopVer=0], updateSeq=2]
[22:51:03,741][INFO][marshaller-cache-#57%null%][GridDhtPartitionDemander] <ignite-marshaller-sys-cache> Completed (final) rebalancing [cache=ignite-marshaller-sys-cache, fromNode=39a0f1ab-69ee-47ec-a45b-d4cfe8972907, topology=AffinityTopologyVersion [topVer=3, minorTopVer=0], time=41 ms]
[22:51:03,759][INFO][utility-#58%null%][GridDhtPartitionDemander] <ignite-sys-cache> Completed (final) rebalancing [cache=ignite-sys-cache, fromNode=39a0f1ab-69ee-47ec-a45b-d4cfe8972907, topology=AffinityTopologyVersion [topVer=3, minorTopVer=0], time=41 ms]
[22:51:03,759][INFO][sys-#21%null%][GridDhtPartitionDemander] <ignite-atomics-sys-cache> Starting rebalancing [cache=ignite-atomics-sys-cache, mode=SYNC, fromNode=39a0f1ab-69ee-47ec-a45b-d4cfe8972907, partitionsCount=333, topology=AffinityTopologyVersion [topVer=3, minorTopVer=0], updateSeq=2]
[22:51:03,767][INFO][sys-#22%null%][GridDhtPartitionDemander] <ignite-atomics-sys-cache> Completed (final) rebalancing [cache=ignite-atomics-sys-cache, fromNode=39a0f1ab-69ee-47ec-a45b-d4cfe8972907, topology=AffinityTopologyVersion [topVer=3, minorTopVer=0], time=10 ms]
[22:51:03,809][INFO][main][IgniteKernal] Performance suggestions for grid  (fix if possible)
[22:51:03,811][INFO][main][IgniteKernal] To disable, set -DIGNITE_PERFORMANCE_SUGGESTIONS_DISABLED=true
[22:51:03,813][INFO][main][IgniteKernal]   ^-- Disable peer class loading (set 'peerClassLoadingEnabled' to false)
[22:51:03,815][INFO][main][IgniteKernal]   ^-- Disable grid events (remove 'includeEventTypes' from configuration)
[22:51:03,817][INFO][main][IgniteKernal] 
[22:51:03,819][INFO][main][IgniteKernal] To start Console Management & Monitoring run ignitevisorcmd.{sh|bat}
[22:51:03,822][INFO][main][IgniteKernal] 
[22:51:03,823][INFO][main][IgniteKernal] 

>>> +----------------------------------------------------------------------+
>>> Ignite ver. 1.7.0#20160801-sha1:383273e3f66f702de2482466dce954d570a8ccf2
>>> +----------------------------------------------------------------------+
>>> OS name: Linux 3.10.0-327.36.3.el7.x86_64 amd64
>>> CPU(s): 4
>>> Heap: 1.0GB
>>> VM name: 22771@donners.inf.ed.ac.uk
>>> Local node [ID=DEC8DF78-D7D4-4B4D-844C-F930B567EFFE, order=2, clientMode=false]
>>> Local node addresses: [donners.inf.ed.ac.uk/0:0:0:0:0:0:0:1%lo, /127.0.0.1, /129.215.2.234]
>>> Local ports: TCP:11212 TCP:47101 TCP:47501 TCP:48101 

[22:51:03,825][INFO][main][GridDiscoveryManager] Topology snapshot [ver=3, servers=3, clients=0, CPUs=4, heap=3.0GB]
[22:51:05,343][INFO][exchange-worker-#55%null%][GridCachePartitionExchangeManager] Skipping rebalancing (nothing scheduled) [top=AffinityTopologyVersion [topVer=3, minorTopVer=1], evt=DISCOVERY_CUSTOM_EVT, node=39a0f1ab-69ee-47ec-a45b-d4cfe8972907]
[22:51:13,006][INFO][ignite-update-notifier-timer][GridUpdateNotifier] Your version is up to date.
[22:51:15,852][INFO][Thread-3][G] Invoking shutdown hook...
