[20:50:27,288][INFO][main][IgniteKernal] 

>>>    __________  ________________  
>>>   /  _/ ___/ |/ /  _/_  __/ __/  
>>>  _/ // (7 7    // /  / / / _/    
>>> /___/\___/_/|_/___/ /_/ /___/   
>>> 
>>> ver. 1.7.0#20160801-sha1:383273e3
>>> 2016 Copyright(C) Apache Software Foundation
>>> 
>>> Ignite documentation: http://ignite.apache.org

[20:50:27,289][INFO][main][IgniteKernal] Config URL: file:/afs/inf.ed.ac.uk/user/s16/s1626297/Desktop/ds/apache-ignite-fabric-1.7.0-bin/examples/config/example-ignite-no-discovery.xml
[20:50:27,289][INFO][main][IgniteKernal] Daemon mode: off
[20:50:27,289][INFO][main][IgniteKernal] OS: Linux 3.10.0-327.36.3.el7.x86_64 amd64
[20:50:27,290][INFO][main][IgniteKernal] OS user: s1626297
[20:50:27,290][INFO][main][IgniteKernal] Language runtime: Java Platform API Specification ver. 1.8
[20:50:27,290][INFO][main][IgniteKernal] VM information: Java(TM) SE Runtime Environment 1.8.0_91-b14 Oracle Corporation Java HotSpot(TM) 64-Bit Server VM 25.91-b14
[20:50:27,291][INFO][main][IgniteKernal] VM total memory: 1.7GB
[20:50:27,292][INFO][main][IgniteKernal] Remote Management [restart: off, REST: on, JMX (remote: off)]
[20:50:27,292][INFO][main][IgniteKernal] IGNITE_HOME=/afs/inf.ed.ac.uk/user/s16/s1626297/Desktop/ds/apache-ignite-fabric-1.7.0-bin
[20:50:27,292][INFO][main][IgniteKernal] VM arguments: [-agentlib:jdwp=transport=dt_socket,address=127.0.0.1:39891,suspend=y,server=n, -DIGNITE_HOME=/afs/inf.ed.ac.uk/user/s16/s1626297/Desktop/ds/apache-ignite-fabric-1.7.0-bin, -Dfile.encoding=UTF-8]
[20:50:27,292][INFO][main][IgniteKernal] Configured caches ['ignite-marshaller-sys-cache', 'ignite-sys-cache', 'ignite-atomics-sys-cache']
[20:50:27,292][WARNING][main][IgniteKernal] Peer class loading is enabled (disable it in production for performance and deployment consistency reasons)
[20:50:27,296][INFO][main][IgniteKernal] 3-rd party licenses can be found at: /afs/inf.ed.ac.uk/user/s16/s1626297/Desktop/ds/apache-ignite-fabric-1.7.0-bin/libs/licenses
[20:50:27,299][WARNING][pub-#26%null%][GridDiagnostic] Initial heap size is 124MB (should be no less than 512MB, use -Xms512m -Xmx512m).
[20:50:27,345][INFO][main][IgniteKernal] Non-loopback local IPs: 129.215.3.62, fe80:0:0:0:8a51:fbff:fe55:4f8e%em1
[20:50:27,345][INFO][main][IgniteKernal] Enabled local MACs: 8851FB554F8E
[20:50:27,362][INFO][main][IgnitePluginProcessor] Configured plugins:
[20:50:27,362][INFO][main][IgnitePluginProcessor]   ^-- None
[20:50:27,362][INFO][main][IgnitePluginProcessor] 
[20:50:27,472][INFO][main][TcpCommunicationSpi] IPC shared memory server endpoint started [port=48101, tokDir=/afs/inf.ed.ac.uk/user/s16/s1626297/Desktop/ds/apache-ignite-fabric-1.7.0-bin/work/ipc/shmem/b8925cb2-b457-4faf-b15d-d5dd386195e1-29625]
[20:50:27,472][INFO][main][TcpCommunicationSpi] Successfully bound shared memory communication to TCP port [port=48101, locHost=0.0.0.0/0.0.0.0]
[20:50:27,494][INFO][main][TcpCommunicationSpi] Successfully bound to TCP port [port=47101, locHost=0.0.0.0/0.0.0.0]
[20:50:27,535][WARNING][main][NoopCheckpointSpi] Checkpoints are disabled (to enable configure any GridCheckpointSpi implementation)
[20:50:27,571][WARNING][main][GridCollisionManager] Collision resolution is disabled (all jobs will be activated upon arrival).
[20:50:27,575][WARNING][main][NoopSwapSpaceSpi] Swap space is disabled. To enable use FileSwapSpaceSpi.
[20:50:27,576][INFO][main][IgniteKernal] Security status [authentication=off, tls/ssl=off]
[20:50:27,820][WARNING][main][IgniteH2Indexing] Serialization of Java objects in H2 was enabled.
[20:50:27,881][INFO][main][GridTcpRestProtocol] Command protocol successfully started [name=TCP binary, host=0.0.0.0/0.0.0.0, port=11212]
[20:50:28,332][INFO][main][GridCacheProcessor] Started cache [name=ignite-sys-cache, mode=REPLICATED]
[20:50:28,344][INFO][main][GridCacheProcessor] Started cache [name=ignite-atomics-sys-cache, mode=PARTITIONED]
[20:50:28,361][INFO][main][GridCacheProcessor] Started cache [name=ignite-marshaller-sys-cache, mode=REPLICATED]
[20:50:28,547][INFO][main][IgniteKernal] Performance suggestions for grid  (fix if possible)
[20:50:28,548][INFO][main][IgniteKernal] To disable, set -DIGNITE_PERFORMANCE_SUGGESTIONS_DISABLED=true
[20:50:28,548][INFO][main][IgniteKernal]   ^-- Disable peer class loading (set 'peerClassLoadingEnabled' to false)
[20:50:28,548][INFO][main][IgniteKernal]   ^-- Disable grid events (remove 'includeEventTypes' from configuration)
[20:50:28,548][INFO][main][IgniteKernal] 
[20:50:28,548][INFO][main][IgniteKernal] To start Console Management & Monitoring run ignitevisorcmd.{sh|bat}
[20:50:28,548][INFO][main][IgniteKernal] 
[20:50:28,549][INFO][main][IgniteKernal] 

>>> +----------------------------------------------------------------------+
>>> Ignite ver. 1.7.0#20160801-sha1:383273e3f66f702de2482466dce954d570a8ccf2
>>> +----------------------------------------------------------------------+
>>> OS name: Linux 3.10.0-327.36.3.el7.x86_64 amd64
>>> CPU(s): 4
>>> Heap: 1.7GB
>>> VM name: 29625@parrot.inf.ed.ac.uk
>>> Local node [ID=B8925CB2-B457-4FAF-B15D-D5DD386195E1, order=42, clientMode=true]
>>> Local node addresses: [parrot.inf.ed.ac.uk/0:0:0:0:0:0:0:1%lo, /127.0.0.1, /129.215.3.62]
>>> Local ports: TCP:11212 TCP:47101 TCP:48101 

[20:50:28,550][INFO][main][GridDiscoveryManager] Topology snapshot [ver=42, servers=1, clients=1, CPUs=4, heap=2.7GB]
[20:50:28,593][INFO][exchange-worker-#45%null%][GridCacheProcessor] Started cache [name=words, mode=PARTITIONED]
[20:50:28,621][INFO][main][GridTcpRestProtocol] Command protocol successfully stopped: TCP binary
[20:50:28,638][INFO][main][GridCacheProcessor] Stopped cache: ignite-marshaller-sys-cache
[20:50:28,638][INFO][main][GridCacheProcessor] Stopped cache: ignite-sys-cache
[20:50:28,639][INFO][main][GridCacheProcessor] Stopped cache: ignite-atomics-sys-cache
[20:50:28,639][INFO][main][GridCacheProcessor] Stopped cache: words
[20:50:28,641][INFO][main][GridDeploymentLocalStore] Removed undeployed class: GridDeployment [ts=1478897428476, depMode=SHARED, clsLdr=sun.misc.Launcher$AppClassLoader@18b4aac2, clsLdrId=f7fd7255851-b8925cb2-b457-4faf-b15d-d5dd386195e1, userVer=0, loc=true, sampleClsName=org.apache.ignite.internal.processors.cache.distributed.dht.preloader.GridDhtPartitionFullMap, pendingUndeploy=false, undeployed=true, usage=0]
[20:50:28,652][INFO][main][IgniteKernal] 

>>> +---------------------------------------------------------------------------------+
>>> Ignite ver. 1.7.0#20160801-sha1:383273e3f66f702de2482466dce954d570a8ccf2 stopped OK
>>> +---------------------------------------------------------------------------------+
>>> Grid uptime: 00:00:00:111


