[15:33:03,255][INFO][main][IgniteKernal] 

>>>    __________  ________________  
>>>   /  _/ ___/ |/ /  _/_  __/ __/  
>>>  _/ // (7 7    // /  / / / _/    
>>> /___/\___/_/|_/___/ /_/ /___/   
>>> 
>>> ver. 1.7.0#20160801-sha1:383273e3
>>> 2016 Copyright(C) Apache Software Foundation
>>> 
>>> Ignite documentation: http://ignite.apache.org

[15:33:03,256][INFO][main][IgniteKernal] Config URL: file:/afs/inf.ed.ac.uk/user/s16/s1626297/Desktop/ds/apache-ignite-fabric-1.7.0-bin/examples/config/example-ignite.xml
[15:33:03,256][INFO][main][IgniteKernal] Daemon mode: off
[15:33:03,256][INFO][main][IgniteKernal] OS: Linux 3.10.0-327.36.3.el7.x86_64 amd64
[15:33:03,257][INFO][main][IgniteKernal] OS user: s1626297
[15:33:03,257][INFO][main][IgniteKernal] Language runtime: Java Platform API Specification ver. 1.8
[15:33:03,257][INFO][main][IgniteKernal] VM information: Java(TM) SE Runtime Environment 1.8.0_91-b14 Oracle Corporation Java HotSpot(TM) 64-Bit Server VM 25.91-b14
[15:33:03,258][INFO][main][IgniteKernal] VM total memory: 1.7GB
[15:33:03,259][INFO][main][IgniteKernal] Remote Management [restart: off, REST: on, JMX (remote: off)]
[15:33:03,259][INFO][main][IgniteKernal] IGNITE_HOME=/afs/inf.ed.ac.uk/user/s16/s1626297/Desktop/ds/apache-ignite-fabric-1.7.0-bin
[15:33:03,259][INFO][main][IgniteKernal] VM arguments: [-DIGNITE_HOME=/afs/inf.ed.ac.uk/user/s16/s1626297/Desktop/ds/apache-ignite-fabric-1.7.0-bin, -Didea.launcher.port=7532, -Didea.launcher.bin.path=/opt/idea-ce/bin, -Dfile.encoding=UTF-8]
[15:33:03,259][INFO][main][IgniteKernal] Configured caches ['ignite-marshaller-sys-cache', 'ignite-sys-cache', 'ignite-atomics-sys-cache']
[15:33:03,259][WARNING][main][IgniteKernal] Peer class loading is enabled (disable it in production for performance and deployment consistency reasons)
[15:33:03,266][INFO][main][IgniteKernal] 3-rd party licenses can be found at: /afs/inf.ed.ac.uk/user/s16/s1626297/Desktop/ds/apache-ignite-fabric-1.7.0-bin/libs/licenses
[15:33:03,268][WARNING][pub-#26%null%][GridDiagnostic] Initial heap size is 124MB (should be no less than 512MB, use -Xms512m -Xmx512m).
[15:33:03,346][INFO][main][IgniteKernal] Non-loopback local IPs: 129.215.3.62, fe80:0:0:0:8a51:fbff:fe55:4f8e%em1
[15:33:03,346][INFO][main][IgniteKernal] Enabled local MACs: 8851FB554F8E
[15:33:03,362][INFO][main][IgnitePluginProcessor] Configured plugins:
[15:33:03,362][INFO][main][IgnitePluginProcessor]   ^-- None
[15:33:03,362][INFO][main][IgnitePluginProcessor] 
[15:33:03,523][INFO][main][TcpCommunicationSpi] IPC shared memory server endpoint started [port=48100, tokDir=/afs/inf.ed.ac.uk/user/s16/s1626297/Desktop/ds/apache-ignite-fabric-1.7.0-bin/work/ipc/shmem/a018bffb-725f-4bc6-b8c3-9c89e7bd3a99-18888]
[15:33:03,524][INFO][main][TcpCommunicationSpi] Successfully bound shared memory communication to TCP port [port=48100, locHost=0.0.0.0/0.0.0.0]
[15:33:03,541][INFO][main][TcpCommunicationSpi] Successfully bound to TCP port [port=47100, locHost=0.0.0.0/0.0.0.0]
[15:33:03,628][WARNING][main][NoopCheckpointSpi] Checkpoints are disabled (to enable configure any GridCheckpointSpi implementation)
[15:33:03,660][WARNING][main][GridCollisionManager] Collision resolution is disabled (all jobs will be activated upon arrival).
[15:33:03,663][WARNING][main][NoopSwapSpaceSpi] Swap space is disabled. To enable use FileSwapSpaceSpi.
[15:33:03,664][INFO][main][IgniteKernal] Security status [authentication=off, tls/ssl=off]
[15:33:03,903][WARNING][main][IgniteH2Indexing] Serialization of Java objects in H2 was enabled.
[15:33:03,963][INFO][main][GridTcpRestProtocol] Command protocol successfully started [name=TCP binary, host=0.0.0.0/0.0.0.0, port=11211]
[15:33:04,949][INFO][main][GridCacheProcessor] Started cache [name=ignite-sys-cache, mode=REPLICATED]
[15:33:04,959][INFO][main][GridCacheProcessor] Started cache [name=ignite-atomics-sys-cache, mode=PARTITIONED]
[15:33:04,973][INFO][main][GridCacheProcessor] Started cache [name=ignite-marshaller-sys-cache, mode=REPLICATED]
[15:33:05,083][INFO][main][IgniteKernal] Performance suggestions for grid  (fix if possible)
[15:33:05,084][INFO][main][IgniteKernal] To disable, set -DIGNITE_PERFORMANCE_SUGGESTIONS_DISABLED=true
[15:33:05,084][INFO][main][IgniteKernal]   ^-- Disable peer class loading (set 'peerClassLoadingEnabled' to false)
[15:33:05,084][INFO][main][IgniteKernal]   ^-- Disable grid events (remove 'includeEventTypes' from configuration)
[15:33:05,084][INFO][main][IgniteKernal] 
[15:33:05,084][INFO][main][IgniteKernal] To start Console Management & Monitoring run ignitevisorcmd.{sh|bat}
[15:33:05,084][INFO][main][IgniteKernal] 
[15:33:05,085][INFO][main][IgniteKernal] 

>>> +----------------------------------------------------------------------+
>>> Ignite ver. 1.7.0#20160801-sha1:383273e3f66f702de2482466dce954d570a8ccf2
>>> +----------------------------------------------------------------------+
>>> OS name: Linux 3.10.0-327.36.3.el7.x86_64 amd64
>>> CPU(s): 4
>>> Heap: 1.7GB
>>> VM name: 18888@parrot.inf.ed.ac.uk
>>> Local node [ID=A018BFFB-725F-4BC6-B8C3-9C89E7BD3A99, order=11, clientMode=true]
>>> Local node addresses: [parrot.inf.ed.ac.uk/0:0:0:0:0:0:0:1%lo, /127.0.0.1, /129.215.3.62]
>>> Local ports: TCP:11211 TCP:47100 UDP:47400 TCP:48100 

[15:33:05,086][INFO][main][GridDiscoveryManager] Topology snapshot [ver=11, servers=1, clients=2, CPUs=8, heap=4.4GB]
[15:33:05,123][INFO][exchange-worker-#44%null%][GridCacheProcessor] Started cache [name=words, mode=PARTITIONED]
[15:33:05,153][INFO][main][GridTcpRestProtocol] Command protocol successfully stopped: TCP binary
[15:33:05,164][INFO][main][GridCacheProcessor] Stopped cache: ignite-marshaller-sys-cache
[15:33:05,164][INFO][main][GridCacheProcessor] Stopped cache: ignite-sys-cache
[15:33:05,164][INFO][main][GridCacheProcessor] Stopped cache: ignite-atomics-sys-cache
[15:33:05,165][INFO][main][GridCacheProcessor] Stopped cache: words
[15:33:05,169][INFO][main][GridDeploymentLocalStore] Removed undeployed class: GridDeployment [ts=1478705585005, depMode=SHARED, clsLdr=sun.misc.Launcher$AppClassLoader@4dc63996, clsLdrId=04e88b94851-a018bffb-725f-4bc6-b8c3-9c89e7bd3a99, userVer=0, loc=true, sampleClsName=org.apache.ignite.internal.processors.cache.distributed.dht.preloader.GridDhtPartitionFullMap, pendingUndeploy=false, undeployed=true, usage=0]
[15:33:05,176][INFO][main][IgniteKernal] 

>>> +---------------------------------------------------------------------------------+
>>> Ignite ver. 1.7.0#20160801-sha1:383273e3f66f702de2482466dce954d570a8ccf2 stopped OK
>>> +---------------------------------------------------------------------------------+
>>> Grid uptime: 00:00:00:090


