[17:41:58,759][INFO][main][IgniteKernal] 

>>>    __________  ________________  
>>>   /  _/ ___/ |/ /  _/_  __/ __/  
>>>  _/ // (7 7    // /  / / / _/    
>>> /___/\___/_/|_/___/ /_/ /___/   
>>> 
>>> ver. 1.7.0#20160801-sha1:383273e3
>>> 2016 Copyright(C) Apache Software Foundation
>>> 
>>> Ignite documentation: http://ignite.apache.org

[17:41:58,761][INFO][main][IgniteKernal] Config URL: file:/afs/inf.ed.ac.uk/user/s16/s1626297/Desktop/ds/apache-ignite-fabric-1.7.0-bin/examples/config/example-ignite-no-discovery.xml
[17:41:58,761][INFO][main][IgniteKernal] Daemon mode: off
[17:41:58,761][INFO][main][IgniteKernal] OS: Linux 3.10.0-327.36.3.el7.x86_64 amd64
[17:41:58,761][INFO][main][IgniteKernal] OS user: s1626297
[17:41:58,762][INFO][main][IgniteKernal] Language runtime: Java Platform API Specification ver. 1.8
[17:41:58,762][INFO][main][IgniteKernal] VM information: Java(TM) SE Runtime Environment 1.8.0_91-b14 Oracle Corporation Java HotSpot(TM) 64-Bit Server VM 25.91-b14
[17:41:58,763][INFO][main][IgniteKernal] VM total memory: 0.48GB
[17:41:58,764][INFO][main][IgniteKernal] Remote Management [restart: off, REST: on, JMX (remote: off)]
[17:41:58,764][INFO][main][IgniteKernal] IGNITE_HOME=/afs/inf.ed.ac.uk/user/s16/s1626297/Desktop/ds/apache-ignite-fabric-1.7.0-bin
[17:41:58,764][INFO][main][IgniteKernal] VM arguments: [-Xms512m, -Xmx512m, -DIGNITE_PERFORMANCE_SUGGESTIONS_DISABLED=true]
[17:41:58,764][INFO][main][IgniteKernal] Configured caches ['ignite-marshaller-sys-cache', 'ignite-sys-cache', 'ignite-atomics-sys-cache']
[17:41:58,764][WARNING][main][IgniteKernal] Peer class loading is enabled (disable it in production for performance and deployment consistency reasons)
[17:41:58,768][INFO][main][IgniteKernal] 3-rd party licenses can be found at: /afs/inf.ed.ac.uk/user/s16/s1626297/Desktop/ds/apache-ignite-fabric-1.7.0-bin/libs/licenses
[17:41:58,816][INFO][main][IgniteKernal] Non-loopback local IPs: 129.215.2.60, fe80:0:0:0:ea39:35ff:fe48:4d89%em1
[17:41:58,816][INFO][main][IgniteKernal] Enabled local MACs: E83935484D89
[17:41:58,832][INFO][main][IgnitePluginProcessor] Configured plugins:
[17:41:58,833][INFO][main][IgnitePluginProcessor]   ^-- None
[17:41:58,833][INFO][main][IgnitePluginProcessor] 
[17:41:58,948][INFO][main][TcpCommunicationSpi] IPC shared memory server endpoint started [port=48101, tokDir=/afs/inf.ed.ac.uk/user/s16/s1626297/Desktop/ds/apache-ignite-fabric-1.7.0-bin/work/ipc/shmem/5d8dfdb3-6248-46ee-add7-361d6756d6ad-22599]
[17:41:58,948][INFO][main][TcpCommunicationSpi] Successfully bound shared memory communication to TCP port [port=48101, locHost=0.0.0.0/0.0.0.0]
[17:41:58,970][INFO][main][TcpCommunicationSpi] Successfully bound to TCP port [port=47101, locHost=0.0.0.0/0.0.0.0]
[17:41:59,013][WARNING][main][NoopCheckpointSpi] Checkpoints are disabled (to enable configure any GridCheckpointSpi implementation)
[17:41:59,040][WARNING][main][GridCollisionManager] Collision resolution is disabled (all jobs will be activated upon arrival).
[17:41:59,043][WARNING][main][NoopSwapSpaceSpi] Swap space is disabled. To enable use FileSwapSpaceSpi.
[17:41:59,045][INFO][main][IgniteKernal] Security status [authentication=off, tls/ssl=off]
[17:41:59,294][WARNING][main][IgniteH2Indexing] Serialization of Java objects in H2 was enabled.
[17:41:59,354][INFO][main][GridTcpRestProtocol] Command protocol successfully started [name=TCP binary, host=0.0.0.0/0.0.0.0, port=11212]
[17:41:59,783][INFO][main][GridCacheProcessor] Started cache [name=ignite-sys-cache, mode=REPLICATED]
[17:41:59,794][INFO][main][GridCacheProcessor] Started cache [name=ignite-atomics-sys-cache, mode=PARTITIONED]
[17:41:59,811][INFO][main][GridCacheProcessor] Started cache [name=ignite-marshaller-sys-cache, mode=REPLICATED]
[17:41:59,968][INFO][main][IgniteKernal] To start Console Management & Monitoring run ignitevisorcmd.{sh|bat}
[17:41:59,968][INFO][main][IgniteKernal] 
[17:41:59,969][INFO][main][IgniteKernal] 

>>> +----------------------------------------------------------------------+
>>> Ignite ver. 1.7.0#20160801-sha1:383273e3f66f702de2482466dce954d570a8ccf2
>>> +----------------------------------------------------------------------+
>>> OS name: Linux 3.10.0-327.36.3.el7.x86_64 amd64
>>> CPU(s): 4
>>> Heap: 0.5GB
>>> VM name: 22599@joly.inf.ed.ac.uk
>>> Local node [ID=5D8DFDB3-6248-46EE-ADD7-361D6756D6AD, order=8, clientMode=true]
>>> Local node addresses: [joly.inf.ed.ac.uk/0:0:0:0:0:0:0:1%lo, /127.0.0.1, /129.215.2.60]
>>> Local ports: TCP:11212 TCP:47101 TCP:48101 

[17:41:59,970][INFO][main][GridDiscoveryManager] Topology snapshot [ver=8, servers=1, clients=1, CPUs=4, heap=1.5GB]
[17:42:00,019][INFO][exchange-worker-#45%null%][GridCacheProcessor] Started cache [name=partC, mode=PARTITIONED]
[17:42:00,200][INFO][exchange-worker-#45%null%][GridCacheProcessor] Stopped cache: partC
[17:42:00,224][INFO][main][GridTcpRestProtocol] Command protocol successfully stopped: TCP binary
[17:42:00,234][INFO][main][GridCacheProcessor] Stopped cache: ignite-marshaller-sys-cache
[17:42:00,236][INFO][main][GridCacheProcessor] Stopped cache: ignite-sys-cache
[17:42:00,236][INFO][main][GridCacheProcessor] Stopped cache: ignite-atomics-sys-cache
[17:42:00,242][INFO][main][GridDeploymentLocalStore] Removed undeployed class: GridDeployment [ts=1479318119894, depMode=SHARED, clsLdr=sun.misc.Launcher$AppClassLoader@73d16e93, clsLdrId=99e1b3e6851-5d8dfdb3-6248-46ee-add7-361d6756d6ad, userVer=0, loc=true, sampleClsName=org.apache.ignite.internal.processors.cache.distributed.dht.preloader.GridDhtPartitionFullMap, pendingUndeploy=false, undeployed=true, usage=0]
[17:42:00,248][INFO][main][IgniteKernal] 

>>> +---------------------------------------------------------------------------------+
>>> Ignite ver. 1.7.0#20160801-sha1:383273e3f66f702de2482466dce954d570a8ccf2 stopped OK
>>> +---------------------------------------------------------------------------------+
>>> Grid uptime: 00:00:00:274


