[18:37:10,492][INFO][main][IgniteKernal] 

>>>    __________  ________________  
>>>   /  _/ ___/ |/ /  _/_  __/ __/  
>>>  _/ // (7 7    // /  / / / _/    
>>> /___/\___/_/|_/___/ /_/ /___/   
>>> 
>>> ver. 1.7.0#20160801-sha1:383273e3
>>> 2016 Copyright(C) Apache Software Foundation
>>> 
>>> Ignite documentation: http://ignite.apache.org

[18:37:10,494][INFO][main][IgniteKernal] Config URL: file:/afs/inf.ed.ac.uk/user/s16/s1626297/Desktop/ds/apache-ignite-fabric-1.7.0-bin/examples/config/example-ignite-no-discovery.xml
[18:37:10,495][INFO][main][IgniteKernal] Daemon mode: off
[18:37:10,495][INFO][main][IgniteKernal] OS: Linux 3.10.0-327.36.3.el7.x86_64 amd64
[18:37:10,495][INFO][main][IgniteKernal] OS user: s1626297
[18:37:10,495][INFO][main][IgniteKernal] Language runtime: Java Platform API Specification ver. 1.8
[18:37:10,495][INFO][main][IgniteKernal] VM information: Java(TM) SE Runtime Environment 1.8.0_91-b14 Oracle Corporation Java HotSpot(TM) 64-Bit Server VM 25.91-b14
[18:37:10,499][INFO][main][IgniteKernal] VM total memory: 3.5GB
[18:37:10,499][INFO][main][IgniteKernal] Remote Management [restart: off, REST: on, JMX (remote: off)]
[18:37:10,499][INFO][main][IgniteKernal] IGNITE_HOME=/afs/inf.ed.ac.uk/user/s16/s1626297/Desktop/ds/apache-ignite-fabric-1.7.0-bin
[18:37:10,499][INFO][main][IgniteKernal] VM arguments: [-DIGNITE_HOME=/afs/inf.ed.ac.uk/user/s16/s1626297/Desktop/ds/apache-ignite-fabric-1.7.0-bin, -Didea.launcher.port=7541, -Didea.launcher.bin.path=/opt/idea-ce/bin, -Dfile.encoding=UTF-8]
[18:37:10,500][INFO][main][IgniteKernal] Configured caches ['ignite-marshaller-sys-cache', 'ignite-sys-cache', 'ignite-atomics-sys-cache']
[18:37:10,500][WARNING][main][IgniteKernal] Peer class loading is enabled (disable it in production for performance and deployment consistency reasons)
[18:37:10,570][INFO][main][IgniteKernal] 3-rd party licenses can be found at: /afs/inf.ed.ac.uk/user/s16/s1626297/Desktop/ds/apache-ignite-fabric-1.7.0-bin/libs/licenses
[18:37:10,601][WARNING][pub-#26%null%][GridDiagnostic] Initial heap size is 250MB (should be no less than 512MB, use -Xms512m -Xmx512m).
[18:37:11,127][INFO][main][IgniteKernal] Non-loopback local IPs: 129.215.2.16, fe80:0:0:0:4a0f:cfff:fe5c:a96f%em1
[18:37:11,127][INFO][main][IgniteKernal] Enabled local MACs: 480FCF5CA96F
[18:37:11,393][INFO][main][IgnitePluginProcessor] Configured plugins:
[18:37:11,393][INFO][main][IgnitePluginProcessor]   ^-- None
[18:37:11,394][INFO][main][IgnitePluginProcessor] 
[18:37:12,211][INFO][main][TcpCommunicationSpi] IPC shared memory server endpoint started [port=48102, tokDir=/afs/inf.ed.ac.uk/user/s16/s1626297/Desktop/ds/apache-ignite-fabric-1.7.0-bin/work/ipc/shmem/7a4b3329-1e4a-46d9-b937-962c57c0d881-11061]
[18:37:12,211][INFO][main][TcpCommunicationSpi] Successfully bound shared memory communication to TCP port [port=48102, locHost=0.0.0.0/0.0.0.0]
[18:37:12,644][INFO][main][TcpCommunicationSpi] Successfully bound to TCP port [port=47102, locHost=0.0.0.0/0.0.0.0]
[18:37:12,919][WARNING][main][NoopCheckpointSpi] Checkpoints are disabled (to enable configure any GridCheckpointSpi implementation)
[18:37:13,309][WARNING][main][GridCollisionManager] Collision resolution is disabled (all jobs will be activated upon arrival).
[18:37:13,362][WARNING][main][NoopSwapSpaceSpi] Swap space is disabled. To enable use FileSwapSpaceSpi.
[18:37:13,380][INFO][main][IgniteKernal] Security status [authentication=off, tls/ssl=off]
[18:37:15,483][WARNING][main][IgniteH2Indexing] Serialization of Java objects in H2 was enabled.
[18:37:16,435][INFO][main][GridTcpRestProtocol] Command protocol successfully started [name=TCP binary, host=0.0.0.0/0.0.0.0, port=11213]
[18:37:22,559][WARNING][tcp-client-disco-msg-worker-#4%null%][TcpDiscoverySpi] Timed out waiting for message to be read (most probably, the reason is in long GC pauses on remote node) [curTimeout=5000]
[18:37:29,414][INFO][main][GridCacheProcessor] Started cache [name=ignite-sys-cache, mode=REPLICATED]
[18:37:29,564][INFO][main][GridCacheProcessor] Started cache [name=ignite-atomics-sys-cache, mode=PARTITIONED]
[18:37:29,843][INFO][main][GridCacheProcessor] Started cache [name=ignite-marshaller-sys-cache, mode=REPLICATED]
[18:37:30,769][INFO][main][IgniteKernal] Performance suggestions for grid  (fix if possible)
[18:37:30,770][INFO][main][IgniteKernal] To disable, set -DIGNITE_PERFORMANCE_SUGGESTIONS_DISABLED=true
[18:37:30,770][INFO][main][IgniteKernal]   ^-- Disable peer class loading (set 'peerClassLoadingEnabled' to false)
[18:37:30,771][INFO][main][IgniteKernal]   ^-- Disable grid events (remove 'includeEventTypes' from configuration)
[18:37:30,771][INFO][main][IgniteKernal] 
[18:37:30,771][INFO][main][IgniteKernal] To start Console Management & Monitoring run ignitevisorcmd.{sh|bat}
[18:37:30,773][INFO][main][IgniteKernal] 
[18:37:30,794][INFO][main][IgniteKernal] 

>>> +----------------------------------------------------------------------+
>>> Ignite ver. 1.7.0#20160801-sha1:383273e3f66f702de2482466dce954d570a8ccf2
>>> +----------------------------------------------------------------------+
>>> OS name: Linux 3.10.0-327.36.3.el7.x86_64 amd64
>>> CPU(s): 4
>>> Heap: 3.5GB
>>> VM name: 11061@lloyd.inf.ed.ac.uk
>>> Local node [ID=7A4B3329-1E4A-46D9-B937-962C57C0D881, order=3, clientMode=true]
>>> Local node addresses: [lloyd.inf.ed.ac.uk/0:0:0:0:0:0:0:1%lo, /127.0.0.1, /129.215.2.16]
>>> Local ports: TCP:11213 TCP:47102 TCP:48102 

[18:37:30,796][INFO][main][GridDiscoveryManager] Topology snapshot [ver=3, servers=1, clients=2, CPUs=4, heap=7.9GB]
[18:37:31,011][INFO][exchange-worker-#45%null%][GridCacheProcessor] Started cache [name=partB, mode=PARTITIONED]
[18:37:31,262][INFO][main][GridTcpRestProtocol] Command protocol successfully stopped: TCP binary
[18:37:31,350][INFO][main][GridCacheProcessor] Stopped cache: ignite-marshaller-sys-cache
[18:37:31,350][INFO][main][GridCacheProcessor] Stopped cache: ignite-sys-cache
[18:37:31,351][INFO][main][GridCacheProcessor] Stopped cache: ignite-atomics-sys-cache
[18:37:31,351][INFO][main][GridCacheProcessor] Stopped cache: partB
[18:37:31,355][INFO][main][GridDeploymentLocalStore] Removed undeployed class: GridDeployment [ts=1479062250317, depMode=SHARED, clsLdr=sun.misc.Launcher$AppClassLoader@4dc63996, clsLdrId=7f77afe5851-7a4b3329-1e4a-46d9-b937-962c57c0d881, userVer=0, loc=true, sampleClsName=org.apache.ignite.internal.processors.cache.distributed.dht.preloader.GridDhtPartitionFullMap, pendingUndeploy=false, undeployed=true, usage=0]
[18:37:31,398][INFO][main][IgniteKernal] 

>>> +---------------------------------------------------------------------------------+
>>> Ignite ver. 1.7.0#20160801-sha1:383273e3f66f702de2482466dce954d570a8ccf2 stopped OK
>>> +---------------------------------------------------------------------------------+
>>> Grid uptime: 00:00:00:641


