[17:53:05,223][INFO][main][IgniteKernal] 

>>>    __________  ________________  
>>>   /  _/ ___/ |/ /  _/_  __/ __/  
>>>  _/ // (7 7    // /  / / / _/    
>>> /___/\___/_/|_/___/ /_/ /___/   
>>> 
>>> ver. 1.7.0#20160801-sha1:383273e3
>>> 2016 Copyright(C) Apache Software Foundation
>>> 
>>> Ignite documentation: http://ignite.apache.org

[17:53:05,224][INFO][main][IgniteKernal] Config URL: file:/afs/inf.ed.ac.uk/user/s16/s1626297/Desktop/ds/apache-ignite-fabric-1.7.0-bin/examples/config/example-ignite-no-discovery.xml
[17:53:05,224][INFO][main][IgniteKernal] Daemon mode: off
[17:53:05,225][INFO][main][IgniteKernal] OS: Linux 3.10.0-327.36.3.el7.x86_64 amd64
[17:53:05,225][INFO][main][IgniteKernal] OS user: s1626297
[17:53:05,225][INFO][main][IgniteKernal] Language runtime: Java Platform API Specification ver. 1.8
[17:53:05,225][INFO][main][IgniteKernal] VM information: Java(TM) SE Runtime Environment 1.8.0_91-b14 Oracle Corporation Java HotSpot(TM) 64-Bit Server VM 25.91-b14
[17:53:05,227][INFO][main][IgniteKernal] VM total memory: 0.48GB
[17:53:05,227][INFO][main][IgniteKernal] Remote Management [restart: off, REST: on, JMX (remote: off)]
[17:53:05,227][INFO][main][IgniteKernal] IGNITE_HOME=/afs/inf.ed.ac.uk/user/s16/s1626297/Desktop/ds/apache-ignite-fabric-1.7.0-bin
[17:53:05,227][INFO][main][IgniteKernal] VM arguments: [-Xms512m, -Xmx512m, -DIGNITE_PERFORMANCE_SUGGESTIONS_DISABLED=true]
[17:53:05,227][INFO][main][IgniteKernal] Configured caches ['ignite-marshaller-sys-cache', 'ignite-sys-cache', 'ignite-atomics-sys-cache']
[17:53:05,227][WARNING][main][IgniteKernal] Peer class loading is enabled (disable it in production for performance and deployment consistency reasons)
[17:53:05,231][INFO][main][IgniteKernal] 3-rd party licenses can be found at: /afs/inf.ed.ac.uk/user/s16/s1626297/Desktop/ds/apache-ignite-fabric-1.7.0-bin/libs/licenses
[17:53:05,280][INFO][main][IgniteKernal] Non-loopback local IPs: 129.215.2.60, fe80:0:0:0:ea39:35ff:fe48:4d89%em1
[17:53:05,280][INFO][main][IgniteKernal] Enabled local MACs: E83935484D89
[17:53:05,296][INFO][main][IgnitePluginProcessor] Configured plugins:
[17:53:05,296][INFO][main][IgnitePluginProcessor]   ^-- None
[17:53:05,297][INFO][main][IgnitePluginProcessor] 
[17:53:05,413][INFO][main][TcpCommunicationSpi] IPC shared memory server endpoint started [port=48101, tokDir=/afs/inf.ed.ac.uk/user/s16/s1626297/Desktop/ds/apache-ignite-fabric-1.7.0-bin/work/ipc/shmem/6a6a898f-a475-418d-b870-00a8d4ea1835-25479]
[17:53:05,414][INFO][main][TcpCommunicationSpi] Successfully bound shared memory communication to TCP port [port=48101, locHost=0.0.0.0/0.0.0.0]
[17:53:05,436][INFO][main][TcpCommunicationSpi] Successfully bound to TCP port [port=47101, locHost=0.0.0.0/0.0.0.0]
[17:53:05,477][WARNING][main][NoopCheckpointSpi] Checkpoints are disabled (to enable configure any GridCheckpointSpi implementation)
[17:53:05,503][WARNING][main][GridCollisionManager] Collision resolution is disabled (all jobs will be activated upon arrival).
[17:53:05,506][WARNING][main][NoopSwapSpaceSpi] Swap space is disabled. To enable use FileSwapSpaceSpi.
[17:53:05,507][INFO][main][IgniteKernal] Security status [authentication=off, tls/ssl=off]
[17:53:05,757][WARNING][main][IgniteH2Indexing] Serialization of Java objects in H2 was enabled.
[17:53:05,821][INFO][main][GridTcpRestProtocol] Command protocol successfully started [name=TCP binary, host=0.0.0.0/0.0.0.0, port=11212]
[17:53:06,288][INFO][main][GridCacheProcessor] Started cache [name=ignite-sys-cache, mode=REPLICATED]
[17:53:06,299][INFO][main][GridCacheProcessor] Started cache [name=ignite-atomics-sys-cache, mode=PARTITIONED]
[17:53:06,316][INFO][main][GridCacheProcessor] Started cache [name=ignite-marshaller-sys-cache, mode=REPLICATED]
[17:53:06,559][INFO][main][IgniteKernal] To start Console Management & Monitoring run ignitevisorcmd.{sh|bat}
[17:53:06,559][INFO][main][IgniteKernal] 
[17:53:06,560][INFO][main][IgniteKernal] 

>>> +----------------------------------------------------------------------+
>>> Ignite ver. 1.7.0#20160801-sha1:383273e3f66f702de2482466dce954d570a8ccf2
>>> +----------------------------------------------------------------------+
>>> OS name: Linux 3.10.0-327.36.3.el7.x86_64 amd64
>>> CPU(s): 4
>>> Heap: 0.5GB
>>> VM name: 25479@joly.inf.ed.ac.uk
>>> Local node [ID=6A6A898F-A475-418D-B870-00A8D4EA1835, order=8, clientMode=true]
>>> Local node addresses: [joly.inf.ed.ac.uk/0:0:0:0:0:0:0:1%lo, /127.0.0.1, /129.215.2.60]
>>> Local ports: TCP:11212 TCP:47101 TCP:48101 

[17:53:06,561][INFO][main][GridDiscoveryManager] Topology snapshot [ver=8, servers=1, clients=1, CPUs=4, heap=1.5GB]
[17:53:06,613][INFO][exchange-worker-#45%null%][GridCacheProcessor] Started cache [name=partC, mode=PARTITIONED]
[17:53:06,793][INFO][exchange-worker-#45%null%][GridCacheProcessor] Stopped cache: partC
[17:53:06,810][INFO][main][GridTcpRestProtocol] Command protocol successfully stopped: TCP binary
[17:53:06,819][INFO][main][GridCacheProcessor] Stopped cache: ignite-marshaller-sys-cache
[17:53:06,820][INFO][main][GridCacheProcessor] Stopped cache: ignite-sys-cache
[17:53:06,820][INFO][main][GridCacheProcessor] Stopped cache: ignite-atomics-sys-cache
[17:53:06,826][INFO][main][GridDeploymentLocalStore] Removed undeployed class: GridDeployment [ts=1479318786457, depMode=SHARED, clsLdr=sun.misc.Launcher$AppClassLoader@73d16e93, clsLdrId=1f9454e6851-6a6a898f-a475-418d-b870-00a8d4ea1835, userVer=0, loc=true, sampleClsName=org.apache.ignite.internal.processors.cache.distributed.dht.preloader.GridDhtPartitionFullMap, pendingUndeploy=false, undeployed=true, usage=0]
[17:53:06,833][INFO][main][IgniteKernal] 

>>> +---------------------------------------------------------------------------------+
>>> Ignite ver. 1.7.0#20160801-sha1:383273e3f66f702de2482466dce954d570a8ccf2 stopped OK
>>> +---------------------------------------------------------------------------------+
>>> Grid uptime: 00:00:00:273


