[21:48:59,203][INFO][main][IgniteKernal] 

>>>    __________  ________________  
>>>   /  _/ ___/ |/ /  _/_  __/ __/  
>>>  _/ // (7 7    // /  / / / _/    
>>> /___/\___/_/|_/___/ /_/ /___/   
>>> 
>>> ver. 1.7.0#20160801-sha1:383273e3
>>> 2016 Copyright(C) Apache Software Foundation
>>> 
>>> Ignite documentation: http://ignite.apache.org

[21:48:59,204][INFO][main][IgniteKernal] Config URL: file:/afs/inf.ed.ac.uk/user/s16/s1626297/Desktop/ds/apache-ignite-fabric-1.7.0-bin/examples/config/example-ignite-no-discovery.xml
[21:48:59,205][INFO][main][IgniteKernal] Daemon mode: off
[21:48:59,205][INFO][main][IgniteKernal] OS: Linux 3.10.0-327.36.3.el7.x86_64 amd64
[21:48:59,205][INFO][main][IgniteKernal] OS user: s1626297
[21:48:59,205][INFO][main][IgniteKernal] Language runtime: Java Platform API Specification ver. 1.8
[21:48:59,205][INFO][main][IgniteKernal] VM information: Java(TM) SE Runtime Environment 1.8.0_91-b14 Oracle Corporation Java HotSpot(TM) 64-Bit Server VM 25.91-b14
[21:48:59,206][INFO][main][IgniteKernal] VM total memory: 1.7GB
[21:48:59,207][INFO][main][IgniteKernal] Remote Management [restart: off, REST: on, JMX (remote: off)]
[21:48:59,207][INFO][main][IgniteKernal] IGNITE_HOME=/afs/inf.ed.ac.uk/user/s16/s1626297/Desktop/ds/apache-ignite-fabric-1.7.0-bin
[21:48:59,207][INFO][main][IgniteKernal] VM arguments: [-DIGNITE_HOME=/afs/inf.ed.ac.uk/user/s16/s1626297/Desktop/ds/apache-ignite-fabric-1.7.0-bin, -Didea.launcher.port=7540, -Didea.launcher.bin.path=/opt/idea-ce/bin, -Dfile.encoding=UTF-8]
[21:48:59,207][INFO][main][IgniteKernal] Configured caches ['ignite-marshaller-sys-cache', 'ignite-sys-cache', 'ignite-atomics-sys-cache']
[21:48:59,207][WARNING][main][IgniteKernal] Peer class loading is enabled (disable it in production for performance and deployment consistency reasons)
[21:48:59,210][INFO][main][IgniteKernal] 3-rd party licenses can be found at: /afs/inf.ed.ac.uk/user/s16/s1626297/Desktop/ds/apache-ignite-fabric-1.7.0-bin/libs/licenses
[21:48:59,220][WARNING][pub-#26%null%][GridDiagnostic] Initial heap size is 124MB (should be no less than 512MB, use -Xms512m -Xmx512m).
[21:48:59,253][INFO][main][IgniteKernal] Non-loopback local IPs: 129.215.3.32, fe80:0:0:0:a2d3:c1ff:fe0f:8a89%em1
[21:48:59,254][INFO][main][IgniteKernal] Enabled local MACs: A0D3C10F8A89
[21:48:59,267][INFO][main][IgnitePluginProcessor] Configured plugins:
[21:48:59,268][INFO][main][IgnitePluginProcessor]   ^-- None
[21:48:59,268][INFO][main][IgnitePluginProcessor] 
[21:48:59,375][INFO][main][TcpCommunicationSpi] IPC shared memory server endpoint started [port=48101, tokDir=/afs/inf.ed.ac.uk/user/s16/s1626297/Desktop/ds/apache-ignite-fabric-1.7.0-bin/work/ipc/shmem/21042ee3-8d01-4b8f-a083-1397e6478b5a-6003]
[21:48:59,375][INFO][main][TcpCommunicationSpi] Successfully bound shared memory communication to TCP port [port=48101, locHost=0.0.0.0/0.0.0.0]
[21:48:59,393][INFO][main][TcpCommunicationSpi] Successfully bound to TCP port [port=47101, locHost=0.0.0.0/0.0.0.0]
[21:48:59,439][WARNING][main][NoopCheckpointSpi] Checkpoints are disabled (to enable configure any GridCheckpointSpi implementation)
[21:48:59,471][WARNING][main][GridCollisionManager] Collision resolution is disabled (all jobs will be activated upon arrival).
[21:48:59,474][WARNING][main][NoopSwapSpaceSpi] Swap space is disabled. To enable use FileSwapSpaceSpi.
[21:48:59,475][INFO][main][IgniteKernal] Security status [authentication=off, tls/ssl=off]
[21:48:59,684][WARNING][main][IgniteH2Indexing] Serialization of Java objects in H2 was enabled.
[21:48:59,738][INFO][main][GridTcpRestProtocol] Command protocol successfully started [name=TCP binary, host=0.0.0.0/0.0.0.0, port=11212]
[21:49:00,119][INFO][main][GridCacheProcessor] Started cache [name=ignite-sys-cache, mode=REPLICATED]
[21:49:00,130][INFO][main][GridCacheProcessor] Started cache [name=ignite-atomics-sys-cache, mode=PARTITIONED]
[21:49:00,148][INFO][main][GridCacheProcessor] Started cache [name=ignite-marshaller-sys-cache, mode=REPLICATED]
[21:49:00,326][INFO][main][IgniteKernal] Performance suggestions for grid  (fix if possible)
[21:49:00,326][INFO][main][IgniteKernal] To disable, set -DIGNITE_PERFORMANCE_SUGGESTIONS_DISABLED=true
[21:49:00,326][INFO][main][IgniteKernal]   ^-- Disable peer class loading (set 'peerClassLoadingEnabled' to false)
[21:49:00,326][INFO][main][IgniteKernal]   ^-- Disable grid events (remove 'includeEventTypes' from configuration)
[21:49:00,326][INFO][main][IgniteKernal] 
[21:49:00,327][INFO][main][IgniteKernal] To start Console Management & Monitoring run ignitevisorcmd.{sh|bat}
[21:49:00,327][INFO][main][IgniteKernal] 
[21:49:00,327][INFO][main][IgniteKernal] 

>>> +----------------------------------------------------------------------+
>>> Ignite ver. 1.7.0#20160801-sha1:383273e3f66f702de2482466dce954d570a8ccf2
>>> +----------------------------------------------------------------------+
>>> OS name: Linux 3.10.0-327.36.3.el7.x86_64 amd64
>>> CPU(s): 4
>>> Heap: 1.7GB
>>> VM name: 6003@lodi.inf.ed.ac.uk
>>> Local node [ID=21042EE3-8D01-4B8F-A083-1397E6478B5A, order=9, clientMode=true]
>>> Local node addresses: [lodi.inf.ed.ac.uk/0:0:0:0:0:0:0:1%lo, /127.0.0.1, /129.215.3.32]
>>> Local ports: TCP:11212 TCP:47101 TCP:48101 

[21:49:00,328][INFO][main][GridDiscoveryManager] Topology snapshot [ver=9, servers=1, clients=2, CPUs=4, heap=4.4GB]
[21:49:00,368][INFO][exchange-worker-#45%null%][GridCacheProcessor] Started cache [name=words, mode=PARTITIONED]
[21:49:02,633][INFO][main][GridDeploymentLocalStore] Class locally deployed: class wordcount.StreamWords$1
[21:49:03,517][WARNING][disco-event-worker-#42%null%][GridDiscoveryManager] Node FAILED: TcpDiscoveryNode [id=c0653ea9-a645-4bd8-a09a-4568da58e341, addrs=[0:0:0:0:0:0:0:1%lo, 127.0.0.1, 129.215.3.32], sockAddrs=[/0:0:0:0:0:0:0:1%lo:0, /127.0.0.1:0, lodi.inf.ed.ac.uk/129.215.3.32:0], discPort=0, order=4, intOrder=3, lastExchangeTime=1478814539842, loc=false, ver=1.7.0#20160801-sha1:383273e3, isClient=true]
[21:49:03,517][INFO][disco-event-worker-#42%null%][GridDiscoveryManager] Topology snapshot [ver=10, servers=1, clients=1, CPUs=4, heap=2.7GB]
[21:49:09,898][INFO][ignite-update-notifier-timer][GridUpdateNotifier] Your version is up to date.
[21:49:11,179][INFO][Thread-4][G] Invoking shutdown hook...
