[20:49:23,475][INFO][main][IgniteKernal] 

>>>    __________  ________________  
>>>   /  _/ ___/ |/ /  _/_  __/ __/  
>>>  _/ // (7 7    // /  / / / _/    
>>> /___/\___/_/|_/___/ /_/ /___/   
>>> 
>>> ver. 1.7.0#20160801-sha1:383273e3
>>> 2016 Copyright(C) Apache Software Foundation
>>> 
>>> Ignite documentation: http://ignite.apache.org

[20:49:23,477][INFO][main][IgniteKernal] Config URL: file:/afs/inf.ed.ac.uk/user/s16/s1626297/Desktop/ds/apache-ignite-fabric-1.7.0-bin/examples/config/example-ignite-no-discovery.xml
[20:49:23,477][INFO][main][IgniteKernal] Daemon mode: off
[20:49:23,477][INFO][main][IgniteKernal] OS: Linux 3.10.0-327.36.3.el7.x86_64 amd64
[20:49:23,477][INFO][main][IgniteKernal] OS user: s1626297
[20:49:23,477][INFO][main][IgniteKernal] Language runtime: Java Platform API Specification ver. 1.8
[20:49:23,478][INFO][main][IgniteKernal] VM information: Java(TM) SE Runtime Environment 1.8.0_91-b14 Oracle Corporation Java HotSpot(TM) 64-Bit Server VM 25.91-b14
[20:49:23,479][INFO][main][IgniteKernal] VM total memory: 1.7GB
[20:49:23,479][INFO][main][IgniteKernal] Remote Management [restart: off, REST: on, JMX (remote: off)]
[20:49:23,479][INFO][main][IgniteKernal] IGNITE_HOME=/afs/inf.ed.ac.uk/user/s16/s1626297/Desktop/ds/apache-ignite-fabric-1.7.0-bin
[20:49:23,479][INFO][main][IgniteKernal] VM arguments: [-DIGNITE_HOME=/afs/inf.ed.ac.uk/user/s16/s1626297/Desktop/ds/apache-ignite-fabric-1.7.0-bin, -Didea.launcher.port=7535, -Didea.launcher.bin.path=/opt/idea-ce/bin, -Dfile.encoding=UTF-8]
[20:49:23,480][INFO][main][IgniteKernal] Configured caches ['ignite-marshaller-sys-cache', 'ignite-sys-cache', 'ignite-atomics-sys-cache']
[20:49:23,480][WARNING][main][IgniteKernal] Peer class loading is enabled (disable it in production for performance and deployment consistency reasons)
[20:49:23,490][INFO][main][IgniteKernal] 3-rd party licenses can be found at: /afs/inf.ed.ac.uk/user/s16/s1626297/Desktop/ds/apache-ignite-fabric-1.7.0-bin/libs/licenses
[20:49:23,493][WARNING][pub-#26%null%][GridDiagnostic] Initial heap size is 124MB (should be no less than 512MB, use -Xms512m -Xmx512m).
[20:49:23,536][INFO][main][IgniteKernal] Non-loopback local IPs: 129.215.3.62, fe80:0:0:0:8a51:fbff:fe55:4f8e%em1
[20:49:23,536][INFO][main][IgniteKernal] Enabled local MACs: 8851FB554F8E
[20:49:23,551][INFO][main][IgnitePluginProcessor] Configured plugins:
[20:49:23,551][INFO][main][IgnitePluginProcessor]   ^-- None
[20:49:23,551][INFO][main][IgnitePluginProcessor] 
[20:49:23,666][INFO][main][TcpCommunicationSpi] IPC shared memory server endpoint started [port=48101, tokDir=/afs/inf.ed.ac.uk/user/s16/s1626297/Desktop/ds/apache-ignite-fabric-1.7.0-bin/work/ipc/shmem/13346f65-0254-4235-ad99-e3cc9efba4fd-29377]
[20:49:23,666][INFO][main][TcpCommunicationSpi] Successfully bound shared memory communication to TCP port [port=48101, locHost=0.0.0.0/0.0.0.0]
[20:49:23,685][INFO][main][TcpCommunicationSpi] Successfully bound to TCP port [port=47101, locHost=0.0.0.0/0.0.0.0]
[20:49:23,721][WARNING][main][NoopCheckpointSpi] Checkpoints are disabled (to enable configure any GridCheckpointSpi implementation)
[20:49:23,752][WARNING][main][GridCollisionManager] Collision resolution is disabled (all jobs will be activated upon arrival).
[20:49:23,755][WARNING][main][NoopSwapSpaceSpi] Swap space is disabled. To enable use FileSwapSpaceSpi.
[20:49:23,756][INFO][main][IgniteKernal] Security status [authentication=off, tls/ssl=off]
[20:49:23,969][WARNING][main][IgniteH2Indexing] Serialization of Java objects in H2 was enabled.
[20:49:24,021][INFO][main][GridTcpRestProtocol] Command protocol successfully started [name=TCP binary, host=0.0.0.0/0.0.0.0, port=11212]
[20:49:24,420][INFO][main][GridCacheProcessor] Started cache [name=ignite-sys-cache, mode=REPLICATED]
[20:49:24,430][INFO][main][GridCacheProcessor] Started cache [name=ignite-atomics-sys-cache, mode=PARTITIONED]
[20:49:24,445][INFO][main][GridCacheProcessor] Started cache [name=ignite-marshaller-sys-cache, mode=REPLICATED]
[20:49:24,644][INFO][main][IgniteKernal] Performance suggestions for grid  (fix if possible)
[20:49:24,644][INFO][main][IgniteKernal] To disable, set -DIGNITE_PERFORMANCE_SUGGESTIONS_DISABLED=true
[20:49:24,644][INFO][main][IgniteKernal]   ^-- Disable peer class loading (set 'peerClassLoadingEnabled' to false)
[20:49:24,645][INFO][main][IgniteKernal]   ^-- Disable grid events (remove 'includeEventTypes' from configuration)
[20:49:24,645][INFO][main][IgniteKernal] 
[20:49:24,645][INFO][main][IgniteKernal] To start Console Management & Monitoring run ignitevisorcmd.{sh|bat}
[20:49:24,645][INFO][main][IgniteKernal] 
[20:49:24,646][INFO][main][IgniteKernal] 

>>> +----------------------------------------------------------------------+
>>> Ignite ver. 1.7.0#20160801-sha1:383273e3f66f702de2482466dce954d570a8ccf2
>>> +----------------------------------------------------------------------+
>>> OS name: Linux 3.10.0-327.36.3.el7.x86_64 amd64
>>> CPU(s): 4
>>> Heap: 1.7GB
>>> VM name: 29377@parrot.inf.ed.ac.uk
>>> Local node [ID=13346F65-0254-4235-AD99-E3CC9EFBA4FD, order=40, clientMode=true]
>>> Local node addresses: [parrot.inf.ed.ac.uk/0:0:0:0:0:0:0:1%lo, /127.0.0.1, /129.215.3.62]
>>> Local ports: TCP:11212 TCP:47101 TCP:48101 

[20:49:24,647][INFO][main][GridDiscoveryManager] Topology snapshot [ver=40, servers=1, clients=1, CPUs=4, heap=2.7GB]
[20:49:24,688][INFO][exchange-worker-#45%null%][GridCacheProcessor] Started cache [name=words, mode=PARTITIONED]
[20:49:24,715][INFO][main][GridTcpRestProtocol] Command protocol successfully stopped: TCP binary
[20:49:24,728][INFO][main][GridCacheProcessor] Stopped cache: ignite-marshaller-sys-cache
[20:49:24,729][INFO][main][GridCacheProcessor] Stopped cache: ignite-sys-cache
[20:49:24,729][INFO][main][GridCacheProcessor] Stopped cache: ignite-atomics-sys-cache
[20:49:24,729][INFO][main][GridCacheProcessor] Stopped cache: words
[20:49:24,732][INFO][main][GridDeploymentLocalStore] Removed undeployed class: GridDeployment [ts=1478897364583, depMode=SHARED, clsLdr=sun.misc.Launcher$AppClassLoader@4dc63996, clsLdrId=0b6e6255851-13346f65-0254-4235-ad99-e3cc9efba4fd, userVer=0, loc=true, sampleClsName=org.apache.ignite.internal.processors.cache.distributed.dht.preloader.GridDhtPartitionFullMap, pendingUndeploy=false, undeployed=true, usage=0]
[20:49:24,750][INFO][main][IgniteKernal] 

>>> +---------------------------------------------------------------------------------+
>>> Ignite ver. 1.7.0#20160801-sha1:383273e3f66f702de2482466dce954d570a8ccf2 stopped OK
>>> +---------------------------------------------------------------------------------+
>>> Grid uptime: 00:00:00:112


