[00:07:09,160][INFO][main][IgniteKernal] 

>>>    __________  ________________  
>>>   /  _/ ___/ |/ /  _/_  __/ __/  
>>>  _/ // (7 7    // /  / / / _/    
>>> /___/\___/_/|_/___/ /_/ /___/   
>>> 
>>> ver. 1.7.0#20160801-sha1:383273e3
>>> 2016 Copyright(C) Apache Software Foundation
>>> 
>>> Ignite documentation: http://ignite.apache.org

[00:07:09,162][INFO][main][IgniteKernal] Config URL: file:/afs/inf.ed.ac.uk/user/s16/s1626297/Desktop/ds/apache-ignite-fabric-1.7.0-bin/examples/config/example-ignite-no-discovery.xml
[00:07:09,162][INFO][main][IgniteKernal] Daemon mode: off
[00:07:09,162][INFO][main][IgniteKernal] OS: Linux 3.10.0-327.36.3.el7.x86_64 amd64
[00:07:09,162][INFO][main][IgniteKernal] OS user: s1626297
[00:07:09,162][INFO][main][IgniteKernal] Language runtime: Java Platform API Specification ver. 1.8
[00:07:09,162][INFO][main][IgniteKernal] VM information: Java(TM) SE Runtime Environment 1.8.0_91-b14 Oracle Corporation Java HotSpot(TM) 64-Bit Server VM 25.91-b14
[00:07:09,164][INFO][main][IgniteKernal] VM total memory: 1.7GB
[00:07:09,164][INFO][main][IgniteKernal] Remote Management [restart: off, REST: on, JMX (remote: off)]
[00:07:09,164][INFO][main][IgniteKernal] IGNITE_HOME=/afs/inf.ed.ac.uk/user/s16/s1626297/Desktop/ds/apache-ignite-fabric-1.7.0-bin
[00:07:09,164][INFO][main][IgniteKernal] VM arguments: [-DIGNITE_HOME=/afs/inf.ed.ac.uk/user/s16/s1626297/Desktop/ds/apache-ignite-fabric-1.7.0-bin, -Didea.launcher.port=7539, -Didea.launcher.bin.path=/opt/idea-ce/bin, -Dfile.encoding=UTF-8]
[00:07:09,164][INFO][main][IgniteKernal] Configured caches ['ignite-marshaller-sys-cache', 'ignite-sys-cache', 'ignite-atomics-sys-cache']
[00:07:09,165][WARNING][main][IgniteKernal] Peer class loading is enabled (disable it in production for performance and deployment consistency reasons)
[00:07:09,171][INFO][main][IgniteKernal] 3-rd party licenses can be found at: /afs/inf.ed.ac.uk/user/s16/s1626297/Desktop/ds/apache-ignite-fabric-1.7.0-bin/libs/licenses
[00:07:09,179][WARNING][pub-#26%null%][GridDiagnostic] Initial heap size is 124MB (should be no less than 512MB, use -Xms512m -Xmx512m).
[00:07:09,225][INFO][main][IgniteKernal] Non-loopback local IPs: 129.215.2.234, fe80:0:0:0:8edc:d4ff:fe57:28d5%em1
[00:07:09,225][INFO][main][IgniteKernal] Enabled local MACs: 8CDCD45728D5
[00:07:09,242][INFO][main][IgnitePluginProcessor] Configured plugins:
[00:07:09,242][INFO][main][IgnitePluginProcessor]   ^-- None
[00:07:09,243][INFO][main][IgnitePluginProcessor] 
[00:07:09,350][INFO][main][TcpCommunicationSpi] IPC shared memory server endpoint started [port=48101, tokDir=/afs/inf.ed.ac.uk/user/s16/s1626297/Desktop/ds/apache-ignite-fabric-1.7.0-bin/work/ipc/shmem/6f3d3089-2959-46fb-a812-c965f45df927-1017]
[00:07:09,350][INFO][main][TcpCommunicationSpi] Successfully bound shared memory communication to TCP port [port=48101, locHost=0.0.0.0/0.0.0.0]
[00:07:09,369][INFO][main][TcpCommunicationSpi] Successfully bound to TCP port [port=47101, locHost=0.0.0.0/0.0.0.0]
[00:07:09,411][WARNING][main][NoopCheckpointSpi] Checkpoints are disabled (to enable configure any GridCheckpointSpi implementation)
[00:07:09,450][WARNING][main][GridCollisionManager] Collision resolution is disabled (all jobs will be activated upon arrival).
[00:07:09,453][WARNING][main][NoopSwapSpaceSpi] Swap space is disabled. To enable use FileSwapSpaceSpi.
[00:07:09,454][INFO][main][IgniteKernal] Security status [authentication=off, tls/ssl=off]
[00:07:09,659][WARNING][main][IgniteH2Indexing] Serialization of Java objects in H2 was enabled.
[00:07:09,711][INFO][main][GridTcpRestProtocol] Command protocol successfully started [name=TCP binary, host=0.0.0.0/0.0.0.0, port=11212]
[00:07:10,072][INFO][main][GridCacheProcessor] Started cache [name=ignite-sys-cache, mode=REPLICATED]
[00:07:10,082][INFO][main][GridCacheProcessor] Started cache [name=ignite-atomics-sys-cache, mode=PARTITIONED]
[00:07:10,097][INFO][main][GridCacheProcessor] Started cache [name=ignite-marshaller-sys-cache, mode=REPLICATED]
[00:07:10,268][INFO][main][IgniteKernal] Performance suggestions for grid  (fix if possible)
[00:07:10,268][INFO][main][IgniteKernal] To disable, set -DIGNITE_PERFORMANCE_SUGGESTIONS_DISABLED=true
[00:07:10,268][INFO][main][IgniteKernal]   ^-- Disable peer class loading (set 'peerClassLoadingEnabled' to false)
[00:07:10,268][INFO][main][IgniteKernal]   ^-- Disable grid events (remove 'includeEventTypes' from configuration)
[00:07:10,268][INFO][main][IgniteKernal] 
[00:07:10,268][INFO][main][IgniteKernal] To start Console Management & Monitoring run ignitevisorcmd.{sh|bat}
[00:07:10,269][INFO][main][IgniteKernal] 
[00:07:10,269][INFO][main][IgniteKernal] 

>>> +----------------------------------------------------------------------+
>>> Ignite ver. 1.7.0#20160801-sha1:383273e3f66f702de2482466dce954d570a8ccf2
>>> +----------------------------------------------------------------------+
>>> OS name: Linux 3.10.0-327.36.3.el7.x86_64 amd64
>>> CPU(s): 4
>>> Heap: 1.7GB
>>> VM name: 1017@donners.inf.ed.ac.uk
>>> Local node [ID=6F3D3089-2959-46FB-A812-C965F45DF927, order=44, clientMode=true]
>>> Local node addresses: [donners.inf.ed.ac.uk/0:0:0:0:0:0:0:1%lo, /127.0.0.1, /129.215.2.234]
>>> Local ports: TCP:11212 TCP:47101 TCP:48101 

[00:07:10,270][INFO][main][GridDiscoveryManager] Topology snapshot [ver=44, servers=1, clients=1, CPUs=4, heap=2.7GB]
[00:07:10,307][INFO][exchange-worker-#45%null%][GridCacheProcessor] Started cache [name=partB, mode=PARTITIONED]
[00:07:10,375][INFO][main][GridTcpRestProtocol] Command protocol successfully stopped: TCP binary
[00:07:10,384][INFO][main][GridCacheProcessor] Stopped cache: ignite-marshaller-sys-cache
[00:07:10,385][INFO][main][GridCacheProcessor] Stopped cache: ignite-sys-cache
[00:07:10,385][INFO][main][GridCacheProcessor] Stopped cache: ignite-atomics-sys-cache
[00:07:10,385][INFO][main][GridCacheProcessor] Stopped cache: partB
[00:07:10,390][INFO][main][GridDeploymentLocalStore] Removed undeployed class: GridDeployment [ts=1479254830213, depMode=SHARED, clsLdr=sun.misc.Launcher$AppClassLoader@4dc63996, clsLdrId=7a5657a6851-6f3d3089-2959-46fb-a812-c965f45df927, userVer=0, loc=true, sampleClsName=org.apache.ignite.internal.processors.cache.distributed.dht.preloader.GridDhtPartitionFullMap, pendingUndeploy=false, undeployed=true, usage=0]
[00:07:10,395][INFO][main][IgniteKernal] 

>>> +---------------------------------------------------------------------------------+
>>> Ignite ver. 1.7.0#20160801-sha1:383273e3f66f702de2482466dce954d570a8ccf2 stopped OK
>>> +---------------------------------------------------------------------------------+
>>> Grid uptime: 00:00:00:124


