[18:59:21,145][INFO][main][IgniteKernal] 

>>>    __________  ________________  
>>>   /  _/ ___/ |/ /  _/_  __/ __/  
>>>  _/ // (7 7    // /  / / / _/    
>>> /___/\___/_/|_/___/ /_/ /___/   
>>> 
>>> ver. 1.7.0#20160801-sha1:383273e3
>>> 2016 Copyright(C) Apache Software Foundation
>>> 
>>> Ignite documentation: http://ignite.apache.org

[18:59:21,148][INFO][main][IgniteKernal] Config URL: file:/afs/inf.ed.ac.uk/user/s16/s1626297/Desktop/ds/apache-ignite-fabric-1.7.0-bin/examples/config/example-ignite-no-discovery.xml
[18:59:21,148][INFO][main][IgniteKernal] Daemon mode: off
[18:59:21,148][INFO][main][IgniteKernal] OS: Linux 3.10.0-327.36.3.el7.x86_64 amd64
[18:59:21,148][INFO][main][IgniteKernal] OS user: s1626297
[18:59:21,149][INFO][main][IgniteKernal] Language runtime: Java Platform API Specification ver. 1.8
[18:59:21,149][INFO][main][IgniteKernal] VM information: Java(TM) SE Runtime Environment 1.8.0_91-b14 Oracle Corporation Java HotSpot(TM) 64-Bit Server VM 25.91-b14
[18:59:21,151][INFO][main][IgniteKernal] VM total memory: 3.5GB
[18:59:21,151][INFO][main][IgniteKernal] Remote Management [restart: off, REST: on, JMX (remote: off)]
[18:59:21,151][INFO][main][IgniteKernal] IGNITE_HOME=/afs/inf.ed.ac.uk/user/s16/s1626297/Desktop/ds/apache-ignite-fabric-1.7.0-bin
[18:59:21,152][INFO][main][IgniteKernal] VM arguments: [-DIGNITE_HOME=/afs/inf.ed.ac.uk/user/s16/s1626297/Desktop/ds/apache-ignite-fabric-1.7.0-bin, -Didea.launcher.port=7548, -Didea.launcher.bin.path=/opt/idea-ce/bin, -Dfile.encoding=UTF-8]
[18:59:21,152][INFO][main][IgniteKernal] Configured caches ['ignite-marshaller-sys-cache', 'ignite-sys-cache', 'ignite-atomics-sys-cache']
[18:59:21,152][WARNING][main][IgniteKernal] Peer class loading is enabled (disable it in production for performance and deployment consistency reasons)
[18:59:21,165][INFO][main][IgniteKernal] 3-rd party licenses can be found at: /afs/inf.ed.ac.uk/user/s16/s1626297/Desktop/ds/apache-ignite-fabric-1.7.0-bin/libs/licenses
[18:59:21,170][WARNING][pub-#26%null%][GridDiagnostic] Initial heap size is 250MB (should be no less than 512MB, use -Xms512m -Xmx512m).
[18:59:21,244][INFO][main][IgniteKernal] Non-loopback local IPs: 129.215.2.16, fe80:0:0:0:4a0f:cfff:fe5c:a96f%em1
[18:59:21,244][INFO][main][IgniteKernal] Enabled local MACs: 480FCF5CA96F
[18:59:21,278][INFO][main][IgnitePluginProcessor] Configured plugins:
[18:59:21,278][INFO][main][IgnitePluginProcessor]   ^-- None
[18:59:21,278][INFO][main][IgnitePluginProcessor] 
[18:59:21,504][INFO][main][TcpCommunicationSpi] IPC shared memory server endpoint started [port=48101, tokDir=/afs/inf.ed.ac.uk/user/s16/s1626297/Desktop/ds/apache-ignite-fabric-1.7.0-bin/work/ipc/shmem/b808df7b-7ccf-4d24-ac7d-800e845208b5-15282]
[18:59:21,504][INFO][main][TcpCommunicationSpi] Successfully bound shared memory communication to TCP port [port=48101, locHost=0.0.0.0/0.0.0.0]
[18:59:21,553][INFO][main][TcpCommunicationSpi] Successfully bound to TCP port [port=47101, locHost=0.0.0.0/0.0.0.0]
[18:59:21,634][WARNING][main][NoopCheckpointSpi] Checkpoints are disabled (to enable configure any GridCheckpointSpi implementation)
[18:59:21,669][WARNING][main][GridCollisionManager] Collision resolution is disabled (all jobs will be activated upon arrival).
[18:59:21,674][WARNING][main][NoopSwapSpaceSpi] Swap space is disabled. To enable use FileSwapSpaceSpi.
[18:59:21,675][INFO][main][IgniteKernal] Security status [authentication=off, tls/ssl=off]
[18:59:22,011][WARNING][main][IgniteH2Indexing] Serialization of Java objects in H2 was enabled.
[18:59:22,110][INFO][main][GridTcpRestProtocol] Command protocol successfully started [name=TCP binary, host=0.0.0.0/0.0.0.0, port=11212]
[18:59:22,742][INFO][main][GridCacheProcessor] Started cache [name=ignite-sys-cache, mode=REPLICATED]
[18:59:22,756][INFO][main][GridCacheProcessor] Started cache [name=ignite-atomics-sys-cache, mode=PARTITIONED]
[18:59:22,779][INFO][main][GridCacheProcessor] Started cache [name=ignite-marshaller-sys-cache, mode=REPLICATED]
[18:59:22,953][INFO][main][IgniteKernal] Performance suggestions for grid  (fix if possible)
[18:59:22,954][INFO][main][IgniteKernal] To disable, set -DIGNITE_PERFORMANCE_SUGGESTIONS_DISABLED=true
[18:59:22,954][INFO][main][IgniteKernal]   ^-- Disable peer class loading (set 'peerClassLoadingEnabled' to false)
[18:59:22,954][INFO][main][IgniteKernal]   ^-- Disable grid events (remove 'includeEventTypes' from configuration)
[18:59:22,954][INFO][main][IgniteKernal] 
[18:59:22,954][INFO][main][IgniteKernal] To start Console Management & Monitoring run ignitevisorcmd.{sh|bat}
[18:59:22,954][INFO][main][IgniteKernal] 
[18:59:22,955][INFO][main][IgniteKernal] 

>>> +----------------------------------------------------------------------+
>>> Ignite ver. 1.7.0#20160801-sha1:383273e3f66f702de2482466dce954d570a8ccf2
>>> +----------------------------------------------------------------------+
>>> OS name: Linux 3.10.0-327.36.3.el7.x86_64 amd64
>>> CPU(s): 4
>>> Heap: 3.5GB
>>> VM name: 15282@lloyd.inf.ed.ac.uk
>>> Local node [ID=B808DF7B-7CCF-4D24-AC7D-800E845208B5, order=4, clientMode=true]
>>> Local node addresses: [lloyd.inf.ed.ac.uk/0:0:0:0:0:0:0:1%lo, /127.0.0.1, /129.215.2.16]
>>> Local ports: TCP:11212 TCP:47101 TCP:48101 

[18:59:22,956][INFO][main][GridDiscoveryManager] Topology snapshot [ver=4, servers=1, clients=1, CPUs=4, heap=4.5GB]
[18:59:23,014][INFO][exchange-worker-#45%null%][GridCacheProcessor] Started cache [name=partB, mode=PARTITIONED]
[18:59:23,605][INFO][main][GridDeploymentLocalStore] Class locally deployed: class partC.StreamOne$1
[18:59:25,939][INFO][main][GridTcpRestProtocol] Command protocol successfully stopped: TCP binary
[18:59:25,954][INFO][main][GridCacheProcessor] Stopped cache: ignite-marshaller-sys-cache
[18:59:25,955][INFO][main][GridCacheProcessor] Stopped cache: ignite-sys-cache
[18:59:25,955][INFO][main][GridCacheProcessor] Stopped cache: ignite-atomics-sys-cache
[18:59:25,955][INFO][main][GridCacheProcessor] Stopped cache: partB
[18:59:25,957][INFO][main][GridDeploymentLocalStore] Removed undeployed class: GridDeployment [ts=1479063562879, depMode=SHARED, clsLdr=sun.misc.Launcher$AppClassLoader@4dc63996, clsLdrId=60ede0f5851-b808df7b-7ccf-4d24-ac7d-800e845208b5, userVer=0, loc=true, sampleClsName=org.apache.ignite.internal.processors.cache.distributed.dht.preloader.GridDhtPartitionFullMap, pendingUndeploy=false, undeployed=true, usage=0]
[18:59:25,972][INFO][main][IgniteKernal] 

>>> +---------------------------------------------------------------------------------+
>>> Ignite ver. 1.7.0#20160801-sha1:383273e3f66f702de2482466dce954d570a8ccf2 stopped OK
>>> +---------------------------------------------------------------------------------+
>>> Grid uptime: 00:00:03:012


