[16:20:52,780][INFO][main][IgniteKernal] 

>>>    __________  ________________  
>>>   /  _/ ___/ |/ /  _/_  __/ __/  
>>>  _/ // (7 7    // /  / / / _/    
>>> /___/\___/_/|_/___/ /_/ /___/   
>>> 
>>> ver. 1.7.0#20160801-sha1:383273e3
>>> 2016 Copyright(C) Apache Software Foundation
>>> 
>>> Ignite documentation: http://ignite.apache.org

[16:20:52,782][INFO][main][IgniteKernal] Config URL: file:/afs/inf.ed.ac.uk/user/s16/s1626297/Desktop/ds/apache-ignite-fabric-1.7.0-bin/examples/config/example-ignite-no-discovery.xml
[16:20:52,782][INFO][main][IgniteKernal] Daemon mode: off
[16:20:52,782][INFO][main][IgniteKernal] OS: Linux 3.10.0-327.36.3.el7.x86_64 amd64
[16:20:52,782][INFO][main][IgniteKernal] OS user: s1626297
[16:20:52,782][INFO][main][IgniteKernal] Language runtime: Java Platform API Specification ver. 1.8
[16:20:52,783][INFO][main][IgniteKernal] VM information: Java(TM) SE Runtime Environment 1.8.0_91-b14 Oracle Corporation Java HotSpot(TM) 64-Bit Server VM 25.91-b14
[16:20:52,784][INFO][main][IgniteKernal] VM total memory: 1.7GB
[16:20:52,784][INFO][main][IgniteKernal] Remote Management [restart: off, REST: on, JMX (remote: off)]
[16:20:52,784][INFO][main][IgniteKernal] IGNITE_HOME=/afs/inf.ed.ac.uk/user/s16/s1626297/Desktop/ds/apache-ignite-fabric-1.7.0-bin
[16:20:52,784][INFO][main][IgniteKernal] VM arguments: [-DIGNITE_HOME=/afs/inf.ed.ac.uk/user/s16/s1626297/Desktop/ds/apache-ignite-fabric-1.7.0-bin, -Didea.launcher.port=7533, -Didea.launcher.bin.path=/opt/idea-ce/bin, -Dfile.encoding=UTF-8]
[16:20:52,785][INFO][main][IgniteKernal] Configured caches ['ignite-marshaller-sys-cache', 'ignite-sys-cache', 'ignite-atomics-sys-cache']
[16:20:52,785][WARNING][main][IgniteKernal] Peer class loading is enabled (disable it in production for performance and deployment consistency reasons)
[16:20:52,788][INFO][main][IgniteKernal] 3-rd party licenses can be found at: /afs/inf.ed.ac.uk/user/s16/s1626297/Desktop/ds/apache-ignite-fabric-1.7.0-bin/libs/licenses
[16:20:52,790][WARNING][pub-#26%null%][GridDiagnostic] Initial heap size is 124MB (should be no less than 512MB, use -Xms512m -Xmx512m).
[16:20:52,831][INFO][main][IgniteKernal] Non-loopback local IPs: 129.215.3.62, fe80:0:0:0:8a51:fbff:fe55:4f8e%em1
[16:20:52,831][INFO][main][IgniteKernal] Enabled local MACs: 8851FB554F8E
[16:20:52,845][INFO][main][IgnitePluginProcessor] Configured plugins:
[16:20:52,845][INFO][main][IgnitePluginProcessor]   ^-- None
[16:20:52,845][INFO][main][IgnitePluginProcessor] 
[16:20:52,964][INFO][main][TcpCommunicationSpi] IPC shared memory server endpoint started [port=48101, tokDir=/afs/inf.ed.ac.uk/user/s16/s1626297/Desktop/ds/apache-ignite-fabric-1.7.0-bin/work/ipc/shmem/b3279d25-8b14-4db1-8f0b-83f3bab619e1-27430]
[16:20:52,964][INFO][main][TcpCommunicationSpi] Successfully bound shared memory communication to TCP port [port=48101, locHost=0.0.0.0/0.0.0.0]
[16:20:52,991][INFO][main][TcpCommunicationSpi] Successfully bound to TCP port [port=47101, locHost=0.0.0.0/0.0.0.0]
[16:20:53,043][WARNING][main][NoopCheckpointSpi] Checkpoints are disabled (to enable configure any GridCheckpointSpi implementation)
[16:20:53,066][WARNING][main][GridCollisionManager] Collision resolution is disabled (all jobs will be activated upon arrival).
[16:20:53,069][WARNING][main][NoopSwapSpaceSpi] Swap space is disabled. To enable use FileSwapSpaceSpi.
[16:20:53,070][INFO][main][IgniteKernal] Security status [authentication=off, tls/ssl=off]
[16:20:53,321][WARNING][main][IgniteH2Indexing] Serialization of Java objects in H2 was enabled.
[16:20:53,376][INFO][main][GridTcpRestProtocol] Command protocol successfully started [name=TCP binary, host=0.0.0.0/0.0.0.0, port=11212]
[16:20:53,746][INFO][main][GridCacheProcessor] Started cache [name=ignite-sys-cache, mode=REPLICATED]
[16:20:53,756][INFO][main][GridCacheProcessor] Started cache [name=ignite-atomics-sys-cache, mode=PARTITIONED]
[16:20:53,771][INFO][main][GridCacheProcessor] Started cache [name=ignite-marshaller-sys-cache, mode=REPLICATED]
[16:20:53,974][INFO][main][IgniteKernal] Performance suggestions for grid  (fix if possible)
[16:20:53,974][INFO][main][IgniteKernal] To disable, set -DIGNITE_PERFORMANCE_SUGGESTIONS_DISABLED=true
[16:20:53,974][INFO][main][IgniteKernal]   ^-- Disable peer class loading (set 'peerClassLoadingEnabled' to false)
[16:20:53,974][INFO][main][IgniteKernal]   ^-- Disable grid events (remove 'includeEventTypes' from configuration)
[16:20:53,974][INFO][main][IgniteKernal] 
[16:20:53,975][INFO][main][IgniteKernal] To start Console Management & Monitoring run ignitevisorcmd.{sh|bat}
[16:20:53,975][INFO][main][IgniteKernal] 
[16:20:53,975][INFO][main][IgniteKernal] 

>>> +----------------------------------------------------------------------+
>>> Ignite ver. 1.7.0#20160801-sha1:383273e3f66f702de2482466dce954d570a8ccf2
>>> +----------------------------------------------------------------------+
>>> OS name: Linux 3.10.0-327.36.3.el7.x86_64 amd64
>>> CPU(s): 4
>>> Heap: 1.7GB
>>> VM name: 27430@parrot.inf.ed.ac.uk
>>> Local node [ID=B3279D25-8B14-4DB1-8F0B-83F3BAB619E1, order=15, clientMode=true]
>>> Local node addresses: [parrot.inf.ed.ac.uk/0:0:0:0:0:0:0:1%lo, /127.0.0.1, /129.215.3.62]
>>> Local ports: TCP:11212 TCP:47101 TCP:48101 

[16:20:53,976][INFO][main][GridDiscoveryManager] Topology snapshot [ver=15, servers=1, clients=2, CPUs=4, heap=4.4GB]
[16:20:54,015][INFO][exchange-worker-#45%null%][GridCacheProcessor] Started cache [name=words, mode=PARTITIONED]
[16:20:54,045][INFO][main][GridTcpRestProtocol] Command protocol successfully stopped: TCP binary
[16:20:54,056][INFO][main][GridCacheProcessor] Stopped cache: ignite-marshaller-sys-cache
[16:20:54,056][INFO][main][GridCacheProcessor] Stopped cache: ignite-sys-cache
[16:20:54,056][INFO][main][GridCacheProcessor] Stopped cache: ignite-atomics-sys-cache
[16:20:54,056][INFO][main][GridCacheProcessor] Stopped cache: words
[16:20:54,061][INFO][main][GridDeploymentLocalStore] Removed undeployed class: GridDeployment [ts=1478708453901, depMode=SHARED, clsLdr=sun.misc.Launcher$AppClassLoader@4dc63996, clsLdrId=c0b54e94851-b3279d25-8b14-4db1-8f0b-83f3bab619e1, userVer=0, loc=true, sampleClsName=org.apache.ignite.internal.processors.cache.distributed.dht.preloader.GridDhtPartitionFullMap, pendingUndeploy=false, undeployed=true, usage=0]
[16:20:54,076][INFO][main][IgniteKernal] 

>>> +---------------------------------------------------------------------------------+
>>> Ignite ver. 1.7.0#20160801-sha1:383273e3f66f702de2482466dce954d570a8ccf2 stopped OK
>>> +---------------------------------------------------------------------------------+
>>> Grid uptime: 00:00:00:108


