[14:29:39,362][INFO][main][IgniteKernal] 

>>>    __________  ________________  
>>>   /  _/ ___/ |/ /  _/_  __/ __/  
>>>  _/ // (7 7    // /  / / / _/    
>>> /___/\___/_/|_/___/ /_/ /___/   
>>> 
>>> ver. 1.7.0#20160801-sha1:383273e3
>>> 2016 Copyright(C) Apache Software Foundation
>>> 
>>> Ignite documentation: http://ignite.apache.org

[14:29:39,364][INFO][main][IgniteKernal] Config URL: file:/afs/inf.ed.ac.uk/user/s16/s1626297/Desktop/ds/apache-ignite-fabric-1.7.0-bin/examples/config/example-ignite-no-discovery.xml
[14:29:39,364][INFO][main][IgniteKernal] Daemon mode: off
[14:29:39,365][INFO][main][IgniteKernal] OS: Linux 3.10.0-327.36.3.el7.x86_64 amd64
[14:29:39,365][INFO][main][IgniteKernal] OS user: s1626297
[14:29:39,365][INFO][main][IgniteKernal] Language runtime: Java Platform API Specification ver. 1.8
[14:29:39,365][INFO][main][IgniteKernal] VM information: Java(TM) SE Runtime Environment 1.8.0_91-b14 Oracle Corporation Java HotSpot(TM) 64-Bit Server VM 25.91-b14
[14:29:39,367][INFO][main][IgniteKernal] VM total memory: 3.5GB
[14:29:39,368][INFO][main][IgniteKernal] Remote Management [restart: off, REST: on, JMX (remote: off)]
[14:29:39,368][INFO][main][IgniteKernal] IGNITE_HOME=/afs/inf.ed.ac.uk/user/s16/s1626297/Desktop/ds/apache-ignite-fabric-1.7.0-bin
[14:29:39,368][INFO][main][IgniteKernal] VM arguments: [-DIGNITE_HOME=/afs/inf.ed.ac.uk/user/s16/s1626297/Desktop/ds/apache-ignite-fabric-1.7.0-bin, -Didea.launcher.port=7534, -Didea.launcher.bin.path=/opt/idea-ce/bin, -Dfile.encoding=UTF-8]
[14:29:39,368][INFO][main][IgniteKernal] Configured caches ['ignite-marshaller-sys-cache', 'ignite-sys-cache', 'ignite-atomics-sys-cache']
[14:29:39,368][WARNING][main][IgniteKernal] Peer class loading is enabled (disable it in production for performance and deployment consistency reasons)
[14:29:39,383][INFO][main][IgniteKernal] 3-rd party licenses can be found at: /afs/inf.ed.ac.uk/user/s16/s1626297/Desktop/ds/apache-ignite-fabric-1.7.0-bin/libs/licenses
[14:29:39,388][WARNING][pub-#26%null%][GridDiagnostic] Initial heap size is 250MB (should be no less than 512MB, use -Xms512m -Xmx512m).
[14:29:39,466][INFO][main][IgniteKernal] Non-loopback local IPs: 129.215.2.16, fe80:0:0:0:4a0f:cfff:fe5c:a96f%em1
[14:29:39,466][INFO][main][IgniteKernal] Enabled local MACs: 480FCF5CA96F
[14:29:39,500][INFO][main][IgnitePluginProcessor] Configured plugins:
[14:29:39,500][INFO][main][IgnitePluginProcessor]   ^-- None
[14:29:39,500][INFO][main][IgnitePluginProcessor] 
[14:29:39,710][INFO][main][TcpCommunicationSpi] IPC shared memory server endpoint started [port=48101, tokDir=/afs/inf.ed.ac.uk/user/s16/s1626297/Desktop/ds/apache-ignite-fabric-1.7.0-bin/work/ipc/shmem/7a09bcd6-fa63-42ed-adfe-b1ea2cc7a97d-17442]
[14:29:39,710][INFO][main][TcpCommunicationSpi] Successfully bound shared memory communication to TCP port [port=48101, locHost=0.0.0.0/0.0.0.0]
[14:29:39,768][INFO][main][TcpCommunicationSpi] Successfully bound to TCP port [port=47101, locHost=0.0.0.0/0.0.0.0]
[14:29:39,884][WARNING][main][NoopCheckpointSpi] Checkpoints are disabled (to enable configure any GridCheckpointSpi implementation)
[14:29:39,940][WARNING][main][GridCollisionManager] Collision resolution is disabled (all jobs will be activated upon arrival).
[14:29:39,946][WARNING][main][NoopSwapSpaceSpi] Swap space is disabled. To enable use FileSwapSpaceSpi.
[14:29:39,949][INFO][main][IgniteKernal] Security status [authentication=off, tls/ssl=off]
[14:29:40,403][WARNING][main][IgniteH2Indexing] Serialization of Java objects in H2 was enabled.
[14:29:40,518][INFO][main][GridTcpRestProtocol] Command protocol successfully started [name=TCP binary, host=0.0.0.0/0.0.0.0, port=11212]
[14:29:41,128][INFO][main][GridCacheProcessor] Started cache [name=ignite-sys-cache, mode=REPLICATED]
[14:29:41,145][INFO][main][GridCacheProcessor] Started cache [name=ignite-atomics-sys-cache, mode=PARTITIONED]
[14:29:41,177][INFO][main][GridCacheProcessor] Started cache [name=ignite-marshaller-sys-cache, mode=REPLICATED]
[14:29:41,392][INFO][main][IgniteKernal] Performance suggestions for grid  (fix if possible)
[14:29:41,393][INFO][main][IgniteKernal] To disable, set -DIGNITE_PERFORMANCE_SUGGESTIONS_DISABLED=true
[14:29:41,393][INFO][main][IgniteKernal]   ^-- Disable peer class loading (set 'peerClassLoadingEnabled' to false)
[14:29:41,393][INFO][main][IgniteKernal]   ^-- Disable grid events (remove 'includeEventTypes' from configuration)
[14:29:41,393][INFO][main][IgniteKernal] 
[14:29:41,393][INFO][main][IgniteKernal] To start Console Management & Monitoring run ignitevisorcmd.{sh|bat}
[14:29:41,394][INFO][main][IgniteKernal] 
[14:29:41,394][INFO][main][IgniteKernal] 

>>> +----------------------------------------------------------------------+
>>> Ignite ver. 1.7.0#20160801-sha1:383273e3f66f702de2482466dce954d570a8ccf2
>>> +----------------------------------------------------------------------+
>>> OS name: Linux 3.10.0-327.36.3.el7.x86_64 amd64
>>> CPU(s): 4
>>> Heap: 3.5GB
>>> VM name: 17442@lloyd.inf.ed.ac.uk
>>> Local node [ID=7A09BCD6-FA63-42ED-ADFE-B1EA2CC7A97D, order=26, clientMode=true]
>>> Local node addresses: [lloyd.inf.ed.ac.uk/0:0:0:0:0:0:0:1%lo, /127.0.0.1, /129.215.2.16]
>>> Local ports: TCP:11212 TCP:47101 TCP:48101 

[14:29:41,396][INFO][main][GridDiscoveryManager] Topology snapshot [ver=26, servers=1, clients=1, CPUs=4, heap=4.5GB]
[14:29:41,448][INFO][exchange-worker-#45%null%][GridCacheProcessor] Started cache [name=partB, mode=PARTITIONED]
[14:29:41,681][INFO][main][GridDeploymentLocalStore] Class locally deployed: class partB.StreamOne$1
[14:29:50,768][INFO][ignite-update-notifier-timer][GridUpdateNotifier] Your version is up to date.
[14:30:29,593][INFO][disco-event-worker-#42%null%][GridDiscoveryManager] Added new node to topology: TcpDiscoveryNode [id=eb3b66fd-f12f-4076-add1-5bb9848c2892, addrs=[0:0:0:0:0:0:0:1%lo, 127.0.0.1, 129.215.2.16], sockAddrs=[/0:0:0:0:0:0:0:1%lo:0, /127.0.0.1:0, lloyd.inf.ed.ac.uk/129.215.2.16:0], discPort=0, order=27, intOrder=15, lastExchangeTime=1479047429521, loc=false, ver=1.7.0#20160801-sha1:383273e3, isClient=true]
[14:30:29,593][INFO][disco-event-worker-#42%null%][GridDiscoveryManager] Topology snapshot [ver=27, servers=1, clients=2, CPUs=4, heap=7.9GB]
[14:30:41,404][INFO][grid-timeout-worker-#27%null%][IgniteKernal] 
Metrics for local node (to disable set 'metricsLogFrequency' to 0)
    ^-- Node [id=7a09bcd6, name=null, uptime=00:01:00:019]
    ^-- H/N/C [hosts=1, nodes=3, CPUs=4]
    ^-- CPU [cur=1.67%, avg=3.23%, GC=0%]
    ^-- Heap [used=604MB, free=82.92%, comm=1297MB]
    ^-- Non heap [used=41MB, free=-1%, comm=44MB]
    ^-- Public thread pool [active=0, idle=16, qSize=0]
    ^-- System thread pool [active=0, idle=16, qSize=0]
    ^-- Outbound messages queue [size=0]
[14:30:41,531][INFO][disco-event-worker-#42%null%][GridDiscoveryManager] Added new node to topology: TcpDiscoveryNode [id=63742588-ff16-4f80-a764-169ef2e02a42, addrs=[0:0:0:0:0:0:0:1%lo, 127.0.0.1, 129.215.2.16], sockAddrs=[/0:0:0:0:0:0:0:1%lo:0, /127.0.0.1:0, lloyd.inf.ed.ac.uk/129.215.2.16:0], discPort=0, order=28, intOrder=16, lastExchangeTime=1479047441522, loc=false, ver=1.7.0#20160801-sha1:383273e3, isClient=true]
[14:30:41,532][INFO][disco-event-worker-#42%null%][GridDiscoveryManager] Topology snapshot [ver=28, servers=1, clients=3, CPUs=4, heap=11.0GB]
[14:31:30,308][INFO][disco-event-worker-#42%null%][GridDiscoveryManager] Added new node to topology: TcpDiscoveryNode [id=3bd83f9f-3916-4549-a368-995793ae0990, addrs=[0:0:0:0:0:0:0:1%lo, 127.0.0.1, 129.215.2.16], sockAddrs=[/0:0:0:0:0:0:0:1%lo:0, /127.0.0.1:0, lloyd.inf.ed.ac.uk/129.215.2.16:0], discPort=0, order=29, intOrder=17, lastExchangeTime=1479047490295, loc=false, ver=1.7.0#20160801-sha1:383273e3, isClient=true]
[14:31:30,309][INFO][disco-event-worker-#42%null%][GridDiscoveryManager] Topology snapshot [ver=29, servers=1, clients=4, CPUs=4, heap=15.0GB]
[14:31:41,405][INFO][grid-timeout-worker-#27%null%][IgniteKernal] 
Metrics for local node (to disable set 'metricsLogFrequency' to 0)
    ^-- Node [id=7a09bcd6, name=null, uptime=00:02:00:024]
    ^-- H/N/C [hosts=1, nodes=5, CPUs=4]
    ^-- CPU [cur=1.33%, avg=2.48%, GC=0%]
    ^-- Heap [used=538MB, free=84.78%, comm=1303MB]
    ^-- Non heap [used=42MB, free=-1%, comm=44MB]
    ^-- Public thread pool [active=0, idle=16, qSize=0]
    ^-- System thread pool [active=0, idle=16, qSize=0]
    ^-- Outbound messages queue [size=0]
[14:32:41,415][INFO][grid-timeout-worker-#27%null%][IgniteKernal] 
Metrics for local node (to disable set 'metricsLogFrequency' to 0)
    ^-- Node [id=7a09bcd6, name=null, uptime=00:03:00:034]
    ^-- H/N/C [hosts=1, nodes=5, CPUs=4]
    ^-- CPU [cur=3.07%, avg=2.14%, GC=0%]
    ^-- Heap [used=805MB, free=77.25%, comm=1153MB]
    ^-- Non heap [used=42MB, free=-1%, comm=44MB]
    ^-- Public thread pool [active=0, idle=16, qSize=0]
    ^-- System thread pool [active=0, idle=16, qSize=0]
    ^-- Outbound messages queue [size=0]
[14:33:41,421][INFO][grid-timeout-worker-#27%null%][IgniteKernal] 
Metrics for local node (to disable set 'metricsLogFrequency' to 0)
    ^-- Node [id=7a09bcd6, name=null, uptime=00:04:00:040]
    ^-- H/N/C [hosts=1, nodes=5, CPUs=4]
    ^-- CPU [cur=1.73%, avg=2.01%, GC=0%]
    ^-- Heap [used=772MB, free=78.18%, comm=979MB]
    ^-- Non heap [used=43MB, free=-1%, comm=45MB]
    ^-- Public thread pool [active=0, idle=16, qSize=0]
    ^-- System thread pool [active=0, idle=16, qSize=0]
    ^-- Outbound messages queue [size=0]
[14:34:41,424][INFO][grid-timeout-worker-#27%null%][IgniteKernal] 
Metrics for local node (to disable set 'metricsLogFrequency' to 0)
    ^-- Node [id=7a09bcd6, name=null, uptime=00:05:00:043]
    ^-- H/N/C [hosts=1, nodes=5, CPUs=4]
    ^-- CPU [cur=1.67%, avg=1.94%, GC=0.37%]
    ^-- Heap [used=238MB, free=93.25%, comm=785MB]
    ^-- Non heap [used=43MB, free=-1%, comm=45MB]
    ^-- Public thread pool [active=0, idle=16, qSize=0]
    ^-- System thread pool [active=0, idle=16, qSize=0]
    ^-- Outbound messages queue [size=0]
[14:35:41,433][INFO][grid-timeout-worker-#27%null%][IgniteKernal] 
Metrics for local node (to disable set 'metricsLogFrequency' to 0)
    ^-- Node [id=7a09bcd6, name=null, uptime=00:06:00:045]
    ^-- H/N/C [hosts=1, nodes=5, CPUs=4]
    ^-- CPU [cur=1.33%, avg=1.88%, GC=0%]
    ^-- Heap [used=345MB, free=90.24%, comm=634MB]
    ^-- Non heap [used=44MB, free=-1%, comm=45MB]
    ^-- Public thread pool [active=0, idle=16, qSize=0]
    ^-- System thread pool [active=0, idle=16, qSize=0]
    ^-- Outbound messages queue [size=0]
