[13:27:20,670][INFO][main][IgniteKernal] 

>>>    __________  ________________  
>>>   /  _/ ___/ |/ /  _/_  __/ __/  
>>>  _/ // (7 7    // /  / / / _/    
>>> /___/\___/_/|_/___/ /_/ /___/   
>>> 
>>> ver. 1.7.0#20160801-sha1:383273e3
>>> 2016 Copyright(C) Apache Software Foundation
>>> 
>>> Ignite documentation: http://ignite.apache.org

[13:27:20,673][INFO][main][IgniteKernal] Config URL: file:/afs/inf.ed.ac.uk/user/s16/s1626297/Desktop/ds/apache-ignite-fabric-1.7.0-bin/examples/config/example-ignite-no-discovery.xml
[13:27:20,673][INFO][main][IgniteKernal] Daemon mode: off
[13:27:20,673][INFO][main][IgniteKernal] OS: Linux 3.10.0-327.36.3.el7.x86_64 amd64
[13:27:20,674][INFO][main][IgniteKernal] OS user: s1626297
[13:27:20,674][INFO][main][IgniteKernal] Language runtime: Java Platform API Specification ver. 1.8
[13:27:20,674][INFO][main][IgniteKernal] VM information: Java(TM) SE Runtime Environment 1.8.0_91-b14 Oracle Corporation Java HotSpot(TM) 64-Bit Server VM 25.91-b14
[13:27:20,676][INFO][main][IgniteKernal] VM total memory: 3.5GB
[13:27:20,676][INFO][main][IgniteKernal] Remote Management [restart: off, REST: on, JMX (remote: off)]
[13:27:20,676][INFO][main][IgniteKernal] IGNITE_HOME=/afs/inf.ed.ac.uk/user/s16/s1626297/Desktop/ds/apache-ignite-fabric-1.7.0-bin
[13:27:20,677][INFO][main][IgniteKernal] VM arguments: [-DIGNITE_HOME=/afs/inf.ed.ac.uk/user/s16/s1626297/Desktop/ds/apache-ignite-fabric-1.7.0-bin, -Didea.launcher.port=7532, -Didea.launcher.bin.path=/opt/idea-ce/bin, -Dfile.encoding=UTF-8]
[13:27:20,677][INFO][main][IgniteKernal] Configured caches ['ignite-marshaller-sys-cache', 'ignite-sys-cache', 'ignite-atomics-sys-cache']
[13:27:20,677][WARNING][main][IgniteKernal] Peer class loading is enabled (disable it in production for performance and deployment consistency reasons)
[13:27:20,689][INFO][main][IgniteKernal] 3-rd party licenses can be found at: /afs/inf.ed.ac.uk/user/s16/s1626297/Desktop/ds/apache-ignite-fabric-1.7.0-bin/libs/licenses
[13:27:20,701][WARNING][pub-#26%null%][GridDiagnostic] Initial heap size is 250MB (should be no less than 512MB, use -Xms512m -Xmx512m).
[13:27:20,787][INFO][main][IgniteKernal] Non-loopback local IPs: 129.215.2.16, fe80:0:0:0:4a0f:cfff:fe5c:a96f%em1
[13:27:20,787][INFO][main][IgniteKernal] Enabled local MACs: 480FCF5CA96F
[13:27:20,811][INFO][main][IgnitePluginProcessor] Configured plugins:
[13:27:20,812][INFO][main][IgnitePluginProcessor]   ^-- None
[13:27:20,812][INFO][main][IgnitePluginProcessor] 
[13:27:20,986][INFO][main][TcpCommunicationSpi] IPC shared memory server endpoint started [port=48101, tokDir=/afs/inf.ed.ac.uk/user/s16/s1626297/Desktop/ds/apache-ignite-fabric-1.7.0-bin/work/ipc/shmem/a1c44870-ef40-454e-bc93-5eff9e233501-12482]
[13:27:20,986][INFO][main][TcpCommunicationSpi] Successfully bound shared memory communication to TCP port [port=48101, locHost=0.0.0.0/0.0.0.0]
[13:27:21,026][INFO][main][TcpCommunicationSpi] Successfully bound to TCP port [port=47101, locHost=0.0.0.0/0.0.0.0]
[13:27:21,083][WARNING][main][NoopCheckpointSpi] Checkpoints are disabled (to enable configure any GridCheckpointSpi implementation)
[13:27:21,120][WARNING][main][GridCollisionManager] Collision resolution is disabled (all jobs will be activated upon arrival).
[13:27:21,125][WARNING][main][NoopSwapSpaceSpi] Swap space is disabled. To enable use FileSwapSpaceSpi.
[13:27:21,126][INFO][main][IgniteKernal] Security status [authentication=off, tls/ssl=off]
[13:27:21,488][WARNING][main][IgniteH2Indexing] Serialization of Java objects in H2 was enabled.
[13:27:21,588][INFO][main][GridTcpRestProtocol] Command protocol successfully started [name=TCP binary, host=0.0.0.0/0.0.0.0, port=11212]
[13:27:22,288][INFO][main][GridCacheProcessor] Started cache [name=ignite-sys-cache, mode=REPLICATED]
[13:27:22,302][INFO][main][GridCacheProcessor] Started cache [name=ignite-atomics-sys-cache, mode=PARTITIONED]
[13:27:22,325][INFO][main][GridCacheProcessor] Started cache [name=ignite-marshaller-sys-cache, mode=REPLICATED]
[13:27:22,555][INFO][main][IgniteKernal] Performance suggestions for grid  (fix if possible)
[13:27:22,555][INFO][main][IgniteKernal] To disable, set -DIGNITE_PERFORMANCE_SUGGESTIONS_DISABLED=true
[13:27:22,555][INFO][main][IgniteKernal]   ^-- Disable peer class loading (set 'peerClassLoadingEnabled' to false)
[13:27:22,556][INFO][main][IgniteKernal]   ^-- Disable grid events (remove 'includeEventTypes' from configuration)
[13:27:22,556][INFO][main][IgniteKernal] 
[13:27:22,556][INFO][main][IgniteKernal] To start Console Management & Monitoring run ignitevisorcmd.{sh|bat}
[13:27:22,556][INFO][main][IgniteKernal] 
[13:27:22,557][INFO][main][IgniteKernal] 

>>> +----------------------------------------------------------------------+
>>> Ignite ver. 1.7.0#20160801-sha1:383273e3f66f702de2482466dce954d570a8ccf2
>>> +----------------------------------------------------------------------+
>>> OS name: Linux 3.10.0-327.36.3.el7.x86_64 amd64
>>> CPU(s): 4
>>> Heap: 3.5GB
>>> VM name: 12482@lloyd.inf.ed.ac.uk
>>> Local node [ID=A1C44870-EF40-454E-BC93-5EFF9E233501, order=2, clientMode=true]
>>> Local node addresses: [lloyd.inf.ed.ac.uk/0:0:0:0:0:0:0:1%lo, /127.0.0.1, /129.215.2.16]
>>> Local ports: TCP:11212 TCP:47101 TCP:48101 

[13:27:22,558][INFO][main][GridDiscoveryManager] Topology snapshot [ver=2, servers=1, clients=1, CPUs=4, heap=4.5GB]
[13:27:22,637][INFO][exchange-worker-#45%null%][GridCacheProcessor] Started cache [name=partA, mode=PARTITIONED]
[13:27:23,119][INFO][main][GridDeploymentLocalStore] Class locally deployed: class wordcount.StreamWords$1
[13:27:31,929][INFO][ignite-update-notifier-timer][GridUpdateNotifier] Your version is up to date.
[13:27:47,167][INFO][disco-event-worker-#42%null%][GridDiscoveryManager] Added new node to topology: TcpDiscoveryNode [id=87c09c38-d0ad-4c5b-9df6-0ac94dc1632d, addrs=[0:0:0:0:0:0:0:1%lo, 127.0.0.1, 129.215.2.16], sockAddrs=[/0:0:0:0:0:0:0:1%lo:0, /127.0.0.1:0, lloyd.inf.ed.ac.uk/129.215.2.16:0], discPort=0, order=3, intOrder=3, lastExchangeTime=1479043667140, loc=false, ver=1.7.0#20160801-sha1:383273e3, isClient=true]
[13:27:47,168][INFO][disco-event-worker-#42%null%][GridDiscoveryManager] Topology snapshot [ver=3, servers=1, clients=2, CPUs=4, heap=7.9GB]
[13:28:22,564][INFO][grid-timeout-worker-#27%null%][IgniteKernal] 
Metrics for local node (to disable set 'metricsLogFrequency' to 0)
    ^-- Node [id=a1c44870, name=null, uptime=00:01:00:019]
    ^-- H/N/C [hosts=1, nodes=3, CPUs=4]
    ^-- CPU [cur=3.43%, avg=3.5%, GC=0.13%]
    ^-- Heap [used=565MB, free=84.03%, comm=1333MB]
    ^-- Non heap [used=41MB, free=-1%, comm=43MB]
    ^-- Public thread pool [active=0, idle=16, qSize=0]
    ^-- System thread pool [active=0, idle=16, qSize=0]
    ^-- Outbound messages queue [size=0]
[13:28:24,355][WARNING][disco-event-worker-#42%null%][GridDiscoveryManager] Node FAILED: TcpDiscoveryNode [id=87c09c38-d0ad-4c5b-9df6-0ac94dc1632d, addrs=[0:0:0:0:0:0:0:1%lo, 127.0.0.1, 129.215.2.16], sockAddrs=[/0:0:0:0:0:0:0:1%lo:0, /127.0.0.1:0, lloyd.inf.ed.ac.uk/129.215.2.16:0], discPort=0, order=3, intOrder=3, lastExchangeTime=1479043667140, loc=false, ver=1.7.0#20160801-sha1:383273e3, isClient=true]
[13:28:24,356][INFO][disco-event-worker-#42%null%][GridDiscoveryManager] Topology snapshot [ver=4, servers=1, clients=1, CPUs=4, heap=4.5GB]
[13:29:15,303][INFO][disco-event-worker-#42%null%][GridDiscoveryManager] Added new node to topology: TcpDiscoveryNode [id=edb0bf6c-f06b-46f6-bb54-cc49b561938e, addrs=[0:0:0:0:0:0:0:1%lo, 127.0.0.1, 129.215.2.16], sockAddrs=[/0:0:0:0:0:0:0:1%lo:0, /127.0.0.1:0, lloyd.inf.ed.ac.uk/129.215.2.16:0], discPort=0, order=5, intOrder=4, lastExchangeTime=1479043755236, loc=false, ver=1.7.0#20160801-sha1:383273e3, isClient=true]
[13:29:15,303][INFO][disco-event-worker-#42%null%][GridDiscoveryManager] Topology snapshot [ver=5, servers=1, clients=2, CPUs=4, heap=7.9GB]
[13:29:22,571][INFO][grid-timeout-worker-#27%null%][IgniteKernal] 
Metrics for local node (to disable set 'metricsLogFrequency' to 0)
    ^-- Node [id=a1c44870, name=null, uptime=00:02:00:028]
    ^-- H/N/C [hosts=1, nodes=3, CPUs=4]
    ^-- CPU [cur=3.27%, avg=3.62%, GC=0%]
    ^-- Heap [used=924MB, free=73.88%, comm=1021MB]
    ^-- Non heap [used=42MB, free=-1%, comm=43MB]
    ^-- Public thread pool [active=0, idle=16, qSize=0]
    ^-- System thread pool [active=0, idle=16, qSize=0]
    ^-- Outbound messages queue [size=0]
[13:30:22,580][INFO][grid-timeout-worker-#27%null%][IgniteKernal] 
Metrics for local node (to disable set 'metricsLogFrequency' to 0)
    ^-- Node [id=a1c44870, name=null, uptime=00:03:00:035]
    ^-- H/N/C [hosts=1, nodes=3, CPUs=4]
    ^-- CPU [cur=3.33%, avg=3.68%, GC=0.27%]
    ^-- Heap [used=440MB, free=87.55%, comm=663MB]
    ^-- Non heap [used=42MB, free=-1%, comm=43MB]
    ^-- Public thread pool [active=0, idle=16, qSize=0]
    ^-- System thread pool [active=0, idle=16, qSize=0]
    ^-- Outbound messages queue [size=0]
[13:31:22,586][INFO][grid-timeout-worker-#27%null%][IgniteKernal] 
Metrics for local node (to disable set 'metricsLogFrequency' to 0)
    ^-- Node [id=a1c44870, name=null, uptime=00:04:00:044]
    ^-- H/N/C [hosts=1, nodes=3, CPUs=4]
    ^-- CPU [cur=3.6%, avg=3.6%, GC=0.3%]
    ^-- Heap [used=110MB, free=96.89%, comm=742MB]
    ^-- Non heap [used=42MB, free=-1%, comm=44MB]
    ^-- Public thread pool [active=0, idle=16, qSize=0]
    ^-- System thread pool [active=0, idle=16, qSize=0]
    ^-- Outbound messages queue [size=0]
[13:31:27,395][WARNING][disco-event-worker-#42%null%][GridDiscoveryManager] Node FAILED: TcpDiscoveryNode [id=edb0bf6c-f06b-46f6-bb54-cc49b561938e, addrs=[0:0:0:0:0:0:0:1%lo, 127.0.0.1, 129.215.2.16], sockAddrs=[/0:0:0:0:0:0:0:1%lo:0, /127.0.0.1:0, lloyd.inf.ed.ac.uk/129.215.2.16:0], discPort=0, order=5, intOrder=4, lastExchangeTime=1479043755236, loc=false, ver=1.7.0#20160801-sha1:383273e3, isClient=true]
[13:31:27,396][INFO][disco-event-worker-#42%null%][GridDiscoveryManager] Topology snapshot [ver=6, servers=1, clients=1, CPUs=4, heap=4.5GB]
[13:31:45,003][INFO][disco-event-worker-#42%null%][GridDiscoveryManager] Added new node to topology: TcpDiscoveryNode [id=64bfd56e-cb96-42f7-9cfa-dc237e65f41c, addrs=[0:0:0:0:0:0:0:1%lo, 127.0.0.1, 129.215.2.16], sockAddrs=[/0:0:0:0:0:0:0:1%lo:0, /127.0.0.1:0, lloyd.inf.ed.ac.uk/129.215.2.16:0], discPort=0, order=7, intOrder=5, lastExchangeTime=1479043904976, loc=false, ver=1.7.0#20160801-sha1:383273e3, isClient=true]
[13:31:45,003][INFO][disco-event-worker-#42%null%][GridDiscoveryManager] Topology snapshot [ver=7, servers=1, clients=2, CPUs=4, heap=7.9GB]
[13:32:22,587][INFO][grid-timeout-worker-#27%null%][IgniteKernal] 
Metrics for local node (to disable set 'metricsLogFrequency' to 0)
    ^-- Node [id=a1c44870, name=null, uptime=00:05:00:045]
    ^-- H/N/C [hosts=1, nodes=3, CPUs=4]
    ^-- CPU [cur=3.5%, avg=3.58%, GC=0.23%]
    ^-- Heap [used=507MB, free=85.67%, comm=1032MB]
    ^-- Non heap [used=42MB, free=-1%, comm=44MB]
    ^-- Public thread pool [active=0, idle=16, qSize=0]
    ^-- System thread pool [active=0, idle=16, qSize=0]
    ^-- Outbound messages queue [size=0]
[13:33:22,595][INFO][grid-timeout-worker-#27%null%][IgniteKernal] 
Metrics for local node (to disable set 'metricsLogFrequency' to 0)
    ^-- Node [id=a1c44870, name=null, uptime=00:06:00:050]
    ^-- H/N/C [hosts=1, nodes=3, CPUs=4]
    ^-- CPU [cur=3.77%, avg=3.57%, GC=0.07%]
    ^-- Heap [used=543MB, free=84.66%, comm=616MB]
    ^-- Non heap [used=42MB, free=-1%, comm=44MB]
    ^-- Public thread pool [active=0, idle=16, qSize=0]
    ^-- System thread pool [active=0, idle=16, qSize=0]
    ^-- Outbound messages queue [size=0]
[13:33:48,407][INFO][disco-event-worker-#42%null%][GridDiscoveryManager] Node left topology: TcpDiscoveryNode [id=64bfd56e-cb96-42f7-9cfa-dc237e65f41c, addrs=[0:0:0:0:0:0:0:1%lo, 127.0.0.1, 129.215.2.16], sockAddrs=[/0:0:0:0:0:0:0:1%lo:0, /127.0.0.1:0, lloyd.inf.ed.ac.uk/129.215.2.16:0], discPort=0, order=7, intOrder=5, lastExchangeTime=1479043904976, loc=false, ver=1.7.0#20160801-sha1:383273e3, isClient=true]
[13:33:48,407][INFO][disco-event-worker-#42%null%][GridDiscoveryManager] Topology snapshot [ver=8, servers=1, clients=1, CPUs=4, heap=4.5GB]
[13:34:22,602][INFO][grid-timeout-worker-#27%null%][IgniteKernal] 
Metrics for local node (to disable set 'metricsLogFrequency' to 0)
    ^-- Node [id=a1c44870, name=null, uptime=00:07:00:057]
    ^-- H/N/C [hosts=1, nodes=2, CPUs=4]
    ^-- CPU [cur=3%, avg=3.58%, GC=0%]
    ^-- Heap [used=690MB, free=80.51%, comm=817MB]
    ^-- Non heap [used=43MB, free=-1%, comm=44MB]
    ^-- Public thread pool [active=0, idle=16, qSize=0]
    ^-- System thread pool [active=0, idle=16, qSize=0]
    ^-- Outbound messages queue [size=0]
[13:34:24,645][INFO][disco-event-worker-#42%null%][GridDiscoveryManager] Added new node to topology: TcpDiscoveryNode [id=d8ab99a2-1cac-468e-a86c-5befdcf7de76, addrs=[0:0:0:0:0:0:0:1%lo, 127.0.0.1, 129.215.2.16], sockAddrs=[/0:0:0:0:0:0:0:1%lo:0, /127.0.0.1:0, lloyd.inf.ed.ac.uk/129.215.2.16:0], discPort=0, order=9, intOrder=6, lastExchangeTime=1479044064632, loc=false, ver=1.7.0#20160801-sha1:383273e3, isClient=true]
[13:34:24,645][INFO][disco-event-worker-#42%null%][GridDiscoveryManager] Topology snapshot [ver=9, servers=1, clients=2, CPUs=4, heap=7.9GB]
[13:34:34,159][INFO][disco-event-worker-#42%null%][GridDiscoveryManager] Node left topology: TcpDiscoveryNode [id=d8ab99a2-1cac-468e-a86c-5befdcf7de76, addrs=[0:0:0:0:0:0:0:1%lo, 127.0.0.1, 129.215.2.16], sockAddrs=[/0:0:0:0:0:0:0:1%lo:0, /127.0.0.1:0, lloyd.inf.ed.ac.uk/129.215.2.16:0], discPort=0, order=9, intOrder=6, lastExchangeTime=1479044064632, loc=false, ver=1.7.0#20160801-sha1:383273e3, isClient=true]
[13:34:34,160][INFO][disco-event-worker-#42%null%][GridDiscoveryManager] Topology snapshot [ver=10, servers=1, clients=1, CPUs=4, heap=4.5GB]
[13:35:22,371][INFO][disco-event-worker-#42%null%][GridDiscoveryManager] Added new node to topology: TcpDiscoveryNode [id=89e4b0e2-fd14-4f42-a840-b83a5edaad3b, addrs=[0:0:0:0:0:0:0:1%lo, 127.0.0.1, 129.215.2.16], sockAddrs=[/0:0:0:0:0:0:0:1%lo:0, /127.0.0.1:0, lloyd.inf.ed.ac.uk/129.215.2.16:0], discPort=0, order=11, intOrder=7, lastExchangeTime=1479044122318, loc=false, ver=1.7.0#20160801-sha1:383273e3, isClient=true]
[13:35:22,371][INFO][disco-event-worker-#42%null%][GridDiscoveryManager] Topology snapshot [ver=11, servers=1, clients=2, CPUs=4, heap=7.9GB]
[13:35:22,603][INFO][grid-timeout-worker-#27%null%][IgniteKernal] 
Metrics for local node (to disable set 'metricsLogFrequency' to 0)
    ^-- Node [id=a1c44870, name=null, uptime=00:08:00:060]
    ^-- H/N/C [hosts=1, nodes=3, CPUs=4]
    ^-- CPU [cur=3.57%, avg=3.54%, GC=0.23%]
    ^-- Heap [used=270MB, free=92.36%, comm=665MB]
    ^-- Non heap [used=43MB, free=-1%, comm=44MB]
    ^-- Public thread pool [active=0, idle=16, qSize=0]
    ^-- System thread pool [active=0, idle=16, qSize=0]
    ^-- Outbound messages queue [size=0]
[13:36:17,268][INFO][disco-event-worker-#42%null%][GridDiscoveryManager] Node left topology: TcpDiscoveryNode [id=89e4b0e2-fd14-4f42-a840-b83a5edaad3b, addrs=[0:0:0:0:0:0:0:1%lo, 127.0.0.1, 129.215.2.16], sockAddrs=[/0:0:0:0:0:0:0:1%lo:0, /127.0.0.1:0, lloyd.inf.ed.ac.uk/129.215.2.16:0], discPort=0, order=11, intOrder=7, lastExchangeTime=1479044122318, loc=false, ver=1.7.0#20160801-sha1:383273e3, isClient=true]
[13:36:17,269][INFO][disco-event-worker-#42%null%][GridDiscoveryManager] Topology snapshot [ver=12, servers=1, clients=1, CPUs=4, heap=4.5GB]
[13:36:22,608][INFO][grid-timeout-worker-#27%null%][IgniteKernal] 
Metrics for local node (to disable set 'metricsLogFrequency' to 0)
    ^-- Node [id=a1c44870, name=null, uptime=00:09:00:062]
    ^-- H/N/C [hosts=1, nodes=2, CPUs=4]
    ^-- CPU [cur=4.1%, avg=3.56%, GC=0%]
    ^-- Heap [used=1127MB, free=68.16%, comm=1295MB]
    ^-- Non heap [used=43MB, free=-1%, comm=44MB]
    ^-- Public thread pool [active=0, idle=16, qSize=0]
    ^-- System thread pool [active=0, idle=16, qSize=0]
    ^-- Outbound messages queue [size=0]
[13:37:22,620][INFO][grid-timeout-worker-#27%null%][IgniteKernal] 
Metrics for local node (to disable set 'metricsLogFrequency' to 0)
    ^-- Node [id=a1c44870, name=null, uptime=00:10:00:074]
    ^-- H/N/C [hosts=1, nodes=2, CPUs=4]
    ^-- CPU [cur=3.4%, avg=3.56%, GC=0%]
    ^-- Heap [used=1249MB, free=64.72%, comm=1484MB]
    ^-- Non heap [used=43MB, free=-1%, comm=44MB]
    ^-- Public thread pool [active=0, idle=16, qSize=0]
    ^-- System thread pool [active=0, idle=16, qSize=0]
    ^-- Outbound messages queue [size=0]
[13:38:22,626][INFO][grid-timeout-worker-#27%null%][IgniteKernal] 
Metrics for local node (to disable set 'metricsLogFrequency' to 0)
    ^-- Node [id=a1c44870, name=null, uptime=00:11:00:080]
    ^-- H/N/C [hosts=1, nodes=2, CPUs=4]
    ^-- CPU [cur=4.17%, avg=3.57%, GC=0.23%]
    ^-- Heap [used=71MB, free=97.99%, comm=1317MB]
    ^-- Non heap [used=43MB, free=-1%, comm=44MB]
    ^-- Public thread pool [active=0, idle=16, qSize=0]
    ^-- System thread pool [active=0, idle=16, qSize=0]
    ^-- Outbound messages queue [size=0]
[13:39:22,631][INFO][grid-timeout-worker-#27%null%][IgniteKernal] 
Metrics for local node (to disable set 'metricsLogFrequency' to 0)
    ^-- Node [id=a1c44870, name=null, uptime=00:12:00:088]
    ^-- H/N/C [hosts=1, nodes=2, CPUs=4]
    ^-- CPU [cur=3.4%, avg=3.55%, GC=0%]
    ^-- Heap [used=260MB, free=92.63%, comm=1486MB]
    ^-- Non heap [used=43MB, free=-1%, comm=44MB]
    ^-- Public thread pool [active=0, idle=16, qSize=0]
    ^-- System thread pool [active=0, idle=16, qSize=0]
    ^-- Outbound messages queue [size=0]
[13:40:22,634][INFO][grid-timeout-worker-#27%null%][IgniteKernal] 
Metrics for local node (to disable set 'metricsLogFrequency' to 0)
    ^-- Node [id=a1c44870, name=null, uptime=00:13:00:089]
    ^-- H/N/C [hosts=1, nodes=2, CPUs=4]
    ^-- CPU [cur=3.67%, avg=3.56%, GC=0.27%]
    ^-- Heap [used=1169MB, free=66.97%, comm=1413MB]
    ^-- Non heap [used=44MB, free=-1%, comm=45MB]
    ^-- Public thread pool [active=0, idle=16, qSize=0]
    ^-- System thread pool [active=0, idle=16, qSize=0]
    ^-- Outbound messages queue [size=0]
[13:41:22,636][INFO][grid-timeout-worker-#27%null%][IgniteKernal] 
Metrics for local node (to disable set 'metricsLogFrequency' to 0)
    ^-- Node [id=a1c44870, name=null, uptime=00:14:00:094]
    ^-- H/N/C [hosts=1, nodes=2, CPUs=4]
    ^-- CPU [cur=3.17%, avg=3.54%, GC=0%]
    ^-- Heap [used=220MB, free=93.77%, comm=1304MB]
    ^-- Non heap [used=44MB, free=-1%, comm=45MB]
    ^-- Public thread pool [active=0, idle=16, qSize=0]
    ^-- System thread pool [active=0, idle=16, qSize=0]
    ^-- Outbound messages queue [size=0]
[13:42:22,644][INFO][grid-timeout-worker-#27%null%][IgniteKernal] 
Metrics for local node (to disable set 'metricsLogFrequency' to 0)
    ^-- Node [id=a1c44870, name=null, uptime=00:15:00:098]
    ^-- H/N/C [hosts=1, nodes=2, CPUs=4]
    ^-- CPU [cur=3.83%, avg=3.54%, GC=0.37%]
    ^-- Heap [used=608MB, free=82.81%, comm=1485MB]
    ^-- Non heap [used=44MB, free=-1%, comm=45MB]
    ^-- Public thread pool [active=0, idle=16, qSize=0]
    ^-- System thread pool [active=0, idle=16, qSize=0]
    ^-- Outbound messages queue [size=0]
[13:43:22,643][INFO][grid-timeout-worker-#27%null%][IgniteKernal] 
Metrics for local node (to disable set 'metricsLogFrequency' to 0)
    ^-- Node [id=a1c44870, name=null, uptime=00:16:00:100]
    ^-- H/N/C [hosts=1, nodes=2, CPUs=4]
    ^-- CPU [cur=3.5%, avg=3.54%, GC=0.1%]
    ^-- Heap [used=661MB, free=81.33%, comm=1159MB]
    ^-- Non heap [used=44MB, free=-1%, comm=45MB]
    ^-- Public thread pool [active=0, idle=16, qSize=0]
    ^-- System thread pool [active=0, idle=16, qSize=0]
    ^-- Outbound messages queue [size=0]
[13:44:05,431][INFO][disco-event-worker-#42%null%][GridDiscoveryManager] Added new node to topology: TcpDiscoveryNode [id=d4d12e50-778a-4a56-bdbb-d2dc183d5f3b, addrs=[0:0:0:0:0:0:0:1%lo, 127.0.0.1, 129.215.2.16], sockAddrs=[/0:0:0:0:0:0:0:1%lo:0, /127.0.0.1:0, lloyd.inf.ed.ac.uk/129.215.2.16:0], discPort=0, order=13, intOrder=8, lastExchangeTime=1479044645425, loc=false, ver=1.7.0#20160801-sha1:383273e3, isClient=true]
[13:44:05,432][INFO][disco-event-worker-#42%null%][GridDiscoveryManager] Topology snapshot [ver=13, servers=1, clients=2, CPUs=4, heap=7.9GB]
[13:44:22,649][INFO][grid-timeout-worker-#27%null%][IgniteKernal] 
Metrics for local node (to disable set 'metricsLogFrequency' to 0)
    ^-- Node [id=a1c44870, name=null, uptime=00:17:00:104]
    ^-- H/N/C [hosts=1, nodes=3, CPUs=4]
    ^-- CPU [cur=3.67%, avg=3.53%, GC=0.2%]
    ^-- Heap [used=839MB, free=76.3%, comm=1482MB]
    ^-- Non heap [used=44MB, free=-1%, comm=45MB]
    ^-- Public thread pool [active=0, idle=16, qSize=0]
    ^-- System thread pool [active=0, idle=16, qSize=0]
    ^-- Outbound messages queue [size=0]
[13:44:36,764][INFO][disco-event-worker-#42%null%][GridDiscoveryManager] Node left topology: TcpDiscoveryNode [id=d4d12e50-778a-4a56-bdbb-d2dc183d5f3b, addrs=[0:0:0:0:0:0:0:1%lo, 127.0.0.1, 129.215.2.16], sockAddrs=[/0:0:0:0:0:0:0:1%lo:0, /127.0.0.1:0, lloyd.inf.ed.ac.uk/129.215.2.16:0], discPort=0, order=13, intOrder=8, lastExchangeTime=1479044645425, loc=false, ver=1.7.0#20160801-sha1:383273e3, isClient=true]
[13:44:36,764][INFO][disco-event-worker-#42%null%][GridDiscoveryManager] Topology snapshot [ver=14, servers=1, clients=1, CPUs=4, heap=4.5GB]
[13:45:22,656][INFO][grid-timeout-worker-#27%null%][IgniteKernal] 
Metrics for local node (to disable set 'metricsLogFrequency' to 0)
    ^-- Node [id=a1c44870, name=null, uptime=00:18:00:107]
    ^-- H/N/C [hosts=1, nodes=2, CPUs=4]
    ^-- CPU [cur=3.5%, avg=3.53%, GC=0.1%]
    ^-- Heap [used=975MB, free=72.45%, comm=1258MB]
    ^-- Non heap [used=44MB, free=-1%, comm=45MB]
    ^-- Public thread pool [active=0, idle=16, qSize=0]
    ^-- System thread pool [active=0, idle=16, qSize=0]
    ^-- Outbound messages queue [size=0]
[13:46:22,660][INFO][grid-timeout-worker-#27%null%][IgniteKernal] 
Metrics for local node (to disable set 'metricsLogFrequency' to 0)
    ^-- Node [id=a1c44870, name=null, uptime=00:19:00:116]
    ^-- H/N/C [hosts=1, nodes=2, CPUs=4]
    ^-- CPU [cur=3.83%, avg=3.53%, GC=0.13%]
    ^-- Heap [used=986MB, free=72.15%, comm=1147MB]
    ^-- Non heap [used=44MB, free=-1%, comm=45MB]
    ^-- Public thread pool [active=0, idle=16, qSize=0]
    ^-- System thread pool [active=0, idle=16, qSize=0]
    ^-- Outbound messages queue [size=0]
[13:47:22,666][INFO][grid-timeout-worker-#27%null%][IgniteKernal] 
Metrics for local node (to disable set 'metricsLogFrequency' to 0)
    ^-- Node [id=a1c44870, name=null, uptime=00:20:00:119]
    ^-- H/N/C [hosts=1, nodes=2, CPUs=4]
    ^-- CPU [cur=3.6%, avg=3.52%, GC=0.2%]
    ^-- Heap [used=948MB, free=73.21%, comm=1332MB]
    ^-- Non heap [used=44MB, free=-1%, comm=45MB]
    ^-- Public thread pool [active=0, idle=16, qSize=0]
    ^-- System thread pool [active=0, idle=16, qSize=0]
    ^-- Outbound messages queue [size=0]
[13:48:22,671][INFO][grid-timeout-worker-#27%null%][IgniteKernal] 
Metrics for local node (to disable set 'metricsLogFrequency' to 0)
    ^-- Node [id=a1c44870, name=null, uptime=00:21:00:127]
    ^-- H/N/C [hosts=1, nodes=2, CPUs=4]
    ^-- CPU [cur=3.5%, avg=3.52%, GC=0.3%]
    ^-- Heap [used=535MB, free=84.88%, comm=1460MB]
    ^-- Non heap [used=44MB, free=-1%, comm=45MB]
    ^-- Public thread pool [active=0, idle=16, qSize=0]
    ^-- System thread pool [active=0, idle=16, qSize=0]
    ^-- Outbound messages queue [size=0]
[13:49:22,679][INFO][grid-timeout-worker-#27%null%][IgniteKernal] 
Metrics for local node (to disable set 'metricsLogFrequency' to 0)
    ^-- Node [id=a1c44870, name=null, uptime=00:22:00:133]
    ^-- H/N/C [hosts=1, nodes=2, CPUs=4]
    ^-- CPU [cur=3.6%, avg=3.52%, GC=0.2%]
    ^-- Heap [used=962MB, free=72.81%, comm=1482MB]
    ^-- Non heap [used=44MB, free=-1%, comm=45MB]
    ^-- Public thread pool [active=0, idle=16, qSize=0]
    ^-- System thread pool [active=0, idle=16, qSize=0]
    ^-- Outbound messages queue [size=0]
[13:50:22,677][INFO][grid-timeout-worker-#27%null%][IgniteKernal] 
Metrics for local node (to disable set 'metricsLogFrequency' to 0)
    ^-- Node [id=a1c44870, name=null, uptime=00:23:00:133]
    ^-- H/N/C [hosts=1, nodes=2, CPUs=4]
    ^-- CPU [cur=3.43%, avg=3.53%, GC=0%]
    ^-- Heap [used=1277MB, free=63.94%, comm=1421MB]
    ^-- Non heap [used=44MB, free=-1%, comm=45MB]
    ^-- Public thread pool [active=0, idle=16, qSize=0]
    ^-- System thread pool [active=0, idle=16, qSize=0]
    ^-- Outbound messages queue [size=0]
[13:51:22,685][INFO][grid-timeout-worker-#27%null%][IgniteKernal] 
Metrics for local node (to disable set 'metricsLogFrequency' to 0)
    ^-- Node [id=a1c44870, name=null, uptime=00:24:00:142]
    ^-- H/N/C [hosts=1, nodes=2, CPUs=4]
    ^-- CPU [cur=3.5%, avg=3.53%, GC=0%]
    ^-- Heap [used=1130MB, free=68.08%, comm=1386MB]
    ^-- Non heap [used=44MB, free=-1%, comm=45MB]
    ^-- Public thread pool [active=0, idle=16, qSize=0]
    ^-- System thread pool [active=0, idle=16, qSize=0]
    ^-- Outbound messages queue [size=0]
[13:52:22,690][INFO][grid-timeout-worker-#27%null%][IgniteKernal] 
Metrics for local node (to disable set 'metricsLogFrequency' to 0)
    ^-- Node [id=a1c44870, name=null, uptime=00:25:00:147]
    ^-- H/N/C [hosts=1, nodes=2, CPUs=4]
    ^-- CPU [cur=3.67%, avg=3.54%, GC=0.13%]
    ^-- Heap [used=1016MB, free=71.28%, comm=1427MB]
    ^-- Non heap [used=44MB, free=-1%, comm=45MB]
    ^-- Public thread pool [active=0, idle=16, qSize=0]
    ^-- System thread pool [active=0, idle=16, qSize=0]
    ^-- Outbound messages queue [size=0]
[13:53:22,699][INFO][grid-timeout-worker-#27%null%][IgniteKernal] 
Metrics for local node (to disable set 'metricsLogFrequency' to 0)
    ^-- Node [id=a1c44870, name=null, uptime=00:26:00:154]
    ^-- H/N/C [hosts=1, nodes=2, CPUs=4]
    ^-- CPU [cur=3.07%, avg=3.55%, GC=0.1%]
    ^-- Heap [used=705MB, free=80.08%, comm=1418MB]
    ^-- Non heap [used=44MB, free=-1%, comm=45MB]
    ^-- Public thread pool [active=0, idle=16, qSize=0]
    ^-- System thread pool [active=0, idle=16, qSize=0]
    ^-- Outbound messages queue [size=0]
[13:54:22,705][INFO][grid-timeout-worker-#27%null%][IgniteKernal] 
Metrics for local node (to disable set 'metricsLogFrequency' to 0)
    ^-- Node [id=a1c44870, name=null, uptime=00:27:00:157]
    ^-- H/N/C [hosts=1, nodes=2, CPUs=4]
    ^-- CPU [cur=3.17%, avg=3.54%, GC=0%]
    ^-- Heap [used=318MB, free=91.02%, comm=1484MB]
    ^-- Non heap [used=44MB, free=-1%, comm=45MB]
    ^-- Public thread pool [active=0, idle=16, qSize=0]
    ^-- System thread pool [active=0, idle=16, qSize=0]
    ^-- Outbound messages queue [size=0]
[13:55:22,701][INFO][grid-timeout-worker-#27%null%][IgniteKernal] 
Metrics for local node (to disable set 'metricsLogFrequency' to 0)
    ^-- Node [id=a1c44870, name=null, uptime=00:28:00:157]
    ^-- H/N/C [hosts=1, nodes=2, CPUs=4]
    ^-- CPU [cur=3.5%, avg=3.54%, GC=0.2%]
    ^-- Heap [used=808MB, free=77.16%, comm=1483MB]
    ^-- Non heap [used=44MB, free=-1%, comm=45MB]
    ^-- Public thread pool [active=0, idle=16, qSize=0]
    ^-- System thread pool [active=0, idle=16, qSize=0]
    ^-- Outbound messages queue [size=0]
[13:56:22,709][INFO][grid-timeout-worker-#27%null%][IgniteKernal] 
Metrics for local node (to disable set 'metricsLogFrequency' to 0)
    ^-- Node [id=a1c44870, name=null, uptime=00:29:00:163]
    ^-- H/N/C [hosts=1, nodes=2, CPUs=4]
    ^-- CPU [cur=3.73%, avg=3.55%, GC=0.1%]
    ^-- Heap [used=523MB, free=85.2%, comm=1171MB]
    ^-- Non heap [used=44MB, free=-1%, comm=45MB]
    ^-- Public thread pool [active=0, idle=16, qSize=0]
    ^-- System thread pool [active=0, idle=16, qSize=0]
    ^-- Outbound messages queue [size=0]
[13:57:22,715][INFO][grid-timeout-worker-#27%null%][IgniteKernal] 
Metrics for local node (to disable set 'metricsLogFrequency' to 0)
    ^-- Node [id=a1c44870, name=null, uptime=00:30:00:165]
    ^-- H/N/C [hosts=1, nodes=2, CPUs=4]
    ^-- CPU [cur=3.5%, avg=3.55%, GC=0.27%]
    ^-- Heap [used=571MB, free=83.87%, comm=1482MB]
    ^-- Non heap [used=44MB, free=-1%, comm=45MB]
    ^-- Public thread pool [active=0, idle=16, qSize=0]
    ^-- System thread pool [active=0, idle=16, qSize=0]
    ^-- Outbound messages queue [size=0]
[13:58:22,715][INFO][grid-timeout-worker-#27%null%][IgniteKernal] 
Metrics for local node (to disable set 'metricsLogFrequency' to 0)
    ^-- Node [id=a1c44870, name=null, uptime=00:31:00:171]
    ^-- H/N/C [hosts=1, nodes=2, CPUs=4]
    ^-- CPU [cur=3.4%, avg=3.55%, GC=0.13%]
    ^-- Heap [used=418MB, free=88.17%, comm=1164MB]
    ^-- Non heap [used=44MB, free=-1%, comm=45MB]
    ^-- Public thread pool [active=0, idle=16, qSize=0]
    ^-- System thread pool [active=0, idle=16, qSize=0]
    ^-- Outbound messages queue [size=0]
[13:59:22,723][INFO][grid-timeout-worker-#27%null%][IgniteKernal] 
Metrics for local node (to disable set 'metricsLogFrequency' to 0)
    ^-- Node [id=a1c44870, name=null, uptime=00:32:00:175]
    ^-- H/N/C [hosts=1, nodes=2, CPUs=4]
    ^-- CPU [cur=3.4%, avg=3.55%, GC=0.2%]
    ^-- Heap [used=585MB, free=83.47%, comm=1481MB]
    ^-- Non heap [used=44MB, free=-1%, comm=45MB]
    ^-- Public thread pool [active=0, idle=16, qSize=0]
    ^-- System thread pool [active=0, idle=16, qSize=0]
    ^-- Outbound messages queue [size=0]
[14:00:22,721][INFO][grid-timeout-worker-#27%null%][IgniteKernal] 
Metrics for local node (to disable set 'metricsLogFrequency' to 0)
    ^-- Node [id=a1c44870, name=null, uptime=00:33:00:176]
    ^-- H/N/C [hosts=1, nodes=2, CPUs=4]
    ^-- CPU [cur=4.67%, avg=3.54%, GC=1.47%]
    ^-- Heap [used=230MB, free=93.49%, comm=1472MB]
    ^-- Non heap [used=44MB, free=-1%, comm=45MB]
    ^-- Public thread pool [active=0, idle=16, qSize=0]
    ^-- System thread pool [active=0, idle=16, qSize=0]
    ^-- Outbound messages queue [size=0]
[14:01:22,729][INFO][grid-timeout-worker-#27%null%][IgniteKernal] 
Metrics for local node (to disable set 'metricsLogFrequency' to 0)
    ^-- Node [id=a1c44870, name=null, uptime=00:34:00:182]
    ^-- H/N/C [hosts=1, nodes=2, CPUs=4]
    ^-- CPU [cur=3.1%, avg=3.54%, GC=0%]
    ^-- Heap [used=769MB, free=78.28%, comm=1317MB]
    ^-- Non heap [used=44MB, free=-1%, comm=45MB]
    ^-- Public thread pool [active=0, idle=16, qSize=0]
    ^-- System thread pool [active=0, idle=16, qSize=0]
    ^-- Outbound messages queue [size=0]
[14:02:22,732][INFO][grid-timeout-worker-#27%null%][IgniteKernal] 
Metrics for local node (to disable set 'metricsLogFrequency' to 0)
    ^-- Node [id=a1c44870, name=null, uptime=00:35:00:189]
    ^-- H/N/C [hosts=1, nodes=2, CPUs=4]
    ^-- CPU [cur=3.5%, avg=3.54%, GC=0.17%]
    ^-- Heap [used=521MB, free=85.28%, comm=825MB]
    ^-- Non heap [used=44MB, free=-1%, comm=45MB]
    ^-- Public thread pool [active=0, idle=16, qSize=0]
    ^-- System thread pool [active=0, idle=16, qSize=0]
    ^-- Outbound messages queue [size=0]
[14:03:22,740][INFO][grid-timeout-worker-#27%null%][IgniteKernal] 
Metrics for local node (to disable set 'metricsLogFrequency' to 0)
    ^-- Node [id=a1c44870, name=null, uptime=00:36:00:191]
    ^-- H/N/C [hosts=1, nodes=2, CPUs=4]
    ^-- CPU [cur=3.5%, avg=3.54%, GC=0.23%]
    ^-- Heap [used=439MB, free=87.6%, comm=1010MB]
    ^-- Non heap [used=44MB, free=-1%, comm=45MB]
    ^-- Public thread pool [active=0, idle=16, qSize=0]
    ^-- System thread pool [active=0, idle=16, qSize=0]
    ^-- Outbound messages queue [size=0]
[14:04:22,742][INFO][grid-timeout-worker-#27%null%][IgniteKernal] 
Metrics for local node (to disable set 'metricsLogFrequency' to 0)
    ^-- Node [id=a1c44870, name=null, uptime=00:37:00:193]
    ^-- H/N/C [hosts=1, nodes=2, CPUs=4]
    ^-- CPU [cur=3.6%, avg=3.54%, GC=0.3%]
    ^-- Heap [used=316MB, free=91.05%, comm=1010MB]
    ^-- Non heap [used=44MB, free=-1%, comm=45MB]
    ^-- Public thread pool [active=0, idle=16, qSize=0]
    ^-- System thread pool [active=0, idle=16, qSize=0]
    ^-- Outbound messages queue [size=0]
[14:05:22,743][INFO][grid-timeout-worker-#27%null%][IgniteKernal] 
Metrics for local node (to disable set 'metricsLogFrequency' to 0)
    ^-- Node [id=a1c44870, name=null, uptime=00:38:00:196]
    ^-- H/N/C [hosts=1, nodes=2, CPUs=4]
    ^-- CPU [cur=3%, avg=3.54%, GC=0%]
    ^-- Heap [used=103MB, free=97.09%, comm=1201MB]
    ^-- Non heap [used=44MB, free=-1%, comm=45MB]
    ^-- Public thread pool [active=0, idle=16, qSize=0]
    ^-- System thread pool [active=0, idle=16, qSize=0]
    ^-- Outbound messages queue [size=0]
[14:06:22,741][INFO][grid-timeout-worker-#27%null%][IgniteKernal] 
Metrics for local node (to disable set 'metricsLogFrequency' to 0)
    ^-- Node [id=a1c44870, name=null, uptime=00:39:00:199]
    ^-- H/N/C [hosts=1, nodes=2, CPUs=4]
    ^-- CPU [cur=3.33%, avg=3.53%, GC=0%]
    ^-- Heap [used=792MB, free=77.63%, comm=1047MB]
    ^-- Non heap [used=44MB, free=-1%, comm=45MB]
    ^-- Public thread pool [active=0, idle=16, qSize=0]
    ^-- System thread pool [active=0, idle=16, qSize=0]
    ^-- Outbound messages queue [size=0]
[14:07:22,749][INFO][grid-timeout-worker-#27%null%][IgniteKernal] 
Metrics for local node (to disable set 'metricsLogFrequency' to 0)
    ^-- Node [id=a1c44870, name=null, uptime=00:40:00:205]
    ^-- H/N/C [hosts=1, nodes=2, CPUs=4]
    ^-- CPU [cur=3.33%, avg=3.53%, GC=0.17%]
    ^-- Heap [used=289MB, free=91.82%, comm=1080MB]
    ^-- Non heap [used=44MB, free=-1%, comm=45MB]
    ^-- Public thread pool [active=1, idle=15, qSize=0]
    ^-- System thread pool [active=0, idle=16, qSize=0]
    ^-- Outbound messages queue [size=0]
[14:08:22,758][INFO][grid-timeout-worker-#27%null%][IgniteKernal] 
Metrics for local node (to disable set 'metricsLogFrequency' to 0)
    ^-- Node [id=a1c44870, name=null, uptime=00:41:00:214]
    ^-- H/N/C [hosts=1, nodes=2, CPUs=4]
    ^-- CPU [cur=3.23%, avg=3.52%, GC=0.2%]
    ^-- Heap [used=224MB, free=93.67%, comm=1126MB]
    ^-- Non heap [used=44MB, free=-1%, comm=45MB]
    ^-- Public thread pool [active=0, idle=16, qSize=0]
    ^-- System thread pool [active=0, idle=16, qSize=0]
    ^-- Outbound messages queue [size=0]
[14:09:22,766][INFO][grid-timeout-worker-#27%null%][IgniteKernal] 
Metrics for local node (to disable set 'metricsLogFrequency' to 0)
    ^-- Node [id=a1c44870, name=null, uptime=00:42:00:217]
    ^-- H/N/C [hosts=1, nodes=2, CPUs=4]
    ^-- CPU [cur=2.73%, avg=3.52%, GC=0%]
    ^-- Heap [used=502MB, free=85.81%, comm=1040MB]
    ^-- Non heap [used=44MB, free=-1%, comm=45MB]
    ^-- Public thread pool [active=0, idle=16, qSize=0]
    ^-- System thread pool [active=0, idle=16, qSize=0]
    ^-- Outbound messages queue [size=0]
[14:10:22,765][INFO][grid-timeout-worker-#27%null%][IgniteKernal] 
Metrics for local node (to disable set 'metricsLogFrequency' to 0)
    ^-- Node [id=a1c44870, name=null, uptime=00:43:00:222]
    ^-- H/N/C [hosts=1, nodes=2, CPUs=4]
    ^-- CPU [cur=3.67%, avg=3.51%, GC=0.23%]
    ^-- Heap [used=125MB, free=96.45%, comm=728MB]
    ^-- Non heap [used=44MB, free=-1%, comm=45MB]
    ^-- Public thread pool [active=0, idle=16, qSize=0]
    ^-- System thread pool [active=0, idle=16, qSize=0]
    ^-- Outbound messages queue [size=0]
[14:11:22,770][INFO][grid-timeout-worker-#27%null%][IgniteKernal] 
Metrics for local node (to disable set 'metricsLogFrequency' to 0)
    ^-- Node [id=a1c44870, name=null, uptime=00:44:00:227]
    ^-- H/N/C [hosts=1, nodes=2, CPUs=4]
    ^-- CPU [cur=3.33%, avg=3.52%, GC=0%]
    ^-- Heap [used=464MB, free=86.87%, comm=1114MB]
    ^-- Non heap [used=44MB, free=-1%, comm=45MB]
    ^-- Public thread pool [active=0, idle=16, qSize=0]
    ^-- System thread pool [active=0, idle=16, qSize=0]
    ^-- Outbound messages queue [size=0]
[14:12:22,776][INFO][grid-timeout-worker-#27%null%][IgniteKernal] 
Metrics for local node (to disable set 'metricsLogFrequency' to 0)
    ^-- Node [id=a1c44870, name=null, uptime=00:45:00:230]
    ^-- H/N/C [hosts=1, nodes=2, CPUs=4]
    ^-- CPU [cur=3%, avg=3.52%, GC=0.07%]
    ^-- Heap [used=292MB, free=91.74%, comm=810MB]
    ^-- Non heap [used=44MB, free=-1%, comm=45MB]
    ^-- Public thread pool [active=0, idle=16, qSize=0]
    ^-- System thread pool [active=0, idle=16, qSize=0]
    ^-- Outbound messages queue [size=0]
[14:13:22,782][INFO][grid-timeout-worker-#27%null%][IgniteKernal] 
Metrics for local node (to disable set 'metricsLogFrequency' to 0)
    ^-- Node [id=a1c44870, name=null, uptime=00:46:00:234]
    ^-- H/N/C [hosts=1, nodes=2, CPUs=4]
    ^-- CPU [cur=3.73%, avg=3.52%, GC=0.27%]
    ^-- Heap [used=1093MB, free=69.14%, comm=1157MB]
    ^-- Non heap [used=44MB, free=-1%, comm=45MB]
    ^-- Public thread pool [active=0, idle=16, qSize=0]
    ^-- System thread pool [active=0, idle=16, qSize=0]
    ^-- Outbound messages queue [size=0]
[14:14:22,780][INFO][grid-timeout-worker-#27%null%][IgniteKernal] 
Metrics for local node (to disable set 'metricsLogFrequency' to 0)
    ^-- Node [id=a1c44870, name=null, uptime=00:47:00:237]
    ^-- H/N/C [hosts=1, nodes=2, CPUs=4]
    ^-- CPU [cur=3.67%, avg=3.52%, GC=0.23%]
    ^-- Heap [used=328MB, free=90.74%, comm=1150MB]
    ^-- Non heap [used=44MB, free=-1%, comm=45MB]
    ^-- Public thread pool [active=0, idle=16, qSize=0]
    ^-- System thread pool [active=0, idle=16, qSize=0]
    ^-- Outbound messages queue [size=0]
[14:15:22,789][INFO][grid-timeout-worker-#27%null%][IgniteKernal] 
Metrics for local node (to disable set 'metricsLogFrequency' to 0)
    ^-- Node [id=a1c44870, name=null, uptime=00:48:00:239]
    ^-- H/N/C [hosts=1, nodes=2, CPUs=4]
    ^-- CPU [cur=3.5%, avg=3.52%, GC=0%]
    ^-- Heap [used=448MB, free=87.33%, comm=970MB]
    ^-- Non heap [used=44MB, free=-1%, comm=45MB]
    ^-- Public thread pool [active=0, idle=16, qSize=0]
    ^-- System thread pool [active=0, idle=16, qSize=0]
    ^-- Outbound messages queue [size=0]
[14:16:22,792][INFO][grid-timeout-worker-#27%null%][IgniteKernal] 
Metrics for local node (to disable set 'metricsLogFrequency' to 0)
    ^-- Node [id=a1c44870, name=null, uptime=00:49:00:241]
    ^-- H/N/C [hosts=1, nodes=2, CPUs=4]
    ^-- CPU [cur=3.43%, avg=3.52%, GC=0.23%]
    ^-- Heap [used=407MB, free=88.48%, comm=672MB]
    ^-- Non heap [used=44MB, free=-1%, comm=45MB]
    ^-- Public thread pool [active=0, idle=16, qSize=0]
    ^-- System thread pool [active=0, idle=16, qSize=0]
    ^-- Outbound messages queue [size=0]
[14:17:22,790][INFO][grid-timeout-worker-#27%null%][IgniteKernal] 
Metrics for local node (to disable set 'metricsLogFrequency' to 0)
    ^-- Node [id=a1c44870, name=null, uptime=00:50:00:245]
    ^-- H/N/C [hosts=1, nodes=2, CPUs=4]
    ^-- CPU [cur=4%, avg=3.52%, GC=0.27%]
    ^-- Heap [used=829MB, free=76.58%, comm=992MB]
    ^-- Non heap [used=44MB, free=-1%, comm=45MB]
    ^-- Public thread pool [active=0, idle=16, qSize=0]
    ^-- System thread pool [active=0, idle=16, qSize=0]
    ^-- Outbound messages queue [size=0]
[14:18:22,796][INFO][grid-timeout-worker-#27%null%][IgniteKernal] 
Metrics for local node (to disable set 'metricsLogFrequency' to 0)
    ^-- Node [id=a1c44870, name=null, uptime=00:51:00:253]
    ^-- H/N/C [hosts=1, nodes=2, CPUs=4]
    ^-- CPU [cur=3.43%, avg=3.52%, GC=0.2%]
    ^-- Heap [used=485MB, free=86.29%, comm=790MB]
    ^-- Non heap [used=44MB, free=-1%, comm=45MB]
    ^-- Public thread pool [active=0, idle=16, qSize=0]
    ^-- System thread pool [active=0, idle=16, qSize=0]
    ^-- Outbound messages queue [size=0]
