[17:30:08,443][INFO][main][IgniteKernal] 

>>>    __________  ________________  
>>>   /  _/ ___/ |/ /  _/_  __/ __/  
>>>  _/ // (7 7    // /  / / / _/    
>>> /___/\___/_/|_/___/ /_/ /___/   
>>> 
>>> ver. 1.7.0#20160801-sha1:383273e3
>>> 2016 Copyright(C) Apache Software Foundation
>>> 
>>> Ignite documentation: http://ignite.apache.org

[17:30:08,445][INFO][main][IgniteKernal] Config URL: file:/afs/inf.ed.ac.uk/user/s16/s1626297/Desktop/ds/apache-ignite-fabric-1.7.0-bin/examples/config/example-ignite-no-discovery.xml
[17:30:08,445][INFO][main][IgniteKernal] Daemon mode: off
[17:30:08,445][INFO][main][IgniteKernal] OS: Linux 3.10.0-327.36.3.el7.x86_64 amd64
[17:30:08,445][INFO][main][IgniteKernal] OS user: s1626297
[17:30:08,445][INFO][main][IgniteKernal] Language runtime: Java Platform API Specification ver. 1.8
[17:30:08,445][INFO][main][IgniteKernal] VM information: Java(TM) SE Runtime Environment 1.8.0_91-b14 Oracle Corporation Java HotSpot(TM) 64-Bit Server VM 25.91-b14
[17:30:08,447][INFO][main][IgniteKernal] VM total memory: 0.48GB
[17:30:08,447][INFO][main][IgniteKernal] Remote Management [restart: off, REST: on, JMX (remote: off)]
[17:30:08,447][INFO][main][IgniteKernal] IGNITE_HOME=/afs/inf.ed.ac.uk/user/s16/s1626297/Desktop/ds/apache-ignite-fabric-1.7.0-bin
[17:30:08,447][INFO][main][IgniteKernal] VM arguments: [-Xms512m, -Xmx512m, -DIGNITE_PERFORMANCE_SUGGESTIONS_DISABLED=true]
[17:30:08,448][INFO][main][IgniteKernal] Configured caches ['ignite-marshaller-sys-cache', 'ignite-sys-cache', 'ignite-atomics-sys-cache']
[17:30:08,448][WARNING][main][IgniteKernal] Peer class loading is enabled (disable it in production for performance and deployment consistency reasons)
[17:30:08,474][INFO][main][IgniteKernal] 3-rd party licenses can be found at: /afs/inf.ed.ac.uk/user/s16/s1626297/Desktop/ds/apache-ignite-fabric-1.7.0-bin/libs/licenses
[17:30:08,530][INFO][main][IgniteKernal] Non-loopback local IPs: 129.215.2.60, fe80:0:0:0:ea39:35ff:fe48:4d89%em1
[17:30:08,530][INFO][main][IgniteKernal] Enabled local MACs: E83935484D89
[17:30:08,552][INFO][main][IgnitePluginProcessor] Configured plugins:
[17:30:08,554][INFO][main][IgnitePluginProcessor]   ^-- None
[17:30:08,555][INFO][main][IgnitePluginProcessor] 
[17:30:08,748][INFO][main][TcpCommunicationSpi] IPC shared memory server endpoint started [port=48103, tokDir=/afs/inf.ed.ac.uk/user/s16/s1626297/Desktop/ds/apache-ignite-fabric-1.7.0-bin/work/ipc/shmem/20392173-a438-4464-9858-251f3a8fc309-19538]
[17:30:08,748][INFO][main][TcpCommunicationSpi] Successfully bound shared memory communication to TCP port [port=48103, locHost=0.0.0.0/0.0.0.0]
[17:30:08,779][INFO][main][TcpCommunicationSpi] Successfully bound to TCP port [port=47103, locHost=0.0.0.0/0.0.0.0]
[17:30:08,860][WARNING][main][NoopCheckpointSpi] Checkpoints are disabled (to enable configure any GridCheckpointSpi implementation)
[17:30:08,893][WARNING][main][GridCollisionManager] Collision resolution is disabled (all jobs will be activated upon arrival).
[17:30:08,905][WARNING][main][NoopSwapSpaceSpi] Swap space is disabled. To enable use FileSwapSpaceSpi.
[17:30:08,907][INFO][main][IgniteKernal] Security status [authentication=off, tls/ssl=off]
[17:30:09,277][WARNING][main][IgniteH2Indexing] Serialization of Java objects in H2 was enabled.
[17:30:09,352][INFO][main][GridTcpRestProtocol] Command protocol successfully started [name=TCP binary, host=0.0.0.0/0.0.0.0, port=11214]
[17:30:09,773][INFO][disco-event-worker-#42%null%][GridDiscoveryManager] Added new node to topology: TcpDiscoveryNode [id=630d3406-f144-481f-903e-b61ce19295d0, addrs=[0:0:0:0:0:0:0:1%lo, 127.0.0.1, 129.215.2.60], sockAddrs=[/0:0:0:0:0:0:0:1%lo:0, /127.0.0.1:0, joly.inf.ed.ac.uk/129.215.2.60:0], discPort=0, order=4, intOrder=4, lastExchangeTime=1479317409731, loc=false, ver=1.7.0#20160801-sha1:383273e3, isClient=true]
[17:30:09,774][INFO][disco-event-worker-#42%null%][GridDiscoveryManager] Topology snapshot [ver=4, servers=1, clients=3, CPUs=4, heap=2.5GB]
[17:30:10,199][INFO][main][GridCacheProcessor] Started cache [name=ignite-sys-cache, mode=REPLICATED]
[17:30:10,214][INFO][main][GridCacheProcessor] Started cache [name=ignite-atomics-sys-cache, mode=PARTITIONED]
[17:30:10,245][INFO][main][GridCacheProcessor] Started cache [name=ignite-marshaller-sys-cache, mode=REPLICATED]
[17:30:10,640][INFO][main][IgniteKernal] To start Console Management & Monitoring run ignitevisorcmd.{sh|bat}
[17:30:10,640][INFO][main][IgniteKernal] 
[17:30:10,641][INFO][main][IgniteKernal] 

>>> +----------------------------------------------------------------------+
>>> Ignite ver. 1.7.0#20160801-sha1:383273e3f66f702de2482466dce954d570a8ccf2
>>> +----------------------------------------------------------------------+
>>> OS name: Linux 3.10.0-327.36.3.el7.x86_64 amd64
>>> CPU(s): 4
>>> Heap: 0.5GB
>>> VM name: 19538@joly.inf.ed.ac.uk
>>> Local node [ID=20392173-A438-4464-9858-251F3A8FC309, order=3, clientMode=true]
>>> Local node addresses: [joly.inf.ed.ac.uk/0:0:0:0:0:0:0:1%lo, /127.0.0.1, /129.215.2.60]
>>> Local ports: TCP:11214 TCP:47103 TCP:48103 

[17:30:10,643][INFO][main][GridDiscoveryManager] Topology snapshot [ver=4, servers=1, clients=3, CPUs=4, heap=2.5GB]
[17:30:10,808][INFO][exchange-worker-#45%null%][GridCacheProcessor] Started cache [name=partC, mode=PARTITIONED]
[17:30:11,782][INFO][main][GridDeploymentLocalStore] Class locally deployed: class partC.StreamWords$1
[17:30:16,556][INFO][main][GridTcpRestProtocol] Command protocol successfully stopped: TCP binary
[17:30:16,591][INFO][main][GridCacheProcessor] Stopped cache: ignite-marshaller-sys-cache
[17:30:16,591][INFO][main][GridCacheProcessor] Stopped cache: ignite-sys-cache
[17:30:16,592][INFO][main][GridCacheProcessor] Stopped cache: ignite-atomics-sys-cache
[17:30:16,592][INFO][main][GridCacheProcessor] Stopped cache: partC
[17:30:16,618][INFO][main][GridDeploymentLocalStore] Removed undeployed class: GridDeployment [ts=1479317410433, depMode=SHARED, clsLdr=sun.misc.Launcher$AppClassLoader@73d16e93, clsLdrId=936403e6851-20392173-a438-4464-9858-251f3a8fc309, userVer=0, loc=true, sampleClsName=org.apache.ignite.internal.processors.cache.distributed.dht.preloader.GridDhtPartitionFullMap, pendingUndeploy=false, undeployed=true, usage=0]
[17:30:16,652][INFO][main][IgniteKernal] 

>>> +---------------------------------------------------------------------------------+
>>> Ignite ver. 1.7.0#20160801-sha1:383273e3f66f702de2482466dce954d570a8ccf2 stopped OK
>>> +---------------------------------------------------------------------------------+
>>> Grid uptime: 00:00:06:020


