[00:24:07,978][INFO][main][IgniteKernal] 

>>>    __________  ________________  
>>>   /  _/ ___/ |/ /  _/_  __/ __/  
>>>  _/ // (7 7    // /  / / / _/    
>>> /___/\___/_/|_/___/ /_/ /___/   
>>> 
>>> ver. 1.7.0#20160801-sha1:383273e3
>>> 2016 Copyright(C) Apache Software Foundation
>>> 
>>> Ignite documentation: http://ignite.apache.org

[00:24:07,979][INFO][main][IgniteKernal] Config URL: file:/afs/inf.ed.ac.uk/user/s16/s1626297/Desktop/ds/apache-ignite-fabric-1.7.0-bin/examples/config/example-ignite-no-discovery.xml
[00:24:07,980][INFO][main][IgniteKernal] Daemon mode: off
[00:24:07,980][INFO][main][IgniteKernal] OS: Linux 3.10.0-327.36.3.el7.x86_64 amd64
[00:24:07,980][INFO][main][IgniteKernal] OS user: s1626297
[00:24:07,980][INFO][main][IgniteKernal] Language runtime: Java Platform API Specification ver. 1.8
[00:24:07,980][INFO][main][IgniteKernal] VM information: Java(TM) SE Runtime Environment 1.8.0_91-b14 Oracle Corporation Java HotSpot(TM) 64-Bit Server VM 25.91-b14
[00:24:07,982][INFO][main][IgniteKernal] VM total memory: 1.7GB
[00:24:07,982][INFO][main][IgniteKernal] Remote Management [restart: off, REST: on, JMX (remote: off)]
[00:24:07,982][INFO][main][IgniteKernal] IGNITE_HOME=/afs/inf.ed.ac.uk/user/s16/s1626297/Desktop/ds/apache-ignite-fabric-1.7.0-bin
[00:24:07,982][INFO][main][IgniteKernal] VM arguments: [-agentlib:jdwp=transport=dt_socket,address=127.0.0.1:37685,suspend=y,server=n, -DIGNITE_HOME=/afs/inf.ed.ac.uk/user/s16/s1626297/Desktop/ds/apache-ignite-fabric-1.7.0-bin, -Dfile.encoding=UTF-8]
[00:24:07,982][INFO][main][IgniteKernal] Configured caches ['ignite-marshaller-sys-cache', 'ignite-sys-cache', 'ignite-atomics-sys-cache']
[00:24:07,982][WARNING][main][IgniteKernal] Peer class loading is enabled (disable it in production for performance and deployment consistency reasons)
[00:24:08,004][INFO][main][IgniteKernal] 3-rd party licenses can be found at: /afs/inf.ed.ac.uk/user/s16/s1626297/Desktop/ds/apache-ignite-fabric-1.7.0-bin/libs/licenses
[00:24:08,006][WARNING][pub-#26%null%][GridDiagnostic] Initial heap size is 124MB (should be no less than 512MB, use -Xms512m -Xmx512m).
[00:24:08,057][INFO][main][IgniteKernal] Non-loopback local IPs: 129.215.2.234, fe80:0:0:0:8edc:d4ff:fe57:28d5%em1
[00:24:08,057][INFO][main][IgniteKernal] Enabled local MACs: 8CDCD45728D5
[00:24:08,073][INFO][main][IgnitePluginProcessor] Configured plugins:
[00:24:08,073][INFO][main][IgnitePluginProcessor]   ^-- None
[00:24:08,073][INFO][main][IgnitePluginProcessor] 
[00:24:08,199][INFO][main][TcpCommunicationSpi] IPC shared memory server endpoint started [port=48101, tokDir=/afs/inf.ed.ac.uk/user/s16/s1626297/Desktop/ds/apache-ignite-fabric-1.7.0-bin/work/ipc/shmem/5fa0436a-7f5f-46fa-a00f-54796d62fc64-3934]
[00:24:08,199][INFO][main][TcpCommunicationSpi] Successfully bound shared memory communication to TCP port [port=48101, locHost=0.0.0.0/0.0.0.0]
[00:24:08,223][INFO][main][TcpCommunicationSpi] Successfully bound to TCP port [port=47101, locHost=0.0.0.0/0.0.0.0]
[00:24:08,260][WARNING][main][NoopCheckpointSpi] Checkpoints are disabled (to enable configure any GridCheckpointSpi implementation)
[00:24:08,287][WARNING][main][GridCollisionManager] Collision resolution is disabled (all jobs will be activated upon arrival).
[00:24:08,290][WARNING][main][NoopSwapSpaceSpi] Swap space is disabled. To enable use FileSwapSpaceSpi.
[00:24:08,291][INFO][main][IgniteKernal] Security status [authentication=off, tls/ssl=off]
[00:24:08,535][WARNING][main][IgniteH2Indexing] Serialization of Java objects in H2 was enabled.
[00:24:08,595][INFO][main][GridTcpRestProtocol] Command protocol successfully started [name=TCP binary, host=0.0.0.0/0.0.0.0, port=11212]
[00:24:08,997][INFO][main][GridCacheProcessor] Started cache [name=ignite-sys-cache, mode=REPLICATED]
[00:24:09,007][INFO][main][GridCacheProcessor] Started cache [name=ignite-atomics-sys-cache, mode=PARTITIONED]
[00:24:09,026][INFO][main][GridCacheProcessor] Started cache [name=ignite-marshaller-sys-cache, mode=REPLICATED]
[00:24:09,198][INFO][main][IgniteKernal] Performance suggestions for grid  (fix if possible)
[00:24:09,198][INFO][main][IgniteKernal] To disable, set -DIGNITE_PERFORMANCE_SUGGESTIONS_DISABLED=true
[00:24:09,198][INFO][main][IgniteKernal]   ^-- Disable peer class loading (set 'peerClassLoadingEnabled' to false)
[00:24:09,199][INFO][main][IgniteKernal]   ^-- Disable grid events (remove 'includeEventTypes' from configuration)
[00:24:09,199][INFO][main][IgniteKernal] 
[00:24:09,199][INFO][main][IgniteKernal] To start Console Management & Monitoring run ignitevisorcmd.{sh|bat}
[00:24:09,199][INFO][main][IgniteKernal] 
[00:24:09,200][INFO][main][IgniteKernal] 

>>> +----------------------------------------------------------------------+
>>> Ignite ver. 1.7.0#20160801-sha1:383273e3f66f702de2482466dce954d570a8ccf2
>>> +----------------------------------------------------------------------+
>>> OS name: Linux 3.10.0-327.36.3.el7.x86_64 amd64
>>> CPU(s): 4
>>> Heap: 1.7GB
>>> VM name: 3934@donners.inf.ed.ac.uk
>>> Local node [ID=5FA0436A-7F5F-46FA-A00F-54796D62FC64, order=12, clientMode=true]
>>> Local node addresses: [donners.inf.ed.ac.uk/0:0:0:0:0:0:0:1%lo, /127.0.0.1, /129.215.2.234]
>>> Local ports: TCP:11212 TCP:47101 TCP:48101 

[00:24:09,201][INFO][main][GridDiscoveryManager] Topology snapshot [ver=12, servers=1, clients=1, CPUs=4, heap=2.7GB]
[00:24:09,248][INFO][exchange-worker-#45%null%][GridCacheProcessor] Started cache [name=partB, mode=PARTITIONED]
[00:24:09,807][INFO][main][GridDeploymentLocalStore] Class locally deployed: class partC.StreamOne$1
[00:24:12,189][INFO][main][GridTcpRestProtocol] Command protocol successfully stopped: TCP binary
[00:24:12,201][INFO][main][GridCacheProcessor] Stopped cache: ignite-marshaller-sys-cache
[00:24:12,201][INFO][main][GridCacheProcessor] Stopped cache: ignite-sys-cache
[00:24:12,201][INFO][main][GridCacheProcessor] Stopped cache: ignite-atomics-sys-cache
[00:24:12,202][INFO][main][GridCacheProcessor] Stopped cache: partB
[00:24:12,204][INFO][main][GridDeploymentLocalStore] Removed undeployed class: GridDeployment [ts=1479255849141, depMode=SHARED, clsLdr=sun.misc.Launcher$AppClassLoader@18b4aac2, clsLdrId=df0f48a6851-5fa0436a-7f5f-46fa-a00f-54796d62fc64, userVer=0, loc=true, sampleClsName=org.apache.ignite.internal.processors.cache.distributed.dht.preloader.GridDhtPartitionFullMap, pendingUndeploy=false, undeployed=true, usage=0]
[00:24:12,210][INFO][main][IgniteKernal] 

>>> +---------------------------------------------------------------------------------+
>>> Ignite ver. 1.7.0#20160801-sha1:383273e3f66f702de2482466dce954d570a8ccf2 stopped OK
>>> +---------------------------------------------------------------------------------+
>>> Grid uptime: 00:00:03:014


