[21:58:34,868][INFO][main][IgniteKernal] 

>>>    __________  ________________  
>>>   /  _/ ___/ |/ /  _/_  __/ __/  
>>>  _/ // (7 7    // /  / / / _/    
>>> /___/\___/_/|_/___/ /_/ /___/   
>>> 
>>> ver. 1.7.0#20160801-sha1:383273e3
>>> 2016 Copyright(C) Apache Software Foundation
>>> 
>>> Ignite documentation: http://ignite.apache.org

[21:58:34,870][INFO][main][IgniteKernal] Config URL: file:/afs/inf.ed.ac.uk/user/s16/s1626297/Desktop/ds/apache-ignite-fabric-1.7.0-bin/examples/config/example-ignite-no-discovery.xml
[21:58:34,870][INFO][main][IgniteKernal] Daemon mode: off
[21:58:34,870][INFO][main][IgniteKernal] OS: Linux 3.10.0-327.36.3.el7.x86_64 amd64
[21:58:34,873][INFO][main][IgniteKernal] OS user: s1626297
[21:58:34,873][INFO][main][IgniteKernal] Language runtime: Java Platform API Specification ver. 1.8
[21:58:34,874][INFO][main][IgniteKernal] VM information: Java(TM) SE Runtime Environment 1.8.0_91-b14 Oracle Corporation Java HotSpot(TM) 64-Bit Server VM 25.91-b14
[21:58:34,887][INFO][main][IgniteKernal] VM total memory: 1.7GB
[21:58:34,894][INFO][main][IgniteKernal] Remote Management [restart: off, REST: on, JMX (remote: off)]
[21:58:34,895][INFO][main][IgniteKernal] IGNITE_HOME=/afs/inf.ed.ac.uk/user/s16/s1626297/Desktop/ds/apache-ignite-fabric-1.7.0-bin
[21:58:34,895][INFO][main][IgniteKernal] VM arguments: [-DIGNITE_HOME=/afs/inf.ed.ac.uk/user/s16/s1626297/Desktop/ds/apache-ignite-fabric-1.7.0-bin, -Didea.launcher.port=7544, -Didea.launcher.bin.path=/opt/idea-ce/bin, -Dfile.encoding=UTF-8]
[21:58:34,897][INFO][main][IgniteKernal] Configured caches ['ignite-marshaller-sys-cache', 'ignite-sys-cache', 'ignite-atomics-sys-cache']
[21:58:34,897][WARNING][main][IgniteKernal] Peer class loading is enabled (disable it in production for performance and deployment consistency reasons)
[21:58:34,913][INFO][main][IgniteKernal] 3-rd party licenses can be found at: /afs/inf.ed.ac.uk/user/s16/s1626297/Desktop/ds/apache-ignite-fabric-1.7.0-bin/libs/licenses
[21:58:34,927][WARNING][pub-#26%null%][GridDiagnostic] Initial heap size is 124MB (should be no less than 512MB, use -Xms512m -Xmx512m).
[21:58:34,997][INFO][main][IgniteKernal] Non-loopback local IPs: 129.215.3.32, fe80:0:0:0:a2d3:c1ff:fe0f:8a89%em1
[21:58:34,997][INFO][main][IgniteKernal] Enabled local MACs: A0D3C10F8A89
[21:58:35,029][INFO][main][IgnitePluginProcessor] Configured plugins:
[21:58:35,029][INFO][main][IgnitePluginProcessor]   ^-- None
[21:58:35,029][INFO][main][IgnitePluginProcessor] 
[21:58:35,244][INFO][main][TcpCommunicationSpi] IPC shared memory server endpoint started [port=48102, tokDir=/afs/inf.ed.ac.uk/user/s16/s1626297/Desktop/ds/apache-ignite-fabric-1.7.0-bin/work/ipc/shmem/4c0eb9db-20ba-4833-8718-033bd53f612a-7450]
[21:58:35,244][INFO][main][TcpCommunicationSpi] Successfully bound shared memory communication to TCP port [port=48102, locHost=0.0.0.0/0.0.0.0]
[21:58:35,276][INFO][main][TcpCommunicationSpi] Successfully bound to TCP port [port=47102, locHost=0.0.0.0/0.0.0.0]
[21:58:35,368][WARNING][main][NoopCheckpointSpi] Checkpoints are disabled (to enable configure any GridCheckpointSpi implementation)
[21:58:35,431][WARNING][main][GridCollisionManager] Collision resolution is disabled (all jobs will be activated upon arrival).
[21:58:35,435][WARNING][main][NoopSwapSpaceSpi] Swap space is disabled. To enable use FileSwapSpaceSpi.
[21:58:35,436][INFO][main][IgniteKernal] Security status [authentication=off, tls/ssl=off]
[21:58:35,776][WARNING][main][IgniteH2Indexing] Serialization of Java objects in H2 was enabled.
[21:58:35,870][INFO][main][GridTcpRestProtocol] Command protocol successfully started [name=TCP binary, host=0.0.0.0/0.0.0.0, port=11213]
[21:58:37,084][INFO][main][GridCacheProcessor] Started cache [name=ignite-sys-cache, mode=REPLICATED]
[21:58:37,094][INFO][main][GridCacheProcessor] Started cache [name=ignite-atomics-sys-cache, mode=PARTITIONED]
[21:58:37,123][INFO][main][GridCacheProcessor] Started cache [name=ignite-marshaller-sys-cache, mode=REPLICATED]
[21:58:37,920][INFO][main][IgniteKernal] Performance suggestions for grid  (fix if possible)
[21:58:37,921][INFO][main][IgniteKernal] To disable, set -DIGNITE_PERFORMANCE_SUGGESTIONS_DISABLED=true
[21:58:37,921][INFO][main][IgniteKernal]   ^-- Disable peer class loading (set 'peerClassLoadingEnabled' to false)
[21:58:37,921][INFO][main][IgniteKernal]   ^-- Disable grid events (remove 'includeEventTypes' from configuration)
[21:58:37,921][INFO][main][IgniteKernal] 
[21:58:37,921][INFO][main][IgniteKernal] To start Console Management & Monitoring run ignitevisorcmd.{sh|bat}
[21:58:37,922][INFO][main][IgniteKernal] 
[21:58:37,922][INFO][main][IgniteKernal] 

>>> +----------------------------------------------------------------------+
>>> Ignite ver. 1.7.0#20160801-sha1:383273e3f66f702de2482466dce954d570a8ccf2
>>> +----------------------------------------------------------------------+
>>> OS name: Linux 3.10.0-327.36.3.el7.x86_64 amd64
>>> CPU(s): 4
>>> Heap: 1.7GB
>>> VM name: 7450@lodi.inf.ed.ac.uk
>>> Local node [ID=4C0EB9DB-20BA-4833-8718-033BD53F612A, order=17, clientMode=true]
>>> Local node addresses: [lodi.inf.ed.ac.uk/0:0:0:0:0:0:0:1%lo, /127.0.0.1, /129.215.3.32]
>>> Local ports: TCP:11213 TCP:47102 TCP:48102 

[21:58:37,923][INFO][main][GridDiscoveryManager] Topology snapshot [ver=17, servers=1, clients=2, CPUs=4, heap=4.4GB]
[21:58:38,015][INFO][exchange-worker-#45%null%][GridCacheProcessor] Started cache [name=words, mode=PARTITIONED]
[21:58:46,542][INFO][ignite-update-notifier-timer][GridUpdateNotifier] Your version is up to date.
