[00:06:38,661][INFO][main][IgniteKernal] 

>>>    __________  ________________  
>>>   /  _/ ___/ |/ /  _/_  __/ __/  
>>>  _/ // (7 7    // /  / / / _/    
>>> /___/\___/_/|_/___/ /_/ /___/   
>>> 
>>> ver. 1.7.0#20160801-sha1:383273e3
>>> 2016 Copyright(C) Apache Software Foundation
>>> 
>>> Ignite documentation: http://ignite.apache.org

[00:06:38,663][INFO][main][IgniteKernal] Config URL: file:/afs/inf.ed.ac.uk/user/s16/s1626297/Desktop/ds/apache-ignite-fabric-1.7.0-bin/examples/config/example-ignite-no-discovery.xml
[00:06:38,663][INFO][main][IgniteKernal] Daemon mode: off
[00:06:38,663][INFO][main][IgniteKernal] OS: Linux 3.10.0-327.36.3.el7.x86_64 amd64
[00:06:38,663][INFO][main][IgniteKernal] OS user: s1626297
[00:06:38,663][INFO][main][IgniteKernal] Language runtime: Java Platform API Specification ver. 1.8
[00:06:38,663][INFO][main][IgniteKernal] VM information: Java(TM) SE Runtime Environment 1.8.0_91-b14 Oracle Corporation Java HotSpot(TM) 64-Bit Server VM 25.91-b14
[00:06:38,665][INFO][main][IgniteKernal] VM total memory: 1.7GB
[00:06:38,665][INFO][main][IgniteKernal] Remote Management [restart: off, REST: on, JMX (remote: off)]
[00:06:38,665][INFO][main][IgniteKernal] IGNITE_HOME=/afs/inf.ed.ac.uk/user/s16/s1626297/Desktop/ds/apache-ignite-fabric-1.7.0-bin
[00:06:38,665][INFO][main][IgniteKernal] VM arguments: [-agentlib:jdwp=transport=dt_socket,address=127.0.0.1:45664,suspend=y,server=n, -DIGNITE_HOME=/afs/inf.ed.ac.uk/user/s16/s1626297/Desktop/ds/apache-ignite-fabric-1.7.0-bin, -Dfile.encoding=UTF-8]
[00:06:38,666][INFO][main][IgniteKernal] Configured caches ['ignite-marshaller-sys-cache', 'ignite-sys-cache', 'ignite-atomics-sys-cache']
[00:06:38,666][WARNING][main][IgniteKernal] Peer class loading is enabled (disable it in production for performance and deployment consistency reasons)
[00:06:38,672][INFO][main][IgniteKernal] 3-rd party licenses can be found at: /afs/inf.ed.ac.uk/user/s16/s1626297/Desktop/ds/apache-ignite-fabric-1.7.0-bin/libs/licenses
[00:06:38,680][WARNING][pub-#26%null%][GridDiagnostic] Initial heap size is 124MB (should be no less than 512MB, use -Xms512m -Xmx512m).
[00:06:38,733][INFO][main][IgniteKernal] Non-loopback local IPs: 129.215.3.62, fe80:0:0:0:8a51:fbff:fe55:4f8e%em1
[00:06:38,733][INFO][main][IgniteKernal] Enabled local MACs: 8851FB554F8E
[00:06:38,750][INFO][main][IgnitePluginProcessor] Configured plugins:
[00:06:38,751][INFO][main][IgnitePluginProcessor]   ^-- None
[00:06:38,751][INFO][main][IgnitePluginProcessor] 
[00:06:38,864][INFO][main][TcpCommunicationSpi] IPC shared memory server endpoint started [port=48101, tokDir=/afs/inf.ed.ac.uk/user/s16/s1626297/Desktop/ds/apache-ignite-fabric-1.7.0-bin/work/ipc/shmem/97090e67-b03e-4425-908b-a278109115ff-21615]
[00:06:38,865][INFO][main][TcpCommunicationSpi] Successfully bound shared memory communication to TCP port [port=48101, locHost=0.0.0.0/0.0.0.0]
[00:06:38,889][INFO][main][TcpCommunicationSpi] Successfully bound to TCP port [port=47101, locHost=0.0.0.0/0.0.0.0]
[00:06:38,929][WARNING][main][NoopCheckpointSpi] Checkpoints are disabled (to enable configure any GridCheckpointSpi implementation)
[00:06:38,965][WARNING][main][GridCollisionManager] Collision resolution is disabled (all jobs will be activated upon arrival).
[00:06:38,969][WARNING][main][NoopSwapSpaceSpi] Swap space is disabled. To enable use FileSwapSpaceSpi.
[00:06:38,970][INFO][main][IgniteKernal] Security status [authentication=off, tls/ssl=off]
[00:06:39,232][WARNING][main][IgniteH2Indexing] Serialization of Java objects in H2 was enabled.
[00:06:39,293][INFO][main][GridTcpRestProtocol] Command protocol successfully started [name=TCP binary, host=0.0.0.0/0.0.0.0, port=11212]
[00:06:39,871][INFO][main][GridCacheProcessor] Started cache [name=ignite-sys-cache, mode=REPLICATED]
[00:06:39,889][INFO][main][GridCacheProcessor] Started cache [name=ignite-atomics-sys-cache, mode=PARTITIONED]
[00:06:39,912][INFO][main][GridCacheProcessor] Started cache [name=ignite-marshaller-sys-cache, mode=REPLICATED]
[00:06:40,231][INFO][main][IgniteKernal] Performance suggestions for grid  (fix if possible)
[00:06:40,232][INFO][main][IgniteKernal] To disable, set -DIGNITE_PERFORMANCE_SUGGESTIONS_DISABLED=true
[00:06:40,233][INFO][main][IgniteKernal]   ^-- Disable peer class loading (set 'peerClassLoadingEnabled' to false)
[00:06:40,233][INFO][main][IgniteKernal]   ^-- Disable grid events (remove 'includeEventTypes' from configuration)
[00:06:40,234][INFO][main][IgniteKernal] 
[00:06:40,234][INFO][main][IgniteKernal] To start Console Management & Monitoring run ignitevisorcmd.{sh|bat}
[00:06:40,235][INFO][main][IgniteKernal] 
[00:06:40,237][INFO][main][IgniteKernal] 

>>> +----------------------------------------------------------------------+
>>> Ignite ver. 1.7.0#20160801-sha1:383273e3f66f702de2482466dce954d570a8ccf2
>>> +----------------------------------------------------------------------+
>>> OS name: Linux 3.10.0-327.36.3.el7.x86_64 amd64
>>> CPU(s): 4
>>> Heap: 1.7GB
>>> VM name: 21615@parrot.inf.ed.ac.uk
>>> Local node [ID=97090E67-B03E-4425-908B-A278109115FF, order=88, clientMode=true]
>>> Local node addresses: [parrot.inf.ed.ac.uk/0:0:0:0:0:0:0:1%lo, /127.0.0.1, /129.215.3.62]
>>> Local ports: TCP:11212 TCP:47101 TCP:48101 

[00:06:40,243][INFO][main][GridDiscoveryManager] Topology snapshot [ver=88, servers=1, clients=1, CPUs=4, heap=2.7GB]
[00:06:40,325][INFO][exchange-worker-#45%null%][GridCacheProcessor] Started cache [name=partA, mode=PARTITIONED]
[00:06:40,399][INFO][main][GridTcpRestProtocol] Command protocol successfully stopped: TCP binary
[00:06:40,439][INFO][main][GridCacheProcessor] Stopped cache: ignite-marshaller-sys-cache
[00:06:40,440][INFO][main][GridCacheProcessor] Stopped cache: ignite-sys-cache
[00:06:40,441][INFO][main][GridCacheProcessor] Stopped cache: ignite-atomics-sys-cache
[00:06:40,442][INFO][main][GridCacheProcessor] Stopped cache: partA
[00:06:40,445][INFO][main][GridDeploymentLocalStore] Removed undeployed class: GridDeployment [ts=1478909200073, depMode=SHARED, clsLdr=sun.misc.Launcher$AppClassLoader@18b4aac2, clsLdrId=1ad7bd55851-97090e67-b03e-4425-908b-a278109115ff, userVer=0, loc=true, sampleClsName=org.apache.ignite.internal.processors.cache.distributed.dht.preloader.GridDhtPartitionFullMap, pendingUndeploy=false, undeployed=true, usage=0]
[00:06:40,471][INFO][main][IgniteKernal] 

>>> +---------------------------------------------------------------------------------+
>>> Ignite ver. 1.7.0#20160801-sha1:383273e3f66f702de2482466dce954d570a8ccf2 stopped OK
>>> +---------------------------------------------------------------------------------+
>>> Grid uptime: 00:00:00:242


