[15:41:34,904][INFO][main][IgniteKernal] 

>>>    __________  ________________  
>>>   /  _/ ___/ |/ /  _/_  __/ __/  
>>>  _/ // (7 7    // /  / / / _/    
>>> /___/\___/_/|_/___/ /_/ /___/   
>>> 
>>> ver. 1.7.0#20160801-sha1:383273e3
>>> 2016 Copyright(C) Apache Software Foundation
>>> 
>>> Ignite documentation: http://ignite.apache.org

[15:41:34,908][INFO][main][IgniteKernal] Config URL: file:/afs/inf.ed.ac.uk/user/s16/s1626297/Desktop/ds/apache-ignite-fabric-1.7.0-bin/examples/config/example-ignite-no-discovery.xml
[15:41:34,908][INFO][main][IgniteKernal] Daemon mode: off
[15:41:34,908][INFO][main][IgniteKernal] OS: Linux 3.10.0-327.36.3.el7.x86_64 amd64
[15:41:34,909][INFO][main][IgniteKernal] OS user: s1626297
[15:41:34,909][INFO][main][IgniteKernal] Language runtime: Java Platform API Specification ver. 1.8
[15:41:34,909][INFO][main][IgniteKernal] VM information: Java(TM) SE Runtime Environment 1.8.0_91-b14 Oracle Corporation Java HotSpot(TM) 64-Bit Server VM 25.91-b14
[15:41:34,912][INFO][main][IgniteKernal] VM total memory: 1.7GB
[15:41:34,913][INFO][main][IgniteKernal] Remote Management [restart: off, REST: on, JMX (remote: off)]
[15:41:34,913][INFO][main][IgniteKernal] IGNITE_HOME=/afs/inf.ed.ac.uk/user/s16/s1626297/Desktop/ds/apache-ignite-fabric-1.7.0-bin
[15:41:34,913][INFO][main][IgniteKernal] VM arguments: []
[15:41:34,913][INFO][main][IgniteKernal] Configured caches ['ignite-marshaller-sys-cache', 'ignite-sys-cache', 'ignite-atomics-sys-cache']
[15:41:34,913][WARNING][main][IgniteKernal] Peer class loading is enabled (disable it in production for performance and deployment consistency reasons)
[15:41:34,919][INFO][main][IgniteKernal] 3-rd party licenses can be found at: /afs/inf.ed.ac.uk/user/s16/s1626297/Desktop/ds/apache-ignite-fabric-1.7.0-bin/libs/licenses
[15:41:34,923][WARNING][pub-#26%null%][GridDiagnostic] Initial heap size is 124MB (should be no less than 512MB, use -Xms512m -Xmx512m).
[15:41:34,980][INFO][main][IgniteKernal] Non-loopback local IPs: 129.215.2.60, fe80:0:0:0:ea39:35ff:fe48:4d89%em1
[15:41:34,980][INFO][main][IgniteKernal] Enabled local MACs: E83935484D89
[15:41:34,998][INFO][main][IgnitePluginProcessor] Configured plugins:
[15:41:34,998][INFO][main][IgnitePluginProcessor]   ^-- None
[15:41:34,998][INFO][main][IgnitePluginProcessor] 
[15:41:35,205][INFO][main][TcpCommunicationSpi] IPC shared memory server endpoint started [port=48104, tokDir=/afs/inf.ed.ac.uk/user/s16/s1626297/Desktop/ds/apache-ignite-fabric-1.7.0-bin/work/ipc/shmem/9d0230b5-2452-46e8-abea-8b1584c56ef7-31035]
[15:41:35,206][INFO][main][TcpCommunicationSpi] Successfully bound shared memory communication to TCP port [port=48104, locHost=0.0.0.0/0.0.0.0]
[15:41:35,231][INFO][main][TcpCommunicationSpi] Successfully bound to TCP port [port=47104, locHost=0.0.0.0/0.0.0.0]
[15:41:35,297][WARNING][main][NoopCheckpointSpi] Checkpoints are disabled (to enable configure any GridCheckpointSpi implementation)
[15:41:35,329][WARNING][main][GridCollisionManager] Collision resolution is disabled (all jobs will be activated upon arrival).
[15:41:35,333][WARNING][main][NoopSwapSpaceSpi] Swap space is disabled. To enable use FileSwapSpaceSpi.
[15:41:35,334][INFO][main][IgniteKernal] Security status [authentication=off, tls/ssl=off]
[15:41:35,615][WARNING][main][IgniteH2Indexing] Serialization of Java objects in H2 was enabled.
[15:41:35,676][INFO][main][GridTcpRestProtocol] Command protocol successfully started [name=TCP binary, host=0.0.0.0/0.0.0.0, port=11215]
[15:41:36,656][INFO][main][GridCacheProcessor] Started cache [name=ignite-sys-cache, mode=REPLICATED]
[15:41:36,668][INFO][main][GridCacheProcessor] Started cache [name=ignite-atomics-sys-cache, mode=PARTITIONED]
[15:41:36,686][INFO][main][GridCacheProcessor] Started cache [name=ignite-marshaller-sys-cache, mode=REPLICATED]
[15:41:36,803][INFO][disco-event-worker-#42%null%][GridDiscoveryManager] Added new node to topology: TcpDiscoveryNode [id=b088152e-fffe-44a4-a016-15698df3ea38, addrs=[0:0:0:0:0:0:0:1%lo, 127.0.0.1, 129.215.2.60], sockAddrs=[/0:0:0:0:0:0:0:1%lo:0, /127.0.0.1:0, joly.inf.ed.ac.uk/129.215.2.60:0], discPort=0, order=15, intOrder=10, lastExchangeTime=1479310896783, loc=false, ver=1.7.0#20160801-sha1:383273e3, isClient=true]
[15:41:36,804][INFO][disco-event-worker-#42%null%][GridDiscoveryManager] Topology snapshot [ver=15, servers=2, clients=3, CPUs=4, heap=7.1GB]
[15:41:37,239][INFO][main][IgniteKernal] Performance suggestions for grid  (fix if possible)
[15:41:37,240][INFO][main][IgniteKernal] To disable, set -DIGNITE_PERFORMANCE_SUGGESTIONS_DISABLED=true
[15:41:37,240][INFO][main][IgniteKernal]   ^-- Disable peer class loading (set 'peerClassLoadingEnabled' to false)
[15:41:37,240][INFO][main][IgniteKernal]   ^-- Disable grid events (remove 'includeEventTypes' from configuration)
[15:41:37,242][INFO][main][IgniteKernal] 
[15:41:37,242][INFO][main][IgniteKernal] To start Console Management & Monitoring run ignitevisorcmd.{sh|bat}
[15:41:37,244][INFO][main][IgniteKernal] 
[15:41:37,245][INFO][main][IgniteKernal] 

>>> +----------------------------------------------------------------------+
>>> Ignite ver. 1.7.0#20160801-sha1:383273e3f66f702de2482466dce954d570a8ccf2
>>> +----------------------------------------------------------------------+
>>> OS name: Linux 3.10.0-327.36.3.el7.x86_64 amd64
>>> CPU(s): 4
>>> Heap: 1.7GB
>>> VM name: 31035@joly.inf.ed.ac.uk
>>> Local node [ID=9D0230B5-2452-46E8-ABEA-8B1584C56EF7, order=14, clientMode=true]
>>> Local node addresses: [joly.inf.ed.ac.uk/0:0:0:0:0:0:0:1%lo, /127.0.0.1, /129.215.2.60]
>>> Local ports: TCP:11215 TCP:47104 TCP:48104 

[15:41:37,247][INFO][main][GridDiscoveryManager] Topology snapshot [ver=15, servers=2, clients=3, CPUs=4, heap=7.1GB]
[15:41:37,402][INFO][exchange-worker-#45%null%][GridCacheProcessor] Started cache [name=partC, mode=PARTITIONED]
[15:41:41,699][INFO][main][GridDeploymentLocalStore] Class locally deployed: class partC.StreamWords$1
[15:41:41,761][INFO][main][GridTcpRestProtocol] Command protocol successfully stopped: TCP binary
[15:41:41,818][INFO][main][GridCacheProcessor] Stopped cache: ignite-marshaller-sys-cache
[15:41:41,822][INFO][main][GridCacheProcessor] Stopped cache: ignite-sys-cache
[15:41:41,823][INFO][main][GridCacheProcessor] Stopped cache: ignite-atomics-sys-cache
[15:41:41,824][INFO][main][GridCacheProcessor] Stopped cache: partC
[15:41:41,831][INFO][main][GridDeploymentLocalStore] Removed undeployed class: GridDeployment [ts=1479310897074, depMode=SHARED, clsLdr=sun.misc.Launcher$AppClassLoader@73d16e93, clsLdrId=692eccd6851-9d0230b5-2452-46e8-abea-8b1584c56ef7, userVer=0, loc=true, sampleClsName=org.apache.ignite.internal.processors.cache.distributed.dht.preloader.GridDhtPartitionFullMap, pendingUndeploy=false, undeployed=true, usage=0]
[15:41:41,859][INFO][main][IgniteKernal] 

>>> +---------------------------------------------------------------------------------+
>>> Ignite ver. 1.7.0#20160801-sha1:383273e3f66f702de2482466dce954d570a8ccf2 stopped OK
>>> +---------------------------------------------------------------------------------+
>>> Grid uptime: 00:00:04:634


