[14:31:27,999][INFO][main][IgniteKernal] 

>>>    __________  ________________  
>>>   /  _/ ___/ |/ /  _/_  __/ __/  
>>>  _/ // (7 7    // /  / / / _/    
>>> /___/\___/_/|_/___/ /_/ /___/   
>>> 
>>> ver. 1.7.0#20160801-sha1:383273e3
>>> 2016 Copyright(C) Apache Software Foundation
>>> 
>>> Ignite documentation: http://ignite.apache.org

[14:31:28,002][INFO][main][IgniteKernal] Config URL: file:/afs/inf.ed.ac.uk/user/s16/s1626297/Desktop/ds/apache-ignite-fabric-1.7.0-bin/examples/config/example-ignite-no-discovery.xml
[14:31:28,002][INFO][main][IgniteKernal] Daemon mode: off
[14:31:28,003][INFO][main][IgniteKernal] OS: Linux 3.10.0-327.36.3.el7.x86_64 amd64
[14:31:28,003][INFO][main][IgniteKernal] OS user: s1626297
[14:31:28,003][INFO][main][IgniteKernal] Language runtime: Java Platform API Specification ver. 1.8
[14:31:28,003][INFO][main][IgniteKernal] VM information: Java(TM) SE Runtime Environment 1.8.0_91-b14 Oracle Corporation Java HotSpot(TM) 64-Bit Server VM 25.91-b14
[14:31:28,005][INFO][main][IgniteKernal] VM total memory: 1.7GB
[14:31:28,005][INFO][main][IgniteKernal] Remote Management [restart: off, REST: on, JMX (remote: off)]
[14:31:28,005][INFO][main][IgniteKernal] IGNITE_HOME=/afs/inf.ed.ac.uk/user/s16/s1626297/Desktop/ds/apache-ignite-fabric-1.7.0-bin
[14:31:28,005][INFO][main][IgniteKernal] VM arguments: []
[14:31:28,006][INFO][main][IgniteKernal] Configured caches ['ignite-marshaller-sys-cache', 'ignite-sys-cache', 'ignite-atomics-sys-cache']
[14:31:28,006][WARNING][main][IgniteKernal] Peer class loading is enabled (disable it in production for performance and deployment consistency reasons)
[14:31:28,016][INFO][main][IgniteKernal] 3-rd party licenses can be found at: /afs/inf.ed.ac.uk/user/s16/s1626297/Desktop/ds/apache-ignite-fabric-1.7.0-bin/libs/licenses
[14:31:28,021][WARNING][pub-#26%null%][GridDiagnostic] Initial heap size is 124MB (should be no less than 512MB, use -Xms512m -Xmx512m).
[14:31:28,084][INFO][main][IgniteKernal] Non-loopback local IPs: 129.215.2.60, fe80:0:0:0:ea39:35ff:fe48:4d89%em1
[14:31:28,084][INFO][main][IgniteKernal] Enabled local MACs: E83935484D89
[14:31:28,103][INFO][main][IgnitePluginProcessor] Configured plugins:
[14:31:28,103][INFO][main][IgnitePluginProcessor]   ^-- None
[14:31:28,103][INFO][main][IgnitePluginProcessor] 
[14:31:28,365][INFO][main][TcpCommunicationSpi] IPC shared memory server endpoint started [port=48103, tokDir=/afs/inf.ed.ac.uk/user/s16/s1626297/Desktop/ds/apache-ignite-fabric-1.7.0-bin/work/ipc/shmem/c4125c7b-4b1c-451f-b7d3-14ad3b783794-16932]
[14:31:28,365][INFO][main][TcpCommunicationSpi] Successfully bound shared memory communication to TCP port [port=48103, locHost=0.0.0.0/0.0.0.0]
[14:31:28,407][INFO][main][TcpCommunicationSpi] Successfully bound to TCP port [port=47103, locHost=0.0.0.0/0.0.0.0]
[14:31:28,522][WARNING][main][NoopCheckpointSpi] Checkpoints are disabled (to enable configure any GridCheckpointSpi implementation)
[14:31:28,563][WARNING][main][GridCollisionManager] Collision resolution is disabled (all jobs will be activated upon arrival).
[14:31:28,574][WARNING][main][NoopSwapSpaceSpi] Swap space is disabled. To enable use FileSwapSpaceSpi.
[14:31:28,576][INFO][main][IgniteKernal] Security status [authentication=off, tls/ssl=off]
[14:31:29,023][WARNING][main][IgniteH2Indexing] Serialization of Java objects in H2 was enabled.
[14:31:29,175][INFO][main][GridTcpRestProtocol] Command protocol successfully started [name=TCP binary, host=0.0.0.0/0.0.0.0, port=11214]
[14:31:29,598][WARNING][main][IgniteKernal] Attempting to start more nodes than physical RAM available on current host (this can cause significant slowdown)
[14:31:29,657][INFO][disco-event-worker-#42%null%][GridDiscoveryManager] Added new node to topology: TcpDiscoveryNode [id=cdb3989c-6313-4a2d-bd0b-88a477abc69f, addrs=[0:0:0:0:0:0:0:1%lo, 127.0.0.1, 129.215.2.60], sockAddrs=[/0:0:0:0:0:0:0:1%lo:0, /127.0.0.1:0, joly.inf.ed.ac.uk/129.215.2.60:0], discPort=0, order=5, intOrder=5, lastExchangeTime=1479306689541, loc=false, ver=1.7.0#20160801-sha1:383273e3, isClient=true]
[14:31:29,658][INFO][disco-event-worker-#42%null%][GridDiscoveryManager] Topology snapshot [ver=5, servers=1, clients=4, CPUs=4, heap=7.8GB]
[14:31:30,184][INFO][main][GridCacheProcessor] Started cache [name=ignite-sys-cache, mode=REPLICATED]
[14:31:30,202][INFO][main][GridCacheProcessor] Started cache [name=ignite-atomics-sys-cache, mode=PARTITIONED]
[14:31:30,221][INFO][main][GridCacheProcessor] Started cache [name=ignite-marshaller-sys-cache, mode=REPLICATED]
[14:31:30,632][INFO][main][IgniteKernal] Performance suggestions for grid  (fix if possible)
[14:31:30,633][INFO][main][IgniteKernal] To disable, set -DIGNITE_PERFORMANCE_SUGGESTIONS_DISABLED=true
[14:31:30,634][INFO][main][IgniteKernal]   ^-- Disable peer class loading (set 'peerClassLoadingEnabled' to false)
[14:31:30,634][INFO][main][IgniteKernal]   ^-- Disable grid events (remove 'includeEventTypes' from configuration)
[14:31:30,637][INFO][main][IgniteKernal] 
[14:31:30,639][INFO][main][IgniteKernal] To start Console Management & Monitoring run ignitevisorcmd.{sh|bat}
[14:31:30,639][INFO][main][IgniteKernal] 
[14:31:30,640][INFO][main][IgniteKernal] 

>>> +----------------------------------------------------------------------+
>>> Ignite ver. 1.7.0#20160801-sha1:383273e3f66f702de2482466dce954d570a8ccf2
>>> +----------------------------------------------------------------------+
>>> OS name: Linux 3.10.0-327.36.3.el7.x86_64 amd64
>>> CPU(s): 4
>>> Heap: 1.7GB
>>> VM name: 16932@joly.inf.ed.ac.uk
>>> Local node [ID=C4125C7B-4B1C-451F-B7D3-14AD3B783794, order=4, clientMode=true]
>>> Local node addresses: [joly.inf.ed.ac.uk/0:0:0:0:0:0:0:1%lo, /127.0.0.1, /129.215.2.60]
>>> Local ports: TCP:11214 TCP:47103 TCP:48103 

[14:31:30,642][INFO][main][GridDiscoveryManager] Topology snapshot [ver=5, servers=1, clients=4, CPUs=4, heap=7.8GB]
[14:31:30,888][INFO][exchange-worker-#45%null%][GridCacheProcessor] Started cache [name=partB, mode=PARTITIONED]
[14:31:39,645][INFO][ignite-update-notifier-timer][GridUpdateNotifier] Your version is up to date.
[14:32:30,632][INFO][grid-timeout-worker-#27%null%][IgniteKernal] 
Metrics for local node (to disable set 'metricsLogFrequency' to 0)
    ^-- Node [id=c4125c7b, name=null, uptime=00:01:00:001]
    ^-- H/N/C [hosts=1, nodes=5, CPUs=4]
    ^-- CPU [cur=0.17%, avg=0.38%, GC=0%]
    ^-- Heap [used=68MB, free=96.1%, comm=120MB]
    ^-- Non heap [used=38MB, free=-1%, comm=40MB]
    ^-- Public thread pool [active=0, idle=6, qSize=0]
    ^-- System thread pool [active=0, idle=16, qSize=0]
    ^-- Outbound messages queue [size=0]
