[00:06:41,167][INFO][main][IgniteKernal] 

>>>    __________  ________________  
>>>   /  _/ ___/ |/ /  _/_  __/ __/  
>>>  _/ // (7 7    // /  / / / _/    
>>> /___/\___/_/|_/___/ /_/ /___/   
>>> 
>>> ver. 1.7.0#20160801-sha1:383273e3
>>> 2016 Copyright(C) Apache Software Foundation
>>> 
>>> Ignite documentation: http://ignite.apache.org

[00:06:41,168][INFO][main][IgniteKernal] Config URL: file:/afs/inf.ed.ac.uk/user/s16/s1626297/Desktop/ds/apache-ignite-fabric-1.7.0-bin/examples/config/example-ignite-no-discovery.xml
[00:06:41,168][INFO][main][IgniteKernal] Daemon mode: off
[00:06:41,168][INFO][main][IgniteKernal] OS: Linux 3.10.0-327.36.3.el7.x86_64 amd64
[00:06:41,169][INFO][main][IgniteKernal] OS user: s1626297
[00:06:41,169][INFO][main][IgniteKernal] Language runtime: Java Platform API Specification ver. 1.8
[00:06:41,169][INFO][main][IgniteKernal] VM information: Java(TM) SE Runtime Environment 1.8.0_91-b14 Oracle Corporation Java HotSpot(TM) 64-Bit Server VM 25.91-b14
[00:06:41,170][INFO][main][IgniteKernal] VM total memory: 1.7GB
[00:06:41,170][INFO][main][IgniteKernal] Remote Management [restart: off, REST: on, JMX (remote: off)]
[00:06:41,170][INFO][main][IgniteKernal] IGNITE_HOME=/afs/inf.ed.ac.uk/user/s16/s1626297/Desktop/ds/apache-ignite-fabric-1.7.0-bin
[00:06:41,171][INFO][main][IgniteKernal] VM arguments: [-DIGNITE_HOME=/afs/inf.ed.ac.uk/user/s16/s1626297/Desktop/ds/apache-ignite-fabric-1.7.0-bin, -Didea.launcher.port=7535, -Didea.launcher.bin.path=/opt/idea-ce/bin, -Dfile.encoding=UTF-8]
[00:06:41,171][INFO][main][IgniteKernal] Configured caches ['ignite-marshaller-sys-cache', 'ignite-sys-cache', 'ignite-atomics-sys-cache']
[00:06:41,171][WARNING][main][IgniteKernal] Peer class loading is enabled (disable it in production for performance and deployment consistency reasons)
[00:06:41,175][INFO][main][IgniteKernal] 3-rd party licenses can be found at: /afs/inf.ed.ac.uk/user/s16/s1626297/Desktop/ds/apache-ignite-fabric-1.7.0-bin/libs/licenses
[00:06:41,178][WARNING][pub-#26%null%][GridDiagnostic] Initial heap size is 124MB (should be no less than 512MB, use -Xms512m -Xmx512m).
[00:06:41,230][INFO][main][IgniteKernal] Non-loopback local IPs: 129.215.3.62, fe80:0:0:0:8a51:fbff:fe55:4f8e%em1
[00:06:41,230][INFO][main][IgniteKernal] Enabled local MACs: 8851FB554F8E
[00:06:41,259][INFO][main][IgnitePluginProcessor] Configured plugins:
[00:06:41,259][INFO][main][IgnitePluginProcessor]   ^-- None
[00:06:41,259][INFO][main][IgnitePluginProcessor] 
[00:06:41,358][INFO][main][TcpCommunicationSpi] IPC shared memory server endpoint started [port=48101, tokDir=/afs/inf.ed.ac.uk/user/s16/s1626297/Desktop/ds/apache-ignite-fabric-1.7.0-bin/work/ipc/shmem/f4f5c74f-d1e7-4e8b-849e-e7002e03daf2-21718]
[00:06:41,358][INFO][main][TcpCommunicationSpi] Successfully bound shared memory communication to TCP port [port=48101, locHost=0.0.0.0/0.0.0.0]
[00:06:41,377][INFO][main][TcpCommunicationSpi] Successfully bound to TCP port [port=47101, locHost=0.0.0.0/0.0.0.0]
[00:06:41,420][WARNING][main][NoopCheckpointSpi] Checkpoints are disabled (to enable configure any GridCheckpointSpi implementation)
[00:06:41,456][WARNING][main][GridCollisionManager] Collision resolution is disabled (all jobs will be activated upon arrival).
[00:06:41,459][WARNING][main][NoopSwapSpaceSpi] Swap space is disabled. To enable use FileSwapSpaceSpi.
[00:06:41,460][INFO][main][IgniteKernal] Security status [authentication=off, tls/ssl=off]
[00:06:41,678][WARNING][main][IgniteH2Indexing] Serialization of Java objects in H2 was enabled.
[00:06:41,732][INFO][main][GridTcpRestProtocol] Command protocol successfully started [name=TCP binary, host=0.0.0.0/0.0.0.0, port=11212]
[00:06:42,138][INFO][main][GridCacheProcessor] Started cache [name=ignite-sys-cache, mode=REPLICATED]
[00:06:42,149][INFO][main][GridCacheProcessor] Started cache [name=ignite-atomics-sys-cache, mode=PARTITIONED]
[00:06:42,165][INFO][main][GridCacheProcessor] Started cache [name=ignite-marshaller-sys-cache, mode=REPLICATED]
[00:06:42,387][INFO][main][IgniteKernal] Performance suggestions for grid  (fix if possible)
[00:06:42,387][INFO][main][IgniteKernal] To disable, set -DIGNITE_PERFORMANCE_SUGGESTIONS_DISABLED=true
[00:06:42,387][INFO][main][IgniteKernal]   ^-- Disable peer class loading (set 'peerClassLoadingEnabled' to false)
[00:06:42,387][INFO][main][IgniteKernal]   ^-- Disable grid events (remove 'includeEventTypes' from configuration)
[00:06:42,387][INFO][main][IgniteKernal] 
[00:06:42,388][INFO][main][IgniteKernal] To start Console Management & Monitoring run ignitevisorcmd.{sh|bat}
[00:06:42,388][INFO][main][IgniteKernal] 
[00:06:42,389][INFO][main][IgniteKernal] 

>>> +----------------------------------------------------------------------+
>>> Ignite ver. 1.7.0#20160801-sha1:383273e3f66f702de2482466dce954d570a8ccf2
>>> +----------------------------------------------------------------------+
>>> OS name: Linux 3.10.0-327.36.3.el7.x86_64 amd64
>>> CPU(s): 4
>>> Heap: 1.7GB
>>> VM name: 21718@parrot.inf.ed.ac.uk
>>> Local node [ID=F4F5C74F-D1E7-4E8B-849E-E7002E03DAF2, order=90, clientMode=true]
>>> Local node addresses: [parrot.inf.ed.ac.uk/0:0:0:0:0:0:0:1%lo, /127.0.0.1, /129.215.3.62]
>>> Local ports: TCP:11212 TCP:47101 TCP:48101 

[00:06:42,390][INFO][main][GridDiscoveryManager] Topology snapshot [ver=90, servers=1, clients=1, CPUs=4, heap=2.7GB]
[00:06:42,432][INFO][exchange-worker-#45%null%][GridCacheProcessor] Started cache [name=partA, mode=PARTITIONED]
[00:06:42,468][INFO][main][GridTcpRestProtocol] Command protocol successfully stopped: TCP binary
[00:06:42,482][INFO][main][GridCacheProcessor] Stopped cache: ignite-marshaller-sys-cache
[00:06:42,482][INFO][main][GridCacheProcessor] Stopped cache: ignite-sys-cache
[00:06:42,483][INFO][main][GridCacheProcessor] Stopped cache: ignite-atomics-sys-cache
[00:06:42,483][INFO][main][GridCacheProcessor] Stopped cache: partA
[00:06:42,490][INFO][main][GridDeploymentLocalStore] Removed undeployed class: GridDeployment [ts=1478909202309, depMode=SHARED, clsLdr=sun.misc.Launcher$AppClassLoader@4dc63996, clsLdrId=7178bd55851-f4f5c74f-d1e7-4e8b-849e-e7002e03daf2, userVer=0, loc=true, sampleClsName=org.apache.ignite.internal.processors.cache.distributed.dht.preloader.GridDhtPartitionFullMap, pendingUndeploy=false, undeployed=true, usage=0]
[00:06:42,496][INFO][main][IgniteKernal] 

>>> +---------------------------------------------------------------------------------+
>>> Ignite ver. 1.7.0#20160801-sha1:383273e3f66f702de2482466dce954d570a8ccf2 stopped OK
>>> +---------------------------------------------------------------------------------+
>>> Grid uptime: 00:00:00:115


