[14:21:31,345][INFO][main][IgniteKernal] 

>>>    __________  ________________  
>>>   /  _/ ___/ |/ /  _/_  __/ __/  
>>>  _/ // (7 7    // /  / / / _/    
>>> /___/\___/_/|_/___/ /_/ /___/   
>>> 
>>> ver. 1.7.0#20160801-sha1:383273e3
>>> 2016 Copyright(C) Apache Software Foundation
>>> 
>>> Ignite documentation: http://ignite.apache.org

[14:21:31,347][INFO][main][IgniteKernal] Config URL: file:/afs/inf.ed.ac.uk/user/s16/s1626297/Desktop/ds/apache-ignite-fabric-1.7.0-bin/examples/config/example-ignite-no-discovery.xml
[14:21:31,347][INFO][main][IgniteKernal] Daemon mode: off
[14:21:31,347][INFO][main][IgniteKernal] OS: Linux 3.10.0-327.36.3.el7.x86_64 amd64
[14:21:31,348][INFO][main][IgniteKernal] OS user: s1626297
[14:21:31,348][INFO][main][IgniteKernal] Language runtime: Java Platform API Specification ver. 1.8
[14:21:31,348][INFO][main][IgniteKernal] VM information: Java(TM) SE Runtime Environment 1.8.0_91-b14 Oracle Corporation Java HotSpot(TM) 64-Bit Server VM 25.91-b14
[14:21:31,350][INFO][main][IgniteKernal] VM total memory: 1.7GB
[14:21:31,350][INFO][main][IgniteKernal] Remote Management [restart: off, REST: on, JMX (remote: off)]
[14:21:31,350][INFO][main][IgniteKernal] IGNITE_HOME=/afs/inf.ed.ac.uk/user/s16/s1626297/Desktop/ds/apache-ignite-fabric-1.7.0-bin
[14:21:31,350][INFO][main][IgniteKernal] VM arguments: []
[14:21:31,350][INFO][main][IgniteKernal] Configured caches ['ignite-marshaller-sys-cache', 'ignite-sys-cache', 'ignite-atomics-sys-cache']
[14:21:31,351][WARNING][main][IgniteKernal] Peer class loading is enabled (disable it in production for performance and deployment consistency reasons)
[14:21:31,373][INFO][main][IgniteKernal] 3-rd party licenses can be found at: /afs/inf.ed.ac.uk/user/s16/s1626297/Desktop/ds/apache-ignite-fabric-1.7.0-bin/libs/licenses
[14:21:31,386][WARNING][pub-#26%null%][GridDiagnostic] Initial heap size is 124MB (should be no less than 512MB, use -Xms512m -Xmx512m).
[14:21:31,440][INFO][main][IgniteKernal] Non-loopback local IPs: 129.215.2.60, fe80:0:0:0:ea39:35ff:fe48:4d89%em1
[14:21:31,440][INFO][main][IgniteKernal] Enabled local MACs: E83935484D89
[14:21:31,458][INFO][main][IgnitePluginProcessor] Configured plugins:
[14:21:31,459][INFO][main][IgnitePluginProcessor]   ^-- None
[14:21:31,460][INFO][main][IgnitePluginProcessor] 
[14:21:31,639][INFO][main][TcpCommunicationSpi] IPC shared memory server endpoint started [port=48103, tokDir=/afs/inf.ed.ac.uk/user/s16/s1626297/Desktop/ds/apache-ignite-fabric-1.7.0-bin/work/ipc/shmem/3396a162-c5cf-4219-bd67-b62a987971a9-11683]
[14:21:31,639][INFO][main][TcpCommunicationSpi] Successfully bound shared memory communication to TCP port [port=48103, locHost=0.0.0.0/0.0.0.0]
[14:21:31,664][INFO][main][TcpCommunicationSpi] Successfully bound to TCP port [port=47103, locHost=0.0.0.0/0.0.0.0]
[14:21:31,785][WARNING][main][NoopCheckpointSpi] Checkpoints are disabled (to enable configure any GridCheckpointSpi implementation)
[14:21:31,825][WARNING][main][GridCollisionManager] Collision resolution is disabled (all jobs will be activated upon arrival).
[14:21:31,830][WARNING][main][NoopSwapSpaceSpi] Swap space is disabled. To enable use FileSwapSpaceSpi.
[14:21:31,831][INFO][main][IgniteKernal] Security status [authentication=off, tls/ssl=off]
[14:21:32,339][WARNING][main][IgniteH2Indexing] Serialization of Java objects in H2 was enabled.
[14:21:32,495][INFO][main][GridTcpRestProtocol] Command protocol successfully started [name=TCP binary, host=0.0.0.0/0.0.0.0, port=11214]
[14:21:33,142][INFO][disco-event-worker-#42%null%][GridDiscoveryManager] Added new node to topology: TcpDiscoveryNode [id=baaa960a-e52f-4d02-8f33-700b67f3a034, addrs=[0:0:0:0:0:0:0:1%lo, 127.0.0.1, 129.215.2.60], sockAddrs=[/0:0:0:0:0:0:0:1%lo:0, /127.0.0.1:0, joly.inf.ed.ac.uk/129.215.2.60:0], discPort=0, order=5, intOrder=5, lastExchangeTime=1479306093090, loc=false, ver=1.7.0#20160801-sha1:383273e3, isClient=true]
[14:21:33,143][INFO][disco-event-worker-#42%null%][GridDiscoveryManager] Topology snapshot [ver=5, servers=1, clients=4, CPUs=4, heap=7.8GB]
[14:21:33,464][INFO][main][GridCacheProcessor] Started cache [name=ignite-sys-cache, mode=REPLICATED]
[14:21:33,496][INFO][main][GridCacheProcessor] Started cache [name=ignite-atomics-sys-cache, mode=PARTITIONED]
[14:21:33,531][INFO][main][GridCacheProcessor] Started cache [name=ignite-marshaller-sys-cache, mode=REPLICATED]
[14:21:33,996][INFO][main][IgniteKernal] Performance suggestions for grid  (fix if possible)
[14:21:33,998][INFO][main][IgniteKernal] To disable, set -DIGNITE_PERFORMANCE_SUGGESTIONS_DISABLED=true
[14:21:33,999][INFO][main][IgniteKernal]   ^-- Disable peer class loading (set 'peerClassLoadingEnabled' to false)
[14:21:33,999][INFO][main][IgniteKernal]   ^-- Disable grid events (remove 'includeEventTypes' from configuration)
[14:21:34,000][INFO][main][IgniteKernal] 
[14:21:34,000][INFO][main][IgniteKernal] To start Console Management & Monitoring run ignitevisorcmd.{sh|bat}
[14:21:34,003][INFO][main][IgniteKernal] 
[14:21:34,007][INFO][main][IgniteKernal] 

>>> +----------------------------------------------------------------------+
>>> Ignite ver. 1.7.0#20160801-sha1:383273e3f66f702de2482466dce954d570a8ccf2
>>> +----------------------------------------------------------------------+
>>> OS name: Linux 3.10.0-327.36.3.el7.x86_64 amd64
>>> CPU(s): 4
>>> Heap: 1.7GB
>>> VM name: 11683@joly.inf.ed.ac.uk
>>> Local node [ID=3396A162-C5CF-4219-BD67-B62A987971A9, order=4, clientMode=true]
>>> Local node addresses: [joly.inf.ed.ac.uk/0:0:0:0:0:0:0:1%lo, /127.0.0.1, /129.215.2.60]
>>> Local ports: TCP:11214 TCP:47103 TCP:48103 

[14:21:34,008][INFO][main][GridDiscoveryManager] Topology snapshot [ver=5, servers=1, clients=4, CPUs=4, heap=7.8GB]
[14:21:34,166][INFO][exchange-worker-#45%null%][GridCacheProcessor] Started cache [name=partC, mode=PARTITIONED]
[14:21:34,549][INFO][exchange-worker-#45%null%][GridCacheProcessor] Stopped cache: partC
[14:21:34,651][INFO][main][GridTcpRestProtocol] Command protocol successfully stopped: TCP binary
[14:21:34,673][INFO][main][GridCacheProcessor] Stopped cache: ignite-marshaller-sys-cache
[14:21:34,674][INFO][main][GridCacheProcessor] Stopped cache: ignite-sys-cache
[14:21:34,674][INFO][main][GridCacheProcessor] Stopped cache: ignite-atomics-sys-cache
[14:21:34,676][INFO][main][GridDeploymentLocalStore] Removed undeployed class: GridDeployment [ts=1479306093757, depMode=SHARED, clsLdr=sun.misc.Launcher$AppClassLoader@73d16e93, clsLdrId=2a4938d6851-3396a162-c5cf-4219-bd67-b62a987971a9, userVer=0, loc=true, sampleClsName=org.apache.ignite.internal.processors.cache.distributed.dht.preloader.GridDhtPartitionFullMap, pendingUndeploy=false, undeployed=true, usage=0]
[14:21:34,692][INFO][main][IgniteKernal] 

>>> +---------------------------------------------------------------------------------+
>>> Ignite ver. 1.7.0#20160801-sha1:383273e3f66f702de2482466dce954d570a8ccf2 stopped OK
>>> +---------------------------------------------------------------------------------+
>>> Grid uptime: 00:00:00:697


