[18:30:58,282][INFO][main][IgniteKernal] 

>>>    __________  ________________  
>>>   /  _/ ___/ |/ /  _/_  __/ __/  
>>>  _/ // (7 7    // /  / / / _/    
>>> /___/\___/_/|_/___/ /_/ /___/   
>>> 
>>> ver. 1.7.0#20160801-sha1:383273e3
>>> 2016 Copyright(C) Apache Software Foundation
>>> 
>>> Ignite documentation: http://ignite.apache.org

[18:30:58,284][INFO][main][IgniteKernal] Config URL: file:/afs/inf.ed.ac.uk/user/s16/s1626297/Desktop/ds/apache-ignite-fabric-1.7.0-bin/examples/config/example-ignite-no-discovery.xml
[18:30:58,284][INFO][main][IgniteKernal] Daemon mode: off
[18:30:58,284][INFO][main][IgniteKernal] OS: Linux 3.10.0-327.36.3.el7.x86_64 amd64
[18:30:58,284][INFO][main][IgniteKernal] OS user: s1626297
[18:30:58,284][INFO][main][IgniteKernal] Language runtime: Java Platform API Specification ver. 1.8
[18:30:58,284][INFO][main][IgniteKernal] VM information: Java(TM) SE Runtime Environment 1.8.0_91-b14 Oracle Corporation Java HotSpot(TM) 64-Bit Server VM 25.91-b14
[18:30:58,286][INFO][main][IgniteKernal] VM total memory: 0.48GB
[18:30:58,286][INFO][main][IgniteKernal] Remote Management [restart: off, REST: on, JMX (remote: off)]
[18:30:58,286][INFO][main][IgniteKernal] IGNITE_HOME=/afs/inf.ed.ac.uk/user/s16/s1626297/Desktop/ds/apache-ignite-fabric-1.7.0-bin
[18:30:58,286][INFO][main][IgniteKernal] VM arguments: [-Xms512m, -Xmx512m, -DIGNITE_PERFORMANCE_SUGGESTIONS_DISABLED=true]
[18:30:58,287][INFO][main][IgniteKernal] Configured caches ['ignite-marshaller-sys-cache', 'ignite-sys-cache', 'ignite-atomics-sys-cache']
[18:30:58,287][WARNING][main][IgniteKernal] Peer class loading is enabled (disable it in production for performance and deployment consistency reasons)
[18:30:58,290][INFO][main][IgniteKernal] 3-rd party licenses can be found at: /afs/inf.ed.ac.uk/user/s16/s1626297/Desktop/ds/apache-ignite-fabric-1.7.0-bin/libs/licenses
[18:30:58,339][INFO][main][IgniteKernal] Non-loopback local IPs: 129.215.2.60, fe80:0:0:0:ea39:35ff:fe48:4d89%em1
[18:30:58,339][INFO][main][IgniteKernal] Enabled local MACs: E83935484D89
[18:30:58,355][INFO][main][IgnitePluginProcessor] Configured plugins:
[18:30:58,356][INFO][main][IgnitePluginProcessor]   ^-- None
[18:30:58,356][INFO][main][IgnitePluginProcessor] 
[18:30:58,469][INFO][main][TcpCommunicationSpi] IPC shared memory server endpoint started [port=48101, tokDir=/afs/inf.ed.ac.uk/user/s16/s1626297/Desktop/ds/apache-ignite-fabric-1.7.0-bin/work/ipc/shmem/31341a60-1ec0-4602-8a86-bbde0da40e52-32400]
[18:30:58,469][INFO][main][TcpCommunicationSpi] Successfully bound shared memory communication to TCP port [port=48101, locHost=0.0.0.0/0.0.0.0]
[18:30:58,491][INFO][main][TcpCommunicationSpi] Successfully bound to TCP port [port=47101, locHost=0.0.0.0/0.0.0.0]
[18:30:58,533][WARNING][main][NoopCheckpointSpi] Checkpoints are disabled (to enable configure any GridCheckpointSpi implementation)
[18:30:58,559][WARNING][main][GridCollisionManager] Collision resolution is disabled (all jobs will be activated upon arrival).
[18:30:58,563][WARNING][main][NoopSwapSpaceSpi] Swap space is disabled. To enable use FileSwapSpaceSpi.
[18:30:58,564][INFO][main][IgniteKernal] Security status [authentication=off, tls/ssl=off]
[18:30:58,812][WARNING][main][IgniteH2Indexing] Serialization of Java objects in H2 was enabled.
[18:30:58,873][INFO][main][GridTcpRestProtocol] Command protocol successfully started [name=TCP binary, host=0.0.0.0/0.0.0.0, port=11212]
[18:30:59,307][INFO][main][GridCacheProcessor] Started cache [name=ignite-sys-cache, mode=REPLICATED]
[18:30:59,318][INFO][main][GridCacheProcessor] Started cache [name=ignite-atomics-sys-cache, mode=PARTITIONED]
[18:30:59,335][INFO][main][GridCacheProcessor] Started cache [name=ignite-marshaller-sys-cache, mode=REPLICATED]
[18:30:59,559][INFO][main][IgniteKernal] To start Console Management & Monitoring run ignitevisorcmd.{sh|bat}
[18:30:59,559][INFO][main][IgniteKernal] 
[18:30:59,560][INFO][main][IgniteKernal] 

>>> +----------------------------------------------------------------------+
>>> Ignite ver. 1.7.0#20160801-sha1:383273e3f66f702de2482466dce954d570a8ccf2
>>> +----------------------------------------------------------------------+
>>> OS name: Linux 3.10.0-327.36.3.el7.x86_64 amd64
>>> CPU(s): 4
>>> Heap: 0.5GB
>>> VM name: 32400@joly.inf.ed.ac.uk
>>> Local node [ID=31341A60-1EC0-4602-8A86-BBDE0DA40E52, order=8, clientMode=true]
>>> Local node addresses: [joly.inf.ed.ac.uk/0:0:0:0:0:0:0:1%lo, /127.0.0.1, /129.215.2.60]
>>> Local ports: TCP:11212 TCP:47101 TCP:48101 

[18:30:59,561][INFO][main][GridDiscoveryManager] Topology snapshot [ver=8, servers=1, clients=1, CPUs=4, heap=1.5GB]
[18:30:59,606][INFO][exchange-worker-#45%null%][GridCacheProcessor] Started cache [name=partC, mode=PARTITIONED]
[18:30:59,788][INFO][exchange-worker-#45%null%][GridCacheProcessor] Stopped cache: partC
[18:30:59,812][INFO][main][GridTcpRestProtocol] Command protocol successfully stopped: TCP binary
[18:30:59,821][INFO][main][GridCacheProcessor] Stopped cache: ignite-marshaller-sys-cache
[18:30:59,821][INFO][main][GridCacheProcessor] Stopped cache: ignite-sys-cache
[18:30:59,822][INFO][main][GridCacheProcessor] Stopped cache: ignite-atomics-sys-cache
[18:30:59,831][INFO][main][GridDeploymentLocalStore] Removed undeployed class: GridDeployment [ts=1479321059481, depMode=SHARED, clsLdr=sun.misc.Launcher$AppClassLoader@73d16e93, clsLdrId=d19f76e6851-31341a60-1ec0-4602-8a86-bbde0da40e52, userVer=0, loc=true, sampleClsName=org.apache.ignite.internal.processors.cache.distributed.dht.preloader.GridDhtPartitionFullMap, pendingUndeploy=false, undeployed=true, usage=0]
[18:30:59,838][INFO][main][IgniteKernal] 

>>> +---------------------------------------------------------------------------------+
>>> Ignite ver. 1.7.0#20160801-sha1:383273e3f66f702de2482466dce954d570a8ccf2 stopped OK
>>> +---------------------------------------------------------------------------------+
>>> Grid uptime: 00:00:00:283


