[20:55:45,910][INFO][main][IgniteKernal] 

>>>    __________  ________________  
>>>   /  _/ ___/ |/ /  _/_  __/ __/  
>>>  _/ // (7 7    // /  / / / _/    
>>> /___/\___/_/|_/___/ /_/ /___/   
>>> 
>>> ver. 1.7.0#20160801-sha1:383273e3
>>> 2016 Copyright(C) Apache Software Foundation
>>> 
>>> Ignite documentation: http://ignite.apache.org

[20:55:45,912][INFO][main][IgniteKernal] Config URL: file:/afs/inf.ed.ac.uk/user/s16/s1626297/Desktop/ds/apache-ignite-fabric-1.7.0-bin/examples/config/example-ignite-no-discovery.xml
[20:55:45,912][INFO][main][IgniteKernal] Daemon mode: off
[20:55:45,912][INFO][main][IgniteKernal] OS: Linux 3.10.0-327.36.3.el7.x86_64 amd64
[20:55:45,912][INFO][main][IgniteKernal] OS user: s1626297
[20:55:45,912][INFO][main][IgniteKernal] Language runtime: Java Platform API Specification ver. 1.8
[20:55:45,912][INFO][main][IgniteKernal] VM information: Java(TM) SE Runtime Environment 1.8.0_91-b14 Oracle Corporation Java HotSpot(TM) 64-Bit Server VM 25.91-b14
[20:55:45,914][INFO][main][IgniteKernal] VM total memory: 1.7GB
[20:55:45,914][INFO][main][IgniteKernal] Remote Management [restart: off, REST: on, JMX (remote: off)]
[20:55:45,914][INFO][main][IgniteKernal] IGNITE_HOME=/afs/inf.ed.ac.uk/user/s16/s1626297/Desktop/ds/apache-ignite-fabric-1.7.0-bin
[20:55:45,914][INFO][main][IgniteKernal] VM arguments: [-DIGNITE_HOME=/afs/inf.ed.ac.uk/user/s16/s1626297/Desktop/ds/apache-ignite-fabric-1.7.0-bin, -Didea.launcher.port=7532, -Didea.launcher.bin.path=/opt/idea-ce/bin, -Dfile.encoding=UTF-8]
[20:55:45,914][INFO][main][IgniteKernal] Configured caches ['ignite-marshaller-sys-cache', 'ignite-sys-cache', 'ignite-atomics-sys-cache']
[20:55:45,915][WARNING][main][IgniteKernal] Peer class loading is enabled (disable it in production for performance and deployment consistency reasons)
[20:55:45,936][INFO][main][IgniteKernal] 3-rd party licenses can be found at: /afs/inf.ed.ac.uk/user/s16/s1626297/Desktop/ds/apache-ignite-fabric-1.7.0-bin/libs/licenses
[20:55:45,939][WARNING][pub-#26%null%][GridDiagnostic] Initial heap size is 124MB (should be no less than 512MB, use -Xms512m -Xmx512m).
[20:55:46,444][INFO][main][IgniteKernal] Non-loopback local IPs: 129.215.3.62, fe80:0:0:0:8a51:fbff:fe55:4f8e%em1
[20:55:46,444][INFO][main][IgniteKernal] Enabled local MACs: 8851FB554F8E
[20:55:46,547][INFO][main][IgnitePluginProcessor] Configured plugins:
[20:55:46,548][INFO][main][IgnitePluginProcessor]   ^-- None
[20:55:46,548][INFO][main][IgnitePluginProcessor] 
[20:55:47,132][INFO][main][TcpCommunicationSpi] IPC shared memory server endpoint started [port=48101, tokDir=/afs/inf.ed.ac.uk/user/s16/s1626297/Desktop/ds/apache-ignite-fabric-1.7.0-bin/work/ipc/shmem/6ef67d0d-6fc2-4e4e-be00-914aa494093a-27201]
[20:55:47,132][INFO][main][TcpCommunicationSpi] Successfully bound shared memory communication to TCP port [port=48101, locHost=0.0.0.0/0.0.0.0]
[20:55:47,175][INFO][main][TcpCommunicationSpi] Successfully bound to TCP port [port=47101, locHost=0.0.0.0/0.0.0.0]
[20:55:47,270][WARNING][main][NoopCheckpointSpi] Checkpoints are disabled (to enable configure any GridCheckpointSpi implementation)
[20:55:47,324][WARNING][main][GridCollisionManager] Collision resolution is disabled (all jobs will be activated upon arrival).
[20:55:47,327][WARNING][main][NoopSwapSpaceSpi] Swap space is disabled. To enable use FileSwapSpaceSpi.
[20:55:47,328][INFO][main][IgniteKernal] Security status [authentication=off, tls/ssl=off]
[20:55:48,483][WARNING][main][IgniteH2Indexing] Serialization of Java objects in H2 was enabled.
[20:55:48,633][INFO][main][GridTcpRestProtocol] Command protocol successfully started [name=TCP binary, host=0.0.0.0/0.0.0.0, port=11212]
[20:55:49,291][INFO][main][GridCacheProcessor] Started cache [name=ignite-sys-cache, mode=REPLICATED]
[20:55:49,301][INFO][main][GridCacheProcessor] Started cache [name=ignite-atomics-sys-cache, mode=PARTITIONED]
[20:55:49,316][INFO][main][GridCacheProcessor] Started cache [name=ignite-marshaller-sys-cache, mode=REPLICATED]
[20:55:49,516][INFO][main][IgniteKernal] Performance suggestions for grid  (fix if possible)
[20:55:49,516][INFO][main][IgniteKernal] To disable, set -DIGNITE_PERFORMANCE_SUGGESTIONS_DISABLED=true
[20:55:49,517][INFO][main][IgniteKernal]   ^-- Disable peer class loading (set 'peerClassLoadingEnabled' to false)
[20:55:49,517][INFO][main][IgniteKernal]   ^-- Disable grid events (remove 'includeEventTypes' from configuration)
[20:55:49,517][INFO][main][IgniteKernal] 
[20:55:49,517][INFO][main][IgniteKernal] To start Console Management & Monitoring run ignitevisorcmd.{sh|bat}
[20:55:49,517][INFO][main][IgniteKernal] 
[20:55:49,518][INFO][main][IgniteKernal] 

>>> +----------------------------------------------------------------------+
>>> Ignite ver. 1.7.0#20160801-sha1:383273e3f66f702de2482466dce954d570a8ccf2
>>> +----------------------------------------------------------------------+
>>> OS name: Linux 3.10.0-327.36.3.el7.x86_64 amd64
>>> CPU(s): 4
>>> Heap: 1.7GB
>>> VM name: 27201@parrot.inf.ed.ac.uk
>>> Local node [ID=6EF67D0D-6FC2-4E4E-BE00-914AA494093A, order=16, clientMode=true]
>>> Local node addresses: [parrot.inf.ed.ac.uk/0:0:0:0:0:0:0:1%lo, /127.0.0.1, /129.215.3.62]
>>> Local ports: TCP:11212 TCP:47101 TCP:48101 

[20:55:49,519][INFO][main][GridDiscoveryManager] Topology snapshot [ver=16, servers=1, clients=1, CPUs=4, heap=2.7GB]
[20:55:49,563][INFO][exchange-worker-#45%null%][GridCacheProcessor] Started cache [name=words, mode=PARTITIONED]
[20:55:49,713][INFO][main][GridDeploymentLocalStore] Class locally deployed: class wordcount.StreamWords$StreamingExampleCacheEntryProcessor
[20:55:58,979][INFO][ignite-update-notifier-timer][GridUpdateNotifier] Your version is up to date.
