[21:18:04,655][INFO][main][IgniteKernal] 

>>>    __________  ________________  
>>>   /  _/ ___/ |/ /  _/_  __/ __/  
>>>  _/ // (7 7    // /  / / / _/    
>>> /___/\___/_/|_/___/ /_/ /___/   
>>> 
>>> ver. 1.7.0#20160801-sha1:383273e3
>>> 2016 Copyright(C) Apache Software Foundation
>>> 
>>> Ignite documentation: http://ignite.apache.org

[21:18:04,657][INFO][main][IgniteKernal] Config URL: file:/afs/inf.ed.ac.uk/user/s16/s1626297/Desktop/ds/apache-ignite-fabric-1.7.0-bin/examples/config/example-ignite-no-discovery.xml
[21:18:04,658][INFO][main][IgniteKernal] Daemon mode: off
[21:18:04,658][INFO][main][IgniteKernal] OS: Linux 3.10.0-327.36.3.el7.x86_64 amd64
[21:18:04,658][INFO][main][IgniteKernal] OS user: s1626297
[21:18:04,658][INFO][main][IgniteKernal] Language runtime: Java Platform API Specification ver. 1.8
[21:18:04,658][INFO][main][IgniteKernal] VM information: Java(TM) SE Runtime Environment 1.8.0_91-b14 Oracle Corporation Java HotSpot(TM) 64-Bit Server VM 25.91-b14
[21:18:04,660][INFO][main][IgniteKernal] VM total memory: 1.7GB
[21:18:04,660][INFO][main][IgniteKernal] Remote Management [restart: off, REST: on, JMX (remote: off)]
[21:18:04,660][INFO][main][IgniteKernal] IGNITE_HOME=/afs/inf.ed.ac.uk/user/s16/s1626297/Desktop/ds/apache-ignite-fabric-1.7.0-bin
[21:18:04,661][INFO][main][IgniteKernal] VM arguments: [-DIGNITE_HOME=/afs/inf.ed.ac.uk/user/s16/s1626297/Desktop/ds/apache-ignite-fabric-1.7.0-bin, -Didea.launcher.port=7539, -Didea.launcher.bin.path=/opt/idea-ce/bin, -Dfile.encoding=UTF-8]
[21:18:04,661][INFO][main][IgniteKernal] Configured caches ['ignite-marshaller-sys-cache', 'ignite-sys-cache', 'ignite-atomics-sys-cache']
[21:18:04,661][WARNING][main][IgniteKernal] Peer class loading is enabled (disable it in production for performance and deployment consistency reasons)
[21:18:04,680][INFO][main][IgniteKernal] 3-rd party licenses can be found at: /afs/inf.ed.ac.uk/user/s16/s1626297/Desktop/ds/apache-ignite-fabric-1.7.0-bin/libs/licenses
[21:18:04,682][WARNING][pub-#26%null%][GridDiagnostic] Initial heap size is 124MB (should be no less than 512MB, use -Xms512m -Xmx512m).
[21:18:04,750][INFO][main][IgniteKernal] Non-loopback local IPs: 129.215.3.62, fe80:0:0:0:8a51:fbff:fe55:4f8e%em1
[21:18:04,750][INFO][main][IgniteKernal] Enabled local MACs: 8851FB554F8E
[21:18:04,766][INFO][main][IgnitePluginProcessor] Configured plugins:
[21:18:04,766][INFO][main][IgnitePluginProcessor]   ^-- None
[21:18:04,766][INFO][main][IgnitePluginProcessor] 
[21:18:04,903][INFO][main][TcpCommunicationSpi] IPC shared memory server endpoint started [port=48101, tokDir=/afs/inf.ed.ac.uk/user/s16/s1626297/Desktop/ds/apache-ignite-fabric-1.7.0-bin/work/ipc/shmem/d11b6198-488c-436d-9a73-78716a98dbee-1080]
[21:18:04,903][INFO][main][TcpCommunicationSpi] Successfully bound shared memory communication to TCP port [port=48101, locHost=0.0.0.0/0.0.0.0]
[21:18:04,923][INFO][main][TcpCommunicationSpi] Successfully bound to TCP port [port=47101, locHost=0.0.0.0/0.0.0.0]
[21:18:04,974][WARNING][main][NoopCheckpointSpi] Checkpoints are disabled (to enable configure any GridCheckpointSpi implementation)
[21:18:05,026][WARNING][main][GridCollisionManager] Collision resolution is disabled (all jobs will be activated upon arrival).
[21:18:05,029][WARNING][main][NoopSwapSpaceSpi] Swap space is disabled. To enable use FileSwapSpaceSpi.
[21:18:05,031][INFO][main][IgniteKernal] Security status [authentication=off, tls/ssl=off]
[21:18:05,295][WARNING][main][IgniteH2Indexing] Serialization of Java objects in H2 was enabled.
[21:18:05,353][INFO][main][GridTcpRestProtocol] Command protocol successfully started [name=TCP binary, host=0.0.0.0/0.0.0.0, port=11212]
[21:18:05,976][INFO][main][GridCacheProcessor] Started cache [name=ignite-sys-cache, mode=REPLICATED]
[21:18:05,987][INFO][main][GridCacheProcessor] Started cache [name=ignite-atomics-sys-cache, mode=PARTITIONED]
[21:18:06,003][INFO][main][GridCacheProcessor] Started cache [name=ignite-marshaller-sys-cache, mode=REPLICATED]
[21:18:06,205][INFO][main][IgniteKernal] Performance suggestions for grid  (fix if possible)
[21:18:06,205][INFO][main][IgniteKernal] To disable, set -DIGNITE_PERFORMANCE_SUGGESTIONS_DISABLED=true
[21:18:06,205][INFO][main][IgniteKernal]   ^-- Disable peer class loading (set 'peerClassLoadingEnabled' to false)
[21:18:06,206][INFO][main][IgniteKernal]   ^-- Disable grid events (remove 'includeEventTypes' from configuration)
[21:18:06,206][INFO][main][IgniteKernal] 
[21:18:06,206][INFO][main][IgniteKernal] To start Console Management & Monitoring run ignitevisorcmd.{sh|bat}
[21:18:06,206][INFO][main][IgniteKernal] 
[21:18:06,207][INFO][main][IgniteKernal] 

>>> +----------------------------------------------------------------------+
>>> Ignite ver. 1.7.0#20160801-sha1:383273e3f66f702de2482466dce954d570a8ccf2
>>> +----------------------------------------------------------------------+
>>> OS name: Linux 3.10.0-327.36.3.el7.x86_64 amd64
>>> CPU(s): 4
>>> Heap: 1.7GB
>>> VM name: 1080@parrot.inf.ed.ac.uk
>>> Local node [ID=D11B6198-488C-436D-9A73-78716A98DBEE, order=55, clientMode=true]
>>> Local node addresses: [parrot.inf.ed.ac.uk/0:0:0:0:0:0:0:1%lo, /127.0.0.1, /129.215.3.62]
>>> Local ports: TCP:11212 TCP:47101 TCP:48101 

[21:18:06,208][INFO][main][GridDiscoveryManager] Topology snapshot [ver=55, servers=1, clients=2, CPUs=4, heap=4.4GB]
[21:18:06,256][INFO][exchange-worker-#45%null%][GridCacheProcessor] Started cache [name=words, mode=PARTITIONED]
[21:18:15,682][INFO][ignite-update-notifier-timer][GridUpdateNotifier] Your version is up to date.
[21:19:06,203][INFO][grid-timeout-worker-#27%null%][IgniteKernal] 
Metrics for local node (to disable set 'metricsLogFrequency' to 0)
    ^-- Node [id=d11b6198, name=null, uptime=00:01:00:001]
    ^-- H/N/C [hosts=1, nodes=3, CPUs=4]
    ^-- CPU [cur=0.1%, avg=0.23%, GC=0%]
    ^-- Heap [used=69MB, free=96%, comm=120MB]
    ^-- Non heap [used=39MB, free=-1%, comm=40MB]
    ^-- Public thread pool [active=0, idle=6, qSize=0]
    ^-- System thread pool [active=0, idle=16, qSize=0]
    ^-- Outbound messages queue [size=0]
[21:20:06,201][INFO][grid-timeout-worker-#27%null%][IgniteKernal] 
Metrics for local node (to disable set 'metricsLogFrequency' to 0)
    ^-- Node [id=d11b6198, name=null, uptime=00:02:00:005]
    ^-- H/N/C [hosts=1, nodes=3, CPUs=4]
    ^-- CPU [cur=0.07%, avg=0.2%, GC=0%]
    ^-- Heap [used=59MB, free=96.62%, comm=163MB]
    ^-- Non heap [used=39MB, free=-1%, comm=40MB]
    ^-- Public thread pool [active=0, idle=6, qSize=0]
    ^-- System thread pool [active=0, idle=16, qSize=0]
    ^-- Outbound messages queue [size=0]
[21:21:06,205][INFO][grid-timeout-worker-#27%null%][IgniteKernal] 
Metrics for local node (to disable set 'metricsLogFrequency' to 0)
    ^-- Node [id=d11b6198, name=null, uptime=00:03:00:009]
    ^-- H/N/C [hosts=1, nodes=3, CPUs=4]
    ^-- CPU [cur=0.07%, avg=0.2%, GC=0%]
    ^-- Heap [used=102MB, free=94.12%, comm=163MB]
    ^-- Non heap [used=39MB, free=-1%, comm=40MB]
    ^-- Public thread pool [active=0, idle=6, qSize=0]
    ^-- System thread pool [active=0, idle=16, qSize=0]
    ^-- Outbound messages queue [size=0]
