[14:23:48,432][INFO][main][IgniteKernal] 

>>>    __________  ________________  
>>>   /  _/ ___/ |/ /  _/_  __/ __/  
>>>  _/ // (7 7    // /  / / / _/    
>>> /___/\___/_/|_/___/ /_/ /___/   
>>> 
>>> ver. 1.7.0#20160801-sha1:383273e3
>>> 2016 Copyright(C) Apache Software Foundation
>>> 
>>> Ignite documentation: http://ignite.apache.org

[14:23:48,434][INFO][main][IgniteKernal] Config URL: file:/afs/inf.ed.ac.uk/user/s16/s1626297/Desktop/ds/apache-ignite-fabric-1.7.0-bin/examples/config/example-ignite-no-discovery.xml
[14:23:48,434][INFO][main][IgniteKernal] Daemon mode: off
[14:23:48,434][INFO][main][IgniteKernal] OS: Linux 3.10.0-327.36.3.el7.x86_64 amd64
[14:23:48,434][INFO][main][IgniteKernal] OS user: s1626297
[14:23:48,434][INFO][main][IgniteKernal] Language runtime: Java Platform API Specification ver. 1.8
[14:23:48,434][INFO][main][IgniteKernal] VM information: Java(TM) SE Runtime Environment 1.8.0_91-b14 Oracle Corporation Java HotSpot(TM) 64-Bit Server VM 25.91-b14
[14:23:48,436][INFO][main][IgniteKernal] VM total memory: 1.7GB
[14:23:48,436][INFO][main][IgniteKernal] Remote Management [restart: off, REST: on, JMX (remote: off)]
[14:23:48,436][INFO][main][IgniteKernal] IGNITE_HOME=/afs/inf.ed.ac.uk/user/s16/s1626297/Desktop/ds/apache-ignite-fabric-1.7.0-bin
[14:23:48,437][INFO][main][IgniteKernal] VM arguments: []
[14:23:48,437][INFO][main][IgniteKernal] Configured caches ['ignite-marshaller-sys-cache', 'ignite-sys-cache', 'ignite-atomics-sys-cache']
[14:23:48,437][WARNING][main][IgniteKernal] Peer class loading is enabled (disable it in production for performance and deployment consistency reasons)
[14:23:48,454][INFO][main][IgniteKernal] 3-rd party licenses can be found at: /afs/inf.ed.ac.uk/user/s16/s1626297/Desktop/ds/apache-ignite-fabric-1.7.0-bin/libs/licenses
[14:23:48,462][WARNING][pub-#26%null%][GridDiagnostic] Initial heap size is 124MB (should be no less than 512MB, use -Xms512m -Xmx512m).
[14:23:48,532][INFO][main][IgniteKernal] Non-loopback local IPs: 129.215.2.60, fe80:0:0:0:ea39:35ff:fe48:4d89%em1
[14:23:48,532][INFO][main][IgniteKernal] Enabled local MACs: E83935484D89
[14:23:48,569][INFO][main][IgnitePluginProcessor] Configured plugins:
[14:23:48,569][INFO][main][IgnitePluginProcessor]   ^-- None
[14:23:48,569][INFO][main][IgnitePluginProcessor] 
[14:23:48,744][INFO][main][TcpCommunicationSpi] IPC shared memory server endpoint started [port=48102, tokDir=/afs/inf.ed.ac.uk/user/s16/s1626297/Desktop/ds/apache-ignite-fabric-1.7.0-bin/work/ipc/shmem/e64e6d32-c468-411d-af49-e1a2561fafe4-13501]
[14:23:48,745][INFO][main][TcpCommunicationSpi] Successfully bound shared memory communication to TCP port [port=48102, locHost=0.0.0.0/0.0.0.0]
[14:23:48,777][INFO][main][TcpCommunicationSpi] Successfully bound to TCP port [port=47102, locHost=0.0.0.0/0.0.0.0]
[14:23:48,841][WARNING][main][NoopCheckpointSpi] Checkpoints are disabled (to enable configure any GridCheckpointSpi implementation)
[14:23:48,893][WARNING][main][GridCollisionManager] Collision resolution is disabled (all jobs will be activated upon arrival).
[14:23:48,897][WARNING][main][NoopSwapSpaceSpi] Swap space is disabled. To enable use FileSwapSpaceSpi.
[14:23:48,898][INFO][main][IgniteKernal] Security status [authentication=off, tls/ssl=off]
[14:23:49,262][WARNING][main][IgniteH2Indexing] Serialization of Java objects in H2 was enabled.
[14:23:49,331][INFO][main][GridTcpRestProtocol] Command protocol successfully started [name=TCP binary, host=0.0.0.0/0.0.0.0, port=11213]
[14:23:49,731][INFO][disco-event-worker-#42%null%][GridDiscoveryManager] Added new node to topology: TcpDiscoveryNode [id=818b1555-f4ec-4079-a4a2-5d4664457c2f, addrs=[0:0:0:0:0:0:0:1%lo, 127.0.0.1, 129.215.2.60], sockAddrs=[/0:0:0:0:0:0:0:1%lo:0, /127.0.0.1:0, joly.inf.ed.ac.uk/129.215.2.60:0], discPort=0, order=4, intOrder=4, lastExchangeTime=1479306229672, loc=false, ver=1.7.0#20160801-sha1:383273e3, isClient=true]
[14:23:49,739][INFO][disco-event-worker-#42%null%][GridDiscoveryManager] Topology snapshot [ver=4, servers=1, clients=3, CPUs=4, heap=6.1GB]
[14:23:50,116][INFO][main][GridCacheProcessor] Started cache [name=ignite-sys-cache, mode=REPLICATED]
[14:23:50,130][INFO][main][GridCacheProcessor] Started cache [name=ignite-atomics-sys-cache, mode=PARTITIONED]
[14:23:50,148][INFO][main][GridCacheProcessor] Started cache [name=ignite-marshaller-sys-cache, mode=REPLICATED]
[14:23:50,402][INFO][main][IgniteKernal] Performance suggestions for grid  (fix if possible)
[14:23:50,402][INFO][main][IgniteKernal] To disable, set -DIGNITE_PERFORMANCE_SUGGESTIONS_DISABLED=true
[14:23:50,402][INFO][main][IgniteKernal]   ^-- Disable peer class loading (set 'peerClassLoadingEnabled' to false)
[14:23:50,402][INFO][main][IgniteKernal]   ^-- Disable grid events (remove 'includeEventTypes' from configuration)
[14:23:50,403][INFO][main][IgniteKernal] 
[14:23:50,403][INFO][main][IgniteKernal] To start Console Management & Monitoring run ignitevisorcmd.{sh|bat}
[14:23:50,404][INFO][main][IgniteKernal] 
[14:23:50,404][INFO][main][IgniteKernal] 

>>> +----------------------------------------------------------------------+
>>> Ignite ver. 1.7.0#20160801-sha1:383273e3f66f702de2482466dce954d570a8ccf2
>>> +----------------------------------------------------------------------+
>>> OS name: Linux 3.10.0-327.36.3.el7.x86_64 amd64
>>> CPU(s): 4
>>> Heap: 1.7GB
>>> VM name: 13501@joly.inf.ed.ac.uk
>>> Local node [ID=E64E6D32-C468-411D-AF49-E1A2561FAFE4, order=3, clientMode=true]
>>> Local node addresses: [joly.inf.ed.ac.uk/0:0:0:0:0:0:0:1%lo, /127.0.0.1, /129.215.2.60]
>>> Local ports: TCP:11213 TCP:47102 TCP:48102 

[14:23:50,405][INFO][main][GridDiscoveryManager] Topology snapshot [ver=4, servers=1, clients=3, CPUs=4, heap=6.1GB]
[14:23:50,673][INFO][exchange-worker-#45%null%][GridCacheProcessor] Started cache [name=partC, mode=PARTITIONED]
[14:23:51,737][INFO][main][GridDeploymentLocalStore] Class locally deployed: class partC.StreamWords$1
[14:23:56,758][INFO][main][GridTcpRestProtocol] Command protocol successfully stopped: TCP binary
[14:23:56,805][INFO][main][GridCacheProcessor] Stopped cache: ignite-marshaller-sys-cache
[14:23:56,806][INFO][main][GridCacheProcessor] Stopped cache: ignite-sys-cache
[14:23:56,817][INFO][main][GridCacheProcessor] Stopped cache: ignite-atomics-sys-cache
[14:23:56,818][INFO][main][GridCacheProcessor] Stopped cache: partC
[14:23:56,822][INFO][main][GridDeploymentLocalStore] Removed undeployed class: GridDeployment [ts=1479306230241, depMode=SHARED, clsLdr=sun.misc.Launcher$AppClassLoader@73d16e93, clsLdrId=f1ea58d6851-e64e6d32-c468-411d-af49-e1a2561fafe4, userVer=0, loc=true, sampleClsName=org.apache.ignite.internal.processors.cache.distributed.dht.preloader.GridDhtPartitionFullMap, pendingUndeploy=false, undeployed=true, usage=0]
[14:23:56,850][INFO][main][IgniteKernal] 

>>> +---------------------------------------------------------------------------------+
>>> Ignite ver. 1.7.0#20160801-sha1:383273e3f66f702de2482466dce954d570a8ccf2 stopped OK
>>> +---------------------------------------------------------------------------------+
>>> Grid uptime: 00:00:06:454


