[00:15:16,576][INFO][main][IgniteKernal] 

>>>    __________  ________________  
>>>   /  _/ ___/ |/ /  _/_  __/ __/  
>>>  _/ // (7 7    // /  / / / _/    
>>> /___/\___/_/|_/___/ /_/ /___/   
>>> 
>>> ver. 1.7.0#20160801-sha1:383273e3
>>> 2016 Copyright(C) Apache Software Foundation
>>> 
>>> Ignite documentation: http://ignite.apache.org

[00:15:16,579][INFO][main][IgniteKernal] Config URL: file:/afs/inf.ed.ac.uk/user/s16/s1626297/Desktop/ds/apache-ignite-fabric-1.7.0-bin/examples/config/example-ignite-no-discovery.xml
[00:15:16,579][INFO][main][IgniteKernal] Daemon mode: off
[00:15:16,579][INFO][main][IgniteKernal] OS: Linux 3.10.0-327.36.3.el7.x86_64 amd64
[00:15:16,579][INFO][main][IgniteKernal] OS user: s1626297
[00:15:16,591][INFO][main][IgniteKernal] Language runtime: Java Platform API Specification ver. 1.8
[00:15:16,591][INFO][main][IgniteKernal] VM information: Java(TM) SE Runtime Environment 1.8.0_91-b14 Oracle Corporation Java HotSpot(TM) 64-Bit Server VM 25.91-b14
[00:15:16,592][INFO][main][IgniteKernal] VM total memory: 1.7GB
[00:15:16,594][INFO][main][IgniteKernal] Remote Management [restart: off, REST: on, JMX (remote: off)]
[00:15:16,594][INFO][main][IgniteKernal] IGNITE_HOME=/afs/inf.ed.ac.uk/user/s16/s1626297/Desktop/ds/apache-ignite-fabric-1.7.0-bin
[00:15:16,594][INFO][main][IgniteKernal] VM arguments: [-DIGNITE_HOME=/afs/inf.ed.ac.uk/user/s16/s1626297/Desktop/ds/apache-ignite-fabric-1.7.0-bin, -Didea.launcher.port=7535, -Didea.launcher.bin.path=/opt/idea-ce/bin, -Dfile.encoding=UTF-8]
[00:15:16,595][INFO][main][IgniteKernal] Configured caches ['ignite-marshaller-sys-cache', 'ignite-sys-cache', 'ignite-atomics-sys-cache']
[00:15:16,595][WARNING][main][IgniteKernal] Peer class loading is enabled (disable it in production for performance and deployment consistency reasons)
[00:15:16,736][INFO][main][IgniteKernal] 3-rd party licenses can be found at: /afs/inf.ed.ac.uk/user/s16/s1626297/Desktop/ds/apache-ignite-fabric-1.7.0-bin/libs/licenses
[00:15:16,739][WARNING][pub-#26%null%][GridDiagnostic] Initial heap size is 124MB (should be no less than 512MB, use -Xms512m -Xmx512m).
[00:15:16,851][INFO][main][IgniteKernal] Non-loopback local IPs: 129.215.3.32, fe80:0:0:0:a2d3:c1ff:fe0f:8a89%em1
[00:15:16,852][INFO][main][IgniteKernal] Enabled local MACs: A0D3C10F8A89
[00:15:16,931][INFO][main][IgnitePluginProcessor] Configured plugins:
[00:15:16,932][INFO][main][IgnitePluginProcessor]   ^-- None
[00:15:16,932][INFO][main][IgnitePluginProcessor] 
[00:15:17,174][INFO][main][TcpCommunicationSpi] IPC shared memory server endpoint started [port=48101, tokDir=/afs/inf.ed.ac.uk/user/s16/s1626297/Desktop/ds/apache-ignite-fabric-1.7.0-bin/work/ipc/shmem/c64bd688-1e96-42cd-a059-d02430379485-25107]
[00:15:17,174][INFO][main][TcpCommunicationSpi] Successfully bound shared memory communication to TCP port [port=48101, locHost=0.0.0.0/0.0.0.0]
[00:15:17,195][INFO][main][TcpCommunicationSpi] Successfully bound to TCP port [port=47101, locHost=0.0.0.0/0.0.0.0]
[00:15:17,268][WARNING][main][NoopCheckpointSpi] Checkpoints are disabled (to enable configure any GridCheckpointSpi implementation)
[00:15:17,328][WARNING][main][GridCollisionManager] Collision resolution is disabled (all jobs will be activated upon arrival).
[00:15:17,333][WARNING][main][NoopSwapSpaceSpi] Swap space is disabled. To enable use FileSwapSpaceSpi.
[00:15:17,334][INFO][main][IgniteKernal] Security status [authentication=off, tls/ssl=off]
[00:15:17,832][WARNING][main][IgniteH2Indexing] Serialization of Java objects in H2 was enabled.
[00:15:17,964][INFO][main][GridTcpRestProtocol] Command protocol successfully started [name=TCP binary, host=0.0.0.0/0.0.0.0, port=11212]
[00:15:19,131][INFO][main][GridCacheProcessor] Started cache [name=ignite-sys-cache, mode=REPLICATED]
[00:15:19,151][INFO][main][GridCacheProcessor] Started cache [name=ignite-atomics-sys-cache, mode=PARTITIONED]
[00:15:19,192][INFO][main][GridCacheProcessor] Started cache [name=ignite-marshaller-sys-cache, mode=REPLICATED]
[00:15:19,668][INFO][main][IgniteKernal] Performance suggestions for grid  (fix if possible)
[00:15:19,668][INFO][main][IgniteKernal] To disable, set -DIGNITE_PERFORMANCE_SUGGESTIONS_DISABLED=true
[00:15:19,669][INFO][main][IgniteKernal]   ^-- Disable peer class loading (set 'peerClassLoadingEnabled' to false)
[00:15:19,669][INFO][main][IgniteKernal]   ^-- Disable grid events (remove 'includeEventTypes' from configuration)
[00:15:19,669][INFO][main][IgniteKernal] 
[00:15:19,669][INFO][main][IgniteKernal] To start Console Management & Monitoring run ignitevisorcmd.{sh|bat}
[00:15:19,672][INFO][main][IgniteKernal] 
[00:15:19,677][INFO][main][IgniteKernal] 

>>> +----------------------------------------------------------------------+
>>> Ignite ver. 1.7.0#20160801-sha1:383273e3f66f702de2482466dce954d570a8ccf2
>>> +----------------------------------------------------------------------+
>>> OS name: Linux 3.10.0-327.36.3.el7.x86_64 amd64
>>> CPU(s): 4
>>> Heap: 1.7GB
>>> VM name: 25107@lodi.inf.ed.ac.uk
>>> Local node [ID=C64BD688-1E96-42CD-A059-D02430379485, order=21, clientMode=true]
>>> Local node addresses: [lodi.inf.ed.ac.uk/0:0:0:0:0:0:0:1%lo, /127.0.0.1, /129.215.3.32]
>>> Local ports: TCP:11212 TCP:47101 TCP:48101 

[00:15:19,679][INFO][main][GridDiscoveryManager] Topology snapshot [ver=21, servers=1, clients=2, CPUs=4, heap=4.4GB]
[00:15:19,748][INFO][exchange-worker-#45%null%][GridCacheProcessor] Started cache [name=words, mode=PARTITIONED]
[00:15:28,528][INFO][ignite-update-notifier-timer][GridUpdateNotifier] Your version is up to date.
[00:16:19,665][INFO][grid-timeout-worker-#27%null%][IgniteKernal] 
Metrics for local node (to disable set 'metricsLogFrequency' to 0)
    ^-- Node [id=c64bd688, name=null, uptime=00:01:00:002]
    ^-- H/N/C [hosts=1, nodes=3, CPUs=4]
    ^-- CPU [cur=0.17%, avg=0.33%, GC=0%]
    ^-- Heap [used=73MB, free=95.81%, comm=157MB]
    ^-- Non heap [used=39MB, free=-1%, comm=40MB]
    ^-- Public thread pool [active=0, idle=6, qSize=0]
    ^-- System thread pool [active=0, idle=16, qSize=0]
    ^-- Outbound messages queue [size=0]
