[19:18:53,494][INFO][main][IgniteKernal] 

>>>    __________  ________________  
>>>   /  _/ ___/ |/ /  _/_  __/ __/  
>>>  _/ // (7 7    // /  / / / _/    
>>> /___/\___/_/|_/___/ /_/ /___/   
>>> 
>>> ver. 1.7.0#20160801-sha1:383273e3
>>> 2016 Copyright(C) Apache Software Foundation
>>> 
>>> Ignite documentation: http://ignite.apache.org

[19:18:53,496][INFO][main][IgniteKernal] Config URL: file:/afs/inf.ed.ac.uk/user/s16/s1626297/Desktop/ds/apache-ignite-fabric-1.7.0-bin/examples/config/example-ignite.xml
[19:18:53,496][INFO][main][IgniteKernal] Daemon mode: off
[19:18:53,496][INFO][main][IgniteKernal] OS: Linux 3.10.0-327.36.3.el7.x86_64 amd64
[19:18:53,497][INFO][main][IgniteKernal] OS user: s1626297
[19:18:53,497][INFO][main][IgniteKernal] Language runtime: Java Platform API Specification ver. 1.8
[19:18:53,497][INFO][main][IgniteKernal] VM information: Java(TM) SE Runtime Environment 1.8.0_91-b14 Oracle Corporation Java HotSpot(TM) 64-Bit Server VM 25.91-b14
[19:18:53,498][INFO][main][IgniteKernal] VM total memory: 1.7GB
[19:18:53,499][INFO][main][IgniteKernal] Remote Management [restart: off, REST: on, JMX (remote: off)]
[19:18:53,499][INFO][main][IgniteKernal] IGNITE_HOME=/afs/inf.ed.ac.uk/user/s16/s1626297/Desktop/ds/apache-ignite-fabric-1.7.0-bin
[19:18:53,499][INFO][main][IgniteKernal] VM arguments: [-DIGNITE_HOME=/afs/inf.ed.ac.uk/user/s16/s1626297/Desktop/ds/apache-ignite-fabric-1.7.0-bin, -Didea.launcher.port=7535, -Didea.launcher.bin.path=/opt/idea-ce/bin, -Dfile.encoding=UTF-8]
[19:18:53,499][INFO][main][IgniteKernal] Configured caches ['ignite-marshaller-sys-cache', 'ignite-sys-cache', 'ignite-atomics-sys-cache']
[19:18:53,499][WARNING][main][IgniteKernal] Peer class loading is enabled (disable it in production for performance and deployment consistency reasons)
[19:18:53,506][INFO][main][IgniteKernal] 3-rd party licenses can be found at: /afs/inf.ed.ac.uk/user/s16/s1626297/Desktop/ds/apache-ignite-fabric-1.7.0-bin/libs/licenses
[19:18:53,508][WARNING][pub-#26%null%][GridDiagnostic] Initial heap size is 124MB (should be no less than 512MB, use -Xms512m -Xmx512m).
[19:18:53,556][INFO][main][IgniteKernal] Non-loopback local IPs: 129.215.3.58, fe80:0:0:0:ea39:35ff:fe47:8f2e%em1
[19:18:53,556][INFO][main][IgniteKernal] Enabled local MACs: E83935478F2E
[19:18:53,573][INFO][main][IgnitePluginProcessor] Configured plugins:
[19:18:53,574][INFO][main][IgnitePluginProcessor]   ^-- None
[19:18:53,574][INFO][main][IgnitePluginProcessor] 
[19:18:53,703][INFO][main][TcpCommunicationSpi] IPC shared memory server endpoint started [port=48100, tokDir=/afs/inf.ed.ac.uk/user/s16/s1626297/Desktop/ds/apache-ignite-fabric-1.7.0-bin/work/ipc/shmem/a4336c80-446a-4d10-82e2-d898cd7c5dbd-27867]
[19:18:53,703][INFO][main][TcpCommunicationSpi] Successfully bound shared memory communication to TCP port [port=48100, locHost=0.0.0.0/0.0.0.0]
[19:18:53,725][INFO][main][TcpCommunicationSpi] Successfully bound to TCP port [port=47100, locHost=0.0.0.0/0.0.0.0]
[19:18:53,768][WARNING][main][NoopCheckpointSpi] Checkpoints are disabled (to enable configure any GridCheckpointSpi implementation)
[19:18:53,795][WARNING][main][GridCollisionManager] Collision resolution is disabled (all jobs will be activated upon arrival).
[19:18:53,799][WARNING][main][NoopSwapSpaceSpi] Swap space is disabled. To enable use FileSwapSpaceSpi.
[19:18:53,800][INFO][main][IgniteKernal] Security status [authentication=off, tls/ssl=off]
[19:18:54,052][WARNING][main][IgniteH2Indexing] Serialization of Java objects in H2 was enabled.
[19:18:54,114][INFO][main][GridTcpRestProtocol] Command protocol successfully started [name=TCP binary, host=0.0.0.0/0.0.0.0, port=11211]
[19:18:55,210][INFO][main][GridCacheProcessor] Started cache [name=ignite-sys-cache, mode=REPLICATED]
[19:18:55,222][INFO][main][GridCacheProcessor] Started cache [name=ignite-atomics-sys-cache, mode=PARTITIONED]
[19:18:55,241][INFO][main][GridCacheProcessor] Started cache [name=ignite-marshaller-sys-cache, mode=REPLICATED]
[19:18:55,402][INFO][main][IgniteKernal] Performance suggestions for grid  (fix if possible)
[19:18:55,402][INFO][main][IgniteKernal] To disable, set -DIGNITE_PERFORMANCE_SUGGESTIONS_DISABLED=true
[19:18:55,402][INFO][main][IgniteKernal]   ^-- Disable peer class loading (set 'peerClassLoadingEnabled' to false)
[19:18:55,402][INFO][main][IgniteKernal]   ^-- Disable grid events (remove 'includeEventTypes' from configuration)
[19:18:55,402][INFO][main][IgniteKernal] 
[19:18:55,403][INFO][main][IgniteKernal] To start Console Management & Monitoring run ignitevisorcmd.{sh|bat}
[19:18:55,403][INFO][main][IgniteKernal] 
[19:18:55,404][INFO][main][IgniteKernal] 

>>> +----------------------------------------------------------------------+
>>> Ignite ver. 1.7.0#20160801-sha1:383273e3f66f702de2482466dce954d570a8ccf2
>>> +----------------------------------------------------------------------+
>>> OS name: Linux 3.10.0-327.36.3.el7.x86_64 amd64
>>> CPU(s): 4
>>> Heap: 1.7GB
>>> VM name: 27867@combeferre.inf.ed.ac.uk
>>> Local node [ID=A4336C80-446A-4D10-82E2-D898CD7C5DBD, order=264, clientMode=true]
>>> Local node addresses: [combeferre.inf.ed.ac.uk/0:0:0:0:0:0:0:1%lo, /127.0.0.1, /129.215.3.58]
>>> Local ports: TCP:11211 TCP:47100 UDP:47400 TCP:48100 

[19:18:55,405][INFO][main][GridDiscoveryManager] Topology snapshot [ver=264, servers=3, clients=3, CPUs=16, heap=9.9GB]
[19:18:55,447][INFO][exchange-worker-#44%null%][GridCacheProcessor] Started cache [name=words, mode=PARTITIONED]
[19:18:55,489][INFO][main][GridTcpRestProtocol] Command protocol successfully stopped: TCP binary
[19:18:55,500][INFO][main][GridCacheProcessor] Stopped cache: ignite-marshaller-sys-cache
[19:18:55,501][INFO][main][GridCacheProcessor] Stopped cache: ignite-sys-cache
[19:18:55,501][INFO][main][GridCacheProcessor] Stopped cache: ignite-atomics-sys-cache
[19:18:55,501][INFO][main][GridCacheProcessor] Stopped cache: words
[19:18:55,507][INFO][main][GridDeploymentLocalStore] Removed undeployed class: GridDeployment [ts=1478632735314, depMode=SHARED, clsLdr=sun.misc.Launcher$AppClassLoader@4dc63996, clsLdrId=8d7f0654851-a4336c80-446a-4d10-82e2-d898cd7c5dbd, userVer=0, loc=true, sampleClsName=org.apache.ignite.internal.processors.cache.distributed.dht.preloader.GridDhtPartitionFullMap, pendingUndeploy=false, undeployed=true, usage=0]
[19:18:55,515][INFO][main][IgniteKernal] 

>>> +---------------------------------------------------------------------------------+
>>> Ignite ver. 1.7.0#20160801-sha1:383273e3f66f702de2482466dce954d570a8ccf2 stopped OK
>>> +---------------------------------------------------------------------------------+
>>> Grid uptime: 00:00:00:121


