[19:35:25,169][INFO][main][IgniteKernal] 

>>>    __________  ________________  
>>>   /  _/ ___/ |/ /  _/_  __/ __/  
>>>  _/ // (7 7    // /  / / / _/    
>>> /___/\___/_/|_/___/ /_/ /___/   
>>> 
>>> ver. 1.7.0#20160801-sha1:383273e3
>>> 2016 Copyright(C) Apache Software Foundation
>>> 
>>> Ignite documentation: http://ignite.apache.org

[19:35:25,171][INFO][main][IgniteKernal] Config URL: file:/afs/inf.ed.ac.uk/user/s16/s1626297/Desktop/ds/apache-ignite-fabric-1.7.0-bin/examples/config/example-ignite-no-discovery.xml
[19:35:25,171][INFO][main][IgniteKernal] Daemon mode: off
[19:35:25,171][INFO][main][IgniteKernal] OS: Linux 3.10.0-327.36.3.el7.x86_64 amd64
[19:35:25,171][INFO][main][IgniteKernal] OS user: s1626297
[19:35:25,172][INFO][main][IgniteKernal] Language runtime: Java Platform API Specification ver. 1.8
[19:35:25,172][INFO][main][IgniteKernal] VM information: Java(TM) SE Runtime Environment 1.8.0_91-b14 Oracle Corporation Java HotSpot(TM) 64-Bit Server VM 25.91-b14
[19:35:25,174][INFO][main][IgniteKernal] VM total memory: 1.7GB
[19:35:25,174][INFO][main][IgniteKernal] Remote Management [restart: off, REST: on, JMX (remote: off)]
[19:35:25,174][INFO][main][IgniteKernal] IGNITE_HOME=/afs/inf.ed.ac.uk/user/s16/s1626297/Desktop/ds/apache-ignite-fabric-1.7.0-bin
[19:35:25,174][INFO][main][IgniteKernal] VM arguments: [-DIGNITE_HOME=/afs/inf.ed.ac.uk/user/s16/s1626297/Desktop/ds/apache-ignite-fabric-1.7.0-bin, -Didea.launcher.port=7536, -Didea.launcher.bin.path=/opt/idea-ce/bin, -Dfile.encoding=UTF-8]
[19:35:25,174][INFO][main][IgniteKernal] Configured caches ['ignite-marshaller-sys-cache', 'ignite-sys-cache', 'ignite-atomics-sys-cache']
[19:35:25,175][WARNING][main][IgniteKernal] Peer class loading is enabled (disable it in production for performance and deployment consistency reasons)
[19:35:25,212][INFO][main][IgniteKernal] 3-rd party licenses can be found at: /afs/inf.ed.ac.uk/user/s16/s1626297/Desktop/ds/apache-ignite-fabric-1.7.0-bin/libs/licenses
[19:35:25,228][WARNING][pub-#26%null%][GridDiagnostic] Initial heap size is 124MB (should be no less than 512MB, use -Xms512m -Xmx512m).
[19:35:25,332][INFO][main][IgniteKernal] Non-loopback local IPs: 129.215.3.32, fe80:0:0:0:a2d3:c1ff:fe0f:8a89%em1
[19:35:25,333][INFO][main][IgniteKernal] Enabled local MACs: A0D3C10F8A89
[19:35:25,366][INFO][main][IgnitePluginProcessor] Configured plugins:
[19:35:25,368][INFO][main][IgnitePluginProcessor]   ^-- None
[19:35:25,368][INFO][main][IgnitePluginProcessor] 
[19:35:25,573][INFO][main][TcpCommunicationSpi] IPC shared memory server endpoint started [port=48102, tokDir=/afs/inf.ed.ac.uk/user/s16/s1626297/Desktop/ds/apache-ignite-fabric-1.7.0-bin/work/ipc/shmem/9858b8ac-9ee3-4285-b3d3-874582900ae2-18778]
[19:35:25,574][INFO][main][TcpCommunicationSpi] Successfully bound shared memory communication to TCP port [port=48102, locHost=0.0.0.0/0.0.0.0]
[19:35:25,608][INFO][main][TcpCommunicationSpi] Successfully bound to TCP port [port=47102, locHost=0.0.0.0/0.0.0.0]
[19:35:25,651][WARNING][main][NoopCheckpointSpi] Checkpoints are disabled (to enable configure any GridCheckpointSpi implementation)
[19:35:25,694][WARNING][main][GridCollisionManager] Collision resolution is disabled (all jobs will be activated upon arrival).
[19:35:25,697][WARNING][main][NoopSwapSpaceSpi] Swap space is disabled. To enable use FileSwapSpaceSpi.
[19:35:25,699][INFO][main][IgniteKernal] Security status [authentication=off, tls/ssl=off]
[19:35:26,169][WARNING][main][IgniteH2Indexing] Serialization of Java objects in H2 was enabled.
[19:35:26,259][INFO][main][GridTcpRestProtocol] Command protocol successfully started [name=TCP binary, host=0.0.0.0/0.0.0.0, port=11213]
[19:35:27,418][INFO][main][GridCacheProcessor] Started cache [name=ignite-sys-cache, mode=REPLICATED]
[19:35:27,481][INFO][main][GridCacheProcessor] Started cache [name=ignite-atomics-sys-cache, mode=PARTITIONED]
[19:35:27,520][INFO][main][GridCacheProcessor] Started cache [name=ignite-marshaller-sys-cache, mode=REPLICATED]
[19:35:28,088][INFO][main][IgniteKernal] Performance suggestions for grid  (fix if possible)
[19:35:28,088][INFO][main][IgniteKernal] To disable, set -DIGNITE_PERFORMANCE_SUGGESTIONS_DISABLED=true
[19:35:28,088][INFO][main][IgniteKernal]   ^-- Disable peer class loading (set 'peerClassLoadingEnabled' to false)
[19:35:28,089][INFO][main][IgniteKernal]   ^-- Disable grid events (remove 'includeEventTypes' from configuration)
[19:35:28,089][INFO][main][IgniteKernal] 
[19:35:28,090][INFO][main][IgniteKernal] To start Console Management & Monitoring run ignitevisorcmd.{sh|bat}
[19:35:28,092][INFO][main][IgniteKernal] 
[19:35:28,093][INFO][main][IgniteKernal] 

>>> +----------------------------------------------------------------------+
>>> Ignite ver. 1.7.0#20160801-sha1:383273e3f66f702de2482466dce954d570a8ccf2
>>> +----------------------------------------------------------------------+
>>> OS name: Linux 3.10.0-327.36.3.el7.x86_64 amd64
>>> CPU(s): 4
>>> Heap: 1.7GB
>>> VM name: 18778@lodi.inf.ed.ac.uk
>>> Local node [ID=9858B8AC-9EE3-4285-B3D3-874582900AE2, order=29, clientMode=true]
>>> Local node addresses: [lodi.inf.ed.ac.uk/0:0:0:0:0:0:0:1%lo, /127.0.0.1, /129.215.3.32]
>>> Local ports: TCP:11213 TCP:47102 TCP:48102 

[19:35:28,095][INFO][main][GridDiscoveryManager] Topology snapshot [ver=29, servers=1, clients=2, CPUs=4, heap=4.4GB]
[19:35:28,187][INFO][exchange-worker-#45%null%][GridCacheProcessor] Started cache [name=words, mode=PARTITIONED]
[19:35:36,812][INFO][ignite-update-notifier-timer][GridUpdateNotifier] Your version is up to date.
[19:36:16,487][INFO][disco-event-worker-#42%null%][GridDiscoveryManager] Node left topology: TcpDiscoveryNode [id=73a7fe90-d469-4c8f-bda2-a750f2d5c884, addrs=[0:0:0:0:0:0:0:1%lo, 127.0.0.1, 129.215.3.32], sockAddrs=[/0:0:0:0:0:0:0:1%lo:0, /127.0.0.1:0, lodi.inf.ed.ac.uk/129.215.3.32:0], discPort=0, order=27, intOrder=15, lastExchangeTime=1478806526635, loc=false, ver=1.7.0#20160801-sha1:383273e3, isClient=true]
[19:36:16,488][INFO][disco-event-worker-#42%null%][GridDiscoveryManager] Topology snapshot [ver=30, servers=1, clients=1, CPUs=4, heap=2.7GB]
[19:36:28,089][INFO][grid-timeout-worker-#27%null%][IgniteKernal] 
Metrics for local node (to disable set 'metricsLogFrequency' to 0)
    ^-- Node [id=9858b8ac, name=null, uptime=00:01:00:006]
    ^-- H/N/C [hosts=1, nodes=2, CPUs=4]
    ^-- CPU [cur=0.1%, avg=0.22%, GC=0%]
    ^-- Heap [used=21MB, free=98.78%, comm=115MB]
    ^-- Non heap [used=38MB, free=-1%, comm=39MB]
    ^-- Public thread pool [active=0, idle=8, qSize=0]
    ^-- System thread pool [active=0, idle=16, qSize=0]
    ^-- Outbound messages queue [size=0]
[19:37:28,096][INFO][grid-timeout-worker-#27%null%][IgniteKernal] 
Metrics for local node (to disable set 'metricsLogFrequency' to 0)
    ^-- Node [id=9858b8ac, name=null, uptime=00:02:00:009]
    ^-- H/N/C [hosts=1, nodes=2, CPUs=4]
    ^-- CPU [cur=0%, avg=0.18%, GC=0%]
    ^-- Heap [used=25MB, free=98.54%, comm=119MB]
    ^-- Non heap [used=38MB, free=-1%, comm=39MB]
    ^-- Public thread pool [active=0, idle=8, qSize=0]
    ^-- System thread pool [active=0, idle=16, qSize=0]
    ^-- Outbound messages queue [size=0]
[19:38:28,099][INFO][grid-timeout-worker-#27%null%][IgniteKernal] 
Metrics for local node (to disable set 'metricsLogFrequency' to 0)
    ^-- Node [id=9858b8ac, name=null, uptime=00:03:00:017]
    ^-- H/N/C [hosts=1, nodes=2, CPUs=4]
    ^-- CPU [cur=0.1%, avg=0.17%, GC=0%]
    ^-- Heap [used=22MB, free=98.69%, comm=116MB]
    ^-- Non heap [used=39MB, free=-1%, comm=40MB]
    ^-- Public thread pool [active=0, idle=8, qSize=0]
    ^-- System thread pool [active=0, idle=16, qSize=0]
    ^-- Outbound messages queue [size=0]
[19:39:28,102][INFO][grid-timeout-worker-#27%null%][IgniteKernal] 
Metrics for local node (to disable set 'metricsLogFrequency' to 0)
    ^-- Node [id=9858b8ac, name=null, uptime=00:04:00:017]
    ^-- H/N/C [hosts=1, nodes=2, CPUs=4]
    ^-- CPU [cur=0.23%, avg=0.18%, GC=0%]
    ^-- Heap [used=19MB, free=98.87%, comm=117MB]
    ^-- Non heap [used=39MB, free=-1%, comm=40MB]
    ^-- Public thread pool [active=0, idle=8, qSize=0]
    ^-- System thread pool [active=0, idle=16, qSize=0]
    ^-- Outbound messages queue [size=0]
[19:40:28,100][INFO][grid-timeout-worker-#27%null%][IgniteKernal] 
Metrics for local node (to disable set 'metricsLogFrequency' to 0)
    ^-- Node [id=9858b8ac, name=null, uptime=00:05:00:018]
    ^-- H/N/C [hosts=1, nodes=2, CPUs=4]
    ^-- CPU [cur=0.33%, avg=0.19%, GC=0.03%]
    ^-- Heap [used=18MB, free=98.96%, comm=114MB]
    ^-- Non heap [used=39MB, free=-1%, comm=40MB]
    ^-- Public thread pool [active=0, idle=8, qSize=0]
    ^-- System thread pool [active=0, idle=16, qSize=0]
    ^-- Outbound messages queue [size=0]
[19:41:28,109][INFO][grid-timeout-worker-#27%null%][IgniteKernal] 
Metrics for local node (to disable set 'metricsLogFrequency' to 0)
    ^-- Node [id=9858b8ac, name=null, uptime=00:06:00:025]
    ^-- H/N/C [hosts=1, nodes=2, CPUs=4]
    ^-- CPU [cur=0.33%, avg=0.2%, GC=0.03%]
    ^-- Heap [used=16MB, free=99.05%, comm=115MB]
    ^-- Non heap [used=40MB, free=-1%, comm=41MB]
    ^-- Public thread pool [active=0, idle=8, qSize=0]
    ^-- System thread pool [active=0, idle=16, qSize=0]
    ^-- Outbound messages queue [size=0]
[19:42:28,112][INFO][grid-timeout-worker-#27%null%][IgniteKernal] 
Metrics for local node (to disable set 'metricsLogFrequency' to 0)
    ^-- Node [id=9858b8ac, name=null, uptime=00:07:00:031]
    ^-- H/N/C [hosts=1, nodes=2, CPUs=4]
    ^-- CPU [cur=0.17%, avg=0.19%, GC=0%]
    ^-- Heap [used=57MB, free=96.71%, comm=115MB]
    ^-- Non heap [used=40MB, free=-1%, comm=41MB]
    ^-- Public thread pool [active=0, idle=8, qSize=0]
    ^-- System thread pool [active=0, idle=16, qSize=0]
    ^-- Outbound messages queue [size=0]
[19:43:28,119][INFO][grid-timeout-worker-#27%null%][IgniteKernal] 
Metrics for local node (to disable set 'metricsLogFrequency' to 0)
    ^-- Node [id=9858b8ac, name=null, uptime=00:08:00:037]
    ^-- H/N/C [hosts=1, nodes=2, CPUs=4]
    ^-- CPU [cur=0.07%, avg=0.19%, GC=0%]
    ^-- Heap [used=56MB, free=96.81%, comm=112MB]
    ^-- Non heap [used=40MB, free=-1%, comm=41MB]
    ^-- Public thread pool [active=0, idle=8, qSize=0]
    ^-- System thread pool [active=0, idle=16, qSize=0]
    ^-- Outbound messages queue [size=0]
[19:44:28,128][INFO][grid-timeout-worker-#27%null%][IgniteKernal] 
Metrics for local node (to disable set 'metricsLogFrequency' to 0)
    ^-- Node [id=9858b8ac, name=null, uptime=00:09:00:040]
    ^-- H/N/C [hosts=1, nodes=2, CPUs=4]
    ^-- CPU [cur=0.23%, avg=0.18%, GC=0%]
    ^-- Heap [used=56MB, free=96.81%, comm=113MB]
    ^-- Non heap [used=41MB, free=-1%, comm=41MB]
    ^-- Public thread pool [active=0, idle=8, qSize=0]
    ^-- System thread pool [active=0, idle=16, qSize=0]
    ^-- Outbound messages queue [size=0]
[19:45:28,129][INFO][grid-timeout-worker-#27%null%][IgniteKernal] 
Metrics for local node (to disable set 'metricsLogFrequency' to 0)
    ^-- Node [id=9858b8ac, name=null, uptime=00:10:00:044]
    ^-- H/N/C [hosts=1, nodes=2, CPUs=4]
    ^-- CPU [cur=0.73%, avg=0.18%, GC=0%]
    ^-- Heap [used=55MB, free=96.82%, comm=111MB]
    ^-- Non heap [used=41MB, free=-1%, comm=41MB]
    ^-- Public thread pool [active=0, idle=8, qSize=0]
    ^-- System thread pool [active=0, idle=16, qSize=0]
    ^-- Outbound messages queue [size=0]
[19:46:28,133][INFO][grid-timeout-worker-#27%null%][IgniteKernal] 
Metrics for local node (to disable set 'metricsLogFrequency' to 0)
    ^-- Node [id=9858b8ac, name=null, uptime=00:11:00:048]
    ^-- H/N/C [hosts=1, nodes=2, CPUs=4]
    ^-- CPU [cur=0.17%, avg=0.18%, GC=0.03%]
    ^-- Heap [used=16MB, free=99.06%, comm=110MB]
    ^-- Non heap [used=41MB, free=-1%, comm=42MB]
    ^-- Public thread pool [active=0, idle=8, qSize=0]
    ^-- System thread pool [active=0, idle=16, qSize=0]
    ^-- Outbound messages queue [size=0]
