[00:02:07,610][INFO][main][IgniteKernal] 

>>>    __________  ________________  
>>>   /  _/ ___/ |/ /  _/_  __/ __/  
>>>  _/ // (7 7    // /  / / / _/    
>>> /___/\___/_/|_/___/ /_/ /___/   
>>> 
>>> ver. 1.7.0#20160801-sha1:383273e3
>>> 2016 Copyright(C) Apache Software Foundation
>>> 
>>> Ignite documentation: http://ignite.apache.org

[00:02:07,623][INFO][main][IgniteKernal] Config URL: file:/afs/inf.ed.ac.uk/user/s16/s1626297/Desktop/ds/apache-ignite-fabric-1.7.0-bin/examples/config/example-ignite-no-discovery.xml
[00:02:07,623][INFO][main][IgniteKernal] Daemon mode: off
[00:02:07,623][INFO][main][IgniteKernal] OS: Linux 3.10.0-327.36.3.el7.x86_64 amd64
[00:02:07,623][INFO][main][IgniteKernal] OS user: s1626297
[00:02:07,623][INFO][main][IgniteKernal] Language runtime: Java Platform API Specification ver. 1.8
[00:02:07,624][INFO][main][IgniteKernal] VM information: Java(TM) SE Runtime Environment 1.8.0_91-b14 Oracle Corporation Java HotSpot(TM) 64-Bit Server VM 25.91-b14
[00:02:07,625][INFO][main][IgniteKernal] VM total memory: 1.7GB
[00:02:07,625][INFO][main][IgniteKernal] Remote Management [restart: off, REST: on, JMX (remote: off)]
[00:02:07,625][INFO][main][IgniteKernal] IGNITE_HOME=/afs/inf.ed.ac.uk/user/s16/s1626297/Desktop/ds/apache-ignite-fabric-1.7.0-bin
[00:02:07,625][INFO][main][IgniteKernal] VM arguments: [-DIGNITE_HOME=/afs/inf.ed.ac.uk/user/s16/s1626297/Desktop/ds/apache-ignite-fabric-1.7.0-bin, -Didea.launcher.port=7532, -Didea.launcher.bin.path=/opt/idea-ce/bin, -Dfile.encoding=UTF-8]
[00:02:07,625][INFO][main][IgniteKernal] Configured caches ['ignite-marshaller-sys-cache', 'ignite-sys-cache', 'ignite-atomics-sys-cache']
[00:02:07,626][WARNING][main][IgniteKernal] Peer class loading is enabled (disable it in production for performance and deployment consistency reasons)
[00:02:07,637][INFO][main][IgniteKernal] 3-rd party licenses can be found at: /afs/inf.ed.ac.uk/user/s16/s1626297/Desktop/ds/apache-ignite-fabric-1.7.0-bin/libs/licenses
[00:02:07,638][WARNING][pub-#26%null%][GridDiagnostic] Initial heap size is 124MB (should be no less than 512MB, use -Xms512m -Xmx512m).
[00:02:07,860][INFO][main][IgniteKernal] Non-loopback local IPs: 129.215.3.32, fe80:0:0:0:a2d3:c1ff:fe0f:8a89%em1
[00:02:07,860][INFO][main][IgniteKernal] Enabled local MACs: A0D3C10F8A89
[00:02:07,879][INFO][main][IgnitePluginProcessor] Configured plugins:
[00:02:07,879][INFO][main][IgnitePluginProcessor]   ^-- None
[00:02:07,880][INFO][main][IgnitePluginProcessor] 
[00:02:08,075][INFO][main][TcpCommunicationSpi] IPC shared memory server endpoint started [port=48100, tokDir=/afs/inf.ed.ac.uk/user/s16/s1626297/Desktop/ds/apache-ignite-fabric-1.7.0-bin/work/ipc/shmem/eeaf339b-dff5-48bc-b079-155ae9b175b5-23339]
[00:02:08,075][INFO][main][TcpCommunicationSpi] Successfully bound shared memory communication to TCP port [port=48100, locHost=0.0.0.0/0.0.0.0]
[00:02:08,092][INFO][main][TcpCommunicationSpi] Successfully bound to TCP port [port=47100, locHost=0.0.0.0/0.0.0.0]
[00:02:08,288][WARNING][main][NoopCheckpointSpi] Checkpoints are disabled (to enable configure any GridCheckpointSpi implementation)
[00:02:08,317][WARNING][main][GridCollisionManager] Collision resolution is disabled (all jobs will be activated upon arrival).
[00:02:08,320][WARNING][main][NoopSwapSpaceSpi] Swap space is disabled. To enable use FileSwapSpaceSpi.
[00:02:08,321][INFO][main][IgniteKernal] Security status [authentication=off, tls/ssl=off]
[00:02:08,914][WARNING][main][IgniteH2Indexing] Serialization of Java objects in H2 was enabled.
[00:02:09,153][INFO][main][GridTcpRestProtocol] Command protocol successfully started [name=TCP binary, host=0.0.0.0/0.0.0.0, port=11211]
[00:02:09,726][INFO][main][GridCacheProcessor] Started cache [name=ignite-sys-cache, mode=REPLICATED]
[00:02:09,735][INFO][main][GridCacheProcessor] Started cache [name=ignite-atomics-sys-cache, mode=PARTITIONED]
[00:02:09,752][INFO][main][GridCacheProcessor] Started cache [name=ignite-marshaller-sys-cache, mode=REPLICATED]
[00:02:09,937][INFO][main][IgniteKernal] Performance suggestions for grid  (fix if possible)
[00:02:09,937][INFO][main][IgniteKernal] To disable, set -DIGNITE_PERFORMANCE_SUGGESTIONS_DISABLED=true
[00:02:09,937][INFO][main][IgniteKernal]   ^-- Disable peer class loading (set 'peerClassLoadingEnabled' to false)
[00:02:09,937][INFO][main][IgniteKernal]   ^-- Disable grid events (remove 'includeEventTypes' from configuration)
[00:02:09,937][INFO][main][IgniteKernal] 
[00:02:09,938][INFO][main][IgniteKernal] To start Console Management & Monitoring run ignitevisorcmd.{sh|bat}
[00:02:09,938][INFO][main][IgniteKernal] 
[00:02:09,938][INFO][main][IgniteKernal] 

>>> +----------------------------------------------------------------------+
>>> Ignite ver. 1.7.0#20160801-sha1:383273e3f66f702de2482466dce954d570a8ccf2
>>> +----------------------------------------------------------------------+
>>> OS name: Linux 3.10.0-327.36.3.el7.x86_64 amd64
>>> CPU(s): 4
>>> Heap: 1.7GB
>>> VM name: 23339@lodi.inf.ed.ac.uk
>>> Local node [ID=EEAF339B-DFF5-48BC-B079-155AE9B175B5, order=16, clientMode=true]
>>> Local node addresses: [lodi.inf.ed.ac.uk/0:0:0:0:0:0:0:1%lo, /127.0.0.1, /129.215.3.32]
>>> Local ports: TCP:11211 TCP:47100 TCP:48100 

[00:02:09,939][INFO][main][GridDiscoveryManager] Topology snapshot [ver=16, servers=1, clients=1, CPUs=4, heap=2.7GB]
[00:02:09,987][INFO][exchange-worker-#45%null%][GridCacheProcessor] Started cache [name=words, mode=PARTITIONED]
[00:02:10,145][INFO][main][GridDeploymentLocalStore] Class locally deployed: class wordcount.StreamWords$1
[00:02:19,451][INFO][ignite-update-notifier-timer][GridUpdateNotifier] Your version is up to date.
[00:02:21,379][INFO][disco-event-worker-#42%null%][GridDiscoveryManager] Added new node to topology: TcpDiscoveryNode [id=e94f7940-2859-4b9a-b876-96b8215d4071, addrs=[0:0:0:0:0:0:0:1%lo, 127.0.0.1, 129.215.3.32], sockAddrs=[/0:0:0:0:0:0:0:1%lo:0, /127.0.0.1:0, lodi.inf.ed.ac.uk/129.215.3.32:0], discPort=0, order=17, intOrder=10, lastExchangeTime=1478822540826, loc=false, ver=1.7.0#20160801-sha1:383273e3, isClient=true]
[00:02:21,425][INFO][disco-event-worker-#42%null%][GridDiscoveryManager] Topology snapshot [ver=17, servers=1, clients=2, CPUs=4, heap=4.4GB]
[00:03:09,945][INFO][grid-timeout-worker-#27%null%][IgniteKernal] 
Metrics for local node (to disable set 'metricsLogFrequency' to 0)
    ^-- Node [id=eeaf339b, name=null, uptime=00:01:00:005]
    ^-- H/N/C [hosts=1, nodes=3, CPUs=4]
    ^-- CPU [cur=9.1%, avg=7.63%, GC=0.6%]
    ^-- Heap [used=494MB, free=71.84%, comm=652MB]
    ^-- Non heap [used=41MB, free=-1%, comm=42MB]
    ^-- Public thread pool [active=0, idle=16, qSize=0]
    ^-- System thread pool [active=0, idle=16, qSize=0]
    ^-- Outbound messages queue [size=0]
[00:04:09,948][INFO][grid-timeout-worker-#27%null%][IgniteKernal] 
Metrics for local node (to disable set 'metricsLogFrequency' to 0)
    ^-- Node [id=eeaf339b, name=null, uptime=00:02:00:009]
    ^-- H/N/C [hosts=1, nodes=3, CPUs=4]
    ^-- CPU [cur=8.4%, avg=7.71%, GC=0.2%]
    ^-- Heap [used=404MB, free=76.98%, comm=571MB]
    ^-- Non heap [used=41MB, free=-1%, comm=42MB]
    ^-- Public thread pool [active=0, idle=16, qSize=0]
    ^-- System thread pool [active=0, idle=16, qSize=0]
    ^-- Outbound messages queue [size=0]
[00:05:09,946][INFO][grid-timeout-worker-#27%null%][IgniteKernal] 
Metrics for local node (to disable set 'metricsLogFrequency' to 0)
    ^-- Node [id=eeaf339b, name=null, uptime=00:03:00:010]
    ^-- H/N/C [hosts=1, nodes=3, CPUs=4]
    ^-- CPU [cur=8.17%, avg=7.66%, GC=0.13%]
    ^-- Heap [used=530MB, free=69.82%, comm=688MB]
    ^-- Non heap [used=41MB, free=-1%, comm=43MB]
    ^-- Public thread pool [active=0, idle=16, qSize=0]
    ^-- System thread pool [active=0, idle=16, qSize=0]
    ^-- Outbound messages queue [size=0]
[00:06:09,959][INFO][grid-timeout-worker-#27%null%][IgniteKernal] 
Metrics for local node (to disable set 'metricsLogFrequency' to 0)
    ^-- Node [id=eeaf339b, name=null, uptime=00:04:00:019]
    ^-- H/N/C [hosts=1, nodes=3, CPUs=4]
    ^-- CPU [cur=5.33%, avg=7.54%, GC=0.27%]
    ^-- Heap [used=189MB, free=89.22%, comm=484MB]
    ^-- Non heap [used=41MB, free=-1%, comm=43MB]
    ^-- Public thread pool [active=0, idle=16, qSize=0]
    ^-- System thread pool [active=0, idle=16, qSize=0]
    ^-- Outbound messages queue [size=0]
[00:07:09,962][INFO][grid-timeout-worker-#27%null%][IgniteKernal] 
Metrics for local node (to disable set 'metricsLogFrequency' to 0)
    ^-- Node [id=eeaf339b, name=null, uptime=00:05:00:024]
    ^-- H/N/C [hosts=1, nodes=3, CPUs=4]
    ^-- CPU [cur=6.9%, avg=7.49%, GC=0.1%]
    ^-- Heap [used=181MB, free=89.67%, comm=691MB]
    ^-- Non heap [used=42MB, free=-1%, comm=43MB]
    ^-- Public thread pool [active=0, idle=16, qSize=0]
    ^-- System thread pool [active=0, idle=16, qSize=0]
    ^-- Outbound messages queue [size=0]
[00:08:09,969][INFO][grid-timeout-worker-#27%null%][IgniteKernal] 
Metrics for local node (to disable set 'metricsLogFrequency' to 0)
    ^-- Node [id=eeaf339b, name=null, uptime=00:06:00:031]
    ^-- H/N/C [hosts=1, nodes=3, CPUs=4]
    ^-- CPU [cur=8%, avg=7.5%, GC=0.2%]
    ^-- Heap [used=401MB, free=77.17%, comm=659MB]
    ^-- Non heap [used=42MB, free=-1%, comm=43MB]
    ^-- Public thread pool [active=0, idle=16, qSize=0]
    ^-- System thread pool [active=0, idle=16, qSize=0]
    ^-- Outbound messages queue [size=0]
[00:09:09,973][INFO][grid-timeout-worker-#27%null%][IgniteKernal] 
Metrics for local node (to disable set 'metricsLogFrequency' to 0)
    ^-- Node [id=eeaf339b, name=null, uptime=00:07:00:036]
    ^-- H/N/C [hosts=1, nodes=3, CPUs=4]
    ^-- CPU [cur=6.83%, avg=7.53%, GC=0.23%]
    ^-- Heap [used=304MB, free=82.66%, comm=583MB]
    ^-- Non heap [used=42MB, free=-1%, comm=43MB]
    ^-- Public thread pool [active=0, idle=16, qSize=0]
    ^-- System thread pool [active=0, idle=16, qSize=0]
    ^-- Outbound messages queue [size=0]
[00:10:09,979][INFO][grid-timeout-worker-#27%null%][IgniteKernal] 
Metrics for local node (to disable set 'metricsLogFrequency' to 0)
    ^-- Node [id=eeaf339b, name=null, uptime=00:08:00:042]
    ^-- H/N/C [hosts=1, nodes=3, CPUs=4]
    ^-- CPU [cur=7.23%, avg=7.53%, GC=0.2%]
    ^-- Heap [used=209MB, free=88.09%, comm=692MB]
    ^-- Non heap [used=42MB, free=-1%, comm=43MB]
    ^-- Public thread pool [active=0, idle=16, qSize=0]
    ^-- System thread pool [active=0, idle=16, qSize=0]
    ^-- Outbound messages queue [size=0]
[00:11:09,978][INFO][grid-timeout-worker-#27%null%][IgniteKernal] 
Metrics for local node (to disable set 'metricsLogFrequency' to 0)
    ^-- Node [id=eeaf339b, name=null, uptime=00:09:00:043]
    ^-- H/N/C [hosts=1, nodes=3, CPUs=4]
    ^-- CPU [cur=8.43%, avg=7.54%, GC=0.53%]
    ^-- Heap [used=280MB, free=84.01%, comm=706MB]
    ^-- Non heap [used=42MB, free=-1%, comm=44MB]
    ^-- Public thread pool [active=0, idle=16, qSize=0]
    ^-- System thread pool [active=0, idle=16, qSize=0]
    ^-- Outbound messages queue [size=0]
[00:12:09,987][INFO][grid-timeout-worker-#27%null%][IgniteKernal] 
Metrics for local node (to disable set 'metricsLogFrequency' to 0)
    ^-- Node [id=eeaf339b, name=null, uptime=00:10:00:048]
    ^-- H/N/C [hosts=1, nodes=3, CPUs=4]
    ^-- CPU [cur=7.33%, avg=7.54%, GC=0.13%]
    ^-- Heap [used=277MB, free=84.22%, comm=664MB]
    ^-- Non heap [used=42MB, free=-1%, comm=44MB]
    ^-- Public thread pool [active=0, idle=16, qSize=0]
    ^-- System thread pool [active=0, idle=16, qSize=0]
    ^-- Outbound messages queue [size=0]
[00:13:09,991][INFO][grid-timeout-worker-#27%null%][IgniteKernal] 
Metrics for local node (to disable set 'metricsLogFrequency' to 0)
    ^-- Node [id=eeaf339b, name=null, uptime=00:11:00:054]
    ^-- H/N/C [hosts=1, nodes=3, CPUs=4]
    ^-- CPU [cur=7.6%, avg=7.57%, GC=0.07%]
    ^-- Heap [used=414MB, free=76.43%, comm=653MB]
    ^-- Non heap [used=43MB, free=-1%, comm=44MB]
    ^-- Public thread pool [active=0, idle=16, qSize=0]
    ^-- System thread pool [active=0, idle=16, qSize=0]
    ^-- Outbound messages queue [size=0]
[00:14:09,998][INFO][grid-timeout-worker-#27%null%][IgniteKernal] 
Metrics for local node (to disable set 'metricsLogFrequency' to 0)
    ^-- Node [id=eeaf339b, name=null, uptime=00:12:00:063]
    ^-- H/N/C [hosts=1, nodes=3, CPUs=4]
    ^-- CPU [cur=8.93%, avg=7.58%, GC=0.17%]
    ^-- Heap [used=73MB, free=95.81%, comm=666MB]
    ^-- Non heap [used=43MB, free=-1%, comm=44MB]
    ^-- Public thread pool [active=0, idle=16, qSize=0]
    ^-- System thread pool [active=0, idle=16, qSize=0]
    ^-- Outbound messages queue [size=0]
[00:14:19,260][INFO][disco-event-worker-#42%null%][GridDiscoveryManager] Node left topology: TcpDiscoveryNode [id=e94f7940-2859-4b9a-b876-96b8215d4071, addrs=[0:0:0:0:0:0:0:1%lo, 127.0.0.1, 129.215.3.32], sockAddrs=[/0:0:0:0:0:0:0:1%lo:0, /127.0.0.1:0, lodi.inf.ed.ac.uk/129.215.3.32:0], discPort=0, order=17, intOrder=10, lastExchangeTime=1478822540826, loc=false, ver=1.7.0#20160801-sha1:383273e3, isClient=true]
[00:14:19,260][INFO][disco-event-worker-#42%null%][GridDiscoveryManager] Topology snapshot [ver=18, servers=1, clients=1, CPUs=4, heap=2.7GB]
