[19:17:01,000][INFO][main][IgniteKernal] 

>>>    __________  ________________  
>>>   /  _/ ___/ |/ /  _/_  __/ __/  
>>>  _/ // (7 7    // /  / / / _/    
>>> /___/\___/_/|_/___/ /_/ /___/   
>>> 
>>> ver. 1.7.0#20160801-sha1:383273e3
>>> 2016 Copyright(C) Apache Software Foundation
>>> 
>>> Ignite documentation: http://ignite.apache.org

[19:17:01,001][INFO][main][IgniteKernal] Config URL: file:/afs/inf.ed.ac.uk/user/s16/s1626297/Desktop/ds/apache-ignite-fabric-1.7.0-bin/examples/config/example-ignite.xml
[19:17:01,002][INFO][main][IgniteKernal] Daemon mode: off
[19:17:01,002][INFO][main][IgniteKernal] OS: Linux 3.10.0-327.36.3.el7.x86_64 amd64
[19:17:01,002][INFO][main][IgniteKernal] OS user: s1626297
[19:17:01,002][INFO][main][IgniteKernal] Language runtime: Java Platform API Specification ver. 1.8
[19:17:01,002][INFO][main][IgniteKernal] VM information: Java(TM) SE Runtime Environment 1.8.0_91-b14 Oracle Corporation Java HotSpot(TM) 64-Bit Server VM 25.91-b14
[19:17:01,004][INFO][main][IgniteKernal] VM total memory: 1.7GB
[19:17:01,004][INFO][main][IgniteKernal] Remote Management [restart: off, REST: on, JMX (remote: off)]
[19:17:01,004][INFO][main][IgniteKernal] IGNITE_HOME=/afs/inf.ed.ac.uk/user/s16/s1626297/Desktop/ds/apache-ignite-fabric-1.7.0-bin
[19:17:01,005][INFO][main][IgniteKernal] VM arguments: [-DIGNITE_HOME=/afs/inf.ed.ac.uk/user/s16/s1626297/Desktop/ds/apache-ignite-fabric-1.7.0-bin, -Didea.launcher.port=7534, -Didea.launcher.bin.path=/opt/idea-ce/bin, -Dfile.encoding=UTF-8]
[19:17:01,005][INFO][main][IgniteKernal] Configured caches ['ignite-marshaller-sys-cache', 'ignite-sys-cache', 'ignite-atomics-sys-cache']
[19:17:01,005][WARNING][main][IgniteKernal] Peer class loading is enabled (disable it in production for performance and deployment consistency reasons)
[19:17:01,009][INFO][main][IgniteKernal] 3-rd party licenses can be found at: /afs/inf.ed.ac.uk/user/s16/s1626297/Desktop/ds/apache-ignite-fabric-1.7.0-bin/libs/licenses
[19:17:01,011][WARNING][pub-#26%null%][GridDiagnostic] Initial heap size is 124MB (should be no less than 512MB, use -Xms512m -Xmx512m).
[19:17:01,059][INFO][main][IgniteKernal] Non-loopback local IPs: 129.215.3.58, fe80:0:0:0:ea39:35ff:fe47:8f2e%em1
[19:17:01,059][INFO][main][IgniteKernal] Enabled local MACs: E83935478F2E
[19:17:01,076][INFO][main][IgnitePluginProcessor] Configured plugins:
[19:17:01,076][INFO][main][IgnitePluginProcessor]   ^-- None
[19:17:01,076][INFO][main][IgnitePluginProcessor] 
[19:17:01,194][INFO][main][TcpCommunicationSpi] IPC shared memory server endpoint started [port=48100, tokDir=/afs/inf.ed.ac.uk/user/s16/s1626297/Desktop/ds/apache-ignite-fabric-1.7.0-bin/work/ipc/shmem/83f33a94-86dd-4622-a16a-ad5cb74e4f86-27497]
[19:17:01,194][INFO][main][TcpCommunicationSpi] Successfully bound shared memory communication to TCP port [port=48100, locHost=0.0.0.0/0.0.0.0]
[19:17:01,223][INFO][main][TcpCommunicationSpi] Successfully bound to TCP port [port=47100, locHost=0.0.0.0/0.0.0.0]
[19:17:01,268][WARNING][main][NoopCheckpointSpi] Checkpoints are disabled (to enable configure any GridCheckpointSpi implementation)
[19:17:01,303][WARNING][main][GridCollisionManager] Collision resolution is disabled (all jobs will be activated upon arrival).
[19:17:01,306][WARNING][main][NoopSwapSpaceSpi] Swap space is disabled. To enable use FileSwapSpaceSpi.
[19:17:01,307][INFO][main][IgniteKernal] Security status [authentication=off, tls/ssl=off]
[19:17:01,551][WARNING][main][IgniteH2Indexing] Serialization of Java objects in H2 was enabled.
[19:17:01,614][INFO][main][GridTcpRestProtocol] Command protocol successfully started [name=TCP binary, host=0.0.0.0/0.0.0.0, port=11211]
[19:17:02,732][INFO][main][GridCacheProcessor] Started cache [name=ignite-sys-cache, mode=REPLICATED]
[19:17:02,744][INFO][main][GridCacheProcessor] Started cache [name=ignite-atomics-sys-cache, mode=PARTITIONED]
[19:17:02,763][INFO][main][GridCacheProcessor] Started cache [name=ignite-marshaller-sys-cache, mode=REPLICATED]
[19:17:02,921][INFO][main][IgniteKernal] Performance suggestions for grid  (fix if possible)
[19:17:02,921][INFO][main][IgniteKernal] To disable, set -DIGNITE_PERFORMANCE_SUGGESTIONS_DISABLED=true
[19:17:02,921][INFO][main][IgniteKernal]   ^-- Disable peer class loading (set 'peerClassLoadingEnabled' to false)
[19:17:02,921][INFO][main][IgniteKernal]   ^-- Disable grid events (remove 'includeEventTypes' from configuration)
[19:17:02,922][INFO][main][IgniteKernal] 
[19:17:02,922][INFO][main][IgniteKernal] To start Console Management & Monitoring run ignitevisorcmd.{sh|bat}
[19:17:02,922][INFO][main][IgniteKernal] 
[19:17:02,923][INFO][main][IgniteKernal] 

>>> +----------------------------------------------------------------------+
>>> Ignite ver. 1.7.0#20160801-sha1:383273e3f66f702de2482466dce954d570a8ccf2
>>> +----------------------------------------------------------------------+
>>> OS name: Linux 3.10.0-327.36.3.el7.x86_64 amd64
>>> CPU(s): 4
>>> Heap: 1.7GB
>>> VM name: 27497@combeferre.inf.ed.ac.uk
>>> Local node [ID=83F33A94-86DD-4622-A16A-AD5CB74E4F86, order=261, clientMode=true]
>>> Local node addresses: [combeferre.inf.ed.ac.uk/0:0:0:0:0:0:0:1%lo, /127.0.0.1, /129.215.3.58]
>>> Local ports: TCP:11211 TCP:47100 UDP:47400 TCP:48100 

[19:17:02,925][INFO][main][GridDiscoveryManager] Topology snapshot [ver=261, servers=3, clients=2, CPUs=16, heap=6.4GB]
[19:17:02,970][INFO][exchange-worker-#44%null%][GridCacheProcessor] Started cache [name=words, mode=PARTITIONED]
[19:17:03,011][INFO][main][GridTcpRestProtocol] Command protocol successfully stopped: TCP binary
[19:17:03,025][INFO][main][GridCacheProcessor] Stopped cache: ignite-marshaller-sys-cache
[19:17:03,025][INFO][main][GridCacheProcessor] Stopped cache: ignite-sys-cache
[19:17:03,025][INFO][main][GridCacheProcessor] Stopped cache: ignite-atomics-sys-cache
[19:17:03,026][INFO][main][GridCacheProcessor] Stopped cache: words
[19:17:03,032][INFO][main][GridDeploymentLocalStore] Removed undeployed class: GridDeployment [ts=1478632622841, depMode=SHARED, clsLdr=sun.misc.Launcher$AppClassLoader@4dc63996, clsLdrId=3604f554851-83f33a94-86dd-4622-a16a-ad5cb74e4f86, userVer=0, loc=true, sampleClsName=org.apache.ignite.internal.processors.cache.distributed.dht.preloader.GridDhtPartitionFullMap, pendingUndeploy=false, undeployed=true, usage=0]
[19:17:03,039][INFO][main][IgniteKernal] 

>>> +---------------------------------------------------------------------------------+
>>> Ignite ver. 1.7.0#20160801-sha1:383273e3f66f702de2482466dce954d570a8ccf2 stopped OK
>>> +---------------------------------------------------------------------------------+
>>> Grid uptime: 00:00:00:121


