[16:29:15,829][INFO][main][IgniteKernal] 

>>>    __________  ________________  
>>>   /  _/ ___/ |/ /  _/_  __/ __/  
>>>  _/ // (7 7    // /  / / / _/    
>>> /___/\___/_/|_/___/ /_/ /___/   
>>> 
>>> ver. 1.7.0#20160801-sha1:383273e3
>>> 2016 Copyright(C) Apache Software Foundation
>>> 
>>> Ignite documentation: http://ignite.apache.org

[16:29:15,830][INFO][main][IgniteKernal] Config URL: file:/afs/inf.ed.ac.uk/user/s16/s1626297/Desktop/ds/apache-ignite-fabric-1.7.0-bin/examples/config/example-ignite-no-discovery.xml
[16:29:15,831][INFO][main][IgniteKernal] Daemon mode: off
[16:29:15,831][INFO][main][IgniteKernal] OS: Linux 3.10.0-327.36.3.el7.x86_64 amd64
[16:29:15,831][INFO][main][IgniteKernal] OS user: s1626297
[16:29:15,831][INFO][main][IgniteKernal] Language runtime: Java Platform API Specification ver. 1.8
[16:29:15,831][INFO][main][IgniteKernal] VM information: Java(TM) SE Runtime Environment 1.8.0_91-b14 Oracle Corporation Java HotSpot(TM) 64-Bit Server VM 25.91-b14
[16:29:15,833][INFO][main][IgniteKernal] VM total memory: 1.7GB
[16:29:15,833][INFO][main][IgniteKernal] Remote Management [restart: off, REST: on, JMX (remote: off)]
[16:29:15,833][INFO][main][IgniteKernal] IGNITE_HOME=/afs/inf.ed.ac.uk/user/s16/s1626297/Desktop/ds/apache-ignite-fabric-1.7.0-bin
[16:29:15,833][INFO][main][IgniteKernal] VM arguments: [-DIGNITE_HOME=/afs/inf.ed.ac.uk/user/s16/s1626297/Desktop/ds/apache-ignite-fabric-1.7.0-bin, -Didea.launcher.port=7533, -Didea.launcher.bin.path=/opt/idea-ce/bin, -Dfile.encoding=UTF-8]
[16:29:15,833][INFO][main][IgniteKernal] Configured caches ['ignite-marshaller-sys-cache', 'ignite-sys-cache', 'ignite-atomics-sys-cache']
[16:29:15,833][WARNING][main][IgniteKernal] Peer class loading is enabled (disable it in production for performance and deployment consistency reasons)
[16:29:15,836][INFO][main][IgniteKernal] 3-rd party licenses can be found at: /afs/inf.ed.ac.uk/user/s16/s1626297/Desktop/ds/apache-ignite-fabric-1.7.0-bin/libs/licenses
[16:29:15,839][WARNING][pub-#26%null%][GridDiagnostic] Initial heap size is 124MB (should be no less than 512MB, use -Xms512m -Xmx512m).
[16:29:15,885][INFO][main][IgniteKernal] Non-loopback local IPs: 129.215.3.62, fe80:0:0:0:8a51:fbff:fe55:4f8e%em1
[16:29:15,885][INFO][main][IgniteKernal] Enabled local MACs: 8851FB554F8E
[16:29:15,900][INFO][main][IgnitePluginProcessor] Configured plugins:
[16:29:15,900][INFO][main][IgnitePluginProcessor]   ^-- None
[16:29:15,901][INFO][main][IgnitePluginProcessor] 
[16:29:16,007][INFO][main][TcpCommunicationSpi] IPC shared memory server endpoint started [port=48101, tokDir=/afs/inf.ed.ac.uk/user/s16/s1626297/Desktop/ds/apache-ignite-fabric-1.7.0-bin/work/ipc/shmem/6543d612-31d1-4a93-90d1-0249732ad66a-28726]
[16:29:16,008][INFO][main][TcpCommunicationSpi] Successfully bound shared memory communication to TCP port [port=48101, locHost=0.0.0.0/0.0.0.0]
[16:29:16,027][INFO][main][TcpCommunicationSpi] Successfully bound to TCP port [port=47101, locHost=0.0.0.0/0.0.0.0]
[16:29:16,074][WARNING][main][NoopCheckpointSpi] Checkpoints are disabled (to enable configure any GridCheckpointSpi implementation)
[16:29:16,097][WARNING][main][GridCollisionManager] Collision resolution is disabled (all jobs will be activated upon arrival).
[16:29:16,100][WARNING][main][NoopSwapSpaceSpi] Swap space is disabled. To enable use FileSwapSpaceSpi.
[16:29:16,101][INFO][main][IgniteKernal] Security status [authentication=off, tls/ssl=off]
[16:29:16,320][WARNING][main][IgniteH2Indexing] Serialization of Java objects in H2 was enabled.
[16:29:16,370][INFO][main][GridTcpRestProtocol] Command protocol successfully started [name=TCP binary, host=0.0.0.0/0.0.0.0, port=11212]
[16:29:16,732][INFO][main][GridCacheProcessor] Started cache [name=ignite-sys-cache, mode=REPLICATED]
[16:29:16,742][INFO][main][GridCacheProcessor] Started cache [name=ignite-atomics-sys-cache, mode=PARTITIONED]
[16:29:16,760][INFO][main][GridCacheProcessor] Started cache [name=ignite-marshaller-sys-cache, mode=REPLICATED]
[16:29:16,916][INFO][main][IgniteKernal] Performance suggestions for grid  (fix if possible)
[16:29:16,916][INFO][main][IgniteKernal] To disable, set -DIGNITE_PERFORMANCE_SUGGESTIONS_DISABLED=true
[16:29:16,916][INFO][main][IgniteKernal]   ^-- Disable peer class loading (set 'peerClassLoadingEnabled' to false)
[16:29:16,916][INFO][main][IgniteKernal]   ^-- Disable grid events (remove 'includeEventTypes' from configuration)
[16:29:16,916][INFO][main][IgniteKernal] 
[16:29:16,916][INFO][main][IgniteKernal] To start Console Management & Monitoring run ignitevisorcmd.{sh|bat}
[16:29:16,917][INFO][main][IgniteKernal] 
[16:29:16,917][INFO][main][IgniteKernal] 

>>> +----------------------------------------------------------------------+
>>> Ignite ver. 1.7.0#20160801-sha1:383273e3f66f702de2482466dce954d570a8ccf2
>>> +----------------------------------------------------------------------+
>>> OS name: Linux 3.10.0-327.36.3.el7.x86_64 amd64
>>> CPU(s): 4
>>> Heap: 1.7GB
>>> VM name: 28726@parrot.inf.ed.ac.uk
>>> Local node [ID=6543D612-31D1-4A93-90D1-0249732AD66A, order=24, clientMode=true]
>>> Local node addresses: [parrot.inf.ed.ac.uk/0:0:0:0:0:0:0:1%lo, /127.0.0.1, /129.215.3.62]
>>> Local ports: TCP:11212 TCP:47101 TCP:48101 

[16:29:16,918][INFO][main][GridDiscoveryManager] Topology snapshot [ver=24, servers=1, clients=1, CPUs=4, heap=2.7GB]
[16:29:16,955][INFO][exchange-worker-#45%null%][GridCacheProcessor] Started cache [name=words, mode=PARTITIONED]
[16:29:16,980][INFO][main][GridTcpRestProtocol] Command protocol successfully stopped: TCP binary
[16:29:16,992][INFO][main][GridCacheProcessor] Stopped cache: ignite-marshaller-sys-cache
[16:29:16,993][INFO][main][GridCacheProcessor] Stopped cache: ignite-sys-cache
[16:29:16,993][INFO][main][GridCacheProcessor] Stopped cache: ignite-atomics-sys-cache
[16:29:16,993][INFO][main][GridCacheProcessor] Stopped cache: words
[16:29:16,999][INFO][main][GridDeploymentLocalStore] Removed undeployed class: GridDeployment [ts=1478708956842, depMode=SHARED, clsLdr=sun.misc.Launcher$AppClassLoader@4dc63996, clsLdrId=ce70ce94851-6543d612-31d1-4a93-90d1-0249732ad66a, userVer=0, loc=true, sampleClsName=org.apache.ignite.internal.processors.cache.distributed.dht.preloader.GridDhtPartitionFullMap, pendingUndeploy=false, undeployed=true, usage=0]
[16:29:17,015][INFO][main][IgniteKernal] 

>>> +---------------------------------------------------------------------------------+
>>> Ignite ver. 1.7.0#20160801-sha1:383273e3f66f702de2482466dce954d570a8ccf2 stopped OK
>>> +---------------------------------------------------------------------------------+
>>> Grid uptime: 00:00:00:090


