[01:05:23,578][INFO][main][IgniteKernal] 

>>>    __________  ________________  
>>>   /  _/ ___/ |/ /  _/_  __/ __/  
>>>  _/ // (7 7    // /  / / / _/    
>>> /___/\___/_/|_/___/ /_/ /___/   
>>> 
>>> ver. 1.7.0#20160801-sha1:383273e3
>>> 2016 Copyright(C) Apache Software Foundation
>>> 
>>> Ignite documentation: http://ignite.apache.org

[01:05:23,579][INFO][main][IgniteKernal] Config URL: file:/afs/inf.ed.ac.uk/user/s16/s1626297/Desktop/ds/apache-ignite-fabric-1.7.0-bin/examples/config/example-ignite-no-discovery.xml
[01:05:23,579][INFO][main][IgniteKernal] Daemon mode: off
[01:05:23,580][INFO][main][IgniteKernal] OS: Linux 3.10.0-327.36.3.el7.x86_64 amd64
[01:05:23,580][INFO][main][IgniteKernal] OS user: s1626297
[01:05:23,580][INFO][main][IgniteKernal] Language runtime: Java Platform API Specification ver. 1.8
[01:05:23,580][INFO][main][IgniteKernal] VM information: Java(TM) SE Runtime Environment 1.8.0_91-b14 Oracle Corporation Java HotSpot(TM) 64-Bit Server VM 25.91-b14
[01:05:23,582][INFO][main][IgniteKernal] VM total memory: 1.7GB
[01:05:23,582][INFO][main][IgniteKernal] Remote Management [restart: off, REST: on, JMX (remote: off)]
[01:05:23,586][INFO][main][IgniteKernal] IGNITE_HOME=/afs/inf.ed.ac.uk/user/s16/s1626297/Desktop/ds/apache-ignite-fabric-1.7.0-bin
[01:05:23,586][INFO][main][IgniteKernal] VM arguments: [-DIGNITE_HOME=/afs/inf.ed.ac.uk/user/s16/s1626297/Desktop/ds/apache-ignite-fabric-1.7.0-bin, -Didea.launcher.port=7552, -Didea.launcher.bin.path=/opt/idea-ce/bin, -Dfile.encoding=UTF-8]
[01:05:23,586][INFO][main][IgniteKernal] Configured caches ['ignite-marshaller-sys-cache', 'ignite-sys-cache', 'ignite-atomics-sys-cache']
[01:05:23,587][WARNING][main][IgniteKernal] Peer class loading is enabled (disable it in production for performance and deployment consistency reasons)
[01:05:23,597][INFO][main][IgniteKernal] 3-rd party licenses can be found at: /afs/inf.ed.ac.uk/user/s16/s1626297/Desktop/ds/apache-ignite-fabric-1.7.0-bin/libs/licenses
[01:05:23,603][WARNING][pub-#26%null%][GridDiagnostic] Initial heap size is 124MB (should be no less than 512MB, use -Xms512m -Xmx512m).
[01:05:23,657][INFO][main][IgniteKernal] Non-loopback local IPs: 129.215.2.234, fe80:0:0:0:8edc:d4ff:fe57:28d5%em1
[01:05:23,657][INFO][main][IgniteKernal] Enabled local MACs: 8CDCD45728D5
[01:05:23,671][INFO][main][IgnitePluginProcessor] Configured plugins:
[01:05:23,671][INFO][main][IgnitePluginProcessor]   ^-- None
[01:05:23,671][INFO][main][IgnitePluginProcessor] 
[01:05:23,791][INFO][main][TcpCommunicationSpi] IPC shared memory server endpoint started [port=48101, tokDir=/afs/inf.ed.ac.uk/user/s16/s1626297/Desktop/ds/apache-ignite-fabric-1.7.0-bin/work/ipc/shmem/048f366f-55fc-42ff-a347-852608ef7a57-12033]
[01:05:23,791][INFO][main][TcpCommunicationSpi] Successfully bound shared memory communication to TCP port [port=48101, locHost=0.0.0.0/0.0.0.0]
[01:05:23,811][INFO][main][TcpCommunicationSpi] Successfully bound to TCP port [port=47101, locHost=0.0.0.0/0.0.0.0]
[01:05:23,846][WARNING][main][NoopCheckpointSpi] Checkpoints are disabled (to enable configure any GridCheckpointSpi implementation)
[01:05:23,869][WARNING][main][GridCollisionManager] Collision resolution is disabled (all jobs will be activated upon arrival).
[01:05:23,872][WARNING][main][NoopSwapSpaceSpi] Swap space is disabled. To enable use FileSwapSpaceSpi.
[01:05:23,873][INFO][main][IgniteKernal] Security status [authentication=off, tls/ssl=off]
[01:05:24,095][WARNING][main][IgniteH2Indexing] Serialization of Java objects in H2 was enabled.
[01:05:24,147][INFO][main][GridTcpRestProtocol] Command protocol successfully started [name=TCP binary, host=0.0.0.0/0.0.0.0, port=11212]
[01:05:26,510][INFO][main][GridCacheProcessor] Started cache [name=ignite-sys-cache, mode=REPLICATED]
[01:05:26,520][INFO][main][GridCacheProcessor] Started cache [name=ignite-atomics-sys-cache, mode=PARTITIONED]
[01:05:26,535][INFO][main][GridCacheProcessor] Started cache [name=ignite-marshaller-sys-cache, mode=REPLICATED]
[01:05:26,713][INFO][main][IgniteKernal] Performance suggestions for grid  (fix if possible)
[01:05:26,714][INFO][main][IgniteKernal] To disable, set -DIGNITE_PERFORMANCE_SUGGESTIONS_DISABLED=true
[01:05:26,714][INFO][main][IgniteKernal]   ^-- Disable peer class loading (set 'peerClassLoadingEnabled' to false)
[01:05:26,714][INFO][main][IgniteKernal]   ^-- Disable grid events (remove 'includeEventTypes' from configuration)
[01:05:26,714][INFO][main][IgniteKernal] 
[01:05:26,714][INFO][main][IgniteKernal] To start Console Management & Monitoring run ignitevisorcmd.{sh|bat}
[01:05:26,714][INFO][main][IgniteKernal] 
[01:05:26,715][INFO][main][IgniteKernal] 

>>> +----------------------------------------------------------------------+
>>> Ignite ver. 1.7.0#20160801-sha1:383273e3f66f702de2482466dce954d570a8ccf2
>>> +----------------------------------------------------------------------+
>>> OS name: Linux 3.10.0-327.36.3.el7.x86_64 amd64
>>> CPU(s): 4
>>> Heap: 1.7GB
>>> VM name: 12033@donners.inf.ed.ac.uk
>>> Local node [ID=048F366F-55FC-42FF-A347-852608EF7A57, order=34, clientMode=true]
>>> Local node addresses: [donners.inf.ed.ac.uk/0:0:0:0:0:0:0:1%lo, /127.0.0.1, /129.215.2.234]
>>> Local ports: TCP:11212 TCP:47101 TCP:48101 

[01:05:26,716][INFO][main][GridDiscoveryManager] Topology snapshot [ver=34, servers=1, clients=1, CPUs=4, heap=2.7GB]
[01:05:26,754][INFO][exchange-worker-#45%null%][GridCacheProcessor] Started cache [name=partC, mode=PARTITIONED]
[01:05:27,278][INFO][main][GridDeploymentLocalStore] Class locally deployed: class partC.StreamWords$1
[01:05:35,083][INFO][main][GridTcpRestProtocol] Command protocol successfully stopped: TCP binary
[01:05:35,096][INFO][main][GridCacheProcessor] Stopped cache: ignite-marshaller-sys-cache
[01:05:35,097][INFO][main][GridCacheProcessor] Stopped cache: ignite-sys-cache
[01:05:35,097][INFO][main][GridCacheProcessor] Stopped cache: ignite-atomics-sys-cache
[01:05:35,097][INFO][main][GridCacheProcessor] Stopped cache: partC
[01:05:35,100][INFO][main][GridDeploymentLocalStore] Removed undeployed class: GridDeployment [ts=1479258326650, depMode=SHARED, clsLdr=sun.misc.Launcher$AppClassLoader@4dc63996, clsLdrId=687baaa6851-048f366f-55fc-42ff-a347-852608ef7a57, userVer=0, loc=true, sampleClsName=org.apache.ignite.internal.processors.cache.distributed.dht.preloader.GridDhtPartitionFullMap, pendingUndeploy=false, undeployed=true, usage=0]
[01:05:35,108][INFO][main][IgniteKernal] 

>>> +---------------------------------------------------------------------------------+
>>> Ignite ver. 1.7.0#20160801-sha1:383273e3f66f702de2482466dce954d570a8ccf2 stopped OK
>>> +---------------------------------------------------------------------------------+
>>> Grid uptime: 00:00:08:397


