[01:01:54,799][INFO][main][IgniteKernal] 

>>>    __________  ________________  
>>>   /  _/ ___/ |/ /  _/_  __/ __/  
>>>  _/ // (7 7    // /  / / / _/    
>>> /___/\___/_/|_/___/ /_/ /___/   
>>> 
>>> ver. 1.7.0#20160801-sha1:383273e3
>>> 2016 Copyright(C) Apache Software Foundation
>>> 
>>> Ignite documentation: http://ignite.apache.org

[01:01:54,801][INFO][main][IgniteKernal] Config URL: file:/afs/inf.ed.ac.uk/user/s16/s1626297/Desktop/ds/apache-ignite-fabric-1.7.0-bin/examples/config/example-ignite-no-discovery.xml
[01:01:54,801][INFO][main][IgniteKernal] Daemon mode: off
[01:01:54,801][INFO][main][IgniteKernal] OS: Linux 3.10.0-327.36.3.el7.x86_64 amd64
[01:01:54,801][INFO][main][IgniteKernal] OS user: s1626297
[01:01:54,802][INFO][main][IgniteKernal] Language runtime: Java Platform API Specification ver. 1.8
[01:01:54,802][INFO][main][IgniteKernal] VM information: Java(TM) SE Runtime Environment 1.8.0_91-b14 Oracle Corporation Java HotSpot(TM) 64-Bit Server VM 25.91-b14
[01:01:54,803][INFO][main][IgniteKernal] VM total memory: 1.7GB
[01:01:54,803][INFO][main][IgniteKernal] Remote Management [restart: off, REST: on, JMX (remote: off)]
[01:01:54,803][INFO][main][IgniteKernal] IGNITE_HOME=/afs/inf.ed.ac.uk/user/s16/s1626297/Desktop/ds/apache-ignite-fabric-1.7.0-bin
[01:01:54,804][INFO][main][IgniteKernal] VM arguments: [-DIGNITE_HOME=/afs/inf.ed.ac.uk/user/s16/s1626297/Desktop/ds/apache-ignite-fabric-1.7.0-bin, -Didea.launcher.port=7549, -Didea.launcher.bin.path=/opt/idea-ce/bin, -Dfile.encoding=UTF-8]
[01:01:54,804][INFO][main][IgniteKernal] Configured caches ['ignite-marshaller-sys-cache', 'ignite-sys-cache', 'ignite-atomics-sys-cache']
[01:01:54,804][WARNING][main][IgniteKernal] Peer class loading is enabled (disable it in production for performance and deployment consistency reasons)
[01:01:54,832][INFO][main][IgniteKernal] 3-rd party licenses can be found at: /afs/inf.ed.ac.uk/user/s16/s1626297/Desktop/ds/apache-ignite-fabric-1.7.0-bin/libs/licenses
[01:01:54,859][WARNING][pub-#26%null%][GridDiagnostic] Initial heap size is 124MB (should be no less than 512MB, use -Xms512m -Xmx512m).
[01:01:55,072][INFO][main][IgniteKernal] Non-loopback local IPs: 129.215.2.234, fe80:0:0:0:8edc:d4ff:fe57:28d5%em1
[01:01:55,073][INFO][main][IgniteKernal] Enabled local MACs: 8CDCD45728D5
[01:01:55,168][INFO][main][IgnitePluginProcessor] Configured plugins:
[01:01:55,174][INFO][main][IgnitePluginProcessor]   ^-- None
[01:01:55,175][INFO][main][IgnitePluginProcessor] 
[01:01:55,565][INFO][main][TcpCommunicationSpi] IPC shared memory server endpoint started [port=48103, tokDir=/afs/inf.ed.ac.uk/user/s16/s1626297/Desktop/ds/apache-ignite-fabric-1.7.0-bin/work/ipc/shmem/6430dfe6-59e9-4e46-8da7-ae7ded7182d3-11237]
[01:01:55,565][INFO][main][TcpCommunicationSpi] Successfully bound shared memory communication to TCP port [port=48103, locHost=0.0.0.0/0.0.0.0]
[01:01:55,645][INFO][main][TcpCommunicationSpi] Successfully bound to TCP port [port=47103, locHost=0.0.0.0/0.0.0.0]
[01:01:55,929][WARNING][main][NoopCheckpointSpi] Checkpoints are disabled (to enable configure any GridCheckpointSpi implementation)
[01:01:56,090][WARNING][main][GridCollisionManager] Collision resolution is disabled (all jobs will be activated upon arrival).
[01:01:56,094][WARNING][main][NoopSwapSpaceSpi] Swap space is disabled. To enable use FileSwapSpaceSpi.
[01:01:56,096][INFO][main][IgniteKernal] Security status [authentication=off, tls/ssl=off]
[01:01:56,646][WARNING][main][IgniteH2Indexing] Serialization of Java objects in H2 was enabled.
[01:01:56,847][INFO][main][GridTcpRestProtocol] Command protocol successfully started [name=TCP binary, host=0.0.0.0/0.0.0.0, port=11214]
[01:01:58,383][INFO][main][GridCacheProcessor] Started cache [name=ignite-sys-cache, mode=REPLICATED]
[01:01:58,394][INFO][main][GridCacheProcessor] Started cache [name=ignite-atomics-sys-cache, mode=PARTITIONED]
[01:01:58,443][INFO][main][GridCacheProcessor] Started cache [name=ignite-marshaller-sys-cache, mode=REPLICATED]
[01:01:59,392][INFO][main][IgniteKernal] Performance suggestions for grid  (fix if possible)
[01:01:59,392][INFO][main][IgniteKernal] To disable, set -DIGNITE_PERFORMANCE_SUGGESTIONS_DISABLED=true
[01:01:59,392][INFO][main][IgniteKernal]   ^-- Disable peer class loading (set 'peerClassLoadingEnabled' to false)
[01:01:59,393][INFO][main][IgniteKernal]   ^-- Disable grid events (remove 'includeEventTypes' from configuration)
[01:01:59,394][INFO][main][IgniteKernal] 
[01:01:59,394][INFO][main][IgniteKernal] To start Console Management & Monitoring run ignitevisorcmd.{sh|bat}
[01:01:59,394][INFO][main][IgniteKernal] 
[01:01:59,395][INFO][main][IgniteKernal] 

>>> +----------------------------------------------------------------------+
>>> Ignite ver. 1.7.0#20160801-sha1:383273e3f66f702de2482466dce954d570a8ccf2
>>> +----------------------------------------------------------------------+
>>> OS name: Linux 3.10.0-327.36.3.el7.x86_64 amd64
>>> CPU(s): 4
>>> Heap: 1.7GB
>>> VM name: 11237@donners.inf.ed.ac.uk
>>> Local node [ID=6430DFE6-59E9-4E46-8DA7-AE7DED7182D3, order=24, clientMode=true]
>>> Local node addresses: [donners.inf.ed.ac.uk/0:0:0:0:0:0:0:1%lo, /127.0.0.1, /129.215.2.234]
>>> Local ports: TCP:11214 TCP:47103 TCP:48103 

[01:01:59,396][INFO][main][GridDiscoveryManager] Topology snapshot [ver=24, servers=1, clients=3, CPUs=4, heap=6.1GB]
[01:01:59,506][INFO][exchange-worker-#45%null%][GridCacheProcessor] Started cache [name=partB, mode=PARTITIONED]
[01:02:07,589][INFO][ignite-update-notifier-timer][GridUpdateNotifier] Your version is up to date.
