[01:07:45,212][INFO][main][IgniteKernal] 

>>>    __________  ________________  
>>>   /  _/ ___/ |/ /  _/_  __/ __/  
>>>  _/ // (7 7    // /  / / / _/    
>>> /___/\___/_/|_/___/ /_/ /___/   
>>> 
>>> ver. 1.7.0#20160801-sha1:383273e3
>>> 2016 Copyright(C) Apache Software Foundation
>>> 
>>> Ignite documentation: http://ignite.apache.org

[01:07:45,214][INFO][main][IgniteKernal] Config URL: file:/afs/inf.ed.ac.uk/user/s16/s1626297/Desktop/ds/apache-ignite-fabric-1.7.0-bin/examples/config/example-ignite-no-discovery.xml
[01:07:45,214][INFO][main][IgniteKernal] Daemon mode: off
[01:07:45,215][INFO][main][IgniteKernal] OS: Linux 3.10.0-327.36.3.el7.x86_64 amd64
[01:07:45,215][INFO][main][IgniteKernal] OS user: s1626297
[01:07:45,215][INFO][main][IgniteKernal] Language runtime: Java Platform API Specification ver. 1.8
[01:07:45,215][INFO][main][IgniteKernal] VM information: Java(TM) SE Runtime Environment 1.8.0_91-b14 Oracle Corporation Java HotSpot(TM) 64-Bit Server VM 25.91-b14
[01:07:45,217][INFO][main][IgniteKernal] VM total memory: 1.7GB
[01:07:45,217][INFO][main][IgniteKernal] Remote Management [restart: off, REST: on, JMX (remote: off)]
[01:07:45,217][INFO][main][IgniteKernal] IGNITE_HOME=/afs/inf.ed.ac.uk/user/s16/s1626297/Desktop/ds/apache-ignite-fabric-1.7.0-bin
[01:07:45,217][INFO][main][IgniteKernal] VM arguments: [-DIGNITE_HOME=/afs/inf.ed.ac.uk/user/s16/s1626297/Desktop/ds/apache-ignite-fabric-1.7.0-bin, -Didea.launcher.port=7555, -Didea.launcher.bin.path=/opt/idea-ce/bin, -Dfile.encoding=UTF-8]
[01:07:45,218][INFO][main][IgniteKernal] Configured caches ['ignite-marshaller-sys-cache', 'ignite-sys-cache', 'ignite-atomics-sys-cache']
[01:07:45,218][WARNING][main][IgniteKernal] Peer class loading is enabled (disable it in production for performance and deployment consistency reasons)
[01:07:45,228][INFO][main][IgniteKernal] 3-rd party licenses can be found at: /afs/inf.ed.ac.uk/user/s16/s1626297/Desktop/ds/apache-ignite-fabric-1.7.0-bin/libs/licenses
[01:07:45,231][WARNING][pub-#26%null%][GridDiagnostic] Initial heap size is 124MB (should be no less than 512MB, use -Xms512m -Xmx512m).
[01:07:45,285][INFO][main][IgniteKernal] Non-loopback local IPs: 129.215.2.234, fe80:0:0:0:8edc:d4ff:fe57:28d5%em1
[01:07:45,285][INFO][main][IgniteKernal] Enabled local MACs: 8CDCD45728D5
[01:07:45,299][INFO][main][IgnitePluginProcessor] Configured plugins:
[01:07:45,300][INFO][main][IgnitePluginProcessor]   ^-- None
[01:07:45,300][INFO][main][IgnitePluginProcessor] 
[01:07:45,402][INFO][main][TcpCommunicationSpi] IPC shared memory server endpoint started [port=48101, tokDir=/afs/inf.ed.ac.uk/user/s16/s1626297/Desktop/ds/apache-ignite-fabric-1.7.0-bin/work/ipc/shmem/0cddd8cc-65af-4536-add8-73bf4296b961-12602]
[01:07:45,402][INFO][main][TcpCommunicationSpi] Successfully bound shared memory communication to TCP port [port=48101, locHost=0.0.0.0/0.0.0.0]
[01:07:45,420][INFO][main][TcpCommunicationSpi] Successfully bound to TCP port [port=47101, locHost=0.0.0.0/0.0.0.0]
[01:07:45,465][WARNING][main][NoopCheckpointSpi] Checkpoints are disabled (to enable configure any GridCheckpointSpi implementation)
[01:07:45,494][WARNING][main][GridCollisionManager] Collision resolution is disabled (all jobs will be activated upon arrival).
[01:07:45,497][WARNING][main][NoopSwapSpaceSpi] Swap space is disabled. To enable use FileSwapSpaceSpi.
[01:07:45,498][INFO][main][IgniteKernal] Security status [authentication=off, tls/ssl=off]
[01:07:45,706][WARNING][main][IgniteH2Indexing] Serialization of Java objects in H2 was enabled.
[01:07:45,757][INFO][main][GridTcpRestProtocol] Command protocol successfully started [name=TCP binary, host=0.0.0.0/0.0.0.0, port=11212]
[01:07:46,123][INFO][main][GridCacheProcessor] Started cache [name=ignite-sys-cache, mode=REPLICATED]
[01:07:46,132][INFO][main][GridCacheProcessor] Started cache [name=ignite-atomics-sys-cache, mode=PARTITIONED]
[01:07:46,146][INFO][main][GridCacheProcessor] Started cache [name=ignite-marshaller-sys-cache, mode=REPLICATED]
