[19:59:54,820][INFO][main][IgniteKernal] 

>>>    __________  ________________  
>>>   /  _/ ___/ |/ /  _/_  __/ __/  
>>>  _/ // (7 7    // /  / / / _/    
>>> /___/\___/_/|_/___/ /_/ /___/   
>>> 
>>> ver. 1.7.0#20160801-sha1:383273e3
>>> 2016 Copyright(C) Apache Software Foundation
>>> 
>>> Ignite documentation: http://ignite.apache.org

[19:59:54,840][INFO][main][IgniteKernal] Config URL: file:/afs/inf.ed.ac.uk/user/s16/s1626297/Desktop/ds/apache-ignite-fabric-1.7.0-bin/examples/config/example-ignite-no-discovery.xml
[19:59:54,840][INFO][main][IgniteKernal] Daemon mode: off
[19:59:54,840][INFO][main][IgniteKernal] OS: Linux 3.10.0-327.36.3.el7.x86_64 amd64
[19:59:54,841][INFO][main][IgniteKernal] OS user: s1626297
[19:59:54,841][INFO][main][IgniteKernal] Language runtime: Java Platform API Specification ver. 1.8
[19:59:54,841][INFO][main][IgniteKernal] VM information: Java(TM) SE Runtime Environment 1.8.0_91-b14 Oracle Corporation Java HotSpot(TM) 64-Bit Server VM 25.91-b14
[19:59:54,842][INFO][main][IgniteKernal] VM total memory: 1.7GB
[19:59:54,843][INFO][main][IgniteKernal] Remote Management [restart: off, REST: on, JMX (remote: off)]
[19:59:54,843][INFO][main][IgniteKernal] IGNITE_HOME=/afs/inf.ed.ac.uk/user/s16/s1626297/Desktop/ds/apache-ignite-fabric-1.7.0-bin
[19:59:54,843][INFO][main][IgniteKernal] VM arguments: [-DIGNITE_HOME=/afs/inf.ed.ac.uk/user/s16/s1626297/Desktop/ds/apache-ignite-fabric-1.7.0-bin, -Didea.launcher.port=7552, -Didea.launcher.bin.path=/opt/idea-ce/bin, -Dfile.encoding=UTF-8]
[19:59:54,844][INFO][main][IgniteKernal] Configured caches ['ignite-marshaller-sys-cache', 'ignite-sys-cache', 'ignite-atomics-sys-cache']
[19:59:54,844][WARNING][main][IgniteKernal] Peer class loading is enabled (disable it in production for performance and deployment consistency reasons)
[19:59:54,852][INFO][main][IgniteKernal] 3-rd party licenses can be found at: /afs/inf.ed.ac.uk/user/s16/s1626297/Desktop/ds/apache-ignite-fabric-1.7.0-bin/libs/licenses
[19:59:54,855][WARNING][pub-#26%null%][GridDiagnostic] Initial heap size is 124MB (should be no less than 512MB, use -Xms512m -Xmx512m).
[19:59:55,015][INFO][main][IgniteKernal] Non-loopback local IPs: 129.215.3.62, fe80:0:0:0:8a51:fbff:fe55:4f8e%em1
[19:59:55,015][INFO][main][IgniteKernal] Enabled local MACs: 8851FB554F8E
[19:59:55,034][INFO][main][IgnitePluginProcessor] Configured plugins:
[19:59:55,035][INFO][main][IgnitePluginProcessor]   ^-- None
[19:59:55,035][INFO][main][IgnitePluginProcessor] 
[19:59:55,408][INFO][main][TcpCommunicationSpi] IPC shared memory server endpoint started [port=48103, tokDir=/afs/inf.ed.ac.uk/user/s16/s1626297/Desktop/ds/apache-ignite-fabric-1.7.0-bin/work/ipc/shmem/f0232d07-d39a-44d7-b221-9d00cb067408-23665]
[19:59:55,408][INFO][main][TcpCommunicationSpi] Successfully bound shared memory communication to TCP port [port=48103, locHost=0.0.0.0/0.0.0.0]
[19:59:55,440][INFO][main][TcpCommunicationSpi] Successfully bound to TCP port [port=47103, locHost=0.0.0.0/0.0.0.0]
[19:59:55,713][WARNING][main][NoopCheckpointSpi] Checkpoints are disabled (to enable configure any GridCheckpointSpi implementation)
[19:59:55,838][WARNING][main][GridCollisionManager] Collision resolution is disabled (all jobs will be activated upon arrival).
[19:59:55,841][WARNING][main][NoopSwapSpaceSpi] Swap space is disabled. To enable use FileSwapSpaceSpi.
[19:59:55,843][INFO][main][IgniteKernal] Security status [authentication=off, tls/ssl=off]
[19:59:57,151][WARNING][main][IgniteH2Indexing] Serialization of Java objects in H2 was enabled.
[19:59:57,456][INFO][main][GridTcpRestProtocol] Command protocol successfully started [name=TCP binary, host=0.0.0.0/0.0.0.0, port=11214]
[19:59:59,869][INFO][main][GridCacheProcessor] Started cache [name=ignite-sys-cache, mode=REPLICATED]
[19:59:59,882][INFO][main][GridCacheProcessor] Started cache [name=ignite-atomics-sys-cache, mode=PARTITIONED]
[19:59:59,900][INFO][main][GridCacheProcessor] Started cache [name=ignite-marshaller-sys-cache, mode=REPLICATED]
[20:00:00,503][INFO][main][IgniteKernal] Performance suggestions for grid  (fix if possible)
[20:00:00,503][INFO][main][IgniteKernal] To disable, set -DIGNITE_PERFORMANCE_SUGGESTIONS_DISABLED=true
[20:00:00,503][INFO][main][IgniteKernal]   ^-- Disable peer class loading (set 'peerClassLoadingEnabled' to false)
[20:00:00,503][INFO][main][IgniteKernal]   ^-- Disable grid events (remove 'includeEventTypes' from configuration)
[20:00:00,504][INFO][main][IgniteKernal] 
[20:00:00,504][INFO][main][IgniteKernal] To start Console Management & Monitoring run ignitevisorcmd.{sh|bat}
[20:00:00,504][INFO][main][IgniteKernal] 
[20:00:00,505][INFO][main][IgniteKernal] 

>>> +----------------------------------------------------------------------+
>>> Ignite ver. 1.7.0#20160801-sha1:383273e3f66f702de2482466dce954d570a8ccf2
>>> +----------------------------------------------------------------------+
>>> OS name: Linux 3.10.0-327.36.3.el7.x86_64 amd64
>>> CPU(s): 4
>>> Heap: 1.7GB
>>> VM name: 23665@parrot.inf.ed.ac.uk
>>> Local node [ID=F0232D07-D39A-44D7-B221-9D00CB067408, order=28, clientMode=true]
>>> Local node addresses: [parrot.inf.ed.ac.uk/0:0:0:0:0:0:0:1%lo, /127.0.0.1, /129.215.3.62]
>>> Local ports: TCP:11214 TCP:47103 TCP:48103 

[20:00:00,538][INFO][main][GridDiscoveryManager] Topology snapshot [ver=28, servers=1, clients=3, CPUs=4, heap=6.1GB]
[20:00:00,774][INFO][exchange-worker-#45%null%][GridCacheProcessor] Started cache [name=words, mode=PARTITIONED]
[20:00:01,317][INFO][main][GridDeploymentLocalStore] Class locally deployed: class partB.StreamTwo$1
[20:00:02,708][INFO][disco-event-worker-#42%null%][GridDiscoveryManager] Added new node to topology: TcpDiscoveryNode [id=15c7d2f0-29ac-4863-9860-3ccb163b2ec0, addrs=[0:0:0:0:0:0:0:1%lo, 127.0.0.1, 129.215.3.62], sockAddrs=[parrot.inf.ed.ac.uk/129.215.3.62:0, /0:0:0:0:0:0:0:1%lo:0, /127.0.0.1:0], discPort=0, order=29, intOrder=17, lastExchangeTime=1478894402680, loc=false, ver=1.7.0#20160801-sha1:383273e3, isClient=true]
[20:00:02,709][INFO][disco-event-worker-#42%null%][GridDiscoveryManager] Topology snapshot [ver=29, servers=1, clients=4, CPUs=4, heap=7.8GB]
[20:00:08,368][WARNING][disco-event-worker-#42%null%][GridDiscoveryManager] Node FAILED: TcpDiscoveryNode [id=f5d68700-6dfd-4a8c-8910-b5934c6c65f9, addrs=[0:0:0:0:0:0:0:1%lo, 127.0.0.1, 129.215.3.62], sockAddrs=[parrot.inf.ed.ac.uk/129.215.3.62:0, /0:0:0:0:0:0:0:1%lo:0, /127.0.0.1:0], discPort=0, order=22, intOrder=12, lastExchangeTime=1478894398312, loc=false, ver=1.7.0#20160801-sha1:383273e3, isClient=true]
[20:00:08,369][INFO][disco-event-worker-#42%null%][GridDiscoveryManager] Topology snapshot [ver=30, servers=1, clients=3, CPUs=4, heap=6.1GB]
[20:00:08,733][INFO][ignite-update-notifier-timer][GridUpdateNotifier] Your version is up to date.
[20:00:14,195][INFO][disco-event-worker-#42%null%][GridDiscoveryManager] Added new node to topology: TcpDiscoveryNode [id=ab227ef3-c009-4210-ba7f-01ed150ae2f0, addrs=[0:0:0:0:0:0:0:1%lo, 127.0.0.1, 129.215.3.62], sockAddrs=[parrot.inf.ed.ac.uk/129.215.3.62:0, /0:0:0:0:0:0:0:1%lo:0, /127.0.0.1:0], discPort=0, order=31, intOrder=18, lastExchangeTime=1478894414148, loc=false, ver=1.7.0#20160801-sha1:383273e3, isClient=true]
[20:00:14,195][INFO][disco-event-worker-#42%null%][GridDiscoveryManager] Topology snapshot [ver=31, servers=1, clients=4, CPUs=4, heap=7.8GB]
[20:00:45,831][INFO][disco-event-worker-#42%null%][GridDiscoveryManager] Node left topology: TcpDiscoveryNode [id=ab227ef3-c009-4210-ba7f-01ed150ae2f0, addrs=[0:0:0:0:0:0:0:1%lo, 127.0.0.1, 129.215.3.62], sockAddrs=[parrot.inf.ed.ac.uk/129.215.3.62:0, /0:0:0:0:0:0:0:1%lo:0, /127.0.0.1:0], discPort=0, order=31, intOrder=18, lastExchangeTime=1478894414148, loc=false, ver=1.7.0#20160801-sha1:383273e3, isClient=true]
[20:00:45,832][INFO][disco-event-worker-#42%null%][GridDiscoveryManager] Topology snapshot [ver=32, servers=1, clients=3, CPUs=4, heap=6.1GB]
[20:01:00,509][INFO][grid-timeout-worker-#27%null%][IgniteKernal] 
Metrics for local node (to disable set 'metricsLogFrequency' to 0)
    ^-- Node [id=f0232d07, name=null, uptime=00:01:00:034]
    ^-- H/N/C [hosts=1, nodes=4, CPUs=4]
    ^-- CPU [cur=2.77%, avg=4.12%, GC=0.3%]
    ^-- Heap [used=654MB, free=62.53%, comm=708MB]
    ^-- Non heap [used=41MB, free=-1%, comm=43MB]
    ^-- Public thread pool [active=0, idle=16, qSize=0]
    ^-- System thread pool [active=0, idle=16, qSize=0]
    ^-- Outbound messages queue [size=0]
[20:02:00,512][INFO][grid-timeout-worker-#27%null%][IgniteKernal] 
Metrics for local node (to disable set 'metricsLogFrequency' to 0)
    ^-- Node [id=f0232d07, name=null, uptime=00:02:00:038]
    ^-- H/N/C [hosts=1, nodes=4, CPUs=4]
    ^-- CPU [cur=3.27%, avg=3.57%, GC=0.17%]
    ^-- Heap [used=49MB, free=97.16%, comm=707MB]
    ^-- Non heap [used=42MB, free=-1%, comm=43MB]
    ^-- Public thread pool [active=0, idle=16, qSize=0]
    ^-- System thread pool [active=0, idle=16, qSize=0]
    ^-- Outbound messages queue [size=0]
[20:03:00,515][INFO][grid-timeout-worker-#27%null%][IgniteKernal] 
Metrics for local node (to disable set 'metricsLogFrequency' to 0)
    ^-- Node [id=f0232d07, name=null, uptime=00:03:00:041]
    ^-- H/N/C [hosts=1, nodes=4, CPUs=4]
    ^-- CPU [cur=3.77%, avg=3.53%, GC=0%]
    ^-- Heap [used=189MB, free=89.18%, comm=705MB]
    ^-- Non heap [used=43MB, free=-1%, comm=44MB]
    ^-- Public thread pool [active=0, idle=16, qSize=0]
    ^-- System thread pool [active=0, idle=16, qSize=0]
    ^-- Outbound messages queue [size=0]
[20:04:00,557][INFO][grid-timeout-worker-#27%null%][IgniteKernal] 
Metrics for local node (to disable set 'metricsLogFrequency' to 0)
    ^-- Node [id=f0232d07, name=null, uptime=00:04:00:087]
    ^-- H/N/C [hosts=1, nodes=4, CPUs=4]
    ^-- CPU [cur=3.83%, avg=3.5%, GC=0.4%]
    ^-- Heap [used=531MB, free=69.62%, comm=706MB]
    ^-- Non heap [used=43MB, free=-1%, comm=44MB]
    ^-- Public thread pool [active=0, idle=16, qSize=0]
    ^-- System thread pool [active=0, idle=16, qSize=0]
    ^-- Outbound messages queue [size=0]
[20:05:00,566][INFO][grid-timeout-worker-#27%null%][IgniteKernal] 
Metrics for local node (to disable set 'metricsLogFrequency' to 0)
    ^-- Node [id=f0232d07, name=null, uptime=00:05:00:092]
    ^-- H/N/C [hosts=1, nodes=4, CPUs=4]
    ^-- CPU [cur=3.17%, avg=3.36%, GC=0.3%]
    ^-- Heap [used=612MB, free=64.99%, comm=708MB]
    ^-- Non heap [used=43MB, free=-1%, comm=44MB]
    ^-- Public thread pool [active=0, idle=16, qSize=0]
    ^-- System thread pool [active=0, idle=16, qSize=0]
    ^-- Outbound messages queue [size=0]
[20:06:00,573][INFO][grid-timeout-worker-#27%null%][IgniteKernal] 
Metrics for local node (to disable set 'metricsLogFrequency' to 0)
    ^-- Node [id=f0232d07, name=null, uptime=00:06:00:099]
    ^-- H/N/C [hosts=1, nodes=4, CPUs=4]
    ^-- CPU [cur=3.57%, avg=3.3%, GC=0.4%]
    ^-- Heap [used=71MB, free=95.93%, comm=701MB]
    ^-- Non heap [used=43MB, free=-1%, comm=44MB]
    ^-- Public thread pool [active=0, idle=16, qSize=0]
    ^-- System thread pool [active=0, idle=16, qSize=0]
    ^-- Outbound messages queue [size=0]
[20:07:00,579][INFO][grid-timeout-worker-#27%null%][IgniteKernal] 
Metrics for local node (to disable set 'metricsLogFrequency' to 0)
    ^-- Node [id=f0232d07, name=null, uptime=00:07:00:109]
    ^-- H/N/C [hosts=1, nodes=4, CPUs=4]
    ^-- CPU [cur=2.77%, avg=3.23%, GC=0.27%]
    ^-- Heap [used=629MB, free=64%, comm=704MB]
    ^-- Non heap [used=43MB, free=-1%, comm=44MB]
    ^-- Public thread pool [active=0, idle=16, qSize=0]
    ^-- System thread pool [active=0, idle=16, qSize=0]
    ^-- Outbound messages queue [size=0]
[20:08:00,590][INFO][grid-timeout-worker-#27%null%][IgniteKernal] 
Metrics for local node (to disable set 'metricsLogFrequency' to 0)
    ^-- Node [id=f0232d07, name=null, uptime=00:08:00:116]
    ^-- H/N/C [hosts=1, nodes=4, CPUs=4]
    ^-- CPU [cur=2.83%, avg=3.18%, GC=0.27%]
    ^-- Heap [used=389MB, free=77.73%, comm=541MB]
    ^-- Non heap [used=43MB, free=-1%, comm=44MB]
    ^-- Public thread pool [active=0, idle=16, qSize=0]
    ^-- System thread pool [active=0, idle=16, qSize=0]
    ^-- Outbound messages queue [size=0]
[20:09:00,596][INFO][grid-timeout-worker-#27%null%][IgniteKernal] 
Metrics for local node (to disable set 'metricsLogFrequency' to 0)
    ^-- Node [id=f0232d07, name=null, uptime=00:09:00:125]
    ^-- H/N/C [hosts=1, nodes=4, CPUs=4]
    ^-- CPU [cur=2.77%, avg=3.16%, GC=0.3%]
    ^-- Heap [used=580MB, free=66.8%, comm=671MB]
    ^-- Non heap [used=43MB, free=-1%, comm=44MB]
    ^-- Public thread pool [active=0, idle=16, qSize=0]
    ^-- System thread pool [active=0, idle=16, qSize=0]
    ^-- Outbound messages queue [size=0]
[20:10:00,604][INFO][grid-timeout-worker-#27%null%][IgniteKernal] 
Metrics for local node (to disable set 'metricsLogFrequency' to 0)
    ^-- Node [id=f0232d07, name=null, uptime=00:10:00:131]
    ^-- H/N/C [hosts=1, nodes=4, CPUs=4]
    ^-- CPU [cur=2.93%, avg=3.13%, GC=0.2%]
    ^-- Heap [used=360MB, free=79.37%, comm=750MB]
    ^-- Non heap [used=43MB, free=-1%, comm=44MB]
    ^-- Public thread pool [active=0, idle=16, qSize=0]
    ^-- System thread pool [active=0, idle=16, qSize=0]
    ^-- Outbound messages queue [size=0]
[20:11:00,605][INFO][grid-timeout-worker-#27%null%][IgniteKernal] 
Metrics for local node (to disable set 'metricsLogFrequency' to 0)
    ^-- Node [id=f0232d07, name=null, uptime=00:11:00:132]
    ^-- H/N/C [hosts=1, nodes=4, CPUs=4]
    ^-- CPU [cur=2.4%, avg=3.09%, GC=0%]
    ^-- Heap [used=667MB, free=61.83%, comm=749MB]
    ^-- Non heap [used=43MB, free=-1%, comm=44MB]
    ^-- Public thread pool [active=0, idle=16, qSize=0]
    ^-- System thread pool [active=0, idle=16, qSize=0]
    ^-- Outbound messages queue [size=0]
[20:12:00,613][INFO][grid-timeout-worker-#27%null%][IgniteKernal] 
Metrics for local node (to disable set 'metricsLogFrequency' to 0)
    ^-- Node [id=f0232d07, name=null, uptime=00:12:00:137]
    ^-- H/N/C [hosts=1, nodes=4, CPUs=4]
    ^-- CPU [cur=2.57%, avg=3.09%, GC=0%]
    ^-- Heap [used=645MB, free=63.09%, comm=751MB]
    ^-- Non heap [used=44MB, free=-1%, comm=45MB]
    ^-- Public thread pool [active=0, idle=16, qSize=0]
    ^-- System thread pool [active=0, idle=16, qSize=0]
    ^-- Outbound messages queue [size=0]
[20:13:00,612][INFO][grid-timeout-worker-#27%null%][IgniteKernal] 
Metrics for local node (to disable set 'metricsLogFrequency' to 0)
    ^-- Node [id=f0232d07, name=null, uptime=00:13:00:140]
    ^-- H/N/C [hosts=1, nodes=4, CPUs=4]
    ^-- CPU [cur=2.67%, avg=3.05%, GC=0%]
    ^-- Heap [used=652MB, free=62.67%, comm=751MB]
    ^-- Non heap [used=44MB, free=-1%, comm=45MB]
    ^-- Public thread pool [active=0, idle=16, qSize=0]
    ^-- System thread pool [active=0, idle=16, qSize=0]
    ^-- Outbound messages queue [size=0]
[20:14:00,621][INFO][grid-timeout-worker-#27%null%][IgniteKernal] 
Metrics for local node (to disable set 'metricsLogFrequency' to 0)
    ^-- Node [id=f0232d07, name=null, uptime=00:14:00:150]
    ^-- H/N/C [hosts=1, nodes=4, CPUs=4]
    ^-- CPU [cur=2.83%, avg=3.03%, GC=0.37%]
    ^-- Heap [used=494MB, free=71.69%, comm=752MB]
    ^-- Non heap [used=44MB, free=-1%, comm=45MB]
    ^-- Public thread pool [active=0, idle=16, qSize=0]
    ^-- System thread pool [active=0, idle=16, qSize=0]
    ^-- Outbound messages queue [size=0]
[20:15:00,620][INFO][grid-timeout-worker-#27%null%][IgniteKernal] 
Metrics for local node (to disable set 'metricsLogFrequency' to 0)
    ^-- Node [id=f0232d07, name=null, uptime=00:15:00:150]
    ^-- H/N/C [hosts=1, nodes=4, CPUs=4]
    ^-- CPU [cur=2.9%, avg=3.03%, GC=0.33%]
    ^-- Heap [used=540MB, free=69.08%, comm=749MB]
    ^-- Non heap [used=44MB, free=-1%, comm=45MB]
    ^-- Public thread pool [active=0, idle=16, qSize=0]
    ^-- System thread pool [active=0, idle=16, qSize=0]
    ^-- Outbound messages queue [size=0]
[20:16:00,630][INFO][grid-timeout-worker-#27%null%][IgniteKernal] 
Metrics for local node (to disable set 'metricsLogFrequency' to 0)
    ^-- Node [id=f0232d07, name=null, uptime=00:16:00:152]
    ^-- H/N/C [hosts=1, nodes=4, CPUs=4]
    ^-- CPU [cur=3.07%, avg=3.02%, GC=0.3%]
    ^-- Heap [used=329MB, free=81.13%, comm=751MB]
    ^-- Non heap [used=44MB, free=-1%, comm=45MB]
    ^-- Public thread pool [active=0, idle=16, qSize=0]
    ^-- System thread pool [active=0, idle=16, qSize=0]
    ^-- Outbound messages queue [size=0]
[20:17:00,627][INFO][grid-timeout-worker-#27%null%][IgniteKernal] 
Metrics for local node (to disable set 'metricsLogFrequency' to 0)
    ^-- Node [id=f0232d07, name=null, uptime=00:17:00:152]
    ^-- H/N/C [hosts=1, nodes=4, CPUs=4]
    ^-- CPU [cur=2.93%, avg=3.01%, GC=0%]
    ^-- Heap [used=153MB, free=91.2%, comm=752MB]
    ^-- Non heap [used=44MB, free=-1%, comm=45MB]
    ^-- Public thread pool [active=0, idle=16, qSize=0]
    ^-- System thread pool [active=0, idle=16, qSize=0]
    ^-- Outbound messages queue [size=0]
[20:18:00,624][INFO][grid-timeout-worker-#27%null%][IgniteKernal] 
Metrics for local node (to disable set 'metricsLogFrequency' to 0)
    ^-- Node [id=f0232d07, name=null, uptime=00:18:00:153]
    ^-- H/N/C [hosts=1, nodes=4, CPUs=4]
    ^-- CPU [cur=3.4%, avg=3%, GC=0.33%]
    ^-- Heap [used=218MB, free=87.47%, comm=751MB]
    ^-- Non heap [used=44MB, free=-1%, comm=45MB]
    ^-- Public thread pool [active=0, idle=16, qSize=0]
    ^-- System thread pool [active=0, idle=16, qSize=0]
    ^-- Outbound messages queue [size=0]
[20:19:00,630][INFO][grid-timeout-worker-#27%null%][IgniteKernal] 
Metrics for local node (to disable set 'metricsLogFrequency' to 0)
    ^-- Node [id=f0232d07, name=null, uptime=00:19:00:159]
    ^-- H/N/C [hosts=1, nodes=4, CPUs=4]
    ^-- CPU [cur=2.67%, avg=3%, GC=0%]
    ^-- Heap [used=647MB, free=62.93%, comm=751MB]
    ^-- Non heap [used=44MB, free=-1%, comm=45MB]
    ^-- Public thread pool [active=0, idle=16, qSize=0]
    ^-- System thread pool [active=0, idle=16, qSize=0]
    ^-- Outbound messages queue [size=0]
[20:20:00,632][INFO][grid-timeout-worker-#27%null%][IgniteKernal] 
Metrics for local node (to disable set 'metricsLogFrequency' to 0)
    ^-- Node [id=f0232d07, name=null, uptime=00:20:00:159]
    ^-- H/N/C [hosts=1, nodes=4, CPUs=4]
    ^-- CPU [cur=3%, avg=2.98%, GC=0.3%]
    ^-- Heap [used=421MB, free=75.91%, comm=752MB]
    ^-- Non heap [used=44MB, free=-1%, comm=45MB]
    ^-- Public thread pool [active=0, idle=16, qSize=0]
    ^-- System thread pool [active=0, idle=16, qSize=0]
    ^-- Outbound messages queue [size=0]
[20:21:00,636][INFO][grid-timeout-worker-#27%null%][IgniteKernal] 
Metrics for local node (to disable set 'metricsLogFrequency' to 0)
    ^-- Node [id=f0232d07, name=null, uptime=00:21:00:164]
    ^-- H/N/C [hosts=1, nodes=4, CPUs=4]
    ^-- CPU [cur=3%, avg=2.98%, GC=0.3%]
    ^-- Heap [used=491MB, free=71.89%, comm=751MB]
    ^-- Non heap [used=44MB, free=-1%, comm=45MB]
    ^-- Public thread pool [active=0, idle=16, qSize=0]
    ^-- System thread pool [active=0, idle=16, qSize=0]
    ^-- Outbound messages queue [size=0]
[20:22:00,641][INFO][grid-timeout-worker-#27%null%][IgniteKernal] 
Metrics for local node (to disable set 'metricsLogFrequency' to 0)
    ^-- Node [id=f0232d07, name=null, uptime=00:22:00:170]
    ^-- H/N/C [hosts=1, nodes=4, CPUs=4]
    ^-- CPU [cur=2.83%, avg=2.98%, GC=0%]
    ^-- Heap [used=614MB, free=64.87%, comm=749MB]
    ^-- Non heap [used=44MB, free=-1%, comm=45MB]
    ^-- Public thread pool [active=0, idle=16, qSize=0]
    ^-- System thread pool [active=0, idle=16, qSize=0]
    ^-- Outbound messages queue [size=0]
[20:23:00,642][INFO][grid-timeout-worker-#27%null%][IgniteKernal] 
Metrics for local node (to disable set 'metricsLogFrequency' to 0)
    ^-- Node [id=f0232d07, name=null, uptime=00:23:00:170]
    ^-- H/N/C [hosts=1, nodes=4, CPUs=4]
    ^-- CPU [cur=2.67%, avg=2.97%, GC=0%]
    ^-- Heap [used=603MB, free=65.48%, comm=751MB]
    ^-- Non heap [used=44MB, free=-1%, comm=45MB]
    ^-- Public thread pool [active=0, idle=16, qSize=0]
    ^-- System thread pool [active=0, idle=16, qSize=0]
    ^-- Outbound messages queue [size=0]
[20:24:00,650][INFO][grid-timeout-worker-#27%null%][IgniteKernal] 
Metrics for local node (to disable set 'metricsLogFrequency' to 0)
    ^-- Node [id=f0232d07, name=null, uptime=00:24:00:173]
    ^-- H/N/C [hosts=1, nodes=4, CPUs=4]
    ^-- CPU [cur=3.33%, avg=2.97%, GC=0%]
    ^-- Heap [used=77MB, free=95.55%, comm=751MB]
    ^-- Non heap [used=44MB, free=-1%, comm=45MB]
    ^-- Public thread pool [active=0, idle=16, qSize=0]
    ^-- System thread pool [active=0, idle=16, qSize=0]
    ^-- Outbound messages queue [size=0]
[20:25:00,653][INFO][grid-timeout-worker-#27%null%][IgniteKernal] 
Metrics for local node (to disable set 'metricsLogFrequency' to 0)
    ^-- Node [id=f0232d07, name=null, uptime=00:25:00:181]
    ^-- H/N/C [hosts=1, nodes=4, CPUs=4]
    ^-- CPU [cur=2.23%, avg=2.97%, GC=0%]
    ^-- Heap [used=666MB, free=61.86%, comm=751MB]
    ^-- Non heap [used=44MB, free=-1%, comm=45MB]
    ^-- Public thread pool [active=0, idle=16, qSize=0]
    ^-- System thread pool [active=0, idle=16, qSize=0]
    ^-- Outbound messages queue [size=0]
[20:26:00,658][INFO][grid-timeout-worker-#27%null%][IgniteKernal] 
Metrics for local node (to disable set 'metricsLogFrequency' to 0)
    ^-- Node [id=f0232d07, name=null, uptime=00:26:00:186]
    ^-- H/N/C [hosts=1, nodes=4, CPUs=4]
    ^-- CPU [cur=2.73%, avg=2.96%, GC=0%]
    ^-- Heap [used=646MB, free=63%, comm=754MB]
    ^-- Non heap [used=44MB, free=-1%, comm=45MB]
    ^-- Public thread pool [active=0, idle=16, qSize=0]
    ^-- System thread pool [active=0, idle=16, qSize=0]
    ^-- Outbound messages queue [size=0]
[20:27:00,664][INFO][grid-timeout-worker-#27%null%][IgniteKernal] 
Metrics for local node (to disable set 'metricsLogFrequency' to 0)
    ^-- Node [id=f0232d07, name=null, uptime=00:27:00:190]
    ^-- H/N/C [hosts=1, nodes=4, CPUs=4]
    ^-- CPU [cur=3.33%, avg=2.96%, GC=0.27%]
    ^-- Heap [used=359MB, free=79.45%, comm=751MB]
    ^-- Non heap [used=44MB, free=-1%, comm=45MB]
    ^-- Public thread pool [active=0, idle=16, qSize=0]
    ^-- System thread pool [active=0, idle=16, qSize=0]
    ^-- Outbound messages queue [size=0]
[20:28:00,667][INFO][grid-timeout-worker-#27%null%][IgniteKernal] 
Metrics for local node (to disable set 'metricsLogFrequency' to 0)
    ^-- Node [id=f0232d07, name=null, uptime=00:28:00:190]
    ^-- H/N/C [hosts=1, nodes=4, CPUs=4]
    ^-- CPU [cur=2.4%, avg=2.96%, GC=0.2%]
    ^-- Heap [used=168MB, free=90.36%, comm=752MB]
    ^-- Non heap [used=44MB, free=-1%, comm=45MB]
    ^-- Public thread pool [active=0, idle=16, qSize=0]
    ^-- System thread pool [active=0, idle=16, qSize=0]
    ^-- Outbound messages queue [size=0]
[20:29:00,665][INFO][grid-timeout-worker-#27%null%][IgniteKernal] 
Metrics for local node (to disable set 'metricsLogFrequency' to 0)
    ^-- Node [id=f0232d07, name=null, uptime=00:29:00:195]
    ^-- H/N/C [hosts=1, nodes=4, CPUs=4]
    ^-- CPU [cur=2.93%, avg=2.96%, GC=0.37%]
    ^-- Heap [used=219MB, free=87.46%, comm=753MB]
    ^-- Non heap [used=44MB, free=-1%, comm=45MB]
    ^-- Public thread pool [active=0, idle=16, qSize=0]
    ^-- System thread pool [active=0, idle=16, qSize=0]
    ^-- Outbound messages queue [size=0]
[20:30:00,679][INFO][grid-timeout-worker-#27%null%][IgniteKernal] 
Metrics for local node (to disable set 'metricsLogFrequency' to 0)
    ^-- Node [id=f0232d07, name=null, uptime=00:30:00:199]
    ^-- H/N/C [hosts=1, nodes=4, CPUs=4]
    ^-- CPU [cur=2.73%, avg=2.96%, GC=0.33%]
    ^-- Heap [used=84MB, free=95.15%, comm=748MB]
    ^-- Non heap [used=44MB, free=-1%, comm=45MB]
    ^-- Public thread pool [active=0, idle=16, qSize=0]
    ^-- System thread pool [active=0, idle=16, qSize=0]
    ^-- Outbound messages queue [size=0]
[20:31:00,681][INFO][grid-timeout-worker-#27%null%][IgniteKernal] 
Metrics for local node (to disable set 'metricsLogFrequency' to 0)
    ^-- Node [id=f0232d07, name=null, uptime=00:31:00:208]
    ^-- H/N/C [hosts=1, nodes=4, CPUs=4]
    ^-- CPU [cur=2.4%, avg=2.96%, GC=0.3%]
    ^-- Heap [used=598MB, free=65.75%, comm=749MB]
    ^-- Non heap [used=44MB, free=-1%, comm=45MB]
    ^-- Public thread pool [active=0, idle=16, qSize=0]
    ^-- System thread pool [active=0, idle=16, qSize=0]
    ^-- Outbound messages queue [size=0]
[20:32:00,688][INFO][grid-timeout-worker-#27%null%][IgniteKernal] 
Metrics for local node (to disable set 'metricsLogFrequency' to 0)
    ^-- Node [id=f0232d07, name=null, uptime=00:32:00:217]
    ^-- H/N/C [hosts=1, nodes=4, CPUs=4]
    ^-- CPU [cur=3.27%, avg=2.96%, GC=0.07%]
    ^-- Heap [used=616MB, free=64.76%, comm=750MB]
    ^-- Non heap [used=44MB, free=-1%, comm=45MB]
    ^-- Public thread pool [active=0, idle=16, qSize=0]
    ^-- System thread pool [active=0, idle=16, qSize=0]
    ^-- Outbound messages queue [size=0]
[20:33:00,692][INFO][grid-timeout-worker-#27%null%][IgniteKernal] 
Metrics for local node (to disable set 'metricsLogFrequency' to 0)
    ^-- Node [id=f0232d07, name=null, uptime=00:33:00:219]
    ^-- H/N/C [hosts=1, nodes=4, CPUs=4]
    ^-- CPU [cur=2.9%, avg=2.96%, GC=0.2%]
    ^-- Heap [used=464MB, free=73.43%, comm=750MB]
    ^-- Non heap [used=44MB, free=-1%, comm=45MB]
    ^-- Public thread pool [active=0, idle=16, qSize=0]
    ^-- System thread pool [active=0, idle=16, qSize=0]
    ^-- Outbound messages queue [size=0]
[20:34:00,699][INFO][grid-timeout-worker-#27%null%][IgniteKernal] 
Metrics for local node (to disable set 'metricsLogFrequency' to 0)
    ^-- Node [id=f0232d07, name=null, uptime=00:34:00:226]
    ^-- H/N/C [hosts=1, nodes=4, CPUs=4]
    ^-- CPU [cur=2.6%, avg=2.96%, GC=0%]
    ^-- Heap [used=377MB, free=78.38%, comm=752MB]
    ^-- Non heap [used=44MB, free=-1%, comm=45MB]
    ^-- Public thread pool [active=0, idle=16, qSize=0]
    ^-- System thread pool [active=0, idle=16, qSize=0]
    ^-- Outbound messages queue [size=0]
[20:35:00,705][INFO][grid-timeout-worker-#27%null%][IgniteKernal] 
Metrics for local node (to disable set 'metricsLogFrequency' to 0)
    ^-- Node [id=f0232d07, name=null, uptime=00:35:00:228]
    ^-- H/N/C [hosts=1, nodes=4, CPUs=4]
    ^-- CPU [cur=3.17%, avg=2.95%, GC=0.37%]
    ^-- Heap [used=452MB, free=74.13%, comm=754MB]
    ^-- Non heap [used=44MB, free=-1%, comm=45MB]
    ^-- Public thread pool [active=0, idle=16, qSize=0]
    ^-- System thread pool [active=0, idle=16, qSize=0]
    ^-- Outbound messages queue [size=0]
