[18:26:37,530][INFO][main][IgniteKernal] 

>>>    __________  ________________  
>>>   /  _/ ___/ |/ /  _/_  __/ __/  
>>>  _/ // (7 7    // /  / / / _/    
>>> /___/\___/_/|_/___/ /_/ /___/   
>>> 
>>> ver. 1.7.0#20160801-sha1:383273e3
>>> 2016 Copyright(C) Apache Software Foundation
>>> 
>>> Ignite documentation: http://ignite.apache.org

[18:26:37,532][INFO][main][IgniteKernal] Config URL: file:/afs/inf.ed.ac.uk/user/s16/s1626297/Desktop/ds/apache-ignite-fabric-1.7.0-bin/examples/config/example-ignite-no-discovery.xml
[18:26:37,532][INFO][main][IgniteKernal] Daemon mode: off
[18:26:37,532][INFO][main][IgniteKernal] OS: Linux 3.10.0-327.36.3.el7.x86_64 amd64
[18:26:37,532][INFO][main][IgniteKernal] OS user: s1626297
[18:26:37,533][INFO][main][IgniteKernal] Language runtime: Java Platform API Specification ver. 1.8
[18:26:37,533][INFO][main][IgniteKernal] VM information: Java(TM) SE Runtime Environment 1.8.0_91-b14 Oracle Corporation Java HotSpot(TM) 64-Bit Server VM 25.91-b14
[18:26:37,534][INFO][main][IgniteKernal] VM total memory: 0.48GB
[18:26:37,534][INFO][main][IgniteKernal] Remote Management [restart: off, REST: on, JMX (remote: off)]
[18:26:37,535][INFO][main][IgniteKernal] IGNITE_HOME=/afs/inf.ed.ac.uk/user/s16/s1626297/Desktop/ds/apache-ignite-fabric-1.7.0-bin
[18:26:37,535][INFO][main][IgniteKernal] VM arguments: [-Xms512m, -Xmx512m, -DIGNITE_PERFORMANCE_SUGGESTIONS_DISABLED=true]
[18:26:37,535][INFO][main][IgniteKernal] Configured caches ['ignite-marshaller-sys-cache', 'ignite-sys-cache', 'ignite-atomics-sys-cache']
[18:26:37,535][WARNING][main][IgniteKernal] Peer class loading is enabled (disable it in production for performance and deployment consistency reasons)
[18:26:37,555][INFO][main][IgniteKernal] 3-rd party licenses can be found at: /afs/inf.ed.ac.uk/user/s16/s1626297/Desktop/ds/apache-ignite-fabric-1.7.0-bin/libs/licenses
[18:26:37,675][INFO][main][IgniteKernal] Non-loopback local IPs: 129.215.2.60, fe80:0:0:0:ea39:35ff:fe48:4d89%em1
[18:26:37,675][INFO][main][IgniteKernal] Enabled local MACs: E83935484D89
[18:26:37,697][INFO][main][IgnitePluginProcessor] Configured plugins:
[18:26:37,698][INFO][main][IgnitePluginProcessor]   ^-- None
[18:26:37,698][INFO][main][IgnitePluginProcessor] 
[18:26:37,971][INFO][main][TcpCommunicationSpi] IPC shared memory server endpoint started [port=48105, tokDir=/afs/inf.ed.ac.uk/user/s16/s1626297/Desktop/ds/apache-ignite-fabric-1.7.0-bin/work/ipc/shmem/23086997-b50a-4d84-9f77-db6c264172db-31108]
[18:26:37,971][INFO][main][TcpCommunicationSpi] Successfully bound shared memory communication to TCP port [port=48105, locHost=0.0.0.0/0.0.0.0]
[18:26:38,058][INFO][main][TcpCommunicationSpi] Successfully bound to TCP port [port=47105, locHost=0.0.0.0/0.0.0.0]
[18:26:38,158][WARNING][main][NoopCheckpointSpi] Checkpoints are disabled (to enable configure any GridCheckpointSpi implementation)
[18:26:38,216][WARNING][main][GridCollisionManager] Collision resolution is disabled (all jobs will be activated upon arrival).
[18:26:38,228][WARNING][main][NoopSwapSpaceSpi] Swap space is disabled. To enable use FileSwapSpaceSpi.
[18:26:38,230][INFO][main][IgniteKernal] Security status [authentication=off, tls/ssl=off]
[18:26:38,779][WARNING][main][IgniteH2Indexing] Serialization of Java objects in H2 was enabled.
[18:26:38,942][INFO][main][GridTcpRestProtocol] Command protocol successfully started [name=TCP binary, host=0.0.0.0/0.0.0.0, port=11216]
[18:26:39,890][INFO][main][GridCacheProcessor] Started cache [name=ignite-sys-cache, mode=REPLICATED]
[18:26:39,905][INFO][main][GridCacheProcessor] Started cache [name=ignite-atomics-sys-cache, mode=PARTITIONED]
[18:26:39,969][INFO][main][GridCacheProcessor] Started cache [name=ignite-marshaller-sys-cache, mode=REPLICATED]
[18:26:40,457][INFO][main][IgniteKernal] To start Console Management & Monitoring run ignitevisorcmd.{sh|bat}
[18:26:40,459][INFO][main][IgniteKernal] 
[18:26:40,460][INFO][main][IgniteKernal] 

>>> +----------------------------------------------------------------------+
>>> Ignite ver. 1.7.0#20160801-sha1:383273e3f66f702de2482466dce954d570a8ccf2
>>> +----------------------------------------------------------------------+
>>> OS name: Linux 3.10.0-327.36.3.el7.x86_64 amd64
>>> CPU(s): 4
>>> Heap: 0.5GB
>>> VM name: 31108@joly.inf.ed.ac.uk
>>> Local node [ID=23086997-B50A-4D84-9F77-DB6C264172DB, order=5, clientMode=true]
>>> Local node addresses: [joly.inf.ed.ac.uk/0:0:0:0:0:0:0:1%lo, /127.0.0.1, /129.215.2.60]
>>> Local ports: TCP:11216 TCP:47105 TCP:48105 

[18:26:40,476][INFO][main][GridDiscoveryManager] Topology snapshot [ver=5, servers=1, clients=4, CPUs=4, heap=3.0GB]
[18:26:40,584][INFO][exchange-worker-#45%null%][GridCacheProcessor] Started cache [name=partB, mode=PARTITIONED]
[18:26:40,978][INFO][main][GridDeploymentLocalStore] Class locally deployed: class partB.StreamWords$1
[18:26:49,453][INFO][ignite-update-notifier-timer][GridUpdateNotifier] Your version is up to date.
[18:27:40,452][INFO][grid-timeout-worker-#27%null%][IgniteKernal] 
Metrics for local node (to disable set 'metricsLogFrequency' to 0)
    ^-- Node [id=23086997, name=null, uptime=00:01:00:002]
    ^-- H/N/C [hosts=1, nodes=5, CPUs=4]
    ^-- CPU [cur=2.83%, avg=3.34%, GC=0.6%]
    ^-- Heap [used=84MB, free=83.07%, comm=501MB]
    ^-- Non heap [used=41MB, free=-1%, comm=43MB]
    ^-- Public thread pool [active=0, idle=16, qSize=0]
    ^-- System thread pool [active=0, idle=16, qSize=0]
    ^-- Outbound messages queue [size=0]
[18:28:40,475][INFO][grid-timeout-worker-#27%null%][IgniteKernal] 
Metrics for local node (to disable set 'metricsLogFrequency' to 0)
    ^-- Node [id=23086997, name=null, uptime=00:02:00:021]
    ^-- H/N/C [hosts=1, nodes=5, CPUs=4]
    ^-- CPU [cur=3%, avg=3.26%, GC=0.33%]
    ^-- Heap [used=30MB, free=94%, comm=501MB]
    ^-- Non heap [used=42MB, free=-1%, comm=43MB]
    ^-- Public thread pool [active=0, idle=16, qSize=0]
    ^-- System thread pool [active=0, idle=16, qSize=0]
    ^-- Outbound messages queue [size=0]
[18:29:40,480][INFO][grid-timeout-worker-#27%null%][IgniteKernal] 
Metrics for local node (to disable set 'metricsLogFrequency' to 0)
    ^-- Node [id=23086997, name=null, uptime=00:03:00:026]
    ^-- H/N/C [hosts=1, nodes=5, CPUs=4]
    ^-- CPU [cur=3.33%, avg=3.35%, GC=0.4%]
    ^-- Heap [used=118MB, free=76.26%, comm=500MB]
    ^-- Non heap [used=42MB, free=-1%, comm=43MB]
    ^-- Public thread pool [active=0, idle=16, qSize=0]
    ^-- System thread pool [active=0, idle=16, qSize=0]
    ^-- Outbound messages queue [size=0]
[18:30:07,036][INFO][disco-event-worker-#42%null%][GridDiscoveryManager] Node left topology: TcpDiscoveryNode [id=a87e8e1d-e936-4efe-8e25-b57283c8c662, addrs=[0:0:0:0:0:0:0:1%lo, 127.0.0.1, 129.215.2.60], sockAddrs=[/0:0:0:0:0:0:0:1%lo:0, /127.0.0.1:0, joly.inf.ed.ac.uk/129.215.2.60:0], discPort=0, order=2, intOrder=2, lastExchangeTime=1479320799308, loc=false, ver=1.7.0#20160801-sha1:383273e3, isClient=true]
[18:30:07,036][INFO][disco-event-worker-#42%null%][GridDiscoveryManager] Topology snapshot [ver=6, servers=1, clients=3, CPUs=4, heap=2.5GB]
[18:30:10,001][INFO][Thread-4][G] Invoking shutdown hook...
