[16:52:47,666][INFO][main][IgniteKernal] 

>>>    __________  ________________  
>>>   /  _/ ___/ |/ /  _/_  __/ __/  
>>>  _/ // (7 7    // /  / / / _/    
>>> /___/\___/_/|_/___/ /_/ /___/   
>>> 
>>> ver. 1.7.0#20160801-sha1:383273e3
>>> 2016 Copyright(C) Apache Software Foundation
>>> 
>>> Ignite documentation: http://ignite.apache.org

[16:52:47,668][INFO][main][IgniteKernal] Config URL: file:/afs/inf.ed.ac.uk/user/s16/s1626297/Desktop/ds/apache-ignite-fabric-1.7.0-bin/examples/config/example-ignite-no-discovery.xml
[16:52:47,668][INFO][main][IgniteKernal] Daemon mode: off
[16:52:47,668][INFO][main][IgniteKernal] OS: Linux 3.10.0-327.36.3.el7.x86_64 amd64
[16:52:47,668][INFO][main][IgniteKernal] OS user: s1626297
[16:52:47,668][INFO][main][IgniteKernal] Language runtime: Java Platform API Specification ver. 1.8
[16:52:47,668][INFO][main][IgniteKernal] VM information: Java(TM) SE Runtime Environment 1.8.0_91-b14 Oracle Corporation Java HotSpot(TM) 64-Bit Server VM 25.91-b14
[16:52:47,670][INFO][main][IgniteKernal] VM total memory: 0.48GB
[16:52:47,670][INFO][main][IgniteKernal] Remote Management [restart: off, REST: on, JMX (remote: off)]
[16:52:47,670][INFO][main][IgniteKernal] IGNITE_HOME=/afs/inf.ed.ac.uk/user/s16/s1626297/Desktop/ds/apache-ignite-fabric-1.7.0-bin
[16:52:47,670][INFO][main][IgniteKernal] VM arguments: [-Xms512m, -Xmx512m, -DIGNITE_PERFORMANCE_SUGGESTIONS_DISABLED=true]
[16:52:47,671][INFO][main][IgniteKernal] Configured caches ['ignite-marshaller-sys-cache', 'ignite-sys-cache', 'ignite-atomics-sys-cache']
[16:52:47,671][WARNING][main][IgniteKernal] Peer class loading is enabled (disable it in production for performance and deployment consistency reasons)
[16:52:47,675][INFO][main][IgniteKernal] 3-rd party licenses can be found at: /afs/inf.ed.ac.uk/user/s16/s1626297/Desktop/ds/apache-ignite-fabric-1.7.0-bin/libs/licenses
[16:52:47,728][INFO][main][IgniteKernal] Non-loopback local IPs: 129.215.2.60, fe80:0:0:0:ea39:35ff:fe48:4d89%em1
[16:52:47,728][INFO][main][IgniteKernal] Enabled local MACs: E83935484D89
[16:52:47,744][INFO][main][IgnitePluginProcessor] Configured plugins:
[16:52:47,744][INFO][main][IgnitePluginProcessor]   ^-- None
[16:52:47,744][INFO][main][IgnitePluginProcessor] 
[16:52:47,886][INFO][main][TcpCommunicationSpi] IPC shared memory server endpoint started [port=48103, tokDir=/afs/inf.ed.ac.uk/user/s16/s1626297/Desktop/ds/apache-ignite-fabric-1.7.0-bin/work/ipc/shmem/10fb446b-a211-415e-8cc9-75084b41c211-12591]
[16:52:47,886][INFO][main][TcpCommunicationSpi] Successfully bound shared memory communication to TCP port [port=48103, locHost=0.0.0.0/0.0.0.0]
[16:52:47,910][INFO][main][TcpCommunicationSpi] Successfully bound to TCP port [port=47103, locHost=0.0.0.0/0.0.0.0]
[16:52:47,958][WARNING][main][NoopCheckpointSpi] Checkpoints are disabled (to enable configure any GridCheckpointSpi implementation)
[16:52:47,992][WARNING][main][GridCollisionManager] Collision resolution is disabled (all jobs will be activated upon arrival).
[16:52:47,997][WARNING][main][NoopSwapSpaceSpi] Swap space is disabled. To enable use FileSwapSpaceSpi.
[16:52:47,999][INFO][main][IgniteKernal] Security status [authentication=off, tls/ssl=off]
[16:52:48,303][WARNING][main][IgniteH2Indexing] Serialization of Java objects in H2 was enabled.
[16:52:48,368][INFO][main][GridTcpRestProtocol] Command protocol successfully started [name=TCP binary, host=0.0.0.0/0.0.0.0, port=11214]
[16:52:48,960][INFO][main][GridCacheProcessor] Started cache [name=ignite-sys-cache, mode=REPLICATED]
[16:52:48,972][INFO][main][GridCacheProcessor] Started cache [name=ignite-atomics-sys-cache, mode=PARTITIONED]
[16:52:48,990][INFO][main][GridCacheProcessor] Started cache [name=ignite-marshaller-sys-cache, mode=REPLICATED]
[16:52:49,258][INFO][main][IgniteKernal] To start Console Management & Monitoring run ignitevisorcmd.{sh|bat}
[16:52:49,259][INFO][main][IgniteKernal] 
[16:52:49,259][INFO][main][IgniteKernal] 

>>> +----------------------------------------------------------------------+
>>> Ignite ver. 1.7.0#20160801-sha1:383273e3f66f702de2482466dce954d570a8ccf2
>>> +----------------------------------------------------------------------+
>>> OS name: Linux 3.10.0-327.36.3.el7.x86_64 amd64
>>> CPU(s): 4
>>> Heap: 0.5GB
>>> VM name: 12591@joly.inf.ed.ac.uk
>>> Local node [ID=10FB446B-A211-415E-8CC9-75084B41C211, order=3, clientMode=true]
>>> Local node addresses: [joly.inf.ed.ac.uk/0:0:0:0:0:0:0:1%lo, /127.0.0.1, /129.215.2.60]
>>> Local ports: TCP:11214 TCP:47103 TCP:48103 

[16:52:49,261][INFO][main][GridDiscoveryManager] Topology snapshot [ver=3, servers=1, clients=2, CPUs=4, heap=2.0GB]
[16:52:49,352][INFO][exchange-worker-#45%null%][GridCacheProcessor] Started cache [name=partA, mode=PARTITIONED]
[16:52:49,595][INFO][main][GridDeploymentLocalStore] Class locally deployed: class partA.StreamWords$1
[16:52:58,687][INFO][ignite-update-notifier-timer][GridUpdateNotifier] Your version is up to date.
[16:53:49,265][INFO][grid-timeout-worker-#27%null%][IgniteKernal] 
Metrics for local node (to disable set 'metricsLogFrequency' to 0)
    ^-- Node [id=10fb446b, name=null, uptime=00:01:00:007]
    ^-- H/N/C [hosts=1, nodes=3, CPUs=4]
    ^-- CPU [cur=7.9%, avg=7.31%, GC=1.03%]
    ^-- Heap [used=131MB, free=73.81%, comm=502MB]
    ^-- Non heap [used=40MB, free=-1%, comm=43MB]
    ^-- Public thread pool [active=0, idle=16, qSize=0]
    ^-- System thread pool [active=0, idle=16, qSize=0]
    ^-- Outbound messages queue [size=0]
[16:54:49,270][INFO][grid-timeout-worker-#27%null%][IgniteKernal] 
Metrics for local node (to disable set 'metricsLogFrequency' to 0)
    ^-- Node [id=10fb446b, name=null, uptime=00:02:00:014]
    ^-- H/N/C [hosts=1, nodes=3, CPUs=4]
    ^-- CPU [cur=8.17%, avg=7.96%, GC=0.57%]
    ^-- Heap [used=42MB, free=91.57%, comm=503MB]
    ^-- Non heap [used=41MB, free=-1%, comm=43MB]
    ^-- Public thread pool [active=0, idle=16, qSize=0]
    ^-- System thread pool [active=0, idle=16, qSize=0]
    ^-- Outbound messages queue [size=0]
[16:55:15,380][INFO][disco-event-worker-#42%null%][GridDiscoveryManager] Node left topology: TcpDiscoveryNode [id=69feb6b4-12dc-4eaa-b4f1-f63bc01efab6, addrs=[0:0:0:0:0:0:0:1%lo, 127.0.0.1, 129.215.2.60], sockAddrs=[/0:0:0:0:0:0:0:1%lo:0, /127.0.0.1:0, joly.inf.ed.ac.uk/129.215.2.60:0], discPort=0, order=2, intOrder=2, lastExchangeTime=1479315168612, loc=false, ver=1.7.0#20160801-sha1:383273e3, isClient=true]
[16:55:15,380][INFO][disco-event-worker-#42%null%][GridDiscoveryManager] Topology snapshot [ver=4, servers=1, clients=1, CPUs=4, heap=1.5GB]
[16:55:20,752][INFO][Thread-4][G] Invoking shutdown hook...
