[14:08:51,412][INFO][main][IgniteKernal] 

>>>    __________  ________________  
>>>   /  _/ ___/ |/ /  _/_  __/ __/  
>>>  _/ // (7 7    // /  / / / _/    
>>> /___/\___/_/|_/___/ /_/ /___/   
>>> 
>>> ver. 1.7.0#20160801-sha1:383273e3
>>> 2016 Copyright(C) Apache Software Foundation
>>> 
>>> Ignite documentation: http://ignite.apache.org

[14:08:51,413][INFO][main][IgniteKernal] Config URL: file:/afs/inf.ed.ac.uk/user/s16/s1626297/Desktop/ds/apache-ignite-fabric-1.7.0-bin/examples/config/example-ignite-no-discovery.xml
[14:08:51,413][INFO][main][IgniteKernal] Daemon mode: off
[14:08:51,413][INFO][main][IgniteKernal] OS: Linux 3.10.0-327.36.3.el7.x86_64 amd64
[14:08:51,414][INFO][main][IgniteKernal] OS user: s1626297
[14:08:51,414][INFO][main][IgniteKernal] Language runtime: Java Platform API Specification ver. 1.8
[14:08:51,414][INFO][main][IgniteKernal] VM information: Java(TM) SE Runtime Environment 1.8.0_91-b14 Oracle Corporation Java HotSpot(TM) 64-Bit Server VM 25.91-b14
[14:08:51,416][INFO][main][IgniteKernal] VM total memory: 1.7GB
[14:08:51,416][INFO][main][IgniteKernal] Remote Management [restart: off, REST: on, JMX (remote: off)]
[14:08:51,416][INFO][main][IgniteKernal] IGNITE_HOME=/afs/inf.ed.ac.uk/user/s16/s1626297/Desktop/ds/apache-ignite-fabric-1.7.0-bin
[14:08:51,416][INFO][main][IgniteKernal] VM arguments: [-DIGNITE_HOME=/afs/inf.ed.ac.uk/user/s16/s1626297/Desktop/ds/apache-ignite-fabric-1.7.0-bin, -Didea.launcher.port=7532, -Didea.launcher.bin.path=/opt/idea-ce/bin, -Dfile.encoding=UTF-8]
[14:08:51,416][INFO][main][IgniteKernal] Configured caches ['ignite-marshaller-sys-cache', 'ignite-sys-cache', 'ignite-atomics-sys-cache']
[14:08:51,416][WARNING][main][IgniteKernal] Peer class loading is enabled (disable it in production for performance and deployment consistency reasons)
[14:08:51,425][INFO][main][IgniteKernal] 3-rd party licenses can be found at: /afs/inf.ed.ac.uk/user/s16/s1626297/Desktop/ds/apache-ignite-fabric-1.7.0-bin/libs/licenses
[14:08:51,428][WARNING][pub-#26%null%][GridDiagnostic] Initial heap size is 124MB (should be no less than 512MB, use -Xms512m -Xmx512m).
[14:08:51,484][INFO][main][IgniteKernal] Non-loopback local IPs: 129.215.2.96, fe80:0:0:0:ea39:35ff:fe35:ee75%em1
[14:08:51,484][INFO][main][IgniteKernal] Enabled local MACs: E8393535EE75
[14:08:51,501][INFO][main][IgnitePluginProcessor] Configured plugins:
[14:08:51,501][INFO][main][IgnitePluginProcessor]   ^-- None
[14:08:51,501][INFO][main][IgnitePluginProcessor] 
[14:08:51,652][INFO][main][TcpCommunicationSpi] IPC shared memory server endpoint started [port=48101, tokDir=/afs/inf.ed.ac.uk/user/s16/s1626297/Desktop/ds/apache-ignite-fabric-1.7.0-bin/work/ipc/shmem/9b8d92c5-f41a-40d4-bb11-f9d68a228914-25791]
[14:08:51,652][INFO][main][TcpCommunicationSpi] Successfully bound shared memory communication to TCP port [port=48101, locHost=0.0.0.0/0.0.0.0]
[14:08:51,675][INFO][main][TcpCommunicationSpi] Successfully bound to TCP port [port=47101, locHost=0.0.0.0/0.0.0.0]
[14:08:51,716][WARNING][main][NoopCheckpointSpi] Checkpoints are disabled (to enable configure any GridCheckpointSpi implementation)
[14:08:51,749][WARNING][main][GridCollisionManager] Collision resolution is disabled (all jobs will be activated upon arrival).
[14:08:51,752][WARNING][main][NoopSwapSpaceSpi] Swap space is disabled. To enable use FileSwapSpaceSpi.
[14:08:51,755][INFO][main][IgniteKernal] Security status [authentication=off, tls/ssl=off]
[14:08:51,994][WARNING][main][IgniteH2Indexing] Serialization of Java objects in H2 was enabled.
[14:08:52,055][INFO][main][GridTcpRestProtocol] Command protocol successfully started [name=TCP binary, host=0.0.0.0/0.0.0.0, port=11212]
[14:08:52,534][INFO][main][GridCacheProcessor] Started cache [name=ignite-sys-cache, mode=REPLICATED]
[14:08:52,547][INFO][main][GridCacheProcessor] Started cache [name=ignite-atomics-sys-cache, mode=PARTITIONED]
[14:08:52,566][INFO][main][GridCacheProcessor] Started cache [name=ignite-marshaller-sys-cache, mode=REPLICATED]
[14:08:52,778][INFO][main][IgniteKernal] Performance suggestions for grid  (fix if possible)
[14:08:52,778][INFO][main][IgniteKernal] To disable, set -DIGNITE_PERFORMANCE_SUGGESTIONS_DISABLED=true
[14:08:52,778][INFO][main][IgniteKernal]   ^-- Disable peer class loading (set 'peerClassLoadingEnabled' to false)
[14:08:52,778][INFO][main][IgniteKernal]   ^-- Disable grid events (remove 'includeEventTypes' from configuration)
[14:08:52,779][INFO][main][IgniteKernal] 
[14:08:52,779][INFO][main][IgniteKernal] To start Console Management & Monitoring run ignitevisorcmd.{sh|bat}
[14:08:52,779][INFO][main][IgniteKernal] 
[14:08:52,780][INFO][main][IgniteKernal] 

>>> +----------------------------------------------------------------------+
>>> Ignite ver. 1.7.0#20160801-sha1:383273e3f66f702de2482466dce954d570a8ccf2
>>> +----------------------------------------------------------------------+
>>> OS name: Linux 3.10.0-327.36.3.el7.x86_64 amd64
>>> CPU(s): 4
>>> Heap: 1.7GB
>>> VM name: 25791@ceilingcat.inf.ed.ac.uk
>>> Local node [ID=9B8D92C5-F41A-40D4-BB11-F9D68A228914, order=8, clientMode=true]
>>> Local node addresses: [ceilingcat.inf.ed.ac.uk/0:0:0:0:0:0:0:1%lo, /127.0.0.1, /129.215.2.96]
>>> Local ports: TCP:11212 TCP:47101 TCP:48101 

[14:08:52,781][INFO][main][GridDiscoveryManager] Topology snapshot [ver=8, servers=1, clients=1, CPUs=4, heap=2.7GB]
[14:08:52,826][INFO][exchange-worker-#45%null%][GridCacheProcessor] Started cache [name=words, mode=PARTITIONED]
[14:08:53,036][INFO][main][GridDeploymentLocalStore] Class locally deployed: class partB.StreamWords$StreamingExampleCacheEntryProcessor
[14:09:02,280][INFO][ignite-update-notifier-timer][GridUpdateNotifier] Your version is up to date.
[14:09:02,963][INFO][disco-event-worker-#42%null%][GridDiscoveryManager] Added new node to topology: TcpDiscoveryNode [id=09847ff8-09cd-444f-9012-dfffb232a8cf, addrs=[0:0:0:0:0:0:0:1%lo, 127.0.0.1, 129.215.2.96], sockAddrs=[/0:0:0:0:0:0:0:1%lo:0, /127.0.0.1:0, ceilingcat.inf.ed.ac.uk/129.215.2.96:0], discPort=0, order=9, intOrder=6, lastExchangeTime=1478786942933, loc=false, ver=1.7.0#20160801-sha1:383273e3, isClient=true]
[14:09:02,963][INFO][disco-event-worker-#42%null%][GridDiscoveryManager] Topology snapshot [ver=9, servers=1, clients=2, CPUs=4, heap=4.4GB]
[14:09:52,781][INFO][grid-timeout-worker-#27%null%][IgniteKernal] 
Metrics for local node (to disable set 'metricsLogFrequency' to 0)
    ^-- Node [id=9b8d92c5, name=null, uptime=00:01:00:003]
    ^-- H/N/C [hosts=1, nodes=3, CPUs=4]
    ^-- CPU [cur=6.77%, avg=7.79%, GC=0.23%]
    ^-- Heap [used=286MB, free=83.64%, comm=682MB]
    ^-- Non heap [used=41MB, free=-1%, comm=44MB]
    ^-- Public thread pool [active=0, idle=16, qSize=0]
    ^-- System thread pool [active=0, idle=16, qSize=0]
    ^-- Outbound messages queue [size=0]
[14:10:52,780][INFO][grid-timeout-worker-#27%null%][IgniteKernal] 
Metrics for local node (to disable set 'metricsLogFrequency' to 0)
    ^-- Node [id=9b8d92c5, name=null, uptime=00:02:00:008]
    ^-- H/N/C [hosts=1, nodes=3, CPUs=4]
    ^-- CPU [cur=7.83%, avg=7.99%, GC=0.27%]
    ^-- Heap [used=610MB, free=65.15%, comm=695MB]
    ^-- Non heap [used=41MB, free=-1%, comm=44MB]
    ^-- Public thread pool [active=0, idle=16, qSize=0]
    ^-- System thread pool [active=0, idle=16, qSize=0]
    ^-- Outbound messages queue [size=0]
[14:11:20,884][INFO][disco-event-worker-#42%null%][GridDiscoveryManager] Node left topology: TcpDiscoveryNode [id=09847ff8-09cd-444f-9012-dfffb232a8cf, addrs=[0:0:0:0:0:0:0:1%lo, 127.0.0.1, 129.215.2.96], sockAddrs=[/0:0:0:0:0:0:0:1%lo:0, /127.0.0.1:0, ceilingcat.inf.ed.ac.uk/129.215.2.96:0], discPort=0, order=9, intOrder=6, lastExchangeTime=1478786942933, loc=false, ver=1.7.0#20160801-sha1:383273e3, isClient=true]
[14:11:20,884][INFO][disco-event-worker-#42%null%][GridDiscoveryManager] Topology snapshot [ver=10, servers=1, clients=1, CPUs=4, heap=2.7GB]
