[16:48:49,523][INFO][main][IgniteKernal] 

>>>    __________  ________________  
>>>   /  _/ ___/ |/ /  _/_  __/ __/  
>>>  _/ // (7 7    // /  / / / _/    
>>> /___/\___/_/|_/___/ /_/ /___/   
>>> 
>>> ver. 1.7.0#20160801-sha1:383273e3
>>> 2016 Copyright(C) Apache Software Foundation
>>> 
>>> Ignite documentation: http://ignite.apache.org

[16:48:49,526][INFO][main][IgniteKernal] Config URL: file:/afs/inf.ed.ac.uk/user/s16/s1626297/Desktop/ds/apache-ignite-fabric-1.7.0-bin/examples/config/example-ignite-no-discovery.xml
[16:48:49,526][INFO][main][IgniteKernal] Daemon mode: off
[16:48:49,527][INFO][main][IgniteKernal] OS: Linux 3.10.0-327.36.3.el7.x86_64 amd64
[16:48:49,527][INFO][main][IgniteKernal] OS user: s1626297
[16:48:49,527][INFO][main][IgniteKernal] Language runtime: Java Platform API Specification ver. 1.8
[16:48:49,528][INFO][main][IgniteKernal] VM information: Java(TM) SE Runtime Environment 1.8.0_91-b14 Oracle Corporation Java HotSpot(TM) 64-Bit Server VM 25.91-b14
[16:48:49,530][INFO][main][IgniteKernal] VM total memory: 0.48GB
[16:48:49,530][INFO][main][IgniteKernal] Remote Management [restart: off, REST: on, JMX (remote: off)]
[16:48:49,530][INFO][main][IgniteKernal] IGNITE_HOME=/afs/inf.ed.ac.uk/user/s16/s1626297/Desktop/ds/apache-ignite-fabric-1.7.0-bin
[16:48:49,530][INFO][main][IgniteKernal] VM arguments: [-Xms512m, -Xmx512m, -DIGNITE_QUIET=false, -DIGNITE_PERFORMANCE_SUGGESTIONS_DISABLED=true]
[16:48:49,531][INFO][main][IgniteKernal] Configured caches ['ignite-marshaller-sys-cache', 'ignite-sys-cache', 'ignite-atomics-sys-cache']
[16:48:49,531][WARNING][main][IgniteKernal] Peer class loading is enabled (disable it in production for performance and deployment consistency reasons)
[16:48:49,550][INFO][main][IgniteKernal] 3-rd party licenses can be found at: /afs/inf.ed.ac.uk/user/s16/s1626297/Desktop/ds/apache-ignite-fabric-1.7.0-bin/libs/licenses
[16:48:49,626][INFO][main][IgniteKernal] Non-loopback local IPs: 129.215.2.60, fe80:0:0:0:ea39:35ff:fe48:4d89%em1
[16:48:49,626][INFO][main][IgniteKernal] Enabled local MACs: E83935484D89
[16:48:49,646][INFO][main][IgnitePluginProcessor] Configured plugins:
[16:48:49,646][INFO][main][IgnitePluginProcessor]   ^-- None
[16:48:49,646][INFO][main][IgnitePluginProcessor] 
[16:48:49,923][INFO][main][TcpCommunicationSpi] IPC shared memory server endpoint started [port=48104, tokDir=/afs/inf.ed.ac.uk/user/s16/s1626297/Desktop/ds/apache-ignite-fabric-1.7.0-bin/work/ipc/shmem/2250a3ab-3adc-48e4-b139-ef3ae75af157-11058]
[16:48:49,924][INFO][main][TcpCommunicationSpi] Successfully bound shared memory communication to TCP port [port=48104, locHost=0.0.0.0/0.0.0.0]
[16:48:49,949][INFO][main][TcpCommunicationSpi] Successfully bound to TCP port [port=47104, locHost=0.0.0.0/0.0.0.0]
[16:48:50,061][WARNING][main][NoopCheckpointSpi] Checkpoints are disabled (to enable configure any GridCheckpointSpi implementation)
[16:48:50,103][WARNING][main][GridCollisionManager] Collision resolution is disabled (all jobs will be activated upon arrival).
[16:48:50,107][WARNING][main][NoopSwapSpaceSpi] Swap space is disabled. To enable use FileSwapSpaceSpi.
[16:48:50,112][INFO][main][IgniteKernal] Security status [authentication=off, tls/ssl=off]
[16:48:50,481][WARNING][main][IgniteH2Indexing] Serialization of Java objects in H2 was enabled.
[16:48:50,568][INFO][main][GridTcpRestProtocol] Command protocol successfully started [name=TCP binary, host=0.0.0.0/0.0.0.0, port=11215]
[16:48:51,380][INFO][main][GridCacheProcessor] Started cache [name=ignite-sys-cache, mode=REPLICATED]
[16:48:51,392][INFO][main][GridCacheProcessor] Started cache [name=ignite-atomics-sys-cache, mode=PARTITIONED]
[16:48:51,414][INFO][main][GridCacheProcessor] Started cache [name=ignite-marshaller-sys-cache, mode=REPLICATED]
[16:48:51,720][INFO][main][IgniteKernal] To start Console Management & Monitoring run ignitevisorcmd.{sh|bat}
[16:48:51,722][INFO][main][IgniteKernal] 
[16:48:51,724][INFO][main][IgniteKernal] 

>>> +----------------------------------------------------------------------+
>>> Ignite ver. 1.7.0#20160801-sha1:383273e3f66f702de2482466dce954d570a8ccf2
>>> +----------------------------------------------------------------------+
>>> OS name: Linux 3.10.0-327.36.3.el7.x86_64 amd64
>>> CPU(s): 4
>>> Heap: 0.5GB
>>> VM name: 11058@joly.inf.ed.ac.uk
>>> Local node [ID=2250A3AB-3ADC-48E4-B139-EF3AE75AF157, order=4, clientMode=true]
>>> Local node addresses: [joly.inf.ed.ac.uk/0:0:0:0:0:0:0:1%lo, /127.0.0.1, /129.215.2.60]
>>> Local ports: TCP:11215 TCP:47104 TCP:48104 

[16:48:51,727][INFO][main][GridDiscoveryManager] Topology snapshot [ver=4, servers=1, clients=3, CPUs=4, heap=2.5GB]
[16:48:51,895][INFO][exchange-worker-#45%null%][GridCacheProcessor] Started cache [name=partC, mode=PARTITIONED]
[16:48:52,862][INFO][main][GridDeploymentLocalStore] Class locally deployed: class partC.StreamWords$1
[16:48:57,567][INFO][main][GridTcpRestProtocol] Command protocol successfully stopped: TCP binary
[16:48:57,603][INFO][main][GridCacheProcessor] Stopped cache: ignite-marshaller-sys-cache
[16:48:57,604][INFO][main][GridCacheProcessor] Stopped cache: ignite-sys-cache
[16:48:57,610][INFO][main][GridCacheProcessor] Stopped cache: ignite-atomics-sys-cache
[16:48:57,610][INFO][main][GridCacheProcessor] Stopped cache: partC
[16:48:57,612][INFO][main][GridDeploymentLocalStore] Removed undeployed class: GridDeployment [ts=1479314931560, depMode=SHARED, clsLdr=sun.misc.Launcher$AppClassLoader@73d16e93, clsLdrId=bc27a0e6851-2250a3ab-3adc-48e4-b139-ef3ae75af157, userVer=0, loc=true, sampleClsName=org.apache.ignite.internal.processors.cache.distributed.dht.preloader.GridDhtPartitionFullMap, pendingUndeploy=false, undeployed=true, usage=0]
[16:48:57,643][INFO][main][IgniteKernal] 

>>> +---------------------------------------------------------------------------------+
>>> Ignite ver. 1.7.0#20160801-sha1:383273e3f66f702de2482466dce954d570a8ccf2 stopped OK
>>> +---------------------------------------------------------------------------------+
>>> Grid uptime: 00:00:05:924


