[16:37:01,347][INFO][main][IgniteKernal] 

>>>    __________  ________________  
>>>   /  _/ ___/ |/ /  _/_  __/ __/  
>>>  _/ // (7 7    // /  / / / _/    
>>> /___/\___/_/|_/___/ /_/ /___/   
>>> 
>>> ver. 1.7.0#20160801-sha1:383273e3
>>> 2016 Copyright(C) Apache Software Foundation
>>> 
>>> Ignite documentation: http://ignite.apache.org

[16:37:01,349][INFO][main][IgniteKernal] Config URL: file:/afs/inf.ed.ac.uk/user/s16/s1626297/Desktop/ds/apache-ignite-fabric-1.7.0-bin/examples/config/example-ignite-no-discovery.xml
[16:37:01,349][INFO][main][IgniteKernal] Daemon mode: off
[16:37:01,349][INFO][main][IgniteKernal] OS: Linux 3.10.0-327.36.3.el7.x86_64 amd64
[16:37:01,349][INFO][main][IgniteKernal] OS user: s1626297
[16:37:01,349][INFO][main][IgniteKernal] Language runtime: Java Platform API Specification ver. 1.8
[16:37:01,349][INFO][main][IgniteKernal] VM information: Java(TM) SE Runtime Environment 1.8.0_91-b14 Oracle Corporation Java HotSpot(TM) 64-Bit Server VM 25.91-b14
[16:37:01,351][INFO][main][IgniteKernal] VM total memory: 1.7GB
[16:37:01,351][INFO][main][IgniteKernal] Remote Management [restart: off, REST: on, JMX (remote: off)]
[16:37:01,351][INFO][main][IgniteKernal] IGNITE_HOME=/afs/inf.ed.ac.uk/user/s16/s1626297/Desktop/ds/apache-ignite-fabric-1.7.0-bin
[16:37:01,351][INFO][main][IgniteKernal] VM arguments: []
[16:37:01,351][INFO][main][IgniteKernal] Configured caches ['ignite-marshaller-sys-cache', 'ignite-sys-cache', 'ignite-atomics-sys-cache']
[16:37:01,352][WARNING][main][IgniteKernal] Peer class loading is enabled (disable it in production for performance and deployment consistency reasons)
[16:37:01,355][INFO][main][IgniteKernal] 3-rd party licenses can be found at: /afs/inf.ed.ac.uk/user/s16/s1626297/Desktop/ds/apache-ignite-fabric-1.7.0-bin/libs/licenses
[16:37:01,358][WARNING][pub-#26%null%][GridDiagnostic] Initial heap size is 124MB (should be no less than 512MB, use -Xms512m -Xmx512m).
[16:37:01,403][INFO][main][IgniteKernal] Non-loopback local IPs: 129.215.2.60, fe80:0:0:0:ea39:35ff:fe48:4d89%em1
[16:37:01,403][INFO][main][IgniteKernal] Enabled local MACs: E83935484D89
[16:37:01,420][INFO][main][IgnitePluginProcessor] Configured plugins:
[16:37:01,420][INFO][main][IgnitePluginProcessor]   ^-- None
[16:37:01,421][INFO][main][IgnitePluginProcessor] 
[16:37:01,535][INFO][main][TcpCommunicationSpi] IPC shared memory server endpoint started [port=48101, tokDir=/afs/inf.ed.ac.uk/user/s16/s1626297/Desktop/ds/apache-ignite-fabric-1.7.0-bin/work/ipc/shmem/314bb349-102f-44c7-a5e0-a4404a66aadf-8489]
[16:37:01,535][INFO][main][TcpCommunicationSpi] Successfully bound shared memory communication to TCP port [port=48101, locHost=0.0.0.0/0.0.0.0]
[16:37:01,557][INFO][main][TcpCommunicationSpi] Successfully bound to TCP port [port=47101, locHost=0.0.0.0/0.0.0.0]
[16:37:01,596][WARNING][main][NoopCheckpointSpi] Checkpoints are disabled (to enable configure any GridCheckpointSpi implementation)
[16:37:01,623][WARNING][main][GridCollisionManager] Collision resolution is disabled (all jobs will be activated upon arrival).
[16:37:01,627][WARNING][main][NoopSwapSpaceSpi] Swap space is disabled. To enable use FileSwapSpaceSpi.
[16:37:01,628][INFO][main][IgniteKernal] Security status [authentication=off, tls/ssl=off]
[16:37:01,876][WARNING][main][IgniteH2Indexing] Serialization of Java objects in H2 was enabled.
[16:37:01,936][INFO][main][GridTcpRestProtocol] Command protocol successfully started [name=TCP binary, host=0.0.0.0/0.0.0.0, port=11212]
[16:37:02,408][INFO][main][GridCacheProcessor] Started cache [name=ignite-sys-cache, mode=REPLICATED]
[16:37:02,419][INFO][main][GridCacheProcessor] Started cache [name=ignite-atomics-sys-cache, mode=PARTITIONED]
[16:37:02,436][INFO][main][GridCacheProcessor] Started cache [name=ignite-marshaller-sys-cache, mode=REPLICATED]
[16:37:02,665][INFO][main][IgniteKernal] Performance suggestions for grid  (fix if possible)
[16:37:02,665][INFO][main][IgniteKernal] To disable, set -DIGNITE_PERFORMANCE_SUGGESTIONS_DISABLED=true
[16:37:02,666][INFO][main][IgniteKernal]   ^-- Disable peer class loading (set 'peerClassLoadingEnabled' to false)
[16:37:02,666][INFO][main][IgniteKernal]   ^-- Disable grid events (remove 'includeEventTypes' from configuration)
[16:37:02,666][INFO][main][IgniteKernal] 
[16:37:02,666][INFO][main][IgniteKernal] To start Console Management & Monitoring run ignitevisorcmd.{sh|bat}
[16:37:02,666][INFO][main][IgniteKernal] 
[16:37:02,667][INFO][main][IgniteKernal] 

>>> +----------------------------------------------------------------------+
>>> Ignite ver. 1.7.0#20160801-sha1:383273e3f66f702de2482466dce954d570a8ccf2
>>> +----------------------------------------------------------------------+
>>> OS name: Linux 3.10.0-327.36.3.el7.x86_64 amd64
>>> CPU(s): 4
>>> Heap: 1.7GB
>>> VM name: 8489@joly.inf.ed.ac.uk
>>> Local node [ID=314BB349-102F-44C7-A5E0-A4404A66AADF, order=8, clientMode=true]
>>> Local node addresses: [joly.inf.ed.ac.uk/0:0:0:0:0:0:0:1%lo, /127.0.0.1, /129.215.2.60]
>>> Local ports: TCP:11212 TCP:47101 TCP:48101 

[16:37:02,668][INFO][main][GridDiscoveryManager] Topology snapshot [ver=8, servers=1, clients=1, CPUs=4, heap=2.7GB]
[16:37:02,718][INFO][exchange-worker-#45%null%][GridCacheProcessor] Started cache [name=partC, mode=PARTITIONED]
[16:37:02,894][INFO][exchange-worker-#45%null%][GridCacheProcessor] Stopped cache: partC
[16:37:02,915][INFO][main][GridTcpRestProtocol] Command protocol successfully stopped: TCP binary
[16:37:02,926][INFO][main][GridCacheProcessor] Stopped cache: ignite-marshaller-sys-cache
[16:37:02,926][INFO][main][GridCacheProcessor] Stopped cache: ignite-sys-cache
[16:37:02,926][INFO][main][GridCacheProcessor] Stopped cache: ignite-atomics-sys-cache
[16:37:02,932][INFO][main][GridDeploymentLocalStore] Removed undeployed class: GridDeployment [ts=1479314222580, depMode=SHARED, clsLdr=sun.misc.Launcher$AppClassLoader@73d16e93, clsLdrId=2c5affd6851-314bb349-102f-44c7-a5e0-a4404a66aadf, userVer=0, loc=true, sampleClsName=org.apache.ignite.internal.processors.cache.distributed.dht.preloader.GridDhtPartitionFullMap, pendingUndeploy=false, undeployed=true, usage=0]
[16:37:02,939][INFO][main][IgniteKernal] 

>>> +---------------------------------------------------------------------------------+
>>> Ignite ver. 1.7.0#20160801-sha1:383273e3f66f702de2482466dce954d570a8ccf2 stopped OK
>>> +---------------------------------------------------------------------------------+
>>> Grid uptime: 00:00:00:276


