[14:38:00,861][INFO][main][IgniteKernal] 

>>>    __________  ________________  
>>>   /  _/ ___/ |/ /  _/_  __/ __/  
>>>  _/ // (7 7    // /  / / / _/    
>>> /___/\___/_/|_/___/ /_/ /___/   
>>> 
>>> ver. 1.7.0#20160801-sha1:383273e3
>>> 2016 Copyright(C) Apache Software Foundation
>>> 
>>> Ignite documentation: http://ignite.apache.org

[14:38:00,863][INFO][main][IgniteKernal] Config URL: file:/afs/inf.ed.ac.uk/user/s16/s1626297/Desktop/ds/apache-ignite-fabric-1.7.0-bin/examples/config/example-ignite-no-discovery.xml
[14:38:00,863][INFO][main][IgniteKernal] Daemon mode: off
[14:38:00,863][INFO][main][IgniteKernal] OS: Linux 3.10.0-327.36.3.el7.x86_64 amd64
[14:38:00,864][INFO][main][IgniteKernal] OS user: s1626297
[14:38:00,864][INFO][main][IgniteKernal] Language runtime: Java Platform API Specification ver. 1.8
[14:38:00,864][INFO][main][IgniteKernal] VM information: Java(TM) SE Runtime Environment 1.8.0_91-b14 Oracle Corporation Java HotSpot(TM) 64-Bit Server VM 25.91-b14
[14:38:00,866][INFO][main][IgniteKernal] VM total memory: 3.5GB
[14:38:00,866][INFO][main][IgniteKernal] Remote Management [restart: off, REST: on, JMX (remote: off)]
[14:38:00,867][INFO][main][IgniteKernal] IGNITE_HOME=/afs/inf.ed.ac.uk/user/s16/s1626297/Desktop/ds/apache-ignite-fabric-1.7.0-bin
[14:38:00,867][INFO][main][IgniteKernal] VM arguments: [-DIGNITE_HOME=/afs/inf.ed.ac.uk/user/s16/s1626297/Desktop/ds/apache-ignite-fabric-1.7.0-bin, -Didea.launcher.port=7541, -Didea.launcher.bin.path=/opt/idea-ce/bin, -Dfile.encoding=UTF-8]
[14:38:00,867][INFO][main][IgniteKernal] Configured caches ['ignite-marshaller-sys-cache', 'ignite-sys-cache', 'ignite-atomics-sys-cache']
[14:38:00,868][WARNING][main][IgniteKernal] Peer class loading is enabled (disable it in production for performance and deployment consistency reasons)
[14:38:00,885][INFO][main][IgniteKernal] 3-rd party licenses can be found at: /afs/inf.ed.ac.uk/user/s16/s1626297/Desktop/ds/apache-ignite-fabric-1.7.0-bin/libs/licenses
[14:38:00,889][WARNING][pub-#26%null%][GridDiagnostic] Initial heap size is 250MB (should be no less than 512MB, use -Xms512m -Xmx512m).
[14:38:01,285][INFO][main][IgniteKernal] Non-loopback local IPs: 129.215.2.16, fe80:0:0:0:4a0f:cfff:fe5c:a96f%em1
[14:38:01,285][INFO][main][IgniteKernal] Enabled local MACs: 480FCF5CA96F
[14:38:01,415][INFO][main][IgnitePluginProcessor] Configured plugins:
[14:38:01,415][INFO][main][IgnitePluginProcessor]   ^-- None
[14:38:01,415][INFO][main][IgnitePluginProcessor] 
[14:38:02,683][INFO][main][TcpCommunicationSpi] IPC shared memory server endpoint started [port=48102, tokDir=/afs/inf.ed.ac.uk/user/s16/s1626297/Desktop/ds/apache-ignite-fabric-1.7.0-bin/work/ipc/shmem/d3a37822-50cf-4272-a54d-9ceb587475d6-18627]
[14:38:02,683][INFO][main][TcpCommunicationSpi] Successfully bound shared memory communication to TCP port [port=48102, locHost=0.0.0.0/0.0.0.0]
[14:38:02,859][INFO][main][TcpCommunicationSpi] Successfully bound to TCP port [port=47102, locHost=0.0.0.0/0.0.0.0]
[14:38:03,485][WARNING][main][NoopCheckpointSpi] Checkpoints are disabled (to enable configure any GridCheckpointSpi implementation)
[14:38:03,771][WARNING][main][GridCollisionManager] Collision resolution is disabled (all jobs will be activated upon arrival).
[14:38:03,823][WARNING][main][NoopSwapSpaceSpi] Swap space is disabled. To enable use FileSwapSpaceSpi.
[14:38:03,833][INFO][main][IgniteKernal] Security status [authentication=off, tls/ssl=off]
[14:38:05,933][WARNING][main][IgniteH2Indexing] Serialization of Java objects in H2 was enabled.
[14:38:06,039][INFO][main][GridTcpRestProtocol] Command protocol successfully started [name=TCP binary, host=0.0.0.0/0.0.0.0, port=11213]
[14:38:09,414][INFO][main][GridCacheProcessor] Started cache [name=ignite-sys-cache, mode=REPLICATED]
[14:38:09,430][INFO][main][GridCacheProcessor] Started cache [name=ignite-atomics-sys-cache, mode=PARTITIONED]
[14:38:09,454][INFO][main][GridCacheProcessor] Started cache [name=ignite-marshaller-sys-cache, mode=REPLICATED]
[14:38:10,628][INFO][main][IgniteKernal] Performance suggestions for grid  (fix if possible)
[14:38:10,637][INFO][main][IgniteKernal] To disable, set -DIGNITE_PERFORMANCE_SUGGESTIONS_DISABLED=true
[14:38:10,637][INFO][main][IgniteKernal]   ^-- Disable peer class loading (set 'peerClassLoadingEnabled' to false)
[14:38:10,637][INFO][main][IgniteKernal]   ^-- Disable grid events (remove 'includeEventTypes' from configuration)
[14:38:10,639][INFO][main][IgniteKernal] 
[14:38:10,639][INFO][main][IgniteKernal] To start Console Management & Monitoring run ignitevisorcmd.{sh|bat}
[14:38:10,639][INFO][main][IgniteKernal] 
[14:38:10,656][INFO][main][IgniteKernal] 

>>> +----------------------------------------------------------------------+
>>> Ignite ver. 1.7.0#20160801-sha1:383273e3f66f702de2482466dce954d570a8ccf2
>>> +----------------------------------------------------------------------+
>>> OS name: Linux 3.10.0-327.36.3.el7.x86_64 amd64
>>> CPU(s): 4
>>> Heap: 3.5GB
>>> VM name: 18627@lloyd.inf.ed.ac.uk
>>> Local node [ID=D3A37822-50CF-4272-A54D-9CEB587475D6, order=35, clientMode=true]
>>> Local node addresses: [lloyd.inf.ed.ac.uk/0:0:0:0:0:0:0:1%lo, /127.0.0.1, /129.215.2.16]
>>> Local ports: TCP:11213 TCP:47102 TCP:48102 

[14:38:10,659][INFO][main][GridDiscoveryManager] Topology snapshot [ver=35, servers=1, clients=2, CPUs=4, heap=7.9GB]
[14:38:11,029][INFO][exchange-worker-#45%null%][GridCacheProcessor] Started cache [name=partA, mode=PARTITIONED]
[14:38:17,668][INFO][ignite-update-notifier-timer][GridUpdateNotifier] Your version is up to date.
