[18:44:20,120][INFO][main][IgniteKernal] 

>>>    __________  ________________  
>>>   /  _/ ___/ |/ /  _/_  __/ __/  
>>>  _/ // (7 7    // /  / / / _/    
>>> /___/\___/_/|_/___/ /_/ /___/   
>>> 
>>> ver. 1.7.0#20160801-sha1:383273e3
>>> 2016 Copyright(C) Apache Software Foundation
>>> 
>>> Ignite documentation: http://ignite.apache.org

[18:44:20,123][INFO][main][IgniteKernal] Config URL: file:/afs/inf.ed.ac.uk/user/s16/s1626297/Desktop/ds/apache-ignite-fabric-1.7.0-bin/examples/config/example-ignite-no-discovery.xml
[18:44:20,123][INFO][main][IgniteKernal] Daemon mode: off
[18:44:20,123][INFO][main][IgniteKernal] OS: Linux 3.10.0-327.36.3.el7.x86_64 amd64
[18:44:20,124][INFO][main][IgniteKernal] OS user: s1626297
[18:44:20,124][INFO][main][IgniteKernal] Language runtime: Java Platform API Specification ver. 1.8
[18:44:20,127][INFO][main][IgniteKernal] VM information: Java(TM) SE Runtime Environment 1.8.0_91-b14 Oracle Corporation Java HotSpot(TM) 64-Bit Server VM 25.91-b14
[18:44:20,133][INFO][main][IgniteKernal] VM total memory: 3.5GB
[18:44:20,135][INFO][main][IgniteKernal] Remote Management [restart: off, REST: on, JMX (remote: off)]
[18:44:20,135][INFO][main][IgniteKernal] IGNITE_HOME=/afs/inf.ed.ac.uk/user/s16/s1626297/Desktop/ds/apache-ignite-fabric-1.7.0-bin
[18:44:20,135][INFO][main][IgniteKernal] VM arguments: [-DIGNITE_HOME=/afs/inf.ed.ac.uk/user/s16/s1626297/Desktop/ds/apache-ignite-fabric-1.7.0-bin, -Didea.launcher.port=7546, -Didea.launcher.bin.path=/opt/idea-ce/bin, -Dfile.encoding=UTF-8]
[18:44:20,135][INFO][main][IgniteKernal] Configured caches ['ignite-marshaller-sys-cache', 'ignite-sys-cache', 'ignite-atomics-sys-cache']
[18:44:20,135][WARNING][main][IgniteKernal] Peer class loading is enabled (disable it in production for performance and deployment consistency reasons)
[18:44:20,203][INFO][main][IgniteKernal] 3-rd party licenses can be found at: /afs/inf.ed.ac.uk/user/s16/s1626297/Desktop/ds/apache-ignite-fabric-1.7.0-bin/libs/licenses
[18:44:20,206][WARNING][pub-#26%null%][GridDiagnostic] Initial heap size is 250MB (should be no less than 512MB, use -Xms512m -Xmx512m).
[18:44:20,354][INFO][main][IgniteKernal] Non-loopback local IPs: 129.215.2.16, fe80:0:0:0:4a0f:cfff:fe5c:a96f%em1
[18:44:20,354][INFO][main][IgniteKernal] Enabled local MACs: 480FCF5CA96F
[18:44:20,388][INFO][main][IgnitePluginProcessor] Configured plugins:
[18:44:20,389][INFO][main][IgnitePluginProcessor]   ^-- None
[18:44:20,389][INFO][main][IgnitePluginProcessor] 
[18:44:20,791][INFO][main][TcpCommunicationSpi] IPC shared memory server endpoint started [port=48101, tokDir=/afs/inf.ed.ac.uk/user/s16/s1626297/Desktop/ds/apache-ignite-fabric-1.7.0-bin/work/ipc/shmem/ca9fcb8b-6a89-4eab-ac83-077bd8fb9f21-12143]
[18:44:20,791][INFO][main][TcpCommunicationSpi] Successfully bound shared memory communication to TCP port [port=48101, locHost=0.0.0.0/0.0.0.0]
[18:44:20,871][INFO][main][TcpCommunicationSpi] Successfully bound to TCP port [port=47101, locHost=0.0.0.0/0.0.0.0]
[18:44:20,985][WARNING][main][NoopCheckpointSpi] Checkpoints are disabled (to enable configure any GridCheckpointSpi implementation)
[18:44:21,026][WARNING][main][GridCollisionManager] Collision resolution is disabled (all jobs will be activated upon arrival).
[18:44:21,032][WARNING][main][NoopSwapSpaceSpi] Swap space is disabled. To enable use FileSwapSpaceSpi.
[18:44:21,034][INFO][main][IgniteKernal] Security status [authentication=off, tls/ssl=off]
[18:44:21,607][WARNING][main][IgniteH2Indexing] Serialization of Java objects in H2 was enabled.
[18:44:21,861][INFO][main][GridTcpRestProtocol] Command protocol successfully started [name=TCP binary, host=0.0.0.0/0.0.0.0, port=11212]
[18:44:22,678][INFO][main][GridCacheProcessor] Started cache [name=ignite-sys-cache, mode=REPLICATED]
[18:44:22,692][INFO][main][GridCacheProcessor] Started cache [name=ignite-atomics-sys-cache, mode=PARTITIONED]
[18:44:22,715][INFO][main][GridCacheProcessor] Started cache [name=ignite-marshaller-sys-cache, mode=REPLICATED]
[18:44:23,028][INFO][main][IgniteKernal] Performance suggestions for grid  (fix if possible)
[18:44:23,029][INFO][main][IgniteKernal] To disable, set -DIGNITE_PERFORMANCE_SUGGESTIONS_DISABLED=true
[18:44:23,029][INFO][main][IgniteKernal]   ^-- Disable peer class loading (set 'peerClassLoadingEnabled' to false)
[18:44:23,029][INFO][main][IgniteKernal]   ^-- Disable grid events (remove 'includeEventTypes' from configuration)
[18:44:23,029][INFO][main][IgniteKernal] 
[18:44:23,029][INFO][main][IgniteKernal] To start Console Management & Monitoring run ignitevisorcmd.{sh|bat}
[18:44:23,029][INFO][main][IgniteKernal] 
[18:44:23,030][INFO][main][IgniteKernal] 

>>> +----------------------------------------------------------------------+
>>> Ignite ver. 1.7.0#20160801-sha1:383273e3f66f702de2482466dce954d570a8ccf2
>>> +----------------------------------------------------------------------+
>>> OS name: Linux 3.10.0-327.36.3.el7.x86_64 amd64
>>> CPU(s): 4
>>> Heap: 3.5GB
>>> VM name: 12143@lloyd.inf.ed.ac.uk
>>> Local node [ID=CA9FCB8B-6A89-4EAB-AC83-077BD8FB9F21, order=14, clientMode=true]
>>> Local node addresses: [lloyd.inf.ed.ac.uk/0:0:0:0:0:0:0:1%lo, /127.0.0.1, /129.215.2.16]
>>> Local ports: TCP:11212 TCP:47101 TCP:48101 

[18:44:23,031][INFO][main][GridDiscoveryManager] Topology snapshot [ver=14, servers=1, clients=1, CPUs=4, heap=4.5GB]
[18:44:23,139][INFO][exchange-worker-#45%null%][GridCacheProcessor] Started cache [name=partB, mode=PARTITIONED]
[18:44:23,561][INFO][main][GridDeploymentLocalStore] Class locally deployed: class partC.StreamOne$1
[18:44:32,310][INFO][ignite-update-notifier-timer][GridUpdateNotifier] Your version is up to date.
[18:45:23,029][INFO][grid-timeout-worker-#27%null%][IgniteKernal] 
Metrics for local node (to disable set 'metricsLogFrequency' to 0)
    ^-- Node [id=ca9fcb8b, name=null, uptime=00:01:00:007]
    ^-- H/N/C [hosts=1, nodes=2, CPUs=4]
    ^-- CPU [cur=2.9%, avg=3.52%, GC=0%]
    ^-- Heap [used=82MB, free=97.67%, comm=1053MB]
    ^-- Non heap [used=42MB, free=-1%, comm=43MB]
    ^-- Public thread pool [active=0, idle=16, qSize=0]
    ^-- System thread pool [active=0, idle=16, qSize=0]
    ^-- Outbound messages queue [size=0]
