[14:41:37,834][INFO][main][IgniteKernal] 

>>>    __________  ________________  
>>>   /  _/ ___/ |/ /  _/_  __/ __/  
>>>  _/ // (7 7    // /  / / / _/    
>>> /___/\___/_/|_/___/ /_/ /___/   
>>> 
>>> ver. 1.7.0#20160801-sha1:383273e3
>>> 2016 Copyright(C) Apache Software Foundation
>>> 
>>> Ignite documentation: http://ignite.apache.org

[14:41:37,842][INFO][main][IgniteKernal] Config URL: file:/afs/inf.ed.ac.uk/user/s16/s1626297/Desktop/ds/apache-ignite-fabric-1.7.0-bin/examples/config/example-ignite-no-discovery.xml
[14:41:37,843][INFO][main][IgniteKernal] Daemon mode: off
[14:41:37,843][INFO][main][IgniteKernal] OS: Linux 3.10.0-327.36.3.el7.x86_64 amd64
[14:41:37,844][INFO][main][IgniteKernal] OS user: s1626297
[14:41:37,844][INFO][main][IgniteKernal] Language runtime: Java Platform API Specification ver. 1.8
[14:41:37,844][INFO][main][IgniteKernal] VM information: Java(TM) SE Runtime Environment 1.8.0_91-b14 Oracle Corporation Java HotSpot(TM) 64-Bit Server VM 25.91-b14
[14:41:37,846][INFO][main][IgniteKernal] VM total memory: 1.7GB
[14:41:37,846][INFO][main][IgniteKernal] Remote Management [restart: off, REST: on, JMX (remote: off)]
[14:41:37,846][INFO][main][IgniteKernal] IGNITE_HOME=/afs/inf.ed.ac.uk/user/s16/s1626297/Desktop/ds/apache-ignite-fabric-1.7.0-bin
[14:41:37,846][INFO][main][IgniteKernal] VM arguments: [-DIGNITE_HOME=/afs/inf.ed.ac.uk/user/s16/s1626297/Desktop/ds/apache-ignite-fabric-1.7.0-bin, -Didea.launcher.port=7537, -Didea.launcher.bin.path=/opt/idea-ce/bin, -Dfile.encoding=UTF-8]
[14:41:37,847][INFO][main][IgniteKernal] Configured caches ['ignite-marshaller-sys-cache', 'ignite-sys-cache', 'ignite-atomics-sys-cache']
[14:41:37,847][WARNING][main][IgniteKernal] Peer class loading is enabled (disable it in production for performance and deployment consistency reasons)
[14:41:37,873][INFO][main][IgniteKernal] 3-rd party licenses can be found at: /afs/inf.ed.ac.uk/user/s16/s1626297/Desktop/ds/apache-ignite-fabric-1.7.0-bin/libs/licenses
[14:41:37,886][WARNING][pub-#26%null%][GridDiagnostic] Initial heap size is 124MB (should be no less than 512MB, use -Xms512m -Xmx512m).
[14:41:37,963][INFO][main][IgniteKernal] Non-loopback local IPs: 129.215.2.96, fe80:0:0:0:ea39:35ff:fe35:ee75%em1
[14:41:37,963][INFO][main][IgniteKernal] Enabled local MACs: E8393535EE75
[14:41:37,993][INFO][main][IgnitePluginProcessor] Configured plugins:
[14:41:37,994][INFO][main][IgnitePluginProcessor]   ^-- None
[14:41:37,994][INFO][main][IgnitePluginProcessor] 
[14:41:38,243][INFO][main][TcpCommunicationSpi] IPC shared memory server endpoint started [port=48102, tokDir=/afs/inf.ed.ac.uk/user/s16/s1626297/Desktop/ds/apache-ignite-fabric-1.7.0-bin/work/ipc/shmem/10680e00-e281-4626-949f-e1087a4e3dc6-29403]
[14:41:38,244][INFO][main][TcpCommunicationSpi] Successfully bound shared memory communication to TCP port [port=48102, locHost=0.0.0.0/0.0.0.0]
[14:41:38,310][INFO][main][TcpCommunicationSpi] Successfully bound to TCP port [port=47102, locHost=0.0.0.0/0.0.0.0]
[14:41:38,463][WARNING][main][NoopCheckpointSpi] Checkpoints are disabled (to enable configure any GridCheckpointSpi implementation)
[14:41:38,606][WARNING][main][GridCollisionManager] Collision resolution is disabled (all jobs will be activated upon arrival).
[14:41:38,611][WARNING][main][NoopSwapSpaceSpi] Swap space is disabled. To enable use FileSwapSpaceSpi.
[14:41:38,613][INFO][main][IgniteKernal] Security status [authentication=off, tls/ssl=off]
[14:41:39,195][WARNING][main][IgniteH2Indexing] Serialization of Java objects in H2 was enabled.
[14:41:39,626][INFO][main][GridTcpRestProtocol] Command protocol successfully started [name=TCP binary, host=0.0.0.0/0.0.0.0, port=11213]
[14:41:40,923][INFO][main][GridCacheProcessor] Started cache [name=ignite-sys-cache, mode=REPLICATED]
[14:41:40,947][INFO][main][GridCacheProcessor] Started cache [name=ignite-atomics-sys-cache, mode=PARTITIONED]
[14:41:40,986][INFO][main][GridCacheProcessor] Started cache [name=ignite-marshaller-sys-cache, mode=REPLICATED]
[14:41:41,531][INFO][main][IgniteKernal] Performance suggestions for grid  (fix if possible)
[14:41:41,531][INFO][main][IgniteKernal] To disable, set -DIGNITE_PERFORMANCE_SUGGESTIONS_DISABLED=true
[14:41:41,531][INFO][main][IgniteKernal]   ^-- Disable peer class loading (set 'peerClassLoadingEnabled' to false)
[14:41:41,532][INFO][main][IgniteKernal]   ^-- Disable grid events (remove 'includeEventTypes' from configuration)
[14:41:41,532][INFO][main][IgniteKernal] 
[14:41:41,532][INFO][main][IgniteKernal] To start Console Management & Monitoring run ignitevisorcmd.{sh|bat}
[14:41:41,532][INFO][main][IgniteKernal] 
[14:41:41,534][INFO][main][IgniteKernal] 

>>> +----------------------------------------------------------------------+
>>> Ignite ver. 1.7.0#20160801-sha1:383273e3f66f702de2482466dce954d570a8ccf2
>>> +----------------------------------------------------------------------+
>>> OS name: Linux 3.10.0-327.36.3.el7.x86_64 amd64
>>> CPU(s): 4
>>> Heap: 1.7GB
>>> VM name: 29403@ceilingcat.inf.ed.ac.uk
>>> Local node [ID=10680E00-E281-4626-949F-E1087A4E3DC6, order=17, clientMode=true]
>>> Local node addresses: [ceilingcat.inf.ed.ac.uk/0:0:0:0:0:0:0:1%lo, /127.0.0.1, /129.215.2.96]
>>> Local ports: TCP:11213 TCP:47102 TCP:48102 

[14:41:41,536][INFO][main][GridDiscoveryManager] Topology snapshot [ver=17, servers=1, clients=2, CPUs=4, heap=4.4GB]
[14:41:41,624][INFO][exchange-worker-#45%null%][GridCacheProcessor] Started cache [name=words, mode=PARTITIONED]
[14:41:50,260][INFO][ignite-update-notifier-timer][GridUpdateNotifier] Your version is up to date.
[14:42:41,539][INFO][grid-timeout-worker-#27%null%][IgniteKernal] 
Metrics for local node (to disable set 'metricsLogFrequency' to 0)
    ^-- Node [id=10680e00, name=null, uptime=00:01:00:009]
    ^-- H/N/C [hosts=1, nodes=3, CPUs=4]
    ^-- CPU [cur=0.17%, avg=0.32%, GC=0%]
    ^-- Heap [used=16MB, free=99.08%, comm=114MB]
    ^-- Non heap [used=38MB, free=-1%, comm=39MB]
    ^-- Public thread pool [active=0, idle=6, qSize=0]
    ^-- System thread pool [active=0, idle=16, qSize=0]
    ^-- Outbound messages queue [size=0]
