[22:07:46,881][INFO][main][IgniteKernal] 

>>>    __________  ________________  
>>>   /  _/ ___/ |/ /  _/_  __/ __/  
>>>  _/ // (7 7    // /  / / / _/    
>>> /___/\___/_/|_/___/ /_/ /___/   
>>> 
>>> ver. 1.7.0#20160801-sha1:383273e3
>>> 2016 Copyright(C) Apache Software Foundation
>>> 
>>> Ignite documentation: http://ignite.apache.org

[22:07:46,882][INFO][main][IgniteKernal] Config URL: file:/afs/inf.ed.ac.uk/user/s16/s1626297/Desktop/ds/apache-ignite-fabric-1.7.0-bin/examples/config/example-ignite-no-discovery.xml
[22:07:46,882][INFO][main][IgniteKernal] Daemon mode: off
[22:07:46,883][INFO][main][IgniteKernal] OS: Linux 3.10.0-327.36.3.el7.x86_64 amd64
[22:07:46,883][INFO][main][IgniteKernal] OS user: s1626297
[22:07:46,883][INFO][main][IgniteKernal] Language runtime: Java Platform API Specification ver. 1.8
[22:07:46,883][INFO][main][IgniteKernal] VM information: Java(TM) SE Runtime Environment 1.8.0_91-b14 Oracle Corporation Java HotSpot(TM) 64-Bit Server VM 25.91-b14
[22:07:46,890][INFO][main][IgniteKernal] VM total memory: 1.7GB
[22:07:46,890][INFO][main][IgniteKernal] Remote Management [restart: off, REST: on, JMX (remote: off)]
[22:07:46,890][INFO][main][IgniteKernal] IGNITE_HOME=/afs/inf.ed.ac.uk/user/s16/s1626297/Desktop/ds/apache-ignite-fabric-1.7.0-bin
[22:07:46,893][INFO][main][IgniteKernal] VM arguments: [-DIGNITE_HOME=/afs/inf.ed.ac.uk/user/s16/s1626297/Desktop/ds/apache-ignite-fabric-1.7.0-bin, -Didea.launcher.port=7549, -Didea.launcher.bin.path=/opt/idea-ce/bin, -Dfile.encoding=UTF-8]
[22:07:46,893][INFO][main][IgniteKernal] Configured caches ['ignite-marshaller-sys-cache', 'ignite-sys-cache', 'ignite-atomics-sys-cache']
[22:07:46,893][WARNING][main][IgniteKernal] Peer class loading is enabled (disable it in production for performance and deployment consistency reasons)
[22:07:46,938][INFO][main][IgniteKernal] 3-rd party licenses can be found at: /afs/inf.ed.ac.uk/user/s16/s1626297/Desktop/ds/apache-ignite-fabric-1.7.0-bin/libs/licenses
[22:07:46,942][WARNING][pub-#26%null%][GridDiagnostic] Initial heap size is 124MB (should be no less than 512MB, use -Xms512m -Xmx512m).
[22:07:47,056][INFO][main][IgniteKernal] Non-loopback local IPs: 129.215.3.32, fe80:0:0:0:a2d3:c1ff:fe0f:8a89%em1
[22:07:47,056][INFO][main][IgniteKernal] Enabled local MACs: A0D3C10F8A89
[22:07:47,083][INFO][main][IgnitePluginProcessor] Configured plugins:
[22:07:47,083][INFO][main][IgnitePluginProcessor]   ^-- None
[22:07:47,083][INFO][main][IgnitePluginProcessor] 
[22:07:47,332][INFO][main][TcpCommunicationSpi] IPC shared memory server endpoint started [port=48102, tokDir=/afs/inf.ed.ac.uk/user/s16/s1626297/Desktop/ds/apache-ignite-fabric-1.7.0-bin/work/ipc/shmem/9ea5c0ef-6c54-4209-b517-ca6247d2cd44-9499]
[22:07:47,333][INFO][main][TcpCommunicationSpi] Successfully bound shared memory communication to TCP port [port=48102, locHost=0.0.0.0/0.0.0.0]
[22:07:47,376][INFO][main][TcpCommunicationSpi] Successfully bound to TCP port [port=47102, locHost=0.0.0.0/0.0.0.0]
[22:07:47,441][WARNING][main][NoopCheckpointSpi] Checkpoints are disabled (to enable configure any GridCheckpointSpi implementation)
[22:07:47,490][WARNING][main][GridCollisionManager] Collision resolution is disabled (all jobs will be activated upon arrival).
[22:07:47,494][WARNING][main][NoopSwapSpaceSpi] Swap space is disabled. To enable use FileSwapSpaceSpi.
[22:07:47,495][INFO][main][IgniteKernal] Security status [authentication=off, tls/ssl=off]
[22:07:48,160][WARNING][main][IgniteH2Indexing] Serialization of Java objects in H2 was enabled.
[22:07:48,240][INFO][main][GridTcpRestProtocol] Command protocol successfully started [name=TCP binary, host=0.0.0.0/0.0.0.0, port=11213]
[22:07:49,680][INFO][main][GridCacheProcessor] Started cache [name=ignite-sys-cache, mode=REPLICATED]
[22:07:49,713][INFO][main][GridCacheProcessor] Started cache [name=ignite-atomics-sys-cache, mode=PARTITIONED]
[22:07:49,746][INFO][main][GridCacheProcessor] Started cache [name=ignite-marshaller-sys-cache, mode=REPLICATED]
[22:07:50,189][INFO][main][IgniteKernal] Performance suggestions for grid  (fix if possible)
[22:07:50,189][INFO][main][IgniteKernal] To disable, set -DIGNITE_PERFORMANCE_SUGGESTIONS_DISABLED=true
[22:07:50,189][INFO][main][IgniteKernal]   ^-- Disable peer class loading (set 'peerClassLoadingEnabled' to false)
[22:07:50,189][INFO][main][IgniteKernal]   ^-- Disable grid events (remove 'includeEventTypes' from configuration)
[22:07:50,190][INFO][main][IgniteKernal] 
[22:07:50,190][INFO][main][IgniteKernal] To start Console Management & Monitoring run ignitevisorcmd.{sh|bat}
[22:07:50,190][INFO][main][IgniteKernal] 
[22:07:50,193][INFO][main][IgniteKernal] 

>>> +----------------------------------------------------------------------+
>>> Ignite ver. 1.7.0#20160801-sha1:383273e3f66f702de2482466dce954d570a8ccf2
>>> +----------------------------------------------------------------------+
>>> OS name: Linux 3.10.0-327.36.3.el7.x86_64 amd64
>>> CPU(s): 4
>>> Heap: 1.7GB
>>> VM name: 9499@lodi.inf.ed.ac.uk
>>> Local node [ID=9EA5C0EF-6C54-4209-B517-CA6247D2CD44, order=3, clientMode=true]
>>> Local node addresses: [lodi.inf.ed.ac.uk/0:0:0:0:0:0:0:1%lo, /127.0.0.1, /129.215.3.32]
>>> Local ports: TCP:11213 TCP:47102 TCP:48102 

[22:07:50,194][INFO][main][GridDiscoveryManager] Topology snapshot [ver=3, servers=1, clients=2, CPUs=4, heap=4.4GB]
[22:07:50,315][INFO][exchange-worker-#45%null%][GridCacheProcessor] Started cache [name=words, mode=PARTITIONED]
[22:07:58,876][INFO][ignite-update-notifier-timer][GridUpdateNotifier] Your version is up to date.
