[14:25:16,626][INFO][main][IgniteKernal] 

>>>    __________  ________________  
>>>   /  _/ ___/ |/ /  _/_  __/ __/  
>>>  _/ // (7 7    // /  / / / _/    
>>> /___/\___/_/|_/___/ /_/ /___/   
>>> 
>>> ver. 1.7.0#20160801-sha1:383273e3
>>> 2016 Copyright(C) Apache Software Foundation
>>> 
>>> Ignite documentation: http://ignite.apache.org

[14:25:16,628][INFO][main][IgniteKernal] Config URL: file:/afs/inf.ed.ac.uk/user/s16/s1626297/Desktop/ds/apache-ignite-fabric-1.7.0-bin/examples/config/example-ignite-no-discovery.xml
[14:25:16,628][INFO][main][IgniteKernal] Daemon mode: off
[14:25:16,628][INFO][main][IgniteKernal] OS: Linux 3.10.0-327.36.3.el7.x86_64 amd64
[14:25:16,629][INFO][main][IgniteKernal] OS user: s1626297
[14:25:16,629][INFO][main][IgniteKernal] Language runtime: Java Platform API Specification ver. 1.8
[14:25:16,629][INFO][main][IgniteKernal] VM information: Java(TM) SE Runtime Environment 1.8.0_91-b14 Oracle Corporation Java HotSpot(TM) 64-Bit Server VM 25.91-b14
[14:25:16,631][INFO][main][IgniteKernal] VM total memory: 1.7GB
[14:25:16,631][INFO][main][IgniteKernal] Remote Management [restart: off, REST: on, JMX (remote: off)]
[14:25:16,631][INFO][main][IgniteKernal] IGNITE_HOME=/afs/inf.ed.ac.uk/user/s16/s1626297/Desktop/ds/apache-ignite-fabric-1.7.0-bin
[14:25:16,631][INFO][main][IgniteKernal] VM arguments: []
[14:25:16,631][INFO][main][IgniteKernal] Configured caches ['ignite-marshaller-sys-cache', 'ignite-sys-cache', 'ignite-atomics-sys-cache']
[14:25:16,631][WARNING][main][IgniteKernal] Peer class loading is enabled (disable it in production for performance and deployment consistency reasons)
[14:25:16,635][INFO][main][IgniteKernal] 3-rd party licenses can be found at: /afs/inf.ed.ac.uk/user/s16/s1626297/Desktop/ds/apache-ignite-fabric-1.7.0-bin/libs/licenses
[14:25:16,637][WARNING][pub-#26%null%][GridDiagnostic] Initial heap size is 124MB (should be no less than 512MB, use -Xms512m -Xmx512m).
[14:25:16,683][INFO][main][IgniteKernal] Non-loopback local IPs: 129.215.2.60, fe80:0:0:0:ea39:35ff:fe48:4d89%em1
[14:25:16,684][INFO][main][IgniteKernal] Enabled local MACs: E83935484D89
[14:25:16,700][INFO][main][IgnitePluginProcessor] Configured plugins:
[14:25:16,700][INFO][main][IgnitePluginProcessor]   ^-- None
[14:25:16,701][INFO][main][IgnitePluginProcessor] 
[14:25:16,815][INFO][main][TcpCommunicationSpi] IPC shared memory server endpoint started [port=48101, tokDir=/afs/inf.ed.ac.uk/user/s16/s1626297/Desktop/ds/apache-ignite-fabric-1.7.0-bin/work/ipc/shmem/9eaeea7a-616d-4315-8620-8d16073e5866-15148]
[14:25:16,815][INFO][main][TcpCommunicationSpi] Successfully bound shared memory communication to TCP port [port=48101, locHost=0.0.0.0/0.0.0.0]
[14:25:16,838][INFO][main][TcpCommunicationSpi] Successfully bound to TCP port [port=47101, locHost=0.0.0.0/0.0.0.0]
[14:25:16,878][WARNING][main][NoopCheckpointSpi] Checkpoints are disabled (to enable configure any GridCheckpointSpi implementation)
[14:25:16,905][WARNING][main][GridCollisionManager] Collision resolution is disabled (all jobs will be activated upon arrival).
[14:25:16,909][WARNING][main][NoopSwapSpaceSpi] Swap space is disabled. To enable use FileSwapSpaceSpi.
[14:25:16,910][INFO][main][IgniteKernal] Security status [authentication=off, tls/ssl=off]
[14:25:17,164][WARNING][main][IgniteH2Indexing] Serialization of Java objects in H2 was enabled.
[14:25:17,224][INFO][main][GridTcpRestProtocol] Command protocol successfully started [name=TCP binary, host=0.0.0.0/0.0.0.0, port=11212]
[14:25:17,656][INFO][main][GridCacheProcessor] Started cache [name=ignite-sys-cache, mode=REPLICATED]
[14:25:17,667][INFO][main][GridCacheProcessor] Started cache [name=ignite-atomics-sys-cache, mode=PARTITIONED]
[14:25:17,684][INFO][main][GridCacheProcessor] Started cache [name=ignite-marshaller-sys-cache, mode=REPLICATED]
[14:25:17,879][INFO][main][IgniteKernal] Performance suggestions for grid  (fix if possible)
[14:25:17,879][INFO][main][IgniteKernal] To disable, set -DIGNITE_PERFORMANCE_SUGGESTIONS_DISABLED=true
[14:25:17,879][INFO][main][IgniteKernal]   ^-- Disable peer class loading (set 'peerClassLoadingEnabled' to false)
[14:25:17,880][INFO][main][IgniteKernal]   ^-- Disable grid events (remove 'includeEventTypes' from configuration)
[14:25:17,880][INFO][main][IgniteKernal] 
[14:25:17,880][INFO][main][IgniteKernal] To start Console Management & Monitoring run ignitevisorcmd.{sh|bat}
[14:25:17,880][INFO][main][IgniteKernal] 
[14:25:17,881][INFO][main][IgniteKernal] 

>>> +----------------------------------------------------------------------+
>>> Ignite ver. 1.7.0#20160801-sha1:383273e3f66f702de2482466dce954d570a8ccf2
>>> +----------------------------------------------------------------------+
>>> OS name: Linux 3.10.0-327.36.3.el7.x86_64 amd64
>>> CPU(s): 4
>>> Heap: 1.7GB
>>> VM name: 15148@joly.inf.ed.ac.uk
>>> Local node [ID=9EAEEA7A-616D-4315-8620-8D16073E5866, order=8, clientMode=true]
>>> Local node addresses: [joly.inf.ed.ac.uk/0:0:0:0:0:0:0:1%lo, /127.0.0.1, /129.215.2.60]
>>> Local ports: TCP:11212 TCP:47101 TCP:48101 

[14:25:17,882][INFO][main][GridDiscoveryManager] Topology snapshot [ver=8, servers=1, clients=1, CPUs=4, heap=2.7GB]
[14:25:17,929][INFO][exchange-worker-#45%null%][GridCacheProcessor] Started cache [name=partC, mode=PARTITIONED]
[14:25:18,113][INFO][exchange-worker-#45%null%][GridCacheProcessor] Stopped cache: partC
[14:25:18,131][INFO][main][GridTcpRestProtocol] Command protocol successfully stopped: TCP binary
[14:25:18,141][INFO][main][GridCacheProcessor] Stopped cache: ignite-marshaller-sys-cache
[14:25:18,141][INFO][main][GridCacheProcessor] Stopped cache: ignite-sys-cache
[14:25:18,141][INFO][main][GridCacheProcessor] Stopped cache: ignite-atomics-sys-cache
[14:25:18,147][INFO][main][GridDeploymentLocalStore] Removed undeployed class: GridDeployment [ts=1479306317811, depMode=SHARED, clsLdr=sun.misc.Launcher$AppClassLoader@73d16e93, clsLdrId=a78078d6851-9eaeea7a-616d-4315-8620-8d16073e5866, userVer=0, loc=true, sampleClsName=org.apache.ignite.internal.processors.cache.distributed.dht.preloader.GridDhtPartitionFullMap, pendingUndeploy=false, undeployed=true, usage=0]
[14:25:18,163][INFO][main][IgniteKernal] 

>>> +---------------------------------------------------------------------------------+
>>> Ignite ver. 1.7.0#20160801-sha1:383273e3f66f702de2482466dce954d570a8ccf2 stopped OK
>>> +---------------------------------------------------------------------------------+
>>> Grid uptime: 00:00:00:285


