[17:09:23,084][INFO][main][IgniteKernal] 

>>>    __________  ________________  
>>>   /  _/ ___/ |/ /  _/_  __/ __/  
>>>  _/ // (7 7    // /  / / / _/    
>>> /___/\___/_/|_/___/ /_/ /___/   
>>> 
>>> ver. 1.7.0#20160801-sha1:383273e3
>>> 2016 Copyright(C) Apache Software Foundation
>>> 
>>> Ignite documentation: http://ignite.apache.org

[17:09:23,087][INFO][main][IgniteKernal] Config URL: file:/afs/inf.ed.ac.uk/user/s16/s1626297/Desktop/ds/apache-ignite-fabric-1.7.0-bin/examples/config/example-ignite-no-discovery.xml
[17:09:23,087][INFO][main][IgniteKernal] Daemon mode: off
[17:09:23,087][INFO][main][IgniteKernal] OS: Linux 3.10.0-327.36.3.el7.x86_64 amd64
[17:09:23,088][INFO][main][IgniteKernal] OS user: s1626297
[17:09:23,088][INFO][main][IgniteKernal] Language runtime: Java Platform API Specification ver. 1.8
[17:09:23,088][INFO][main][IgniteKernal] VM information: Java(TM) SE Runtime Environment 1.8.0_91-b14 Oracle Corporation Java HotSpot(TM) 64-Bit Server VM 25.91-b14
[17:09:23,090][INFO][main][IgniteKernal] VM total memory: 1.7GB
[17:09:23,090][INFO][main][IgniteKernal] Remote Management [restart: off, REST: on, JMX (remote: off)]
[17:09:23,090][INFO][main][IgniteKernal] IGNITE_HOME=/afs/inf.ed.ac.uk/user/s16/s1626297/Desktop/ds/apache-ignite-fabric-1.7.0-bin
[17:09:23,090][INFO][main][IgniteKernal] VM arguments: [-DIGNITE_HOME=/afs/inf.ed.ac.uk/user/s16/s1626297/Desktop/ds/apache-ignite-fabric-1.7.0-bin, -Didea.launcher.port=7541, -Didea.launcher.bin.path=/opt/idea-ce/bin, -Dfile.encoding=UTF-8]
[17:09:23,091][INFO][main][IgniteKernal] Configured caches ['ignite-marshaller-sys-cache', 'ignite-sys-cache', 'ignite-atomics-sys-cache']
[17:09:23,091][WARNING][main][IgniteKernal] Peer class loading is enabled (disable it in production for performance and deployment consistency reasons)
[17:09:23,095][INFO][main][IgniteKernal] 3-rd party licenses can be found at: /afs/inf.ed.ac.uk/user/s16/s1626297/Desktop/ds/apache-ignite-fabric-1.7.0-bin/libs/licenses
[17:09:23,097][WARNING][pub-#26%null%][GridDiagnostic] Initial heap size is 124MB (should be no less than 512MB, use -Xms512m -Xmx512m).
[17:09:23,139][INFO][main][IgniteKernal] Non-loopback local IPs: 129.215.3.62, fe80:0:0:0:8a51:fbff:fe55:4f8e%em1
[17:09:23,139][INFO][main][IgniteKernal] Enabled local MACs: 8851FB554F8E
[17:09:23,153][INFO][main][IgnitePluginProcessor] Configured plugins:
[17:09:23,153][INFO][main][IgnitePluginProcessor]   ^-- None
[17:09:23,153][INFO][main][IgnitePluginProcessor] 
[17:09:23,260][INFO][main][TcpCommunicationSpi] IPC shared memory server endpoint started [port=48101, tokDir=/afs/inf.ed.ac.uk/user/s16/s1626297/Desktop/ds/apache-ignite-fabric-1.7.0-bin/work/ipc/shmem/9b2ae891-c6d9-4226-bfff-5a6f99502df4-2798]
[17:09:23,261][INFO][main][TcpCommunicationSpi] Successfully bound shared memory communication to TCP port [port=48101, locHost=0.0.0.0/0.0.0.0]
[17:09:23,281][INFO][main][TcpCommunicationSpi] Successfully bound to TCP port [port=47101, locHost=0.0.0.0/0.0.0.0]
[17:09:23,325][WARNING][main][NoopCheckpointSpi] Checkpoints are disabled (to enable configure any GridCheckpointSpi implementation)
[17:09:23,347][WARNING][main][GridCollisionManager] Collision resolution is disabled (all jobs will be activated upon arrival).
[17:09:23,350][WARNING][main][NoopSwapSpaceSpi] Swap space is disabled. To enable use FileSwapSpaceSpi.
[17:09:23,351][INFO][main][IgniteKernal] Security status [authentication=off, tls/ssl=off]
[17:09:23,566][WARNING][main][IgniteH2Indexing] Serialization of Java objects in H2 was enabled.
[17:09:23,617][INFO][main][GridTcpRestProtocol] Command protocol successfully started [name=TCP binary, host=0.0.0.0/0.0.0.0, port=11212]
[17:09:24,006][INFO][main][GridCacheProcessor] Started cache [name=ignite-sys-cache, mode=REPLICATED]
[17:09:24,016][INFO][main][GridCacheProcessor] Started cache [name=ignite-atomics-sys-cache, mode=PARTITIONED]
[17:09:24,031][INFO][main][GridCacheProcessor] Started cache [name=ignite-marshaller-sys-cache, mode=REPLICATED]
[17:09:24,222][INFO][main][IgniteKernal] Performance suggestions for grid  (fix if possible)
[17:09:24,222][INFO][main][IgniteKernal] To disable, set -DIGNITE_PERFORMANCE_SUGGESTIONS_DISABLED=true
[17:09:24,222][INFO][main][IgniteKernal]   ^-- Disable peer class loading (set 'peerClassLoadingEnabled' to false)
[17:09:24,223][INFO][main][IgniteKernal]   ^-- Disable grid events (remove 'includeEventTypes' from configuration)
[17:09:24,223][INFO][main][IgniteKernal] 
[17:09:24,223][INFO][main][IgniteKernal] To start Console Management & Monitoring run ignitevisorcmd.{sh|bat}
[17:09:24,223][INFO][main][IgniteKernal] 
[17:09:24,224][INFO][main][IgniteKernal] 

>>> +----------------------------------------------------------------------+
>>> Ignite ver. 1.7.0#20160801-sha1:383273e3f66f702de2482466dce954d570a8ccf2
>>> +----------------------------------------------------------------------+
>>> OS name: Linux 3.10.0-327.36.3.el7.x86_64 amd64
>>> CPU(s): 4
>>> Heap: 1.7GB
>>> VM name: 2798@parrot.inf.ed.ac.uk
>>> Local node [ID=9B2AE891-C6D9-4226-BFFF-5A6F99502DF4, order=62, clientMode=true]
>>> Local node addresses: [parrot.inf.ed.ac.uk/0:0:0:0:0:0:0:1%lo, /127.0.0.1, /129.215.3.62]
>>> Local ports: TCP:11212 TCP:47101 TCP:48101 

[17:09:24,225][INFO][main][GridDiscoveryManager] Topology snapshot [ver=62, servers=1, clients=1, CPUs=4, heap=2.7GB]
[17:09:24,264][INFO][exchange-worker-#45%null%][GridCacheProcessor] Started cache [name=words, mode=PARTITIONED]
[17:09:24,446][INFO][main][GridDeploymentLocalStore] Class locally deployed: class wordcount.StreamWords$StreamingExampleCacheEntryProcessor
[17:09:31,839][INFO][disco-event-worker-#42%null%][GridDiscoveryManager] Added new node to topology: TcpDiscoveryNode [id=95c1ba9f-4981-4855-9505-b2730293d425, addrs=[0:0:0:0:0:0:0:1%lo, 127.0.0.1, 129.215.3.62], sockAddrs=[parrot.inf.ed.ac.uk/129.215.3.62:0, /0:0:0:0:0:0:0:1%lo:0, /127.0.0.1:0], discPort=0, order=63, intOrder=33, lastExchangeTime=1478711371815, loc=false, ver=1.7.0#20160801-sha1:383273e3, isClient=true]
[17:09:31,839][INFO][disco-event-worker-#42%null%][GridDiscoveryManager] Topology snapshot [ver=63, servers=1, clients=2, CPUs=4, heap=4.4GB]
[17:09:33,807][INFO][ignite-update-notifier-timer][GridUpdateNotifier] Your version is up to date.
[17:10:24,227][INFO][grid-timeout-worker-#27%null%][IgniteKernal] 
Metrics for local node (to disable set 'metricsLogFrequency' to 0)
    ^-- Node [id=9b2ae891, name=null, uptime=00:01:00:004]
    ^-- H/N/C [hosts=1, nodes=3, CPUs=4]
    ^-- CPU [cur=4%, avg=4.15%, GC=0.1%]
    ^-- Heap [used=249MB, free=85.73%, comm=529MB]
    ^-- Non heap [used=41MB, free=-1%, comm=43MB]
    ^-- Public thread pool [active=0, idle=16, qSize=0]
    ^-- System thread pool [active=0, idle=16, qSize=0]
    ^-- Outbound messages queue [size=0]
[17:11:24,232][INFO][grid-timeout-worker-#27%null%][IgniteKernal] 
Metrics for local node (to disable set 'metricsLogFrequency' to 0)
    ^-- Node [id=9b2ae891, name=null, uptime=00:02:00:012]
    ^-- H/N/C [hosts=1, nodes=3, CPUs=4]
    ^-- CPU [cur=4.17%, avg=4.45%, GC=0.1%]
    ^-- Heap [used=358MB, free=79.49%, comm=649MB]
    ^-- Non heap [used=41MB, free=-1%, comm=43MB]
    ^-- Public thread pool [active=0, idle=16, qSize=0]
    ^-- System thread pool [active=0, idle=16, qSize=0]
    ^-- Outbound messages queue [size=0]
[17:12:24,235][INFO][grid-timeout-worker-#27%null%][IgniteKernal] 
Metrics for local node (to disable set 'metricsLogFrequency' to 0)
    ^-- Node [id=9b2ae891, name=null, uptime=00:03:00:014]
    ^-- H/N/C [hosts=1, nodes=3, CPUs=4]
    ^-- CPU [cur=3.9%, avg=4.24%, GC=0.1%]
    ^-- Heap [used=107MB, free=93.83%, comm=756MB]
    ^-- Non heap [used=42MB, free=-1%, comm=43MB]
    ^-- Public thread pool [active=0, idle=16, qSize=0]
    ^-- System thread pool [active=0, idle=16, qSize=0]
    ^-- Outbound messages queue [size=0]
[17:13:24,236][INFO][grid-timeout-worker-#27%null%][IgniteKernal] 
Metrics for local node (to disable set 'metricsLogFrequency' to 0)
    ^-- Node [id=9b2ae891, name=null, uptime=00:04:00:015]
    ^-- H/N/C [hosts=1, nodes=3, CPUs=4]
    ^-- CPU [cur=3.73%, avg=4.19%, GC=0.13%]
    ^-- Heap [used=326MB, free=81.31%, comm=758MB]
    ^-- Non heap [used=41MB, free=-1%, comm=43MB]
    ^-- Public thread pool [active=0, idle=16, qSize=0]
    ^-- System thread pool [active=0, idle=16, qSize=0]
    ^-- Outbound messages queue [size=0]
[17:14:24,243][INFO][grid-timeout-worker-#27%null%][IgniteKernal] 
Metrics for local node (to disable set 'metricsLogFrequency' to 0)
    ^-- Node [id=9b2ae891, name=null, uptime=00:05:00:023]
    ^-- H/N/C [hosts=1, nodes=3, CPUs=4]
    ^-- CPU [cur=3.77%, avg=4.1%, GC=0.07%]
    ^-- Heap [used=455MB, free=73.93%, comm=759MB]
    ^-- Non heap [used=42MB, free=-1%, comm=44MB]
    ^-- Public thread pool [active=0, idle=16, qSize=0]
    ^-- System thread pool [active=0, idle=16, qSize=0]
    ^-- Outbound messages queue [size=0]
[17:15:24,249][INFO][grid-timeout-worker-#27%null%][IgniteKernal] 
Metrics for local node (to disable set 'metricsLogFrequency' to 0)
    ^-- Node [id=9b2ae891, name=null, uptime=00:06:00:028]
    ^-- H/N/C [hosts=1, nodes=3, CPUs=4]
    ^-- CPU [cur=3.83%, avg=4.04%, GC=0.1%]
    ^-- Heap [used=532MB, free=69.53%, comm=759MB]
    ^-- Non heap [used=42MB, free=-1%, comm=44MB]
    ^-- Public thread pool [active=0, idle=16, qSize=0]
    ^-- System thread pool [active=0, idle=16, qSize=0]
    ^-- Outbound messages queue [size=0]
[17:16:24,253][INFO][grid-timeout-worker-#27%null%][IgniteKernal] 
Metrics for local node (to disable set 'metricsLogFrequency' to 0)
    ^-- Node [id=9b2ae891, name=null, uptime=00:07:00:033]
    ^-- H/N/C [hosts=1, nodes=3, CPUs=4]
    ^-- CPU [cur=3.57%, avg=3.98%, GC=0%]
    ^-- Heap [used=585MB, free=66.5%, comm=759MB]
    ^-- Non heap [used=42MB, free=-1%, comm=44MB]
    ^-- Public thread pool [active=0, idle=16, qSize=0]
    ^-- System thread pool [active=0, idle=16, qSize=0]
    ^-- Outbound messages queue [size=0]
[17:17:24,260][INFO][grid-timeout-worker-#27%null%][IgniteKernal] 
Metrics for local node (to disable set 'metricsLogFrequency' to 0)
    ^-- Node [id=9b2ae891, name=null, uptime=00:08:00:036]
    ^-- H/N/C [hosts=1, nodes=3, CPUs=4]
    ^-- CPU [cur=3.5%, avg=3.96%, GC=0%]
    ^-- Heap [used=573MB, free=67.22%, comm=759MB]
    ^-- Non heap [used=42MB, free=-1%, comm=44MB]
    ^-- Public thread pool [active=1, idle=15, qSize=0]
    ^-- System thread pool [active=0, idle=16, qSize=0]
    ^-- Outbound messages queue [size=0]
[17:18:10,353][INFO][disco-event-worker-#42%null%][GridDiscoveryManager] Node left topology: TcpDiscoveryNode [id=95c1ba9f-4981-4855-9505-b2730293d425, addrs=[0:0:0:0:0:0:0:1%lo, 127.0.0.1, 129.215.3.62], sockAddrs=[parrot.inf.ed.ac.uk/129.215.3.62:0, /0:0:0:0:0:0:0:1%lo:0, /127.0.0.1:0], discPort=0, order=63, intOrder=33, lastExchangeTime=1478711371815, loc=false, ver=1.7.0#20160801-sha1:383273e3, isClient=true]
[17:18:10,354][INFO][disco-event-worker-#42%null%][GridDiscoveryManager] Topology snapshot [ver=64, servers=1, clients=1, CPUs=4, heap=2.7GB]
