[15:26:14,554][INFO][main][IgniteKernal] 

>>>    __________  ________________  
>>>   /  _/ ___/ |/ /  _/_  __/ __/  
>>>  _/ // (7 7    // /  / / / _/    
>>> /___/\___/_/|_/___/ /_/ /___/   
>>> 
>>> ver. 1.7.0#20160801-sha1:383273e3
>>> 2016 Copyright(C) Apache Software Foundation
>>> 
>>> Ignite documentation: http://ignite.apache.org

[15:26:14,556][INFO][main][IgniteKernal] Config URL: file:/afs/inf.ed.ac.uk/user/s16/s1626297/Desktop/ds/apache-ignite-fabric-1.7.0-bin/examples/config/example-ignite-no-discovery.xml
[15:26:14,556][INFO][main][IgniteKernal] Daemon mode: off
[15:26:14,556][INFO][main][IgniteKernal] OS: Linux 3.10.0-327.36.3.el7.x86_64 amd64
[15:26:14,556][INFO][main][IgniteKernal] OS user: s1626297
[15:26:14,556][INFO][main][IgniteKernal] Language runtime: Java Platform API Specification ver. 1.8
[15:26:14,557][INFO][main][IgniteKernal] VM information: Java(TM) SE Runtime Environment 1.8.0_91-b14 Oracle Corporation Java HotSpot(TM) 64-Bit Server VM 25.91-b14
[15:26:14,558][INFO][main][IgniteKernal] VM total memory: 1.7GB
[15:26:14,558][INFO][main][IgniteKernal] Remote Management [restart: off, REST: on, JMX (remote: off)]
[15:26:14,558][INFO][main][IgniteKernal] IGNITE_HOME=/afs/inf.ed.ac.uk/user/s16/s1626297/Desktop/ds/apache-ignite-fabric-1.7.0-bin
[15:26:14,559][INFO][main][IgniteKernal] VM arguments: []
[15:26:14,559][INFO][main][IgniteKernal] Configured caches ['ignite-marshaller-sys-cache', 'ignite-sys-cache', 'ignite-atomics-sys-cache']
[15:26:14,559][WARNING][main][IgniteKernal] Peer class loading is enabled (disable it in production for performance and deployment consistency reasons)
[15:26:14,562][INFO][main][IgniteKernal] 3-rd party licenses can be found at: /afs/inf.ed.ac.uk/user/s16/s1626297/Desktop/ds/apache-ignite-fabric-1.7.0-bin/libs/licenses
[15:26:14,565][WARNING][pub-#26%null%][GridDiagnostic] Initial heap size is 124MB (should be no less than 512MB, use -Xms512m -Xmx512m).
[15:26:14,611][INFO][main][IgniteKernal] Non-loopback local IPs: 129.215.2.60, fe80:0:0:0:ea39:35ff:fe48:4d89%em1
[15:26:14,611][INFO][main][IgniteKernal] Enabled local MACs: E83935484D89
[15:26:14,627][INFO][main][IgnitePluginProcessor] Configured plugins:
[15:26:14,627][INFO][main][IgnitePluginProcessor]   ^-- None
[15:26:14,628][INFO][main][IgnitePluginProcessor] 
[15:26:14,742][INFO][main][TcpCommunicationSpi] IPC shared memory server endpoint started [port=48101, tokDir=/afs/inf.ed.ac.uk/user/s16/s1626297/Desktop/ds/apache-ignite-fabric-1.7.0-bin/work/ipc/shmem/ef11ed24-938c-4aa5-a3fa-c28c12a60c68-28138]
[15:26:14,742][INFO][main][TcpCommunicationSpi] Successfully bound shared memory communication to TCP port [port=48101, locHost=0.0.0.0/0.0.0.0]
[15:26:14,764][INFO][main][TcpCommunicationSpi] Successfully bound to TCP port [port=47101, locHost=0.0.0.0/0.0.0.0]
[15:26:14,804][WARNING][main][NoopCheckpointSpi] Checkpoints are disabled (to enable configure any GridCheckpointSpi implementation)
[15:26:14,831][WARNING][main][GridCollisionManager] Collision resolution is disabled (all jobs will be activated upon arrival).
[15:26:14,835][WARNING][main][NoopSwapSpaceSpi] Swap space is disabled. To enable use FileSwapSpaceSpi.
[15:26:14,836][INFO][main][IgniteKernal] Security status [authentication=off, tls/ssl=off]
[15:26:15,080][WARNING][main][IgniteH2Indexing] Serialization of Java objects in H2 was enabled.
[15:26:15,140][INFO][main][GridTcpRestProtocol] Command protocol successfully started [name=TCP binary, host=0.0.0.0/0.0.0.0, port=11212]
[15:26:15,589][INFO][main][GridCacheProcessor] Started cache [name=ignite-sys-cache, mode=REPLICATED]
[15:26:15,600][INFO][main][GridCacheProcessor] Started cache [name=ignite-atomics-sys-cache, mode=PARTITIONED]
[15:26:15,618][INFO][main][GridCacheProcessor] Started cache [name=ignite-marshaller-sys-cache, mode=REPLICATED]
[15:26:15,819][INFO][main][IgniteKernal] Performance suggestions for grid  (fix if possible)
[15:26:15,819][INFO][main][IgniteKernal] To disable, set -DIGNITE_PERFORMANCE_SUGGESTIONS_DISABLED=true
[15:26:15,820][INFO][main][IgniteKernal]   ^-- Disable peer class loading (set 'peerClassLoadingEnabled' to false)
[15:26:15,820][INFO][main][IgniteKernal]   ^-- Disable grid events (remove 'includeEventTypes' from configuration)
[15:26:15,820][INFO][main][IgniteKernal] 
[15:26:15,820][INFO][main][IgniteKernal] To start Console Management & Monitoring run ignitevisorcmd.{sh|bat}
[15:26:15,820][INFO][main][IgniteKernal] 
[15:26:15,821][INFO][main][IgniteKernal] 

>>> +----------------------------------------------------------------------+
>>> Ignite ver. 1.7.0#20160801-sha1:383273e3f66f702de2482466dce954d570a8ccf2
>>> +----------------------------------------------------------------------+
>>> OS name: Linux 3.10.0-327.36.3.el7.x86_64 amd64
>>> CPU(s): 4
>>> Heap: 1.7GB
>>> VM name: 28138@joly.inf.ed.ac.uk
>>> Local node [ID=EF11ED24-938C-4AA5-A3FA-C28C12A60C68, order=8, clientMode=true]
>>> Local node addresses: [joly.inf.ed.ac.uk/0:0:0:0:0:0:0:1%lo, /127.0.0.1, /129.215.2.60]
>>> Local ports: TCP:11212 TCP:47101 TCP:48101 

[15:26:15,822][INFO][main][GridDiscoveryManager] Topology snapshot [ver=8, servers=1, clients=1, CPUs=4, heap=2.7GB]
[15:26:15,868][INFO][exchange-worker-#45%null%][GridCacheProcessor] Started cache [name=partC, mode=PARTITIONED]
[15:26:16,055][INFO][exchange-worker-#45%null%][GridCacheProcessor] Stopped cache: partC
[15:26:16,080][INFO][main][GridTcpRestProtocol] Command protocol successfully stopped: TCP binary
[15:26:16,090][INFO][main][GridCacheProcessor] Stopped cache: ignite-marshaller-sys-cache
[15:26:16,090][INFO][main][GridCacheProcessor] Stopped cache: ignite-sys-cache
[15:26:16,091][INFO][main][GridCacheProcessor] Stopped cache: ignite-atomics-sys-cache
[15:26:16,097][INFO][main][GridDeploymentLocalStore] Removed undeployed class: GridDeployment [ts=1479309975751, depMode=SHARED, clsLdr=sun.misc.Launcher$AppClassLoader@73d16e93, clsLdrId=249debd6851-ef11ed24-938c-4aa5-a3fa-c28c12a60c68, userVer=0, loc=true, sampleClsName=org.apache.ignite.internal.processors.cache.distributed.dht.preloader.GridDhtPartitionFullMap, pendingUndeploy=false, undeployed=true, usage=0]
[15:26:16,109][INFO][main][IgniteKernal] 

>>> +---------------------------------------------------------------------------------+
>>> Ignite ver. 1.7.0#20160801-sha1:383273e3f66f702de2482466dce954d570a8ccf2 stopped OK
>>> +---------------------------------------------------------------------------------+
>>> Grid uptime: 00:00:00:291


