[18:52:40,286][INFO][main][IgniteKernal] 

>>>    __________  ________________  
>>>   /  _/ ___/ |/ /  _/_  __/ __/  
>>>  _/ // (7 7    // /  / / / _/    
>>> /___/\___/_/|_/___/ /_/ /___/   
>>> 
>>> ver. 1.7.0#20160801-sha1:383273e3
>>> 2016 Copyright(C) Apache Software Foundation
>>> 
>>> Ignite documentation: http://ignite.apache.org

[18:52:40,288][INFO][main][IgniteKernal] Config URL: file:/afs/inf.ed.ac.uk/user/s16/s1626297/Desktop/ds/apache-ignite-fabric-1.7.0-bin/examples/config/example-ignite-no-discovery.xml
[18:52:40,288][INFO][main][IgniteKernal] Daemon mode: off
[18:52:40,288][INFO][main][IgniteKernal] OS: Linux 3.10.0-327.36.3.el7.x86_64 amd64
[18:52:40,288][INFO][main][IgniteKernal] OS user: s1626297
[18:52:40,289][INFO][main][IgniteKernal] Language runtime: Java Platform API Specification ver. 1.8
[18:52:40,289][INFO][main][IgniteKernal] VM information: Java(TM) SE Runtime Environment 1.8.0_91-b14 Oracle Corporation Java HotSpot(TM) 64-Bit Server VM 25.91-b14
[18:52:40,291][INFO][main][IgniteKernal] VM total memory: 0.96GB
[18:52:40,291][INFO][main][IgniteKernal] Remote Management [restart: on, REST: on, JMX (remote: on, port: 49170, auth: off, ssl: off)]
[18:52:40,291][INFO][main][IgniteKernal] IGNITE_HOME=/afs/inf.ed.ac.uk/user/s16/s1626297/Desktop/ds/apache-ignite-fabric-1.7.0-bin
[18:52:40,291][INFO][main][IgniteKernal] VM arguments: [-Xms1g, -Xmx1g, -XX:+AggressiveOpts, -XX:MaxMetaspaceSize=256m, -DIGNITE_QUIET=true, -DIGNITE_SUCCESS_FILE=/afs/inf.ed.ac.uk/user/s16/s1626297/Desktop/ds/apache-ignite-fabric-1.7.0-bin/work/ignite_success_746e40b0-2d71-426e-9826-fe27f8d705ad, -Dcom.sun.management.jmxremote, -Dcom.sun.management.jmxremote.port=49170, -Dcom.sun.management.jmxremote.authenticate=false, -Dcom.sun.management.jmxremote.ssl=false, -DIGNITE_HOME=/afs/inf.ed.ac.uk/user/s16/s1626297/Desktop/ds/apache-ignite-fabric-1.7.0-bin, -DIGNITE_PROG_NAME=bin/ignite.sh]
[18:52:40,292][INFO][main][IgniteKernal] Configured caches ['ignite-marshaller-sys-cache', 'ignite-sys-cache', 'ignite-atomics-sys-cache']
[18:52:40,293][WARNING][main][IgniteKernal] Peer class loading is enabled (disable it in production for performance and deployment consistency reasons)
[18:52:40,299][INFO][main][IgniteKernal] 3-rd party licenses can be found at: /afs/inf.ed.ac.uk/user/s16/s1626297/Desktop/ds/apache-ignite-fabric-1.7.0-bin/libs/licenses
[18:52:40,372][INFO][main][IgniteKernal] Non-loopback local IPs: 129.215.2.16, fe80:0:0:0:4a0f:cfff:fe5c:a96f%em1
[18:52:40,373][INFO][main][IgniteKernal] Enabled local MACs: 480FCF5CA96F
[18:52:40,397][INFO][main][IgnitePluginProcessor] Configured plugins:
[18:52:40,397][INFO][main][IgnitePluginProcessor]   ^-- None
[18:52:40,397][INFO][main][IgnitePluginProcessor] 
[18:52:40,677][INFO][main][TcpCommunicationSpi] IPC shared memory server endpoint started [port=48100, tokDir=/afs/inf.ed.ac.uk/user/s16/s1626297/Desktop/ds/apache-ignite-fabric-1.7.0-bin/work/ipc/shmem/26bf4dcf-b47c-4efa-b8c0-68749839da6e-14873]
[18:52:40,677][INFO][main][TcpCommunicationSpi] Successfully bound shared memory communication to TCP port [port=48100, locHost=0.0.0.0/0.0.0.0]
[18:52:40,715][INFO][main][TcpCommunicationSpi] Successfully bound to TCP port [port=47100, locHost=0.0.0.0/0.0.0.0]
[18:52:40,894][WARNING][main][NoopCheckpointSpi] Checkpoints are disabled (to enable configure any GridCheckpointSpi implementation)
[18:52:40,970][WARNING][main][GridCollisionManager] Collision resolution is disabled (all jobs will be activated upon arrival).
[18:52:40,980][WARNING][main][NoopSwapSpaceSpi] Swap space is disabled. To enable use FileSwapSpaceSpi.
[18:52:40,985][INFO][main][IgniteKernal] Security status [authentication=off, tls/ssl=off]
[18:52:41,460][WARNING][main][IgniteH2Indexing] Serialization of Java objects in H2 was enabled.
[18:52:41,564][INFO][main][GridTcpRestProtocol] Command protocol successfully started [name=TCP binary, host=0.0.0.0/0.0.0.0, port=11211]
[18:52:41,741][INFO][main][TcpDiscoverySpi] Successfully bound to TCP port [port=47501, localHost=0.0.0.0/0.0.0.0]
[18:52:51,846][WARNING][main][TcpDiscoverySpi] Timed out waiting for message to be read (most probably, the reason is in long GC pauses on remote node) [curTimeout=10000]
[18:52:52,520][INFO][main][GridCacheProcessor] Started cache [name=ignite-sys-cache, mode=REPLICATED]
[18:52:52,542][INFO][main][GridCacheProcessor] Started cache [name=ignite-atomics-sys-cache, mode=PARTITIONED]
[18:52:52,563][INFO][main][GridCacheProcessor] Started cache [name=ignite-marshaller-sys-cache, mode=REPLICATED]
[18:52:52,685][INFO][exchange-worker-#55%null%][GridCachePartitionExchangeManager] Skipping rebalancing (nothing scheduled) [top=AffinityTopologyVersion [topVer=1, minorTopVer=0], evt=NODE_JOINED, node=26bf4dcf-b47c-4efa-b8c0-68749839da6e]
[18:52:52,790][INFO][main][IgniteKernal] Performance suggestions for grid  (fix if possible)
[18:52:52,790][INFO][main][IgniteKernal] To disable, set -DIGNITE_PERFORMANCE_SUGGESTIONS_DISABLED=true
[18:52:52,791][INFO][main][IgniteKernal]   ^-- Disable peer class loading (set 'peerClassLoadingEnabled' to false)
[18:52:52,791][INFO][main][IgniteKernal]   ^-- Disable grid events (remove 'includeEventTypes' from configuration)
[18:52:52,791][INFO][main][IgniteKernal] 
[18:52:52,797][INFO][main][IgniteKernal] To start Console Management & Monitoring run ignitevisorcmd.{sh|bat}
[18:52:52,798][INFO][main][IgniteKernal] 
[18:52:52,800][INFO][main][IgniteKernal] 

>>> +----------------------------------------------------------------------+
>>> Ignite ver. 1.7.0#20160801-sha1:383273e3f66f702de2482466dce954d570a8ccf2
>>> +----------------------------------------------------------------------+
>>> OS name: Linux 3.10.0-327.36.3.el7.x86_64 amd64
>>> CPU(s): 4
>>> Heap: 1.0GB
>>> VM name: 14873@lloyd.inf.ed.ac.uk
>>> Local node [ID=26BF4DCF-B47C-4EFA-B8C0-68749839DA6E, order=1, clientMode=false]
>>> Local node addresses: [lloyd.inf.ed.ac.uk/0:0:0:0:0:0:0:1%lo, /127.0.0.1, /129.215.2.16]
>>> Local ports: TCP:11211 TCP:47100 TCP:47501 TCP:48100 

[18:52:52,815][INFO][main][GridDiscoveryManager] Topology snapshot [ver=1, servers=1, clients=0, CPUs=4, heap=1.0GB]
[18:53:01,936][INFO][ignite-update-notifier-timer][GridUpdateNotifier] Your version is up to date.
[18:53:10,210][INFO][disco-event-worker-#52%null%][GridDiscoveryManager] Added new node to topology: TcpDiscoveryNode [id=1fb56197-a601-43c8-8c88-0bf883b7332b, addrs=[0:0:0:0:0:0:0:1%lo, 127.0.0.1, 129.215.2.16], sockAddrs=[/0:0:0:0:0:0:0:1%lo:0, /127.0.0.1:0, lloyd.inf.ed.ac.uk/129.215.2.16:0], discPort=0, order=2, intOrder=2, lastExchangeTime=1479063190137, loc=false, ver=1.7.0#20160801-sha1:383273e3, isClient=true]
[18:53:10,230][INFO][disco-event-worker-#52%null%][GridDiscoveryManager] Topology snapshot [ver=2, servers=1, clients=1, CPUs=4, heap=4.5GB]
[18:53:10,235][INFO][exchange-worker-#55%null%][GridCachePartitionExchangeManager] Skipping rebalancing (nothing scheduled) [top=AffinityTopologyVersion [topVer=2, minorTopVer=0], evt=NODE_JOINED, node=1fb56197-a601-43c8-8c88-0bf883b7332b]
[18:53:11,284][INFO][exchange-worker-#55%null%][GridCacheProcessor] Started cache [name=partB, mode=PARTITIONED]
[18:53:11,328][INFO][exchange-worker-#55%null%][GridCachePartitionExchangeManager] Skipping rebalancing (nothing scheduled) [top=AffinityTopologyVersion [topVer=2, minorTopVer=1], evt=DISCOVERY_CUSTOM_EVT, node=1fb56197-a601-43c8-8c88-0bf883b7332b]
[18:53:11,921][INFO][pub-#7%null%][GridDeploymentPerVersionStore] Class was deployed in SHARED or CONTINUOUS mode: class partC.StreamOne$1
[18:53:52,784][INFO][grid-timeout-worker-#37%null%][IgniteKernal] 
Metrics for local node (to disable set 'metricsLogFrequency' to 0)
    ^-- Node [id=26bf4dcf, name=null, uptime=00:01:00:007]
    ^-- H/N/C [hosts=1, nodes=2, CPUs=4]
    ^-- CPU [cur=69.77%, avg=44.3%, GC=2.43%]
    ^-- Heap [used=484MB, free=49.56%, comm=960MB]
    ^-- Non heap [used=46MB, free=96.95%, comm=47MB]
    ^-- Public thread pool [active=16, idle=0, qSize=0]
    ^-- System thread pool [active=0, idle=16, qSize=0]
    ^-- Outbound messages queue [size=0]
[18:54:52,842][INFO][grid-timeout-worker-#37%null%][IgniteKernal] 
Metrics for local node (to disable set 'metricsLogFrequency' to 0)
    ^-- Node [id=26bf4dcf, name=null, uptime=00:02:00:065]
    ^-- H/N/C [hosts=1, nodes=2, CPUs=4]
    ^-- CPU [cur=69.6%, avg=56.37%, GC=2.33%]
    ^-- Heap [used=467MB, free=51.84%, comm=970MB]
    ^-- Non heap [used=46MB, free=96.95%, comm=48MB]
    ^-- Public thread pool [active=16, idle=0, qSize=0]
    ^-- System thread pool [active=0, idle=16, qSize=0]
    ^-- Outbound messages queue [size=0]
[18:55:34,378][INFO][disco-event-worker-#52%null%][GridDiscoveryManager] Node left topology: TcpDiscoveryNode [id=1fb56197-a601-43c8-8c88-0bf883b7332b, addrs=[0:0:0:0:0:0:0:1%lo, 127.0.0.1, 129.215.2.16], sockAddrs=[/0:0:0:0:0:0:0:1%lo:0, /127.0.0.1:0, lloyd.inf.ed.ac.uk/129.215.2.16:0], discPort=0, order=2, intOrder=2, lastExchangeTime=1479063190137, loc=false, ver=1.7.0#20160801-sha1:383273e3, isClient=true]
[18:55:34,378][INFO][disco-event-worker-#52%null%][GridDiscoveryManager] Topology snapshot [ver=3, servers=1, clients=0, CPUs=4, heap=1.0GB]
[18:55:34,379][INFO][disco-event-worker-#52%null%][GridDeploymentPerVersionStore] Class was undeployed in SHARED or CONTINUOUS mode [cls=class partC.StreamOne$1, alias=partC.StreamOne$1]
[18:55:34,397][INFO][exchange-worker-#55%null%][GridCachePartitionExchangeManager] Skipping rebalancing (nothing scheduled) [top=AffinityTopologyVersion [topVer=3, minorTopVer=0], evt=NODE_LEFT, node=1fb56197-a601-43c8-8c88-0bf883b7332b]
[18:55:52,849][INFO][grid-timeout-worker-#37%null%][IgniteKernal] 
Metrics for local node (to disable set 'metricsLogFrequency' to 0)
    ^-- Node [id=26bf4dcf, name=null, uptime=00:03:00:068]
    ^-- H/N/C [hosts=1, nodes=1, CPUs=4]
    ^-- CPU [cur=0.23%, avg=54.56%, GC=0%]
    ^-- Heap [used=410MB, free=55.78%, comm=928MB]
    ^-- Non heap [used=46MB, free=96.97%, comm=48MB]
    ^-- Public thread pool [active=0, idle=16, qSize=0]
    ^-- System thread pool [active=0, idle=16, qSize=0]
    ^-- Outbound messages queue [size=0]
[18:56:52,854][INFO][grid-timeout-worker-#37%null%][IgniteKernal] 
Metrics for local node (to disable set 'metricsLogFrequency' to 0)
    ^-- Node [id=26bf4dcf, name=null, uptime=00:04:00:077]
    ^-- H/N/C [hosts=1, nodes=1, CPUs=4]
    ^-- CPU [cur=0.17%, avg=42.73%, GC=0%]
    ^-- Heap [used=413MB, free=55.4%, comm=928MB]
    ^-- Non heap [used=46MB, free=96.95%, comm=48MB]
    ^-- Public thread pool [active=0, idle=16, qSize=0]
    ^-- System thread pool [active=0, idle=16, qSize=0]
    ^-- Outbound messages queue [size=0]
[18:57:52,863][INFO][grid-timeout-worker-#37%null%][IgniteKernal] 
Metrics for local node (to disable set 'metricsLogFrequency' to 0)
    ^-- Node [id=26bf4dcf, name=null, uptime=00:05:00:085]
    ^-- H/N/C [hosts=1, nodes=1, CPUs=4]
    ^-- CPU [cur=0.83%, avg=34.61%, GC=0%]
    ^-- Heap [used=416MB, free=55.08%, comm=928MB]
    ^-- Non heap [used=46MB, free=96.95%, comm=48MB]
    ^-- Public thread pool [active=0, idle=16, qSize=0]
    ^-- System thread pool [active=0, idle=16, qSize=0]
    ^-- Outbound messages queue [size=0]
[18:58:52,871][INFO][grid-timeout-worker-#37%null%][IgniteKernal] 
Metrics for local node (to disable set 'metricsLogFrequency' to 0)
    ^-- Node [id=26bf4dcf, name=null, uptime=00:06:00:088]
    ^-- H/N/C [hosts=1, nodes=1, CPUs=4]
    ^-- CPU [cur=0.67%, avg=29.14%, GC=0%]
    ^-- Heap [used=419MB, free=54.79%, comm=928MB]
    ^-- Non heap [used=46MB, free=96.94%, comm=48MB]
    ^-- Public thread pool [active=0, idle=16, qSize=0]
    ^-- System thread pool [active=0, idle=16, qSize=0]
    ^-- Outbound messages queue [size=0]
[18:59:22,299][INFO][disco-event-worker-#52%null%][GridDiscoveryManager] Added new node to topology: TcpDiscoveryNode [id=b808df7b-7ccf-4d24-ac7d-800e845208b5, addrs=[0:0:0:0:0:0:0:1%lo, 127.0.0.1, 129.215.2.16], sockAddrs=[/0:0:0:0:0:0:0:1%lo:0, /127.0.0.1:0, lloyd.inf.ed.ac.uk/129.215.2.16:0], discPort=0, order=4, intOrder=3, lastExchangeTime=1479063562271, loc=false, ver=1.7.0#20160801-sha1:383273e3, isClient=true]
[18:59:22,299][INFO][disco-event-worker-#52%null%][GridDiscoveryManager] Topology snapshot [ver=4, servers=1, clients=1, CPUs=4, heap=4.5GB]
[18:59:22,305][INFO][exchange-worker-#55%null%][GridCachePartitionExchangeManager] Skipping rebalancing (nothing scheduled) [top=AffinityTopologyVersion [topVer=4, minorTopVer=0], evt=NODE_JOINED, node=b808df7b-7ccf-4d24-ac7d-800e845208b5]
[18:59:22,975][INFO][exchange-worker-#55%null%][GridCachePartitionExchangeManager] Skipping rebalancing (nothing scheduled) [top=AffinityTopologyVersion [topVer=4, minorTopVer=1], evt=DISCOVERY_CUSTOM_EVT, node=b808df7b-7ccf-4d24-ac7d-800e845208b5]
[18:59:23,633][INFO][pub-#5%null%][GridDeploymentPerVersionStore] Class was deployed in SHARED or CONTINUOUS mode: class partC.StreamOne$1
[18:59:25,952][INFO][disco-event-worker-#52%null%][GridDiscoveryManager] Node left topology: TcpDiscoveryNode [id=b808df7b-7ccf-4d24-ac7d-800e845208b5, addrs=[0:0:0:0:0:0:0:1%lo, 127.0.0.1, 129.215.2.16], sockAddrs=[/0:0:0:0:0:0:0:1%lo:0, /127.0.0.1:0, lloyd.inf.ed.ac.uk/129.215.2.16:0], discPort=0, order=4, intOrder=3, lastExchangeTime=1479063562271, loc=false, ver=1.7.0#20160801-sha1:383273e3, isClient=true]
[18:59:25,952][INFO][disco-event-worker-#52%null%][GridDiscoveryManager] Topology snapshot [ver=5, servers=1, clients=0, CPUs=4, heap=1.0GB]
[18:59:25,953][INFO][disco-event-worker-#52%null%][GridDeploymentPerVersionStore] Class was undeployed in SHARED or CONTINUOUS mode [cls=class partC.StreamOne$1, alias=partC.StreamOne$1]
[18:59:25,960][INFO][exchange-worker-#55%null%][GridCachePartitionExchangeManager] Skipping rebalancing (nothing scheduled) [top=AffinityTopologyVersion [topVer=5, minorTopVer=0], evt=NODE_LEFT, node=b808df7b-7ccf-4d24-ac7d-800e845208b5]
[18:59:52,868][INFO][grid-timeout-worker-#37%null%][IgniteKernal] 
Metrics for local node (to disable set 'metricsLogFrequency' to 0)
    ^-- Node [id=26bf4dcf, name=null, uptime=00:07:00:089]
    ^-- H/N/C [hosts=1, nodes=1, CPUs=4]
    ^-- CPU [cur=0.73%, avg=25%, GC=0%]
    ^-- Heap [used=514MB, free=44.55%, comm=928MB]
    ^-- Non heap [used=47MB, free=96.85%, comm=49MB]
    ^-- Public thread pool [active=0, idle=16, qSize=0]
    ^-- System thread pool [active=0, idle=16, qSize=0]
    ^-- Outbound messages queue [size=0]
[19:00:21,480][INFO][Thread-2][G] Invoking shutdown hook...
