[23:47:01,263][INFO][main][IgniteKernal] 

>>>    __________  ________________  
>>>   /  _/ ___/ |/ /  _/_  __/ __/  
>>>  _/ // (7 7    // /  / / / _/    
>>> /___/\___/_/|_/___/ /_/ /___/   
>>> 
>>> ver. 1.7.0#20160801-sha1:383273e3
>>> 2016 Copyright(C) Apache Software Foundation
>>> 
>>> Ignite documentation: http://ignite.apache.org

[23:47:01,264][INFO][main][IgniteKernal] Config URL: file:/afs/inf.ed.ac.uk/user/s16/s1626297/Desktop/ds/apache-ignite-fabric-1.7.0-bin/examples/config/example-ignite-no-discovery.xml
[23:47:01,264][INFO][main][IgniteKernal] Daemon mode: off
[23:47:01,264][INFO][main][IgniteKernal] OS: Linux 3.10.0-327.36.3.el7.x86_64 amd64
[23:47:01,264][INFO][main][IgniteKernal] OS user: s1626297
[23:47:01,265][INFO][main][IgniteKernal] Language runtime: Java Platform API Specification ver. 1.8
[23:47:01,265][INFO][main][IgniteKernal] VM information: Java(TM) SE Runtime Environment 1.8.0_91-b14 Oracle Corporation Java HotSpot(TM) 64-Bit Server VM 25.91-b14
[23:47:01,266][INFO][main][IgniteKernal] VM total memory: 1.7GB
[23:47:01,266][INFO][main][IgniteKernal] Remote Management [restart: off, REST: on, JMX (remote: off)]
[23:47:01,266][INFO][main][IgniteKernal] IGNITE_HOME=/afs/inf.ed.ac.uk/user/s16/s1626297/Desktop/ds/apache-ignite-fabric-1.7.0-bin
[23:47:01,267][INFO][main][IgniteKernal] VM arguments: [-DIGNITE_HOME=/afs/inf.ed.ac.uk/user/s16/s1626297/Desktop/ds/apache-ignite-fabric-1.7.0-bin, -Didea.launcher.port=7533, -Didea.launcher.bin.path=/opt/idea-ce/bin, -Dfile.encoding=UTF-8]
[23:47:01,267][INFO][main][IgniteKernal] Configured caches ['ignite-marshaller-sys-cache', 'ignite-sys-cache', 'ignite-atomics-sys-cache']
[23:47:01,267][WARNING][main][IgniteKernal] Peer class loading is enabled (disable it in production for performance and deployment consistency reasons)
[23:47:01,270][INFO][main][IgniteKernal] 3-rd party licenses can be found at: /afs/inf.ed.ac.uk/user/s16/s1626297/Desktop/ds/apache-ignite-fabric-1.7.0-bin/libs/licenses
[23:47:01,273][WARNING][pub-#26%null%][GridDiagnostic] Initial heap size is 124MB (should be no less than 512MB, use -Xms512m -Xmx512m).
[23:47:01,312][INFO][main][IgniteKernal] Non-loopback local IPs: 129.215.2.234, fe80:0:0:0:8edc:d4ff:fe57:28d5%em1
[23:47:01,312][INFO][main][IgniteKernal] Enabled local MACs: 8CDCD45728D5
[23:47:01,325][INFO][main][IgnitePluginProcessor] Configured plugins:
[23:47:01,326][INFO][main][IgnitePluginProcessor]   ^-- None
[23:47:01,326][INFO][main][IgnitePluginProcessor] 
[23:47:01,420][INFO][main][TcpCommunicationSpi] IPC shared memory server endpoint started [port=48101, tokDir=/afs/inf.ed.ac.uk/user/s16/s1626297/Desktop/ds/apache-ignite-fabric-1.7.0-bin/work/ipc/shmem/f005e0cd-1a52-4369-97e1-5c9e655c8db1-30116]
[23:47:01,420][INFO][main][TcpCommunicationSpi] Successfully bound shared memory communication to TCP port [port=48101, locHost=0.0.0.0/0.0.0.0]
[23:47:01,440][INFO][main][TcpCommunicationSpi] Successfully bound to TCP port [port=47101, locHost=0.0.0.0/0.0.0.0]
[23:47:01,484][WARNING][main][NoopCheckpointSpi] Checkpoints are disabled (to enable configure any GridCheckpointSpi implementation)
[23:47:01,534][WARNING][main][GridCollisionManager] Collision resolution is disabled (all jobs will be activated upon arrival).
[23:47:01,538][WARNING][main][NoopSwapSpaceSpi] Swap space is disabled. To enable use FileSwapSpaceSpi.
[23:47:01,539][INFO][main][IgniteKernal] Security status [authentication=off, tls/ssl=off]
[23:47:01,784][WARNING][main][IgniteH2Indexing] Serialization of Java objects in H2 was enabled.
[23:47:01,852][INFO][main][GridTcpRestProtocol] Command protocol successfully started [name=TCP binary, host=0.0.0.0/0.0.0.0, port=11212]
[23:47:02,239][INFO][main][GridCacheProcessor] Started cache [name=ignite-sys-cache, mode=REPLICATED]
[23:47:02,248][INFO][main][GridCacheProcessor] Started cache [name=ignite-atomics-sys-cache, mode=PARTITIONED]
[23:47:02,264][INFO][main][GridCacheProcessor] Started cache [name=ignite-marshaller-sys-cache, mode=REPLICATED]
[23:47:02,433][INFO][main][IgniteKernal] Performance suggestions for grid  (fix if possible)
[23:47:02,433][INFO][main][IgniteKernal] To disable, set -DIGNITE_PERFORMANCE_SUGGESTIONS_DISABLED=true
[23:47:02,434][INFO][main][IgniteKernal]   ^-- Disable peer class loading (set 'peerClassLoadingEnabled' to false)
[23:47:02,434][INFO][main][IgniteKernal]   ^-- Disable grid events (remove 'includeEventTypes' from configuration)
[23:47:02,434][INFO][main][IgniteKernal] 
[23:47:02,434][INFO][main][IgniteKernal] To start Console Management & Monitoring run ignitevisorcmd.{sh|bat}
[23:47:02,434][INFO][main][IgniteKernal] 
[23:47:02,435][INFO][main][IgniteKernal] 

>>> +----------------------------------------------------------------------+
>>> Ignite ver. 1.7.0#20160801-sha1:383273e3f66f702de2482466dce954d570a8ccf2
>>> +----------------------------------------------------------------------+
>>> OS name: Linux 3.10.0-327.36.3.el7.x86_64 amd64
>>> CPU(s): 4
>>> Heap: 1.7GB
>>> VM name: 30116@donners.inf.ed.ac.uk
>>> Local node [ID=F005E0CD-1A52-4369-97E1-5C9E655C8DB1, order=26, clientMode=true]
>>> Local node addresses: [donners.inf.ed.ac.uk/0:0:0:0:0:0:0:1%lo, /127.0.0.1, /129.215.2.234]
>>> Local ports: TCP:11212 TCP:47101 TCP:48101 

[23:47:02,436][INFO][main][GridDiscoveryManager] Topology snapshot [ver=26, servers=1, clients=1, CPUs=4, heap=2.7GB]
[23:47:02,472][INFO][exchange-worker-#45%null%][GridCacheProcessor] Started cache [name=partB, mode=PARTITIONED]
[23:47:03,698][INFO][main][GridDeploymentLocalStore] Class locally deployed: class partC.StreamOne$1
[23:47:12,034][INFO][ignite-update-notifier-timer][GridUpdateNotifier] Your version is up to date.
[23:47:12,733][INFO][main][GridTcpRestProtocol] Command protocol successfully stopped: TCP binary
[23:47:12,743][INFO][main][GridCacheProcessor] Stopped cache: ignite-marshaller-sys-cache
[23:47:12,744][INFO][main][GridCacheProcessor] Stopped cache: ignite-sys-cache
[23:47:12,744][INFO][main][GridCacheProcessor] Stopped cache: ignite-atomics-sys-cache
[23:47:12,744][INFO][main][GridCacheProcessor] Stopped cache: partB
[23:47:12,745][INFO][main][GridDeploymentLocalStore] Removed undeployed class: GridDeployment [ts=1479253622383, depMode=SHARED, clsLdr=sun.misc.Launcher$AppClassLoader@4dc63996, clsLdrId=387f26a6851-f005e0cd-1a52-4369-97e1-5c9e655c8db1, userVer=0, loc=true, sampleClsName=org.apache.ignite.internal.processors.cache.distributed.dht.preloader.GridDhtPartitionFullMap, pendingUndeploy=false, undeployed=true, usage=0]
[23:47:12,751][INFO][main][IgniteKernal] 

>>> +---------------------------------------------------------------------------------+
>>> Ignite ver. 1.7.0#20160801-sha1:383273e3f66f702de2482466dce954d570a8ccf2 stopped OK
>>> +---------------------------------------------------------------------------------+
>>> Grid uptime: 00:00:10:326


