[16:49:37,361][INFO][main][IgniteKernal] 

>>>    __________  ________________  
>>>   /  _/ ___/ |/ /  _/_  __/ __/  
>>>  _/ // (7 7    // /  / / / _/    
>>> /___/\___/_/|_/___/ /_/ /___/   
>>> 
>>> ver. 1.7.0#20160801-sha1:383273e3
>>> 2016 Copyright(C) Apache Software Foundation
>>> 
>>> Ignite documentation: http://ignite.apache.org

[16:49:37,363][INFO][main][IgniteKernal] Config URL: file:/afs/inf.ed.ac.uk/user/s16/s1626297/Desktop/ds/apache-ignite-fabric-1.7.0-bin/examples/config/example-ignite-no-discovery.xml
[16:49:37,363][INFO][main][IgniteKernal] Daemon mode: off
[16:49:37,363][INFO][main][IgniteKernal] OS: Linux 3.10.0-327.36.3.el7.x86_64 amd64
[16:49:37,363][INFO][main][IgniteKernal] OS user: s1626297
[16:49:37,364][INFO][main][IgniteKernal] Language runtime: Java Platform API Specification ver. 1.8
[16:49:37,364][INFO][main][IgniteKernal] VM information: Java(TM) SE Runtime Environment 1.8.0_91-b14 Oracle Corporation Java HotSpot(TM) 64-Bit Server VM 25.91-b14
[16:49:37,366][INFO][main][IgniteKernal] VM total memory: 1.7GB
[16:49:37,366][INFO][main][IgniteKernal] Remote Management [restart: off, REST: on, JMX (remote: off)]
[16:49:37,366][INFO][main][IgniteKernal] IGNITE_HOME=/afs/inf.ed.ac.uk/user/s16/s1626297/Desktop/ds/apache-ignite-fabric-1.7.0-bin
[16:49:37,367][INFO][main][IgniteKernal] VM arguments: [-DIGNITE_HOME=/afs/inf.ed.ac.uk/user/s16/s1626297/Desktop/ds/apache-ignite-fabric-1.7.0-bin, -Didea.launcher.port=7536, -Didea.launcher.bin.path=/opt/idea-ce/bin, -Dfile.encoding=UTF-8]
[16:49:37,367][INFO][main][IgniteKernal] Configured caches ['ignite-marshaller-sys-cache', 'ignite-sys-cache', 'ignite-atomics-sys-cache']
[16:49:37,367][WARNING][main][IgniteKernal] Peer class loading is enabled (disable it in production for performance and deployment consistency reasons)
[16:49:37,372][INFO][main][IgniteKernal] 3-rd party licenses can be found at: /afs/inf.ed.ac.uk/user/s16/s1626297/Desktop/ds/apache-ignite-fabric-1.7.0-bin/libs/licenses
[16:49:37,384][WARNING][pub-#26%null%][GridDiagnostic] Initial heap size is 124MB (should be no less than 512MB, use -Xms512m -Xmx512m).
[16:49:37,478][INFO][main][IgniteKernal] Non-loopback local IPs: 129.215.3.62, fe80:0:0:0:8a51:fbff:fe55:4f8e%em1
[16:49:37,479][INFO][main][IgniteKernal] Enabled local MACs: 8851FB554F8E
[16:49:37,494][INFO][main][IgnitePluginProcessor] Configured plugins:
[16:49:37,494][INFO][main][IgnitePluginProcessor]   ^-- None
[16:49:37,495][INFO][main][IgnitePluginProcessor] 
[16:49:37,658][INFO][main][TcpCommunicationSpi] IPC shared memory server endpoint started [port=48101, tokDir=/afs/inf.ed.ac.uk/user/s16/s1626297/Desktop/ds/apache-ignite-fabric-1.7.0-bin/work/ipc/shmem/9ec4b8de-085d-4ba6-ad92-a8da1cc8219e-32360]
[16:49:37,658][INFO][main][TcpCommunicationSpi] Successfully bound shared memory communication to TCP port [port=48101, locHost=0.0.0.0/0.0.0.0]
[16:49:37,695][INFO][main][TcpCommunicationSpi] Successfully bound to TCP port [port=47101, locHost=0.0.0.0/0.0.0.0]
[16:49:37,773][WARNING][main][NoopCheckpointSpi] Checkpoints are disabled (to enable configure any GridCheckpointSpi implementation)
[16:49:37,840][WARNING][main][GridCollisionManager] Collision resolution is disabled (all jobs will be activated upon arrival).
[16:49:37,845][WARNING][main][NoopSwapSpaceSpi] Swap space is disabled. To enable use FileSwapSpaceSpi.
[16:49:37,847][INFO][main][IgniteKernal] Security status [authentication=off, tls/ssl=off]
[16:49:38,135][WARNING][main][IgniteH2Indexing] Serialization of Java objects in H2 was enabled.
[16:49:38,194][INFO][main][GridTcpRestProtocol] Command protocol successfully started [name=TCP binary, host=0.0.0.0/0.0.0.0, port=11212]
[16:49:38,760][INFO][main][GridCacheProcessor] Started cache [name=ignite-sys-cache, mode=REPLICATED]
[16:49:38,777][INFO][main][GridCacheProcessor] Started cache [name=ignite-atomics-sys-cache, mode=PARTITIONED]
[16:49:38,798][INFO][main][GridCacheProcessor] Started cache [name=ignite-marshaller-sys-cache, mode=REPLICATED]
[16:49:39,030][INFO][main][IgniteKernal] Performance suggestions for grid  (fix if possible)
[16:49:39,030][INFO][main][IgniteKernal] To disable, set -DIGNITE_PERFORMANCE_SUGGESTIONS_DISABLED=true
[16:49:39,030][INFO][main][IgniteKernal]   ^-- Disable peer class loading (set 'peerClassLoadingEnabled' to false)
[16:49:39,031][INFO][main][IgniteKernal]   ^-- Disable grid events (remove 'includeEventTypes' from configuration)
[16:49:39,031][INFO][main][IgniteKernal] 
[16:49:39,031][INFO][main][IgniteKernal] To start Console Management & Monitoring run ignitevisorcmd.{sh|bat}
[16:49:39,031][INFO][main][IgniteKernal] 
[16:49:39,032][INFO][main][IgniteKernal] 

>>> +----------------------------------------------------------------------+
>>> Ignite ver. 1.7.0#20160801-sha1:383273e3f66f702de2482466dce954d570a8ccf2
>>> +----------------------------------------------------------------------+
>>> OS name: Linux 3.10.0-327.36.3.el7.x86_64 amd64
>>> CPU(s): 4
>>> Heap: 1.7GB
>>> VM name: 32360@parrot.inf.ed.ac.uk
>>> Local node [ID=9EC4B8DE-085D-4BA6-AD92-A8DA1CC8219E, order=51, clientMode=true]
>>> Local node addresses: [parrot.inf.ed.ac.uk/0:0:0:0:0:0:0:1%lo, /127.0.0.1, /129.215.3.62]
>>> Local ports: TCP:11212 TCP:47101 TCP:48101 

[16:49:39,033][INFO][main][GridDiscoveryManager] Topology snapshot [ver=51, servers=1, clients=2, CPUs=4, heap=4.4GB]
[16:49:39,105][INFO][exchange-worker-#45%null%][GridCacheProcessor] Started cache [name=words, mode=PARTITIONED]
[16:49:39,211][INFO][main][GridTcpRestProtocol] Command protocol successfully stopped: TCP binary
[16:49:39,231][INFO][main][GridCacheProcessor] Stopped cache: ignite-marshaller-sys-cache
[16:49:39,231][INFO][main][GridCacheProcessor] Stopped cache: ignite-sys-cache
[16:49:39,232][INFO][main][GridCacheProcessor] Stopped cache: ignite-atomics-sys-cache
[16:49:39,232][INFO][main][GridCacheProcessor] Stopped cache: words
[16:49:39,239][INFO][main][GridDeploymentLocalStore] Removed undeployed class: GridDeployment [ts=1478710178943, depMode=SHARED, clsLdr=sun.misc.Launcher$AppClassLoader@4dc63996, clsLdrId=7b9aef94851-9ec4b8de-085d-4ba6-ad92-a8da1cc8219e, userVer=0, loc=true, sampleClsName=org.apache.ignite.internal.processors.cache.distributed.dht.preloader.GridDhtPartitionFullMap, pendingUndeploy=false, undeployed=true, usage=0]
[16:49:39,245][INFO][main][IgniteKernal] 

>>> +---------------------------------------------------------------------------------+
>>> Ignite ver. 1.7.0#20160801-sha1:383273e3f66f702de2482466dce954d570a8ccf2 stopped OK
>>> +---------------------------------------------------------------------------------+
>>> Grid uptime: 00:00:00:218


