[16:12:56,478][INFO][main][IgniteKernal] 

>>>    __________  ________________  
>>>   /  _/ ___/ |/ /  _/_  __/ __/  
>>>  _/ // (7 7    // /  / / / _/    
>>> /___/\___/_/|_/___/ /_/ /___/   
>>> 
>>> ver. 1.7.0#20160801-sha1:383273e3
>>> 2016 Copyright(C) Apache Software Foundation
>>> 
>>> Ignite documentation: http://ignite.apache.org

[16:12:56,480][INFO][main][IgniteKernal] Config URL: file:/afs/inf.ed.ac.uk/user/s16/s1626297/Desktop/ds/apache-ignite-fabric-1.7.0-bin/examples/config/example-ignite-no-discovery.xml
[16:12:56,480][INFO][main][IgniteKernal] Daemon mode: off
[16:12:56,480][INFO][main][IgniteKernal] OS: Linux 3.10.0-327.36.3.el7.x86_64 amd64
[16:12:56,480][INFO][main][IgniteKernal] OS user: s1626297
[16:12:56,480][INFO][main][IgniteKernal] Language runtime: Java Platform API Specification ver. 1.8
[16:12:56,480][INFO][main][IgniteKernal] VM information: Java(TM) SE Runtime Environment 1.8.0_91-b14 Oracle Corporation Java HotSpot(TM) 64-Bit Server VM 25.91-b14
[16:12:56,482][INFO][main][IgniteKernal] VM total memory: 1.7GB
[16:12:56,482][INFO][main][IgniteKernal] Remote Management [restart: off, REST: on, JMX (remote: off)]
[16:12:56,482][INFO][main][IgniteKernal] IGNITE_HOME=/afs/inf.ed.ac.uk/user/s16/s1626297/Desktop/ds/apache-ignite-fabric-1.7.0-bin
[16:12:56,483][INFO][main][IgniteKernal] VM arguments: [-DIGNITE_HOME=/afs/inf.ed.ac.uk/user/s16/s1626297/Desktop/ds/apache-ignite-fabric-1.7.0-bin, -Didea.launcher.port=7536, -Didea.launcher.bin.path=/opt/idea-ce/bin, -Dfile.encoding=UTF-8]
[16:12:56,483][INFO][main][IgniteKernal] Configured caches ['ignite-marshaller-sys-cache', 'ignite-sys-cache', 'ignite-atomics-sys-cache']
[16:12:56,483][WARNING][main][IgniteKernal] Peer class loading is enabled (disable it in production for performance and deployment consistency reasons)
[16:12:56,487][INFO][main][IgniteKernal] 3-rd party licenses can be found at: /afs/inf.ed.ac.uk/user/s16/s1626297/Desktop/ds/apache-ignite-fabric-1.7.0-bin/libs/licenses
[16:12:56,489][WARNING][pub-#26%null%][GridDiagnostic] Initial heap size is 124MB (should be no less than 512MB, use -Xms512m -Xmx512m).
[16:12:56,531][INFO][main][IgniteKernal] Non-loopback local IPs: 129.215.3.62, fe80:0:0:0:8a51:fbff:fe55:4f8e%em1
[16:12:56,531][INFO][main][IgniteKernal] Enabled local MACs: 8851FB554F8E
[16:12:56,545][INFO][main][IgnitePluginProcessor] Configured plugins:
[16:12:56,546][INFO][main][IgnitePluginProcessor]   ^-- None
[16:12:56,546][INFO][main][IgnitePluginProcessor] 
[16:12:56,671][INFO][main][TcpCommunicationSpi] IPC shared memory server endpoint started [port=48102, tokDir=/afs/inf.ed.ac.uk/user/s16/s1626297/Desktop/ds/apache-ignite-fabric-1.7.0-bin/work/ipc/shmem/1258c3e3-3e78-48db-b7d4-fdaf087a1dbc-26264]
[16:12:56,671][INFO][main][TcpCommunicationSpi] Successfully bound shared memory communication to TCP port [port=48102, locHost=0.0.0.0/0.0.0.0]
[16:12:56,692][INFO][main][TcpCommunicationSpi] Successfully bound to TCP port [port=47102, locHost=0.0.0.0/0.0.0.0]
[16:12:56,741][WARNING][main][NoopCheckpointSpi] Checkpoints are disabled (to enable configure any GridCheckpointSpi implementation)
[16:12:56,764][WARNING][main][GridCollisionManager] Collision resolution is disabled (all jobs will be activated upon arrival).
[16:12:56,767][WARNING][main][NoopSwapSpaceSpi] Swap space is disabled. To enable use FileSwapSpaceSpi.
[16:12:56,770][INFO][main][IgniteKernal] Security status [authentication=off, tls/ssl=off]
[16:12:57,010][WARNING][main][IgniteH2Indexing] Serialization of Java objects in H2 was enabled.
[16:12:57,061][INFO][main][GridTcpRestProtocol] Command protocol successfully started [name=TCP binary, host=0.0.0.0/0.0.0.0, port=11213]
[16:12:57,499][INFO][main][GridCacheProcessor] Started cache [name=ignite-sys-cache, mode=REPLICATED]
[16:12:57,516][INFO][main][GridCacheProcessor] Started cache [name=ignite-atomics-sys-cache, mode=PARTITIONED]
[16:12:57,534][INFO][main][GridCacheProcessor] Started cache [name=ignite-marshaller-sys-cache, mode=REPLICATED]
[16:12:57,732][INFO][main][IgniteKernal] Performance suggestions for grid  (fix if possible)
[16:12:57,732][INFO][main][IgniteKernal] To disable, set -DIGNITE_PERFORMANCE_SUGGESTIONS_DISABLED=true
[16:12:57,733][INFO][main][IgniteKernal]   ^-- Disable peer class loading (set 'peerClassLoadingEnabled' to false)
[16:12:57,733][INFO][main][IgniteKernal]   ^-- Disable grid events (remove 'includeEventTypes' from configuration)
[16:12:57,733][INFO][main][IgniteKernal] 
[16:12:57,733][INFO][main][IgniteKernal] To start Console Management & Monitoring run ignitevisorcmd.{sh|bat}
[16:12:57,733][INFO][main][IgniteKernal] 
[16:12:57,734][INFO][main][IgniteKernal] 

>>> +----------------------------------------------------------------------+
>>> Ignite ver. 1.7.0#20160801-sha1:383273e3f66f702de2482466dce954d570a8ccf2
>>> +----------------------------------------------------------------------+
>>> OS name: Linux 3.10.0-327.36.3.el7.x86_64 amd64
>>> CPU(s): 4
>>> Heap: 1.7GB
>>> VM name: 26264@parrot.inf.ed.ac.uk
>>> Local node [ID=1258C3E3-3E78-48DB-B7D4-FDAF087A1DBC, order=7, clientMode=true]
>>> Local node addresses: [parrot.inf.ed.ac.uk/0:0:0:0:0:0:0:1%lo, /127.0.0.1, /129.215.3.62]
>>> Local ports: TCP:11213 TCP:47102 TCP:48102 

[16:12:57,735][INFO][main][GridDiscoveryManager] Topology snapshot [ver=7, servers=1, clients=2, CPUs=4, heap=4.4GB]
[16:12:57,776][INFO][exchange-worker-#45%null%][GridCacheProcessor] Started cache [name=words, mode=PARTITIONED]
[16:12:57,802][INFO][main][GridTcpRestProtocol] Command protocol successfully stopped: TCP binary
[16:12:57,819][INFO][main][GridCacheProcessor] Stopped cache: ignite-marshaller-sys-cache
[16:12:57,819][INFO][main][GridCacheProcessor] Stopped cache: ignite-sys-cache
[16:12:57,819][INFO][main][GridCacheProcessor] Stopped cache: ignite-atomics-sys-cache
[16:12:57,819][INFO][main][GridCacheProcessor] Stopped cache: words
[16:12:57,824][INFO][main][GridDeploymentLocalStore] Removed undeployed class: GridDeployment [ts=1478707977652, depMode=SHARED, clsLdr=sun.misc.Launcher$AppClassLoader@4dc63996, clsLdrId=8261dd94851-1258c3e3-3e78-48db-b7d4-fdaf087a1dbc, userVer=0, loc=true, sampleClsName=org.apache.ignite.internal.processors.cache.distributed.dht.preloader.GridDhtPartitionFullMap, pendingUndeploy=false, undeployed=true, usage=0]
[16:12:57,830][INFO][main][IgniteKernal] 

>>> +---------------------------------------------------------------------------------+
>>> Ignite ver. 1.7.0#20160801-sha1:383273e3f66f702de2482466dce954d570a8ccf2 stopped OK
>>> +---------------------------------------------------------------------------------+
>>> Grid uptime: 00:00:00:101


