[23:44:56,917][INFO][main][IgniteKernal] 

>>>    __________  ________________  
>>>   /  _/ ___/ |/ /  _/_  __/ __/  
>>>  _/ // (7 7    // /  / / / _/    
>>> /___/\___/_/|_/___/ /_/ /___/   
>>> 
>>> ver. 1.7.0#20160801-sha1:383273e3
>>> 2016 Copyright(C) Apache Software Foundation
>>> 
>>> Ignite documentation: http://ignite.apache.org

[23:44:56,918][INFO][main][IgniteKernal] Config URL: file:/afs/inf.ed.ac.uk/user/s16/s1626297/Desktop/ds/apache-ignite-fabric-1.7.0-bin/examples/config/example-ignite-no-discovery.xml
[23:44:56,918][INFO][main][IgniteKernal] Daemon mode: off
[23:44:56,918][INFO][main][IgniteKernal] OS: Linux 3.10.0-327.36.3.el7.x86_64 amd64
[23:44:56,919][INFO][main][IgniteKernal] OS user: s1626297
[23:44:56,919][INFO][main][IgniteKernal] Language runtime: Java Platform API Specification ver. 1.8
[23:44:56,919][INFO][main][IgniteKernal] VM information: Java(TM) SE Runtime Environment 1.8.0_91-b14 Oracle Corporation Java HotSpot(TM) 64-Bit Server VM 25.91-b14
[23:44:56,920][INFO][main][IgniteKernal] VM total memory: 1.7GB
[23:44:56,920][INFO][main][IgniteKernal] Remote Management [restart: off, REST: on, JMX (remote: off)]
[23:44:56,920][INFO][main][IgniteKernal] IGNITE_HOME=/afs/inf.ed.ac.uk/user/s16/s1626297/Desktop/ds/apache-ignite-fabric-1.7.0-bin
[23:44:56,921][INFO][main][IgniteKernal] VM arguments: [-DIGNITE_HOME=/afs/inf.ed.ac.uk/user/s16/s1626297/Desktop/ds/apache-ignite-fabric-1.7.0-bin, -Didea.launcher.port=7538, -Didea.launcher.bin.path=/opt/idea-ce/bin, -Dfile.encoding=UTF-8]
[23:44:56,921][INFO][main][IgniteKernal] Configured caches ['ignite-marshaller-sys-cache', 'ignite-sys-cache', 'ignite-atomics-sys-cache']
[23:44:56,921][WARNING][main][IgniteKernal] Peer class loading is enabled (disable it in production for performance and deployment consistency reasons)
[23:44:56,925][INFO][main][IgniteKernal] 3-rd party licenses can be found at: /afs/inf.ed.ac.uk/user/s16/s1626297/Desktop/ds/apache-ignite-fabric-1.7.0-bin/libs/licenses
[23:44:56,928][WARNING][pub-#26%null%][GridDiagnostic] Initial heap size is 124MB (should be no less than 512MB, use -Xms512m -Xmx512m).
[23:44:56,980][INFO][main][IgniteKernal] Non-loopback local IPs: 129.215.2.234, fe80:0:0:0:8edc:d4ff:fe57:28d5%em1
[23:44:56,981][INFO][main][IgniteKernal] Enabled local MACs: 8CDCD45728D5
[23:44:56,995][INFO][main][IgnitePluginProcessor] Configured plugins:
[23:44:56,995][INFO][main][IgnitePluginProcessor]   ^-- None
[23:44:56,995][INFO][main][IgnitePluginProcessor] 
[23:44:57,094][INFO][main][TcpCommunicationSpi] IPC shared memory server endpoint started [port=48101, tokDir=/afs/inf.ed.ac.uk/user/s16/s1626297/Desktop/ds/apache-ignite-fabric-1.7.0-bin/work/ipc/shmem/12421296-f2da-4553-8c5e-4fb12dbcfbe6-29411]
[23:44:57,094][INFO][main][TcpCommunicationSpi] Successfully bound shared memory communication to TCP port [port=48101, locHost=0.0.0.0/0.0.0.0]
[23:44:57,113][INFO][main][TcpCommunicationSpi] Successfully bound to TCP port [port=47101, locHost=0.0.0.0/0.0.0.0]
[23:44:57,157][WARNING][main][NoopCheckpointSpi] Checkpoints are disabled (to enable configure any GridCheckpointSpi implementation)
[23:44:57,182][WARNING][main][GridCollisionManager] Collision resolution is disabled (all jobs will be activated upon arrival).
[23:44:57,185][WARNING][main][NoopSwapSpaceSpi] Swap space is disabled. To enable use FileSwapSpaceSpi.
[23:44:57,186][INFO][main][IgniteKernal] Security status [authentication=off, tls/ssl=off]
[23:44:57,390][WARNING][main][IgniteH2Indexing] Serialization of Java objects in H2 was enabled.
[23:44:57,441][INFO][main][GridTcpRestProtocol] Command protocol successfully started [name=TCP binary, host=0.0.0.0/0.0.0.0, port=11212]
[23:44:57,835][INFO][main][GridCacheProcessor] Started cache [name=ignite-sys-cache, mode=REPLICATED]
[23:44:57,844][INFO][main][GridCacheProcessor] Started cache [name=ignite-atomics-sys-cache, mode=PARTITIONED]
[23:44:57,860][INFO][main][GridCacheProcessor] Started cache [name=ignite-marshaller-sys-cache, mode=REPLICATED]
[23:44:58,033][INFO][main][IgniteKernal] Performance suggestions for grid  (fix if possible)
[23:44:58,033][INFO][main][IgniteKernal] To disable, set -DIGNITE_PERFORMANCE_SUGGESTIONS_DISABLED=true
[23:44:58,033][INFO][main][IgniteKernal]   ^-- Disable peer class loading (set 'peerClassLoadingEnabled' to false)
[23:44:58,034][INFO][main][IgniteKernal]   ^-- Disable grid events (remove 'includeEventTypes' from configuration)
[23:44:58,034][INFO][main][IgniteKernal] 
[23:44:58,034][INFO][main][IgniteKernal] To start Console Management & Monitoring run ignitevisorcmd.{sh|bat}
[23:44:58,034][INFO][main][IgniteKernal] 
[23:44:58,035][INFO][main][IgniteKernal] 

>>> +----------------------------------------------------------------------+
>>> Ignite ver. 1.7.0#20160801-sha1:383273e3f66f702de2482466dce954d570a8ccf2
>>> +----------------------------------------------------------------------+
>>> OS name: Linux 3.10.0-327.36.3.el7.x86_64 amd64
>>> CPU(s): 4
>>> Heap: 1.7GB
>>> VM name: 29411@donners.inf.ed.ac.uk
>>> Local node [ID=12421296-F2DA-4553-8C5E-4FB12DBCFBE6, order=18, clientMode=true]
>>> Local node addresses: [donners.inf.ed.ac.uk/0:0:0:0:0:0:0:1%lo, /127.0.0.1, /129.215.2.234]
>>> Local ports: TCP:11212 TCP:47101 TCP:48101 

[23:44:58,036][INFO][main][GridDiscoveryManager] Topology snapshot [ver=18, servers=1, clients=1, CPUs=4, heap=2.7GB]
[23:44:58,069][INFO][exchange-worker-#45%null%][GridCacheProcessor] Started cache [name=partB, mode=PARTITIONED]
[23:44:58,128][INFO][main][GridTcpRestProtocol] Command protocol successfully stopped: TCP binary
[23:44:58,143][INFO][main][GridCacheProcessor] Stopped cache: ignite-marshaller-sys-cache
[23:44:58,143][INFO][main][GridCacheProcessor] Stopped cache: ignite-sys-cache
[23:44:58,143][INFO][main][GridCacheProcessor] Stopped cache: ignite-atomics-sys-cache
[23:44:58,143][INFO][main][GridCacheProcessor] Stopped cache: partB
[23:44:58,145][INFO][main][GridDeploymentLocalStore] Removed undeployed class: GridDeployment [ts=1479253497972, depMode=SHARED, clsLdr=sun.misc.Launcher$AppClassLoader@4dc63996, clsLdrId=291116a6851-12421296-f2da-4553-8c5e-4fb12dbcfbe6, userVer=0, loc=true, sampleClsName=org.apache.ignite.internal.processors.cache.distributed.dht.preloader.GridDhtPartitionFullMap, pendingUndeploy=false, undeployed=true, usage=0]
[23:44:58,158][INFO][main][IgniteKernal] 

>>> +---------------------------------------------------------------------------------+
>>> Ignite ver. 1.7.0#20160801-sha1:383273e3f66f702de2482466dce954d570a8ccf2 stopped OK
>>> +---------------------------------------------------------------------------------+
>>> Grid uptime: 00:00:00:132


