[14:44:08,228][INFO][main][IgniteKernal] 

>>>    __________  ________________  
>>>   /  _/ ___/ |/ /  _/_  __/ __/  
>>>  _/ // (7 7    // /  / / / _/    
>>> /___/\___/_/|_/___/ /_/ /___/   
>>> 
>>> ver. 1.7.0#20160801-sha1:383273e3
>>> 2016 Copyright(C) Apache Software Foundation
>>> 
>>> Ignite documentation: http://ignite.apache.org

[14:44:08,230][INFO][main][IgniteKernal] Config URL: file:/afs/inf.ed.ac.uk/user/s16/s1626297/Desktop/ds/apache-ignite-fabric-1.7.0-bin/examples/config/example-ignite-no-discovery.xml
[14:44:08,230][INFO][main][IgniteKernal] Daemon mode: off
[14:44:08,230][INFO][main][IgniteKernal] OS: Linux 3.10.0-327.36.3.el7.x86_64 amd64
[14:44:08,230][INFO][main][IgniteKernal] OS user: s1626297
[14:44:08,230][INFO][main][IgniteKernal] Language runtime: Java Platform API Specification ver. 1.8
[14:44:08,230][INFO][main][IgniteKernal] VM information: Java(TM) SE Runtime Environment 1.8.0_91-b14 Oracle Corporation Java HotSpot(TM) 64-Bit Server VM 25.91-b14
[14:44:08,232][INFO][main][IgniteKernal] VM total memory: 1.7GB
[14:44:08,232][INFO][main][IgniteKernal] Remote Management [restart: off, REST: on, JMX (remote: off)]
[14:44:08,232][INFO][main][IgniteKernal] IGNITE_HOME=/afs/inf.ed.ac.uk/user/s16/s1626297/Desktop/ds/apache-ignite-fabric-1.7.0-bin
[14:44:08,232][INFO][main][IgniteKernal] VM arguments: []
[14:44:08,232][INFO][main][IgniteKernal] Configured caches ['ignite-marshaller-sys-cache', 'ignite-sys-cache', 'ignite-atomics-sys-cache']
[14:44:08,233][WARNING][main][IgniteKernal] Peer class loading is enabled (disable it in production for performance and deployment consistency reasons)
[14:44:08,236][INFO][main][IgniteKernal] 3-rd party licenses can be found at: /afs/inf.ed.ac.uk/user/s16/s1626297/Desktop/ds/apache-ignite-fabric-1.7.0-bin/libs/licenses
[14:44:08,239][WARNING][pub-#26%null%][GridDiagnostic] Initial heap size is 124MB (should be no less than 512MB, use -Xms512m -Xmx512m).
[14:44:08,284][INFO][main][IgniteKernal] Non-loopback local IPs: 129.215.2.60, fe80:0:0:0:ea39:35ff:fe48:4d89%em1
[14:44:08,284][INFO][main][IgniteKernal] Enabled local MACs: E83935484D89
[14:44:08,301][INFO][main][IgnitePluginProcessor] Configured plugins:
[14:44:08,301][INFO][main][IgnitePluginProcessor]   ^-- None
[14:44:08,302][INFO][main][IgnitePluginProcessor] 
[14:44:08,435][INFO][main][TcpCommunicationSpi] IPC shared memory server endpoint started [port=48103, tokDir=/afs/inf.ed.ac.uk/user/s16/s1626297/Desktop/ds/apache-ignite-fabric-1.7.0-bin/work/ipc/shmem/3e3c3844-d9f8-46eb-9772-f40cf3e93981-23512]
[14:44:08,435][INFO][main][TcpCommunicationSpi] Successfully bound shared memory communication to TCP port [port=48103, locHost=0.0.0.0/0.0.0.0]
[14:44:08,459][INFO][main][TcpCommunicationSpi] Successfully bound to TCP port [port=47103, locHost=0.0.0.0/0.0.0.0]
[14:44:08,499][WARNING][main][NoopCheckpointSpi] Checkpoints are disabled (to enable configure any GridCheckpointSpi implementation)
[14:44:08,525][WARNING][main][GridCollisionManager] Collision resolution is disabled (all jobs will be activated upon arrival).
[14:44:08,529][WARNING][main][NoopSwapSpaceSpi] Swap space is disabled. To enable use FileSwapSpaceSpi.
[14:44:08,530][INFO][main][IgniteKernal] Security status [authentication=off, tls/ssl=off]
[14:44:08,777][WARNING][main][IgniteH2Indexing] Serialization of Java objects in H2 was enabled.
[14:44:08,837][INFO][main][GridTcpRestProtocol] Command protocol successfully started [name=TCP binary, host=0.0.0.0/0.0.0.0, port=11214]
[14:44:09,330][INFO][main][GridCacheProcessor] Started cache [name=ignite-sys-cache, mode=REPLICATED]
[14:44:09,341][INFO][main][GridCacheProcessor] Started cache [name=ignite-atomics-sys-cache, mode=PARTITIONED]
[14:44:09,358][INFO][main][GridCacheProcessor] Started cache [name=ignite-marshaller-sys-cache, mode=REPLICATED]
[14:44:09,614][INFO][main][IgniteKernal] Performance suggestions for grid  (fix if possible)
[14:44:09,615][INFO][main][IgniteKernal] To disable, set -DIGNITE_PERFORMANCE_SUGGESTIONS_DISABLED=true
[14:44:09,615][INFO][main][IgniteKernal]   ^-- Disable peer class loading (set 'peerClassLoadingEnabled' to false)
[14:44:09,615][INFO][main][IgniteKernal]   ^-- Disable grid events (remove 'includeEventTypes' from configuration)
[14:44:09,615][INFO][main][IgniteKernal] 
[14:44:09,616][INFO][main][IgniteKernal] To start Console Management & Monitoring run ignitevisorcmd.{sh|bat}
[14:44:09,616][INFO][main][IgniteKernal] 
[14:44:09,616][INFO][main][IgniteKernal] 

>>> +----------------------------------------------------------------------+
>>> Ignite ver. 1.7.0#20160801-sha1:383273e3f66f702de2482466dce954d570a8ccf2
>>> +----------------------------------------------------------------------+
>>> OS name: Linux 3.10.0-327.36.3.el7.x86_64 amd64
>>> CPU(s): 4
>>> Heap: 1.7GB
>>> VM name: 23512@joly.inf.ed.ac.uk
>>> Local node [ID=3E3C3844-D9F8-46EB-9772-F40CF3E93981, order=26, clientMode=true]
>>> Local node addresses: [joly.inf.ed.ac.uk/0:0:0:0:0:0:0:1%lo, /127.0.0.1, /129.215.2.60]
>>> Local ports: TCP:11214 TCP:47103 TCP:48103 

[14:44:09,618][INFO][main][GridDiscoveryManager] Topology snapshot [ver=26, servers=2, clients=2, CPUs=4, heap=5.4GB]
[14:44:09,666][INFO][exchange-worker-#45%null%][GridCacheProcessor] Started cache [name=partC, mode=PARTITIONED]
[14:44:09,880][INFO][exchange-worker-#45%null%][GridCacheProcessor] Stopped cache: partC
[14:44:09,918][INFO][main][GridTcpRestProtocol] Command protocol successfully stopped: TCP binary
[14:44:09,939][INFO][main][GridCacheProcessor] Stopped cache: ignite-marshaller-sys-cache
[14:44:09,939][INFO][main][GridCacheProcessor] Stopped cache: ignite-sys-cache
[14:44:09,939][INFO][main][GridCacheProcessor] Stopped cache: ignite-atomics-sys-cache
[14:44:09,946][INFO][main][GridDeploymentLocalStore] Removed undeployed class: GridDeployment [ts=1479307449538, depMode=SHARED, clsLdr=sun.misc.Launcher$AppClassLoader@73d16e93, clsLdrId=eac489d6851-3e3c3844-d9f8-46eb-9772-f40cf3e93981, userVer=0, loc=true, sampleClsName=org.apache.ignite.internal.processors.cache.distributed.dht.preloader.GridDhtPartitionFullMap, pendingUndeploy=false, undeployed=true, usage=0]
[14:44:09,952][INFO][main][IgniteKernal] 

>>> +---------------------------------------------------------------------------------+
>>> Ignite ver. 1.7.0#20160801-sha1:383273e3f66f702de2482466dce954d570a8ccf2 stopped OK
>>> +---------------------------------------------------------------------------------+
>>> Grid uptime: 00:00:00:339


