[15:58:31,137][INFO][main][IgniteKernal] 

>>>    __________  ________________  
>>>   /  _/ ___/ |/ /  _/_  __/ __/  
>>>  _/ // (7 7    // /  / / / _/    
>>> /___/\___/_/|_/___/ /_/ /___/   
>>> 
>>> ver. 1.7.0#20160801-sha1:383273e3
>>> 2016 Copyright(C) Apache Software Foundation
>>> 
>>> Ignite documentation: http://ignite.apache.org

[15:58:31,139][INFO][main][IgniteKernal] Config URL: file:/afs/inf.ed.ac.uk/user/s16/s1626297/Desktop/ds/apache-ignite-fabric-1.7.0-bin/examples/config/example-ignite-no-discovery.xml
[15:58:31,139][INFO][main][IgniteKernal] Daemon mode: off
[15:58:31,139][INFO][main][IgniteKernal] OS: Linux 3.10.0-327.36.3.el7.x86_64 amd64
[15:58:31,139][INFO][main][IgniteKernal] OS user: s1626297
[15:58:31,139][INFO][main][IgniteKernal] Language runtime: Java Platform API Specification ver. 1.8
[15:58:31,139][INFO][main][IgniteKernal] VM information: Java(TM) SE Runtime Environment 1.8.0_91-b14 Oracle Corporation Java HotSpot(TM) 64-Bit Server VM 25.91-b14
[15:58:31,141][INFO][main][IgniteKernal] VM total memory: 0.96GB
[15:58:31,141][INFO][main][IgniteKernal] Remote Management [restart: on, REST: on, JMX (remote: on, port: 49115, auth: off, ssl: off)]
[15:58:31,141][INFO][main][IgniteKernal] IGNITE_HOME=/afs/inf.ed.ac.uk/user/s16/s1626297/Desktop/ds/apache-ignite-fabric-1.7.0-bin
[15:58:31,141][INFO][main][IgniteKernal] VM arguments: [-Xms1g, -Xmx1g, -XX:+AggressiveOpts, -XX:MaxMetaspaceSize=256m, -DIGNITE_QUIET=true, -DIGNITE_SUCCESS_FILE=/afs/inf.ed.ac.uk/user/s16/s1626297/Desktop/ds/apache-ignite-fabric-1.7.0-bin/work/ignite_success_1d74264c-2a88-4072-8cde-777f2b17c04e, -Dcom.sun.management.jmxremote, -Dcom.sun.management.jmxremote.port=49115, -Dcom.sun.management.jmxremote.authenticate=false, -Dcom.sun.management.jmxremote.ssl=false, -DIGNITE_HOME=/afs/inf.ed.ac.uk/user/s16/s1626297/Desktop/ds/apache-ignite-fabric-1.7.0-bin, -DIGNITE_PROG_NAME=bin/ignite.sh]
[15:58:31,141][INFO][main][IgniteKernal] Configured caches ['ignite-marshaller-sys-cache', 'ignite-sys-cache', 'ignite-atomics-sys-cache']
[15:58:31,141][WARNING][main][IgniteKernal] Peer class loading is enabled (disable it in production for performance and deployment consistency reasons)
[15:58:31,144][INFO][main][IgniteKernal] 3-rd party licenses can be found at: /afs/inf.ed.ac.uk/user/s16/s1626297/Desktop/ds/apache-ignite-fabric-1.7.0-bin/libs/licenses
[15:58:31,186][INFO][main][IgniteKernal] Non-loopback local IPs: 129.215.3.62, fe80:0:0:0:8a51:fbff:fe55:4f8e%em1
[15:58:31,186][INFO][main][IgniteKernal] Enabled local MACs: 8851FB554F8E
[15:58:31,198][INFO][main][IgnitePluginProcessor] Configured plugins:
[15:58:31,198][INFO][main][IgnitePluginProcessor]   ^-- None
[15:58:31,199][INFO][main][IgnitePluginProcessor] 
[15:58:31,295][INFO][main][TcpCommunicationSpi] IPC shared memory server endpoint started [port=48100, tokDir=/afs/inf.ed.ac.uk/user/s16/s1626297/Desktop/ds/apache-ignite-fabric-1.7.0-bin/work/ipc/shmem/c48ba9e0-1704-4f92-9a78-cc2cd3eec782-23856]
[15:58:31,295][INFO][main][TcpCommunicationSpi] Successfully bound shared memory communication to TCP port [port=48100, locHost=0.0.0.0/0.0.0.0]
[15:58:31,310][INFO][main][TcpCommunicationSpi] Successfully bound to TCP port [port=47100, locHost=0.0.0.0/0.0.0.0]
[15:58:31,343][WARNING][main][NoopCheckpointSpi] Checkpoints are disabled (to enable configure any GridCheckpointSpi implementation)
[15:58:31,365][WARNING][main][GridCollisionManager] Collision resolution is disabled (all jobs will be activated upon arrival).
[15:58:31,367][WARNING][main][NoopSwapSpaceSpi] Swap space is disabled. To enable use FileSwapSpaceSpi.
[15:58:31,369][INFO][main][IgniteKernal] Security status [authentication=off, tls/ssl=off]
[15:58:31,575][WARNING][main][IgniteH2Indexing] Serialization of Java objects in H2 was enabled.
[15:58:31,622][INFO][main][GridTcpRestProtocol] Command protocol successfully started [name=TCP binary, host=0.0.0.0/0.0.0.0, port=11211]
[15:58:31,693][INFO][main][TcpDiscoverySpi] Successfully bound to TCP port [port=47500, localHost=0.0.0.0/0.0.0.0]
[15:58:31,921][INFO][main][GridCacheProcessor] Started cache [name=ignite-sys-cache, mode=REPLICATED]
[15:58:31,931][INFO][main][GridCacheProcessor] Started cache [name=ignite-atomics-sys-cache, mode=PARTITIONED]
[15:58:31,945][INFO][main][GridCacheProcessor] Started cache [name=ignite-marshaller-sys-cache, mode=REPLICATED]
[15:58:31,996][INFO][exchange-worker-#55%null%][GridCachePartitionExchangeManager] Skipping rebalancing (nothing scheduled) [top=AffinityTopologyVersion [topVer=1, minorTopVer=0], evt=NODE_JOINED, node=c48ba9e0-1704-4f92-9a78-cc2cd3eec782]
[15:58:32,029][INFO][main][IgniteKernal] Performance suggestions for grid  (fix if possible)
[15:58:32,029][INFO][main][IgniteKernal] To disable, set -DIGNITE_PERFORMANCE_SUGGESTIONS_DISABLED=true
[15:58:32,029][INFO][main][IgniteKernal]   ^-- Disable peer class loading (set 'peerClassLoadingEnabled' to false)
[15:58:32,030][INFO][main][IgniteKernal]   ^-- Disable grid events (remove 'includeEventTypes' from configuration)
[15:58:32,030][INFO][main][IgniteKernal] 
[15:58:32,030][INFO][main][IgniteKernal] To start Console Management & Monitoring run ignitevisorcmd.{sh|bat}
[15:58:32,030][INFO][main][IgniteKernal] 
[15:58:32,031][INFO][main][IgniteKernal] 

>>> +----------------------------------------------------------------------+
>>> Ignite ver. 1.7.0#20160801-sha1:383273e3f66f702de2482466dce954d570a8ccf2
>>> +----------------------------------------------------------------------+
>>> OS name: Linux 3.10.0-327.36.3.el7.x86_64 amd64
>>> CPU(s): 4
>>> Heap: 1.0GB
>>> VM name: 23856@parrot.inf.ed.ac.uk
>>> Local node [ID=C48BA9E0-1704-4F92-9A78-CC2CD3EEC782, order=1, clientMode=false]
>>> Local node addresses: [parrot.inf.ed.ac.uk/0:0:0:0:0:0:0:1%lo, /127.0.0.1, /129.215.3.62]
>>> Local ports: TCP:11211 TCP:47100 TCP:47500 TCP:48100 

[15:58:32,032][INFO][main][GridDiscoveryManager] Topology snapshot [ver=1, servers=1, clients=0, CPUs=4, heap=1.0GB]
[15:58:41,590][INFO][disco-event-worker-#52%null%][GridDiscoveryManager] Added new node to topology: TcpDiscoveryNode [id=873101d0-5910-4edb-b939-fc302d2fc872, addrs=[0:0:0:0:0:0:0:1%lo, 127.0.0.1, 129.215.3.62], sockAddrs=[parrot.inf.ed.ac.uk/129.215.3.62:0, /0:0:0:0:0:0:0:1%lo:0, /127.0.0.1:0], discPort=0, order=2, intOrder=2, lastExchangeTime=1478707121554, loc=false, ver=1.7.0#20160801-sha1:383273e3, isClient=true]
[15:58:41,593][INFO][disco-event-worker-#52%null%][GridDiscoveryManager] Topology snapshot [ver=2, servers=1, clients=1, CPUs=4, heap=2.7GB]
[15:58:41,605][INFO][exchange-worker-#55%null%][GridCachePartitionExchangeManager] Skipping rebalancing (nothing scheduled) [top=AffinityTopologyVersion [topVer=2, minorTopVer=0], evt=NODE_JOINED, node=873101d0-5910-4edb-b939-fc302d2fc872]
[15:58:41,741][INFO][ignite-update-notifier-timer][GridUpdateNotifier] Your version is up to date.
[15:58:42,177][INFO][exchange-worker-#55%null%][GridCacheProcessor] Started cache [name=words, mode=PARTITIONED]
[15:58:42,195][INFO][exchange-worker-#55%null%][GridCachePartitionExchangeManager] Skipping rebalancing (nothing scheduled) [top=AffinityTopologyVersion [topVer=2, minorTopVer=1], evt=DISCOVERY_CUSTOM_EVT, node=873101d0-5910-4edb-b939-fc302d2fc872]
[15:58:42,316][INFO][pub-#6%null%][GridDeploymentLocalStore] Class locally deployed: class org.apache.ignite.stream.StreamTransformer$1
[15:59:32,035][INFO][grid-timeout-worker-#37%null%][IgniteKernal] 
Metrics for local node (to disable set 'metricsLogFrequency' to 0)
    ^-- Node [id=c48ba9e0, name=null, uptime=00:01:00:005]
    ^-- H/N/C [hosts=1, nodes=2, CPUs=4]
    ^-- CPU [cur=0.43%, avg=0.98%, GC=0%]
    ^-- Heap [used=207MB, free=78.9%, comm=981MB]
    ^-- Non heap [used=39MB, free=97.39%, comm=40MB]
    ^-- Public thread pool [active=0, idle=16, qSize=0]
    ^-- System thread pool [active=0, idle=16, qSize=0]
    ^-- Outbound messages queue [size=0]
[16:00:32,037][INFO][grid-timeout-worker-#37%null%][IgniteKernal] 
Metrics for local node (to disable set 'metricsLogFrequency' to 0)
    ^-- Node [id=c48ba9e0, name=null, uptime=00:02:00:005]
    ^-- H/N/C [hosts=1, nodes=2, CPUs=4]
    ^-- CPU [cur=0.23%, avg=0.64%, GC=0%]
    ^-- Heap [used=211MB, free=78.44%, comm=981MB]
    ^-- Non heap [used=40MB, free=97.36%, comm=40MB]
    ^-- Public thread pool [active=0, idle=16, qSize=0]
    ^-- System thread pool [active=0, idle=16, qSize=0]
    ^-- Outbound messages queue [size=0]
[16:01:32,036][INFO][grid-timeout-worker-#37%null%][IgniteKernal] 
Metrics for local node (to disable set 'metricsLogFrequency' to 0)
    ^-- Node [id=c48ba9e0, name=null, uptime=00:03:00:009]
    ^-- H/N/C [hosts=1, nodes=2, CPUs=4]
    ^-- CPU [cur=0.23%, avg=0.52%, GC=0%]
    ^-- Heap [used=215MB, free=78.03%, comm=981MB]
    ^-- Non heap [used=40MB, free=97.34%, comm=41MB]
    ^-- Public thread pool [active=0, idle=16, qSize=0]
    ^-- System thread pool [active=0, idle=16, qSize=0]
    ^-- Outbound messages queue [size=0]
[16:02:32,043][INFO][grid-timeout-worker-#37%null%][IgniteKernal] 
Metrics for local node (to disable set 'metricsLogFrequency' to 0)
    ^-- Node [id=c48ba9e0, name=null, uptime=00:04:00:014]
    ^-- H/N/C [hosts=1, nodes=2, CPUs=4]
    ^-- CPU [cur=0.23%, avg=0.46%, GC=0%]
    ^-- Heap [used=219MB, free=77.63%, comm=981MB]
    ^-- Non heap [used=40MB, free=97.32%, comm=41MB]
    ^-- Public thread pool [active=0, idle=16, qSize=0]
    ^-- System thread pool [active=0, idle=16, qSize=0]
    ^-- Outbound messages queue [size=0]
[16:03:32,047][INFO][grid-timeout-worker-#37%null%][IgniteKernal] 
Metrics for local node (to disable set 'metricsLogFrequency' to 0)
    ^-- Node [id=c48ba9e0, name=null, uptime=00:05:00:014]
    ^-- H/N/C [hosts=1, nodes=2, CPUs=4]
    ^-- CPU [cur=0.5%, avg=0.46%, GC=0%]
    ^-- Heap [used=224MB, free=77.16%, comm=981MB]
    ^-- Non heap [used=41MB, free=97.27%, comm=42MB]
    ^-- Public thread pool [active=0, idle=16, qSize=0]
    ^-- System thread pool [active=0, idle=16, qSize=0]
    ^-- Outbound messages queue [size=0]
[16:04:32,050][INFO][grid-timeout-worker-#37%null%][IgniteKernal] 
Metrics for local node (to disable set 'metricsLogFrequency' to 0)
    ^-- Node [id=c48ba9e0, name=null, uptime=00:06:00:023]
    ^-- H/N/C [hosts=1, nodes=2, CPUs=4]
    ^-- CPU [cur=0.4%, avg=0.43%, GC=0%]
    ^-- Heap [used=227MB, free=76.82%, comm=981MB]
    ^-- Non heap [used=41MB, free=97.26%, comm=42MB]
    ^-- Public thread pool [active=0, idle=16, qSize=0]
    ^-- System thread pool [active=0, idle=16, qSize=0]
    ^-- Outbound messages queue [size=0]
[16:05:32,056][INFO][grid-timeout-worker-#37%null%][IgniteKernal] 
Metrics for local node (to disable set 'metricsLogFrequency' to 0)
    ^-- Node [id=c48ba9e0, name=null, uptime=00:07:00:027]
    ^-- H/N/C [hosts=1, nodes=2, CPUs=4]
    ^-- CPU [cur=0.17%, avg=0.41%, GC=0%]
    ^-- Heap [used=232MB, free=76.35%, comm=981MB]
    ^-- Non heap [used=42MB, free=97.22%, comm=43MB]
    ^-- Public thread pool [active=0, idle=16, qSize=0]
    ^-- System thread pool [active=0, idle=16, qSize=0]
    ^-- Outbound messages queue [size=0]
[16:05:51,287][WARNING][disco-event-worker-#52%null%][GridDiscoveryManager] Node FAILED: TcpDiscoveryNode [id=873101d0-5910-4edb-b939-fc302d2fc872, addrs=[0:0:0:0:0:0:0:1%lo, 127.0.0.1, 129.215.3.62], sockAddrs=[parrot.inf.ed.ac.uk/129.215.3.62:0, /0:0:0:0:0:0:0:1%lo:0, /127.0.0.1:0], discPort=0, order=2, intOrder=2, lastExchangeTime=1478707121554, loc=false, ver=1.7.0#20160801-sha1:383273e3, isClient=true]
[16:05:51,287][INFO][disco-event-worker-#52%null%][GridDiscoveryManager] Topology snapshot [ver=3, servers=1, clients=0, CPUs=4, heap=1.0GB]
[16:05:51,309][INFO][exchange-worker-#55%null%][GridCachePartitionExchangeManager] Skipping rebalancing (nothing scheduled) [top=AffinityTopologyVersion [topVer=3, minorTopVer=0], evt=NODE_FAILED, node=873101d0-5910-4edb-b939-fc302d2fc872]
[16:05:53,275][INFO][Thread-2][G] Invoking shutdown hook...
