[15:33:19,195][INFO][main][IgniteKernal] 

>>>    __________  ________________  
>>>   /  _/ ___/ |/ /  _/_  __/ __/  
>>>  _/ // (7 7    // /  / / / _/    
>>> /___/\___/_/|_/___/ /_/ /___/   
>>> 
>>> ver. 1.7.0#20160801-sha1:383273e3
>>> 2016 Copyright(C) Apache Software Foundation
>>> 
>>> Ignite documentation: http://ignite.apache.org

[15:33:19,198][INFO][main][IgniteKernal] Config URL: file:/afs/inf.ed.ac.uk/user/s16/s1626297/Desktop/ds/apache-ignite-fabric-1.7.0-bin/examples/config/example-ignite-no-discovery.xml
[15:33:19,198][INFO][main][IgniteKernal] Daemon mode: off
[15:33:19,199][INFO][main][IgniteKernal] OS: Linux 3.10.0-327.36.3.el7.x86_64 amd64
[15:33:19,199][INFO][main][IgniteKernal] OS user: s1626297
[15:33:19,199][INFO][main][IgniteKernal] Language runtime: Java Platform API Specification ver. 1.8
[15:33:19,200][INFO][main][IgniteKernal] VM information: Java(TM) SE Runtime Environment 1.8.0_91-b14 Oracle Corporation Java HotSpot(TM) 64-Bit Server VM 25.91-b14
[15:33:19,201][INFO][main][IgniteKernal] VM total memory: 1.7GB
[15:33:19,202][INFO][main][IgniteKernal] Remote Management [restart: off, REST: on, JMX (remote: off)]
[15:33:19,202][INFO][main][IgniteKernal] IGNITE_HOME=/afs/inf.ed.ac.uk/user/s16/s1626297/Desktop/ds/apache-ignite-fabric-1.7.0-bin
[15:33:19,202][INFO][main][IgniteKernal] VM arguments: []
[15:33:19,202][INFO][main][IgniteKernal] Configured caches ['ignite-marshaller-sys-cache', 'ignite-sys-cache', 'ignite-atomics-sys-cache']
[15:33:19,202][WARNING][main][IgniteKernal] Peer class loading is enabled (disable it in production for performance and deployment consistency reasons)
[15:33:19,229][INFO][main][IgniteKernal] 3-rd party licenses can be found at: /afs/inf.ed.ac.uk/user/s16/s1626297/Desktop/ds/apache-ignite-fabric-1.7.0-bin/libs/licenses
[15:33:19,236][WARNING][pub-#26%null%][GridDiagnostic] Initial heap size is 124MB (should be no less than 512MB, use -Xms512m -Xmx512m).
[15:33:19,309][INFO][main][IgniteKernal] Non-loopback local IPs: 129.215.2.60, fe80:0:0:0:ea39:35ff:fe48:4d89%em1
[15:33:19,309][INFO][main][IgniteKernal] Enabled local MACs: E83935484D89
[15:33:19,327][INFO][main][IgnitePluginProcessor] Configured plugins:
[15:33:19,327][INFO][main][IgnitePluginProcessor]   ^-- None
[15:33:19,328][INFO][main][IgnitePluginProcessor] 
[15:33:19,516][INFO][main][TcpCommunicationSpi] IPC shared memory server endpoint started [port=48104, tokDir=/afs/inf.ed.ac.uk/user/s16/s1626297/Desktop/ds/apache-ignite-fabric-1.7.0-bin/work/ipc/shmem/841ad296-94f1-448b-bc33-012772d3db89-29003]
[15:33:19,516][INFO][main][TcpCommunicationSpi] Successfully bound shared memory communication to TCP port [port=48104, locHost=0.0.0.0/0.0.0.0]
[15:33:19,543][INFO][main][TcpCommunicationSpi] Successfully bound to TCP port [port=47104, locHost=0.0.0.0/0.0.0.0]
[15:33:19,632][WARNING][main][NoopCheckpointSpi] Checkpoints are disabled (to enable configure any GridCheckpointSpi implementation)
[15:33:19,673][WARNING][main][GridCollisionManager] Collision resolution is disabled (all jobs will be activated upon arrival).
[15:33:19,681][WARNING][main][NoopSwapSpaceSpi] Swap space is disabled. To enable use FileSwapSpaceSpi.
[15:33:19,683][INFO][main][IgniteKernal] Security status [authentication=off, tls/ssl=off]
[15:33:20,014][WARNING][main][IgniteH2Indexing] Serialization of Java objects in H2 was enabled.
[15:33:20,100][INFO][main][GridTcpRestProtocol] Command protocol successfully started [name=TCP binary, host=0.0.0.0/0.0.0.0, port=11215]
[15:33:20,936][INFO][main][GridCacheProcessor] Started cache [name=ignite-sys-cache, mode=REPLICATED]
[15:33:20,948][INFO][main][GridCacheProcessor] Started cache [name=ignite-atomics-sys-cache, mode=PARTITIONED]
[15:33:20,973][INFO][main][GridCacheProcessor] Started cache [name=ignite-marshaller-sys-cache, mode=REPLICATED]
[15:33:21,242][INFO][main][IgniteKernal] Performance suggestions for grid  (fix if possible)
[15:33:21,242][INFO][main][IgniteKernal] To disable, set -DIGNITE_PERFORMANCE_SUGGESTIONS_DISABLED=true
[15:33:21,248][INFO][main][IgniteKernal]   ^-- Disable peer class loading (set 'peerClassLoadingEnabled' to false)
[15:33:21,248][INFO][main][IgniteKernal]   ^-- Disable grid events (remove 'includeEventTypes' from configuration)
[15:33:21,249][INFO][main][IgniteKernal] 
[15:33:21,249][INFO][main][IgniteKernal] To start Console Management & Monitoring run ignitevisorcmd.{sh|bat}
[15:33:21,249][INFO][main][IgniteKernal] 
[15:33:21,250][INFO][main][IgniteKernal] 

>>> +----------------------------------------------------------------------+
>>> Ignite ver. 1.7.0#20160801-sha1:383273e3f66f702de2482466dce954d570a8ccf2
>>> +----------------------------------------------------------------------+
>>> OS name: Linux 3.10.0-327.36.3.el7.x86_64 amd64
>>> CPU(s): 4
>>> Heap: 1.7GB
>>> VM name: 29003@joly.inf.ed.ac.uk
>>> Local node [ID=841AD296-94F1-448B-BC33-012772D3DB89, order=4, clientMode=true]
>>> Local node addresses: [joly.inf.ed.ac.uk/0:0:0:0:0:0:0:1%lo, /127.0.0.1, /129.215.2.60]
>>> Local ports: TCP:11215 TCP:47104 TCP:48104 

[15:33:21,280][INFO][main][GridDiscoveryManager] Topology snapshot [ver=4, servers=1, clients=3, CPUs=4, heap=6.1GB]
[15:33:21,440][INFO][exchange-worker-#45%null%][GridCacheProcessor] Started cache [name=partC, mode=PARTITIONED]
[15:33:22,689][INFO][main][GridDeploymentLocalStore] Class locally deployed: class partC.StreamWords$1
[15:33:27,896][INFO][disco-event-worker-#42%null%][GridDiscoveryManager] Node left topology: TcpDiscoveryNode [id=0506d338-fa07-4a05-a906-9357e7c7c95c, addrs=[0:0:0:0:0:0:0:1%lo, 127.0.0.1, 129.215.2.60], sockAddrs=[/0:0:0:0:0:0:0:1%lo:0, /127.0.0.1:0, joly.inf.ed.ac.uk/129.215.2.60:0], discPort=0, order=2, intOrder=2, lastExchangeTime=1479310400507, loc=false, ver=1.7.0#20160801-sha1:383273e3, isClient=true]
[15:33:27,896][INFO][disco-event-worker-#42%null%][GridDiscoveryManager] Topology snapshot [ver=5, servers=1, clients=2, CPUs=4, heap=4.4GB]
[15:33:28,191][INFO][main][GridTcpRestProtocol] Command protocol successfully stopped: TCP binary
[15:33:28,223][INFO][main][GridCacheProcessor] Stopped cache: ignite-marshaller-sys-cache
[15:33:28,223][INFO][main][GridCacheProcessor] Stopped cache: ignite-sys-cache
[15:33:28,224][INFO][main][GridCacheProcessor] Stopped cache: ignite-atomics-sys-cache
[15:33:28,225][INFO][main][GridCacheProcessor] Stopped cache: partC
[15:33:28,236][INFO][main][GridDeploymentLocalStore] Removed undeployed class: GridDeployment [ts=1479310401070, depMode=SHARED, clsLdr=sun.misc.Launcher$AppClassLoader@73d16e93, clsLdrId=ad155cd6851-841ad296-94f1-448b-bc33-012772d3db89, userVer=0, loc=true, sampleClsName=org.apache.ignite.internal.processors.cache.distributed.dht.preloader.GridDhtPartitionFullMap, pendingUndeploy=false, undeployed=true, usage=0]
[15:33:28,248][INFO][main][IgniteKernal] 

>>> +---------------------------------------------------------------------------------+
>>> Ignite ver. 1.7.0#20160801-sha1:383273e3f66f702de2482466dce954d570a8ccf2 stopped OK
>>> +---------------------------------------------------------------------------------+
>>> Grid uptime: 00:00:07:009


