[19:52:47,539][INFO][main][IgniteKernal] 

>>>    __________  ________________  
>>>   /  _/ ___/ |/ /  _/_  __/ __/  
>>>  _/ // (7 7    // /  / / / _/    
>>> /___/\___/_/|_/___/ /_/ /___/   
>>> 
>>> ver. 1.7.0#20160801-sha1:383273e3
>>> 2016 Copyright(C) Apache Software Foundation
>>> 
>>> Ignite documentation: http://ignite.apache.org

[19:52:47,543][INFO][main][IgniteKernal] Config URL: file:/afs/inf.ed.ac.uk/user/s16/s1626297/Desktop/ds/apache-ignite-fabric-1.7.0-bin/examples/config/example-ignite-no-discovery.xml
[19:52:47,543][INFO][main][IgniteKernal] Daemon mode: off
[19:52:47,544][INFO][main][IgniteKernal] OS: Linux 3.10.0-327.36.3.el7.x86_64 amd64
[19:52:47,544][INFO][main][IgniteKernal] OS user: s1626297
[19:52:47,544][INFO][main][IgniteKernal] Language runtime: Java Platform API Specification ver. 1.8
[19:52:47,544][INFO][main][IgniteKernal] VM information: Java(TM) SE Runtime Environment 1.8.0_91-b14 Oracle Corporation Java HotSpot(TM) 64-Bit Server VM 25.91-b14
[19:52:47,546][INFO][main][IgniteKernal] VM total memory: 1.7GB
[19:52:47,546][INFO][main][IgniteKernal] Remote Management [restart: off, REST: on, JMX (remote: off)]
[19:52:47,546][INFO][main][IgniteKernal] IGNITE_HOME=/afs/inf.ed.ac.uk/user/s16/s1626297/Desktop/ds/apache-ignite-fabric-1.7.0-bin
[19:52:47,551][INFO][main][IgniteKernal] VM arguments: [-DIGNITE_HOME=/afs/inf.ed.ac.uk/user/s16/s1626297/Desktop/ds/apache-ignite-fabric-1.7.0-bin, -Didea.launcher.port=7545, -Didea.launcher.bin.path=/opt/idea-ce/bin, -Dfile.encoding=UTF-8]
[19:52:47,552][INFO][main][IgniteKernal] Configured caches ['ignite-marshaller-sys-cache', 'ignite-sys-cache', 'ignite-atomics-sys-cache']
[19:52:47,552][WARNING][main][IgniteKernal] Peer class loading is enabled (disable it in production for performance and deployment consistency reasons)
[19:52:47,592][INFO][main][IgniteKernal] 3-rd party licenses can be found at: /afs/inf.ed.ac.uk/user/s16/s1626297/Desktop/ds/apache-ignite-fabric-1.7.0-bin/libs/licenses
[19:52:47,600][WARNING][pub-#26%null%][GridDiagnostic] Initial heap size is 124MB (should be no less than 512MB, use -Xms512m -Xmx512m).
[19:52:47,807][INFO][main][IgniteKernal] Non-loopback local IPs: 129.215.3.32, fe80:0:0:0:a2d3:c1ff:fe0f:8a89%em1
[19:52:47,807][INFO][main][IgniteKernal] Enabled local MACs: A0D3C10F8A89
[19:52:47,896][INFO][main][IgnitePluginProcessor] Configured plugins:
[19:52:47,896][INFO][main][IgnitePluginProcessor]   ^-- None
[19:52:47,896][INFO][main][IgnitePluginProcessor] 
[19:52:48,384][INFO][main][TcpCommunicationSpi] IPC shared memory server endpoint started [port=48104, tokDir=/afs/inf.ed.ac.uk/user/s16/s1626297/Desktop/ds/apache-ignite-fabric-1.7.0-bin/work/ipc/shmem/a9bb85af-b735-491f-a3f9-0923b7ecfb24-21208]
[19:52:48,384][INFO][main][TcpCommunicationSpi] Successfully bound shared memory communication to TCP port [port=48104, locHost=0.0.0.0/0.0.0.0]
[19:52:48,484][INFO][main][TcpCommunicationSpi] Successfully bound to TCP port [port=47104, locHost=0.0.0.0/0.0.0.0]
[19:52:48,884][WARNING][main][NoopCheckpointSpi] Checkpoints are disabled (to enable configure any GridCheckpointSpi implementation)
[19:52:48,957][WARNING][main][GridCollisionManager] Collision resolution is disabled (all jobs will be activated upon arrival).
[19:52:48,963][WARNING][main][NoopSwapSpaceSpi] Swap space is disabled. To enable use FileSwapSpaceSpi.
[19:52:48,967][INFO][main][IgniteKernal] Security status [authentication=off, tls/ssl=off]
[19:52:49,954][WARNING][main][IgniteH2Indexing] Serialization of Java objects in H2 was enabled.
[19:52:50,290][INFO][main][GridTcpRestProtocol] Command protocol successfully started [name=TCP binary, host=0.0.0.0/0.0.0.0, port=11215]
[19:52:51,258][WARNING][main][IgniteKernal] Attempting to start more nodes than physical RAM available on current host (this can cause significant slowdown)
[19:52:52,104][INFO][main][GridCacheProcessor] Started cache [name=ignite-sys-cache, mode=REPLICATED]
[19:52:52,132][INFO][main][GridCacheProcessor] Started cache [name=ignite-atomics-sys-cache, mode=PARTITIONED]
[19:52:52,156][INFO][main][GridCacheProcessor] Started cache [name=ignite-marshaller-sys-cache, mode=REPLICATED]
[19:52:52,689][INFO][main][IgniteKernal] Performance suggestions for grid  (fix if possible)
[19:52:52,689][INFO][main][IgniteKernal] To disable, set -DIGNITE_PERFORMANCE_SUGGESTIONS_DISABLED=true
[19:52:52,689][INFO][main][IgniteKernal]   ^-- Disable peer class loading (set 'peerClassLoadingEnabled' to false)
[19:52:52,689][INFO][main][IgniteKernal]   ^-- Disable grid events (remove 'includeEventTypes' from configuration)
[19:52:52,689][INFO][main][IgniteKernal] 
[19:52:52,690][INFO][main][IgniteKernal] To start Console Management & Monitoring run ignitevisorcmd.{sh|bat}
[19:52:52,690][INFO][main][IgniteKernal] 
[19:52:52,690][INFO][main][IgniteKernal] 

>>> +----------------------------------------------------------------------+
>>> Ignite ver. 1.7.0#20160801-sha1:383273e3f66f702de2482466dce954d570a8ccf2
>>> +----------------------------------------------------------------------+
>>> OS name: Linux 3.10.0-327.36.3.el7.x86_64 amd64
>>> CPU(s): 4
>>> Heap: 1.7GB
>>> VM name: 21208@lodi.inf.ed.ac.uk
>>> Local node [ID=A9BB85AF-B735-491F-A3F9-0923B7ECFB24, order=39, clientMode=true]
>>> Local node addresses: [lodi.inf.ed.ac.uk/0:0:0:0:0:0:0:1%lo, /127.0.0.1, /129.215.3.32]
>>> Local ports: TCP:11215 TCP:47104 TCP:48104 

[19:52:52,692][INFO][main][GridDiscoveryManager] Topology snapshot [ver=39, servers=1, clients=4, CPUs=4, heap=7.9GB]
[19:52:52,971][INFO][exchange-worker-#45%null%][GridCacheProcessor] Started cache [name=words, mode=PARTITIONED]
[19:52:53,033][INFO][main][GridTcpRestProtocol] Command protocol successfully stopped: TCP binary
[19:52:53,128][INFO][main][GridCacheProcessor] Stopped cache: ignite-marshaller-sys-cache
[19:52:53,128][INFO][main][GridCacheProcessor] Stopped cache: ignite-sys-cache
[19:52:53,128][INFO][main][GridCacheProcessor] Stopped cache: ignite-atomics-sys-cache
[19:52:53,128][INFO][main][GridCacheProcessor] Stopped cache: words
[19:52:53,130][INFO][main][GridDeploymentLocalStore] Removed undeployed class: GridDeployment [ts=1478807572411, depMode=SHARED, clsLdr=sun.misc.Launcher$AppClassLoader@4dc63996, clsLdrId=eafaccf4851-a9bb85af-b735-491f-a3f9-0923b7ecfb24, userVer=0, loc=true, sampleClsName=org.apache.ignite.internal.processors.cache.distributed.dht.preloader.GridDhtPartitionFullMap, pendingUndeploy=false, undeployed=true, usage=0]
[19:52:53,140][INFO][main][IgniteKernal] 

>>> +---------------------------------------------------------------------------------+
>>> Ignite ver. 1.7.0#20160801-sha1:383273e3f66f702de2482466dce954d570a8ccf2 stopped OK
>>> +---------------------------------------------------------------------------------+
>>> Grid uptime: 00:00:00:454


