[21:34:42,812][INFO][main][IgniteKernal] 

>>>    __________  ________________  
>>>   /  _/ ___/ |/ /  _/_  __/ __/  
>>>  _/ // (7 7    // /  / / / _/    
>>> /___/\___/_/|_/___/ /_/ /___/   
>>> 
>>> ver. 1.7.0#20160801-sha1:383273e3
>>> 2016 Copyright(C) Apache Software Foundation
>>> 
>>> Ignite documentation: http://ignite.apache.org

[21:34:42,820][INFO][main][IgniteKernal] Config URL: file:/afs/inf.ed.ac.uk/user/s16/s1626297/Desktop/ds/apache-ignite-fabric-1.7.0-bin/examples/config/example-ignite-no-discovery.xml
[21:34:42,820][INFO][main][IgniteKernal] Daemon mode: off
[21:34:42,820][INFO][main][IgniteKernal] OS: Linux 3.10.0-327.36.3.el7.x86_64 amd64
[21:34:42,820][INFO][main][IgniteKernal] OS user: s1626297
[21:34:42,821][INFO][main][IgniteKernal] Language runtime: Java Platform API Specification ver. 1.8
[21:34:42,821][INFO][main][IgniteKernal] VM information: Java(TM) SE Runtime Environment 1.8.0_91-b14 Oracle Corporation Java HotSpot(TM) 64-Bit Server VM 25.91-b14
[21:34:42,822][INFO][main][IgniteKernal] VM total memory: 1.7GB
[21:34:42,822][INFO][main][IgniteKernal] Remote Management [restart: off, REST: on, JMX (remote: off)]
[21:34:42,822][INFO][main][IgniteKernal] IGNITE_HOME=/afs/inf.ed.ac.uk/user/s16/s1626297/Desktop/ds/apache-ignite-fabric-1.7.0-bin
[21:34:42,823][INFO][main][IgniteKernal] VM arguments: [-DIGNITE_HOME=/afs/inf.ed.ac.uk/user/s16/s1626297/Desktop/ds/apache-ignite-fabric-1.7.0-bin, -Didea.launcher.port=7539, -Didea.launcher.bin.path=/opt/idea-ce/bin, -Dfile.encoding=UTF-8]
[21:34:42,823][INFO][main][IgniteKernal] Configured caches ['ignite-marshaller-sys-cache', 'ignite-sys-cache', 'ignite-atomics-sys-cache']
[21:34:42,823][WARNING][main][IgniteKernal] Peer class loading is enabled (disable it in production for performance and deployment consistency reasons)
[21:34:42,828][INFO][main][IgniteKernal] 3-rd party licenses can be found at: /afs/inf.ed.ac.uk/user/s16/s1626297/Desktop/ds/apache-ignite-fabric-1.7.0-bin/libs/licenses
[21:34:42,831][WARNING][pub-#26%null%][GridDiagnostic] Initial heap size is 124MB (should be no less than 512MB, use -Xms512m -Xmx512m).
[21:34:42,926][INFO][main][IgniteKernal] Non-loopback local IPs: 129.215.3.32, fe80:0:0:0:a2d3:c1ff:fe0f:8a89%em1
[21:34:42,926][INFO][main][IgniteKernal] Enabled local MACs: A0D3C10F8A89
[21:34:42,973][INFO][main][IgnitePluginProcessor] Configured plugins:
[21:34:42,973][INFO][main][IgnitePluginProcessor]   ^-- None
[21:34:42,973][INFO][main][IgnitePluginProcessor] 
[21:34:43,282][INFO][main][TcpCommunicationSpi] IPC shared memory server endpoint started [port=48105, tokDir=/afs/inf.ed.ac.uk/user/s16/s1626297/Desktop/ds/apache-ignite-fabric-1.7.0-bin/work/ipc/shmem/9ad050dd-7475-42f8-8d5e-4bb0c687bc74-3317]
[21:34:43,283][INFO][main][TcpCommunicationSpi] Successfully bound shared memory communication to TCP port [port=48105, locHost=0.0.0.0/0.0.0.0]
[21:34:43,345][INFO][main][TcpCommunicationSpi] Successfully bound to TCP port [port=47105, locHost=0.0.0.0/0.0.0.0]
[21:34:43,509][WARNING][main][NoopCheckpointSpi] Checkpoints are disabled (to enable configure any GridCheckpointSpi implementation)
[21:34:43,576][WARNING][main][GridCollisionManager] Collision resolution is disabled (all jobs will be activated upon arrival).
[21:34:43,579][WARNING][main][NoopSwapSpaceSpi] Swap space is disabled. To enable use FileSwapSpaceSpi.
[21:34:43,580][INFO][main][IgniteKernal] Security status [authentication=off, tls/ssl=off]
[21:34:44,113][WARNING][main][IgniteH2Indexing] Serialization of Java objects in H2 was enabled.
[21:34:44,203][INFO][main][GridTcpRestProtocol] Command protocol successfully started [name=TCP binary, host=0.0.0.0/0.0.0.0, port=11216]
[21:34:44,414][WARNING][main][IgniteKernal] Attempting to start more nodes than physical RAM available on current host (this can cause significant slowdown)
[21:34:44,630][INFO][main][GridCacheProcessor] Started cache [name=ignite-sys-cache, mode=REPLICATED]
[21:34:44,640][INFO][main][GridCacheProcessor] Started cache [name=ignite-atomics-sys-cache, mode=PARTITIONED]
[21:34:44,657][INFO][main][GridCacheProcessor] Started cache [name=ignite-marshaller-sys-cache, mode=REPLICATED]
[21:34:44,831][INFO][main][IgniteKernal] Performance suggestions for grid  (fix if possible)
[21:34:44,831][INFO][main][IgniteKernal] To disable, set -DIGNITE_PERFORMANCE_SUGGESTIONS_DISABLED=true
[21:34:44,831][INFO][main][IgniteKernal]   ^-- Disable peer class loading (set 'peerClassLoadingEnabled' to false)
[21:34:44,831][INFO][main][IgniteKernal]   ^-- Disable grid events (remove 'includeEventTypes' from configuration)
[21:34:44,831][INFO][main][IgniteKernal] 
[21:34:44,831][INFO][main][IgniteKernal] To start Console Management & Monitoring run ignitevisorcmd.{sh|bat}
[21:34:44,832][INFO][main][IgniteKernal] 
[21:34:44,832][INFO][main][IgniteKernal] 

>>> +----------------------------------------------------------------------+
>>> Ignite ver. 1.7.0#20160801-sha1:383273e3f66f702de2482466dce954d570a8ccf2
>>> +----------------------------------------------------------------------+
>>> OS name: Linux 3.10.0-327.36.3.el7.x86_64 amd64
>>> CPU(s): 4
>>> Heap: 1.7GB
>>> VM name: 3317@lodi.inf.ed.ac.uk
>>> Local node [ID=9AD050DD-7475-42F8-8D5E-4BB0C687BC74, order=34, clientMode=true]
>>> Local node addresses: [lodi.inf.ed.ac.uk/0:0:0:0:0:0:0:1%lo, /127.0.0.1, /129.215.3.32]
>>> Local ports: TCP:11216 TCP:47105 TCP:48105 

[21:34:44,833][INFO][main][GridDiscoveryManager] Topology snapshot [ver=34, servers=1, clients=5, CPUs=4, heap=9.6GB]
[21:34:44,886][INFO][exchange-worker-#45%null%][GridCacheProcessor] Started cache [name=words, mode=PARTITIONED]
[21:34:45,017][INFO][main][GridDeploymentLocalStore] Class locally deployed: class wordcount.StreamWords$StreamingExampleCacheEntryProcessor
[21:34:54,423][INFO][ignite-update-notifier-timer][GridUpdateNotifier] Your version is up to date.
[21:35:04,013][INFO][disco-event-worker-#42%null%][GridDiscoveryManager] Added new node to topology: TcpDiscoveryNode [id=4f36a8fb-f379-41c2-9788-1276ace14d6d, addrs=[0:0:0:0:0:0:0:1%lo, 127.0.0.1, 129.215.3.32], sockAddrs=[/0:0:0:0:0:0:0:1%lo:0, /127.0.0.1:0, lodi.inf.ed.ac.uk/129.215.3.32:0], discPort=0, order=35, intOrder=21, lastExchangeTime=1478813704002, loc=false, ver=1.7.0#20160801-sha1:383273e3, isClient=true]
[21:35:04,013][INFO][disco-event-worker-#42%null%][GridDiscoveryManager] Topology snapshot [ver=35, servers=1, clients=6, CPUs=4, heap=11.0GB]
