[19:13:01,632][INFO][main][IgniteKernal] 

>>>    __________  ________________  
>>>   /  _/ ___/ |/ /  _/_  __/ __/  
>>>  _/ // (7 7    // /  / / / _/    
>>> /___/\___/_/|_/___/ /_/ /___/   
>>> 
>>> ver. 1.7.0#20160801-sha1:383273e3
>>> 2016 Copyright(C) Apache Software Foundation
>>> 
>>> Ignite documentation: http://ignite.apache.org

[19:13:01,634][INFO][main][IgniteKernal] Config URL: file:/afs/inf.ed.ac.uk/user/s16/s1626297/Desktop/ds/apache-ignite-fabric-1.7.0-bin/examples/config/example-ignite.xml
[19:13:01,634][INFO][main][IgniteKernal] Daemon mode: off
[19:13:01,634][INFO][main][IgniteKernal] OS: Linux 3.10.0-327.36.3.el7.x86_64 amd64
[19:13:01,634][INFO][main][IgniteKernal] OS user: s1626297
[19:13:01,634][INFO][main][IgniteKernal] Language runtime: Java Platform API Specification ver. 1.8
[19:13:01,634][INFO][main][IgniteKernal] VM information: Java(TM) SE Runtime Environment 1.8.0_91-b14 Oracle Corporation Java HotSpot(TM) 64-Bit Server VM 25.91-b14
[19:13:01,636][INFO][main][IgniteKernal] VM total memory: 1.7GB
[19:13:01,636][INFO][main][IgniteKernal] Remote Management [restart: off, REST: on, JMX (remote: off)]
[19:13:01,636][INFO][main][IgniteKernal] IGNITE_HOME=/afs/inf.ed.ac.uk/user/s16/s1626297/Desktop/ds/apache-ignite-fabric-1.7.0-bin
[19:13:01,637][INFO][main][IgniteKernal] VM arguments: [-DIGNITE_HOME=/afs/inf.ed.ac.uk/user/s16/s1626297/Desktop/ds/apache-ignite-fabric-1.7.0-bin, -Didea.launcher.port=7533, -Didea.launcher.bin.path=/opt/idea-ce/bin, -Dfile.encoding=UTF-8]
[19:13:01,637][INFO][main][IgniteKernal] Configured caches ['ignite-marshaller-sys-cache', 'ignite-sys-cache', 'ignite-atomics-sys-cache']
[19:13:01,637][WARNING][main][IgniteKernal] Peer class loading is enabled (disable it in production for performance and deployment consistency reasons)
[19:13:01,649][INFO][main][IgniteKernal] 3-rd party licenses can be found at: /afs/inf.ed.ac.uk/user/s16/s1626297/Desktop/ds/apache-ignite-fabric-1.7.0-bin/libs/licenses
[19:13:01,659][WARNING][pub-#26%null%][GridDiagnostic] Initial heap size is 124MB (should be no less than 512MB, use -Xms512m -Xmx512m).
[19:13:01,702][INFO][main][IgniteKernal] Non-loopback local IPs: 129.215.3.58, fe80:0:0:0:ea39:35ff:fe47:8f2e%em1
[19:13:01,703][INFO][main][IgniteKernal] Enabled local MACs: E83935478F2E
[19:13:01,720][INFO][main][IgnitePluginProcessor] Configured plugins:
[19:13:01,720][INFO][main][IgnitePluginProcessor]   ^-- None
[19:13:01,720][INFO][main][IgnitePluginProcessor] 
[19:13:01,866][INFO][main][TcpCommunicationSpi] IPC shared memory server endpoint started [port=48100, tokDir=/afs/inf.ed.ac.uk/user/s16/s1626297/Desktop/ds/apache-ignite-fabric-1.7.0-bin/work/ipc/shmem/c4341d89-7951-4dca-9a9e-0affc2219760-27110]
[19:13:01,866][INFO][main][TcpCommunicationSpi] Successfully bound shared memory communication to TCP port [port=48100, locHost=0.0.0.0/0.0.0.0]
[19:13:01,903][INFO][main][TcpCommunicationSpi] Successfully bound to TCP port [port=47100, locHost=0.0.0.0/0.0.0.0]
[19:13:01,950][WARNING][main][NoopCheckpointSpi] Checkpoints are disabled (to enable configure any GridCheckpointSpi implementation)
[19:13:01,979][WARNING][main][GridCollisionManager] Collision resolution is disabled (all jobs will be activated upon arrival).
[19:13:01,983][WARNING][main][NoopSwapSpaceSpi] Swap space is disabled. To enable use FileSwapSpaceSpi.
[19:13:01,986][INFO][main][IgniteKernal] Security status [authentication=off, tls/ssl=off]
[19:13:02,265][WARNING][main][IgniteH2Indexing] Serialization of Java objects in H2 was enabled.
[19:13:02,329][INFO][main][GridTcpRestProtocol] Command protocol successfully started [name=TCP binary, host=0.0.0.0/0.0.0.0, port=11211]
[19:13:03,403][INFO][main][GridCacheProcessor] Started cache [name=ignite-sys-cache, mode=REPLICATED]
[19:13:03,415][INFO][main][GridCacheProcessor] Started cache [name=ignite-atomics-sys-cache, mode=PARTITIONED]
[19:13:03,432][INFO][main][GridCacheProcessor] Started cache [name=ignite-marshaller-sys-cache, mode=REPLICATED]
[19:13:03,581][INFO][main][IgniteKernal] Performance suggestions for grid  (fix if possible)
[19:13:03,581][INFO][main][IgniteKernal] To disable, set -DIGNITE_PERFORMANCE_SUGGESTIONS_DISABLED=true
[19:13:03,582][INFO][main][IgniteKernal]   ^-- Disable peer class loading (set 'peerClassLoadingEnabled' to false)
[19:13:03,582][INFO][main][IgniteKernal]   ^-- Disable grid events (remove 'includeEventTypes' from configuration)
[19:13:03,582][INFO][main][IgniteKernal] 
[19:13:03,582][INFO][main][IgniteKernal] To start Console Management & Monitoring run ignitevisorcmd.{sh|bat}
[19:13:03,582][INFO][main][IgniteKernal] 
[19:13:03,583][INFO][main][IgniteKernal] 

>>> +----------------------------------------------------------------------+
>>> Ignite ver. 1.7.0#20160801-sha1:383273e3f66f702de2482466dce954d570a8ccf2
>>> +----------------------------------------------------------------------+
>>> OS name: Linux 3.10.0-327.36.3.el7.x86_64 amd64
>>> CPU(s): 4
>>> Heap: 1.7GB
>>> VM name: 27110@combeferre.inf.ed.ac.uk
>>> Local node [ID=C4341D89-7951-4DCA-9A9E-0AFFC2219760, order=256, clientMode=true]
>>> Local node addresses: [combeferre.inf.ed.ac.uk/0:0:0:0:0:0:0:1%lo, /127.0.0.1, /129.215.3.58]
>>> Local ports: TCP:11211 TCP:47100 UDP:47400 TCP:48100 

[19:13:03,584][INFO][main][GridDiscoveryManager] Topology snapshot [ver=256, servers=2, clients=2, CPUs=12, heap=5.4GB]
[19:13:03,629][INFO][exchange-worker-#44%null%][GridCacheProcessor] Started cache [name=words, mode=PARTITIONED]
[19:13:03,665][INFO][main][GridTcpRestProtocol] Command protocol successfully stopped: TCP binary
[19:13:03,676][INFO][main][GridCacheProcessor] Stopped cache: ignite-marshaller-sys-cache
[19:13:03,676][INFO][main][GridCacheProcessor] Stopped cache: ignite-sys-cache
[19:13:03,676][INFO][main][GridCacheProcessor] Stopped cache: ignite-atomics-sys-cache
[19:13:03,676][INFO][main][GridCacheProcessor] Stopped cache: words
[19:13:03,682][INFO][main][GridDeploymentLocalStore] Removed undeployed class: GridDeployment [ts=1478632383492, depMode=SHARED, clsLdr=sun.misc.Launcher$AppClassLoader@4dc63996, clsLdrId=a599b554851-c4341d89-7951-4dca-9a9e-0affc2219760, userVer=0, loc=true, sampleClsName=org.apache.ignite.internal.processors.cache.distributed.dht.preloader.GridDhtPartitionFullMap, pendingUndeploy=false, undeployed=true, usage=0]
[19:13:03,689][INFO][main][IgniteKernal] 

>>> +---------------------------------------------------------------------------------+
>>> Ignite ver. 1.7.0#20160801-sha1:383273e3f66f702de2482466dce954d570a8ccf2 stopped OK
>>> +---------------------------------------------------------------------------------+
>>> Grid uptime: 00:00:00:111


