[14:28:22,646][INFO][main][IgniteKernal] 

>>>    __________  ________________  
>>>   /  _/ ___/ |/ /  _/_  __/ __/  
>>>  _/ // (7 7    // /  / / / _/    
>>> /___/\___/_/|_/___/ /_/ /___/   
>>> 
>>> ver. 1.7.0#20160801-sha1:383273e3
>>> 2016 Copyright(C) Apache Software Foundation
>>> 
>>> Ignite documentation: http://ignite.apache.org

[14:28:22,648][INFO][main][IgniteKernal] Config URL: file:/afs/inf.ed.ac.uk/user/s16/s1626297/Desktop/ds/apache-ignite-fabric-1.7.0-bin/examples/config/example-ignite-no-discovery.xml
[14:28:22,648][INFO][main][IgniteKernal] Daemon mode: off
[14:28:22,649][INFO][main][IgniteKernal] OS: Linux 3.10.0-327.36.3.el7.x86_64 amd64
[14:28:22,649][INFO][main][IgniteKernal] OS user: s1626297
[14:28:22,649][INFO][main][IgniteKernal] Language runtime: Java Platform API Specification ver. 1.8
[14:28:22,649][INFO][main][IgniteKernal] VM information: Java(TM) SE Runtime Environment 1.8.0_91-b14 Oracle Corporation Java HotSpot(TM) 64-Bit Server VM 25.91-b14
[14:28:22,652][INFO][main][IgniteKernal] VM total memory: 3.5GB
[14:28:22,652][INFO][main][IgniteKernal] Remote Management [restart: off, REST: on, JMX (remote: off)]
[14:28:22,652][INFO][main][IgniteKernal] IGNITE_HOME=/afs/inf.ed.ac.uk/user/s16/s1626297/Desktop/ds/apache-ignite-fabric-1.7.0-bin
[14:28:22,652][INFO][main][IgniteKernal] VM arguments: [-DIGNITE_HOME=/afs/inf.ed.ac.uk/user/s16/s1626297/Desktop/ds/apache-ignite-fabric-1.7.0-bin, -Didea.launcher.port=7532, -Didea.launcher.bin.path=/opt/idea-ce/bin, -Dfile.encoding=UTF-8]
[14:28:22,652][INFO][main][IgniteKernal] Configured caches ['ignite-marshaller-sys-cache', 'ignite-sys-cache', 'ignite-atomics-sys-cache']
[14:28:22,652][WARNING][main][IgniteKernal] Peer class loading is enabled (disable it in production for performance and deployment consistency reasons)
[14:28:22,664][INFO][main][IgniteKernal] 3-rd party licenses can be found at: /afs/inf.ed.ac.uk/user/s16/s1626297/Desktop/ds/apache-ignite-fabric-1.7.0-bin/libs/licenses
[14:28:22,669][WARNING][pub-#26%null%][GridDiagnostic] Initial heap size is 250MB (should be no less than 512MB, use -Xms512m -Xmx512m).
[14:28:22,740][INFO][main][IgniteKernal] Non-loopback local IPs: 129.215.2.16, fe80:0:0:0:4a0f:cfff:fe5c:a96f%em1
[14:28:22,741][INFO][main][IgniteKernal] Enabled local MACs: 480FCF5CA96F
[14:28:22,774][INFO][main][IgnitePluginProcessor] Configured plugins:
[14:28:22,774][INFO][main][IgnitePluginProcessor]   ^-- None
[14:28:22,775][INFO][main][IgnitePluginProcessor] 
[14:28:23,005][INFO][main][TcpCommunicationSpi] IPC shared memory server endpoint started [port=48101, tokDir=/afs/inf.ed.ac.uk/user/s16/s1626297/Desktop/ds/apache-ignite-fabric-1.7.0-bin/work/ipc/shmem/90992eed-a6b8-4ad8-82d5-ef43035371aa-17191]
[14:28:23,006][INFO][main][TcpCommunicationSpi] Successfully bound shared memory communication to TCP port [port=48101, locHost=0.0.0.0/0.0.0.0]
[14:28:23,046][INFO][main][TcpCommunicationSpi] Successfully bound to TCP port [port=47101, locHost=0.0.0.0/0.0.0.0]
[14:28:23,105][WARNING][main][NoopCheckpointSpi] Checkpoints are disabled (to enable configure any GridCheckpointSpi implementation)
[14:28:23,143][WARNING][main][GridCollisionManager] Collision resolution is disabled (all jobs will be activated upon arrival).
[14:28:23,148][WARNING][main][NoopSwapSpaceSpi] Swap space is disabled. To enable use FileSwapSpaceSpi.
[14:28:23,149][INFO][main][IgniteKernal] Security status [authentication=off, tls/ssl=off]
[14:28:23,530][WARNING][main][IgniteH2Indexing] Serialization of Java objects in H2 was enabled.
[14:28:23,638][INFO][main][GridTcpRestProtocol] Command protocol successfully started [name=TCP binary, host=0.0.0.0/0.0.0.0, port=11212]
[14:28:24,301][INFO][main][GridCacheProcessor] Started cache [name=ignite-sys-cache, mode=REPLICATED]
[14:28:24,316][INFO][main][GridCacheProcessor] Started cache [name=ignite-atomics-sys-cache, mode=PARTITIONED]
[14:28:24,342][INFO][main][GridCacheProcessor] Started cache [name=ignite-marshaller-sys-cache, mode=REPLICATED]
[14:28:24,567][INFO][main][IgniteKernal] Performance suggestions for grid  (fix if possible)
[14:28:24,567][INFO][main][IgniteKernal] To disable, set -DIGNITE_PERFORMANCE_SUGGESTIONS_DISABLED=true
[14:28:24,568][INFO][main][IgniteKernal]   ^-- Disable peer class loading (set 'peerClassLoadingEnabled' to false)
[14:28:24,568][INFO][main][IgniteKernal]   ^-- Disable grid events (remove 'includeEventTypes' from configuration)
[14:28:24,568][INFO][main][IgniteKernal] 
[14:28:24,568][INFO][main][IgniteKernal] To start Console Management & Monitoring run ignitevisorcmd.{sh|bat}
[14:28:24,568][INFO][main][IgniteKernal] 
[14:28:24,569][INFO][main][IgniteKernal] 

>>> +----------------------------------------------------------------------+
>>> Ignite ver. 1.7.0#20160801-sha1:383273e3f66f702de2482466dce954d570a8ccf2
>>> +----------------------------------------------------------------------+
>>> OS name: Linux 3.10.0-327.36.3.el7.x86_64 amd64
>>> CPU(s): 4
>>> Heap: 3.5GB
>>> VM name: 17191@lloyd.inf.ed.ac.uk
>>> Local node [ID=90992EED-A6B8-4AD8-82D5-EF43035371AA, order=22, clientMode=true]
>>> Local node addresses: [lloyd.inf.ed.ac.uk/0:0:0:0:0:0:0:1%lo, /127.0.0.1, /129.215.2.16]
>>> Local ports: TCP:11212 TCP:47101 TCP:48101 

[14:28:24,570][INFO][main][GridDiscoveryManager] Topology snapshot [ver=22, servers=1, clients=1, CPUs=4, heap=4.5GB]
[14:28:24,631][INFO][exchange-worker-#45%null%][GridCacheProcessor] Started cache [name=partB, mode=PARTITIONED]
[14:28:24,661][INFO][main][GridTcpRestProtocol] Command protocol successfully stopped: TCP binary
[14:28:24,676][INFO][main][GridCacheProcessor] Stopped cache: ignite-marshaller-sys-cache
[14:28:24,677][INFO][main][GridCacheProcessor] Stopped cache: ignite-sys-cache
[14:28:24,677][INFO][main][GridCacheProcessor] Stopped cache: ignite-atomics-sys-cache
[14:28:24,677][INFO][main][GridCacheProcessor] Stopped cache: partB
[14:28:24,679][INFO][main][GridDeploymentLocalStore] Removed undeployed class: GridDeployment [ts=1479047304484, depMode=SHARED, clsLdr=sun.misc.Launcher$AppClassLoader@4dc63996, clsLdrId=5f6c61e5851-90992eed-a6b8-4ad8-82d5-ef43035371aa, userVer=0, loc=true, sampleClsName=org.apache.ignite.internal.processors.cache.distributed.dht.preloader.GridDhtPartitionFullMap, pendingUndeploy=false, undeployed=true, usage=0]
[14:28:24,692][INFO][main][IgniteKernal] 

>>> +---------------------------------------------------------------------------------+
>>> Ignite ver. 1.7.0#20160801-sha1:383273e3f66f702de2482466dce954d570a8ccf2 stopped OK
>>> +---------------------------------------------------------------------------------+
>>> Grid uptime: 00:00:00:132


