[21:32:29,857][INFO][main][IgniteKernal] 

>>>    __________  ________________  
>>>   /  _/ ___/ |/ /  _/_  __/ __/  
>>>  _/ // (7 7    // /  / / / _/    
>>> /___/\___/_/|_/___/ /_/ /___/   
>>> 
>>> ver. 1.7.0#20160801-sha1:383273e3
>>> 2016 Copyright(C) Apache Software Foundation
>>> 
>>> Ignite documentation: http://ignite.apache.org

[21:32:29,859][INFO][main][IgniteKernal] Config URL: file:/afs/inf.ed.ac.uk/user/s16/s1626297/Desktop/ds/apache-ignite-fabric-1.7.0-bin/examples/config/example-ignite-no-discovery.xml
[21:32:29,859][INFO][main][IgniteKernal] Daemon mode: off
[21:32:29,859][INFO][main][IgniteKernal] OS: Linux 3.10.0-327.36.3.el7.x86_64 amd64
[21:32:29,859][INFO][main][IgniteKernal] OS user: s1626297
[21:32:29,860][INFO][main][IgniteKernal] Language runtime: Java Platform API Specification ver. 1.8
[21:32:29,860][INFO][main][IgniteKernal] VM information: Java(TM) SE Runtime Environment 1.8.0_91-b14 Oracle Corporation Java HotSpot(TM) 64-Bit Server VM 25.91-b14
[21:32:29,861][INFO][main][IgniteKernal] VM total memory: 1.7GB
[21:32:29,861][INFO][main][IgniteKernal] Remote Management [restart: off, REST: on, JMX (remote: off)]
[21:32:29,861][INFO][main][IgniteKernal] IGNITE_HOME=/afs/inf.ed.ac.uk/user/s16/s1626297/Desktop/ds/apache-ignite-fabric-1.7.0-bin
[21:32:29,862][INFO][main][IgniteKernal] VM arguments: [-DIGNITE_HOME=/afs/inf.ed.ac.uk/user/s16/s1626297/Desktop/ds/apache-ignite-fabric-1.7.0-bin, -Didea.launcher.port=7538, -Didea.launcher.bin.path=/opt/idea-ce/bin, -Dfile.encoding=UTF-8]
[21:32:29,862][INFO][main][IgniteKernal] Configured caches ['ignite-marshaller-sys-cache', 'ignite-sys-cache', 'ignite-atomics-sys-cache']
[21:32:29,862][WARNING][main][IgniteKernal] Peer class loading is enabled (disable it in production for performance and deployment consistency reasons)
[21:32:29,873][INFO][main][IgniteKernal] 3-rd party licenses can be found at: /afs/inf.ed.ac.uk/user/s16/s1626297/Desktop/ds/apache-ignite-fabric-1.7.0-bin/libs/licenses
[21:32:29,875][WARNING][pub-#26%null%][GridDiagnostic] Initial heap size is 124MB (should be no less than 512MB, use -Xms512m -Xmx512m).
[21:32:29,938][INFO][main][IgniteKernal] Non-loopback local IPs: 129.215.3.62, fe80:0:0:0:8a51:fbff:fe55:4f8e%em1
[21:32:29,938][INFO][main][IgniteKernal] Enabled local MACs: 8851FB554F8E
[21:32:29,954][INFO][main][IgnitePluginProcessor] Configured plugins:
[21:32:29,954][INFO][main][IgnitePluginProcessor]   ^-- None
[21:32:29,954][INFO][main][IgnitePluginProcessor] 
[21:32:30,160][INFO][main][TcpCommunicationSpi] IPC shared memory server endpoint started [port=48102, tokDir=/afs/inf.ed.ac.uk/user/s16/s1626297/Desktop/ds/apache-ignite-fabric-1.7.0-bin/work/ipc/shmem/e6117091-bc24-4ca7-a99b-d7763f70343a-3163]
[21:32:30,161][INFO][main][TcpCommunicationSpi] Successfully bound shared memory communication to TCP port [port=48102, locHost=0.0.0.0/0.0.0.0]
[21:32:30,182][INFO][main][TcpCommunicationSpi] Successfully bound to TCP port [port=47102, locHost=0.0.0.0/0.0.0.0]
[21:32:30,224][WARNING][main][NoopCheckpointSpi] Checkpoints are disabled (to enable configure any GridCheckpointSpi implementation)
[21:32:30,250][WARNING][main][GridCollisionManager] Collision resolution is disabled (all jobs will be activated upon arrival).
[21:32:30,253][WARNING][main][NoopSwapSpaceSpi] Swap space is disabled. To enable use FileSwapSpaceSpi.
[21:32:30,254][INFO][main][IgniteKernal] Security status [authentication=off, tls/ssl=off]
[21:32:30,500][WARNING][main][IgniteH2Indexing] Serialization of Java objects in H2 was enabled.
[21:32:30,554][INFO][main][GridTcpRestProtocol] Command protocol successfully started [name=TCP binary, host=0.0.0.0/0.0.0.0, port=11213]
[21:32:31,078][INFO][main][GridCacheProcessor] Started cache [name=ignite-sys-cache, mode=REPLICATED]
[21:32:31,090][INFO][main][GridCacheProcessor] Started cache [name=ignite-atomics-sys-cache, mode=PARTITIONED]
[21:32:31,114][INFO][main][GridCacheProcessor] Started cache [name=ignite-marshaller-sys-cache, mode=REPLICATED]
[21:32:31,381][INFO][main][IgniteKernal] Performance suggestions for grid  (fix if possible)
[21:32:31,381][INFO][main][IgniteKernal] To disable, set -DIGNITE_PERFORMANCE_SUGGESTIONS_DISABLED=true
[21:32:31,382][INFO][main][IgniteKernal]   ^-- Disable peer class loading (set 'peerClassLoadingEnabled' to false)
[21:32:31,382][INFO][main][IgniteKernal]   ^-- Disable grid events (remove 'includeEventTypes' from configuration)
[21:32:31,382][INFO][main][IgniteKernal] 
[21:32:31,382][INFO][main][IgniteKernal] To start Console Management & Monitoring run ignitevisorcmd.{sh|bat}
[21:32:31,382][INFO][main][IgniteKernal] 
[21:32:31,383][INFO][main][IgniteKernal] 

>>> +----------------------------------------------------------------------+
>>> Ignite ver. 1.7.0#20160801-sha1:383273e3f66f702de2482466dce954d570a8ccf2
>>> +----------------------------------------------------------------------+
>>> OS name: Linux 3.10.0-327.36.3.el7.x86_64 amd64
>>> CPU(s): 4
>>> Heap: 1.7GB
>>> VM name: 3163@parrot.inf.ed.ac.uk
>>> Local node [ID=E6117091-BC24-4CA7-A99B-D7763F70343A, order=67, clientMode=true]
>>> Local node addresses: [parrot.inf.ed.ac.uk/0:0:0:0:0:0:0:1%lo, /127.0.0.1, /129.215.3.62]
>>> Local ports: TCP:11213 TCP:47102 TCP:48102 

[21:32:31,384][INFO][main][GridDiscoveryManager] Topology snapshot [ver=67, servers=1, clients=2, CPUs=4, heap=4.4GB]
[21:32:31,447][INFO][exchange-worker-#45%null%][GridCacheProcessor] Started cache [name=partB, mode=PARTITIONED]
[21:32:32,144][INFO][main][GridDeploymentLocalStore] Class locally deployed: class partC.StreamTwo$1
[21:32:36,157][INFO][disco-event-worker-#42%null%][GridDiscoveryManager] Added new node to topology: TcpDiscoveryNode [id=8665dd3a-8686-4e41-a420-c87429e8ecfb, addrs=[0:0:0:0:0:0:0:1%lo, 127.0.0.1, 129.215.3.62], sockAddrs=[parrot.inf.ed.ac.uk/129.215.3.62:0, /0:0:0:0:0:0:0:1%lo:0, /127.0.0.1:0], discPort=0, order=68, intOrder=36, lastExchangeTime=1478899956145, loc=false, ver=1.7.0#20160801-sha1:383273e3, isClient=true]
[21:32:36,158][INFO][disco-event-worker-#42%null%][GridDiscoveryManager] Topology snapshot [ver=68, servers=1, clients=3, CPUs=4, heap=6.1GB]
[21:32:41,081][INFO][ignite-update-notifier-timer][GridUpdateNotifier] Your version is up to date.
[21:32:41,444][INFO][disco-event-worker-#42%null%][GridDiscoveryManager] Added new node to topology: TcpDiscoveryNode [id=e523d023-a2fb-4677-b691-b370073740df, addrs=[0:0:0:0:0:0:0:1%lo, 127.0.0.1, 129.215.3.62], sockAddrs=[parrot.inf.ed.ac.uk/129.215.3.62:0, /0:0:0:0:0:0:0:1%lo:0, /127.0.0.1:0], discPort=0, order=69, intOrder=37, lastExchangeTime=1478899961419, loc=false, ver=1.7.0#20160801-sha1:383273e3, isClient=true]
[21:32:41,444][INFO][disco-event-worker-#42%null%][GridDiscoveryManager] Topology snapshot [ver=69, servers=1, clients=4, CPUs=4, heap=7.8GB]
[21:33:31,387][INFO][grid-timeout-worker-#27%null%][IgniteKernal] 
Metrics for local node (to disable set 'metricsLogFrequency' to 0)
    ^-- Node [id=e6117091, name=null, uptime=00:01:00:017]
    ^-- H/N/C [hosts=1, nodes=5, CPUs=4]
    ^-- CPU [cur=23.23%, avg=16.81%, GC=0.13%]
    ^-- Heap [used=84MB, free=95.17%, comm=488MB]
    ^-- Non heap [used=40MB, free=-1%, comm=42MB]
    ^-- Public thread pool [active=0, idle=16, qSize=0]
    ^-- System thread pool [active=0, idle=16, qSize=0]
    ^-- Outbound messages queue [size=0]
[21:34:31,396][INFO][grid-timeout-worker-#27%null%][IgniteKernal] 
Metrics for local node (to disable set 'metricsLogFrequency' to 0)
    ^-- Node [id=e6117091, name=null, uptime=00:02:00:018]
    ^-- H/N/C [hosts=1, nodes=5, CPUs=4]
    ^-- CPU [cur=23.1%, avg=20.19%, GC=0.23%]
    ^-- Heap [used=225MB, free=87.1%, comm=608MB]
    ^-- Non heap [used=41MB, free=-1%, comm=42MB]
    ^-- Public thread pool [active=0, idle=16, qSize=0]
    ^-- System thread pool [active=0, idle=16, qSize=0]
    ^-- Outbound messages queue [size=0]
[21:35:31,392][INFO][grid-timeout-worker-#27%null%][IgniteKernal] 
Metrics for local node (to disable set 'metricsLogFrequency' to 0)
    ^-- Node [id=e6117091, name=null, uptime=00:03:00:023]
    ^-- H/N/C [hosts=1, nodes=5, CPUs=4]
    ^-- CPU [cur=21.93%, avg=20.83%, GC=0.33%]
    ^-- Heap [used=189MB, free=89.14%, comm=591MB]
    ^-- Non heap [used=42MB, free=-1%, comm=43MB]
    ^-- Public thread pool [active=0, idle=16, qSize=0]
    ^-- System thread pool [active=0, idle=16, qSize=0]
    ^-- Outbound messages queue [size=0]
[21:36:31,392][INFO][grid-timeout-worker-#27%null%][IgniteKernal] 
Metrics for local node (to disable set 'metricsLogFrequency' to 0)
    ^-- Node [id=e6117091, name=null, uptime=00:04:00:023]
    ^-- H/N/C [hosts=1, nodes=5, CPUs=4]
    ^-- CPU [cur=23%, avg=21.27%, GC=0.2%]
    ^-- Heap [used=533MB, free=69.49%, comm=645MB]
    ^-- Non heap [used=42MB, free=-1%, comm=43MB]
    ^-- Public thread pool [active=0, idle=16, qSize=0]
    ^-- System thread pool [active=0, idle=16, qSize=0]
    ^-- Outbound messages queue [size=0]
[21:37:31,396][INFO][grid-timeout-worker-#27%null%][IgniteKernal] 
Metrics for local node (to disable set 'metricsLogFrequency' to 0)
    ^-- Node [id=e6117091, name=null, uptime=00:05:00:024]
    ^-- H/N/C [hosts=1, nodes=5, CPUs=4]
    ^-- CPU [cur=22.9%, avg=21.6%, GC=0.33%]
    ^-- Heap [used=218MB, free=87.47%, comm=702MB]
    ^-- Non heap [used=42MB, free=-1%, comm=43MB]
    ^-- Public thread pool [active=0, idle=16, qSize=0]
    ^-- System thread pool [active=0, idle=16, qSize=0]
    ^-- Outbound messages queue [size=0]
[21:38:31,402][INFO][grid-timeout-worker-#27%null%][IgniteKernal] 
Metrics for local node (to disable set 'metricsLogFrequency' to 0)
    ^-- Node [id=e6117091, name=null, uptime=00:06:00:033]
    ^-- H/N/C [hosts=1, nodes=5, CPUs=4]
    ^-- CPU [cur=23.67%, avg=21.85%, GC=0.27%]
    ^-- Heap [used=258MB, free=85.24%, comm=573MB]
    ^-- Non heap [used=42MB, free=-1%, comm=43MB]
    ^-- Public thread pool [active=0, idle=16, qSize=0]
    ^-- System thread pool [active=0, idle=16, qSize=0]
    ^-- Outbound messages queue [size=0]
[21:39:31,407][INFO][grid-timeout-worker-#27%null%][IgniteKernal] 
Metrics for local node (to disable set 'metricsLogFrequency' to 0)
    ^-- Node [id=e6117091, name=null, uptime=00:07:00:037]
    ^-- H/N/C [hosts=1, nodes=5, CPUs=4]
    ^-- CPU [cur=21.73%, avg=21.97%, GC=0.27%]
    ^-- Heap [used=508MB, free=70.93%, comm=527MB]
    ^-- Non heap [used=43MB, free=-1%, comm=44MB]
    ^-- Public thread pool [active=0, idle=16, qSize=0]
    ^-- System thread pool [active=0, idle=16, qSize=0]
    ^-- Outbound messages queue [size=0]
[21:40:31,411][INFO][grid-timeout-worker-#27%null%][IgniteKernal] 
Metrics for local node (to disable set 'metricsLogFrequency' to 0)
    ^-- Node [id=e6117091, name=null, uptime=00:08:00:037]
    ^-- H/N/C [hosts=1, nodes=5, CPUs=4]
    ^-- CPU [cur=23.33%, avg=22.12%, GC=0.3%]
    ^-- Heap [used=450MB, free=74.25%, comm=689MB]
    ^-- Non heap [used=43MB, free=-1%, comm=44MB]
    ^-- Public thread pool [active=0, idle=16, qSize=0]
    ^-- System thread pool [active=0, idle=16, qSize=0]
    ^-- Outbound messages queue [size=0]
[21:41:31,415][INFO][grid-timeout-worker-#27%null%][IgniteKernal] 
Metrics for local node (to disable set 'metricsLogFrequency' to 0)
    ^-- Node [id=e6117091, name=null, uptime=00:09:00:043]
    ^-- H/N/C [hosts=1, nodes=5, CPUs=4]
    ^-- CPU [cur=23.6%, avg=22.27%, GC=0.27%]
    ^-- Heap [used=301MB, free=82.77%, comm=497MB]
    ^-- Non heap [used=43MB, free=-1%, comm=44MB]
    ^-- Public thread pool [active=0, idle=16, qSize=0]
    ^-- System thread pool [active=0, idle=16, qSize=0]
    ^-- Outbound messages queue [size=0]
[21:42:31,414][INFO][grid-timeout-worker-#27%null%][IgniteKernal] 
Metrics for local node (to disable set 'metricsLogFrequency' to 0)
    ^-- Node [id=e6117091, name=null, uptime=00:10:00:043]
    ^-- H/N/C [hosts=1, nodes=5, CPUs=4]
    ^-- CPU [cur=18.6%, avg=22.23%, GC=0.17%]
    ^-- Heap [used=103MB, free=94.1%, comm=531MB]
    ^-- Non heap [used=43MB, free=-1%, comm=44MB]
    ^-- Public thread pool [active=0, idle=16, qSize=0]
    ^-- System thread pool [active=0, idle=16, qSize=0]
    ^-- Outbound messages queue [size=0]
[21:43:31,421][INFO][grid-timeout-worker-#27%null%][IgniteKernal] 
Metrics for local node (to disable set 'metricsLogFrequency' to 0)
    ^-- Node [id=e6117091, name=null, uptime=00:11:00:052]
    ^-- H/N/C [hosts=1, nodes=5, CPUs=4]
    ^-- CPU [cur=22.9%, avg=22.28%, GC=0.1%]
    ^-- Heap [used=340MB, free=80.53%, comm=750MB]
    ^-- Non heap [used=43MB, free=-1%, comm=44MB]
    ^-- Public thread pool [active=0, idle=16, qSize=0]
    ^-- System thread pool [active=0, idle=16, qSize=0]
    ^-- Outbound messages queue [size=0]
[21:43:42,824][INFO][disco-event-worker-#42%null%][GridDiscoveryManager] Node left topology: TcpDiscoveryNode [id=8665dd3a-8686-4e41-a420-c87429e8ecfb, addrs=[0:0:0:0:0:0:0:1%lo, 127.0.0.1, 129.215.3.62], sockAddrs=[parrot.inf.ed.ac.uk/129.215.3.62:0, /0:0:0:0:0:0:0:1%lo:0, /127.0.0.1:0], discPort=0, order=68, intOrder=36, lastExchangeTime=1478899956145, loc=false, ver=1.7.0#20160801-sha1:383273e3, isClient=true]
[21:43:42,824][INFO][disco-event-worker-#42%null%][GridDiscoveryManager] Topology snapshot [ver=70, servers=1, clients=3, CPUs=4, heap=6.1GB]
[21:43:48,897][INFO][disco-event-worker-#42%null%][GridDiscoveryManager] Node left topology: TcpDiscoveryNode [id=e523d023-a2fb-4677-b691-b370073740df, addrs=[0:0:0:0:0:0:0:1%lo, 127.0.0.1, 129.215.3.62], sockAddrs=[parrot.inf.ed.ac.uk/129.215.3.62:0, /0:0:0:0:0:0:0:1%lo:0, /127.0.0.1:0], discPort=0, order=69, intOrder=37, lastExchangeTime=1478899961419, loc=false, ver=1.7.0#20160801-sha1:383273e3, isClient=true]
[21:43:48,898][INFO][disco-event-worker-#42%null%][GridDiscoveryManager] Topology snapshot [ver=71, servers=1, clients=2, CPUs=4, heap=4.4GB]
