[21:04:53,894][INFO][main][IgniteKernal] 

>>>    __________  ________________  
>>>   /  _/ ___/ |/ /  _/_  __/ __/  
>>>  _/ // (7 7    // /  / / / _/    
>>> /___/\___/_/|_/___/ /_/ /___/   
>>> 
>>> ver. 1.7.0#20160801-sha1:383273e3
>>> 2016 Copyright(C) Apache Software Foundation
>>> 
>>> Ignite documentation: http://ignite.apache.org

[21:04:53,897][INFO][main][IgniteKernal] Config URL: file:/afs/inf.ed.ac.uk/user/s16/s1626297/Desktop/ds/apache-ignite-fabric-1.7.0-bin/examples/config/example-ignite-no-discovery.xml
[21:04:53,897][INFO][main][IgniteKernal] Daemon mode: off
[21:04:53,900][INFO][main][IgniteKernal] OS: Linux 3.10.0-327.36.3.el7.x86_64 amd64
[21:04:53,901][INFO][main][IgniteKernal] OS user: s1626297
[21:04:53,902][INFO][main][IgniteKernal] Language runtime: Java Platform API Specification ver. 1.8
[21:04:53,902][INFO][main][IgniteKernal] VM information: Java(TM) SE Runtime Environment 1.8.0_91-b14 Oracle Corporation Java HotSpot(TM) 64-Bit Server VM 25.91-b14
[21:04:53,907][INFO][main][IgniteKernal] VM total memory: 1.7GB
[21:04:53,910][INFO][main][IgniteKernal] Remote Management [restart: off, REST: on, JMX (remote: off)]
[21:04:53,910][INFO][main][IgniteKernal] IGNITE_HOME=/afs/inf.ed.ac.uk/user/s16/s1626297/Desktop/ds/apache-ignite-fabric-1.7.0-bin
[21:04:53,912][INFO][main][IgniteKernal] VM arguments: [-DIGNITE_HOME=/afs/inf.ed.ac.uk/user/s16/s1626297/Desktop/ds/apache-ignite-fabric-1.7.0-bin, -Didea.launcher.port=7534, -Didea.launcher.bin.path=/opt/idea-ce/bin, -Dfile.encoding=UTF-8]
[21:04:53,914][INFO][main][IgniteKernal] Configured caches ['ignite-marshaller-sys-cache', 'ignite-sys-cache', 'ignite-atomics-sys-cache']
[21:04:53,914][WARNING][main][IgniteKernal] Peer class loading is enabled (disable it in production for performance and deployment consistency reasons)
[21:04:53,938][INFO][main][IgniteKernal] 3-rd party licenses can be found at: /afs/inf.ed.ac.uk/user/s16/s1626297/Desktop/ds/apache-ignite-fabric-1.7.0-bin/libs/licenses
[21:04:53,985][WARNING][pub-#26%null%][GridDiagnostic] Initial heap size is 124MB (should be no less than 512MB, use -Xms512m -Xmx512m).
[21:04:54,132][INFO][main][IgniteKernal] Non-loopback local IPs: 129.215.3.32, fe80:0:0:0:a2d3:c1ff:fe0f:8a89%em1
[21:04:54,132][INFO][main][IgniteKernal] Enabled local MACs: A0D3C10F8A89
[21:04:54,150][INFO][main][IgnitePluginProcessor] Configured plugins:
[21:04:54,150][INFO][main][IgnitePluginProcessor]   ^-- None
[21:04:54,151][INFO][main][IgnitePluginProcessor] 
[21:04:54,368][INFO][main][TcpCommunicationSpi] IPC shared memory server endpoint started [port=48102, tokDir=/afs/inf.ed.ac.uk/user/s16/s1626297/Desktop/ds/apache-ignite-fabric-1.7.0-bin/work/ipc/shmem/beba22b7-3a8a-4c2e-a778-51a4011dda9e-31178]
[21:04:54,368][INFO][main][TcpCommunicationSpi] Successfully bound shared memory communication to TCP port [port=48102, locHost=0.0.0.0/0.0.0.0]
[21:04:54,396][INFO][main][TcpCommunicationSpi] Successfully bound to TCP port [port=47102, locHost=0.0.0.0/0.0.0.0]
[21:04:54,486][WARNING][main][NoopCheckpointSpi] Checkpoints are disabled (to enable configure any GridCheckpointSpi implementation)
[21:04:54,572][WARNING][main][GridCollisionManager] Collision resolution is disabled (all jobs will be activated upon arrival).
[21:04:54,575][WARNING][main][NoopSwapSpaceSpi] Swap space is disabled. To enable use FileSwapSpaceSpi.
[21:04:54,576][INFO][main][IgniteKernal] Security status [authentication=off, tls/ssl=off]
[21:04:55,065][WARNING][main][IgniteH2Indexing] Serialization of Java objects in H2 was enabled.
[21:04:55,138][INFO][main][GridTcpRestProtocol] Command protocol successfully started [name=TCP binary, host=0.0.0.0/0.0.0.0, port=11213]
[21:04:56,514][INFO][main][GridCacheProcessor] Started cache [name=ignite-sys-cache, mode=REPLICATED]
[21:04:56,532][INFO][main][GridCacheProcessor] Started cache [name=ignite-atomics-sys-cache, mode=PARTITIONED]
[21:04:56,561][INFO][main][GridCacheProcessor] Started cache [name=ignite-marshaller-sys-cache, mode=REPLICATED]
[21:04:57,043][INFO][main][IgniteKernal] Performance suggestions for grid  (fix if possible)
[21:04:57,043][INFO][main][IgniteKernal] To disable, set -DIGNITE_PERFORMANCE_SUGGESTIONS_DISABLED=true
[21:04:57,043][INFO][main][IgniteKernal]   ^-- Disable peer class loading (set 'peerClassLoadingEnabled' to false)
[21:04:57,044][INFO][main][IgniteKernal]   ^-- Disable grid events (remove 'includeEventTypes' from configuration)
[21:04:57,044][INFO][main][IgniteKernal] 
[21:04:57,044][INFO][main][IgniteKernal] To start Console Management & Monitoring run ignitevisorcmd.{sh|bat}
[21:04:57,044][INFO][main][IgniteKernal] 
[21:04:57,045][INFO][main][IgniteKernal] 

>>> +----------------------------------------------------------------------+
>>> Ignite ver. 1.7.0#20160801-sha1:383273e3f66f702de2482466dce954d570a8ccf2
>>> +----------------------------------------------------------------------+
>>> OS name: Linux 3.10.0-327.36.3.el7.x86_64 amd64
>>> CPU(s): 4
>>> Heap: 1.7GB
>>> VM name: 31178@lodi.inf.ed.ac.uk
>>> Local node [ID=BEBA22B7-3A8A-4C2E-A778-51A4011DDA9E, order=7, clientMode=true]
>>> Local node addresses: [lodi.inf.ed.ac.uk/0:0:0:0:0:0:0:1%lo, /127.0.0.1, /129.215.3.32]
>>> Local ports: TCP:11213 TCP:47102 TCP:48102 

[21:04:57,046][INFO][main][GridDiscoveryManager] Topology snapshot [ver=7, servers=1, clients=2, CPUs=4, heap=4.4GB]
[21:04:57,585][INFO][exchange-worker-#45%null%][GridCacheProcessor] Started cache [name=words, mode=PARTITIONED]
[21:04:57,670][INFO][main][GridTcpRestProtocol] Command protocol successfully stopped: TCP binary
[21:04:57,731][INFO][main][GridCacheProcessor] Stopped cache: ignite-marshaller-sys-cache
[21:04:57,731][INFO][main][GridCacheProcessor] Stopped cache: ignite-sys-cache
[21:04:57,731][INFO][main][GridCacheProcessor] Stopped cache: ignite-atomics-sys-cache
[21:04:57,731][INFO][main][GridCacheProcessor] Stopped cache: words
[21:04:57,733][INFO][main][GridDeploymentLocalStore] Removed undeployed class: GridDeployment [ts=1478811896786, depMode=SHARED, clsLdr=sun.misc.Launcher$AppClassLoader@4dc63996, clsLdrId=9d6be005851-beba22b7-3a8a-4c2e-a778-51a4011dda9e, userVer=0, loc=true, sampleClsName=org.apache.ignite.internal.processors.cache.distributed.dht.preloader.GridDhtPartitionFullMap, pendingUndeploy=false, undeployed=true, usage=0]
[21:04:57,760][INFO][main][IgniteKernal] 

>>> +---------------------------------------------------------------------------------+
>>> Ignite ver. 1.7.0#20160801-sha1:383273e3f66f702de2482466dce954d570a8ccf2 stopped OK
>>> +---------------------------------------------------------------------------------+
>>> Grid uptime: 00:00:00:721


